2020-08-14T12:22:22+09:00 - DEBUG Constructed a winston logger with the specified targets:
	{"consolelogger":{"target":"console","level":"info"},"filelogger":{"target":"daily-rotate-file","level":"debug","filename":"log/caliper-%DATE%.log","datePattern":"YYYY-MM-DD-HH","maxSize":"5m","zippedArchive":true}}

2020-08-14T12:22:23+09:00 - INFO [caliper-flow]: ####### Caliper Test ####### 

2020-08-14T12:22:23+09:00 - INFO [caliper-utils]: Executing command: cd /home/oslab/caliper_v0.1.0/caliper/packages/caliper-samples;docker-compose -f network/fabric-v1.4.1/kafka2o2pgoleveldb/docker-compose.yaml up -d;sleep 3s 

2020-08-14T12:22:46+09:00 - INFO [adapters/fabric]: Fabric SDK version: 1.4.4; TLS: none 

2020-08-14T12:22:46+09:00 - INFO [adapters/fabric]: Org1's registrar enrolled successfully 

2020-08-14T12:22:46+09:00 - INFO [adapters/fabric]: Org2's registrar enrolled successfully 

2020-08-14T12:22:46+09:00 - INFO [adapters/fabric]: Org1's admin's materials are successfully loaded 

2020-08-14T12:22:46+09:00 - INFO [adapters/fabric]: Org2's admin's materials are successfully loaded 

2020-08-14T12:22:46+09:00 - INFO [adapters/fabric]: client0.org1.example.com's materials are successfully loaded 

2020-08-14T12:22:46+09:00 - INFO [adapters/fabric]: client0.org2.example.com's materials are successfully loaded 

2020-08-14T12:22:46+09:00 - INFO [adapters/fabric]: Channel 'mychannel' definiton being retrieved from file 

2020-08-14T12:22:46+09:00 - INFO [adapters/fabric]: Channel 'mychannel' successfully created 

2020-08-14T12:22:46+09:00 - INFO [adapters/fabric]: Sleeping 5s... 

2020-08-14T12:22:52+09:00 - INFO [adapters/fabric]: Org1's peers successfully joined mychannel: peer0.org1.example.com,peer1.org1.example.com 

2020-08-14T12:22:52+09:00 - INFO [adapters/fabric]: Org2's peers successfully joined mychannel: peer0.org2.example.com,peer1.org2.example.com 

2020-08-14T12:22:52+09:00 - INFO [adapters/fabric]: Sleeping 5s... 

2020-08-14T12:22:57+09:00 - INFO [adapters/fabric]: Installing chaincodes for mychannel... 

2020-08-14T12:22:57+09:00 - INFO [adapters/fabric]: marbles@v0 successfully installed on Org1's peers: peer0.org1.example.com,peer1.org1.example.com 

2020-08-14T12:22:57+09:00 - INFO [adapters/fabric]: marbles@v0 successfully installed on Org2's peers: peer0.org2.example.com,peer1.org2.example.com 

2020-08-14T12:22:57+09:00 - INFO [adapters/fabric]: drm@v0 successfully installed on Org1's peers: peer0.org1.example.com,peer1.org1.example.com 

2020-08-14T12:22:57+09:00 - INFO [adapters/fabric]: drm@v0 successfully installed on Org2's peers: peer0.org2.example.com,peer1.org2.example.com 

2020-08-14T12:22:57+09:00 - INFO [adapters/fabric]: simple@v0 successfully installed on Org1's peers: peer0.org1.example.com,peer1.org1.example.com 

2020-08-14T12:22:57+09:00 - INFO [adapters/fabric]: simple@v0 successfully installed on Org2's peers: peer0.org2.example.com,peer1.org2.example.com 

2020-08-14T12:22:57+09:00 - INFO [adapters/fabric]: smallbank@v0 successfully installed on Org1's peers: peer0.org1.example.com,peer1.org1.example.com 

2020-08-14T12:22:57+09:00 - INFO [adapters/fabric]: smallbank@v0 successfully installed on Org2's peers: peer0.org2.example.com,peer1.org2.example.com 

2020-08-14T12:22:57+09:00 - INFO [adapters/fabric]: Instantiating marbles@v0 in mychannel. This might take some time... 

2020-08-14T12:23:15+09:00 - INFO [adapters/fabric]: Successfully instantiated marbles@v0 in mychannel 

2020-08-14T12:23:15+09:00 - INFO [adapters/fabric]: Instantiating drm@v0 in mychannel. This might take some time... 

2020-08-14T12:23:32+09:00 - INFO [adapters/fabric]: Successfully instantiated drm@v0 in mychannel 

2020-08-14T12:23:32+09:00 - INFO [adapters/fabric]: Instantiating simple@v0 in mychannel. This might take some time... 

2020-08-14T12:23:48+09:00 - INFO [adapters/fabric]: Successfully instantiated simple@v0 in mychannel 

2020-08-14T12:23:48+09:00 - INFO [adapters/fabric]: Instantiating smallbank@v0 in mychannel. This might take some time... 

2020-08-14T12:24:06+09:00 - INFO [adapters/fabric]: Successfully instantiated smallbank@v0 in mychannel 

2020-08-14T12:24:06+09:00 - INFO [adapters/fabric]: Sleeping 5s... 

2020-08-14T12:24:11+09:00 - INFO [caliper-flow]: Started monitor successfully 

2020-08-14T12:24:11+09:00 - INFO [defaultTest]: ####### Testing 'smallOperations' ####### 

2020-08-14T12:24:11+09:00 - INFO [defaultTest]: ------ Test round 1 ------ 

2020-08-14T12:24:11+09:00 - INFO [client-util.js]: Launching client with PID  9454 

2020-08-14T12:24:11+09:00 - INFO [client-util.js]: Launching client with PID  9459 

2020-08-14T12:24:11+09:00 - INFO [client-util.js]: Launching client with PID  9465 

2020-08-14T12:24:11+09:00 - INFO [client-util.js]: Launching client with PID  9471 

2020-08-14T12:24:11+09:00 - INFO [client-util.js]: Launching client with PID  9477 

2020-08-14T12:24:11+09:00 - INFO [client-util.js]: Launching client with PID  9483 

2020-08-14T12:24:11+09:00 - INFO [client-util.js]: Launching client with PID  9489 

2020-08-14T12:24:11+09:00 - INFO [client-util.js]: Launching client with PID  9496 

2020-08-14T12:24:11+09:00 - INFO [client-util.js]: Launching client with PID  9501 

2020-08-14T12:24:11+09:00 - INFO [client-util.js]: Launching client with PID  9511 

2020-08-14T12:24:11+09:00 - INFO [client-util.js]: Waiting for 10 clients to be ready...  

2020-08-14T12:24:12+09:00 - INFO [demo.js]: [Transaction Info] - Submitted: 0 Succ: 0 Fail:0 Unfinished:0 

2020-08-14T12:24:12+09:00 - DEBUG Constructed a winston logger with the specified targets:
	{"consolelogger":{"target":"console","level":"info"},"filelogger":{"target":"daily-rotate-file","level":"debug","filename":"log/caliper-%DATE%.log","datePattern":"YYYY-MM-DD-HH","maxSize":"5m","zippedArchive":true}}

2020-08-14T12:24:12+09:00 - DEBUG Constructed a winston logger with the specified targets:
	{"consolelogger":{"target":"console","level":"info"},"filelogger":{"target":"daily-rotate-file","level":"debug","filename":"log/caliper-%DATE%.log","datePattern":"YYYY-MM-DD-HH","maxSize":"5m","zippedArchive":true}}

2020-08-14T12:24:12+09:00 - DEBUG Constructed a winston logger with the specified targets:
	{"consolelogger":{"target":"console","level":"info"},"filelogger":{"target":"daily-rotate-file","level":"debug","filename":"log/caliper-%DATE%.log","datePattern":"YYYY-MM-DD-HH","maxSize":"5m","zippedArchive":true}}

2020-08-14T12:24:12+09:00 - DEBUG Constructed a winston logger with the specified targets:
	{"consolelogger":{"target":"console","level":"info"},"filelogger":{"target":"daily-rotate-file","level":"debug","filename":"log/caliper-%DATE%.log","datePattern":"YYYY-MM-DD-HH","maxSize":"5m","zippedArchive":true}}

2020-08-14T12:24:12+09:00 - DEBUG Constructed a winston logger with the specified targets:
	{"consolelogger":{"target":"console","level":"info"},"filelogger":{"target":"daily-rotate-file","level":"debug","filename":"log/caliper-%DATE%.log","datePattern":"YYYY-MM-DD-HH","maxSize":"5m","zippedArchive":true}}

2020-08-14T12:24:12+09:00 - DEBUG Constructed a winston logger with the specified targets:
	{"consolelogger":{"target":"console","level":"info"},"filelogger":{"target":"daily-rotate-file","level":"debug","filename":"log/caliper-%DATE%.log","datePattern":"YYYY-MM-DD-HH","maxSize":"5m","zippedArchive":true}}

2020-08-14T12:24:12+09:00 - DEBUG Constructed a winston logger with the specified targets:
	{"consolelogger":{"target":"console","level":"info"},"filelogger":{"target":"daily-rotate-file","level":"debug","filename":"log/caliper-%DATE%.log","datePattern":"YYYY-MM-DD-HH","maxSize":"5m","zippedArchive":true}}

2020-08-14T12:24:12+09:00 - DEBUG Constructed a winston logger with the specified targets:
	{"consolelogger":{"target":"console","level":"info"},"filelogger":{"target":"daily-rotate-file","level":"debug","filename":"log/caliper-%DATE%.log","datePattern":"YYYY-MM-DD-HH","maxSize":"5m","zippedArchive":true}}

2020-08-14T12:24:12+09:00 - DEBUG Constructed a winston logger with the specified targets:
	{"consolelogger":{"target":"console","level":"info"},"filelogger":{"target":"daily-rotate-file","level":"debug","filename":"log/caliper-%DATE%.log","datePattern":"YYYY-MM-DD-HH","maxSize":"5m","zippedArchive":true}}

2020-08-14T12:24:12+09:00 - DEBUG Constructed a winston logger with the specified targets:
	{"consolelogger":{"target":"console","level":"info"},"filelogger":{"target":"daily-rotate-file","level":"debug","filename":"log/caliper-%DATE%.log","datePattern":"YYYY-MM-DD-HH","maxSize":"5m","zippedArchive":true}}

2020-08-14T12:24:13+09:00 - INFO [client-util.js]: Client ready message recieved 

2020-08-14T12:24:13+09:00 - INFO [fabric/fabricClientWorker]: Client ready 

2020-08-14T12:24:13+09:00 - INFO [client-util.js]: Client ready message recieved 

2020-08-14T12:24:13+09:00 - INFO [fabric/fabricClientWorker]: Client ready 

2020-08-14T12:24:13+09:00 - INFO [fabric/fabricClientWorker]: Client ready 

2020-08-14T12:24:13+09:00 - INFO [client-util.js]: Client ready message recieved 

2020-08-14T12:24:13+09:00 - INFO [client-util.js]: Client ready message recieved 

2020-08-14T12:24:13+09:00 - INFO [fabric/fabricClientWorker]: Client ready 

2020-08-14T12:24:13+09:00 - INFO [client-util.js]: Client ready message recieved 

2020-08-14T12:24:13+09:00 - INFO [fabric/fabricClientWorker]: Client ready 

2020-08-14T12:24:13+09:00 - INFO [client-util.js]: Client ready message recieved 

2020-08-14T12:24:13+09:00 - INFO [fabric/fabricClientWorker]: Client ready 

2020-08-14T12:24:13+09:00 - INFO [client-util.js]: Client ready message recieved 

2020-08-14T12:24:13+09:00 - INFO [fabric/fabricClientWorker]: Client ready 

2020-08-14T12:24:13+09:00 - INFO [client-util.js]: Client ready message recieved 

2020-08-14T12:24:13+09:00 - INFO [fabric/fabricClientWorker]: Client ready 

2020-08-14T12:24:13+09:00 - INFO [client-util.js]: Client ready message recieved 

2020-08-14T12:24:13+09:00 - INFO [fabric/fabricClientWorker]: Client ready 

2020-08-14T12:24:13+09:00 - INFO [client-util.js]: Client ready message recieved 

2020-08-14T12:24:13+09:00 - INFO [client-util.js]: 10 clients ready, starting test phase 

2020-08-14T12:24:13+09:00 - INFO [fabric/fabricClientWorker]: Client ready 

2020-08-14T12:24:13+09:00 - DEBUG [local-client.js]: doTest() with:
	{"type":"test","label":"smallOperations","rateControl":{"type":"fixed-rate","opts":{"tps":10000}},"trim":0,"args":{"accounts":400,"txnPerBatch":1},"cb":"benchmark/smallbank/smallbankOperations.js","config":"/home/oslab/caliper_v0.1.0/caliper/packages/caliper-samples/network/fabric-v1.4.1/kafka2o2pgoleveldb/fabric-go.yaml","root":"/home/oslab/caliper_v0.1.0/caliper/packages/caliper-samples","numb":1000,"roundIdx":1,"totalClients":10,"clients":10,"clientargs":{},"clientIdx":6}

2020-08-14T12:24:13+09:00 - DEBUG [local-client.js]: doTest() with:
	{"type":"test","label":"smallOperations","rateControl":{"type":"fixed-rate","opts":{"tps":10000}},"trim":0,"args":{"accounts":400,"txnPerBatch":1},"cb":"benchmark/smallbank/smallbankOperations.js","config":"/home/oslab/caliper_v0.1.0/caliper/packages/caliper-samples/network/fabric-v1.4.1/kafka2o2pgoleveldb/fabric-go.yaml","root":"/home/oslab/caliper_v0.1.0/caliper/packages/caliper-samples","numb":1000,"roundIdx":1,"totalClients":10,"clients":10,"clientargs":{},"clientIdx":3}

2020-08-14T12:24:13+09:00 - DEBUG [local-client.js]: doTest() with:
	{"type":"test","label":"smallOperations","rateControl":{"type":"fixed-rate","opts":{"tps":10000}},"trim":0,"args":{"accounts":400,"txnPerBatch":1},"cb":"benchmark/smallbank/smallbankOperations.js","config":"/home/oslab/caliper_v0.1.0/caliper/packages/caliper-samples/network/fabric-v1.4.1/kafka2o2pgoleveldb/fabric-go.yaml","root":"/home/oslab/caliper_v0.1.0/caliper/packages/caliper-samples","numb":1000,"roundIdx":1,"totalClients":10,"clients":10,"clientargs":{},"clientIdx":0}

2020-08-14T12:24:13+09:00 - DEBUG [local-client.js]: doTest() with:
	{"type":"test","label":"smallOperations","rateControl":{"type":"fixed-rate","opts":{"tps":10000}},"trim":0,"args":{"accounts":400,"txnPerBatch":1},"cb":"benchmark/smallbank/smallbankOperations.js","config":"/home/oslab/caliper_v0.1.0/caliper/packages/caliper-samples/network/fabric-v1.4.1/kafka2o2pgoleveldb/fabric-go.yaml","root":"/home/oslab/caliper_v0.1.0/caliper/packages/caliper-samples","numb":1000,"roundIdx":1,"totalClients":10,"clients":10,"clientargs":{},"clientIdx":1}

2020-08-14T12:24:13+09:00 - DEBUG [local-client.js]: doTest() with:
	{"type":"test","label":"smallOperations","rateControl":{"type":"fixed-rate","opts":{"tps":10000}},"trim":0,"args":{"accounts":400,"txnPerBatch":1},"cb":"benchmark/smallbank/smallbankOperations.js","config":"/home/oslab/caliper_v0.1.0/caliper/packages/caliper-samples/network/fabric-v1.4.1/kafka2o2pgoleveldb/fabric-go.yaml","root":"/home/oslab/caliper_v0.1.0/caliper/packages/caliper-samples","numb":1000,"roundIdx":1,"totalClients":10,"clients":10,"clientargs":{},"clientIdx":7}

2020-08-14T12:24:13+09:00 - DEBUG [local-client.js]: doTest() with:
	{"type":"test","label":"smallOperations","rateControl":{"type":"fixed-rate","opts":{"tps":10000}},"trim":0,"args":{"accounts":400,"txnPerBatch":1},"cb":"benchmark/smallbank/smallbankOperations.js","config":"/home/oslab/caliper_v0.1.0/caliper/packages/caliper-samples/network/fabric-v1.4.1/kafka2o2pgoleveldb/fabric-go.yaml","root":"/home/oslab/caliper_v0.1.0/caliper/packages/caliper-samples","numb":1000,"roundIdx":1,"totalClients":10,"clients":10,"clientargs":{},"clientIdx":8}

2020-08-14T12:24:13+09:00 - DEBUG [local-client.js]: doTest() with:
	{"type":"test","label":"smallOperations","rateControl":{"type":"fixed-rate","opts":{"tps":10000}},"trim":0,"args":{"accounts":400,"txnPerBatch":1},"cb":"benchmark/smallbank/smallbankOperations.js","config":"/home/oslab/caliper_v0.1.0/caliper/packages/caliper-samples/network/fabric-v1.4.1/kafka2o2pgoleveldb/fabric-go.yaml","root":"/home/oslab/caliper_v0.1.0/caliper/packages/caliper-samples","numb":1000,"roundIdx":1,"totalClients":10,"clients":10,"clientargs":{},"clientIdx":4}

2020-08-14T12:24:13+09:00 - DEBUG [local-client.js]: doTest() with:
	{"type":"test","label":"smallOperations","rateControl":{"type":"fixed-rate","opts":{"tps":10000}},"trim":0,"args":{"accounts":400,"txnPerBatch":1},"cb":"benchmark/smallbank/smallbankOperations.js","config":"/home/oslab/caliper_v0.1.0/caliper/packages/caliper-samples/network/fabric-v1.4.1/kafka2o2pgoleveldb/fabric-go.yaml","root":"/home/oslab/caliper_v0.1.0/caliper/packages/caliper-samples","numb":1000,"roundIdx":1,"totalClients":10,"clients":10,"clientargs":{},"clientIdx":2}

2020-08-14T12:24:13+09:00 - DEBUG [local-client.js]: doTest() with:
	{"type":"test","label":"smallOperations","rateControl":{"type":"fixed-rate","opts":{"tps":10000}},"trim":0,"args":{"accounts":400,"txnPerBatch":1},"cb":"benchmark/smallbank/smallbankOperations.js","config":"/home/oslab/caliper_v0.1.0/caliper/packages/caliper-samples/network/fabric-v1.4.1/kafka2o2pgoleveldb/fabric-go.yaml","root":"/home/oslab/caliper_v0.1.0/caliper/packages/caliper-samples","numb":1000,"roundIdx":1,"totalClients":10,"clients":10,"clientargs":{},"clientIdx":5}

2020-08-14T12:24:13+09:00 - DEBUG [local-client.js]: doTest() with:
	{"type":"test","label":"smallOperations","rateControl":{"type":"fixed-rate","opts":{"tps":10000}},"trim":0,"args":{"accounts":400,"txnPerBatch":1},"cb":"benchmark/smallbank/smallbankOperations.js","config":"/home/oslab/caliper_v0.1.0/caliper/packages/caliper-samples/network/fabric-v1.4.1/kafka2o2pgoleveldb/fabric-go.yaml","root":"/home/oslab/caliper_v0.1.0/caliper/packages/caliper-samples","numb":1000,"roundIdx":1,"totalClients":10,"clients":10,"clientargs":{},"clientIdx":9}

2020-08-14T12:24:13+09:00 - INFO [local-client.js]: txUpdateTime: 1000 

2020-08-14T12:24:13+09:00 - INFO [local-client.js]: txUpdateTime: 1000 

2020-08-14T12:24:13+09:00 - INFO [local-client.js]: txUpdateTime: 1000 

2020-08-14T12:24:13+09:00 - INFO [local-client.js]: txUpdateTime: 1000 

2020-08-14T12:24:13+09:00 - INFO [local-client.js]: txUpdateTime: 1000 

2020-08-14T12:24:13+09:00 - INFO [local-client.js]: txUpdateTime: 1000 

2020-08-14T12:24:13+09:00 - INFO [local-client.js]: txUpdateTime: 1000 

2020-08-14T12:24:13+09:00 - INFO [local-client.js]: txUpdateTime: 1000 

2020-08-14T12:24:13+09:00 - INFO [local-client.js]: txUpdateTime: 1000 

2020-08-14T12:24:13+09:00 - INFO [local-client.js]: txUpdateTime: 1000 

2020-08-14T12:24:13+09:00 - INFO [local-client.js]: Info: client 9483 start test runFixedNumber():small_bank_operations 

2020-08-14T12:24:13+09:00 - INFO [local-client.js]: Info: client 9511 start test runFixedNumber():small_bank_operations 

2020-08-14T12:24:13+09:00 - DEBUG [rateControl.js]: Creating rate controller for client#5 for round#1
	{"type":"fixed-rate","opts":{"tps":10000}}

2020-08-14T12:24:13+09:00 - INFO [local-client.js]: Info: client 9489 start test runFixedNumber():small_bank_operations 

2020-08-14T12:24:13+09:00 - INFO [local-client.js]: Info: client 9459 start test runFixedNumber():small_bank_operations 

2020-08-14T12:24:13+09:00 - DEBUG [rateControl.js]: Creating rate controller for client#9 for round#1
	{"type":"fixed-rate","opts":{"tps":10000}}

2020-08-14T12:24:13+09:00 - INFO [local-client.js]: Info: client 9477 start test runFixedNumber():small_bank_operations 

2020-08-14T12:24:13+09:00 - DEBUG [rateControl.js]: Creating rate controller for client#6 for round#1
	{"type":"fixed-rate","opts":{"tps":10000}}

2020-08-14T12:24:13+09:00 - DEBUG [rateControl.js]: Creating rate controller for client#1 for round#1
	{"type":"fixed-rate","opts":{"tps":10000}}

2020-08-14T12:24:13+09:00 - DEBUG [rateControl.js]: Creating rate controller for client#4 for round#1
	{"type":"fixed-rate","opts":{"tps":10000}}

2020-08-14T12:24:13+09:00 - INFO [local-client.js]: Info: client 9465 start test runFixedNumber():small_bank_operations 

2020-08-14T12:24:13+09:00 - INFO [local-client.js]: Info: client 9471 start test runFixedNumber():small_bank_operations 

2020-08-14T12:24:13+09:00 - INFO [local-client.js]: Info: client 9501 start test runFixedNumber():small_bank_operations 

2020-08-14T12:24:13+09:00 - INFO [local-client.js]: Info: client 9454 start test runFixedNumber():small_bank_operations 

2020-08-14T12:24:13+09:00 - DEBUG [rateControl.js]: Creating rate controller for client#2 for round#1
	{"type":"fixed-rate","opts":{"tps":10000}}

2020-08-14T12:24:13+09:00 - DEBUG [rateControl.js]: Creating rate controller for client#8 for round#1
	{"type":"fixed-rate","opts":{"tps":10000}}

2020-08-14T12:24:13+09:00 - DEBUG [rateControl.js]: Creating rate controller for client#3 for round#1
	{"type":"fixed-rate","opts":{"tps":10000}}

2020-08-14T12:24:13+09:00 - DEBUG [rateControl.js]: Creating rate controller for client#0 for round#1
	{"type":"fixed-rate","opts":{"tps":10000}}

2020-08-14T12:24:13+09:00 - INFO [local-client.js]: Info: client 9496 start test runFixedNumber():small_bank_operations 

2020-08-14T12:24:13+09:00 - DEBUG [rateControl.js]: Creating rate controller for client#7 for round#1
	{"type":"fixed-rate","opts":{"tps":10000}}

2020-08-14T12:24:13+09:00 - INFO [demo.js]: [Transaction Info] - Submitted: 0 Succ: 0 Fail:0 Unfinished:0 

2020-08-14T12:24:14+09:00 - INFO [demo.js]: [Transaction Info] - Submitted: 890 Succ: 0 Fail:0 Unfinished:890 

2020-08-14T12:24:15+09:00 - INFO [demo.js]: [Transaction Info] - Submitted: 2262 Succ: 0 Fail:0 Unfinished:2262 

2020-08-14T12:24:16+09:00 - INFO [demo.js]: [Transaction Info] - Submitted: 3691 Succ: 0 Fail:0 Unfinished:3691 

2020-08-14T12:24:16+09:00 - ERROR uncaughtException: Cannot read property 'toString' of undefined
	{"date":"Fri Aug 14 2020 12:24:16 GMT+0900 (KST)","process":{"pid":9496,"uid":0,"gid":0,"cwd":"/home/oslab/caliper_v0.1.0","execPath":"/usr/bin/node","version":"v8.17.0","argv":["/usr/bin/node","/home/oslab/caliper_v0.1.0/node_modules/@hyperledger/caliper-fabric/lib/fabricClientWorker.js","/home/oslab/caliper_v0.1.0/node_modules/.bin/caliper","benchmark","run","--caliper-workspace","caliper/packages/caliper-samples","--caliper-benchconfig","benchmark/smallbank/config.yaml","--caliper-networkconfig","network/fabric-v1.4.1/kafka2o2pgoleveldb/fabric-go.yaml","--caliper-test-skip-end"],"memoryUsage":{"rss":158547968,"heapTotal":110555136,"heapUsed":61903272,"external":6925403}},"os":{"loadavg":[23.33056640625,8.0126953125,2.85888671875],"uptime":6121584},"trace":[{"column":117,"file":"/home/oslab/caliper_v0.1.0/caliper/packages/caliper-samples/benchmark/smallbank/smallbankOperations.js","function":"Object.module.exports.run","line":182,"method":"run","native":false},{"column":34,"file":"/home/oslab/caliper_v0.1.0/node_modules/@hyperledger/caliper-core/lib/client/caliper-local-client.js","function":"setImmediatePromise","line":174,"method":null,"native":false},{"column":17,"file":"/home/oslab/caliper_v0.1.0/node_modules/@hyperledger/caliper-core/lib/client/caliper-local-client.js","function":"Immediate.setImmediate [as _onImmediate]","line":147,"method":"setImmediate [as _onImmediate]","native":false},{"column":20,"file":"timers.js","function":"runCallback","line":810,"method":null,"native":false},{"column":5,"file":"timers.js","function":"tryOnImmediate","line":768,"method":null,"native":false},{"column":5,"file":"timers.js","function":"processImmediate [as _immediateCallback]","line":745,"method":null,"native":false}],"stack":["TypeError: Cannot read property 'toString' of undefined","    at Object.module.exports.run (/home/oslab/caliper_v0.1.0/caliper/packages/caliper-samples/benchmark/smallbank/smallbankOperations.js:182:117)","    at setImmediatePromise (/home/oslab/caliper_v0.1.0/node_modules/@hyperledger/caliper-core/lib/client/caliper-local-client.js:174:34)","    at Immediate.setImmediate [as _onImmediate] (/home/oslab/caliper_v0.1.0/node_modules/@hyperledger/caliper-core/lib/client/caliper-local-client.js:147:17)","    at runCallback (timers.js:810:20)","    at tryOnImmediate (timers.js:768:5)","    at processImmediate [as _immediateCallback] (timers.js:745:5)"]}

2020-08-14T12:24:16+09:00 - ERROR uncaughtException: Cannot read property 'toString' of undefined
	{"date":"Fri Aug 14 2020 12:24:16 GMT+0900 (KST)","process":{"pid":9489,"uid":0,"gid":0,"cwd":"/home/oslab/caliper_v0.1.0","execPath":"/usr/bin/node","version":"v8.17.0","argv":["/usr/bin/node","/home/oslab/caliper_v0.1.0/node_modules/@hyperledger/caliper-fabric/lib/fabricClientWorker.js","/home/oslab/caliper_v0.1.0/node_modules/.bin/caliper","benchmark","run","--caliper-workspace","caliper/packages/caliper-samples","--caliper-benchconfig","benchmark/smallbank/config.yaml","--caliper-networkconfig","network/fabric-v1.4.1/kafka2o2pgoleveldb/fabric-go.yaml","--caliper-test-skip-end"],"memoryUsage":{"rss":159154176,"heapTotal":110555136,"heapUsed":64103976,"external":7089181}},"os":{"loadavg":[23.33056640625,8.0126953125,2.85888671875],"uptime":6121584},"trace":[{"column":117,"file":"/home/oslab/caliper_v0.1.0/caliper/packages/caliper-samples/benchmark/smallbank/smallbankOperations.js","function":"Object.module.exports.run","line":182,"method":"run","native":false},{"column":34,"file":"/home/oslab/caliper_v0.1.0/node_modules/@hyperledger/caliper-core/lib/client/caliper-local-client.js","function":"setImmediatePromise","line":174,"method":null,"native":false},{"column":17,"file":"/home/oslab/caliper_v0.1.0/node_modules/@hyperledger/caliper-core/lib/client/caliper-local-client.js","function":"Immediate.setImmediate [as _onImmediate]","line":147,"method":"setImmediate [as _onImmediate]","native":false},{"column":20,"file":"timers.js","function":"runCallback","line":810,"method":null,"native":false},{"column":5,"file":"timers.js","function":"tryOnImmediate","line":768,"method":null,"native":false},{"column":5,"file":"timers.js","function":"processImmediate [as _immediateCallback]","line":745,"method":null,"native":false}],"stack":["TypeError: Cannot read property 'toString' of undefined","    at Object.module.exports.run (/home/oslab/caliper_v0.1.0/caliper/packages/caliper-samples/benchmark/smallbank/smallbankOperations.js:182:117)","    at setImmediatePromise (/home/oslab/caliper_v0.1.0/node_modules/@hyperledger/caliper-core/lib/client/caliper-local-client.js:174:34)","    at Immediate.setImmediate [as _onImmediate] (/home/oslab/caliper_v0.1.0/node_modules/@hyperledger/caliper-core/lib/client/caliper-local-client.js:147:17)","    at runCallback (timers.js:810:20)","    at tryOnImmediate (timers.js:768:5)","    at processImmediate [as _immediateCallback] (timers.js:745:5)"]}

2020-08-14T12:24:16+09:00 - ERROR uncaughtException: Cannot read property 'toString' of undefined
	{"date":"Fri Aug 14 2020 12:24:16 GMT+0900 (KST)","process":{"pid":9477,"uid":0,"gid":0,"cwd":"/home/oslab/caliper_v0.1.0","execPath":"/usr/bin/node","version":"v8.17.0","argv":["/usr/bin/node","/home/oslab/caliper_v0.1.0/node_modules/@hyperledger/caliper-fabric/lib/fabricClientWorker.js","/home/oslab/caliper_v0.1.0/node_modules/.bin/caliper","benchmark","run","--caliper-workspace","caliper/packages/caliper-samples","--caliper-benchconfig","benchmark/smallbank/config.yaml","--caliper-networkconfig","network/fabric-v1.4.1/kafka2o2pgoleveldb/fabric-go.yaml","--caliper-test-skip-end"],"memoryUsage":{"rss":158212096,"heapTotal":110030848,"heapUsed":64216984,"external":6897283}},"os":{"loadavg":[23.33056640625,8.0126953125,2.85888671875],"uptime":6121584},"trace":[{"column":117,"file":"/home/oslab/caliper_v0.1.0/caliper/packages/caliper-samples/benchmark/smallbank/smallbankOperations.js","function":"Object.module.exports.run","line":182,"method":"run","native":false},{"column":34,"file":"/home/oslab/caliper_v0.1.0/node_modules/@hyperledger/caliper-core/lib/client/caliper-local-client.js","function":"setImmediatePromise","line":174,"method":null,"native":false},{"column":17,"file":"/home/oslab/caliper_v0.1.0/node_modules/@hyperledger/caliper-core/lib/client/caliper-local-client.js","function":"Immediate.setImmediate [as _onImmediate]","line":147,"method":"setImmediate [as _onImmediate]","native":false},{"column":20,"file":"timers.js","function":"runCallback","line":810,"method":null,"native":false},{"column":5,"file":"timers.js","function":"tryOnImmediate","line":768,"method":null,"native":false},{"column":5,"file":"timers.js","function":"processImmediate [as _immediateCallback]","line":745,"method":null,"native":false}],"stack":["TypeError: Cannot read property 'toString' of undefined","    at Object.module.exports.run (/home/oslab/caliper_v0.1.0/caliper/packages/caliper-samples/benchmark/smallbank/smallbankOperations.js:182:117)","    at setImmediatePromise (/home/oslab/caliper_v0.1.0/node_modules/@hyperledger/caliper-core/lib/client/caliper-local-client.js:174:34)","    at Immediate.setImmediate [as _onImmediate] (/home/oslab/caliper_v0.1.0/node_modules/@hyperledger/caliper-core/lib/client/caliper-local-client.js:147:17)","    at runCallback (timers.js:810:20)","    at tryOnImmediate (timers.js:768:5)","    at processImmediate [as _immediateCallback] (timers.js:745:5)"]}

2020-08-14T12:24:16+09:00 - ERROR uncaughtException: Cannot read property 'toString' of undefined
	{"date":"Fri Aug 14 2020 12:24:16 GMT+0900 (KST)","process":{"pid":9471,"uid":0,"gid":0,"cwd":"/home/oslab/caliper_v0.1.0","execPath":"/usr/bin/node","version":"v8.17.0","argv":["/usr/bin/node","/home/oslab/caliper_v0.1.0/node_modules/@hyperledger/caliper-fabric/lib/fabricClientWorker.js","/home/oslab/caliper_v0.1.0/node_modules/.bin/caliper","benchmark","run","--caliper-workspace","caliper/packages/caliper-samples","--caliper-benchconfig","benchmark/smallbank/config.yaml","--caliper-networkconfig","network/fabric-v1.4.1/kafka2o2pgoleveldb/fabric-go.yaml","--caliper-test-skip-end"],"memoryUsage":{"rss":158248960,"heapTotal":110030848,"heapUsed":69108576,"external":6847896}},"os":{"loadavg":[23.33056640625,8.0126953125,2.85888671875],"uptime":6121584},"trace":[{"column":117,"file":"/home/oslab/caliper_v0.1.0/caliper/packages/caliper-samples/benchmark/smallbank/smallbankOperations.js","function":"Object.module.exports.run","line":182,"method":"run","native":false},{"column":34,"file":"/home/oslab/caliper_v0.1.0/node_modules/@hyperledger/caliper-core/lib/client/caliper-local-client.js","function":"setImmediatePromise","line":174,"method":null,"native":false},{"column":17,"file":"/home/oslab/caliper_v0.1.0/node_modules/@hyperledger/caliper-core/lib/client/caliper-local-client.js","function":"Immediate.setImmediate [as _onImmediate]","line":147,"method":"setImmediate [as _onImmediate]","native":false},{"column":20,"file":"timers.js","function":"runCallback","line":810,"method":null,"native":false},{"column":5,"file":"timers.js","function":"tryOnImmediate","line":768,"method":null,"native":false},{"column":5,"file":"timers.js","function":"processImmediate [as _immediateCallback]","line":745,"method":null,"native":false}],"stack":["TypeError: Cannot read property 'toString' of undefined","    at Object.module.exports.run (/home/oslab/caliper_v0.1.0/caliper/packages/caliper-samples/benchmark/smallbank/smallbankOperations.js:182:117)","    at setImmediatePromise (/home/oslab/caliper_v0.1.0/node_modules/@hyperledger/caliper-core/lib/client/caliper-local-client.js:174:34)","    at Immediate.setImmediate [as _onImmediate] (/home/oslab/caliper_v0.1.0/node_modules/@hyperledger/caliper-core/lib/client/caliper-local-client.js:147:17)","    at runCallback (timers.js:810:20)","    at tryOnImmediate (timers.js:768:5)","    at processImmediate [as _immediateCallback] (timers.js:745:5)"]}

2020-08-14T12:24:16+09:00 - ERROR uncaughtException: Cannot read property 'toString' of undefined
	{"date":"Fri Aug 14 2020 12:24:16 GMT+0900 (KST)","process":{"pid":9501,"uid":0,"gid":0,"cwd":"/home/oslab/caliper_v0.1.0","execPath":"/usr/bin/node","version":"v8.17.0","argv":["/usr/bin/node","/home/oslab/caliper_v0.1.0/node_modules/@hyperledger/caliper-fabric/lib/fabricClientWorker.js","/home/oslab/caliper_v0.1.0/node_modules/.bin/caliper","benchmark","run","--caliper-workspace","caliper/packages/caliper-samples","--caliper-benchconfig","benchmark/smallbank/config.yaml","--caliper-networkconfig","network/fabric-v1.4.1/kafka2o2pgoleveldb/fabric-go.yaml","--caliper-test-skip-end"],"memoryUsage":{"rss":158482432,"heapTotal":110030848,"heapUsed":60600816,"external":6865219}},"os":{"loadavg":[23.33056640625,8.0126953125,2.85888671875],"uptime":6121584},"trace":[{"column":117,"file":"/home/oslab/caliper_v0.1.0/caliper/packages/caliper-samples/benchmark/smallbank/smallbankOperations.js","function":"Object.module.exports.run","line":182,"method":"run","native":false},{"column":34,"file":"/home/oslab/caliper_v0.1.0/node_modules/@hyperledger/caliper-core/lib/client/caliper-local-client.js","function":"setImmediatePromise","line":174,"method":null,"native":false},{"column":17,"file":"/home/oslab/caliper_v0.1.0/node_modules/@hyperledger/caliper-core/lib/client/caliper-local-client.js","function":"Immediate.setImmediate [as _onImmediate]","line":147,"method":"setImmediate [as _onImmediate]","native":false},{"column":20,"file":"timers.js","function":"runCallback","line":810,"method":null,"native":false},{"column":5,"file":"timers.js","function":"tryOnImmediate","line":768,"method":null,"native":false},{"column":5,"file":"timers.js","function":"processImmediate [as _immediateCallback]","line":745,"method":null,"native":false}],"stack":["TypeError: Cannot read property 'toString' of undefined","    at Object.module.exports.run (/home/oslab/caliper_v0.1.0/caliper/packages/caliper-samples/benchmark/smallbank/smallbankOperations.js:182:117)","    at setImmediatePromise (/home/oslab/caliper_v0.1.0/node_modules/@hyperledger/caliper-core/lib/client/caliper-local-client.js:174:34)","    at Immediate.setImmediate [as _onImmediate] (/home/oslab/caliper_v0.1.0/node_modules/@hyperledger/caliper-core/lib/client/caliper-local-client.js:147:17)","    at runCallback (timers.js:810:20)","    at tryOnImmediate (timers.js:768:5)","    at processImmediate [as _immediateCallback] (timers.js:745:5)"]}

2020-08-14T12:24:16+09:00 - ERROR uncaughtException: Cannot read property 'toString' of undefined
	{"date":"Fri Aug 14 2020 12:24:16 GMT+0900 (KST)","process":{"pid":9459,"uid":0,"gid":0,"cwd":"/home/oslab/caliper_v0.1.0","execPath":"/usr/bin/node","version":"v8.17.0","argv":["/usr/bin/node","/home/oslab/caliper_v0.1.0/node_modules/@hyperledger/caliper-fabric/lib/fabricClientWorker.js","/home/oslab/caliper_v0.1.0/node_modules/.bin/caliper","benchmark","run","--caliper-workspace","caliper/packages/caliper-samples","--caliper-benchconfig","benchmark/smallbank/config.yaml","--caliper-networkconfig","network/fabric-v1.4.1/kafka2o2pgoleveldb/fabric-go.yaml","--caliper-test-skip-end"],"memoryUsage":{"rss":158167040,"heapTotal":111079424,"heapUsed":70823688,"external":6925823}},"os":{"loadavg":[23.33056640625,8.0126953125,2.85888671875],"uptime":6121584},"trace":[{"column":117,"file":"/home/oslab/caliper_v0.1.0/caliper/packages/caliper-samples/benchmark/smallbank/smallbankOperations.js","function":"Object.module.exports.run","line":182,"method":"run","native":false},{"column":34,"file":"/home/oslab/caliper_v0.1.0/node_modules/@hyperledger/caliper-core/lib/client/caliper-local-client.js","function":"setImmediatePromise","line":174,"method":null,"native":false},{"column":17,"file":"/home/oslab/caliper_v0.1.0/node_modules/@hyperledger/caliper-core/lib/client/caliper-local-client.js","function":"Immediate.setImmediate [as _onImmediate]","line":147,"method":"setImmediate [as _onImmediate]","native":false},{"column":20,"file":"timers.js","function":"runCallback","line":810,"method":null,"native":false},{"column":5,"file":"timers.js","function":"tryOnImmediate","line":768,"method":null,"native":false},{"column":5,"file":"timers.js","function":"processImmediate [as _immediateCallback]","line":745,"method":null,"native":false}],"stack":["TypeError: Cannot read property 'toString' of undefined","    at Object.module.exports.run (/home/oslab/caliper_v0.1.0/caliper/packages/caliper-samples/benchmark/smallbank/smallbankOperations.js:182:117)","    at setImmediatePromise (/home/oslab/caliper_v0.1.0/node_modules/@hyperledger/caliper-core/lib/client/caliper-local-client.js:174:34)","    at Immediate.setImmediate [as _onImmediate] (/home/oslab/caliper_v0.1.0/node_modules/@hyperledger/caliper-core/lib/client/caliper-local-client.js:147:17)","    at runCallback (timers.js:810:20)","    at tryOnImmediate (timers.js:768:5)","    at processImmediate [as _immediateCallback] (timers.js:745:5)"]}

2020-08-14T12:24:16+09:00 - ERROR uncaughtException: Cannot read property 'toString' of undefined
	{"date":"Fri Aug 14 2020 12:24:16 GMT+0900 (KST)","process":{"pid":9483,"uid":0,"gid":0,"cwd":"/home/oslab/caliper_v0.1.0","execPath":"/usr/bin/node","version":"v8.17.0","argv":["/usr/bin/node","/home/oslab/caliper_v0.1.0/node_modules/@hyperledger/caliper-fabric/lib/fabricClientWorker.js","/home/oslab/caliper_v0.1.0/node_modules/.bin/caliper","benchmark","run","--caliper-workspace","caliper/packages/caliper-samples","--caliper-benchconfig","benchmark/smallbank/config.yaml","--caliper-networkconfig","network/fabric-v1.4.1/kafka2o2pgoleveldb/fabric-go.yaml","--caliper-test-skip-end"],"memoryUsage":{"rss":158547968,"heapTotal":110030848,"heapUsed":67873304,"external":7060417}},"os":{"loadavg":[23.33056640625,8.0126953125,2.85888671875],"uptime":6121584},"trace":[{"column":117,"file":"/home/oslab/caliper_v0.1.0/caliper/packages/caliper-samples/benchmark/smallbank/smallbankOperations.js","function":"Object.module.exports.run","line":182,"method":"run","native":false},{"column":34,"file":"/home/oslab/caliper_v0.1.0/node_modules/@hyperledger/caliper-core/lib/client/caliper-local-client.js","function":"setImmediatePromise","line":174,"method":null,"native":false},{"column":17,"file":"/home/oslab/caliper_v0.1.0/node_modules/@hyperledger/caliper-core/lib/client/caliper-local-client.js","function":"Immediate.setImmediate [as _onImmediate]","line":147,"method":"setImmediate [as _onImmediate]","native":false},{"column":20,"file":"timers.js","function":"runCallback","line":810,"method":null,"native":false},{"column":5,"file":"timers.js","function":"tryOnImmediate","line":768,"method":null,"native":false},{"column":5,"file":"timers.js","function":"processImmediate [as _immediateCallback]","line":745,"method":null,"native":false}],"stack":["TypeError: Cannot read property 'toString' of undefined","    at Object.module.exports.run (/home/oslab/caliper_v0.1.0/caliper/packages/caliper-samples/benchmark/smallbank/smallbankOperations.js:182:117)","    at setImmediatePromise (/home/oslab/caliper_v0.1.0/node_modules/@hyperledger/caliper-core/lib/client/caliper-local-client.js:174:34)","    at Immediate.setImmediate [as _onImmediate] (/home/oslab/caliper_v0.1.0/node_modules/@hyperledger/caliper-core/lib/client/caliper-local-client.js:147:17)","    at runCallback (timers.js:810:20)","    at tryOnImmediate (timers.js:768:5)","    at processImmediate [as _immediateCallback] (timers.js:745:5)"]}

2020-08-14T12:24:16+09:00 - ERROR uncaughtException: Cannot read property 'toString' of undefined
	{"date":"Fri Aug 14 2020 12:24:16 GMT+0900 (KST)","process":{"pid":9511,"uid":0,"gid":0,"cwd":"/home/oslab/caliper_v0.1.0","execPath":"/usr/bin/node","version":"v8.17.0","argv":["/usr/bin/node","/home/oslab/caliper_v0.1.0/node_modules/@hyperledger/caliper-fabric/lib/fabricClientWorker.js","/home/oslab/caliper_v0.1.0/node_modules/.bin/caliper","benchmark","run","--caliper-workspace","caliper/packages/caliper-samples","--caliper-benchconfig","benchmark/smallbank/config.yaml","--caliper-networkconfig","network/fabric-v1.4.1/kafka2o2pgoleveldb/fabric-go.yaml","--caliper-test-skip-end"],"memoryUsage":{"rss":157831168,"heapTotal":110030848,"heapUsed":73238488,"external":6968815}},"os":{"loadavg":[23.33056640625,8.0126953125,2.85888671875],"uptime":6121584},"trace":[{"column":117,"file":"/home/oslab/caliper_v0.1.0/caliper/packages/caliper-samples/benchmark/smallbank/smallbankOperations.js","function":"Object.module.exports.run","line":182,"method":"run","native":false},{"column":34,"file":"/home/oslab/caliper_v0.1.0/node_modules/@hyperledger/caliper-core/lib/client/caliper-local-client.js","function":"setImmediatePromise","line":174,"method":null,"native":false},{"column":17,"file":"/home/oslab/caliper_v0.1.0/node_modules/@hyperledger/caliper-core/lib/client/caliper-local-client.js","function":"Immediate.setImmediate [as _onImmediate]","line":147,"method":"setImmediate [as _onImmediate]","native":false},{"column":20,"file":"timers.js","function":"runCallback","line":810,"method":null,"native":false},{"column":5,"file":"timers.js","function":"tryOnImmediate","line":768,"method":null,"native":false},{"column":5,"file":"timers.js","function":"processImmediate [as _immediateCallback]","line":745,"method":null,"native":false}],"stack":["TypeError: Cannot read property 'toString' of undefined","    at Object.module.exports.run (/home/oslab/caliper_v0.1.0/caliper/packages/caliper-samples/benchmark/smallbank/smallbankOperations.js:182:117)","    at setImmediatePromise (/home/oslab/caliper_v0.1.0/node_modules/@hyperledger/caliper-core/lib/client/caliper-local-client.js:174:34)","    at Immediate.setImmediate [as _onImmediate] (/home/oslab/caliper_v0.1.0/node_modules/@hyperledger/caliper-core/lib/client/caliper-local-client.js:147:17)","    at runCallback (timers.js:810:20)","    at tryOnImmediate (timers.js:768:5)","    at processImmediate [as _immediateCallback] (timers.js:745:5)"]}

2020-08-14T12:24:17+09:00 - ERROR [adapters/fabric]: Transaction[d5a271bce2] life-cycle errors:
	- Proposal response error by peer0.org1.example.com: {"error":Wrong arguments of function send_payment}
	- Proposal response error by peer0.org2.example.com: {"error":Wrong arguments of function send_payment} 

2020-08-14T12:24:17+09:00 - ERROR [adapters/fabric]: Transaction[030efe8bec] life-cycle errors:
	- Proposal response error by peer0.org1.example.com: {"error":Wrong arguments of function send_payment}
	- Proposal response error by peer0.org2.example.com: {"error":Wrong arguments of function send_payment} 

2020-08-14T12:24:17+09:00 - ERROR [adapters/fabric]: Transaction[b99e82142b] life-cycle errors:
	- Proposal response error by peer0.org1.example.com: {"error":Wrong arguments of function send_payment}
	- Proposal response error by peer0.org2.example.com: {"error":Wrong arguments of function send_payment} 

2020-08-14T12:24:17+09:00 - ERROR uncaughtException: Cannot read property 'toString' of undefined
	{"date":"Fri Aug 14 2020 12:24:17 GMT+0900 (KST)","process":{"pid":9465,"uid":0,"gid":0,"cwd":"/home/oslab/caliper_v0.1.0","execPath":"/usr/bin/node","version":"v8.17.0","argv":["/usr/bin/node","/home/oslab/caliper_v0.1.0/node_modules/@hyperledger/caliper-fabric/lib/fabricClientWorker.js","/home/oslab/caliper_v0.1.0/node_modules/.bin/caliper","benchmark","run","--caliper-workspace","caliper/packages/caliper-samples","--caliper-benchconfig","benchmark/smallbank/config.yaml","--caliper-networkconfig","network/fabric-v1.4.1/kafka2o2pgoleveldb/fabric-go.yaml","--caliper-test-skip-end"],"memoryUsage":{"rss":157986816,"heapTotal":110030848,"heapUsed":70250672,"external":7171092}},"os":{"loadavg":[23.33056640625,8.0126953125,2.85888671875],"uptime":6121584},"trace":[{"column":117,"file":"/home/oslab/caliper_v0.1.0/caliper/packages/caliper-samples/benchmark/smallbank/smallbankOperations.js","function":"Object.module.exports.run","line":182,"method":"run","native":false},{"column":34,"file":"/home/oslab/caliper_v0.1.0/node_modules/@hyperledger/caliper-core/lib/client/caliper-local-client.js","function":"setImmediatePromise","line":174,"method":null,"native":false},{"column":17,"file":"/home/oslab/caliper_v0.1.0/node_modules/@hyperledger/caliper-core/lib/client/caliper-local-client.js","function":"Immediate.setImmediate [as _onImmediate]","line":147,"method":"setImmediate [as _onImmediate]","native":false},{"column":20,"file":"timers.js","function":"runCallback","line":810,"method":null,"native":false},{"column":5,"file":"timers.js","function":"tryOnImmediate","line":768,"method":null,"native":false},{"column":5,"file":"timers.js","function":"processImmediate [as _immediateCallback]","line":745,"method":null,"native":false}],"stack":["TypeError: Cannot read property 'toString' of undefined","    at Object.module.exports.run (/home/oslab/caliper_v0.1.0/caliper/packages/caliper-samples/benchmark/smallbank/smallbankOperations.js:182:117)","    at setImmediatePromise (/home/oslab/caliper_v0.1.0/node_modules/@hyperledger/caliper-core/lib/client/caliper-local-client.js:174:34)","    at Immediate.setImmediate [as _onImmediate] (/home/oslab/caliper_v0.1.0/node_modules/@hyperledger/caliper-core/lib/client/caliper-local-client.js:147:17)","    at runCallback (timers.js:810:20)","    at tryOnImmediate (timers.js:768:5)","    at processImmediate [as _immediateCallback] (timers.js:745:5)"]}

2020-08-14T12:24:17+09:00 - ERROR [adapters/fabric]: Transaction[fab3d8fdbf] life-cycle errors:
	- Proposal response error by peer0.org1.example.com: {"error":Wrong arguments of function send_payment}
	- Proposal response error by peer0.org2.example.com: {"error":Wrong arguments of function send_payment} 

2020-08-14T12:24:17+09:00 - ERROR uncaughtException: Cannot read property 'toString' of undefined
	{"date":"Fri Aug 14 2020 12:24:17 GMT+0900 (KST)","process":{"pid":9454,"uid":0,"gid":0,"cwd":"/home/oslab/caliper_v0.1.0","execPath":"/usr/bin/node","version":"v8.17.0","argv":["/usr/bin/node","/home/oslab/caliper_v0.1.0/node_modules/@hyperledger/caliper-fabric/lib/fabricClientWorker.js","/home/oslab/caliper_v0.1.0/node_modules/.bin/caliper","benchmark","run","--caliper-workspace","caliper/packages/caliper-samples","--caliper-benchconfig","benchmark/smallbank/config.yaml","--caliper-networkconfig","network/fabric-v1.4.1/kafka2o2pgoleveldb/fabric-go.yaml","--caliper-test-skip-end"],"memoryUsage":{"rss":158560256,"heapTotal":111079424,"heapUsed":67336072,"external":7113804}},"os":{"loadavg":[23.33056640625,8.0126953125,2.85888671875],"uptime":6121584},"trace":[{"column":117,"file":"/home/oslab/caliper_v0.1.0/caliper/packages/caliper-samples/benchmark/smallbank/smallbankOperations.js","function":"Object.module.exports.run","line":182,"method":"run","native":false},{"column":34,"file":"/home/oslab/caliper_v0.1.0/node_modules/@hyperledger/caliper-core/lib/client/caliper-local-client.js","function":"setImmediatePromise","line":174,"method":null,"native":false},{"column":17,"file":"/home/oslab/caliper_v0.1.0/node_modules/@hyperledger/caliper-core/lib/client/caliper-local-client.js","function":"Immediate.setImmediate [as _onImmediate]","line":147,"method":"setImmediate [as _onImmediate]","native":false},{"column":20,"file":"timers.js","function":"runCallback","line":810,"method":null,"native":false},{"column":5,"file":"timers.js","function":"tryOnImmediate","line":768,"method":null,"native":false},{"column":5,"file":"timers.js","function":"processImmediate [as _immediateCallback]","line":745,"method":null,"native":false}],"stack":["TypeError: Cannot read property 'toString' of undefined","    at Object.module.exports.run (/home/oslab/caliper_v0.1.0/caliper/packages/caliper-samples/benchmark/smallbank/smallbankOperations.js:182:117)","    at setImmediatePromise (/home/oslab/caliper_v0.1.0/node_modules/@hyperledger/caliper-core/lib/client/caliper-local-client.js:174:34)","    at Immediate.setImmediate [as _onImmediate] (/home/oslab/caliper_v0.1.0/node_modules/@hyperledger/caliper-core/lib/client/caliper-local-client.js:147:17)","    at runCallback (timers.js:810:20)","    at tryOnImmediate (timers.js:768:5)","    at processImmediate [as _immediateCallback] (timers.js:745:5)"]}

2020-08-14T12:24:17+09:00 - INFO [demo.js]: [Transaction Info] - Submitted: 4004 Succ: 450 Fail:4 Unfinished:3550 

2020-08-14T12:24:18+09:00 - INFO [demo.js]: [Transaction Info] - Submitted: 4004 Succ: 1350 Fail:4 Unfinished:2650 

2020-08-14T12:24:19+09:00 - INFO [demo.js]: [Transaction Info] - Submitted: 4004 Succ: 2250 Fail:4 Unfinished:1750 

2020-08-14T12:24:19+09:00 - INFO [client-util.js]: Client exited with code 1 

2020-08-14T12:24:19+09:00 - ERROR [defaultTest]: ------ Failed 'smallOperations' testing with the following error ------
    Error: Client already exited
    at ChildProcess.<anonymous> (/home/oslab/caliper_v0.1.0/node_modules/@hyperledger/caliper-core/lib/client/client-util.js:115:32)
    at emitTwo (events.js:126:13)
    at ChildProcess.emit (events.js:214:7)
    at Process.ChildProcess._handle.onexit (internal/child_process.js:198:12) 

2020-08-14T12:24:19+09:00 - INFO [caliper-flow]: ---------- Finished Test ----------
 

2020-08-14T12:24:19+09:00 - ERROR [caliper-flow]: Error: TypeError: Cannot read property 'unshift' of undefined
    at Report.printResultsByRound (/home/oslab/caliper_v0.1.0/node_modules/@hyperledger/caliper-core/lib/report/report.js:133:32)
    at Object.module.exports.run (/home/oslab/caliper_v0.1.0/node_modules/@hyperledger/caliper-core/lib/caliper-flow.js:114:20)
    at <anonymous>
    at process._tickCallback (internal/process/next_tick.js:189:7) 

2020-08-14T12:24:19+09:00 - INFO [caliper-utils]: Executing command: cd /home/oslab/caliper_v0.1.0/caliper/packages/caliper-samples;docker-compose -f network/fabric-v1.4.1/kafka2o2pgoleveldb/docker-compose.yaml down;(test -z \"$(docker ps -aq)\") || docker rm $(docker ps -aq);(test -z \"$(docker images dev* -q)\") || docker rmi $(docker images dev* -q);rm -rf /tmp/hfc-* 

2020-08-14T12:24:19+09:00 - INFO [client-util.js]: Client exited with code 1 

2020-08-14T12:24:19+09:00 - INFO [client-util.js]: Client exited with code 1 

2020-08-14T12:24:19+09:00 - INFO [client-util.js]: Client exited with code 1 

2020-08-14T12:24:19+09:00 - INFO [client-util.js]: Client exited with code 1 

2020-08-14T12:24:19+09:00 - INFO [client-util.js]: Client exited with code 1 

2020-08-14T12:24:19+09:00 - INFO [client-util.js]: Client exited with code 1 

2020-08-14T12:24:19+09:00 - INFO [client-util.js]: Client exited with code 1 

2020-08-14T12:24:20+09:00 - INFO [client-util.js]: Client exited with code 1 

2020-08-14T12:24:20+09:00 - INFO [client-util.js]: Client exited with code 1 

2020-08-14T12:24:20+09:00 - INFO [demo.js]: [Transaction Info] - Submitted: 4004 Succ: 2250 Fail:4 Unfinished:1750 

2020-08-14T12:24:21+09:00 - INFO [demo.js]: [Transaction Info] - Submitted: 4004 Succ: 2250 Fail:4 Unfinished:1750 

2020-08-14T12:24:22+09:00 - INFO [demo.js]: [Transaction Info] - Submitted: 4004 Succ: 2250 Fail:4 Unfinished:1750 

2020-08-14T12:24:23+09:00 - INFO [demo.js]: [Transaction Info] - Submitted: 4004 Succ: 2250 Fail:4 Unfinished:1750 

2020-08-14T12:24:24+09:00 - INFO [demo.js]: [Transaction Info] - Submitted: 4004 Succ: 2250 Fail:4 Unfinished:1750 

2020-08-14T12:24:25+09:00 - INFO [demo.js]: [Transaction Info] - Submitted: 4004 Succ: 2250 Fail:4 Unfinished:1750 

2020-08-14T12:24:26+09:00 - INFO [demo.js]: [Transaction Info] - Submitted: 4004 Succ: 2250 Fail:4 Unfinished:1750 

2020-08-14T12:24:27+09:00 - INFO [demo.js]: [Transaction Info] - Submitted: 4004 Succ: 2250 Fail:4 Unfinished:1750 

2020-08-14T12:24:28+09:00 - INFO [demo.js]: [Transaction Info] - Submitted: 4004 Succ: 2250 Fail:4 Unfinished:1750 

2020-08-14T12:24:29+09:00 - INFO [demo.js]: [Transaction Info] - Submitted: 4004 Succ: 2250 Fail:4 Unfinished:1750 

2020-08-14T12:24:30+09:00 - INFO [demo.js]: [Transaction Info] - Submitted: 4004 Succ: 2250 Fail:4 Unfinished:1750 

2020-08-14T12:24:31+09:00 - INFO [demo.js]: [Transaction Info] - Submitted: 4004 Succ: 2250 Fail:4 Unfinished:1750 

2020-08-14T12:24:32+09:00 - INFO [demo.js]: [Transaction Info] - Submitted: 4004 Succ: 2250 Fail:4 Unfinished:1750 

2020-08-14T12:24:33+09:00 - INFO [demo.js]: [Transaction Info] - Submitted: 4004 Succ: 2250 Fail:4 Unfinished:1750 

2020-08-14T12:24:34+09:00 - INFO [demo.js]: [Transaction Info] - Submitted: 4004 Succ: 2250 Fail:4 Unfinished:1750 

2020-08-14T12:24:35+09:00 - INFO [demo.js]: [Transaction Info] - Submitted: 4004 Succ: 2250 Fail:4 Unfinished:1750 

2020-08-14T12:24:36+09:00 - INFO [demo.js]: [Transaction Info] - Submitted: 4004 Succ: 2250 Fail:4 Unfinished:1750 

2020-08-14T12:24:37+09:00 - ERROR [monitor-docker.js]: TypeError: Cannot read property 'cpu_usage' of undefined 

2020-08-14T12:24:37+09:00 - INFO [demo.js]: [Transaction Info] - Submitted: 4004 Succ: 2250 Fail:4 Unfinished:1750 

