2020-02-07T19:17:16+09:00 - DEBUG Constructed a winston logger with the specified targets:
	{"consolelogger":{"target":"console","level":"info"},"filelogger":{"target":"daily-rotate-file","level":"debug","filename":"log/caliper-%DATE%.log","datePattern":"YYYY-MM-DD-HH","maxSize":"5m","zippedArchive":true}}

2020-02-07T19:17:18+09:00 - INFO [caliper-flow]: ####### Caliper Test ####### 

2020-02-07T19:17:18+09:00 - INFO [caliper-utils]: Executing command: cd /home/oslab/caliper-benchmarks/caliper/packages/caliper-samples;docker-compose -f network/fabric-v1.4.1/2org1peergoleveldb/docker-compose.yaml up -d;sleep 3s 

2020-02-07T19:17:28+09:00 - INFO [adapters/fabric]: Fabric SDK version: 1.4.4; TLS: none 

2020-02-07T19:17:29+09:00 - INFO [adapters/fabric]: Org1's registrar enrolled successfully 

2020-02-07T19:17:29+09:00 - INFO [adapters/fabric]: Org2's registrar enrolled successfully 

2020-02-07T19:17:29+09:00 - INFO [adapters/fabric]: Org1's admin's materials are successfully loaded 

2020-02-07T19:17:29+09:00 - INFO [adapters/fabric]: Org2's admin's materials are successfully loaded 

2020-02-07T19:17:29+09:00 - INFO [adapters/fabric]: client0.org1.example.com's materials are successfully loaded 

2020-02-07T19:17:29+09:00 - INFO [adapters/fabric]: client0.org2.example.com's materials are successfully loaded 

2020-02-07T19:17:29+09:00 - INFO [adapters/fabric]: Channel 'mychannel' definiton being retrieved from file 

2020-02-07T19:17:29+09:00 - INFO [adapters/fabric]: Channel 'mychannel' successfully created 

2020-02-07T19:17:29+09:00 - INFO [adapters/fabric]: Sleeping 5s... 

2020-02-07T19:17:34+09:00 - INFO [adapters/fabric]: Org1's peers successfully joined mychannel: peer0.org1.example.com 

2020-02-07T19:17:35+09:00 - INFO [adapters/fabric]: Org2's peers successfully joined mychannel: peer0.org2.example.com 

2020-02-07T19:17:35+09:00 - INFO [adapters/fabric]: Sleeping 5s... 

2020-02-07T19:17:40+09:00 - INFO [adapters/fabric]: Installing chaincodes for mychannel... 

2020-02-07T19:17:40+09:00 - INFO [adapters/fabric]: marbles@v0 successfully installed on Org1's peers: peer0.org1.example.com 

2020-02-07T19:17:40+09:00 - INFO [adapters/fabric]: marbles@v0 successfully installed on Org2's peers: peer0.org2.example.com 

2020-02-07T19:17:40+09:00 - INFO [adapters/fabric]: drm@v0 successfully installed on Org1's peers: peer0.org1.example.com 

2020-02-07T19:17:40+09:00 - INFO [adapters/fabric]: drm@v0 successfully installed on Org2's peers: peer0.org2.example.com 

2020-02-07T19:17:40+09:00 - INFO [adapters/fabric]: simple@v0 successfully installed on Org1's peers: peer0.org1.example.com 

2020-02-07T19:17:40+09:00 - INFO [adapters/fabric]: simple@v0 successfully installed on Org2's peers: peer0.org2.example.com 

2020-02-07T19:17:40+09:00 - INFO [adapters/fabric]: smallbank@v0 successfully installed on Org1's peers: peer0.org1.example.com 

2020-02-07T19:17:40+09:00 - INFO [adapters/fabric]: smallbank@v0 successfully installed on Org2's peers: peer0.org2.example.com 

2020-02-07T19:17:40+09:00 - INFO [adapters/fabric]: Instantiating marbles@v0 in mychannel. This might take some time... 

2020-02-07T19:18:01+09:00 - INFO [adapters/fabric]: Successfully instantiated marbles@v0 in mychannel 

2020-02-07T19:18:01+09:00 - INFO [adapters/fabric]: Instantiating drm@v0 in mychannel. This might take some time... 

2020-02-07T19:18:15+09:00 - INFO [adapters/fabric]: Successfully instantiated drm@v0 in mychannel 

2020-02-07T19:18:15+09:00 - INFO [adapters/fabric]: Instantiating simple@v0 in mychannel. This might take some time... 

2020-02-07T19:18:29+09:00 - INFO [adapters/fabric]: Successfully instantiated simple@v0 in mychannel 

2020-02-07T19:18:29+09:00 - INFO [adapters/fabric]: Instantiating smallbank@v0 in mychannel. This might take some time... 

2020-02-07T19:18:43+09:00 - INFO [adapters/fabric]: Successfully instantiated smallbank@v0 in mychannel 

2020-02-07T19:18:43+09:00 - INFO [adapters/fabric]: Sleeping 5s... 

2020-02-07T19:18:49+09:00 - INFO [caliper-flow]: Started monitor successfully 

2020-02-07T19:18:49+09:00 - INFO [defaultTest]: ####### Testing 'smallOperations' ####### 

2020-02-07T19:18:49+09:00 - INFO [defaultTest]: ------ Test round 1 ------ 

2020-02-07T19:18:49+09:00 - INFO [client-util.js]: Launching client with PID  30576 

2020-02-07T19:18:49+09:00 - INFO [client-util.js]: Launching client with PID  30581 

2020-02-07T19:18:49+09:00 - INFO [client-util.js]: Launching client with PID  30587 

2020-02-07T19:18:49+09:00 - INFO [client-util.js]: Launching client with PID  30589 

2020-02-07T19:18:49+09:00 - INFO [client-util.js]: Launching client with PID  30599 

2020-02-07T19:18:49+09:00 - INFO [client-util.js]: Waiting for 5 clients to be ready...  

2020-02-07T19:18:50+09:00 - INFO [demo.js]: [Transaction Info] - Submitted: 0 Succ: 0 Fail:0 Unfinished:0 

2020-02-07T19:18:49+09:00 - DEBUG Constructed a winston logger with the specified targets:
	{"consolelogger":{"target":"console","level":"info"},"filelogger":{"target":"daily-rotate-file","level":"debug","filename":"log/caliper-%DATE%.log","datePattern":"YYYY-MM-DD-HH","maxSize":"5m","zippedArchive":true}}

2020-02-07T19:18:49+09:00 - DEBUG Constructed a winston logger with the specified targets:
	{"consolelogger":{"target":"console","level":"info"},"filelogger":{"target":"daily-rotate-file","level":"debug","filename":"log/caliper-%DATE%.log","datePattern":"YYYY-MM-DD-HH","maxSize":"5m","zippedArchive":true}}

2020-02-07T19:18:49+09:00 - DEBUG Constructed a winston logger with the specified targets:
	{"consolelogger":{"target":"console","level":"info"},"filelogger":{"target":"daily-rotate-file","level":"debug","filename":"log/caliper-%DATE%.log","datePattern":"YYYY-MM-DD-HH","maxSize":"5m","zippedArchive":true}}

2020-02-07T19:18:49+09:00 - DEBUG Constructed a winston logger with the specified targets:
	{"consolelogger":{"target":"console","level":"info"},"filelogger":{"target":"daily-rotate-file","level":"debug","filename":"log/caliper-%DATE%.log","datePattern":"YYYY-MM-DD-HH","maxSize":"5m","zippedArchive":true}}

2020-02-07T19:18:49+09:00 - DEBUG Constructed a winston logger with the specified targets:
	{"consolelogger":{"target":"console","level":"info"},"filelogger":{"target":"daily-rotate-file","level":"debug","filename":"log/caliper-%DATE%.log","datePattern":"YYYY-MM-DD-HH","maxSize":"5m","zippedArchive":true}}

2020-02-07T19:18:50+09:00 - INFO [client-util.js]: Client ready message recieved 

2020-02-07T19:18:50+09:00 - INFO [fabric/fabricClientWorker]: Client ready 

2020-02-07T19:18:50+09:00 - INFO [client-util.js]: Client ready message recieved 

2020-02-07T19:18:50+09:00 - INFO [fabric/fabricClientWorker]: Client ready 

2020-02-07T19:18:50+09:00 - INFO [client-util.js]: Client ready message recieved 

2020-02-07T19:18:50+09:00 - INFO [fabric/fabricClientWorker]: Client ready 

2020-02-07T19:18:50+09:00 - INFO [client-util.js]: Client ready message recieved 

2020-02-07T19:18:50+09:00 - INFO [fabric/fabricClientWorker]: Client ready 

2020-02-07T19:18:50+09:00 - INFO [client-util.js]: Client ready message recieved 

2020-02-07T19:18:50+09:00 - INFO [client-util.js]: 5 clients ready, starting test phase 

2020-02-07T19:18:50+09:00 - INFO [fabric/fabricClientWorker]: Client ready 

2020-02-07T19:18:50+09:00 - DEBUG [local-client.js]: doTest() with:
	{"type":"test","label":"smallOperations","rateControl":{"type":"fixed-rate","opts":{"tps":1000}},"trim":0,"args":{"accounts":400,"txnPerBatch":1},"cb":"benchmark/smallbank/smallbankOperations.js","config":"/home/oslab/caliper-benchmarks/caliper/packages/caliper-samples/network/fabric-v1.4.1/2org1peergoleveldb/fabric-go.yaml","root":"/home/oslab/caliper-benchmarks/caliper/packages/caliper-samples","numb":200,"roundIdx":1,"totalClients":5,"clients":5,"clientargs":{},"clientIdx":1}

2020-02-07T19:18:50+09:00 - DEBUG [local-client.js]: doTest() with:
	{"type":"test","label":"smallOperations","rateControl":{"type":"fixed-rate","opts":{"tps":1000}},"trim":0,"args":{"accounts":400,"txnPerBatch":1},"cb":"benchmark/smallbank/smallbankOperations.js","config":"/home/oslab/caliper-benchmarks/caliper/packages/caliper-samples/network/fabric-v1.4.1/2org1peergoleveldb/fabric-go.yaml","root":"/home/oslab/caliper-benchmarks/caliper/packages/caliper-samples","numb":200,"roundIdx":1,"totalClients":5,"clients":5,"clientargs":{},"clientIdx":0}

2020-02-07T19:18:50+09:00 - DEBUG [local-client.js]: doTest() with:
	{"type":"test","label":"smallOperations","rateControl":{"type":"fixed-rate","opts":{"tps":1000}},"trim":0,"args":{"accounts":400,"txnPerBatch":1},"cb":"benchmark/smallbank/smallbankOperations.js","config":"/home/oslab/caliper-benchmarks/caliper/packages/caliper-samples/network/fabric-v1.4.1/2org1peergoleveldb/fabric-go.yaml","root":"/home/oslab/caliper-benchmarks/caliper/packages/caliper-samples","numb":200,"roundIdx":1,"totalClients":5,"clients":5,"clientargs":{},"clientIdx":2}

2020-02-07T19:18:50+09:00 - DEBUG [local-client.js]: doTest() with:
	{"type":"test","label":"smallOperations","rateControl":{"type":"fixed-rate","opts":{"tps":1000}},"trim":0,"args":{"accounts":400,"txnPerBatch":1},"cb":"benchmark/smallbank/smallbankOperations.js","config":"/home/oslab/caliper-benchmarks/caliper/packages/caliper-samples/network/fabric-v1.4.1/2org1peergoleveldb/fabric-go.yaml","root":"/home/oslab/caliper-benchmarks/caliper/packages/caliper-samples","numb":200,"roundIdx":1,"totalClients":5,"clients":5,"clientargs":{},"clientIdx":4}

2020-02-07T19:18:50+09:00 - INFO [local-client.js]: txUpdateTime: 1000 

2020-02-07T19:18:50+09:00 - DEBUG [local-client.js]: doTest() with:
	{"type":"test","label":"smallOperations","rateControl":{"type":"fixed-rate","opts":{"tps":1000}},"trim":0,"args":{"accounts":400,"txnPerBatch":1},"cb":"benchmark/smallbank/smallbankOperations.js","config":"/home/oslab/caliper-benchmarks/caliper/packages/caliper-samples/network/fabric-v1.4.1/2org1peergoleveldb/fabric-go.yaml","root":"/home/oslab/caliper-benchmarks/caliper/packages/caliper-samples","numb":200,"roundIdx":1,"totalClients":5,"clients":5,"clientargs":{},"clientIdx":3}

2020-02-07T19:18:50+09:00 - INFO [local-client.js]: txUpdateTime: 1000 

2020-02-07T19:18:50+09:00 - INFO [local-client.js]: txUpdateTime: 1000 

2020-02-07T19:18:50+09:00 - INFO [local-client.js]: txUpdateTime: 1000 

2020-02-07T19:18:50+09:00 - INFO [local-client.js]: txUpdateTime: 1000 

2020-02-07T19:18:50+09:00 - INFO [local-client.js]: Info: client 30589 start test runFixedNumber():small_bank_operations 

2020-02-07T19:18:50+09:00 - DEBUG [rateControl.js]: Creating rate controller for client#3 for round#1
	{"type":"fixed-rate","opts":{"tps":1000}}

2020-02-07T19:18:50+09:00 - INFO [local-client.js]: Info: client 30587 start test runFixedNumber():small_bank_operations 

2020-02-07T19:18:50+09:00 - DEBUG [rateControl.js]: Creating rate controller for client#2 for round#1
	{"type":"fixed-rate","opts":{"tps":1000}}

2020-02-07T19:18:50+09:00 - INFO [local-client.js]: Info: client 30599 start test runFixedNumber():small_bank_operations 

2020-02-07T19:18:50+09:00 - DEBUG [rateControl.js]: Creating rate controller for client#4 for round#1
	{"type":"fixed-rate","opts":{"tps":1000}}

2020-02-07T19:18:50+09:00 - INFO [local-client.js]: Info: client 30576 start test runFixedNumber():small_bank_operations 

2020-02-07T19:18:50+09:00 - INFO [local-client.js]: Info: client 30581 start test runFixedNumber():small_bank_operations 

2020-02-07T19:18:50+09:00 - DEBUG [rateControl.js]: Creating rate controller for client#0 for round#1
	{"type":"fixed-rate","opts":{"tps":1000}}

2020-02-07T19:18:50+09:00 - DEBUG [rateControl.js]: Creating rate controller for client#1 for round#1
	{"type":"fixed-rate","opts":{"tps":1000}}

2020-02-07T19:18:51+09:00 - INFO [demo.js]: [Transaction Info] - Submitted: 0 Succ: 0 Fail:0 Unfinished:0 

2020-02-07T19:18:52+09:00 - INFO [demo.js]: [Transaction Info] - Submitted: 567 Succ: 90 Fail:0 Unfinished:477 

2020-02-07T19:18:53+09:00 - INFO [demo.js]: [Transaction Info] - Submitted: 1000 Succ: 200 Fail:0 Unfinished:800 

2020-02-07T19:18:54+09:00 - INFO [demo.js]: [Transaction Info] - Submitted: 1000 Succ: 310 Fail:0 Unfinished:690 

2020-02-07T19:18:55+09:00 - INFO [demo.js]: [Transaction Info] - Submitted: 1000 Succ: 430 Fail:0 Unfinished:570 

2020-02-07T19:18:56+09:00 - INFO [demo.js]: [Transaction Info] - Submitted: 1000 Succ: 540 Fail:0 Unfinished:460 

2020-02-07T19:18:57+09:00 - INFO [demo.js]: [Transaction Info] - Submitted: 1000 Succ: 660 Fail:0 Unfinished:340 

2020-02-07T19:18:58+09:00 - INFO [demo.js]: [Transaction Info] - Submitted: 1000 Succ: 770 Fail:0 Unfinished:230 

2020-02-07T19:18:59+09:00 - INFO [demo.js]: [Transaction Info] - Submitted: 1000 Succ: 890 Fail:0 Unfinished:110 

2020-02-07T19:18:59+09:00 - DEBUG [report-builder]: r.create.max: 1581070732.418 r.create.min: 1581070730.888 r.final.max: 1581070739.723 r.final.min: 1581070731.113 r.final.last: 1581070739.723 

2020-02-07T19:18:59+09:00 - DEBUG [report-builder]:  throughput for only success time computed: 113.2 

2020-02-07T19:18:59+09:00 - DEBUG [report-builder]: sendTransactionProposal: 0ms length: 1000 

2020-02-07T19:18:59+09:00 - DEBUG [report-builder]: sendTransaction: 0ms 

2020-02-07T19:18:59+09:00 - DEBUG [report-builder]: invokeLatency: 0ms 

2020-02-07T19:18:59+09:00 - INFO [report-builder]: ###test result:### 

2020-02-07T19:18:59+09:00 - INFO [report-builder]: 
+-----------------+------+------+-----------+-------------+-------------+-------------+------------+
| Name            | Succ | Fail | Send Rate | Max Latency | Min Latency | Avg Latency | Throughput |
|-----------------|------|------|-----------|-------------|-------------|-------------|------------|
| smallOperations | 1000 | 0    | 653.6 tps | 7.33 s      | 0.19 s      | 3.74 s      | 113.2 tps  |
+-----------------+------+------+-----------+-------------+-------------+-------------+------------+
 

2020-02-07T19:18:59+09:00 - INFO [report-builder]: ### resource stats ### 

2020-02-07T19:18:59+09:00 - INFO [report-builder]: 
+--------+-----------------------------------+-------------+-------------+----------+----------+------------+-------------+-----------+------------+
| TYPE   | NAME                              | Memory(max) | Memory(avg) | CPU(max) | CPU(avg) | Traffic In | Traffic Out | Disc Read | Disc Write |
|--------|-----------------------------------|-------------|-------------|----------|----------|------------|-------------|-----------|------------|
| Docker | dev-peer0.org1.example.co...nk-v0 | 8.6MB       | 8.3MB       | 52.83%   | 10.57%   | 1.8MB      | 974.2KB     | 0B        | 0B         |
|--------|-----------------------------------|-------------|-------------|----------|----------|------------|-------------|-----------|------------|
| Docker | dev-peer0.org2.example.co...nk-v0 | 8.5MB       | 8.1MB       | 50.54%   | 10.11%   | 1.8MB      | 961.8KB     | 0B        | 0B         |
|--------|-----------------------------------|-------------|-------------|----------|----------|------------|-------------|-----------|------------|
| Docker | dev-peer0.org1.example.co...le-v0 | 7.1MB       | 7.1MB       | 0.02%    | 0.00%    | 0B         | 0B          | 0B        | 0B         |
|--------|-----------------------------------|-------------|-------------|----------|----------|------------|-------------|-----------|------------|
| Docker | dev-peer0.org2.example.co...le-v0 | 6.8MB       | 6.8MB       | 0.00%    | 0.00%    | 70B        | 0B          | 0B        | 0B         |
|--------|-----------------------------------|-------------|-------------|----------|----------|------------|-------------|-----------|------------|
| Docker | dev-peer0.org1.example.co...rm-v0 | 6.8MB       | 6.8MB       | 0.00%    | 0.00%    | 0B         | 0B          | 0B        | 0B         |
|--------|-----------------------------------|-------------|-------------|----------|----------|------------|-------------|-----------|------------|
| Docker | dev-peer0.org2.example.co...rm-v0 | 6.9MB       | 6.9MB       | 0.00%    | 0.00%    | 0B         | 0B          | 0B        | 0B         |
|--------|-----------------------------------|-------------|-------------|----------|----------|------------|-------------|-----------|------------|
| Docker | dev-peer0.org1.example.co...es-v0 | 6.8MB       | 6.8MB       | 0.00%    | 0.00%    | 0B         | 0B          | 0B        | 0B         |
|--------|-----------------------------------|-------------|-------------|----------|----------|------------|-------------|-----------|------------|
| Docker | dev-peer0.org2.example.co...es-v0 | 6.9MB       | 6.9MB       | 0.00%    | 0.00%    | 0B         | 0B          | 0B        | 0B         |
|--------|-----------------------------------|-------------|-------------|----------|----------|------------|-------------|-----------|------------|
| Docker | peer0.org2.example.com            | 180.1MB     | 173.8MB     | 173.74%  | 57.43%   | 6.2MB      | 3.5MB       | 0B        | 11.7MB     |
|--------|-----------------------------------|-------------|-------------|----------|----------|------------|-------------|-----------|------------|
| Docker | peer0.org1.example.com            | 205.9MB     | 198.5MB     | 175.24%  | 57.35%   | 6.3MB      | 4.2MB       | 80.0KB    | 11.7MB     |
|--------|-----------------------------------|-------------|-------------|----------|----------|------------|-------------|-----------|------------|
| Docker | ca.org2.example.com               | 29.6MB      | 29.6MB      | 0.00%    | 0.00%    | 0B         | 0B          | 0B        | 0B         |
|--------|-----------------------------------|-------------|-------------|----------|----------|------------|-------------|-----------|------------|
| Docker | ca.org1.example.com               | 10.9MB      | 10.9MB      | 0.00%    | 0.00%    | 0B         | 0B          | 0B        | 0B         |
|--------|-----------------------------------|-------------|-------------|----------|----------|------------|-------------|-----------|------------|
| Docker | orderer.example.com               | 65.2MB      | 56.9MB      | 79.69%   | 20.39%   | 4.2MB      | 8.3MB       | 360.0KB   | 9.5MB      |
+--------+-----------------------------------+-------------+-------------+----------+----------+------------+-------------+-----------+------------+
 

2020-02-07T19:18:59+09:00 - INFO [defaultTest]: ------ Passed 'smallOperations' testing ------ 

2020-02-07T19:18:59+09:00 - INFO [defaultTest]: Waiting 5 seconds for the next round... 

2020-02-07T19:19:00+09:00 - INFO [demo.js]: [Transaction Info] - Submitted: 1000 Succ: 1000 Fail:0 Unfinished:0 

2020-02-07T19:19:01+09:00 - INFO [demo.js]: [Transaction Info] - Submitted: 1000 Succ: 1000 Fail:0 Unfinished:0 

2020-02-07T19:19:02+09:00 - INFO [demo.js]: [Transaction Info] - Submitted: 1000 Succ: 1000 Fail:0 Unfinished:0 

2020-02-07T19:19:03+09:00 - INFO [demo.js]: [Transaction Info] - Submitted: 1000 Succ: 1000 Fail:0 Unfinished:0 

2020-02-07T19:19:04+09:00 - INFO [demo.js]: [Transaction Info] - Submitted: 1000 Succ: 1000 Fail:0 Unfinished:0 

2020-02-07T19:19:04+09:00 - INFO [defaultTest]: ####### Testing 'query' ####### 

2020-02-07T19:19:04+09:00 - DEBUG [local-client.js]: doTest() with:
	{"type":"test","label":"query","rateControl":{"type":"fixed-rate","opts":{"tps":1000}},"trim":0,"cb":"benchmark/smallbank/query.js","config":"/home/oslab/caliper-benchmarks/caliper/packages/caliper-samples/network/fabric-v1.4.1/2org1peergoleveldb/fabric-go.yaml","root":"/home/oslab/caliper-benchmarks/caliper/packages/caliper-samples","numb":200,"roundIdx":2,"totalClients":5,"clients":5,"clientargs":{},"clientIdx":0}

2020-02-07T19:19:04+09:00 - DEBUG [local-client.js]: doTest() with:
	{"type":"test","label":"query","rateControl":{"type":"fixed-rate","opts":{"tps":1000}},"trim":0,"cb":"benchmark/smallbank/query.js","config":"/home/oslab/caliper-benchmarks/caliper/packages/caliper-samples/network/fabric-v1.4.1/2org1peergoleveldb/fabric-go.yaml","root":"/home/oslab/caliper-benchmarks/caliper/packages/caliper-samples","numb":200,"roundIdx":2,"totalClients":5,"clients":5,"clientargs":{},"clientIdx":3}

2020-02-07T19:19:04+09:00 - DEBUG [local-client.js]: doTest() with:
	{"type":"test","label":"query","rateControl":{"type":"fixed-rate","opts":{"tps":1000}},"trim":0,"cb":"benchmark/smallbank/query.js","config":"/home/oslab/caliper-benchmarks/caliper/packages/caliper-samples/network/fabric-v1.4.1/2org1peergoleveldb/fabric-go.yaml","root":"/home/oslab/caliper-benchmarks/caliper/packages/caliper-samples","numb":200,"roundIdx":2,"totalClients":5,"clients":5,"clientargs":{},"clientIdx":2}

2020-02-07T19:19:04+09:00 - DEBUG [local-client.js]: doTest() with:
	{"type":"test","label":"query","rateControl":{"type":"fixed-rate","opts":{"tps":1000}},"trim":0,"cb":"benchmark/smallbank/query.js","config":"/home/oslab/caliper-benchmarks/caliper/packages/caliper-samples/network/fabric-v1.4.1/2org1peergoleveldb/fabric-go.yaml","root":"/home/oslab/caliper-benchmarks/caliper/packages/caliper-samples","numb":200,"roundIdx":2,"totalClients":5,"clients":5,"clientargs":{},"clientIdx":1}

2020-02-07T19:19:04+09:00 - DEBUG [local-client.js]: doTest() with:
	{"type":"test","label":"query","rateControl":{"type":"fixed-rate","opts":{"tps":1000}},"trim":0,"cb":"benchmark/smallbank/query.js","config":"/home/oslab/caliper-benchmarks/caliper/packages/caliper-samples/network/fabric-v1.4.1/2org1peergoleveldb/fabric-go.yaml","root":"/home/oslab/caliper-benchmarks/caliper/packages/caliper-samples","numb":200,"roundIdx":2,"totalClients":5,"clients":5,"clientargs":{},"clientIdx":4}

2020-02-07T19:19:04+09:00 - INFO [defaultTest]: ------ Test round 2 ------ 

2020-02-07T19:19:04+09:00 - INFO [client-util.js]: Waiting for 0 clients to be ready...  

2020-02-07T19:19:04+09:00 - INFO [client-util.js]: 0 clients ready, starting test phase 

2020-02-07T19:19:04+09:00 - INFO [local-client.js]: txUpdateTime: 1000 

2020-02-07T19:19:04+09:00 - INFO [local-client.js]: txUpdateTime: 1000 

2020-02-07T19:19:04+09:00 - INFO [local-client.js]: txUpdateTime: 1000 

2020-02-07T19:19:04+09:00 - INFO [local-client.js]: txUpdateTime: 1000 

2020-02-07T19:19:04+09:00 - INFO [local-client.js]: txUpdateTime: 1000 

2020-02-07T19:19:05+09:00 - INFO [local-client.js]: Info: client 30581 start test runFixedNumber():querying accounts 

2020-02-07T19:19:05+09:00 - INFO [local-client.js]: Info: client 30587 start test runFixedNumber():querying accounts 

2020-02-07T19:19:05+09:00 - DEBUG [rateControl.js]: Creating rate controller for client#1 for round#2
	{"type":"fixed-rate","opts":{"tps":1000}}

2020-02-07T19:19:05+09:00 - INFO [local-client.js]: Info: client 30599 start test runFixedNumber():querying accounts 

2020-02-07T19:19:05+09:00 - DEBUG [rateControl.js]: Creating rate controller for client#2 for round#2
	{"type":"fixed-rate","opts":{"tps":1000}}

2020-02-07T19:19:05+09:00 - DEBUG [rateControl.js]: Creating rate controller for client#4 for round#2
	{"type":"fixed-rate","opts":{"tps":1000}}

2020-02-07T19:19:05+09:00 - INFO [local-client.js]: Info: client 30589 start test runFixedNumber():querying accounts 

2020-02-07T19:19:05+09:00 - INFO [local-client.js]: Info: client 30576 start test runFixedNumber():querying accounts 

2020-02-07T19:19:05+09:00 - DEBUG [rateControl.js]: Creating rate controller for client#3 for round#2
	{"type":"fixed-rate","opts":{"tps":1000}}

2020-02-07T19:19:05+09:00 - DEBUG [rateControl.js]: Creating rate controller for client#0 for round#2
	{"type":"fixed-rate","opts":{"tps":1000}}

2020-02-07T19:19:05+09:00 - INFO [demo.js]: [Transaction Info] - Submitted: 1000 Succ: 1000 Fail:0 Unfinished:0 

2020-02-07T19:19:06+09:00 - INFO [demo.js]: [Transaction Info] - Submitted: 2000 Succ: 2000 Fail:0 Unfinished:0 

2020-02-07T19:19:06+09:00 - DEBUG [report-builder]: r.create.max: 1581070746.003 r.create.min: 1581070745.006 r.final.max: 1581070746.01 r.final.min: 1581070745.022 r.final.last: 1581070746.01 

2020-02-07T19:19:06+09:00 - DEBUG [report-builder]:  throughput for only success time computed: 996.0 

2020-02-07T19:19:06+09:00 - DEBUG [report-builder]: sendTransactionProposal: 0ms length: 1000 

2020-02-07T19:19:06+09:00 - DEBUG [report-builder]: sendTransaction: 0ms 

2020-02-07T19:19:06+09:00 - DEBUG [report-builder]: invokeLatency: 0ms 

2020-02-07T19:19:06+09:00 - INFO [report-builder]: ###test result:### 

2020-02-07T19:19:06+09:00 - INFO [report-builder]: 
+-------+------+------+------------+-------------+-------------+-------------+------------+
| Name  | Succ | Fail | Send Rate  | Max Latency | Min Latency | Avg Latency | Throughput |
|-------|------|------|------------|-------------|-------------|-------------|------------|
| query | 1000 | 0    | 1003.0 tps | 0.04 s      | 0.01 s      | 0.01 s      | 996.0 tps  |
+-------+------+------+------------+-------------+-------------+-------------+------------+
 

2020-02-07T19:19:06+09:00 - INFO [report-builder]: ### resource stats ### 

2020-02-07T19:19:06+09:00 - INFO [report-builder]: 
+--------+-----------------------------------+-------------+-------------+----------+----------+------------+-------------+-----------+------------+
| TYPE   | NAME                              | Memory(max) | Memory(avg) | CPU(max) | CPU(avg) | Traffic In | Traffic Out | Disc Read | Disc Write |
|--------|-----------------------------------|-------------|-------------|----------|----------|------------|-------------|-----------|------------|
| Docker | dev-peer0.org1.example.co...nk-v0 | -           | -           | NaN%     | NaN%     | -          | -           | -         | -          |
|--------|-----------------------------------|-------------|-------------|----------|----------|------------|-------------|-----------|------------|
| Docker | dev-peer0.org2.example.co...nk-v0 | -           | -           | NaN%     | NaN%     | -          | -           | -         | -          |
|--------|-----------------------------------|-------------|-------------|----------|----------|------------|-------------|-----------|------------|
| Docker | dev-peer0.org1.example.co...le-v0 | -           | -           | NaN%     | NaN%     | -          | -           | -         | -          |
|--------|-----------------------------------|-------------|-------------|----------|----------|------------|-------------|-----------|------------|
| Docker | dev-peer0.org2.example.co...le-v0 | -           | -           | NaN%     | NaN%     | -          | -           | -         | -          |
|--------|-----------------------------------|-------------|-------------|----------|----------|------------|-------------|-----------|------------|
| Docker | dev-peer0.org1.example.co...rm-v0 | -           | -           | NaN%     | NaN%     | -          | -           | -         | -          |
|--------|-----------------------------------|-------------|-------------|----------|----------|------------|-------------|-----------|------------|
| Docker | dev-peer0.org2.example.co...rm-v0 | -           | -           | NaN%     | NaN%     | -          | -           | -         | -          |
|--------|-----------------------------------|-------------|-------------|----------|----------|------------|-------------|-----------|------------|
| Docker | dev-peer0.org1.example.co...es-v0 | -           | -           | NaN%     | NaN%     | -          | -           | -         | -          |
|--------|-----------------------------------|-------------|-------------|----------|----------|------------|-------------|-----------|------------|
| Docker | dev-peer0.org2.example.co...es-v0 | -           | -           | NaN%     | NaN%     | -          | -           | -         | -          |
|--------|-----------------------------------|-------------|-------------|----------|----------|------------|-------------|-----------|------------|
| Docker | peer0.org2.example.com            | -           | -           | NaN%     | NaN%     | -          | -           | -         | -          |
|--------|-----------------------------------|-------------|-------------|----------|----------|------------|-------------|-----------|------------|
| Docker | peer0.org1.example.com            | -           | -           | NaN%     | NaN%     | -          | -           | -         | -          |
|--------|-----------------------------------|-------------|-------------|----------|----------|------------|-------------|-----------|------------|
| Docker | ca.org2.example.com               | -           | -           | NaN%     | NaN%     | -          | -           | -         | -          |
|--------|-----------------------------------|-------------|-------------|----------|----------|------------|-------------|-----------|------------|
| Docker | ca.org1.example.com               | -           | -           | NaN%     | NaN%     | -          | -           | -         | -          |
|--------|-----------------------------------|-------------|-------------|----------|----------|------------|-------------|-----------|------------|
| Docker | orderer.example.com               | -           | -           | NaN%     | NaN%     | -          | -           | -         | -          |
+--------+-----------------------------------+-------------+-------------+----------+----------+------------+-------------+-----------+------------+
 

2020-02-07T19:19:06+09:00 - INFO [defaultTest]: ------ Passed 'query' testing ------ 

2020-02-07T19:19:06+09:00 - INFO [caliper-flow]: ---------- Finished Test ----------
 

2020-02-07T19:19:06+09:00 - INFO [report-builder]: ###all test results:### 

2020-02-07T19:19:06+09:00 - INFO [report-builder]: 
+------+-----------------+------+------+------------+-------------+-------------+-------------+------------+
| Test | Name            | Succ | Fail | Send Rate  | Max Latency | Min Latency | Avg Latency | Throughput |
|------|-----------------|------|------|------------|-------------|-------------|-------------|------------|
| 1    | smallOperations | 1000 | 0    | 653.6 tps  | 7.33 s      | 0.19 s      | 3.74 s      | 113.2 tps  |
|------|-----------------|------|------|------------|-------------|-------------|-------------|------------|
| 2    | query           | 1000 | 0    | 1003.0 tps | 0.04 s      | 0.01 s      | 0.01 s      | 996.0 tps  |
+------+-----------------+------+------+------------+-------------+-------------+-------------+------------+
 

2020-02-07T19:19:06+09:00 - INFO [monitor.js]: 
 ### resource stats (maximum) ### 

2020-02-07T19:19:06+09:00 - INFO [monitor.js]: 
+--------+-----------------------------------+-------------+----------+------------+-------------+-----------+------------+
| TYPE   | NAME                              | Memory(max) | CPU(max) | Traffic In | Traffic Out | Disc Read | Disc Write |
|--------|-----------------------------------|-------------|----------|------------|-------------|-----------|------------|
| Docker | dev-peer0.org1.example.co...nk-v0 | 8.6MB       | 52.83%   | 1.8MB      | 974.2KB     | 0B        | 0B         |
|--------|-----------------------------------|-------------|----------|------------|-------------|-----------|------------|
| Docker | dev-peer0.org2.example.co...nk-v0 | 8.5MB       | 50.54%   | 1.8MB      | 961.8KB     | 0B        | 0B         |
|--------|-----------------------------------|-------------|----------|------------|-------------|-----------|------------|
| Docker | dev-peer0.org1.example.co...le-v0 | 7.1MB       | 0.02%    | 273B       | 0B          | 0B        | 0B         |
|--------|-----------------------------------|-------------|----------|------------|-------------|-----------|------------|
| Docker | dev-peer0.org2.example.co...le-v0 | 6.8MB       | 0.00%    | 273B       | 0B          | 0B        | 0B         |
|--------|-----------------------------------|-------------|----------|------------|-------------|-----------|------------|
| Docker | dev-peer0.org1.example.co...rm-v0 | 6.8MB       | 0.00%    | 0B         | 0B          | 0B        | 0B         |
|--------|-----------------------------------|-------------|----------|------------|-------------|-----------|------------|
| Docker | dev-peer0.org2.example.co...rm-v0 | 6.9MB       | 0.00%    | 0B         | 0B          | 0B        | 0B         |
|--------|-----------------------------------|-------------|----------|------------|-------------|-----------|------------|
| Docker | dev-peer0.org1.example.co...es-v0 | 6.8MB       | 0.00%    | 70B        | 0B          | 0B        | 0B         |
|--------|-----------------------------------|-------------|----------|------------|-------------|-----------|------------|
| Docker | dev-peer0.org2.example.co...es-v0 | 6.9MB       | 0.02%    | 70B        | 0B          | 0B        | 0B         |
|--------|-----------------------------------|-------------|----------|------------|-------------|-----------|------------|
| Docker | peer0.org2.example.com            | 180.8MB     | 173.74%  | 6.3MB      | 3.6MB       | 0B        | 13.8MB     |
|--------|-----------------------------------|-------------|----------|------------|-------------|-----------|------------|
| Docker | peer0.org1.example.com            | 205.9MB     | 175.24%  | 6.3MB      | 4.2MB       | 80.0KB    | 13.8MB     |
|--------|-----------------------------------|-------------|----------|------------|-------------|-----------|------------|
| Docker | ca.org2.example.com               | 29.6MB      | 0.00%    | 0B         | 0B          | 0B        | 0B         |
|--------|-----------------------------------|-------------|----------|------------|-------------|-----------|------------|
| Docker | ca.org1.example.com               | 10.9MB      | 0.00%    | 0B         | 0B          | 0B        | 0B         |
|--------|-----------------------------------|-------------|----------|------------|-------------|-----------|------------|
| Docker | orderer.example.com               | 65.2MB      | 79.69%   | 4.2MB      | 8.3MB       | 360.0KB   | 9.5MB      |
+--------+-----------------------------------+-------------+----------+------------+-------------+-----------+------------+
 

2020-02-07T19:19:06+09:00 - INFO [caliper-flow]: Generated report with path /home/oslab/caliper-benchmarks/report-20200207T101906.html 

2020-02-07T19:19:06+09:00 - INFO [demo.js]: [Transaction Info] - Submitted: 2000 Succ: 2000 Fail:0 Unfinished:0 

2020-02-07T19:19:06+09:00 - INFO [caliper-flow]: 

#######################################
# Test summary: 2 succeeded, 0 failed #
#######################################
 

2020-02-07T19:19:06+09:00 - INFO [caliper-utils]: Executing command: cd /home/oslab/caliper-benchmarks/caliper/packages/caliper-samples;docker-compose -f network/fabric-v1.4.1/2org1peergoleveldb/docker-compose.yaml down;(test -z \"$(docker ps -aq)\") || docker rm $(docker ps -aq);(test -z \"$(docker images dev* -q)\") || docker rmi $(docker images dev* -q);rm -rf /tmp/hfc-* 

2020-02-07T19:19:06+09:00 - INFO [client-util.js]: Client exited with code null 

2020-02-07T19:19:06+09:00 - INFO [client-util.js]: Client exited with code null 

2020-02-07T19:19:06+09:00 - INFO [client-util.js]: Client exited with code null 

2020-02-07T19:19:06+09:00 - INFO [client-util.js]: Client exited with code null 

2020-02-07T19:19:06+09:00 - INFO [client-util.js]: Client exited with code null 

2020-02-07T19:19:18+09:00 - DEBUG Constructed a winston logger with the specified targets:
	{"consolelogger":{"target":"console","level":"info"},"filelogger":{"target":"daily-rotate-file","level":"debug","filename":"log/caliper-%DATE%.log","datePattern":"YYYY-MM-DD-HH","maxSize":"5m","zippedArchive":true}}

2020-02-07T19:19:20+09:00 - INFO [caliper-flow]: ####### Caliper Test ####### 

2020-02-07T19:19:20+09:00 - INFO [caliper-utils]: Executing command: cd /home/oslab/caliper-benchmarks/caliper/packages/caliper-samples;docker-compose -f network/fabric-v1.4.1/2org1peercouchdb/docker-compose.yaml up -d;sleep 3s 

2020-02-07T19:19:32+09:00 - INFO [adapters/fabric]: Fabric SDK version: 1.4.4; TLS: none 

2020-02-07T19:19:33+09:00 - INFO [adapters/fabric]: Org1's registrar enrolled successfully 

2020-02-07T19:19:33+09:00 - INFO [adapters/fabric]: Org2's registrar enrolled successfully 

2020-02-07T19:19:33+09:00 - INFO [adapters/fabric]: Org1's admin's materials are successfully loaded 

2020-02-07T19:19:33+09:00 - INFO [adapters/fabric]: Org2's admin's materials are successfully loaded 

2020-02-07T19:19:33+09:00 - INFO [adapters/fabric]: client0.org1.example.com's materials are successfully loaded 

2020-02-07T19:19:33+09:00 - INFO [adapters/fabric]: client0.org2.example.com's materials are successfully loaded 

2020-02-07T19:19:33+09:00 - INFO [adapters/fabric]: Channel 'mychannel' definiton being retrieved from file 

2020-02-07T19:19:33+09:00 - INFO [adapters/fabric]: Channel 'mychannel' successfully created 

2020-02-07T19:19:33+09:00 - INFO [adapters/fabric]: Sleeping 5s... 

2020-02-07T19:19:39+09:00 - INFO [adapters/fabric]: Org1's peers successfully joined mychannel: peer0.org1.example.com 

2020-02-07T19:19:39+09:00 - INFO [adapters/fabric]: Org2's peers successfully joined mychannel: peer0.org2.example.com 

2020-02-07T19:19:39+09:00 - INFO [adapters/fabric]: Sleeping 5s... 

2020-02-07T19:19:44+09:00 - INFO [adapters/fabric]: Installing chaincodes for mychannel... 

2020-02-07T19:19:44+09:00 - INFO [adapters/fabric]: marbles@v0 successfully installed on Org1's peers: peer0.org1.example.com 

2020-02-07T19:19:44+09:00 - INFO [adapters/fabric]: marbles@v0 successfully installed on Org2's peers: peer0.org2.example.com 

2020-02-07T19:19:44+09:00 - INFO [adapters/fabric]: drm@v0 successfully installed on Org1's peers: peer0.org1.example.com 

2020-02-07T19:19:44+09:00 - INFO [adapters/fabric]: drm@v0 successfully installed on Org2's peers: peer0.org2.example.com 

2020-02-07T19:19:44+09:00 - INFO [adapters/fabric]: simple@v0 successfully installed on Org1's peers: peer0.org1.example.com 

2020-02-07T19:19:44+09:00 - INFO [adapters/fabric]: simple@v0 successfully installed on Org2's peers: peer0.org2.example.com 

2020-02-07T19:19:44+09:00 - INFO [adapters/fabric]: smallbank@v0 successfully installed on Org1's peers: peer0.org1.example.com 

2020-02-07T19:19:44+09:00 - INFO [adapters/fabric]: smallbank@v0 successfully installed on Org2's peers: peer0.org2.example.com 

2020-02-07T19:19:44+09:00 - INFO [adapters/fabric]: Instantiating marbles@v0 in mychannel. This might take some time... 

2020-02-07T19:19:58+09:00 - INFO [adapters/fabric]: Successfully instantiated marbles@v0 in mychannel 

2020-02-07T19:19:58+09:00 - INFO [adapters/fabric]: Instantiating drm@v0 in mychannel. This might take some time... 

2020-02-07T19:20:12+09:00 - INFO [adapters/fabric]: Successfully instantiated drm@v0 in mychannel 

2020-02-07T19:20:12+09:00 - INFO [adapters/fabric]: Instantiating simple@v0 in mychannel. This might take some time... 

2020-02-07T19:20:26+09:00 - INFO [adapters/fabric]: Successfully instantiated simple@v0 in mychannel 

2020-02-07T19:20:26+09:00 - INFO [adapters/fabric]: Instantiating smallbank@v0 in mychannel. This might take some time... 

2020-02-07T19:20:40+09:00 - INFO [adapters/fabric]: Successfully instantiated smallbank@v0 in mychannel 

2020-02-07T19:20:40+09:00 - INFO [adapters/fabric]: Sleeping 5s... 

2020-02-07T19:20:46+09:00 - INFO [caliper-flow]: Started monitor successfully 

2020-02-07T19:20:46+09:00 - INFO [defaultTest]: ####### Testing 'smallOperations' ####### 

2020-02-07T19:20:46+09:00 - INFO [defaultTest]: ------ Test round 1 ------ 

2020-02-07T19:20:46+09:00 - INFO [client-util.js]: Launching client with PID  22945 

2020-02-07T19:20:46+09:00 - INFO [client-util.js]: Launching client with PID  22951 

2020-02-07T19:20:46+09:00 - INFO [client-util.js]: Launching client with PID  22956 

2020-02-07T19:20:46+09:00 - INFO [client-util.js]: Launching client with PID  22957 

2020-02-07T19:20:46+09:00 - INFO [client-util.js]: Launching client with PID  22964 

2020-02-07T19:20:46+09:00 - INFO [client-util.js]: Waiting for 5 clients to be ready...  

2020-02-07T19:20:47+09:00 - INFO [demo.js]: [Transaction Info] - Submitted: 0 Succ: 0 Fail:0 Unfinished:0 

2020-02-07T19:20:46+09:00 - DEBUG Constructed a winston logger with the specified targets:
	{"consolelogger":{"target":"console","level":"info"},"filelogger":{"target":"daily-rotate-file","level":"debug","filename":"log/caliper-%DATE%.log","datePattern":"YYYY-MM-DD-HH","maxSize":"5m","zippedArchive":true}}

2020-02-07T19:20:46+09:00 - DEBUG Constructed a winston logger with the specified targets:
	{"consolelogger":{"target":"console","level":"info"},"filelogger":{"target":"daily-rotate-file","level":"debug","filename":"log/caliper-%DATE%.log","datePattern":"YYYY-MM-DD-HH","maxSize":"5m","zippedArchive":true}}

2020-02-07T19:20:46+09:00 - DEBUG Constructed a winston logger with the specified targets:
	{"consolelogger":{"target":"console","level":"info"},"filelogger":{"target":"daily-rotate-file","level":"debug","filename":"log/caliper-%DATE%.log","datePattern":"YYYY-MM-DD-HH","maxSize":"5m","zippedArchive":true}}

2020-02-07T19:20:46+09:00 - DEBUG Constructed a winston logger with the specified targets:
	{"consolelogger":{"target":"console","level":"info"},"filelogger":{"target":"daily-rotate-file","level":"debug","filename":"log/caliper-%DATE%.log","datePattern":"YYYY-MM-DD-HH","maxSize":"5m","zippedArchive":true}}

2020-02-07T19:20:46+09:00 - DEBUG Constructed a winston logger with the specified targets:
	{"consolelogger":{"target":"console","level":"info"},"filelogger":{"target":"daily-rotate-file","level":"debug","filename":"log/caliper-%DATE%.log","datePattern":"YYYY-MM-DD-HH","maxSize":"5m","zippedArchive":true}}

2020-02-07T19:20:47+09:00 - INFO [client-util.js]: Client ready message recieved 

2020-02-07T19:20:47+09:00 - INFO [fabric/fabricClientWorker]: Client ready 

2020-02-07T19:20:47+09:00 - INFO [client-util.js]: Client ready message recieved 

2020-02-07T19:20:47+09:00 - INFO [fabric/fabricClientWorker]: Client ready 

2020-02-07T19:20:47+09:00 - INFO [client-util.js]: Client ready message recieved 

2020-02-07T19:20:47+09:00 - INFO [fabric/fabricClientWorker]: Client ready 

2020-02-07T19:20:47+09:00 - INFO [client-util.js]: Client ready message recieved 

2020-02-07T19:20:47+09:00 - INFO [fabric/fabricClientWorker]: Client ready 

2020-02-07T19:20:47+09:00 - INFO [client-util.js]: Client ready message recieved 

2020-02-07T19:20:47+09:00 - INFO [client-util.js]: 5 clients ready, starting test phase 

2020-02-07T19:20:47+09:00 - INFO [fabric/fabricClientWorker]: Client ready 

2020-02-07T19:20:47+09:00 - DEBUG [local-client.js]: doTest() with:
	{"type":"test","label":"smallOperations","rateControl":{"type":"fixed-rate","opts":{"tps":1000}},"trim":0,"args":{"accounts":400,"txnPerBatch":1},"cb":"benchmark/smallbank/smallbankOperations.js","config":"/home/oslab/caliper-benchmarks/caliper/packages/caliper-samples/network/fabric-v1.4.1/2org1peercouchdb/fabric-go.yaml","root":"/home/oslab/caliper-benchmarks/caliper/packages/caliper-samples","numb":200,"roundIdx":1,"totalClients":5,"clients":5,"clientargs":{},"clientIdx":2}

2020-02-07T19:20:47+09:00 - DEBUG [local-client.js]: doTest() with:
	{"type":"test","label":"smallOperations","rateControl":{"type":"fixed-rate","opts":{"tps":1000}},"trim":0,"args":{"accounts":400,"txnPerBatch":1},"cb":"benchmark/smallbank/smallbankOperations.js","config":"/home/oslab/caliper-benchmarks/caliper/packages/caliper-samples/network/fabric-v1.4.1/2org1peercouchdb/fabric-go.yaml","root":"/home/oslab/caliper-benchmarks/caliper/packages/caliper-samples","numb":200,"roundIdx":1,"totalClients":5,"clients":5,"clientargs":{},"clientIdx":4}

2020-02-07T19:20:47+09:00 - DEBUG [local-client.js]: doTest() with:
	{"type":"test","label":"smallOperations","rateControl":{"type":"fixed-rate","opts":{"tps":1000}},"trim":0,"args":{"accounts":400,"txnPerBatch":1},"cb":"benchmark/smallbank/smallbankOperations.js","config":"/home/oslab/caliper-benchmarks/caliper/packages/caliper-samples/network/fabric-v1.4.1/2org1peercouchdb/fabric-go.yaml","root":"/home/oslab/caliper-benchmarks/caliper/packages/caliper-samples","numb":200,"roundIdx":1,"totalClients":5,"clients":5,"clientargs":{},"clientIdx":1}

2020-02-07T19:20:47+09:00 - DEBUG [local-client.js]: doTest() with:
	{"type":"test","label":"smallOperations","rateControl":{"type":"fixed-rate","opts":{"tps":1000}},"trim":0,"args":{"accounts":400,"txnPerBatch":1},"cb":"benchmark/smallbank/smallbankOperations.js","config":"/home/oslab/caliper-benchmarks/caliper/packages/caliper-samples/network/fabric-v1.4.1/2org1peercouchdb/fabric-go.yaml","root":"/home/oslab/caliper-benchmarks/caliper/packages/caliper-samples","numb":200,"roundIdx":1,"totalClients":5,"clients":5,"clientargs":{},"clientIdx":0}

2020-02-07T19:20:47+09:00 - DEBUG [local-client.js]: doTest() with:
	{"type":"test","label":"smallOperations","rateControl":{"type":"fixed-rate","opts":{"tps":1000}},"trim":0,"args":{"accounts":400,"txnPerBatch":1},"cb":"benchmark/smallbank/smallbankOperations.js","config":"/home/oslab/caliper-benchmarks/caliper/packages/caliper-samples/network/fabric-v1.4.1/2org1peercouchdb/fabric-go.yaml","root":"/home/oslab/caliper-benchmarks/caliper/packages/caliper-samples","numb":200,"roundIdx":1,"totalClients":5,"clients":5,"clientargs":{},"clientIdx":3}

2020-02-07T19:20:47+09:00 - INFO [local-client.js]: txUpdateTime: 1000 

2020-02-07T19:20:47+09:00 - INFO [local-client.js]: txUpdateTime: 1000 

2020-02-07T19:20:47+09:00 - INFO [local-client.js]: txUpdateTime: 1000 

2020-02-07T19:20:47+09:00 - INFO [local-client.js]: txUpdateTime: 1000 

2020-02-07T19:20:47+09:00 - INFO [local-client.js]: txUpdateTime: 1000 

2020-02-07T19:20:47+09:00 - INFO [local-client.js]: Info: client 22945 start test runFixedNumber():small_bank_operations 

2020-02-07T19:20:47+09:00 - DEBUG [rateControl.js]: Creating rate controller for client#0 for round#1
	{"type":"fixed-rate","opts":{"tps":1000}}

2020-02-07T19:20:47+09:00 - INFO [local-client.js]: Info: client 22957 start test runFixedNumber():small_bank_operations 

2020-02-07T19:20:47+09:00 - INFO [local-client.js]: Info: client 22956 start test runFixedNumber():small_bank_operations 

2020-02-07T19:20:47+09:00 - DEBUG [rateControl.js]: Creating rate controller for client#3 for round#1
	{"type":"fixed-rate","opts":{"tps":1000}}

2020-02-07T19:20:47+09:00 - DEBUG [rateControl.js]: Creating rate controller for client#2 for round#1
	{"type":"fixed-rate","opts":{"tps":1000}}

2020-02-07T19:20:47+09:00 - INFO [local-client.js]: Info: client 22964 start test runFixedNumber():small_bank_operations 

2020-02-07T19:20:47+09:00 - INFO [local-client.js]: Info: client 22951 start test runFixedNumber():small_bank_operations 

2020-02-07T19:20:47+09:00 - DEBUG [rateControl.js]: Creating rate controller for client#4 for round#1
	{"type":"fixed-rate","opts":{"tps":1000}}

2020-02-07T19:20:47+09:00 - DEBUG [rateControl.js]: Creating rate controller for client#1 for round#1
	{"type":"fixed-rate","opts":{"tps":1000}}

2020-02-07T19:20:48+09:00 - INFO [demo.js]: [Transaction Info] - Submitted: 0 Succ: 0 Fail:0 Unfinished:0 

2020-02-07T19:20:49+09:00 - INFO [demo.js]: [Transaction Info] - Submitted: 541 Succ: 80 Fail:0 Unfinished:461 

2020-02-07T19:20:50+09:00 - INFO [demo.js]: [Transaction Info] - Submitted: 1000 Succ: 189 Fail:0 Unfinished:811 

2020-02-07T19:20:51+09:00 - INFO [demo.js]: [Transaction Info] - Submitted: 1000 Succ: 299 Fail:0 Unfinished:701 

2020-02-07T19:20:52+09:00 - INFO [demo.js]: [Transaction Info] - Submitted: 1000 Succ: 440 Fail:0 Unfinished:560 

2020-02-07T19:20:53+09:00 - INFO [demo.js]: [Transaction Info] - Submitted: 1000 Succ: 570 Fail:0 Unfinished:430 

2020-02-07T19:20:54+09:00 - INFO [demo.js]: [Transaction Info] - Submitted: 1000 Succ: 710 Fail:0 Unfinished:290 

2020-02-07T19:20:55+09:00 - INFO [demo.js]: [Transaction Info] - Submitted: 1000 Succ: 840 Fail:0 Unfinished:160 

2020-02-07T19:20:56+09:00 - INFO [demo.js]: [Transaction Info] - Submitted: 1000 Succ: 1000 Fail:0 Unfinished:0 

2020-02-07T19:20:56+09:00 - DEBUG [report-builder]: r.create.max: 1581070849.463 r.create.min: 1581070847.905 r.final.max: 1581070855.93 r.final.min: 1581070848.175 r.final.last: 1581070855.93 

2020-02-07T19:20:56+09:00 - DEBUG [report-builder]:  throughput for only success time computed: 124.6 

2020-02-07T19:20:56+09:00 - DEBUG [report-builder]: sendTransactionProposal: 0ms length: 1000 

2020-02-07T19:20:56+09:00 - DEBUG [report-builder]: sendTransaction: 0ms 

2020-02-07T19:20:56+09:00 - DEBUG [report-builder]: invokeLatency: 0ms 

2020-02-07T19:20:56+09:00 - INFO [report-builder]: ###test result:### 

2020-02-07T19:20:56+09:00 - INFO [report-builder]: 
+-----------------+------+------+-----------+-------------+-------------+-------------+------------+
| Name            | Succ | Fail | Send Rate | Max Latency | Min Latency | Avg Latency | Throughput |
|-----------------|------|------|-----------|-------------|-------------|-------------|------------|
| smallOperations | 1000 | 0    | 641.8 tps | 6.56 s      | 0.20 s      | 3.50 s      | 124.6 tps  |
+-----------------+------+------+-----------+-------------+-------------+-------------+------------+
 

2020-02-07T19:20:56+09:00 - INFO [report-builder]: ### resource stats ### 

2020-02-07T19:20:56+09:00 - INFO [report-builder]: 
+--------+-----------------------------------+-------------+-------------+----------+----------+------------+-------------+-----------+------------+
| TYPE   | NAME                              | Memory(max) | Memory(avg) | CPU(max) | CPU(avg) | Traffic In | Traffic Out | Disc Read | Disc Write |
|--------|-----------------------------------|-------------|-------------|----------|----------|------------|-------------|-----------|------------|
| Docker | dev-peer0.org1.example.co...nk-v0 | 8.8MB       | 8.4MB       | 34.85%   | 6.97%    | 1.8MB      | 926.5KB     | 0B        | 0B         |
|--------|-----------------------------------|-------------|-------------|----------|----------|------------|-------------|-----------|------------|
| Docker | dev-peer0.org2.example.co...nk-v0 | 8.7MB       | 8.3MB       | 31.70%   | 6.34%    | 1.7MB      | 896.5KB     | 0B        | 0B         |
|--------|-----------------------------------|-------------|-------------|----------|----------|------------|-------------|-----------|------------|
| Docker | dev-peer0.org2.example.co...le-v0 | 6.9MB       | 6.9MB       | 0.00%    | 0.00%    | 70B        | 0B          | 0B        | 0B         |
|--------|-----------------------------------|-------------|-------------|----------|----------|------------|-------------|-----------|------------|
| Docker | dev-peer0.org1.example.co...le-v0 | 6.6MB       | 6.6MB       | 0.00%    | 0.00%    | 70B        | 0B          | 0B        | 0B         |
|--------|-----------------------------------|-------------|-------------|----------|----------|------------|-------------|-----------|------------|
| Docker | dev-peer0.org1.example.co...rm-v0 | 7.0MB       | 7.0MB       | 0.00%    | 0.00%    | 0B         | 0B          | 0B        | 0B         |
|--------|-----------------------------------|-------------|-------------|----------|----------|------------|-------------|-----------|------------|
| Docker | dev-peer0.org2.example.co...rm-v0 | 6.9MB       | 6.9MB       | 0.00%    | 0.00%    | 0B         | 0B          | 0B        | 0B         |
|--------|-----------------------------------|-------------|-------------|----------|----------|------------|-------------|-----------|------------|
| Docker | dev-peer0.org2.example.co...es-v0 | 7.0MB       | 7.0MB       | 0.00%    | 0.00%    | 0B         | 0B          | 0B        | 0B         |
|--------|-----------------------------------|-------------|-------------|----------|----------|------------|-------------|-----------|------------|
| Docker | dev-peer0.org1.example.co...es-v0 | 6.8MB       | 6.8MB       | 0.00%    | 0.00%    | 0B         | 0B          | 0B        | 0B         |
|--------|-----------------------------------|-------------|-------------|----------|----------|------------|-------------|-----------|------------|
| Docker | peer0.org2.example.com            | 185.2MB     | 177.6MB     | 163.37%  | 62.34%   | 7.2MB      | 4.4MB       | 0B        | 12.3MB     |
|--------|-----------------------------------|-------------|-------------|----------|----------|------------|-------------|-----------|------------|
| Docker | peer0.org1.example.com            | 176.3MB     | 171.2MB     | 166.40%  | 62.69%   | 7.3MB      | 5.1MB       | 0B        | 12.6MB     |
|--------|-----------------------------------|-------------|-------------|----------|----------|------------|-------------|-----------|------------|
| Docker | ca.org2.example.com               | 10.2MB      | 10.2MB      | 0.00%    | 0.00%    | 0B         | 0B          | 0B        | 0B         |
|--------|-----------------------------------|-------------|-------------|----------|----------|------------|-------------|-----------|------------|
| Docker | ca.org1.example.com               | 10.4MB      | 10.4MB      | 0.00%    | 0.00%    | 0B         | 0B          | 0B        | 0B         |
|--------|-----------------------------------|-------------|-------------|----------|----------|------------|-------------|-----------|------------|
| Docker | orderer.example.com               | 41.8MB      | 35.3MB      | 65.26%   | 13.08%   | 4.2MB      | 8.3MB       | 32.0KB    | 9.5MB      |
|--------|-----------------------------------|-------------|-------------|----------|----------|------------|-------------|-----------|------------|
| Docker | couchdb.org2.example.com          | 135.9MB     | 130.9MB     | 202.96%  | 103.48%  | 961.0KB    | 1015.4KB    | 0B        | 4.9MB      |
|--------|-----------------------------------|-------------|-------------|----------|----------|------------|-------------|-----------|------------|
| Docker | couchdb.org1.example.com          | 158.2MB     | 152.7MB     | 196.97%  | 100.79%  | 961.4KB    | 1019.9KB    | 0B        | 5.2MB      |
+--------+-----------------------------------+-------------+-------------+----------+----------+------------+-------------+-----------+------------+
 

2020-02-07T19:20:56+09:00 - INFO [defaultTest]: ------ Passed 'smallOperations' testing ------ 

2020-02-07T19:20:56+09:00 - INFO [defaultTest]: Waiting 5 seconds for the next round... 

2020-02-07T19:20:57+09:00 - INFO [demo.js]: [Transaction Info] - Submitted: 1000 Succ: 1000 Fail:0 Unfinished:0 

2020-02-07T19:20:58+09:00 - INFO [demo.js]: [Transaction Info] - Submitted: 1000 Succ: 1000 Fail:0 Unfinished:0 

2020-02-07T19:20:59+09:00 - INFO [demo.js]: [Transaction Info] - Submitted: 1000 Succ: 1000 Fail:0 Unfinished:0 

2020-02-07T19:21:00+09:00 - INFO [demo.js]: [Transaction Info] - Submitted: 1000 Succ: 1000 Fail:0 Unfinished:0 

2020-02-07T19:21:01+09:00 - INFO [demo.js]: [Transaction Info] - Submitted: 1000 Succ: 1000 Fail:0 Unfinished:0 

2020-02-07T19:21:01+09:00 - INFO [defaultTest]: ####### Testing 'query' ####### 

2020-02-07T19:21:01+09:00 - INFO [defaultTest]: ------ Test round 2 ------ 

2020-02-07T19:21:01+09:00 - INFO [client-util.js]: Waiting for 0 clients to be ready...  

2020-02-07T19:21:01+09:00 - INFO [client-util.js]: 0 clients ready, starting test phase 

2020-02-07T19:21:01+09:00 - DEBUG [local-client.js]: doTest() with:
	{"type":"test","label":"query","rateControl":{"type":"fixed-rate","opts":{"tps":1000}},"trim":0,"cb":"benchmark/smallbank/query.js","config":"/home/oslab/caliper-benchmarks/caliper/packages/caliper-samples/network/fabric-v1.4.1/2org1peercouchdb/fabric-go.yaml","root":"/home/oslab/caliper-benchmarks/caliper/packages/caliper-samples","numb":200,"roundIdx":2,"totalClients":5,"clients":5,"clientargs":{},"clientIdx":1}

2020-02-07T19:21:01+09:00 - DEBUG [local-client.js]: doTest() with:
	{"type":"test","label":"query","rateControl":{"type":"fixed-rate","opts":{"tps":1000}},"trim":0,"cb":"benchmark/smallbank/query.js","config":"/home/oslab/caliper-benchmarks/caliper/packages/caliper-samples/network/fabric-v1.4.1/2org1peercouchdb/fabric-go.yaml","root":"/home/oslab/caliper-benchmarks/caliper/packages/caliper-samples","numb":200,"roundIdx":2,"totalClients":5,"clients":5,"clientargs":{},"clientIdx":0}

2020-02-07T19:21:01+09:00 - DEBUG [local-client.js]: doTest() with:
	{"type":"test","label":"query","rateControl":{"type":"fixed-rate","opts":{"tps":1000}},"trim":0,"cb":"benchmark/smallbank/query.js","config":"/home/oslab/caliper-benchmarks/caliper/packages/caliper-samples/network/fabric-v1.4.1/2org1peercouchdb/fabric-go.yaml","root":"/home/oslab/caliper-benchmarks/caliper/packages/caliper-samples","numb":200,"roundIdx":2,"totalClients":5,"clients":5,"clientargs":{},"clientIdx":2}

2020-02-07T19:21:01+09:00 - DEBUG [local-client.js]: doTest() with:
	{"type":"test","label":"query","rateControl":{"type":"fixed-rate","opts":{"tps":1000}},"trim":0,"cb":"benchmark/smallbank/query.js","config":"/home/oslab/caliper-benchmarks/caliper/packages/caliper-samples/network/fabric-v1.4.1/2org1peercouchdb/fabric-go.yaml","root":"/home/oslab/caliper-benchmarks/caliper/packages/caliper-samples","numb":200,"roundIdx":2,"totalClients":5,"clients":5,"clientargs":{},"clientIdx":3}

2020-02-07T19:21:01+09:00 - DEBUG [local-client.js]: doTest() with:
	{"type":"test","label":"query","rateControl":{"type":"fixed-rate","opts":{"tps":1000}},"trim":0,"cb":"benchmark/smallbank/query.js","config":"/home/oslab/caliper-benchmarks/caliper/packages/caliper-samples/network/fabric-v1.4.1/2org1peercouchdb/fabric-go.yaml","root":"/home/oslab/caliper-benchmarks/caliper/packages/caliper-samples","numb":200,"roundIdx":2,"totalClients":5,"clients":5,"clientargs":{},"clientIdx":4}

2020-02-07T19:21:01+09:00 - INFO [local-client.js]: txUpdateTime: 1000 

2020-02-07T19:21:01+09:00 - INFO [local-client.js]: txUpdateTime: 1000 

2020-02-07T19:21:01+09:00 - INFO [local-client.js]: txUpdateTime: 1000 

2020-02-07T19:21:01+09:00 - INFO [local-client.js]: txUpdateTime: 1000 

2020-02-07T19:21:01+09:00 - INFO [local-client.js]: txUpdateTime: 1000 

2020-02-07T19:21:01+09:00 - INFO [local-client.js]: Info: client 22951 start test runFixedNumber():querying accounts 

2020-02-07T19:21:01+09:00 - INFO [local-client.js]: Info: client 22956 start test runFixedNumber():querying accounts 

2020-02-07T19:21:01+09:00 - DEBUG [rateControl.js]: Creating rate controller for client#1 for round#2
	{"type":"fixed-rate","opts":{"tps":1000}}

2020-02-07T19:21:01+09:00 - INFO [local-client.js]: Info: client 22945 start test runFixedNumber():querying accounts 

2020-02-07T19:21:01+09:00 - DEBUG [rateControl.js]: Creating rate controller for client#2 for round#2
	{"type":"fixed-rate","opts":{"tps":1000}}

2020-02-07T19:21:01+09:00 - INFO [local-client.js]: Info: client 22957 start test runFixedNumber():querying accounts 

2020-02-07T19:21:01+09:00 - DEBUG [rateControl.js]: Creating rate controller for client#0 for round#2
	{"type":"fixed-rate","opts":{"tps":1000}}

2020-02-07T19:21:01+09:00 - INFO [local-client.js]: Info: client 22964 start test runFixedNumber():querying accounts 

2020-02-07T19:21:01+09:00 - DEBUG [rateControl.js]: Creating rate controller for client#3 for round#2
	{"type":"fixed-rate","opts":{"tps":1000}}

2020-02-07T19:21:01+09:00 - DEBUG [rateControl.js]: Creating rate controller for client#4 for round#2
	{"type":"fixed-rate","opts":{"tps":1000}}

2020-02-07T19:21:02+09:00 - INFO [demo.js]: [Transaction Info] - Submitted: 1000 Succ: 1000 Fail:0 Unfinished:0 

2020-02-07T19:21:02+09:00 - DEBUG [report-builder]: r.create.max: 1581070862.207 r.create.min: 1581070861.211 r.final.max: 1581070862.216 r.final.min: 1581070861.241 r.final.last: 1581070862.216 

2020-02-07T19:21:02+09:00 - DEBUG [report-builder]:  throughput for only success time computed: 995.0 

2020-02-07T19:21:02+09:00 - DEBUG [report-builder]: sendTransactionProposal: 0ms length: 1000 

2020-02-07T19:21:02+09:00 - DEBUG [report-builder]: sendTransaction: 0ms 

2020-02-07T19:21:02+09:00 - DEBUG [report-builder]: invokeLatency: 0ms 

2020-02-07T19:21:02+09:00 - INFO [report-builder]: ###test result:### 

2020-02-07T19:21:02+09:00 - INFO [report-builder]: 
+-------+------+------+------------+-------------+-------------+-------------+------------+
| Name  | Succ | Fail | Send Rate  | Max Latency | Min Latency | Avg Latency | Throughput |
|-------|------|------|------------|-------------|-------------|-------------|------------|
| query | 1000 | 0    | 1004.0 tps | 0.05 s      | 0.01 s      | 0.02 s      | 995.0 tps  |
+-------+------+------+------------+-------------+-------------+-------------+------------+
 

2020-02-07T19:21:02+09:00 - INFO [report-builder]: ### resource stats ### 

2020-02-07T19:21:02+09:00 - INFO [report-builder]: 
+--------+-----------------------------------+-------------+-------------+----------+----------+------------+-------------+-----------+------------+
| TYPE   | NAME                              | Memory(max) | Memory(avg) | CPU(max) | CPU(avg) | Traffic In | Traffic Out | Disc Read | Disc Write |
|--------|-----------------------------------|-------------|-------------|----------|----------|------------|-------------|-----------|------------|
| Docker | dev-peer0.org1.example.co...nk-v0 | 9.0MB       | 9.0MB       | 40.50%   | 40.50%   | 0B         | 0B          | 0B        | 0B         |
|--------|-----------------------------------|-------------|-------------|----------|----------|------------|-------------|-----------|------------|
| Docker | dev-peer0.org2.example.co...nk-v0 | 8.9MB       | 8.9MB       | 39.11%   | 39.11%   | 0B         | 0B          | 0B        | 0B         |
|--------|-----------------------------------|-------------|-------------|----------|----------|------------|-------------|-----------|------------|
| Docker | dev-peer0.org2.example.co...le-v0 | 6.9MB       | 6.9MB       | 0.00%    | 0.00%    | 0B         | 0B          | 0B        | 0B         |
|--------|-----------------------------------|-------------|-------------|----------|----------|------------|-------------|-----------|------------|
| Docker | dev-peer0.org1.example.co...le-v0 | 6.6MB       | 6.6MB       | 0.00%    | 0.00%    | 0B         | 0B          | 0B        | 0B         |
|--------|-----------------------------------|-------------|-------------|----------|----------|------------|-------------|-----------|------------|
| Docker | dev-peer0.org1.example.co...rm-v0 | 7.0MB       | 7.0MB       | 0.00%    | 0.00%    | 0B         | 0B          | 0B        | 0B         |
|--------|-----------------------------------|-------------|-------------|----------|----------|------------|-------------|-----------|------------|
| Docker | dev-peer0.org2.example.co...rm-v0 | 6.9MB       | 6.9MB       | 0.00%    | 0.00%    | 0B         | 0B          | 0B        | 0B         |
|--------|-----------------------------------|-------------|-------------|----------|----------|------------|-------------|-----------|------------|
| Docker | dev-peer0.org2.example.co...es-v0 | 7.0MB       | 7.0MB       | 0.00%    | 0.00%    | 0B         | 0B          | 0B        | 0B         |
|--------|-----------------------------------|-------------|-------------|----------|----------|------------|-------------|-----------|------------|
| Docker | dev-peer0.org1.example.co...es-v0 | 6.8MB       | 6.8MB       | 0.00%    | 0.00%    | 0B         | 0B          | 0B        | 0B         |
|--------|-----------------------------------|-------------|-------------|----------|----------|------------|-------------|-----------|------------|
| Docker | peer0.org2.example.com            | 185.4MB     | 185.4MB     | 176.19%  | 176.19%  | 0B         | 0B          | 0B        | 0B         |
|--------|-----------------------------------|-------------|-------------|----------|----------|------------|-------------|-----------|------------|
| Docker | peer0.org1.example.com            | 176.4MB     | 176.4MB     | 192.57%  | 192.57%  | 0B         | 0B          | 0B        | 0B         |
|--------|-----------------------------------|-------------|-------------|----------|----------|------------|-------------|-----------|------------|
| Docker | ca.org2.example.com               | 10.2MB      | 10.2MB      | 0.00%    | 0.00%    | 0B         | 0B          | 0B        | 0B         |
|--------|-----------------------------------|-------------|-------------|----------|----------|------------|-------------|-----------|------------|
| Docker | ca.org1.example.com               | 10.4MB      | 10.4MB      | 0.00%    | 0.00%    | 0B         | 0B          | 0B        | 0B         |
|--------|-----------------------------------|-------------|-------------|----------|----------|------------|-------------|-----------|------------|
| Docker | orderer.example.com               | 41.8MB      | 41.8MB      | 0.02%    | 0.02%    | 0B         | 0B          | 0B        | 0B         |
|--------|-----------------------------------|-------------|-------------|----------|----------|------------|-------------|-----------|------------|
| Docker | couchdb.org2.example.com          | 135.1MB     | 135.1MB     | 199.73%  | 199.73%  | 0B         | 0B          | 0B        | 0B         |
|--------|-----------------------------------|-------------|-------------|----------|----------|------------|-------------|-----------|------------|
| Docker | couchdb.org1.example.com          | 158.8MB     | 158.8MB     | 201.40%  | 201.40%  | 0B         | 0B          | 0B        | 0B         |
+--------+-----------------------------------+-------------+-------------+----------+----------+------------+-------------+-----------+------------+
 

2020-02-07T19:21:02+09:00 - INFO [defaultTest]: ------ Passed 'query' testing ------ 

2020-02-07T19:21:02+09:00 - INFO [caliper-flow]: ---------- Finished Test ----------
 

2020-02-07T19:21:02+09:00 - INFO [report-builder]: ###all test results:### 

2020-02-07T19:21:02+09:00 - INFO [report-builder]: 
+------+-----------------+------+------+------------+-------------+-------------+-------------+------------+
| Test | Name            | Succ | Fail | Send Rate  | Max Latency | Min Latency | Avg Latency | Throughput |
|------|-----------------|------|------|------------|-------------|-------------|-------------|------------|
| 1    | smallOperations | 1000 | 0    | 641.8 tps  | 6.56 s      | 0.20 s      | 3.50 s      | 124.6 tps  |
|------|-----------------|------|------|------------|-------------|-------------|-------------|------------|
| 2    | query           | 1000 | 0    | 1004.0 tps | 0.05 s      | 0.01 s      | 0.02 s      | 995.0 tps  |
+------+-----------------+------+------+------------+-------------+-------------+-------------+------------+
 

2020-02-07T19:21:02+09:00 - INFO [monitor.js]: 
 ### resource stats (maximum) ### 

2020-02-07T19:21:02+09:00 - INFO [monitor.js]: 
+--------+-----------------------------------+-------------+----------+------------+-------------+-----------+------------+
| TYPE   | NAME                              | Memory(max) | CPU(max) | Traffic In | Traffic Out | Disc Read | Disc Write |
|--------|-----------------------------------|-------------|----------|------------|-------------|-----------|------------|
| Docker | dev-peer0.org1.example.co...nk-v0 | 9.0MB       | 40.50%   | 1.8MB      | 926.5KB     | 0B        | 0B         |
|--------|-----------------------------------|-------------|----------|------------|-------------|-----------|------------|
| Docker | dev-peer0.org2.example.co...nk-v0 | 8.9MB       | 39.11%   | 1.7MB      | 896.5KB     | 0B        | 0B         |
|--------|-----------------------------------|-------------|----------|------------|-------------|-----------|------------|
| Docker | dev-peer0.org2.example.co...le-v0 | 6.9MB       | 0.00%    | 273B       | 0B          | 0B        | 0B         |
|--------|-----------------------------------|-------------|----------|------------|-------------|-----------|------------|
| Docker | dev-peer0.org1.example.co...le-v0 | 6.6MB       | 0.00%    | 273B       | 0B          | 0B        | 0B         |
|--------|-----------------------------------|-------------|----------|------------|-------------|-----------|------------|
| Docker | dev-peer0.org1.example.co...rm-v0 | 7.0MB       | 0.00%    | 0B         | 0B          | 0B        | 0B         |
|--------|-----------------------------------|-------------|----------|------------|-------------|-----------|------------|
| Docker | dev-peer0.org2.example.co...rm-v0 | 6.9MB       | 0.00%    | 0B         | 0B          | 0B        | 0B         |
|--------|-----------------------------------|-------------|----------|------------|-------------|-----------|------------|
| Docker | dev-peer0.org2.example.co...es-v0 | 7.0MB       | 0.00%    | 0B         | 0B          | 0B        | 0B         |
|--------|-----------------------------------|-------------|----------|------------|-------------|-----------|------------|
| Docker | dev-peer0.org1.example.co...es-v0 | 6.8MB       | 0.01%    | 70B        | 0B          | 0B        | 0B         |
|--------|-----------------------------------|-------------|----------|------------|-------------|-----------|------------|
| Docker | peer0.org2.example.com            | 185.4MB     | 176.19%  | 7.2MB      | 4.4MB       | 0B        | 12.6MB     |
|--------|-----------------------------------|-------------|----------|------------|-------------|-----------|------------|
| Docker | peer0.org1.example.com            | 176.4MB     | 192.57%  | 7.3MB      | 5.1MB       | 0B        | 12.6MB     |
|--------|-----------------------------------|-------------|----------|------------|-------------|-----------|------------|
| Docker | ca.org2.example.com               | 10.2MB      | 0.00%    | 0B         | 0B          | 0B        | 0B         |
|--------|-----------------------------------|-------------|----------|------------|-------------|-----------|------------|
| Docker | ca.org1.example.com               | 10.4MB      | 0.00%    | 0B         | 0B          | 0B        | 0B         |
|--------|-----------------------------------|-------------|----------|------------|-------------|-----------|------------|
| Docker | orderer.example.com               | 41.8MB      | 65.26%   | 4.2MB      | 8.3MB       | 32.0KB    | 9.5MB      |
|--------|-----------------------------------|-------------|----------|------------|-------------|-----------|------------|
| Docker | couchdb.org2.example.com          | 135.9MB     | 202.96%  | 969.7KB    | 1.0MB       | 0B        | 5.5MB      |
|--------|-----------------------------------|-------------|----------|------------|-------------|-----------|------------|
| Docker | couchdb.org1.example.com          | 158.8MB     | 201.40%  | 961.4KB    | 1019.9KB    | 0B        | 5.4MB      |
+--------+-----------------------------------+-------------+----------+------------+-------------+-----------+------------+
 

2020-02-07T19:21:02+09:00 - INFO [caliper-flow]: Generated report with path /home/oslab/caliper-benchmarks/report-20200207T102102.html 

2020-02-07T19:21:02+09:00 - INFO [demo.js]: [Transaction Info] - Submitted: 2000 Succ: 2000 Fail:0 Unfinished:0 

2020-02-07T19:21:02+09:00 - INFO [caliper-flow]: 

#######################################
# Test summary: 2 succeeded, 0 failed #
#######################################
 

2020-02-07T19:21:02+09:00 - INFO [caliper-utils]: Executing command: cd /home/oslab/caliper-benchmarks/caliper/packages/caliper-samples;docker-compose -f network/fabric-v1.4.1/2org1peercouchdb/docker-compose.yaml down;(test -z \"$(docker ps -aq)\") || docker rm $(docker ps -aq);(test -z \"$(docker images dev* -q)\") || docker rmi $(docker images dev* -q);rm -rf /tmp/hfc-* 

2020-02-07T19:21:02+09:00 - INFO [client-util.js]: Client exited with code null 

2020-02-07T19:21:02+09:00 - INFO [client-util.js]: Client exited with code null 

2020-02-07T19:21:02+09:00 - INFO [client-util.js]: Client exited with code null 

2020-02-07T19:21:02+09:00 - INFO [client-util.js]: Client exited with code null 

2020-02-07T19:21:02+09:00 - INFO [client-util.js]: Client exited with code null 

