2020-03-12T14:28:31+09:00 - DEBUG Constructed a winston logger with the specified targets:
	{"consolelogger":{"target":"console","level":"info"},"filelogger":{"target":"daily-rotate-file","level":"debug","filename":"log/caliper-%DATE%.log","datePattern":"YYYY-MM-DD-HH","maxSize":"5m","zippedArchive":true}}

2020-03-12T14:28:32+09:00 - INFO [caliper-flow]: ####### Caliper Test ####### 

2020-03-12T14:28:32+09:00 - INFO [caliper-utils]: Executing command: cd /home/oslab/caliper-benchmarks/caliper/packages/caliper-samples;docker-compose -f network/fabric-v1.4.1/kafka2o2pgoleveldb/docker-compose.yaml up -d;sleep 3s 

2020-03-12T14:28:55+09:00 - INFO [adapters/fabric]: Fabric SDK version: 1.4.4; TLS: none 

2020-03-12T14:28:56+09:00 - INFO [adapters/fabric]: Org1's registrar enrolled successfully 

2020-03-12T14:28:56+09:00 - INFO [adapters/fabric]: Org2's registrar enrolled successfully 

2020-03-12T14:28:56+09:00 - INFO [adapters/fabric]: Org1's admin's materials are successfully loaded 

2020-03-12T14:28:56+09:00 - INFO [adapters/fabric]: Org2's admin's materials are successfully loaded 

2020-03-12T14:28:56+09:00 - INFO [adapters/fabric]: client0.org1.example.com's materials are successfully loaded 

2020-03-12T14:28:56+09:00 - INFO [adapters/fabric]: client0.org2.example.com's materials are successfully loaded 

2020-03-12T14:28:56+09:00 - INFO [adapters/fabric]: Channel 'mychannel' definiton being retrieved from file 

2020-03-12T14:28:56+09:00 - INFO [adapters/fabric]: Channel 'mychannel' successfully created 

2020-03-12T14:28:56+09:00 - INFO [adapters/fabric]: Sleeping 5s... 

2020-03-12T14:29:01+09:00 - INFO [adapters/fabric]: Org1's peers successfully joined mychannel: peer0.org1.example.com,peer1.org1.example.com 

2020-03-12T14:29:02+09:00 - INFO [adapters/fabric]: Org2's peers successfully joined mychannel: peer0.org2.example.com,peer1.org2.example.com 

2020-03-12T14:29:02+09:00 - INFO [adapters/fabric]: Sleeping 5s... 

2020-03-12T14:29:07+09:00 - INFO [adapters/fabric]: Installing chaincodes for mychannel... 

2020-03-12T14:29:07+09:00 - INFO [adapters/fabric]: marbles@v0 successfully installed on Org1's peers: peer0.org1.example.com,peer1.org1.example.com 

2020-03-12T14:29:07+09:00 - INFO [adapters/fabric]: marbles@v0 successfully installed on Org2's peers: peer0.org2.example.com,peer1.org2.example.com 

2020-03-12T14:29:07+09:00 - INFO [adapters/fabric]: drm@v0 successfully installed on Org1's peers: peer0.org1.example.com,peer1.org1.example.com 

2020-03-12T14:29:07+09:00 - INFO [adapters/fabric]: drm@v0 successfully installed on Org2's peers: peer0.org2.example.com,peer1.org2.example.com 

2020-03-12T14:29:07+09:00 - INFO [adapters/fabric]: simple@v0 successfully installed on Org1's peers: peer0.org1.example.com,peer1.org1.example.com 

2020-03-12T14:29:07+09:00 - INFO [adapters/fabric]: simple@v0 successfully installed on Org2's peers: peer0.org2.example.com,peer1.org2.example.com 

2020-03-12T14:29:07+09:00 - INFO [adapters/fabric]: smallbank@v0 successfully installed on Org1's peers: peer0.org1.example.com,peer1.org1.example.com 

2020-03-12T14:29:07+09:00 - INFO [adapters/fabric]: smallbank@v0 successfully installed on Org2's peers: peer0.org2.example.com,peer1.org2.example.com 

2020-03-12T14:29:07+09:00 - INFO [adapters/fabric]: Instantiating marbles@v0 in mychannel. This might take some time... 

2020-03-12T14:29:24+09:00 - INFO [adapters/fabric]: Successfully instantiated marbles@v0 in mychannel 

2020-03-12T14:29:24+09:00 - INFO [adapters/fabric]: Instantiating drm@v0 in mychannel. This might take some time... 

2020-03-12T14:29:43+09:00 - INFO [adapters/fabric]: Successfully instantiated drm@v0 in mychannel 

2020-03-12T14:29:43+09:00 - INFO [adapters/fabric]: Instantiating simple@v0 in mychannel. This might take some time... 

2020-03-12T14:30:00+09:00 - INFO [adapters/fabric]: Successfully instantiated simple@v0 in mychannel 

2020-03-12T14:30:00+09:00 - INFO [adapters/fabric]: Instantiating smallbank@v0 in mychannel. This might take some time... 

2020-03-12T14:30:18+09:00 - INFO [adapters/fabric]: Successfully instantiated smallbank@v0 in mychannel 

2020-03-12T14:30:18+09:00 - INFO [adapters/fabric]: Sleeping 5s... 

2020-03-12T14:30:24+09:00 - INFO [caliper-flow]: Started monitor successfully 

2020-03-12T14:30:24+09:00 - INFO [defaultTest]: ####### Testing 'smallOperations' ####### 

2020-03-12T14:30:24+09:00 - INFO [defaultTest]: ------ Test round 1 ------ 

2020-03-12T14:30:24+09:00 - INFO [client-util.js]: Launching client with PID  20754 

2020-03-12T14:30:24+09:00 - INFO [client-util.js]: Launching client with PID  20759 

2020-03-12T14:30:24+09:00 - INFO [client-util.js]: Launching client with PID  20765 

2020-03-12T14:30:24+09:00 - INFO [client-util.js]: Launching client with PID  20771 

2020-03-12T14:30:24+09:00 - INFO [client-util.js]: Launching client with PID  20777 

2020-03-12T14:30:24+09:00 - INFO [client-util.js]: Waiting for 5 clients to be ready...  

2020-03-12T14:30:25+09:00 - INFO [demo.js]: [Transaction Info] - Submitted: 0 Succ: 0 Fail:0 Unfinished:0 

2020-03-12T14:30:24+09:00 - DEBUG Constructed a winston logger with the specified targets:
	{"consolelogger":{"target":"console","level":"info"},"filelogger":{"target":"daily-rotate-file","level":"debug","filename":"log/caliper-%DATE%.log","datePattern":"YYYY-MM-DD-HH","maxSize":"5m","zippedArchive":true}}

2020-03-12T14:30:24+09:00 - DEBUG Constructed a winston logger with the specified targets:
	{"consolelogger":{"target":"console","level":"info"},"filelogger":{"target":"daily-rotate-file","level":"debug","filename":"log/caliper-%DATE%.log","datePattern":"YYYY-MM-DD-HH","maxSize":"5m","zippedArchive":true}}

2020-03-12T14:30:24+09:00 - DEBUG Constructed a winston logger with the specified targets:
	{"consolelogger":{"target":"console","level":"info"},"filelogger":{"target":"daily-rotate-file","level":"debug","filename":"log/caliper-%DATE%.log","datePattern":"YYYY-MM-DD-HH","maxSize":"5m","zippedArchive":true}}

2020-03-12T14:30:24+09:00 - DEBUG Constructed a winston logger with the specified targets:
	{"consolelogger":{"target":"console","level":"info"},"filelogger":{"target":"daily-rotate-file","level":"debug","filename":"log/caliper-%DATE%.log","datePattern":"YYYY-MM-DD-HH","maxSize":"5m","zippedArchive":true}}

2020-03-12T14:30:24+09:00 - DEBUG Constructed a winston logger with the specified targets:
	{"consolelogger":{"target":"console","level":"info"},"filelogger":{"target":"daily-rotate-file","level":"debug","filename":"log/caliper-%DATE%.log","datePattern":"YYYY-MM-DD-HH","maxSize":"5m","zippedArchive":true}}

2020-03-12T14:30:25+09:00 - INFO [client-util.js]: Client ready message recieved 

2020-03-12T14:30:25+09:00 - INFO [fabric/fabricClientWorker]: Client ready 

2020-03-12T14:30:25+09:00 - INFO [client-util.js]: Client ready message recieved 

2020-03-12T14:30:25+09:00 - INFO [fabric/fabricClientWorker]: Client ready 

2020-03-12T14:30:25+09:00 - INFO [client-util.js]: Client ready message recieved 

2020-03-12T14:30:25+09:00 - INFO [fabric/fabricClientWorker]: Client ready 

2020-03-12T14:30:25+09:00 - INFO [client-util.js]: Client ready message recieved 

2020-03-12T14:30:25+09:00 - INFO [fabric/fabricClientWorker]: Client ready 

2020-03-12T14:30:25+09:00 - INFO [client-util.js]: Client ready message recieved 

2020-03-12T14:30:25+09:00 - INFO [client-util.js]: 5 clients ready, starting test phase 

2020-03-12T14:30:25+09:00 - INFO [fabric/fabricClientWorker]: Client ready 

2020-03-12T14:30:25+09:00 - DEBUG [local-client.js]: doTest() with:
	{"type":"test","label":"smallOperations","rateControl":{"type":"fixed-rate","opts":{"tps":1000}},"trim":0,"args":{"accounts":400,"txnPerBatch":1},"cb":"benchmark/smallbank/smallbankOperations.js","config":"/home/oslab/caliper-benchmarks/caliper/packages/caliper-samples/network/fabric-v1.4.1/kafka2o2pgoleveldb/fabric-go.yaml","root":"/home/oslab/caliper-benchmarks/caliper/packages/caliper-samples","numb":200,"roundIdx":1,"totalClients":5,"clients":5,"clientargs":{},"clientIdx":4}

2020-03-12T14:30:25+09:00 - DEBUG [local-client.js]: doTest() with:
	{"type":"test","label":"smallOperations","rateControl":{"type":"fixed-rate","opts":{"tps":1000}},"trim":0,"args":{"accounts":400,"txnPerBatch":1},"cb":"benchmark/smallbank/smallbankOperations.js","config":"/home/oslab/caliper-benchmarks/caliper/packages/caliper-samples/network/fabric-v1.4.1/kafka2o2pgoleveldb/fabric-go.yaml","root":"/home/oslab/caliper-benchmarks/caliper/packages/caliper-samples","numb":200,"roundIdx":1,"totalClients":5,"clients":5,"clientargs":{},"clientIdx":2}

2020-03-12T14:30:25+09:00 - DEBUG [local-client.js]: doTest() with:
	{"type":"test","label":"smallOperations","rateControl":{"type":"fixed-rate","opts":{"tps":1000}},"trim":0,"args":{"accounts":400,"txnPerBatch":1},"cb":"benchmark/smallbank/smallbankOperations.js","config":"/home/oslab/caliper-benchmarks/caliper/packages/caliper-samples/network/fabric-v1.4.1/kafka2o2pgoleveldb/fabric-go.yaml","root":"/home/oslab/caliper-benchmarks/caliper/packages/caliper-samples","numb":200,"roundIdx":1,"totalClients":5,"clients":5,"clientargs":{},"clientIdx":1}

2020-03-12T14:30:25+09:00 - DEBUG [local-client.js]: doTest() with:
	{"type":"test","label":"smallOperations","rateControl":{"type":"fixed-rate","opts":{"tps":1000}},"trim":0,"args":{"accounts":400,"txnPerBatch":1},"cb":"benchmark/smallbank/smallbankOperations.js","config":"/home/oslab/caliper-benchmarks/caliper/packages/caliper-samples/network/fabric-v1.4.1/kafka2o2pgoleveldb/fabric-go.yaml","root":"/home/oslab/caliper-benchmarks/caliper/packages/caliper-samples","numb":200,"roundIdx":1,"totalClients":5,"clients":5,"clientargs":{},"clientIdx":3}

2020-03-12T14:30:25+09:00 - DEBUG [local-client.js]: doTest() with:
	{"type":"test","label":"smallOperations","rateControl":{"type":"fixed-rate","opts":{"tps":1000}},"trim":0,"args":{"accounts":400,"txnPerBatch":1},"cb":"benchmark/smallbank/smallbankOperations.js","config":"/home/oslab/caliper-benchmarks/caliper/packages/caliper-samples/network/fabric-v1.4.1/kafka2o2pgoleveldb/fabric-go.yaml","root":"/home/oslab/caliper-benchmarks/caliper/packages/caliper-samples","numb":200,"roundIdx":1,"totalClients":5,"clients":5,"clientargs":{},"clientIdx":0}

2020-03-12T14:30:25+09:00 - INFO [local-client.js]: txUpdateTime: 1000 

2020-03-12T14:30:25+09:00 - INFO [local-client.js]: txUpdateTime: 1000 

2020-03-12T14:30:25+09:00 - INFO [local-client.js]: txUpdateTime: 1000 

2020-03-12T14:30:25+09:00 - INFO [local-client.js]: txUpdateTime: 1000 

2020-03-12T14:30:25+09:00 - INFO [local-client.js]: txUpdateTime: 1000 

2020-03-12T14:30:25+09:00 - INFO [local-client.js]: Info: client 20765 start test runFixedNumber():small_bank_operations 

2020-03-12T14:30:25+09:00 - INFO [local-client.js]: Info: client 20754 start test runFixedNumber():small_bank_operations 

2020-03-12T14:30:25+09:00 - DEBUG [rateControl.js]: Creating rate controller for client#2 for round#1
	{"type":"fixed-rate","opts":{"tps":1000}}

2020-03-12T14:30:25+09:00 - INFO [local-client.js]: Info: client 20777 start test runFixedNumber():small_bank_operations 

2020-03-12T14:30:25+09:00 - DEBUG [rateControl.js]: Creating rate controller for client#0 for round#1
	{"type":"fixed-rate","opts":{"tps":1000}}

2020-03-12T14:30:25+09:00 - INFO [local-client.js]: Info: client 20759 start test runFixedNumber():small_bank_operations 

2020-03-12T14:30:25+09:00 - DEBUG [rateControl.js]: Creating rate controller for client#4 for round#1
	{"type":"fixed-rate","opts":{"tps":1000}}

2020-03-12T14:30:25+09:00 - INFO [local-client.js]: Info: client 20771 start test runFixedNumber():small_bank_operations 

2020-03-12T14:30:25+09:00 - DEBUG [rateControl.js]: Creating rate controller for client#1 for round#1
	{"type":"fixed-rate","opts":{"tps":1000}}

2020-03-12T14:30:25+09:00 - DEBUG [rateControl.js]: Creating rate controller for client#3 for round#1
	{"type":"fixed-rate","opts":{"tps":1000}}

2020-03-12T14:30:26+09:00 - INFO [demo.js]: [Transaction Info] - Submitted: 0 Succ: 0 Fail:0 Unfinished:0 

2020-03-12T14:30:27+09:00 - INFO [demo.js]: [Transaction Info] - Submitted: 503 Succ: 150 Fail:0 Unfinished:353 

2020-03-12T14:30:28+09:00 - INFO [demo.js]: [Transaction Info] - Submitted: 1000 Succ: 500 Fail:0 Unfinished:500 

2020-03-12T14:30:29+09:00 - INFO [demo.js]: [Transaction Info] - Submitted: 1000 Succ: 1000 Fail:0 Unfinished:0 

2020-03-12T14:30:29+09:00 - DEBUG [report-builder]: r.create.max: 1583991027.553 r.create.min: 1583991025.883 r.final.max: 1583991028.862 r.final.min: 1583991026.286 r.final.last: 1583991028.862 

2020-03-12T14:30:29+09:00 - DEBUG [report-builder]:  throughput for only success time computed: 335.7 

2020-03-12T14:30:29+09:00 - DEBUG [report-builder]: sendTransactionProposal: 0ms length: 1000 

2020-03-12T14:30:29+09:00 - DEBUG [report-builder]: sendTransaction: 0ms 

2020-03-12T14:30:29+09:00 - DEBUG [report-builder]: invokeLatency: 0ms 

2020-03-12T14:30:29+09:00 - INFO [report-builder]: ###test result:### 

2020-03-12T14:30:29+09:00 - INFO [report-builder]: 
+-----------------+------+------+-----------+-------------+-------------+-------------+------------+
| Name            | Succ | Fail | Send Rate | Max Latency | Min Latency | Avg Latency | Throughput |
|-----------------|------|------|-----------|-------------|-------------|-------------|------------|
| smallOperations | 1000 | 0    | 598.8 tps | 1.43 s      | 0.30 s      | 0.93 s      | 335.7 tps  |
+-----------------+------+------+-----------+-------------+-------------+-------------+------------+
 

2020-03-12T14:30:29+09:00 - INFO [report-builder]: ### resource stats ### 

2020-03-12T14:30:29+09:00 - INFO [report-builder]: 
+--------+-----------------------------------+-------------+-------------+----------+----------+------------+-------------+-----------+------------+
| TYPE   | NAME                              | Memory(max) | Memory(avg) | CPU(max) | CPU(avg) | Traffic In | Traffic Out | Disc Read | Disc Write |
|--------|-----------------------------------|-------------|-------------|----------|----------|------------|-------------|-----------|------------|
| Docker | dev-peer1.org2.example.co...nk-v0 | 8.0MB       | 7.4MB       | 9.11%    | 5.13%    | 858.1KB    | 436.7KB     | 0B        | 0B         |
|--------|-----------------------------------|-------------|-------------|----------|----------|------------|-------------|-----------|------------|
| Docker | dev-peer1.org1.example.co...nk-v0 | 8.0MB       | 7.5MB       | 9.16%    | 5.18%    | 855.9KB    | 434.6KB     | 0B        | 0B         |
|--------|-----------------------------------|-------------|-------------|----------|----------|------------|-------------|-----------|------------|
| Docker | dev-peer0.org2.example.co...nk-v0 | 8.0MB       | 7.6MB       | 9.94%    | 5.46%    | 866.9KB    | 446.1KB     | 0B        | 0B         |
|--------|-----------------------------------|-------------|-------------|----------|----------|------------|-------------|-----------|------------|
| Docker | dev-peer0.org1.example.co...nk-v0 | 7.9MB       | 7.4MB       | 9.44%    | 5.43%    | 865.6KB    | 445.9KB     | 0B        | 0B         |
|--------|-----------------------------------|-------------|-------------|----------|----------|------------|-------------|-----------|------------|
| Docker | dev-peer0.org1.example.co...le-v0 | 6.8MB       | 6.8MB       | 0.00%    | 0.00%    | 42B        | 0B          | 0B        | 0B         |
|--------|-----------------------------------|-------------|-------------|----------|----------|------------|-------------|-----------|------------|
| Docker | dev-peer1.org2.example.co...le-v0 | 7.0MB       | 7.0MB       | 0.00%    | 0.00%    | 42B        | 0B          | 0B        | 0B         |
|--------|-----------------------------------|-------------|-------------|----------|----------|------------|-------------|-----------|------------|
| Docker | dev-peer1.org1.example.co...le-v0 | 6.6MB       | 6.6MB       | 0.00%    | 0.00%    | 112B       | 0B          | 0B        | 0B         |
|--------|-----------------------------------|-------------|-------------|----------|----------|------------|-------------|-----------|------------|
| Docker | dev-peer0.org2.example.co...le-v0 | 6.9MB       | 6.9MB       | 0.00%    | 0.00%    | 112B       | 0B          | 0B        | 0B         |
|--------|-----------------------------------|-------------|-------------|----------|----------|------------|-------------|-----------|------------|
| Docker | dev-peer0.org2.example.co...rm-v0 | 6.8MB       | 6.8MB       | 0.00%    | 0.00%    | 42B        | 0B          | 0B        | 0B         |
|--------|-----------------------------------|-------------|-------------|----------|----------|------------|-------------|-----------|------------|
| Docker | dev-peer1.org2.example.co...rm-v0 | 7.0MB       | 7.0MB       | 0.00%    | 0.00%    | 0B         | 0B          | 0B        | 0B         |
|--------|-----------------------------------|-------------|-------------|----------|----------|------------|-------------|-----------|------------|
| Docker | dev-peer0.org1.example.co...rm-v0 | 7.0MB       | 7.0MB       | 0.00%    | 0.00%    | 42B        | 0B          | 0B        | 0B         |
|--------|-----------------------------------|-------------|-------------|----------|----------|------------|-------------|-----------|------------|
| Docker | dev-peer1.org1.example.co...rm-v0 | 6.9MB       | 6.9MB       | 0.00%    | 0.00%    | 0B         | 0B          | 0B        | 0B         |
|--------|-----------------------------------|-------------|-------------|----------|----------|------------|-------------|-----------|------------|
| Docker | dev-peer0.org2.example.co...es-v0 | 6.8MB       | 6.8MB       | 0.00%    | 0.00%    | 245B       | 0B          | 0B        | 0B         |
|--------|-----------------------------------|-------------|-------------|----------|----------|------------|-------------|-----------|------------|
| Docker | dev-peer1.org1.example.co...es-v0 | 6.7MB       | 6.7MB       | 0.00%    | 0.00%    | 245B       | 0B          | 0B        | 0B         |
|--------|-----------------------------------|-------------|-------------|----------|----------|------------|-------------|-----------|------------|
| Docker | dev-peer0.org1.example.co...es-v0 | 6.9MB       | 6.9MB       | 0.00%    | 0.00%    | 245B       | 0B          | 0B        | 0B         |
|--------|-----------------------------------|-------------|-------------|----------|----------|------------|-------------|-----------|------------|
| Docker | dev-peer1.org2.example.co...es-v0 | 6.9MB       | 6.9MB       | 0.00%    | 0.00%    | 112B       | 0B          | 0B        | 0B         |
|--------|-----------------------------------|-------------|-------------|----------|----------|------------|-------------|-----------|------------|
| Docker | peer1.org1.example.com            | 162.9MB     | 159.8MB     | 129.07%  | 68.33%   | 5.0MB      | 1.8MB       | 0B        | 6.4MB      |
|--------|-----------------------------------|-------------|-------------|----------|----------|------------|-------------|-----------|------------|
| Docker | peer0.org1.example.com            | 179.8MB     | 166.4MB     | 135.16%  | 76.28%   | 5.0MB      | 1.8MB       | 0B        | 6.9MB      |
|--------|-----------------------------------|-------------|-------------|----------|----------|------------|-------------|-----------|------------|
| Docker | peer0.org2.example.com            | 162.8MB     | 159.2MB     | 142.78%  | 75.82%   | 5.0MB      | 1.8MB       | 0B        | 6.9MB      |
|--------|-----------------------------------|-------------|-------------|----------|----------|------------|-------------|-----------|------------|
| Docker | peer1.org2.example.com            | 163.0MB     | 159.9MB     | 143.30%  | 75.66%   | 5.0MB      | 1.8MB       | 0B        | 6.8MB      |
|--------|-----------------------------------|-------------|-------------|----------|----------|------------|-------------|-----------|------------|
| Docker | orderer0.example.com              | 37.3MB      | 28.2MB      | 62.51%   | 31.51%   | 6.2MB      | 14.0MB      | 0B        | 8.1MB      |
|--------|-----------------------------------|-------------|-------------|----------|----------|------------|-------------|-----------|------------|
| Docker | orderer1.example.com              | 26.9MB      | 20.3MB      | 64.96%   | 32.72%   | 6.1MB      | 6.0MB       | 0B        | 8.1MB      |
|--------|-----------------------------------|-------------|-------------|----------|----------|------------|-------------|-----------|------------|
| Docker | kafka1                            | 390.1MB     | 376.5MB     | 217.25%  | 111.98%  | 4.2MB      | 16.1MB      | 0B        | 8.0KB      |
|--------|-----------------------------------|-------------|-------------|----------|----------|------------|-------------|-----------|------------|
| Docker | kafka3                            | 340.8MB     | 333.1MB     | 17.13%   | 9.03%    | 4.0MB      | 59.9KB      | 0B        | 8.0KB      |
|--------|-----------------------------------|-------------|-------------|----------|----------|------------|-------------|-----------|------------|
| Docker | kafka0                            | 318.9MB     | 318.9MB     | 1.22%    | 1.06%    | 1.7KB      | 1.0KB       | 0B        | 8.0KB      |
|--------|-----------------------------------|-------------|-------------|----------|----------|------------|-------------|-----------|------------|
| Docker | kafka2                            | 345.9MB     | 343.5MB     | 12.86%   | 7.00%    | 4.0MB      | 73.6KB      | 0B        | 8.0KB      |
|--------|-----------------------------------|-------------|-------------|----------|----------|------------|-------------|-----------|------------|
| Docker | zookeeper1                        | 51.9MB      | 51.9MB      | 0.24%    | 0.24%    | 490B       | 270B        | 0B        | 0B         |
|--------|-----------------------------------|-------------|-------------|----------|----------|------------|-------------|-----------|------------|
| Docker | ca.org2.example.com               | 9.6MB       | 9.6MB       | 0.00%    | 0.00%    | 42B        | 0B          | 0B        | 0B         |
|--------|-----------------------------------|-------------|-------------|----------|----------|------------|-------------|-----------|------------|
| Docker | zookeeper2                        | 58.2MB      | 58.2MB      | 0.26%    | 0.19%    | 698B       | 780B        | 0B        | 0B         |
|--------|-----------------------------------|-------------|-------------|----------|----------|------------|-------------|-----------|------------|
| Docker | ca.org1.example.com               | 10.0MB      | 10.0MB      | 0.00%    | 0.00%    | 42B        | 0B          | 0B        | 0B         |
|--------|-----------------------------------|-------------|-------------|----------|----------|------------|-------------|-----------|------------|
| Docker | zookeeper0                        | 52.0MB      | 52.0MB      | 0.29%    | 0.26%    | 490B       | 270B        | 0B        | 0B         |
|--------|-----------------------------------|-------------|-------------|----------|----------|------------|-------------|-----------|------------|
| Docker | cello-dashboard                   | 4.2MB       | 4.2MB       | 0.00%    | 0.00%    | 183B       | 0B          | 0B        | 0B         |
|--------|-----------------------------------|-------------|-------------|----------|----------|------------|-------------|-----------|------------|
| Docker | cello-nginx                       | 3.9MB       | 3.9MB       | 0.00%    | 0.00%    | 183B       | 0B          | 0B        | 0B         |
|--------|-----------------------------------|-------------|-------------|----------|----------|------------|-------------|-----------|------------|
| Docker | cello-api-engine                  | 150.5MB     | 150.5MB     | 0.01%    | 0.01%    | 183B       | 0B          | 0B        | 0B         |
|--------|-----------------------------------|-------------|-------------|----------|----------|------------|-------------|-----------|------------|
| Docker | cello-api-engine-tasks            | 722.0MB     | 722.0MB     | 0.19%    | 0.14%    | 1.5KB      | 1.4KB       | 0B        | 0B         |
|--------|-----------------------------------|-------------|-------------|----------|----------|------------|-------------|-----------|------------|
| Docker | cello-postgres-server             | 30.3MB      | 30.2MB      | 0.05%    | 0.03%    | 183B       | 0B          | 0B        | 80.0KB     |
|--------|-----------------------------------|-------------|-------------|----------|----------|------------|-------------|-----------|------------|
| Docker | cello-redis                       | 6.7MB       | 6.7MB       | 0.12%    | 0.12%    | 1.6KB      | 1.3KB       | 0B        | 0B         |
+--------+-----------------------------------+-------------+-------------+----------+----------+------------+-------------+-----------+------------+
 

2020-03-12T14:30:29+09:00 - INFO [defaultTest]: ------ Passed 'smallOperations' testing ------ 

2020-03-12T14:30:29+09:00 - INFO [caliper-flow]: ---------- Finished Test ----------
 

2020-03-12T14:30:29+09:00 - INFO [report-builder]: ###all test results:### 

2020-03-12T14:30:29+09:00 - INFO [report-builder]: 
+------+-----------------+------+------+-----------+-------------+-------------+-------------+------------+
| Test | Name            | Succ | Fail | Send Rate | Max Latency | Min Latency | Avg Latency | Throughput |
|------|-----------------|------|------|-----------|-------------|-------------|-------------|------------|
| 1    | smallOperations | 1000 | 0    | 598.8 tps | 1.43 s      | 0.30 s      | 0.93 s      | 335.7 tps  |
+------+-----------------+------+------+-----------+-------------+-------------+-------------+------------+
 

2020-03-12T14:30:29+09:00 - INFO [monitor.js]: 
 ### resource stats (maximum) ### 

2020-03-12T14:30:29+09:00 - INFO [monitor.js]: 
+--------+-----------------------------------+-------------+----------+------------+-------------+-----------+------------+
| TYPE   | NAME                              | Memory(max) | CPU(max) | Traffic In | Traffic Out | Disc Read | Disc Write |
|--------|-----------------------------------|-------------|----------|------------|-------------|-----------|------------|
| Docker | dev-peer1.org2.example.co...nk-v0 | 8.0MB       | 9.11%    | 858.1KB    | 436.7KB     | 0B        | 0B         |
|--------|-----------------------------------|-------------|----------|------------|-------------|-----------|------------|
| Docker | dev-peer1.org1.example.co...nk-v0 | 8.0MB       | 9.16%    | 855.9KB    | 434.6KB     | 0B        | 0B         |
|--------|-----------------------------------|-------------|----------|------------|-------------|-----------|------------|
| Docker | dev-peer0.org2.example.co...nk-v0 | 8.0MB       | 9.94%    | 866.9KB    | 446.1KB     | 0B        | 0B         |
|--------|-----------------------------------|-------------|----------|------------|-------------|-----------|------------|
| Docker | dev-peer0.org1.example.co...nk-v0 | 7.9MB       | 9.44%    | 865.6KB    | 445.9KB     | 0B        | 0B         |
|--------|-----------------------------------|-------------|----------|------------|-------------|-----------|------------|
| Docker | dev-peer0.org1.example.co...le-v0 | 6.8MB       | 0.00%    | 42B        | 0B          | 0B        | 0B         |
|--------|-----------------------------------|-------------|----------|------------|-------------|-----------|------------|
| Docker | dev-peer1.org2.example.co...le-v0 | 7.0MB       | 0.00%    | 42B        | 0B          | 0B        | 0B         |
|--------|-----------------------------------|-------------|----------|------------|-------------|-----------|------------|
| Docker | dev-peer1.org1.example.co...le-v0 | 6.6MB       | 0.00%    | 112B       | 0B          | 0B        | 0B         |
|--------|-----------------------------------|-------------|----------|------------|-------------|-----------|------------|
| Docker | dev-peer0.org2.example.co...le-v0 | 6.9MB       | 0.00%    | 112B       | 0B          | 0B        | 0B         |
|--------|-----------------------------------|-------------|----------|------------|-------------|-----------|------------|
| Docker | dev-peer0.org2.example.co...rm-v0 | 6.8MB       | 0.00%    | 42B        | 0B          | 0B        | 0B         |
|--------|-----------------------------------|-------------|----------|------------|-------------|-----------|------------|
| Docker | dev-peer1.org2.example.co...rm-v0 | 7.0MB       | 0.00%    | 0B         | 0B          | 0B        | 0B         |
|--------|-----------------------------------|-------------|----------|------------|-------------|-----------|------------|
| Docker | dev-peer0.org1.example.co...rm-v0 | 7.0MB       | 0.00%    | 42B        | 0B          | 0B        | 0B         |
|--------|-----------------------------------|-------------|----------|------------|-------------|-----------|------------|
| Docker | dev-peer1.org1.example.co...rm-v0 | 6.9MB       | 0.00%    | 0B         | 0B          | 0B        | 0B         |
|--------|-----------------------------------|-------------|----------|------------|-------------|-----------|------------|
| Docker | dev-peer0.org2.example.co...es-v0 | 6.8MB       | 0.00%    | 245B       | 0B          | 0B        | 0B         |
|--------|-----------------------------------|-------------|----------|------------|-------------|-----------|------------|
| Docker | dev-peer1.org1.example.co...es-v0 | 6.7MB       | 0.00%    | 245B       | 0B          | 0B        | 0B         |
|--------|-----------------------------------|-------------|----------|------------|-------------|-----------|------------|
| Docker | dev-peer0.org1.example.co...es-v0 | 6.9MB       | 0.00%    | 245B       | 0B          | 0B        | 0B         |
|--------|-----------------------------------|-------------|----------|------------|-------------|-----------|------------|
| Docker | dev-peer1.org2.example.co...es-v0 | 6.9MB       | 0.00%    | 112B       | 0B          | 0B        | 0B         |
|--------|-----------------------------------|-------------|----------|------------|-------------|-----------|------------|
| Docker | peer1.org1.example.com            | 162.9MB     | 129.07%  | 5.0MB      | 1.8MB       | 0B        | 6.4MB      |
|--------|-----------------------------------|-------------|----------|------------|-------------|-----------|------------|
| Docker | peer0.org1.example.com            | 179.8MB     | 135.16%  | 5.0MB      | 1.8MB       | 0B        | 6.9MB      |
|--------|-----------------------------------|-------------|----------|------------|-------------|-----------|------------|
| Docker | peer0.org2.example.com            | 162.8MB     | 142.78%  | 5.0MB      | 1.8MB       | 0B        | 6.9MB      |
|--------|-----------------------------------|-------------|----------|------------|-------------|-----------|------------|
| Docker | peer1.org2.example.com            | 163.0MB     | 143.30%  | 5.0MB      | 1.8MB       | 0B        | 6.8MB      |
|--------|-----------------------------------|-------------|----------|------------|-------------|-----------|------------|
| Docker | orderer0.example.com              | 37.3MB      | 62.51%   | 6.2MB      | 14.0MB      | 0B        | 8.1MB      |
|--------|-----------------------------------|-------------|----------|------------|-------------|-----------|------------|
| Docker | orderer1.example.com              | 26.9MB      | 64.96%   | 6.1MB      | 6.0MB       | 0B        | 8.1MB      |
|--------|-----------------------------------|-------------|----------|------------|-------------|-----------|------------|
| Docker | kafka1                            | 390.1MB     | 217.25%  | 4.2MB      | 16.1MB      | 0B        | 8.0KB      |
|--------|-----------------------------------|-------------|----------|------------|-------------|-----------|------------|
| Docker | kafka3                            | 340.8MB     | 17.13%   | 4.0MB      | 59.9KB      | 0B        | 8.0KB      |
|--------|-----------------------------------|-------------|----------|------------|-------------|-----------|------------|
| Docker | kafka0                            | 318.9MB     | 1.22%    | 1.7KB      | 1.0KB       | 0B        | 8.0KB      |
|--------|-----------------------------------|-------------|----------|------------|-------------|-----------|------------|
| Docker | kafka2                            | 345.9MB     | 12.86%   | 4.0MB      | 73.6KB      | 0B        | 8.0KB      |
|--------|-----------------------------------|-------------|----------|------------|-------------|-----------|------------|
| Docker | zookeeper1                        | 51.9MB      | 0.24%    | 490B       | 270B        | 0B        | 0B         |
|--------|-----------------------------------|-------------|----------|------------|-------------|-----------|------------|
| Docker | ca.org2.example.com               | 9.6MB       | 0.00%    | 42B        | 0B          | 0B        | 0B         |
|--------|-----------------------------------|-------------|----------|------------|-------------|-----------|------------|
| Docker | zookeeper2                        | 58.2MB      | 0.26%    | 698B       | 780B        | 0B        | 0B         |
|--------|-----------------------------------|-------------|----------|------------|-------------|-----------|------------|
| Docker | ca.org1.example.com               | 10.0MB      | 0.00%    | 42B        | 0B          | 0B        | 0B         |
|--------|-----------------------------------|-------------|----------|------------|-------------|-----------|------------|
| Docker | zookeeper0                        | 52.0MB      | 0.29%    | 490B       | 270B        | 0B        | 0B         |
|--------|-----------------------------------|-------------|----------|------------|-------------|-----------|------------|
| Docker | cello-dashboard                   | 4.2MB       | 0.00%    | 183B       | 0B          | 0B        | 0B         |
|--------|-----------------------------------|-------------|----------|------------|-------------|-----------|------------|
| Docker | cello-nginx                       | 3.9MB       | 0.00%    | 183B       | 0B          | 0B        | 0B         |
|--------|-----------------------------------|-------------|----------|------------|-------------|-----------|------------|
| Docker | cello-api-engine                  | 150.5MB     | 0.01%    | 183B       | 0B          | 0B        | 0B         |
|--------|-----------------------------------|-------------|----------|------------|-------------|-----------|------------|
| Docker | cello-api-engine-tasks            | 722.0MB     | 0.19%    | 1.5KB      | 1.4KB       | 0B        | 0B         |
|--------|-----------------------------------|-------------|----------|------------|-------------|-----------|------------|
| Docker | cello-postgres-server             | 30.3MB      | 0.05%    | 183B       | 0B          | 0B        | 80.0KB     |
|--------|-----------------------------------|-------------|----------|------------|-------------|-----------|------------|
| Docker | cello-redis                       | 6.7MB       | 0.12%    | 1.6KB      | 1.3KB       | 0B        | 0B         |
+--------+-----------------------------------+-------------+----------+------------+-------------+-----------+------------+
 

2020-03-12T14:30:29+09:00 - INFO [caliper-flow]: Generated report with path /home/oslab/caliper-benchmarks/report-20200312T053029.html 

2020-03-12T14:30:29+09:00 - INFO [demo.js]: [Transaction Info] - Submitted: 1000 Succ: 1000 Fail:0 Unfinished:0 

2020-03-12T14:30:29+09:00 - INFO [caliper-flow]: 

#######################################
# Test summary: 1 succeeded, 0 failed #
#######################################
 

2020-03-12T14:30:29+09:00 - INFO [caliper-utils]: Executing command: cd /home/oslab/caliper-benchmarks/caliper/packages/caliper-samples;docker-compose -f network/fabric-v1.4.1/kafka2o2pgoleveldb/docker-compose.yaml down;(test -z \"$(docker ps -aq)\") || docker rm $(docker ps -aq);(test -z \"$(docker images dev* -q)\") || docker rmi $(docker images dev* -q);rm -rf /tmp/hfc-* 

2020-03-12T14:30:29+09:00 - INFO [client-util.js]: Client exited with code null 

2020-03-12T14:30:29+09:00 - INFO [client-util.js]: Client exited with code null 

2020-03-12T14:30:29+09:00 - INFO [client-util.js]: Client exited with code null 

2020-03-12T14:30:29+09:00 - INFO [client-util.js]: Client exited with code null 

2020-03-12T14:30:29+09:00 - INFO [client-util.js]: Client exited with code null 

2020-03-12T14:34:54+09:00 - DEBUG Constructed a winston logger with the specified targets:
	{"consolelogger":{"target":"console","level":"info"},"filelogger":{"target":"daily-rotate-file","level":"debug","filename":"log/caliper-%DATE%.log","datePattern":"YYYY-MM-DD-HH","maxSize":"5m","zippedArchive":true}}

2020-03-12T14:34:55+09:00 - INFO [caliper-flow]: ####### Caliper Test ####### 

2020-03-12T14:34:55+09:00 - INFO [caliper-utils]: Executing command: cd /home/oslab/caliper-benchmarks/caliper/packages/caliper-samples;docker-compose -f network/fabric-v1.4.1/kafka2o2pgoleveldb/docker-compose.yaml up -d;sleep 3s 

2020-03-12T14:35:18+09:00 - INFO [adapters/fabric]: Fabric SDK version: 1.4.4; TLS: none 

2020-03-12T14:35:19+09:00 - INFO [adapters/fabric]: Org1's registrar enrolled successfully 

2020-03-12T14:35:19+09:00 - INFO [adapters/fabric]: Org2's registrar enrolled successfully 

2020-03-12T14:35:19+09:00 - INFO [adapters/fabric]: Org1's admin's materials are successfully loaded 

2020-03-12T14:35:19+09:00 - INFO [adapters/fabric]: Org2's admin's materials are successfully loaded 

2020-03-12T14:35:19+09:00 - INFO [adapters/fabric]: client0.org1.example.com's materials are successfully loaded 

2020-03-12T14:35:19+09:00 - INFO [adapters/fabric]: client0.org2.example.com's materials are successfully loaded 

2020-03-12T14:35:19+09:00 - INFO [adapters/fabric]: Channel 'mychannel' definiton being retrieved from file 

2020-03-12T14:35:19+09:00 - INFO [adapters/fabric]: Channel 'mychannel' successfully created 

2020-03-12T14:35:19+09:00 - INFO [adapters/fabric]: Sleeping 5s... 

2020-03-12T14:35:24+09:00 - INFO [adapters/fabric]: Org1's peers successfully joined mychannel: peer0.org1.example.com,peer1.org1.example.com 

2020-03-12T14:35:24+09:00 - INFO [adapters/fabric]: Org2's peers successfully joined mychannel: peer0.org2.example.com,peer1.org2.example.com 

2020-03-12T14:35:24+09:00 - INFO [adapters/fabric]: Sleeping 5s... 

2020-03-12T14:35:29+09:00 - INFO [adapters/fabric]: Installing chaincodes for mychannel... 

2020-03-12T14:35:30+09:00 - INFO [adapters/fabric]: marbles@v0 successfully installed on Org1's peers: peer0.org1.example.com,peer1.org1.example.com 

2020-03-12T14:35:30+09:00 - INFO [adapters/fabric]: marbles@v0 successfully installed on Org2's peers: peer0.org2.example.com,peer1.org2.example.com 

2020-03-12T14:35:30+09:00 - INFO [adapters/fabric]: drm@v0 successfully installed on Org1's peers: peer0.org1.example.com,peer1.org1.example.com 

2020-03-12T14:35:30+09:00 - INFO [adapters/fabric]: drm@v0 successfully installed on Org2's peers: peer0.org2.example.com,peer1.org2.example.com 

2020-03-12T14:35:30+09:00 - INFO [adapters/fabric]: simple@v0 successfully installed on Org1's peers: peer0.org1.example.com,peer1.org1.example.com 

2020-03-12T14:35:30+09:00 - INFO [adapters/fabric]: simple@v0 successfully installed on Org2's peers: peer0.org2.example.com,peer1.org2.example.com 

2020-03-12T14:35:30+09:00 - INFO [adapters/fabric]: smallbank@v0 successfully installed on Org1's peers: peer0.org1.example.com,peer1.org1.example.com 

2020-03-12T14:35:30+09:00 - INFO [adapters/fabric]: smallbank@v0 successfully installed on Org2's peers: peer0.org2.example.com,peer1.org2.example.com 

2020-03-12T14:35:30+09:00 - INFO [adapters/fabric]: Instantiating marbles@v0 in mychannel. This might take some time... 

2020-03-12T14:35:48+09:00 - INFO [adapters/fabric]: Successfully instantiated marbles@v0 in mychannel 

2020-03-12T14:35:48+09:00 - INFO [adapters/fabric]: Instantiating drm@v0 in mychannel. This might take some time... 

2020-03-12T14:36:07+09:00 - INFO [adapters/fabric]: Successfully instantiated drm@v0 in mychannel 

2020-03-12T14:36:07+09:00 - INFO [adapters/fabric]: Instantiating simple@v0 in mychannel. This might take some time... 

2020-03-12T14:36:24+09:00 - INFO [adapters/fabric]: Successfully instantiated simple@v0 in mychannel 

2020-03-12T14:36:24+09:00 - INFO [adapters/fabric]: Instantiating smallbank@v0 in mychannel. This might take some time... 

2020-03-12T14:36:41+09:00 - INFO [adapters/fabric]: Successfully instantiated smallbank@v0 in mychannel 

2020-03-12T14:36:41+09:00 - INFO [adapters/fabric]: Sleeping 5s... 

2020-03-12T14:36:46+09:00 - INFO [caliper-flow]: Started monitor successfully 

2020-03-12T14:36:46+09:00 - INFO [defaultTest]: ####### Testing 'smallOperations' ####### 

2020-03-12T14:36:46+09:00 - INFO [defaultTest]: ------ Test round 1 ------ 

2020-03-12T14:36:46+09:00 - INFO [client-util.js]: Launching client with PID  6820 

2020-03-12T14:36:46+09:00 - INFO [client-util.js]: Launching client with PID  6825 

2020-03-12T14:36:46+09:00 - INFO [client-util.js]: Launching client with PID  6831 

2020-03-12T14:36:46+09:00 - INFO [client-util.js]: Launching client with PID  6833 

2020-03-12T14:36:46+09:00 - INFO [client-util.js]: Launching client with PID  6843 

2020-03-12T14:36:46+09:00 - INFO [client-util.js]: Waiting for 5 clients to be ready...  

2020-03-12T14:36:47+09:00 - INFO [demo.js]: [Transaction Info] - Submitted: 0 Succ: 0 Fail:0 Unfinished:0 

2020-03-12T14:36:47+09:00 - DEBUG Constructed a winston logger with the specified targets:
	{"consolelogger":{"target":"console","level":"info"},"filelogger":{"target":"daily-rotate-file","level":"debug","filename":"log/caliper-%DATE%.log","datePattern":"YYYY-MM-DD-HH","maxSize":"5m","zippedArchive":true}}

2020-03-12T14:36:47+09:00 - DEBUG Constructed a winston logger with the specified targets:
	{"consolelogger":{"target":"console","level":"info"},"filelogger":{"target":"daily-rotate-file","level":"debug","filename":"log/caliper-%DATE%.log","datePattern":"YYYY-MM-DD-HH","maxSize":"5m","zippedArchive":true}}

2020-03-12T14:36:47+09:00 - DEBUG Constructed a winston logger with the specified targets:
	{"consolelogger":{"target":"console","level":"info"},"filelogger":{"target":"daily-rotate-file","level":"debug","filename":"log/caliper-%DATE%.log","datePattern":"YYYY-MM-DD-HH","maxSize":"5m","zippedArchive":true}}

2020-03-12T14:36:47+09:00 - DEBUG Constructed a winston logger with the specified targets:
	{"consolelogger":{"target":"console","level":"info"},"filelogger":{"target":"daily-rotate-file","level":"debug","filename":"log/caliper-%DATE%.log","datePattern":"YYYY-MM-DD-HH","maxSize":"5m","zippedArchive":true}}

2020-03-12T14:36:47+09:00 - DEBUG Constructed a winston logger with the specified targets:
	{"consolelogger":{"target":"console","level":"info"},"filelogger":{"target":"daily-rotate-file","level":"debug","filename":"log/caliper-%DATE%.log","datePattern":"YYYY-MM-DD-HH","maxSize":"5m","zippedArchive":true}}

2020-03-12T14:36:48+09:00 - INFO [client-util.js]: Client ready message recieved 

2020-03-12T14:36:48+09:00 - INFO [fabric/fabricClientWorker]: Client ready 

2020-03-12T14:36:48+09:00 - INFO [client-util.js]: Client ready message recieved 

2020-03-12T14:36:48+09:00 - INFO [fabric/fabricClientWorker]: Client ready 

2020-03-12T14:36:48+09:00 - INFO [client-util.js]: Client ready message recieved 

2020-03-12T14:36:48+09:00 - INFO [fabric/fabricClientWorker]: Client ready 

2020-03-12T14:36:48+09:00 - INFO [client-util.js]: Client ready message recieved 

2020-03-12T14:36:48+09:00 - INFO [fabric/fabricClientWorker]: Client ready 

2020-03-12T14:36:48+09:00 - INFO [client-util.js]: Client ready message recieved 

2020-03-12T14:36:48+09:00 - INFO [client-util.js]: 5 clients ready, starting test phase 

2020-03-12T14:36:48+09:00 - INFO [fabric/fabricClientWorker]: Client ready 

2020-03-12T14:36:48+09:00 - DEBUG [local-client.js]: doTest() with:
	{"type":"test","label":"smallOperations","rateControl":{"type":"fixed-rate","opts":{"tps":1000}},"trim":0,"args":{"accounts":400,"txnPerBatch":1},"cb":"benchmark/smallbank/smallbankOperations.js","config":"/home/oslab/caliper-benchmarks/caliper/packages/caliper-samples/network/fabric-v1.4.1/kafka2o2pgoleveldb/fabric-go.yaml","root":"/home/oslab/caliper-benchmarks/caliper/packages/caliper-samples","numb":200,"roundIdx":1,"totalClients":5,"clients":5,"clientargs":{},"clientIdx":4}

2020-03-12T14:36:48+09:00 - DEBUG [local-client.js]: doTest() with:
	{"type":"test","label":"smallOperations","rateControl":{"type":"fixed-rate","opts":{"tps":1000}},"trim":0,"args":{"accounts":400,"txnPerBatch":1},"cb":"benchmark/smallbank/smallbankOperations.js","config":"/home/oslab/caliper-benchmarks/caliper/packages/caliper-samples/network/fabric-v1.4.1/kafka2o2pgoleveldb/fabric-go.yaml","root":"/home/oslab/caliper-benchmarks/caliper/packages/caliper-samples","numb":200,"roundIdx":1,"totalClients":5,"clients":5,"clientargs":{},"clientIdx":3}

2020-03-12T14:36:48+09:00 - DEBUG [local-client.js]: doTest() with:
	{"type":"test","label":"smallOperations","rateControl":{"type":"fixed-rate","opts":{"tps":1000}},"trim":0,"args":{"accounts":400,"txnPerBatch":1},"cb":"benchmark/smallbank/smallbankOperations.js","config":"/home/oslab/caliper-benchmarks/caliper/packages/caliper-samples/network/fabric-v1.4.1/kafka2o2pgoleveldb/fabric-go.yaml","root":"/home/oslab/caliper-benchmarks/caliper/packages/caliper-samples","numb":200,"roundIdx":1,"totalClients":5,"clients":5,"clientargs":{},"clientIdx":0}

2020-03-12T14:36:48+09:00 - DEBUG [local-client.js]: doTest() with:
	{"type":"test","label":"smallOperations","rateControl":{"type":"fixed-rate","opts":{"tps":1000}},"trim":0,"args":{"accounts":400,"txnPerBatch":1},"cb":"benchmark/smallbank/smallbankOperations.js","config":"/home/oslab/caliper-benchmarks/caliper/packages/caliper-samples/network/fabric-v1.4.1/kafka2o2pgoleveldb/fabric-go.yaml","root":"/home/oslab/caliper-benchmarks/caliper/packages/caliper-samples","numb":200,"roundIdx":1,"totalClients":5,"clients":5,"clientargs":{},"clientIdx":1}

2020-03-12T14:36:48+09:00 - DEBUG [local-client.js]: doTest() with:
	{"type":"test","label":"smallOperations","rateControl":{"type":"fixed-rate","opts":{"tps":1000}},"trim":0,"args":{"accounts":400,"txnPerBatch":1},"cb":"benchmark/smallbank/smallbankOperations.js","config":"/home/oslab/caliper-benchmarks/caliper/packages/caliper-samples/network/fabric-v1.4.1/kafka2o2pgoleveldb/fabric-go.yaml","root":"/home/oslab/caliper-benchmarks/caliper/packages/caliper-samples","numb":200,"roundIdx":1,"totalClients":5,"clients":5,"clientargs":{},"clientIdx":2}

2020-03-12T14:36:48+09:00 - INFO [local-client.js]: txUpdateTime: 1000 

2020-03-12T14:36:48+09:00 - INFO [local-client.js]: txUpdateTime: 1000 

2020-03-12T14:36:48+09:00 - INFO [local-client.js]: txUpdateTime: 1000 

2020-03-12T14:36:48+09:00 - INFO [local-client.js]: txUpdateTime: 1000 

2020-03-12T14:36:48+09:00 - INFO [local-client.js]: txUpdateTime: 1000 

2020-03-12T14:36:48+09:00 - INFO [local-client.js]: Info: client 6825 start test runFixedNumber():small_bank_operations 

2020-03-12T14:36:48+09:00 - DEBUG [rateControl.js]: Creating rate controller for client#1 for round#1
	{"type":"fixed-rate","opts":{"tps":1000}}

2020-03-12T14:36:48+09:00 - INFO [local-client.js]: Info: client 6843 start test runFixedNumber():small_bank_operations 

2020-03-12T14:36:48+09:00 - INFO [local-client.js]: Info: client 6831 start test runFixedNumber():small_bank_operations 

2020-03-12T14:36:48+09:00 - DEBUG [rateControl.js]: Creating rate controller for client#2 for round#1
	{"type":"fixed-rate","opts":{"tps":1000}}

2020-03-12T14:36:48+09:00 - DEBUG [rateControl.js]: Creating rate controller for client#4 for round#1
	{"type":"fixed-rate","opts":{"tps":1000}}

2020-03-12T14:36:48+09:00 - INFO [local-client.js]: Info: client 6833 start test runFixedNumber():small_bank_operations 

2020-03-12T14:36:48+09:00 - DEBUG [rateControl.js]: Creating rate controller for client#3 for round#1
	{"type":"fixed-rate","opts":{"tps":1000}}

2020-03-12T14:36:48+09:00 - INFO [local-client.js]: Info: client 6820 start test runFixedNumber():small_bank_operations 

2020-03-12T14:36:48+09:00 - DEBUG [rateControl.js]: Creating rate controller for client#0 for round#1
	{"type":"fixed-rate","opts":{"tps":1000}}

2020-03-12T14:36:48+09:00 - INFO [demo.js]: [Transaction Info] - Submitted: 0 Succ: 0 Fail:0 Unfinished:0 

2020-03-12T14:36:49+09:00 - INFO [demo.js]: [Transaction Info] - Submitted: 504 Succ: 150 Fail:0 Unfinished:354 

2020-03-12T14:36:50+09:00 - INFO [demo.js]: [Transaction Info] - Submitted: 1000 Succ: 550 Fail:0 Unfinished:450 

2020-03-12T14:36:51+09:00 - INFO [demo.js]: [Transaction Info] - Submitted: 1000 Succ: 1000 Fail:0 Unfinished:0 

2020-03-12T14:36:51+09:00 - DEBUG [report-builder]: r.create.max: 1583991410.386 r.create.min: 1583991408.721 r.final.max: 1583991411.644 r.final.min: 1583991409.151 r.final.last: 1583991411.644 

2020-03-12T14:36:51+09:00 - DEBUG [report-builder]:  throughput for only success time computed: 342.1 

2020-03-12T14:36:51+09:00 - DEBUG [report-builder]: sendTransactionProposal: 0ms length: 1000 

2020-03-12T14:36:51+09:00 - DEBUG [report-builder]: sendTransaction: 0ms 

2020-03-12T14:36:51+09:00 - DEBUG [report-builder]: invokeLatency: 0ms 

2020-03-12T14:36:51+09:00 - INFO [report-builder]: ###test result:### 

2020-03-12T14:36:51+09:00 - INFO [report-builder]: 
+-----------------+------+------+-----------+-------------+-------------+-------------+------------+
| Name            | Succ | Fail | Send Rate | Max Latency | Min Latency | Avg Latency | Throughput |
|-----------------|------|------|-----------|-------------|-------------|-------------|------------|
| smallOperations | 1000 | 0    | 600.6 tps | 1.40 s      | 0.33 s      | 0.90 s      | 342.1 tps  |
+-----------------+------+------+-----------+-------------+-------------+-------------+------------+
 

2020-03-12T14:36:51+09:00 - INFO [report-builder]: ### resource stats ### 

2020-03-12T14:36:51+09:00 - INFO [report-builder]: 
+--------+-----------------------------------+-------------+-------------+----------+----------+------------+-------------+-----------+------------+
| TYPE   | NAME                              | Memory(max) | Memory(avg) | CPU(max) | CPU(avg) | Traffic In | Traffic Out | Disc Read | Disc Write |
|--------|-----------------------------------|-------------|-------------|----------|----------|------------|-------------|-----------|------------|
| Docker | dev-peer1.org2.example.co...nk-v0 | 8.0MB       | 7.5MB       | 16.33%   | 8.16%    | 898.9KB    | 462.0KB     | 0B        | 0B         |
|--------|-----------------------------------|-------------|-------------|----------|----------|------------|-------------|-----------|------------|
| Docker | dev-peer0.org1.example.co...nk-v0 | 8.5MB       | 7.8MB       | 15.07%   | 7.54%    | 887.3KB    | 449.0KB     | 0B        | 0B         |
|--------|-----------------------------------|-------------|-------------|----------|----------|------------|-------------|-----------|------------|
| Docker | dev-peer1.org1.example.co...nk-v0 | 8.2MB       | 7.6MB       | 15.55%   | 7.78%    | 898.0KB    | 458.9KB     | 0B        | 0B         |
|--------|-----------------------------------|-------------|-------------|----------|----------|------------|-------------|-----------|------------|
| Docker | dev-peer0.org2.example.co...nk-v0 | 8.0MB       | 7.6MB       | 16.05%   | 8.02%    | 897.4KB    | 458.8KB     | 0B        | 0B         |
|--------|-----------------------------------|-------------|-------------|----------|----------|------------|-------------|-----------|------------|
| Docker | dev-peer0.org1.example.co...le-v0 | 6.7MB       | 6.7MB       | 0.00%    | 0.00%    | 42B        | 0B          | 0B        | 0B         |
|--------|-----------------------------------|-------------|-------------|----------|----------|------------|-------------|-----------|------------|
| Docker | dev-peer0.org2.example.co...le-v0 | 6.7MB       | 6.7MB       | 0.00%    | 0.00%    | 42B        | 0B          | 0B        | 0B         |
|--------|-----------------------------------|-------------|-------------|----------|----------|------------|-------------|-----------|------------|
| Docker | dev-peer1.org1.example.co...le-v0 | 7.0MB       | 7.0MB       | 0.00%    | 0.00%    | 112B       | 0B          | 0B        | 0B         |
|--------|-----------------------------------|-------------|-------------|----------|----------|------------|-------------|-----------|------------|
| Docker | dev-peer1.org2.example.co...le-v0 | 6.9MB       | 6.9MB       | 0.00%    | 0.00%    | 112B       | 0B          | 0B        | 0B         |
|--------|-----------------------------------|-------------|-------------|----------|----------|------------|-------------|-----------|------------|
| Docker | dev-peer0.org1.example.co...rm-v0 | 7.0MB       | 7.0MB       | 0.00%    | 0.00%    | 42B        | 0B          | 0B        | 0B         |
|--------|-----------------------------------|-------------|-------------|----------|----------|------------|-------------|-----------|------------|
| Docker | dev-peer0.org2.example.co...rm-v0 | 6.7MB       | 6.7MB       | 0.00%    | 0.00%    | 42B        | 0B          | 0B        | 0B         |
|--------|-----------------------------------|-------------|-------------|----------|----------|------------|-------------|-----------|------------|
| Docker | dev-peer1.org2.example.co...rm-v0 | 6.9MB       | 6.9MB       | 0.00%    | 0.00%    | 42B        | 0B          | 0B        | 0B         |
|--------|-----------------------------------|-------------|-------------|----------|----------|------------|-------------|-----------|------------|
| Docker | dev-peer1.org1.example.co...rm-v0 | 6.7MB       | 6.7MB       | 0.00%    | 0.00%    | 42B        | 0B          | 0B        | 0B         |
|--------|-----------------------------------|-------------|-------------|----------|----------|------------|-------------|-----------|------------|
| Docker | dev-peer0.org1.example.co...es-v0 | 7.0MB       | 7.0MB       | 0.01%    | 0.01%    | 42B        | 0B          | 0B        | 0B         |
|--------|-----------------------------------|-------------|-------------|----------|----------|------------|-------------|-----------|------------|
| Docker | dev-peer1.org2.example.co...es-v0 | 7.0MB       | 7.0MB       | 0.00%    | 0.00%    | 42B        | 0B          | 0B        | 0B         |
|--------|-----------------------------------|-------------|-------------|----------|----------|------------|-------------|-----------|------------|
| Docker | dev-peer0.org2.example.co...es-v0 | 6.7MB       | 6.7MB       | 0.00%    | 0.00%    | 245B       | 0B          | 0B        | 0B         |
|--------|-----------------------------------|-------------|-------------|----------|----------|------------|-------------|-----------|------------|
| Docker | dev-peer1.org1.example.co...es-v0 | 6.7MB       | 6.7MB       | 0.00%    | 0.00%    | 245B       | 0B          | 0B        | 0B         |
|--------|-----------------------------------|-------------|-------------|----------|----------|------------|-------------|-----------|------------|
| Docker | peer0.org2.example.com            | 162.7MB     | 159.1MB     | 159.85%  | 81.05%   | 5.0MB      | 1.8MB       | 0B        | 6.3MB      |
|--------|-----------------------------------|-------------|-------------|----------|----------|------------|-------------|-----------|------------|
| Docker | peer1.org1.example.com            | 179.0MB     | 163.3MB     | 153.69%  | 78.04%   | 5.0MB      | 1.8MB       | 0B        | 5.9MB      |
|--------|-----------------------------------|-------------|-------------|----------|----------|------------|-------------|-----------|------------|
| Docker | peer0.org1.example.com            | 142.9MB     | 139.6MB     | 146.35%  | 74.16%   | 5.1MB      | 2.3MB       | 0B        | 5.4MB      |
|--------|-----------------------------------|-------------|-------------|----------|----------|------------|-------------|-----------|------------|
| Docker | peer1.org2.example.com            | 179.0MB     | 167.3MB     | 152.86%  | 77.46%   | 5.0MB      | 1.8MB       | 0B        | 5.8MB      |
|--------|-----------------------------------|-------------|-------------|----------|----------|------------|-------------|-----------|------------|
| Docker | orderer1.example.com              | 26.7MB      | 20.5MB      | 100.55%  | 50.58%   | 6.1MB      | 6.1MB       | 0B        | 8.1MB      |
|--------|-----------------------------------|-------------|-------------|----------|----------|------------|-------------|-----------|------------|
| Docker | orderer0.example.com              | 30.0MB      | 22.6MB      | 101.42%  | 50.97%   | 6.1MB      | 13.9MB      | 0B        | 8.1MB      |
|--------|-----------------------------------|-------------|-------------|----------|----------|------------|-------------|-----------|------------|
| Docker | kafka0                            | 341.5MB     | 338.8MB     | 27.38%   | 14.49%   | 4.1MB      | 80.8KB      | 0B        | 8.0KB      |
|--------|-----------------------------------|-------------|-------------|----------|----------|------------|-------------|-----------|------------|
| Docker | kafka2                            | 334.4MB     | 330.5MB     | 36.43%   | 18.81%   | 4.0MB      | 64.6KB      | 0B        | 8.0KB      |
|--------|-----------------------------------|-------------|-------------|----------|----------|------------|-------------|-----------|------------|
| Docker | kafka3                            | 382.1MB     | 376.2MB     | 185.24%  | 94.50%   | 4.2MB      | 16.1MB      | 0B        | 8.0KB      |
|--------|-----------------------------------|-------------|-------------|----------|----------|------------|-------------|-----------|------------|
| Docker | kafka1                            | 324.1MB     | 324.1MB     | 0.80%    | 0.79%    | 2.1KB      | 1.3KB       | 0B        | 8.0KB      |
|--------|-----------------------------------|-------------|-------------|----------|----------|------------|-------------|-----------|------------|
| Docker | zookeeper1                        | 51.6MB      | 51.6MB      | 0.37%    | 0.25%    | 642B       | 368B        | 0B        | 0B         |
|--------|-----------------------------------|-------------|-------------|----------|----------|------------|-------------|-----------|------------|
| Docker | zookeeper2                        | 54.8MB      | 54.8MB      | 0.41%    | 0.30%    | 894B       | 1.1KB       | 0B        | 0B         |
|--------|-----------------------------------|-------------|-------------|----------|----------|------------|-------------|-----------|------------|
| Docker | zookeeper0                        | 52.0MB      | 52.0MB      | 0.86%    | 0.50%    | 642B       | 368B        | 0B        | 0B         |
|--------|-----------------------------------|-------------|-------------|----------|----------|------------|-------------|-----------|------------|
| Docker | ca.org2.example.com               | 10.2MB      | 10.2MB      | 0.00%    | 0.00%    | 42B        | 0B          | 0B        | 0B         |
|--------|-----------------------------------|-------------|-------------|----------|----------|------------|-------------|-----------|------------|
| Docker | ca.org1.example.com               | 10.4MB      | 10.4MB      | 0.00%    | 0.00%    | 42B        | 0B          | 0B        | 0B         |
|--------|-----------------------------------|-------------|-------------|----------|----------|------------|-------------|-----------|------------|
| Docker | cello-dashboard                   | 4.2MB       | 4.2MB       | 0.00%    | 0.00%    | 0B         | 0B          | 0B        | 0B         |
|--------|-----------------------------------|-------------|-------------|----------|----------|------------|-------------|-----------|------------|
| Docker | cello-nginx                       | 3.9MB       | 3.9MB       | 0.00%    | 0.00%    | 0B         | 0B          | 0B        | 0B         |
|--------|-----------------------------------|-------------|-------------|----------|----------|------------|-------------|-----------|------------|
| Docker | cello-api-engine                  | 150.5MB     | 150.5MB     | 0.01%    | 0.01%    | 0B         | 0B          | 0B        | 0B         |
|--------|-----------------------------------|-------------|-------------|----------|----------|------------|-------------|-----------|------------|
| Docker | cello-api-engine-tasks            | 722.0MB     | 722.0MB     | 0.18%    | 0.17%    | 1.3KB      | 1.4KB       | 0B        | 0B         |
|--------|-----------------------------------|-------------|-------------|----------|----------|------------|-------------|-----------|------------|
| Docker | cello-postgres-server             | 30.3MB      | 30.3MB      | 0.00%    | 0.00%    | 0B         | 0B          | 0B        | 0B         |
|--------|-----------------------------------|-------------|-------------|----------|----------|------------|-------------|-----------|------------|
| Docker | cello-redis                       | 6.7MB       | 6.7MB       | 0.14%    | 0.12%    | 1.4KB      | 1.3KB       | 0B        | 0B         |
+--------+-----------------------------------+-------------+-------------+----------+----------+------------+-------------+-----------+------------+
 

2020-03-12T14:36:51+09:00 - INFO [defaultTest]: ------ Passed 'smallOperations' testing ------ 

2020-03-12T14:36:51+09:00 - INFO [caliper-flow]: ---------- Finished Test ----------
 

2020-03-12T14:36:51+09:00 - INFO [report-builder]: ###all test results:### 

2020-03-12T14:36:51+09:00 - INFO [report-builder]: 
+------+-----------------+------+------+-----------+-------------+-------------+-------------+------------+
| Test | Name            | Succ | Fail | Send Rate | Max Latency | Min Latency | Avg Latency | Throughput |
|------|-----------------|------|------|-----------|-------------|-------------|-------------|------------|
| 1    | smallOperations | 1000 | 0    | 600.6 tps | 1.40 s      | 0.33 s      | 0.90 s      | 342.1 tps  |
+------+-----------------+------+------+-----------+-------------+-------------+-------------+------------+
 

2020-03-12T14:36:51+09:00 - INFO [monitor.js]: 
 ### resource stats (maximum) ### 

2020-03-12T14:36:51+09:00 - INFO [monitor.js]: 
+--------+-----------------------------------+-------------+----------+------------+-------------+-----------+------------+
| TYPE   | NAME                              | Memory(max) | CPU(max) | Traffic In | Traffic Out | Disc Read | Disc Write |
|--------|-----------------------------------|-------------|----------|------------|-------------|-----------|------------|
| Docker | dev-peer1.org2.example.co...nk-v0 | 8.0MB       | 16.33%   | 898.9KB    | 462.0KB     | 0B        | 0B         |
|--------|-----------------------------------|-------------|----------|------------|-------------|-----------|------------|
| Docker | dev-peer0.org1.example.co...nk-v0 | 8.5MB       | 15.07%   | 887.3KB    | 449.0KB     | 0B        | 0B         |
|--------|-----------------------------------|-------------|----------|------------|-------------|-----------|------------|
| Docker | dev-peer1.org1.example.co...nk-v0 | 8.2MB       | 15.55%   | 898.0KB    | 458.9KB     | 0B        | 0B         |
|--------|-----------------------------------|-------------|----------|------------|-------------|-----------|------------|
| Docker | dev-peer0.org2.example.co...nk-v0 | 8.0MB       | 16.05%   | 897.4KB    | 458.8KB     | 0B        | 0B         |
|--------|-----------------------------------|-------------|----------|------------|-------------|-----------|------------|
| Docker | dev-peer0.org1.example.co...le-v0 | 6.7MB       | 0.00%    | 42B        | 0B          | 0B        | 0B         |
|--------|-----------------------------------|-------------|----------|------------|-------------|-----------|------------|
| Docker | dev-peer0.org2.example.co...le-v0 | 6.7MB       | 0.00%    | 42B        | 0B          | 0B        | 0B         |
|--------|-----------------------------------|-------------|----------|------------|-------------|-----------|------------|
| Docker | dev-peer1.org1.example.co...le-v0 | 7.0MB       | 0.00%    | 112B       | 0B          | 0B        | 0B         |
|--------|-----------------------------------|-------------|----------|------------|-------------|-----------|------------|
| Docker | dev-peer1.org2.example.co...le-v0 | 6.9MB       | 0.00%    | 112B       | 0B          | 0B        | 0B         |
|--------|-----------------------------------|-------------|----------|------------|-------------|-----------|------------|
| Docker | dev-peer0.org1.example.co...rm-v0 | 7.0MB       | 0.00%    | 42B        | 0B          | 0B        | 0B         |
|--------|-----------------------------------|-------------|----------|------------|-------------|-----------|------------|
| Docker | dev-peer0.org2.example.co...rm-v0 | 6.7MB       | 0.00%    | 42B        | 0B          | 0B        | 0B         |
|--------|-----------------------------------|-------------|----------|------------|-------------|-----------|------------|
| Docker | dev-peer1.org2.example.co...rm-v0 | 6.9MB       | 0.00%    | 42B        | 0B          | 0B        | 0B         |
|--------|-----------------------------------|-------------|----------|------------|-------------|-----------|------------|
| Docker | dev-peer1.org1.example.co...rm-v0 | 6.7MB       | 0.00%    | 42B        | 0B          | 0B        | 0B         |
|--------|-----------------------------------|-------------|----------|------------|-------------|-----------|------------|
| Docker | dev-peer0.org1.example.co...es-v0 | 7.0MB       | 0.01%    | 42B        | 0B          | 0B        | 0B         |
|--------|-----------------------------------|-------------|----------|------------|-------------|-----------|------------|
| Docker | dev-peer1.org2.example.co...es-v0 | 7.0MB       | 0.00%    | 42B        | 0B          | 0B        | 0B         |
|--------|-----------------------------------|-------------|----------|------------|-------------|-----------|------------|
| Docker | dev-peer0.org2.example.co...es-v0 | 6.7MB       | 0.00%    | 245B       | 0B          | 0B        | 0B         |
|--------|-----------------------------------|-------------|----------|------------|-------------|-----------|------------|
| Docker | dev-peer1.org1.example.co...es-v0 | 6.7MB       | 0.00%    | 245B       | 0B          | 0B        | 0B         |
|--------|-----------------------------------|-------------|----------|------------|-------------|-----------|------------|
| Docker | peer0.org2.example.com            | 162.7MB     | 159.85%  | 5.0MB      | 1.8MB       | 0B        | 6.3MB      |
|--------|-----------------------------------|-------------|----------|------------|-------------|-----------|------------|
| Docker | peer1.org1.example.com            | 179.0MB     | 153.69%  | 5.0MB      | 1.8MB       | 0B        | 5.9MB      |
|--------|-----------------------------------|-------------|----------|------------|-------------|-----------|------------|
| Docker | peer0.org1.example.com            | 142.9MB     | 146.35%  | 5.1MB      | 2.3MB       | 0B        | 5.4MB      |
|--------|-----------------------------------|-------------|----------|------------|-------------|-----------|------------|
| Docker | peer1.org2.example.com            | 179.0MB     | 152.86%  | 5.0MB      | 1.8MB       | 0B        | 5.8MB      |
|--------|-----------------------------------|-------------|----------|------------|-------------|-----------|------------|
| Docker | orderer1.example.com              | 26.7MB      | 100.55%  | 6.1MB      | 6.1MB       | 0B        | 8.1MB      |
|--------|-----------------------------------|-------------|----------|------------|-------------|-----------|------------|
| Docker | orderer0.example.com              | 30.0MB      | 101.42%  | 6.1MB      | 13.9MB      | 0B        | 8.1MB      |
|--------|-----------------------------------|-------------|----------|------------|-------------|-----------|------------|
| Docker | kafka0                            | 341.5MB     | 27.38%   | 4.1MB      | 80.8KB      | 0B        | 8.0KB      |
|--------|-----------------------------------|-------------|----------|------------|-------------|-----------|------------|
| Docker | kafka2                            | 334.4MB     | 36.43%   | 4.0MB      | 64.6KB      | 0B        | 8.0KB      |
|--------|-----------------------------------|-------------|----------|------------|-------------|-----------|------------|
| Docker | kafka3                            | 382.1MB     | 185.24%  | 4.2MB      | 16.1MB      | 0B        | 8.0KB      |
|--------|-----------------------------------|-------------|----------|------------|-------------|-----------|------------|
| Docker | kafka1                            | 324.1MB     | 0.80%    | 2.1KB      | 1.3KB       | 0B        | 8.0KB      |
|--------|-----------------------------------|-------------|----------|------------|-------------|-----------|------------|
| Docker | zookeeper1                        | 51.6MB      | 0.37%    | 642B       | 368B        | 0B        | 0B         |
|--------|-----------------------------------|-------------|----------|------------|-------------|-----------|------------|
| Docker | zookeeper2                        | 54.8MB      | 0.41%    | 894B       | 1.1KB       | 0B        | 0B         |
|--------|-----------------------------------|-------------|----------|------------|-------------|-----------|------------|
| Docker | zookeeper0                        | 52.0MB      | 0.86%    | 642B       | 368B        | 0B        | 0B         |
|--------|-----------------------------------|-------------|----------|------------|-------------|-----------|------------|
| Docker | ca.org2.example.com               | 10.2MB      | 0.00%    | 42B        | 0B          | 0B        | 0B         |
|--------|-----------------------------------|-------------|----------|------------|-------------|-----------|------------|
| Docker | ca.org1.example.com               | 10.4MB      | 0.00%    | 42B        | 0B          | 0B        | 0B         |
|--------|-----------------------------------|-------------|----------|------------|-------------|-----------|------------|
| Docker | cello-dashboard                   | 4.2MB       | 0.00%    | 0B         | 0B          | 0B        | 0B         |
|--------|-----------------------------------|-------------|----------|------------|-------------|-----------|------------|
| Docker | cello-nginx                       | 3.9MB       | 0.00%    | 0B         | 0B          | 0B        | 0B         |
|--------|-----------------------------------|-------------|----------|------------|-------------|-----------|------------|
| Docker | cello-api-engine                  | 150.5MB     | 0.01%    | 0B         | 0B          | 0B        | 0B         |
|--------|-----------------------------------|-------------|----------|------------|-------------|-----------|------------|
| Docker | cello-api-engine-tasks            | 722.0MB     | 0.18%    | 1.3KB      | 1.4KB       | 0B        | 0B         |
|--------|-----------------------------------|-------------|----------|------------|-------------|-----------|------------|
| Docker | cello-postgres-server             | 30.3MB      | 0.00%    | 0B         | 0B          | 0B        | 0B         |
|--------|-----------------------------------|-------------|----------|------------|-------------|-----------|------------|
| Docker | cello-redis                       | 6.7MB       | 0.14%    | 1.4KB      | 1.3KB       | 0B        | 0B         |
+--------+-----------------------------------+-------------+----------+------------+-------------+-----------+------------+
 

2020-03-12T14:36:52+09:00 - INFO [caliper-flow]: Generated report with path /home/oslab/caliper-benchmarks/report-20200312T053652.html 

2020-03-12T14:36:52+09:00 - INFO [demo.js]: [Transaction Info] - Submitted: 1000 Succ: 1000 Fail:0 Unfinished:0 

2020-03-12T14:36:52+09:00 - INFO [caliper-flow]: 

#######################################
# Test summary: 1 succeeded, 0 failed #
#######################################
 

2020-03-12T14:36:52+09:00 - INFO [caliper-utils]: Executing command: cd /home/oslab/caliper-benchmarks/caliper/packages/caliper-samples;docker-compose -f network/fabric-v1.4.1/kafka2o2pgoleveldb/docker-compose.yaml down;(test -z \"$(docker ps -aq)\") || docker rm $(docker ps -aq);(test -z \"$(docker images dev* -q)\") || docker rmi $(docker images dev* -q);rm -rf /tmp/hfc-* 

2020-03-12T14:36:52+09:00 - INFO [client-util.js]: Client exited with code null 

2020-03-12T14:36:52+09:00 - INFO [client-util.js]: Client exited with code null 

2020-03-12T14:36:52+09:00 - INFO [client-util.js]: Client exited with code null 

2020-03-12T14:36:52+09:00 - INFO [client-util.js]: Client exited with code null 

2020-03-12T14:36:52+09:00 - INFO [client-util.js]: Client exited with code null 

