2020-09-22T14:06:45+09:00 - DEBUG Constructed a winston logger with the specified targets:
	{"consolelogger":{"target":"console","level":"info"},"filelogger":{"target":"daily-rotate-file","level":"debug","filename":"log/caliper-%DATE%.log","datePattern":"YYYY-MM-DD-HH","maxSize":"5m","zippedArchive":true}}

2020-09-22T14:06:46+09:00 - INFO [caliper-flow]: ####### Caliper Test ####### 

2020-09-22T14:06:46+09:00 - INFO [caliper-utils]: Executing command: cd /home/oslab/caliper_v0.1.0/caliper/packages/caliper-samples;docker-compose -f network/fabric-v1.4.1/kafka2o2pgoleveldb/docker-compose.yaml up -d;sleep 3s 

2020-09-22T14:07:09+09:00 - INFO [adapters/fabric]: Fabric SDK version: 1.4.4; TLS: none 

2020-09-22T14:07:10+09:00 - INFO [adapters/fabric]: Org1's registrar enrolled successfully 

2020-09-22T14:07:10+09:00 - INFO [adapters/fabric]: Org2's registrar enrolled successfully 

2020-09-22T14:07:10+09:00 - INFO [adapters/fabric]: Org1's admin's materials are successfully loaded 

2020-09-22T14:07:10+09:00 - INFO [adapters/fabric]: Org2's admin's materials are successfully loaded 

2020-09-22T14:07:10+09:00 - INFO [adapters/fabric]: client0.org1.example.com's materials are successfully loaded 

2020-09-22T14:07:10+09:00 - INFO [adapters/fabric]: client0.org2.example.com's materials are successfully loaded 

2020-09-22T14:07:10+09:00 - INFO [adapters/fabric]: Channel 'mychannel' definiton being retrieved from file 

2020-09-22T14:07:10+09:00 - INFO [adapters/fabric]: Channel 'mychannel' successfully created 

2020-09-22T14:07:10+09:00 - INFO [adapters/fabric]: Sleeping 5s... 

2020-09-22T14:07:15+09:00 - INFO [adapters/fabric]: Org1's peers successfully joined mychannel: peer0.org1.example.com,peer1.org1.example.com 

2020-09-22T14:07:15+09:00 - INFO [adapters/fabric]: Org2's peers successfully joined mychannel: peer0.org2.example.com,peer1.org2.example.com 

2020-09-22T14:07:15+09:00 - INFO [adapters/fabric]: Sleeping 5s... 

2020-09-22T14:07:20+09:00 - INFO [adapters/fabric]: Installing chaincodes for mychannel... 

2020-09-22T14:07:21+09:00 - INFO [adapters/fabric]: marbles@v0 successfully installed on Org1's peers: peer0.org1.example.com,peer1.org1.example.com 

2020-09-22T14:07:21+09:00 - INFO [adapters/fabric]: marbles@v0 successfully installed on Org2's peers: peer0.org2.example.com,peer1.org2.example.com 

2020-09-22T14:07:21+09:00 - INFO [adapters/fabric]: drm@v0 successfully installed on Org1's peers: peer0.org1.example.com,peer1.org1.example.com 

2020-09-22T14:07:21+09:00 - INFO [adapters/fabric]: drm@v0 successfully installed on Org2's peers: peer0.org2.example.com,peer1.org2.example.com 

2020-09-22T14:07:21+09:00 - INFO [adapters/fabric]: simple@v0 successfully installed on Org1's peers: peer0.org1.example.com,peer1.org1.example.com 

2020-09-22T14:07:21+09:00 - INFO [adapters/fabric]: simple@v0 successfully installed on Org2's peers: peer0.org2.example.com,peer1.org2.example.com 

2020-09-22T14:07:21+09:00 - INFO [adapters/fabric]: smallbank@v0 successfully installed on Org1's peers: peer0.org1.example.com,peer1.org1.example.com 

2020-09-22T14:07:21+09:00 - INFO [adapters/fabric]: smallbank@v0 successfully installed on Org2's peers: peer0.org2.example.com,peer1.org2.example.com 

2020-09-22T14:07:21+09:00 - INFO [adapters/fabric]: Instantiating marbles@v0 in mychannel. This might take some time... 

2020-09-22T14:07:39+09:00 - INFO [adapters/fabric]: Successfully instantiated marbles@v0 in mychannel 

2020-09-22T14:07:39+09:00 - INFO [adapters/fabric]: Instantiating drm@v0 in mychannel. This might take some time... 

2020-09-22T14:07:56+09:00 - INFO [adapters/fabric]: Successfully instantiated drm@v0 in mychannel 

2020-09-22T14:07:56+09:00 - INFO [adapters/fabric]: Instantiating simple@v0 in mychannel. This might take some time... 

2020-09-22T14:08:15+09:00 - INFO [adapters/fabric]: Successfully instantiated simple@v0 in mychannel 

2020-09-22T14:08:15+09:00 - INFO [adapters/fabric]: Instantiating smallbank@v0 in mychannel. This might take some time... 

2020-09-22T14:08:33+09:00 - INFO [adapters/fabric]: Successfully instantiated smallbank@v0 in mychannel 

2020-09-22T14:08:33+09:00 - INFO [adapters/fabric]: Sleeping 5s... 

2020-09-22T14:08:38+09:00 - INFO [caliper-flow]: Started monitor successfully 

2020-09-22T14:08:38+09:00 - INFO [defaultTest]: ####### Testing 'smallOperations' ####### 

2020-09-22T14:08:38+09:00 - INFO [defaultTest]: ------ Test round 1 ------ 

2020-09-22T14:08:38+09:00 - INFO [client-util.js]: Launching client with PID  16180 

2020-09-22T14:08:38+09:00 - INFO [client-util.js]: Launching client with PID  16187 

2020-09-22T14:08:38+09:00 - INFO [client-util.js]: Launching client with PID  16193 

2020-09-22T14:08:38+09:00 - INFO [client-util.js]: Launching client with PID  16204 

2020-09-22T14:08:38+09:00 - INFO [client-util.js]: Launching client with PID  16216 

2020-09-22T14:08:38+09:00 - INFO [client-util.js]: Waiting for 5 clients to be ready...  

2020-09-22T14:08:39+09:00 - INFO [demo.js]: [Transaction Info] - Submitted: 0 Succ: 0 Fail:0 Unfinished:0 

2020-09-22T14:08:38+09:00 - DEBUG Constructed a winston logger with the specified targets:
	{"consolelogger":{"target":"console","level":"info"},"filelogger":{"target":"daily-rotate-file","level":"debug","filename":"log/caliper-%DATE%.log","datePattern":"YYYY-MM-DD-HH","maxSize":"5m","zippedArchive":true}}

2020-09-22T14:08:38+09:00 - DEBUG Constructed a winston logger with the specified targets:
	{"consolelogger":{"target":"console","level":"info"},"filelogger":{"target":"daily-rotate-file","level":"debug","filename":"log/caliper-%DATE%.log","datePattern":"YYYY-MM-DD-HH","maxSize":"5m","zippedArchive":true}}

2020-09-22T14:08:38+09:00 - DEBUG Constructed a winston logger with the specified targets:
	{"consolelogger":{"target":"console","level":"info"},"filelogger":{"target":"daily-rotate-file","level":"debug","filename":"log/caliper-%DATE%.log","datePattern":"YYYY-MM-DD-HH","maxSize":"5m","zippedArchive":true}}

2020-09-22T14:08:38+09:00 - DEBUG Constructed a winston logger with the specified targets:
	{"consolelogger":{"target":"console","level":"info"},"filelogger":{"target":"daily-rotate-file","level":"debug","filename":"log/caliper-%DATE%.log","datePattern":"YYYY-MM-DD-HH","maxSize":"5m","zippedArchive":true}}

2020-09-22T14:08:38+09:00 - DEBUG Constructed a winston logger with the specified targets:
	{"consolelogger":{"target":"console","level":"info"},"filelogger":{"target":"daily-rotate-file","level":"debug","filename":"log/caliper-%DATE%.log","datePattern":"YYYY-MM-DD-HH","maxSize":"5m","zippedArchive":true}}

2020-09-22T14:08:40+09:00 - INFO [client-util.js]: Client ready message recieved 

2020-09-22T14:08:40+09:00 - INFO [fabric/fabricClientWorker]: Client ready 

2020-09-22T14:08:40+09:00 - INFO [client-util.js]: Client ready message recieved 

2020-09-22T14:08:40+09:00 - INFO [fabric/fabricClientWorker]: Client ready 

2020-09-22T14:08:40+09:00 - INFO [client-util.js]: Client ready message recieved 

2020-09-22T14:08:40+09:00 - INFO [fabric/fabricClientWorker]: Client ready 

2020-09-22T14:08:40+09:00 - INFO [client-util.js]: Client ready message recieved 

2020-09-22T14:08:40+09:00 - INFO [fabric/fabricClientWorker]: Client ready 

2020-09-22T14:08:40+09:00 - INFO [client-util.js]: Client ready message recieved 

2020-09-22T14:08:40+09:00 - INFO [client-util.js]: 5 clients ready, starting test phase 

2020-09-22T14:08:40+09:00 - INFO [fabric/fabricClientWorker]: Client ready 

2020-09-22T14:08:40+09:00 - DEBUG [local-client.js]: doTest() with:
	{"type":"test","label":"smallOperations","rateControl":{"type":"fixed-rate","opts":{"tps":2000}},"trim":0,"args":{"accounts":400,"txnPerBatch":1},"cb":"benchmark/smallbank/smallbankOperations.js","config":"/home/oslab/caliper_v0.1.0/caliper/packages/caliper-samples/network/fabric-v1.4.1/kafka2o2pgoleveldb/fabric-go.yaml","root":"/home/oslab/caliper_v0.1.0/caliper/packages/caliper-samples","numb":400,"roundIdx":1,"totalClients":5,"clients":5,"clientargs":{},"clientIdx":3}

2020-09-22T14:08:40+09:00 - DEBUG [local-client.js]: doTest() with:
	{"type":"test","label":"smallOperations","rateControl":{"type":"fixed-rate","opts":{"tps":2000}},"trim":0,"args":{"accounts":400,"txnPerBatch":1},"cb":"benchmark/smallbank/smallbankOperations.js","config":"/home/oslab/caliper_v0.1.0/caliper/packages/caliper-samples/network/fabric-v1.4.1/kafka2o2pgoleveldb/fabric-go.yaml","root":"/home/oslab/caliper_v0.1.0/caliper/packages/caliper-samples","numb":400,"roundIdx":1,"totalClients":5,"clients":5,"clientargs":{},"clientIdx":4}

2020-09-22T14:08:40+09:00 - DEBUG [local-client.js]: doTest() with:
	{"type":"test","label":"smallOperations","rateControl":{"type":"fixed-rate","opts":{"tps":2000}},"trim":0,"args":{"accounts":400,"txnPerBatch":1},"cb":"benchmark/smallbank/smallbankOperations.js","config":"/home/oslab/caliper_v0.1.0/caliper/packages/caliper-samples/network/fabric-v1.4.1/kafka2o2pgoleveldb/fabric-go.yaml","root":"/home/oslab/caliper_v0.1.0/caliper/packages/caliper-samples","numb":400,"roundIdx":1,"totalClients":5,"clients":5,"clientargs":{},"clientIdx":0}

2020-09-22T14:08:40+09:00 - DEBUG [local-client.js]: doTest() with:
	{"type":"test","label":"smallOperations","rateControl":{"type":"fixed-rate","opts":{"tps":2000}},"trim":0,"args":{"accounts":400,"txnPerBatch":1},"cb":"benchmark/smallbank/smallbankOperations.js","config":"/home/oslab/caliper_v0.1.0/caliper/packages/caliper-samples/network/fabric-v1.4.1/kafka2o2pgoleveldb/fabric-go.yaml","root":"/home/oslab/caliper_v0.1.0/caliper/packages/caliper-samples","numb":400,"roundIdx":1,"totalClients":5,"clients":5,"clientargs":{},"clientIdx":2}

2020-09-22T14:08:40+09:00 - DEBUG [local-client.js]: doTest() with:
	{"type":"test","label":"smallOperations","rateControl":{"type":"fixed-rate","opts":{"tps":2000}},"trim":0,"args":{"accounts":400,"txnPerBatch":1},"cb":"benchmark/smallbank/smallbankOperations.js","config":"/home/oslab/caliper_v0.1.0/caliper/packages/caliper-samples/network/fabric-v1.4.1/kafka2o2pgoleveldb/fabric-go.yaml","root":"/home/oslab/caliper_v0.1.0/caliper/packages/caliper-samples","numb":400,"roundIdx":1,"totalClients":5,"clients":5,"clientargs":{},"clientIdx":1}

2020-09-22T14:08:40+09:00 - INFO [local-client.js]: txUpdateTime: 1000 

2020-09-22T14:08:40+09:00 - INFO [local-client.js]: txUpdateTime: 1000 

2020-09-22T14:08:40+09:00 - INFO [local-client.js]: txUpdateTime: 1000 

2020-09-22T14:08:40+09:00 - INFO [local-client.js]: txUpdateTime: 1000 

2020-09-22T14:08:40+09:00 - INFO [local-client.js]: txUpdateTime: 1000 

2020-09-22T14:08:40+09:00 - INFO [local-client.js]: Info: client 16216 start test runFixedNumber():small_bank_operations 

2020-09-22T14:08:40+09:00 - INFO [local-client.js]: Info: client 16204 start test runFixedNumber():small_bank_operations 

2020-09-22T14:08:40+09:00 - DEBUG [rateControl.js]: Creating rate controller for client#4 for round#1
	{"type":"fixed-rate","opts":{"tps":2000}}

2020-09-22T14:08:40+09:00 - DEBUG [rateControl.js]: Creating rate controller for client#3 for round#1
	{"type":"fixed-rate","opts":{"tps":2000}}

2020-09-22T14:08:40+09:00 - INFO [local-client.js]: Info: client 16180 start test runFixedNumber():small_bank_operations 

2020-09-22T14:08:40+09:00 - DEBUG [rateControl.js]: Creating rate controller for client#0 for round#1
	{"type":"fixed-rate","opts":{"tps":2000}}

2020-09-22T14:08:40+09:00 - INFO [local-client.js]: Info: client 16187 start test runFixedNumber():small_bank_operations 

2020-09-22T14:08:40+09:00 - DEBUG [rateControl.js]: Creating rate controller for client#1 for round#1
	{"type":"fixed-rate","opts":{"tps":2000}}

2020-09-22T14:08:40+09:00 - INFO [local-client.js]: Info: client 16193 start test runFixedNumber():small_bank_operations 

2020-09-22T14:08:40+09:00 - DEBUG [rateControl.js]: Creating rate controller for client#2 for round#1
	{"type":"fixed-rate","opts":{"tps":2000}}

2020-09-22T14:08:40+09:00 - INFO [demo.js]: [Transaction Info] - Submitted: 0 Succ: 0 Fail:0 Unfinished:0 

2020-09-22T14:08:41+09:00 - INFO [demo.js]: [Transaction Info] - Submitted: 526 Succ: 0 Fail:0 Unfinished:526 

2020-09-22T14:08:42+09:00 - INFO [demo.js]: [Transaction Info] - Submitted: 1137 Succ: 615 Fail:0 Unfinished:522 

2020-09-22T14:08:43+09:00 - INFO [demo.js]: [Transaction Info] - Submitted: 1833 Succ: 1000 Fail:0 Unfinished:833 

2020-09-22T14:08:44+09:00 - DEBUG [report-builder]: r.create.max: 1600751323.747 r.create.min: 1600751320.533 r.final.max: 1600751324.443 r.final.min: 1600751321.842 r.final.last: 1600751324.443 

2020-09-22T14:08:44+09:00 - DEBUG [report-builder]:  throughput for only success time computed: 511.5 

2020-09-22T14:08:44+09:00 - DEBUG [report-builder]: sendTransactionProposal: 0ms length: 2000 

2020-09-22T14:08:44+09:00 - DEBUG [report-builder]: sendTransaction: 0ms 

2020-09-22T14:08:44+09:00 - DEBUG [report-builder]: invokeLatency: 0ms 

2020-09-22T14:08:44+09:00 - INFO [report-builder]: ###test result:### 

2020-09-22T14:08:44+09:00 - INFO [report-builder]: 
+-----------------+------+------+-----------+-------------+-------------+-------------+------------+
| Name            | Succ | Fail | Send Rate | Max Latency | Min Latency | Avg Latency | Throughput |
|-----------------|------|------|-----------|-------------|-------------|-------------|------------|
| smallOperations | 2000 | 0    | 622.3 tps | 1.88 s      | 0.69 s      | 1.17 s      | 511.5 tps  |
+-----------------+------+------+-----------+-------------+-------------+-------------+------------+
 

2020-09-22T14:08:44+09:00 - INFO [report-builder]: ### resource stats ### 

2020-09-22T14:08:44+09:00 - INFO [report-builder]: 
+--------+-----------------------------------+-------------+-------------+----------+----------+------------+-------------+-----------+------------+
| TYPE   | NAME                              | Memory(max) | Memory(avg) | CPU(max) | CPU(avg) | Traffic In | Traffic Out | Disc Read | Disc Write |
|--------|-----------------------------------|-------------|-------------|----------|----------|------------|-------------|-----------|------------|
| Docker | dev-peer0.org2.example.co...nk-v0 | 8.7MB       | 7.9MB       | 17.19%   | 8.59%    | 1.5MB      | 754.4KB     | 0B        | 0B         |
|--------|-----------------------------------|-------------|-------------|----------|----------|------------|-------------|-----------|------------|
| Docker | dev-peer1.org1.example.co...nk-v0 | 8.1MB       | 7.6MB       | 16.59%   | 8.29%    | 1.5MB      | 759.5KB     | 0B        | 0B         |
|--------|-----------------------------------|-------------|-------------|----------|----------|------------|-------------|-----------|------------|
| Docker | dev-peer0.org1.example.co...nk-v0 | 8.7MB       | 7.9MB       | 21.11%   | 13.17%   | 1.3MB      | 642.1KB     | 0B        | 0B         |
|--------|-----------------------------------|-------------|-------------|----------|----------|------------|-------------|-----------|------------|
| Docker | dev-peer1.org2.example.co...nk-v0 | 8.2MB       | 7.6MB       | 16.20%   | 11.04%   | 1.3MB      | 657.7KB     | 0B        | 0B         |
|--------|-----------------------------------|-------------|-------------|----------|----------|------------|-------------|-----------|------------|
| Docker | dev-peer1.org2.example.co...le-v0 | 6.9MB       | 6.9MB       | 0.00%    | 0.00%    | 0B         | 0B          | 0B        | 0B         |
|--------|-----------------------------------|-------------|-------------|----------|----------|------------|-------------|-----------|------------|
| Docker | dev-peer0.org1.example.co...le-v0 | 7.0MB       | 7.0MB       | 0.00%    | 0.00%    | 0B         | 0B          | 0B        | 0B         |
|--------|-----------------------------------|-------------|-------------|----------|----------|------------|-------------|-----------|------------|
| Docker | dev-peer1.org1.example.co...le-v0 | 7.0MB       | 7.0MB       | 0.00%    | 0.00%    | 0B         | 0B          | 0B        | 0B         |
|--------|-----------------------------------|-------------|-------------|----------|----------|------------|-------------|-----------|------------|
| Docker | dev-peer0.org2.example.co...le-v0 | 7.1MB       | 7.1MB       | 0.00%    | 0.00%    | 0B         | 0B          | 0B        | 0B         |
|--------|-----------------------------------|-------------|-------------|----------|----------|------------|-------------|-----------|------------|
| Docker | dev-peer0.org1.example.co...rm-v0 | 7.4MB       | 7.4MB       | 0.00%    | 0.00%    | 0B         | 0B          | 0B        | 0B         |
|--------|-----------------------------------|-------------|-------------|----------|----------|------------|-------------|-----------|------------|
| Docker | dev-peer1.org2.example.co...rm-v0 | 7.0MB       | 7.0MB       | 0.00%    | 0.00%    | 0B         | 0B          | 0B        | 0B         |
|--------|-----------------------------------|-------------|-------------|----------|----------|------------|-------------|-----------|------------|
| Docker | dev-peer0.org2.example.co...rm-v0 | 7.0MB       | 7.0MB       | 0.00%    | 0.00%    | 0B         | 0B          | 0B        | 0B         |
|--------|-----------------------------------|-------------|-------------|----------|----------|------------|-------------|-----------|------------|
| Docker | dev-peer1.org1.example.co...rm-v0 | 6.9MB       | 6.9MB       | 0.00%    | 0.00%    | 0B         | 0B          | 0B        | 0B         |
|--------|-----------------------------------|-------------|-------------|----------|----------|------------|-------------|-----------|------------|
| Docker | dev-peer1.org2.example.co...es-v0 | 6.9MB       | 6.9MB       | 0.00%    | 0.00%    | 203B       | 0B          | 0B        | 0B         |
|--------|-----------------------------------|-------------|-------------|----------|----------|------------|-------------|-----------|------------|
| Docker | dev-peer0.org2.example.co...es-v0 | 6.8MB       | 6.8MB       | 0.00%    | 0.00%    | 273B       | 0B          | 0B        | 0B         |
|--------|-----------------------------------|-------------|-------------|----------|----------|------------|-------------|-----------|------------|
| Docker | dev-peer1.org1.example.co...es-v0 | 7.0MB       | 7.0MB       | 0.00%    | 0.00%    | 203B       | 0B          | 0B        | 0B         |
|--------|-----------------------------------|-------------|-------------|----------|----------|------------|-------------|-----------|------------|
| Docker | dev-peer0.org1.example.co...es-v0 | 7.1MB       | 7.1MB       | 0.00%    | 0.00%    | 0B         | 0B          | 0B        | 0B         |
|--------|-----------------------------------|-------------|-------------|----------|----------|------------|-------------|-----------|------------|
| Docker | peer1.org1.example.com            | 181.8MB     | 165.9MB     | 196.46%  | 110.16%  | 7.0MB      | 2.7MB       | 0B        | 11.4MB     |
|--------|-----------------------------------|-------------|-------------|----------|----------|------------|-------------|-----------|------------|
| Docker | peer1.org2.example.com            | 181.2MB     | 170.9MB     | 190.27%  | 107.51%  | 7.0MB      | 2.7MB       | 0B        | 11.4MB     |
|--------|-----------------------------------|-------------|-------------|----------|----------|------------|-------------|-----------|------------|
| Docker | peer0.org2.example.com            | 181.3MB     | 165.4MB     | 195.71%  | 111.35%  | 6.9MB      | 2.6MB       | 0B        | 11.4MB     |
|--------|-----------------------------------|-------------|-------------|----------|----------|------------|-------------|-----------|------------|
| Docker | peer0.org1.example.com            | 165.9MB     | 161.9MB     | 188.51%  | 110.82%  | 6.9MB      | 2.7MB       | 0B        | 11.4MB     |
|--------|-----------------------------------|-------------|-------------|----------|----------|------------|-------------|-----------|------------|
| Docker | orderer1.example.com              | 47.0MB      | 34.6MB      | 109.15%  | 64.47%   | 9.1MB      | 8.6MB       | 0B        | 15.2MB     |
|--------|-----------------------------------|-------------|-------------|----------|----------|------------|-------------|-----------|------------|
| Docker | orderer0.example.com              | 49.6MB      | 34.4MB      | 87.14%   | 52.00%   | 8.7MB      | 18.9MB      | 0B        | 15.2MB     |
|--------|-----------------------------------|-------------|-------------|----------|----------|------------|-------------|-----------|------------|
| Docker | kafka3                            | 355.9MB     | 346.8MB     | 79.88%   | 45.95%   | 5.9MB      | 90.8KB      | 0B        | 4.0KB      |
|--------|-----------------------------------|-------------|-------------|----------|----------|------------|-------------|-----------|------------|
| Docker | kafka0                            | 334.3MB     | 330.9MB     | 21.49%   | 15.39%   | 5.9MB      | 79.9KB      | 0B        | 0B         |
|--------|-----------------------------------|-------------|-------------|----------|----------|------------|-------------|-----------|------------|
| Docker | kafka2                            | 378.3MB     | 369.2MB     | 198.33%  | 123.29%  | 6.0MB      | 23.1MB      | 0B        | 4.0KB      |
|--------|-----------------------------------|-------------|-------------|----------|----------|------------|-------------|-----------|------------|
| Docker | kafka1                            | 336.1MB     | 336.1MB     | 1.12%    | 1.05%    | 2.0KB      | 1.2KB       | 0B        | 4.0KB      |
|--------|-----------------------------------|-------------|-------------|----------|----------|------------|-------------|-----------|------------|
| Docker | ca.org2.example.com               | 10.1MB      | 10.1MB      | 0.00%    | 0.00%    | 0B         | 0B          | 0B        | 0B         |
|--------|-----------------------------------|-------------|-------------|----------|----------|------------|-------------|-----------|------------|
| Docker | zookeeper2                        | 58.1MB      | 58.1MB      | 0.40%    | 0.33%    | 852B       | 1.1KB       | 0B        | 0B         |
|--------|-----------------------------------|-------------|-------------|----------|----------|------------|-------------|-----------|------------|
| Docker | zookeeper0                        | 49.6MB      | 49.6MB      | 0.15%    | 0.13%    | 456B       | 258B        | 0B        | 0B         |
|--------|-----------------------------------|-------------|-------------|----------|----------|------------|-------------|-----------|------------|
| Docker | ca.org1.example.com               | 10.6MB      | 10.6MB      | 0.00%    | 0.00%    | 0B         | 0B          | 0B        | 0B         |
|--------|-----------------------------------|-------------|-------------|----------|----------|------------|-------------|-----------|------------|
| Docker | zookeeper1                        | 53.2MB      | 53.2MB      | 0.39%    | 0.34%    | 744B       | 478B        | 0B        | 0B         |
+--------+-----------------------------------+-------------+-------------+----------+----------+------------+-------------+-----------+------------+
 

2020-09-22T14:08:44+09:00 - INFO [defaultTest]: ------ Passed 'smallOperations' testing ------ 

2020-09-22T14:08:44+09:00 - INFO [caliper-flow]: ---------- Finished Test ----------
 

2020-09-22T14:08:44+09:00 - INFO [report-builder]: ###all test results:### 

2020-09-22T14:08:44+09:00 - INFO [report-builder]: 
+------+-----------------+------+------+-----------+-------------+-------------+-------------+------------+
| Test | Name            | Succ | Fail | Send Rate | Max Latency | Min Latency | Avg Latency | Throughput |
|------|-----------------|------|------|-----------|-------------|-------------|-------------|------------|
| 1    | smallOperations | 2000 | 0    | 622.3 tps | 1.88 s      | 0.69 s      | 1.17 s      | 511.5 tps  |
+------+-----------------+------+------+-----------+-------------+-------------+-------------+------------+
 

2020-09-22T14:08:44+09:00 - INFO [monitor.js]: 
 ### resource stats (maximum) ### 

2020-09-22T14:08:44+09:00 - INFO [monitor.js]: 
+--------+-----------------------------------+-------------+----------+------------+-------------+-----------+------------+
| TYPE   | NAME                              | Memory(max) | CPU(max) | Traffic In | Traffic Out | Disc Read | Disc Write |
|--------|-----------------------------------|-------------|----------|------------|-------------|-----------|------------|
| Docker | dev-peer0.org2.example.co...nk-v0 | 8.7MB       | 17.19%   | 1.5MB      | 754.4KB     | 0B        | 0B         |
|--------|-----------------------------------|-------------|----------|------------|-------------|-----------|------------|
| Docker | dev-peer1.org1.example.co...nk-v0 | 8.1MB       | 16.59%   | 1.5MB      | 759.5KB     | 0B        | 0B         |
|--------|-----------------------------------|-------------|----------|------------|-------------|-----------|------------|
| Docker | dev-peer0.org1.example.co...nk-v0 | 8.7MB       | 21.11%   | 1.3MB      | 642.1KB     | 0B        | 0B         |
|--------|-----------------------------------|-------------|----------|------------|-------------|-----------|------------|
| Docker | dev-peer1.org2.example.co...nk-v0 | 8.2MB       | 16.20%   | 1.3MB      | 657.7KB     | 0B        | 0B         |
|--------|-----------------------------------|-------------|----------|------------|-------------|-----------|------------|
| Docker | dev-peer1.org2.example.co...le-v0 | 6.9MB       | 0.00%    | 0B         | 0B          | 0B        | 0B         |
|--------|-----------------------------------|-------------|----------|------------|-------------|-----------|------------|
| Docker | dev-peer0.org1.example.co...le-v0 | 7.0MB       | 0.00%    | 0B         | 0B          | 0B        | 0B         |
|--------|-----------------------------------|-------------|----------|------------|-------------|-----------|------------|
| Docker | dev-peer1.org1.example.co...le-v0 | 7.0MB       | 0.00%    | 0B         | 0B          | 0B        | 0B         |
|--------|-----------------------------------|-------------|----------|------------|-------------|-----------|------------|
| Docker | dev-peer0.org2.example.co...le-v0 | 7.1MB       | 0.00%    | 0B         | 0B          | 0B        | 0B         |
|--------|-----------------------------------|-------------|----------|------------|-------------|-----------|------------|
| Docker | dev-peer0.org1.example.co...rm-v0 | 7.4MB       | 0.00%    | 0B         | 0B          | 0B        | 0B         |
|--------|-----------------------------------|-------------|----------|------------|-------------|-----------|------------|
| Docker | dev-peer1.org2.example.co...rm-v0 | 7.0MB       | 0.00%    | 0B         | 0B          | 0B        | 0B         |
|--------|-----------------------------------|-------------|----------|------------|-------------|-----------|------------|
| Docker | dev-peer0.org2.example.co...rm-v0 | 7.0MB       | 0.00%    | 0B         | 0B          | 0B        | 0B         |
|--------|-----------------------------------|-------------|----------|------------|-------------|-----------|------------|
| Docker | dev-peer1.org1.example.co...rm-v0 | 6.9MB       | 0.00%    | 0B         | 0B          | 0B        | 0B         |
|--------|-----------------------------------|-------------|----------|------------|-------------|-----------|------------|
| Docker | dev-peer1.org2.example.co...es-v0 | 6.9MB       | 0.00%    | 203B       | 0B          | 0B        | 0B         |
|--------|-----------------------------------|-------------|----------|------------|-------------|-----------|------------|
| Docker | dev-peer0.org2.example.co...es-v0 | 6.8MB       | 0.00%    | 273B       | 0B          | 0B        | 0B         |
|--------|-----------------------------------|-------------|----------|------------|-------------|-----------|------------|
| Docker | dev-peer1.org1.example.co...es-v0 | 7.0MB       | 0.00%    | 203B       | 0B          | 0B        | 0B         |
|--------|-----------------------------------|-------------|----------|------------|-------------|-----------|------------|
| Docker | dev-peer0.org1.example.co...es-v0 | 7.1MB       | 0.00%    | 0B         | 0B          | 0B        | 0B         |
|--------|-----------------------------------|-------------|----------|------------|-------------|-----------|------------|
| Docker | peer1.org1.example.com            | 181.8MB     | 196.46%  | 7.0MB      | 2.7MB       | 0B        | 11.4MB     |
|--------|-----------------------------------|-------------|----------|------------|-------------|-----------|------------|
| Docker | peer1.org2.example.com            | 181.2MB     | 190.27%  | 7.0MB      | 2.7MB       | 0B        | 11.4MB     |
|--------|-----------------------------------|-------------|----------|------------|-------------|-----------|------------|
| Docker | peer0.org2.example.com            | 181.3MB     | 195.71%  | 6.9MB      | 2.6MB       | 0B        | 11.4MB     |
|--------|-----------------------------------|-------------|----------|------------|-------------|-----------|------------|
| Docker | peer0.org1.example.com            | 165.9MB     | 188.51%  | 6.9MB      | 2.7MB       | 0B        | 11.4MB     |
|--------|-----------------------------------|-------------|----------|------------|-------------|-----------|------------|
| Docker | orderer1.example.com              | 47.0MB      | 109.15%  | 9.1MB      | 8.6MB       | 0B        | 15.2MB     |
|--------|-----------------------------------|-------------|----------|------------|-------------|-----------|------------|
| Docker | orderer0.example.com              | 49.6MB      | 87.14%   | 8.7MB      | 18.9MB      | 0B        | 15.2MB     |
|--------|-----------------------------------|-------------|----------|------------|-------------|-----------|------------|
| Docker | kafka3                            | 355.9MB     | 79.88%   | 5.9MB      | 90.8KB      | 0B        | 4.0KB      |
|--------|-----------------------------------|-------------|----------|------------|-------------|-----------|------------|
| Docker | kafka0                            | 334.3MB     | 21.49%   | 5.9MB      | 79.9KB      | 0B        | 0B         |
|--------|-----------------------------------|-------------|----------|------------|-------------|-----------|------------|
| Docker | kafka2                            | 378.3MB     | 198.33%  | 6.0MB      | 23.1MB      | 0B        | 4.0KB      |
|--------|-----------------------------------|-------------|----------|------------|-------------|-----------|------------|
| Docker | kafka1                            | 336.1MB     | 1.12%    | 2.0KB      | 1.2KB       | 0B        | 4.0KB      |
|--------|-----------------------------------|-------------|----------|------------|-------------|-----------|------------|
| Docker | ca.org2.example.com               | 10.1MB      | 0.00%    | 0B         | 0B          | 0B        | 0B         |
|--------|-----------------------------------|-------------|----------|------------|-------------|-----------|------------|
| Docker | zookeeper2                        | 58.1MB      | 0.40%    | 852B       | 1.1KB       | 0B        | 0B         |
|--------|-----------------------------------|-------------|----------|------------|-------------|-----------|------------|
| Docker | zookeeper0                        | 49.6MB      | 0.15%    | 456B       | 258B        | 0B        | 0B         |
|--------|-----------------------------------|-------------|----------|------------|-------------|-----------|------------|
| Docker | ca.org1.example.com               | 10.6MB      | 0.00%    | 0B         | 0B          | 0B        | 0B         |
|--------|-----------------------------------|-------------|----------|------------|-------------|-----------|------------|
| Docker | zookeeper1                        | 53.2MB      | 0.39%    | 744B       | 478B        | 0B        | 0B         |
+--------+-----------------------------------+-------------+----------+------------+-------------+-----------+------------+
 

2020-09-22T14:08:44+09:00 - INFO [demo.js]: [Transaction Info] - Submitted: 2000 Succ: 2000 Fail:0 Unfinished:0 

2020-09-22T14:08:44+09:00 - INFO [caliper-flow]: Generated report with path /home/oslab/caliper_v0.1.0/report-20200922T050844.html 

2020-09-22T14:08:44+09:00 - INFO [demo.js]: [Transaction Info] - Submitted: 2000 Succ: 2000 Fail:0 Unfinished:0 

2020-09-22T14:08:44+09:00 - INFO [caliper-flow]: 

#######################################
# Test summary: 1 succeeded, 0 failed #
#######################################
 

2020-09-22T14:08:44+09:00 - INFO [caliper-utils]: Executing command: cd /home/oslab/caliper_v0.1.0/caliper/packages/caliper-samples;docker-compose -f network/fabric-v1.4.1/kafka2o2pgoleveldb/docker-compose.yaml down;(test -z \"$(docker ps -aq)\") || docker rm $(docker ps -aq);(test -z \"$(docker images dev* -q)\") || docker rmi $(docker images dev* -q);rm -rf /tmp/hfc-* 

2020-09-22T14:08:44+09:00 - INFO [client-util.js]: Client exited with code null 

2020-09-22T14:08:44+09:00 - INFO [client-util.js]: Client exited with code null 

2020-09-22T14:08:44+09:00 - INFO [client-util.js]: Client exited with code null 

2020-09-22T14:08:44+09:00 - INFO [client-util.js]: Client exited with code null 

2020-09-22T14:08:44+09:00 - INFO [client-util.js]: Client exited with code null 

2020-09-22T14:09:14+09:00 - DEBUG Constructed a winston logger with the specified targets:
	{"consolelogger":{"target":"console","level":"info"},"filelogger":{"target":"daily-rotate-file","level":"debug","filename":"log/caliper-%DATE%.log","datePattern":"YYYY-MM-DD-HH","maxSize":"5m","zippedArchive":true}}

2020-09-22T14:09:15+09:00 - INFO [caliper-flow]: ####### Caliper Test ####### 

2020-09-22T14:09:15+09:00 - INFO [caliper-utils]: Executing command: cd /home/oslab/caliper_v0.1.0/caliper/packages/caliper-samples;docker-compose -f network/fabric-v1.4.1/kafka2o2pgoleveldb/docker-compose.yaml up -d;sleep 3s 

2020-09-22T14:09:37+09:00 - INFO [adapters/fabric]: Fabric SDK version: 1.4.4; TLS: none 

2020-09-22T14:09:37+09:00 - INFO [adapters/fabric]: Org1's registrar enrolled successfully 

2020-09-22T14:09:37+09:00 - INFO [adapters/fabric]: Org2's registrar enrolled successfully 

2020-09-22T14:09:37+09:00 - INFO [adapters/fabric]: Org1's admin's materials are successfully loaded 

2020-09-22T14:09:37+09:00 - INFO [adapters/fabric]: Org2's admin's materials are successfully loaded 

2020-09-22T14:09:37+09:00 - INFO [adapters/fabric]: client0.org1.example.com's materials are successfully loaded 

2020-09-22T14:09:37+09:00 - INFO [adapters/fabric]: client0.org2.example.com's materials are successfully loaded 

2020-09-22T14:09:37+09:00 - INFO [adapters/fabric]: Channel 'mychannel' definiton being retrieved from file 

2020-09-22T14:09:37+09:00 - ERROR [caliper-flow]: Error: Error: Couldn't create Channel 'mychannel': Orderer response indicated unsuccessful Channel 'mychannel' creation: SERVICE_UNAVAILABLE
    at Fabric._createChannels (/home/oslab/caliper_v0.1.0/node_modules/@hyperledger/caliper-fabric/lib/fabric.js:336:23)
    at <anonymous>
    at process._tickCallback (internal/process/next_tick.js:189:7) 

2020-09-22T14:09:37+09:00 - INFO [caliper-utils]: Executing command: cd /home/oslab/caliper_v0.1.0/caliper/packages/caliper-samples;docker-compose -f network/fabric-v1.4.1/kafka2o2pgoleveldb/docker-compose.yaml down;(test -z \"$(docker ps -aq)\") || docker rm $(docker ps -aq);(test -z \"$(docker images dev* -q)\") || docker rmi $(docker images dev* -q);rm -rf /tmp/hfc-* 

2020-09-22T14:10:48+09:00 - DEBUG Constructed a winston logger with the specified targets:
	{"consolelogger":{"target":"console","level":"info"},"filelogger":{"target":"daily-rotate-file","level":"debug","filename":"log/caliper-%DATE%.log","datePattern":"YYYY-MM-DD-HH","maxSize":"5m","zippedArchive":true}}

2020-09-22T14:10:49+09:00 - INFO [caliper-flow]: ####### Caliper Test ####### 

2020-09-22T14:10:49+09:00 - INFO [caliper-utils]: Executing command: cd /home/oslab/caliper_v0.1.0/caliper/packages/caliper-samples;docker-compose -f network/fabric-v1.4.1/kafka2o2pgoleveldb/docker-compose.yaml up -d;sleep 3s 

2020-09-22T14:11:12+09:00 - INFO [adapters/fabric]: Fabric SDK version: 1.4.4; TLS: none 

2020-09-22T14:11:13+09:00 - INFO [adapters/fabric]: Org1's registrar enrolled successfully 

2020-09-22T14:11:13+09:00 - INFO [adapters/fabric]: Org2's registrar enrolled successfully 

2020-09-22T14:11:13+09:00 - INFO [adapters/fabric]: Org1's admin's materials are successfully loaded 

2020-09-22T14:11:13+09:00 - INFO [adapters/fabric]: Org2's admin's materials are successfully loaded 

2020-09-22T14:11:13+09:00 - INFO [adapters/fabric]: client0.org1.example.com's materials are successfully loaded 

2020-09-22T14:11:13+09:00 - INFO [adapters/fabric]: client0.org2.example.com's materials are successfully loaded 

2020-09-22T14:11:13+09:00 - INFO [adapters/fabric]: Channel 'mychannel' definiton being retrieved from file 

2020-09-22T14:11:13+09:00 - ERROR [caliper-flow]: Error: Error: Couldn't create Channel 'mychannel': Orderer response indicated unsuccessful Channel 'mychannel' creation: SERVICE_UNAVAILABLE
    at Fabric._createChannels (/home/oslab/caliper_v0.1.0/node_modules/@hyperledger/caliper-fabric/lib/fabric.js:336:23)
    at <anonymous>
    at process._tickCallback (internal/process/next_tick.js:189:7) 

2020-09-22T14:11:13+09:00 - INFO [caliper-utils]: Executing command: cd /home/oslab/caliper_v0.1.0/caliper/packages/caliper-samples;docker-compose -f network/fabric-v1.4.1/kafka2o2pgoleveldb/docker-compose.yaml down;(test -z \"$(docker ps -aq)\") || docker rm $(docker ps -aq);(test -z \"$(docker images dev* -q)\") || docker rmi $(docker images dev* -q);rm -rf /tmp/hfc-* 

