2020-01-23T15:40:23+09:00 - DEBUG Constructed a winston logger with the specified targets:
	{"consolelogger":{"target":"console","level":"info"},"filelogger":{"target":"daily-rotate-file","level":"debug","filename":"log/caliper-%DATE%.log","datePattern":"YYYY-MM-DD-HH","maxSize":"5m","zippedArchive":true}}

2020-01-23T15:40:24+09:00 - INFO [caliper-flow]: ####### Caliper Test ####### 

2020-01-23T15:40:24+09:00 - INFO [caliper-utils]: Executing command: cd /home/oslab/caliper-benchmarks/caliper/packages/caliper-samples;docker-compose -f network/fabric-v1.4/kafka2/docker-compose.yaml up -d;sleep 3s 

2020-01-23T15:40:45+09:00 - INFO [adapters/fabric]: Fabric SDK version: 1.4.4; TLS: none 

2020-01-23T15:40:46+09:00 - INFO [adapters/fabric]: Org1's registrar enrolled successfully 

2020-01-23T15:40:46+09:00 - INFO [adapters/fabric]: Org2's registrar enrolled successfully 

2020-01-23T15:40:46+09:00 - INFO [adapters/fabric]: Org1's admin's materials are successfully loaded 

2020-01-23T15:40:46+09:00 - INFO [adapters/fabric]: Org2's admin's materials are successfully loaded 

2020-01-23T15:40:46+09:00 - INFO [adapters/fabric]: client0.org1.example.com's materials are successfully loaded 

2020-01-23T15:40:46+09:00 - INFO [adapters/fabric]: client0.org2.example.com's materials are successfully loaded 

2020-01-23T15:40:46+09:00 - INFO [adapters/fabric]: Channel 'mychannel' definiton being retrieved from file 

2020-01-23T15:40:46+09:00 - INFO [adapters/fabric]: Channel 'mychannel' successfully created 

2020-01-23T15:40:46+09:00 - INFO [adapters/fabric]: Sleeping 5s... 

2020-01-23T15:40:51+09:00 - INFO [adapters/fabric]: Org1's peers successfully joined mychannel: peer0.org1.example.com 

2020-01-23T15:40:51+09:00 - INFO [adapters/fabric]: Org2's peers successfully joined mychannel: peer0.org2.example.com 

2020-01-23T15:40:51+09:00 - INFO [adapters/fabric]: Sleeping 5s... 

2020-01-23T15:40:56+09:00 - INFO [adapters/fabric]: Installing chaincodes for mychannel... 

2020-01-23T15:40:56+09:00 - INFO [adapters/fabric]: marbles@v0 successfully installed on Org1's peers: peer0.org1.example.com 

2020-01-23T15:40:56+09:00 - INFO [adapters/fabric]: marbles@v0 successfully installed on Org2's peers: peer0.org2.example.com 

2020-01-23T15:40:56+09:00 - INFO [adapters/fabric]: drm@v0 successfully installed on Org1's peers: peer0.org1.example.com 

2020-01-23T15:40:57+09:00 - INFO [adapters/fabric]: drm@v0 successfully installed on Org2's peers: peer0.org2.example.com 

2020-01-23T15:40:57+09:00 - INFO [adapters/fabric]: simple@v0 successfully installed on Org1's peers: peer0.org1.example.com 

2020-01-23T15:40:57+09:00 - INFO [adapters/fabric]: simple@v0 successfully installed on Org2's peers: peer0.org2.example.com 

2020-01-23T15:40:57+09:00 - INFO [adapters/fabric]: smallbank@v0 successfully installed on Org1's peers: peer0.org1.example.com 

2020-01-23T15:40:57+09:00 - INFO [adapters/fabric]: smallbank@v0 successfully installed on Org2's peers: peer0.org2.example.com 

2020-01-23T15:40:57+09:00 - INFO [adapters/fabric]: Instantiating marbles@v0 in mychannel. This might take some time... 

2020-01-23T15:41:08+09:00 - ERROR [caliper-flow]: Error: Error: Invalid endorsement for marbles@v0 in mychannel from peer0.org1.example.com: error starting container: error starting container: API error (404): network kafka_default not found
    at proposalResponses.forEach (/home/oslab/caliper-benchmarks/node_modules/@hyperledger/caliper-fabric/lib/fabric.js:1342:31)
    at Array.forEach (<anonymous>)
    at Fabric._instantiateChaincodes (/home/oslab/caliper-benchmarks/node_modules/@hyperledger/caliper-fabric/lib/fabric.js:1338:35)
    at <anonymous> 

2020-01-23T15:41:08+09:00 - INFO [caliper-utils]: Executing command: cd /home/oslab/caliper-benchmarks/caliper/packages/caliper-samples;docker-compose -f network/fabric-v1.4/kafka2/docker-compose.yaml down;(test -z \"$(docker ps -aq)\") || docker rm $(docker ps -aq);(test -z \"$(docker images dev* -q)\") || docker rmi $(docker images dev* -q);rm -rf /tmp/hfc-* 

2020-01-23T15:44:07+09:00 - DEBUG Constructed a winston logger with the specified targets:
	{"consolelogger":{"target":"console","level":"info"},"filelogger":{"target":"daily-rotate-file","level":"debug","filename":"log/caliper-%DATE%.log","datePattern":"YYYY-MM-DD-HH","maxSize":"5m","zippedArchive":true}}

2020-01-23T15:44:08+09:00 - INFO [caliper-flow]: ####### Caliper Test ####### 

2020-01-23T15:44:08+09:00 - INFO [caliper-utils]: Executing command: cd /home/oslab/caliper-benchmarks/caliper/packages/caliper-samples;docker-compose -f network/fabric-v1.4/kafka2/docker-compose.yaml up -d;sleep 3s 

2020-01-23T15:44:28+09:00 - INFO [adapters/fabric]: Fabric SDK version: 1.4.4; TLS: none 

2020-01-23T15:44:29+09:00 - INFO [adapters/fabric]: Org1's registrar enrolled successfully 

2020-01-23T15:44:29+09:00 - INFO [adapters/fabric]: Org2's registrar enrolled successfully 

2020-01-23T15:44:29+09:00 - INFO [adapters/fabric]: Org1's admin's materials are successfully loaded 

2020-01-23T15:44:29+09:00 - INFO [adapters/fabric]: Org2's admin's materials are successfully loaded 

2020-01-23T15:44:29+09:00 - INFO [adapters/fabric]: client0.org1.example.com's materials are successfully loaded 

2020-01-23T15:44:29+09:00 - INFO [adapters/fabric]: client0.org2.example.com's materials are successfully loaded 

2020-01-23T15:44:29+09:00 - INFO [adapters/fabric]: Channel 'mychannel' definiton being retrieved from file 

2020-01-23T15:44:29+09:00 - INFO [adapters/fabric]: Channel 'mychannel' successfully created 

2020-01-23T15:44:29+09:00 - INFO [adapters/fabric]: Sleeping 5s... 

2020-01-23T15:44:34+09:00 - INFO [adapters/fabric]: Org1's peers successfully joined mychannel: peer0.org1.example.com 

2020-01-23T15:44:34+09:00 - INFO [adapters/fabric]: Org2's peers successfully joined mychannel: peer0.org2.example.com 

2020-01-23T15:44:34+09:00 - INFO [adapters/fabric]: Sleeping 5s... 

2020-01-23T15:44:39+09:00 - INFO [adapters/fabric]: Installing chaincodes for mychannel... 

2020-01-23T15:44:39+09:00 - INFO [adapters/fabric]: marbles@v0 successfully installed on Org1's peers: peer0.org1.example.com 

2020-01-23T15:44:39+09:00 - INFO [adapters/fabric]: marbles@v0 successfully installed on Org2's peers: peer0.org2.example.com 

2020-01-23T15:44:39+09:00 - INFO [adapters/fabric]: drm@v0 successfully installed on Org1's peers: peer0.org1.example.com 

2020-01-23T15:44:39+09:00 - INFO [adapters/fabric]: drm@v0 successfully installed on Org2's peers: peer0.org2.example.com 

2020-01-23T15:44:39+09:00 - INFO [adapters/fabric]: simple@v0 successfully installed on Org1's peers: peer0.org1.example.com 

2020-01-23T15:44:39+09:00 - INFO [adapters/fabric]: simple@v0 successfully installed on Org2's peers: peer0.org2.example.com 

2020-01-23T15:44:39+09:00 - INFO [adapters/fabric]: smallbank@v0 successfully installed on Org1's peers: peer0.org1.example.com 

2020-01-23T15:44:39+09:00 - INFO [adapters/fabric]: smallbank@v0 successfully installed on Org2's peers: peer0.org2.example.com 

2020-01-23T15:44:39+09:00 - INFO [adapters/fabric]: Instantiating marbles@v0 in mychannel. This might take some time... 

2020-01-23T15:44:54+09:00 - INFO [adapters/fabric]: Successfully instantiated marbles@v0 in mychannel 

2020-01-23T15:44:54+09:00 - INFO [adapters/fabric]: Instantiating drm@v0 in mychannel. This might take some time... 

2020-01-23T15:45:08+09:00 - INFO [adapters/fabric]: Successfully instantiated drm@v0 in mychannel 

2020-01-23T15:45:08+09:00 - INFO [adapters/fabric]: Instantiating simple@v0 in mychannel. This might take some time... 

2020-01-23T15:45:22+09:00 - INFO [adapters/fabric]: Successfully instantiated simple@v0 in mychannel 

2020-01-23T15:45:22+09:00 - INFO [adapters/fabric]: Instantiating smallbank@v0 in mychannel. This might take some time... 

2020-01-23T15:45:37+09:00 - INFO [adapters/fabric]: Successfully instantiated smallbank@v0 in mychannel 

2020-01-23T15:45:37+09:00 - INFO [adapters/fabric]: Sleeping 5s... 

2020-01-23T15:45:42+09:00 - INFO [caliper-flow]: Started monitor successfully 

2020-01-23T15:45:42+09:00 - INFO [defaultTest]: ####### Testing 'open' ####### 

2020-01-23T15:45:42+09:00 - INFO [defaultTest]: ------ Test round 1 ------ 

2020-01-23T15:45:42+09:00 - INFO [client-util.js]: Launching client with PID  25240 

2020-01-23T15:45:42+09:00 - INFO [client-util.js]: Waiting for 1 clients to be ready...  

2020-01-23T15:45:43+09:00 - INFO [demo.js]: [Transaction Info] - Submitted: 0 Succ: 0 Fail:0 Unfinished:0 

2020-01-23T15:45:42+09:00 - DEBUG Constructed a winston logger with the specified targets:
	{"consolelogger":{"target":"console","level":"info"},"filelogger":{"target":"daily-rotate-file","level":"debug","filename":"log/caliper-%DATE%.log","datePattern":"YYYY-MM-DD-HH","maxSize":"5m","zippedArchive":true}}

2020-01-23T15:45:43+09:00 - INFO [fabric/fabricClientWorker]: Client ready 

2020-01-23T15:45:43+09:00 - INFO [client-util.js]: Client ready message recieved 

2020-01-23T15:45:43+09:00 - INFO [client-util.js]: 1 clients ready, starting test phase 

2020-01-23T15:45:43+09:00 - DEBUG [local-client.js]: doTest() with:
	{"type":"test","label":"open","rateControl":{"type":"fixed-rate","opts":{"tps":1000}},"trim":0,"args":{"money":10000},"cb":"benchmark/simple/open.js","config":"/home/oslab/caliper-benchmarks/caliper/packages/caliper-samples/network/fabric-v1.4/kafka2/fabric-go.yaml","root":"/home/oslab/caliper-benchmarks/caliper/packages/caliper-samples","numb":1000,"roundIdx":1,"totalClients":1,"clients":1,"clientargs":{},"clientIdx":0}

2020-01-23T15:45:43+09:00 - INFO [local-client.js]: txUpdateTime: 1000 

2020-01-23T15:45:44+09:00 - INFO [local-client.js]: Info: client 25240 start test runFixedNumber():opening accounts 

2020-01-23T15:45:44+09:00 - DEBUG [rateControl.js]: Creating rate controller for client#0 for round#1
	{"type":"fixed-rate","opts":{"tps":1000}}

2020-01-23T15:45:44+09:00 - INFO [demo.js]: [Transaction Info] - Submitted: 0 Succ: 0 Fail:0 Unfinished:0 

2020-01-23T15:45:45+09:00 - INFO [demo.js]: [Transaction Info] - Submitted: 121 Succ: 50 Fail:0 Unfinished:71 

2020-01-23T15:45:46+09:00 - INFO [demo.js]: [Transaction Info] - Submitted: 274 Succ: 200 Fail:0 Unfinished:74 

2020-01-23T15:45:47+09:00 - INFO [demo.js]: [Transaction Info] - Submitted: 419 Succ: 350 Fail:0 Unfinished:69 

2020-01-23T15:45:48+09:00 - INFO [demo.js]: [Transaction Info] - Submitted: 561 Succ: 500 Fail:0 Unfinished:61 

2020-01-23T15:45:49+09:00 - INFO [demo.js]: [Transaction Info] - Submitted: 704 Succ: 650 Fail:0 Unfinished:54 

2020-01-23T15:45:50+09:00 - INFO [demo.js]: [Transaction Info] - Submitted: 848 Succ: 800 Fail:0 Unfinished:48 

2020-01-23T15:45:51+09:00 - INFO [demo.js]: [Transaction Info] - Submitted: 1000 Succ: 1000 Fail:0 Unfinished:0 

2020-01-23T15:45:51+09:00 - DEBUG [report-builder]: r.create.max: 1579761951.074 r.create.min: 1579761944.046 r.final.max: 1579761951.235 r.final.min: 1579761944.647 r.final.last: 1579761951.235 

2020-01-23T15:45:51+09:00 - DEBUG [report-builder]:  throughput for only success time computed: 139.1 

2020-01-23T15:45:51+09:00 - DEBUG [report-builder]: sendTransactionProposal: 0ms length: 1000 

2020-01-23T15:45:51+09:00 - DEBUG [report-builder]: sendTransaction: 0ms 

2020-01-23T15:45:51+09:00 - DEBUG [report-builder]: invokeLatency: 0ms 

2020-01-23T15:45:51+09:00 - INFO [report-builder]: ###test result:### 

2020-01-23T15:45:51+09:00 - INFO [report-builder]: 
+------+------+------+-----------+-------------+-------------+-------------+------------+
| Name | Succ | Fail | Send Rate | Max Latency | Min Latency | Avg Latency | Throughput |
|------|------|------|-----------|-------------|-------------|-------------|------------|
| open | 1000 | 0    | 142.3 tps | 0.64 s      | 0.16 s      | 0.37 s      | 139.1 tps  |
+------+------+------+-----------+-------------+-------------+-------------+------------+
 

2020-01-23T15:45:51+09:00 - INFO [report-builder]: ### resource stats ### 

2020-01-23T15:45:51+09:00 - INFO [report-builder]: 
+---------+-----------------------------------+-------------+-------------+----------+----------+------------+-------------+-----------+------------+
| TYPE    | NAME                              | Memory(max) | Memory(avg) | CPU(max) | CPU(avg) | Traffic In | Traffic Out | Disc Read | Disc Write |
|---------|-----------------------------------|-------------|-------------|----------|----------|------------|-------------|-----------|------------|
| Process | node local-client.js(avg)         | -           | -           | NaN%     | NaN%     | -          | -           | -         | -          |
|---------|-----------------------------------|-------------|-------------|----------|----------|------------|-------------|-----------|------------|
| Docker  | dev-peer0.org2.example.co...nk-v0 | 7.2MB       | 7.2MB       | 0.00%    | 0.00%    | 112B       | 0B          | 0B        | 0B         |
|---------|-----------------------------------|-------------|-------------|----------|----------|------------|-------------|-----------|------------|
| Docker  | dev-peer0.org1.example.co...nk-v0 | 7.0MB       | 7.0MB       | 0.00%    | 0.00%    | 245B       | 0B          | 0B        | 0B         |
|---------|-----------------------------------|-------------|-------------|----------|----------|------------|-------------|-----------|------------|
| Docker  | dev-peer0.org1.example.co...le-v0 | 8.1MB       | 7.6MB       | 20.68%   | 14.90%   | 1.7MB      | 929.3KB     | 0B        | 0B         |
|---------|-----------------------------------|-------------|-------------|----------|----------|------------|-------------|-----------|------------|
| Docker  | dev-peer0.org2.example.co...le-v0 | 8.2MB       | 7.6MB       | 21.18%   | 15.57%   | 1.7MB      | 933.4KB     | 0B        | 0B         |
|---------|-----------------------------------|-------------|-------------|----------|----------|------------|-------------|-----------|------------|
| Docker  | dev-peer0.org1.example.co...rm-v0 | 6.9MB       | 6.9MB       | 0.00%    | 0.00%    | 42B        | 0B          | 0B        | 0B         |
|---------|-----------------------------------|-------------|-------------|----------|----------|------------|-------------|-----------|------------|
| Docker  | dev-peer0.org2.example.co...rm-v0 | 6.9MB       | 6.9MB       | 0.00%    | 0.00%    | 42B        | 0B          | 0B        | 0B         |
|---------|-----------------------------------|-------------|-------------|----------|----------|------------|-------------|-----------|------------|
| Docker  | dev-peer0.org2.example.co...es-v0 | 6.9MB       | 6.9MB       | 0.00%    | 0.00%    | 42B        | 0B          | 0B        | 0B         |
|---------|-----------------------------------|-------------|-------------|----------|----------|------------|-------------|-----------|------------|
| Docker  | dev-peer0.org1.example.co...es-v0 | 6.9MB       | 6.9MB       | 0.00%    | 0.00%    | 42B        | 0B          | 0B        | 0B         |
|---------|-----------------------------------|-------------|-------------|----------|----------|------------|-------------|-----------|------------|
| Docker  | peer0.org1.example.com            | 179.2MB     | 167.0MB     | 101.54%  | 75.09%   | 5.1MB      | 2.9MB       | 0B        | 7.1MB      |
|---------|-----------------------------------|-------------|-------------|----------|----------|------------|-------------|-----------|------------|
| Docker  | peer0.org2.example.com            | 146.9MB     | 144.1MB     | 109.74%  | 78.23%   | 5.1MB      | 2.8MB       | 0B        | 7.1MB      |
|---------|-----------------------------------|-------------|-------------|----------|----------|------------|-------------|-----------|------------|
| Docker  | orderer0.example.com              | 23.0MB      | 19.6MB      | 52.03%   | 37.45%   | 5.2MB      | 5.1MB       | 0B        | 6.5MB      |
|---------|-----------------------------------|-------------|-------------|----------|----------|------------|-------------|-----------|------------|
| Docker  | orderer1.example.com              | 22.5MB      | 18.7MB      | 50.38%   | 36.54%   | 5.2MB      | 5.1MB       | 0B        | 6.5MB      |
|---------|-----------------------------------|-------------|-------------|----------|----------|------------|-------------|-----------|------------|
| Docker  | kafka3                            | 302.1MB     | 302.1MB     | 0.57%    | 0.51%    | 300B       | 432B        | 0B        | 0B         |
|---------|-----------------------------------|-------------|-------------|----------|----------|------------|-------------|-----------|------------|
| Docker  | kafka1                            | 342.9MB     | 333.3MB     | 44.91%   | 25.45%   | 3.6MB      | 266.8KB     | 0B        | 24.0KB     |
|---------|-----------------------------------|-------------|-------------|----------|----------|------------|-------------|-----------|------------|
| Docker  | kafka2                            | 349.9MB     | 335.4MB     | 37.09%   | 22.23%   | 3.6MB      | 270.2KB     | 0B        | 8.0KB      |
|---------|-----------------------------------|-------------|-------------|----------|----------|------------|-------------|-----------|------------|
| Docker  | kafka0                            | 404.2MB     | 382.8MB     | 174.11%  | 108.95%  | 4.2MB      | 14.1MB      | 0B        | 24.0KB     |
|---------|-----------------------------------|-------------|-------------|----------|----------|------------|-------------|-----------|------------|
| Docker  | zookeeper2                        | 56.3MB      | 56.2MB      | 0.63%    | 0.34%    | 2.3KB      | 2.5KB       | 0B        | 0B         |
|---------|-----------------------------------|-------------|-------------|----------|----------|------------|-------------|-----------|------------|
| Docker  | zookeeper1                        | 49.8MB      | 49.8MB      | 0.39%    | 0.25%    | 954B       | 516B        | 0B        | 0B         |
|---------|-----------------------------------|-------------|-------------|----------|----------|------------|-------------|-----------|------------|
| Docker  | ca.org1.example.com               | 10.4MB      | 10.4MB      | 0.00%    | 0.00%    | 42B        | 0B          | 0B        | 0B         |
|---------|-----------------------------------|-------------|-------------|----------|----------|------------|-------------|-----------|------------|
| Docker  | zookeeper0                        | 52.1MB      | 52.0MB      | 0.30%    | 0.21%    | 1.4KB      | 810B        | 0B        | 0B         |
|---------|-----------------------------------|-------------|-------------|----------|----------|------------|-------------|-----------|------------|
| Docker  | ca.org2.example.com               | 10.0MB      | 10.0MB      | 0.00%    | 0.00%    | 42B        | 0B          | 0B        | 0B         |
+---------+-----------------------------------+-------------+-------------+----------+----------+------------+-------------+-----------+------------+
 

2020-01-23T15:45:51+09:00 - INFO [defaultTest]: ------ Passed 'open' testing ------ 

2020-01-23T15:45:51+09:00 - INFO [defaultTest]: Waiting 5 seconds for the next round... 

2020-01-23T15:45:52+09:00 - INFO [demo.js]: [Transaction Info] - Submitted: 1000 Succ: 1000 Fail:0 Unfinished:0 

2020-01-23T15:45:53+09:00 - INFO [demo.js]: [Transaction Info] - Submitted: 1000 Succ: 1000 Fail:0 Unfinished:0 

2020-01-23T15:45:54+09:00 - INFO [demo.js]: [Transaction Info] - Submitted: 1000 Succ: 1000 Fail:0 Unfinished:0 

2020-01-23T15:45:55+09:00 - INFO [demo.js]: [Transaction Info] - Submitted: 1000 Succ: 1000 Fail:0 Unfinished:0 

2020-01-23T15:45:56+09:00 - INFO [demo.js]: [Transaction Info] - Submitted: 1000 Succ: 1000 Fail:0 Unfinished:0 

2020-01-23T15:45:56+09:00 - INFO [defaultTest]: ####### Testing 'query' ####### 

2020-01-23T15:45:56+09:00 - INFO [defaultTest]: ------ Test round 2 ------ 

2020-01-23T15:45:56+09:00 - INFO [client-util.js]: Waiting for 0 clients to be ready...  

2020-01-23T15:45:56+09:00 - INFO [client-util.js]: 0 clients ready, starting test phase 

2020-01-23T15:45:56+09:00 - DEBUG [local-client.js]: doTest() with:
	{"type":"test","label":"query","rateControl":{"type":"fixed-rate","opts":{"tps":1000}},"trim":0,"cb":"benchmark/simple/query.js","config":"/home/oslab/caliper-benchmarks/caliper/packages/caliper-samples/network/fabric-v1.4/kafka2/fabric-go.yaml","root":"/home/oslab/caliper-benchmarks/caliper/packages/caliper-samples","numb":1000,"roundIdx":2,"totalClients":1,"clients":1,"clientargs":{},"clientIdx":0}

2020-01-23T15:45:56+09:00 - INFO [local-client.js]: txUpdateTime: 1000 

2020-01-23T15:45:56+09:00 - INFO [local-client.js]: Info: client 25240 start test runFixedNumber():querying accounts 

2020-01-23T15:45:56+09:00 - DEBUG [rateControl.js]: Creating rate controller for client#0 for round#2
	{"type":"fixed-rate","opts":{"tps":1000}}

2020-01-23T15:45:57+09:00 - INFO [demo.js]: [Transaction Info] - Submitted: 1000 Succ: 1000 Fail:0 Unfinished:0 

2020-01-23T15:45:58+09:00 - INFO [demo.js]: [Transaction Info] - Submitted: 1282 Succ: 1277 Fail:0 Unfinished:5 

2020-01-23T15:45:59+09:00 - INFO [demo.js]: [Transaction Info] - Submitted: 1554 Succ: 1550 Fail:0 Unfinished:4 

2020-01-23T15:46:00+09:00 - DEBUG [report-builder]: r.create.max: 1579761960.252 r.create.min: 1579761956.881 r.final.max: 1579761960.259 r.final.min: 1579761956.896 r.final.last: 1579761960.259 

2020-01-23T15:46:00+09:00 - DEBUG [report-builder]:  throughput for only success time computed: 296.0 

2020-01-23T15:46:00+09:00 - DEBUG [report-builder]: sendTransactionProposal: 0ms length: 1000 

2020-01-23T15:46:00+09:00 - DEBUG [report-builder]: sendTransaction: 0ms 

2020-01-23T15:46:00+09:00 - DEBUG [report-builder]: invokeLatency: 0ms 

2020-01-23T15:46:00+09:00 - INFO [report-builder]: ###test result:### 

2020-01-23T15:46:00+09:00 - INFO [report-builder]: 
+-------+------+------+-----------+-------------+-------------+-------------+------------+
| Name  | Succ | Fail | Send Rate | Max Latency | Min Latency | Avg Latency | Throughput |
|-------|------|------|-----------|-------------|-------------|-------------|------------|
| query | 1000 | 0    | 296.6 tps | 0.09 s      | 0.01 s      | 0.02 s      | 296.0 tps  |
+-------+------+------+-----------+-------------+-------------+-------------+------------+
 

2020-01-23T15:46:00+09:00 - INFO [report-builder]: ### resource stats ### 

2020-01-23T15:46:00+09:00 - INFO [report-builder]: 
+---------+-----------------------------------+-------------+-------------+----------+----------+------------+-------------+-----------+------------+
| TYPE    | NAME                              | Memory(max) | Memory(avg) | CPU(max) | CPU(avg) | Traffic In | Traffic Out | Disc Read | Disc Write |
|---------|-----------------------------------|-------------|-------------|----------|----------|------------|-------------|-----------|------------|
| Process | node local-client.js(avg)         | -           | -           | NaN%     | NaN%     | -          | -           | -         | -          |
|---------|-----------------------------------|-------------|-------------|----------|----------|------------|-------------|-----------|------------|
| Docker  | dev-peer0.org2.example.co...nk-v0 | 7.2MB       | 7.2MB       | 0.00%    | 0.00%    | 0B         | 0B          | 0B        | 0B         |
|---------|-----------------------------------|-------------|-------------|----------|----------|------------|-------------|-----------|------------|
| Docker  | dev-peer0.org1.example.co...nk-v0 | 7.0MB       | 7.0MB       | 0.00%    | 0.00%    | 0B         | 0B          | 0B        | 0B         |
|---------|-----------------------------------|-------------|-------------|----------|----------|------------|-------------|-----------|------------|
| Docker  | dev-peer0.org1.example.co...le-v0 | 8.6MB       | 8.6MB       | 29.80%   | 29.80%   | 0B         | 0B          | 0B        | 0B         |
|---------|-----------------------------------|-------------|-------------|----------|----------|------------|-------------|-----------|------------|
| Docker  | dev-peer0.org2.example.co...le-v0 | 8.6MB       | 8.6MB       | 30.78%   | 30.78%   | 0B         | 0B          | 0B        | 0B         |
|---------|-----------------------------------|-------------|-------------|----------|----------|------------|-------------|-----------|------------|
| Docker  | dev-peer0.org1.example.co...rm-v0 | 6.9MB       | 6.9MB       | 0.00%    | 0.00%    | 0B         | 0B          | 0B        | 0B         |
|---------|-----------------------------------|-------------|-------------|----------|----------|------------|-------------|-----------|------------|
| Docker  | dev-peer0.org2.example.co...rm-v0 | 6.9MB       | 6.9MB       | 0.00%    | 0.00%    | 0B         | 0B          | 0B        | 0B         |
|---------|-----------------------------------|-------------|-------------|----------|----------|------------|-------------|-----------|------------|
| Docker  | dev-peer0.org2.example.co...es-v0 | 6.9MB       | 6.9MB       | 0.00%    | 0.00%    | 0B         | 0B          | 0B        | 0B         |
|---------|-----------------------------------|-------------|-------------|----------|----------|------------|-------------|-----------|------------|
| Docker  | dev-peer0.org1.example.co...es-v0 | 6.9MB       | 6.9MB       | 0.00%    | 0.00%    | 0B         | 0B          | 0B        | 0B         |
|---------|-----------------------------------|-------------|-------------|----------|----------|------------|-------------|-----------|------------|
| Docker  | peer0.org1.example.com            | 179.8MB     | 179.8MB     | 122.71%  | 122.71%  | 0B         | 0B          | 0B        | 0B         |
|---------|-----------------------------------|-------------|-------------|----------|----------|------------|-------------|-----------|------------|
| Docker  | peer0.org2.example.com            | 148.0MB     | 148.0MB     | 122.69%  | 122.69%  | 0B         | 0B          | 0B        | 0B         |
|---------|-----------------------------------|-------------|-------------|----------|----------|------------|-------------|-----------|------------|
| Docker  | orderer0.example.com              | 23.7MB      | 23.7MB      | 0.52%    | 0.52%    | 0B         | 0B          | 0B        | 0B         |
|---------|-----------------------------------|-------------|-------------|----------|----------|------------|-------------|-----------|------------|
| Docker  | orderer1.example.com              | 23.1MB      | 23.1MB      | 0.52%    | 0.52%    | 0B         | 0B          | 0B        | 0B         |
|---------|-----------------------------------|-------------|-------------|----------|----------|------------|-------------|-----------|------------|
| Docker  | kafka3                            | 302.1MB     | 302.1MB     | 0.68%    | 0.68%    | 0B         | 0B          | 0B        | 0B         |
|---------|-----------------------------------|-------------|-------------|----------|----------|------------|-------------|-----------|------------|
| Docker  | kafka1                            | 338.4MB     | 338.4MB     | 0.67%    | 0.67%    | 0B         | 0B          | 0B        | 0B         |
|---------|-----------------------------------|-------------|-------------|----------|----------|------------|-------------|-----------|------------|
| Docker  | kafka2                            | 348.5MB     | 348.5MB     | 0.62%    | 0.62%    | 0B         | 0B          | 0B        | 0B         |
|---------|-----------------------------------|-------------|-------------|----------|----------|------------|-------------|-----------|------------|
| Docker  | kafka0                            | 408.5MB     | 408.5MB     | 1.67%    | 1.67%    | 0B         | 0B          | 0B        | 0B         |
|---------|-----------------------------------|-------------|-------------|----------|----------|------------|-------------|-----------|------------|
| Docker  | zookeeper2                        | 56.6MB      | 56.6MB      | 2.40%    | 2.40%    | 0B         | 0B          | 0B        | 0B         |
|---------|-----------------------------------|-------------|-------------|----------|----------|------------|-------------|-----------|------------|
| Docker  | zookeeper1                        | 49.9MB      | 49.9MB      | 0.18%    | 0.18%    | 0B         | 0B          | 0B        | 0B         |
|---------|-----------------------------------|-------------|-------------|----------|----------|------------|-------------|-----------|------------|
| Docker  | ca.org1.example.com               | 10.4MB      | 10.4MB      | 0.00%    | 0.00%    | 0B         | 0B          | 0B        | 0B         |
|---------|-----------------------------------|-------------|-------------|----------|----------|------------|-------------|-----------|------------|
| Docker  | zookeeper0                        | 52.0MB      | 52.0MB      | 0.15%    | 0.15%    | 0B         | 0B          | 0B        | 0B         |
|---------|-----------------------------------|-------------|-------------|----------|----------|------------|-------------|-----------|------------|
| Docker  | ca.org2.example.com               | 10.0MB      | 10.0MB      | 0.00%    | 0.00%    | 0B         | 0B          | 0B        | 0B         |
+---------+-----------------------------------+-------------+-------------+----------+----------+------------+-------------+-----------+------------+
 

2020-01-23T15:46:00+09:00 - INFO [defaultTest]: ------ Passed 'query' testing ------ 

2020-01-23T15:46:00+09:00 - INFO [defaultTest]: Waiting 5 seconds for the next round... 

2020-01-23T15:46:00+09:00 - INFO [demo.js]: [Transaction Info] - Submitted: 2000 Succ: 2000 Fail:0 Unfinished:0 

2020-01-23T15:46:01+09:00 - INFO [demo.js]: [Transaction Info] - Submitted: 2000 Succ: 2000 Fail:0 Unfinished:0 

2020-01-23T15:46:02+09:00 - INFO [demo.js]: [Transaction Info] - Submitted: 2000 Succ: 2000 Fail:0 Unfinished:0 

2020-01-23T15:46:03+09:00 - INFO [demo.js]: [Transaction Info] - Submitted: 2000 Succ: 2000 Fail:0 Unfinished:0 

2020-01-23T15:46:04+09:00 - INFO [demo.js]: [Transaction Info] - Submitted: 2000 Succ: 2000 Fail:0 Unfinished:0 

2020-01-23T15:46:05+09:00 - INFO [defaultTest]: ####### Testing 'transfer' ####### 

2020-01-23T15:46:05+09:00 - INFO [defaultTest]: ------ Test round 3 ------ 

2020-01-23T15:46:05+09:00 - INFO [client-util.js]: Waiting for 0 clients to be ready...  

2020-01-23T15:46:05+09:00 - INFO [client-util.js]: 0 clients ready, starting test phase 

2020-01-23T15:46:05+09:00 - INFO [demo.js]: [Transaction Info] - Submitted: 2000 Succ: 2000 Fail:0 Unfinished:0 

2020-01-23T15:46:05+09:00 - DEBUG [local-client.js]: doTest() with:
	{"type":"test","label":"transfer","rateControl":{"type":"fixed-rate","opts":{"tps":1000}},"trim":0,"args":{"money":100},"cb":"benchmark/simple/transfer.js","config":"/home/oslab/caliper-benchmarks/caliper/packages/caliper-samples/network/fabric-v1.4/kafka2/fabric-go.yaml","root":"/home/oslab/caliper-benchmarks/caliper/packages/caliper-samples","numb":1000,"roundIdx":3,"totalClients":1,"clients":1,"clientargs":{},"clientIdx":0}

2020-01-23T15:46:05+09:00 - INFO [local-client.js]: txUpdateTime: 1000 

2020-01-23T15:46:05+09:00 - INFO [local-client.js]: Info: client 25240 start test runFixedNumber():transfering money 

2020-01-23T15:46:05+09:00 - DEBUG [rateControl.js]: Creating rate controller for client#0 for round#3
	{"type":"fixed-rate","opts":{"tps":1000}}

2020-01-23T15:46:06+09:00 - ERROR [adapters/fabric]: Transaction[98755f0ea9] commit errors:
	- Commit error on peer0.org1.example.com with code MVCC_READ_CONFLICT
	- Commit error on peer0.org2.example.com with code MVCC_READ_CONFLICT 

2020-01-23T15:46:06+09:00 - ERROR [adapters/fabric]: Transaction[89c1c8ebf2] commit errors:
	- Commit error on peer0.org1.example.com with code MVCC_READ_CONFLICT
	- Commit error on peer0.org2.example.com with code MVCC_READ_CONFLICT 

2020-01-23T15:46:06+09:00 - ERROR [adapters/fabric]: Transaction[0bf5136c00] commit errors:
	- Commit error on peer0.org1.example.com with code MVCC_READ_CONFLICT
	- Commit error on peer0.org2.example.com with code MVCC_READ_CONFLICT 

2020-01-23T15:46:06+09:00 - ERROR [adapters/fabric]: Transaction[fc2cef8a0f] commit errors:
	- Commit error on peer0.org1.example.com with code MVCC_READ_CONFLICT
	- Commit error on peer0.org2.example.com with code MVCC_READ_CONFLICT 

2020-01-23T15:46:06+09:00 - ERROR [adapters/fabric]: Transaction[87abea9552] commit errors:
	- Commit error on peer0.org1.example.com with code MVCC_READ_CONFLICT
	- Commit error on peer0.org2.example.com with code MVCC_READ_CONFLICT 

2020-01-23T15:46:06+09:00 - ERROR [adapters/fabric]: Transaction[d79a1f8a95] commit errors:
	- Commit error on peer0.org1.example.com with code MVCC_READ_CONFLICT
	- Commit error on peer0.org2.example.com with code MVCC_READ_CONFLICT 

2020-01-23T15:46:06+09:00 - ERROR [adapters/fabric]: Transaction[42b65e3fb4] commit errors:
	- Commit error on peer0.org1.example.com with code MVCC_READ_CONFLICT
	- Commit error on peer0.org2.example.com with code MVCC_READ_CONFLICT 

2020-01-23T15:46:06+09:00 - ERROR [adapters/fabric]: Transaction[7b3fbe5a31] commit errors:
	- Commit error on peer0.org1.example.com with code MVCC_READ_CONFLICT
	- Commit error on peer0.org2.example.com with code MVCC_READ_CONFLICT 

2020-01-23T15:46:06+09:00 - ERROR [adapters/fabric]: Transaction[4afb528a73] commit errors:
	- Commit error on peer0.org1.example.com with code MVCC_READ_CONFLICT
	- Commit error on peer0.org2.example.com with code MVCC_READ_CONFLICT 

2020-01-23T15:46:06+09:00 - ERROR [adapters/fabric]: Transaction[c5b780ff99] commit errors:
	- Commit error on peer0.org1.example.com with code MVCC_READ_CONFLICT
	- Commit error on peer0.org2.example.com with code MVCC_READ_CONFLICT 

2020-01-23T15:46:06+09:00 - ERROR [adapters/fabric]: Transaction[50f18c16c9] commit errors:
	- Commit error on peer0.org1.example.com with code MVCC_READ_CONFLICT
	- Commit error on peer0.org2.example.com with code MVCC_READ_CONFLICT 

2020-01-23T15:46:06+09:00 - ERROR [adapters/fabric]: Transaction[a6abdc7a9b] commit errors:
	- Commit error on peer0.org1.example.com with code MVCC_READ_CONFLICT
	- Commit error on peer0.org2.example.com with code MVCC_READ_CONFLICT 

2020-01-23T15:46:06+09:00 - ERROR [adapters/fabric]: Transaction[c73fe6df25] commit errors:
	- Commit error on peer0.org1.example.com with code MVCC_READ_CONFLICT
	- Commit error on peer0.org2.example.com with code MVCC_READ_CONFLICT 

2020-01-23T15:46:06+09:00 - ERROR [adapters/fabric]: Transaction[634362df1a] commit errors:
	- Commit error on peer0.org1.example.com with code MVCC_READ_CONFLICT
	- Commit error on peer0.org2.example.com with code MVCC_READ_CONFLICT 

2020-01-23T15:46:06+09:00 - ERROR [adapters/fabric]: Transaction[8301bb43c3] commit errors:
	- Commit error on peer0.org1.example.com with code MVCC_READ_CONFLICT
	- Commit error on peer0.org2.example.com with code MVCC_READ_CONFLICT 

2020-01-23T15:46:06+09:00 - ERROR [adapters/fabric]: Transaction[f4cd137b1a] commit errors:
	- Commit error on peer0.org1.example.com with code MVCC_READ_CONFLICT
	- Commit error on peer0.org2.example.com with code MVCC_READ_CONFLICT 

2020-01-23T15:46:06+09:00 - INFO [demo.js]: [Transaction Info] - Submitted: 2000 Succ: 2000 Fail:0 Unfinished:0 

2020-01-23T15:46:06+09:00 - ERROR [adapters/fabric]: Transaction[0b565fdb19] commit errors:
	- Commit error on peer0.org1.example.com with code MVCC_READ_CONFLICT
	- Commit error on peer0.org2.example.com with code MVCC_READ_CONFLICT 

2020-01-23T15:46:06+09:00 - ERROR [adapters/fabric]: Transaction[05c277a88d] commit errors:
	- Commit error on peer0.org1.example.com with code MVCC_READ_CONFLICT
	- Commit error on peer0.org2.example.com with code MVCC_READ_CONFLICT 

2020-01-23T15:46:06+09:00 - ERROR [adapters/fabric]: Transaction[ecf667394a] commit errors:
	- Commit error on peer0.org1.example.com with code MVCC_READ_CONFLICT
	- Commit error on peer0.org2.example.com with code MVCC_READ_CONFLICT 

2020-01-23T15:46:06+09:00 - ERROR [adapters/fabric]: Transaction[f3e2cfd10f] commit errors:
	- Commit error on peer0.org1.example.com with code MVCC_READ_CONFLICT
	- Commit error on peer0.org2.example.com with code MVCC_READ_CONFLICT 

2020-01-23T15:46:06+09:00 - ERROR [adapters/fabric]: Transaction[ecf4a3fa02] commit errors:
	- Commit error on peer0.org1.example.com with code MVCC_READ_CONFLICT
	- Commit error on peer0.org2.example.com with code MVCC_READ_CONFLICT 

2020-01-23T15:46:06+09:00 - ERROR [adapters/fabric]: Transaction[86a213c23d] commit errors:
	- Commit error on peer0.org1.example.com with code MVCC_READ_CONFLICT
	- Commit error on peer0.org2.example.com with code MVCC_READ_CONFLICT 

2020-01-23T15:46:06+09:00 - ERROR [adapters/fabric]: Transaction[1a11eace02] commit errors:
	- Commit error on peer0.org1.example.com with code MVCC_READ_CONFLICT
	- Commit error on peer0.org2.example.com with code MVCC_READ_CONFLICT 

2020-01-23T15:46:06+09:00 - ERROR [adapters/fabric]: Transaction[1f58311dfb] commit errors:
	- Commit error on peer0.org1.example.com with code MVCC_READ_CONFLICT
	- Commit error on peer0.org2.example.com with code MVCC_READ_CONFLICT 

2020-01-23T15:46:07+09:00 - ERROR [adapters/fabric]: Transaction[e13bd047e0] commit errors:
	- Commit error on peer0.org1.example.com with code MVCC_READ_CONFLICT
	- Commit error on peer0.org2.example.com with code MVCC_READ_CONFLICT 

2020-01-23T15:46:07+09:00 - ERROR [adapters/fabric]: Transaction[1e728b68b7] commit errors:
	- Commit error on peer0.org1.example.com with code MVCC_READ_CONFLICT
	- Commit error on peer0.org2.example.com with code MVCC_READ_CONFLICT 

2020-01-23T15:46:07+09:00 - ERROR [adapters/fabric]: Transaction[3a15cfcf00] commit errors:
	- Commit error on peer0.org1.example.com with code MVCC_READ_CONFLICT
	- Commit error on peer0.org2.example.com with code MVCC_READ_CONFLICT 

2020-01-23T15:46:07+09:00 - ERROR [adapters/fabric]: Transaction[95bb7e3c8c] commit errors:
	- Commit error on peer0.org1.example.com with code MVCC_READ_CONFLICT
	- Commit error on peer0.org2.example.com with code MVCC_READ_CONFLICT 

2020-01-23T15:46:07+09:00 - ERROR [adapters/fabric]: Transaction[287cc5b955] commit errors:
	- Commit error on peer0.org1.example.com with code MVCC_READ_CONFLICT
	- Commit error on peer0.org2.example.com with code MVCC_READ_CONFLICT 

2020-01-23T15:46:07+09:00 - ERROR [adapters/fabric]: Transaction[c8466fce69] commit errors:
	- Commit error on peer0.org1.example.com with code MVCC_READ_CONFLICT
	- Commit error on peer0.org2.example.com with code MVCC_READ_CONFLICT 

2020-01-23T15:46:07+09:00 - ERROR [adapters/fabric]: Transaction[9b4c6faedd] commit errors:
	- Commit error on peer0.org1.example.com with code MVCC_READ_CONFLICT
	- Commit error on peer0.org2.example.com with code MVCC_READ_CONFLICT 

2020-01-23T15:46:07+09:00 - ERROR [adapters/fabric]: Transaction[b16eafe0a0] commit errors:
	- Commit error on peer0.org1.example.com with code MVCC_READ_CONFLICT
	- Commit error on peer0.org2.example.com with code MVCC_READ_CONFLICT 

2020-01-23T15:46:07+09:00 - ERROR [adapters/fabric]: Transaction[545e76c9ec] commit errors:
	- Commit error on peer0.org1.example.com with code MVCC_READ_CONFLICT
	- Commit error on peer0.org2.example.com with code MVCC_READ_CONFLICT 

2020-01-23T15:46:07+09:00 - ERROR [adapters/fabric]: Transaction[07bcd04de5] commit errors:
	- Commit error on peer0.org1.example.com with code MVCC_READ_CONFLICT
	- Commit error on peer0.org2.example.com with code MVCC_READ_CONFLICT 

2020-01-23T15:46:07+09:00 - ERROR [adapters/fabric]: Transaction[ffdc5b8f35] commit errors:
	- Commit error on peer0.org1.example.com with code MVCC_READ_CONFLICT
	- Commit error on peer0.org2.example.com with code MVCC_READ_CONFLICT 

2020-01-23T15:46:07+09:00 - ERROR [adapters/fabric]: Transaction[2497a00155] commit errors:
	- Commit error on peer0.org1.example.com with code MVCC_READ_CONFLICT
	- Commit error on peer0.org2.example.com with code MVCC_READ_CONFLICT 

2020-01-23T15:46:07+09:00 - ERROR [adapters/fabric]: Transaction[0c914fc131] commit errors:
	- Commit error on peer0.org1.example.com with code MVCC_READ_CONFLICT
	- Commit error on peer0.org2.example.com with code MVCC_READ_CONFLICT 

2020-01-23T15:46:07+09:00 - ERROR [adapters/fabric]: Transaction[31349b0d44] commit errors:
	- Commit error on peer0.org1.example.com with code MVCC_READ_CONFLICT
	- Commit error on peer0.org2.example.com with code MVCC_READ_CONFLICT 

2020-01-23T15:46:07+09:00 - ERROR [adapters/fabric]: Transaction[669bbfa068] commit errors:
	- Commit error on peer0.org1.example.com with code MVCC_READ_CONFLICT
	- Commit error on peer0.org2.example.com with code MVCC_READ_CONFLICT 

2020-01-23T15:46:07+09:00 - ERROR [adapters/fabric]: Transaction[96cccaab2b] commit errors:
	- Commit error on peer0.org1.example.com with code MVCC_READ_CONFLICT
	- Commit error on peer0.org2.example.com with code MVCC_READ_CONFLICT 

2020-01-23T15:46:07+09:00 - ERROR [adapters/fabric]: Transaction[d2890b27cc] commit errors:
	- Commit error on peer0.org1.example.com with code MVCC_READ_CONFLICT
	- Commit error on peer0.org2.example.com with code MVCC_READ_CONFLICT 

2020-01-23T15:46:07+09:00 - ERROR [adapters/fabric]: Transaction[48a512ca35] commit errors:
	- Commit error on peer0.org1.example.com with code MVCC_READ_CONFLICT
	- Commit error on peer0.org2.example.com with code MVCC_READ_CONFLICT 

2020-01-23T15:46:07+09:00 - INFO [demo.js]: [Transaction Info] - Submitted: 2298 Succ: 2208 Fail:42 Unfinished:48 

2020-01-23T15:46:07+09:00 - ERROR [adapters/fabric]: Transaction[e7643681f1] commit errors:
	- Commit error on peer0.org1.example.com with code MVCC_READ_CONFLICT
	- Commit error on peer0.org2.example.com with code MVCC_READ_CONFLICT 

2020-01-23T15:46:07+09:00 - ERROR [adapters/fabric]: Transaction[a3cea09521] commit errors:
	- Commit error on peer0.org1.example.com with code MVCC_READ_CONFLICT
	- Commit error on peer0.org2.example.com with code MVCC_READ_CONFLICT 

2020-01-23T15:46:07+09:00 - ERROR [adapters/fabric]: Transaction[2b84766256] commit errors:
	- Commit error on peer0.org1.example.com with code MVCC_READ_CONFLICT
	- Commit error on peer0.org2.example.com with code MVCC_READ_CONFLICT 

2020-01-23T15:46:07+09:00 - ERROR [adapters/fabric]: Transaction[eaa0574f51] commit errors:
	- Commit error on peer0.org1.example.com with code MVCC_READ_CONFLICT
	- Commit error on peer0.org2.example.com with code MVCC_READ_CONFLICT 

2020-01-23T15:46:07+09:00 - ERROR [adapters/fabric]: Transaction[9144f2b853] commit errors:
	- Commit error on peer0.org1.example.com with code MVCC_READ_CONFLICT
	- Commit error on peer0.org2.example.com with code MVCC_READ_CONFLICT 

2020-01-23T15:46:08+09:00 - ERROR [adapters/fabric]: Transaction[75742d327b] commit errors:
	- Commit error on peer0.org1.example.com with code MVCC_READ_CONFLICT
	- Commit error on peer0.org2.example.com with code MVCC_READ_CONFLICT 

2020-01-23T15:46:08+09:00 - ERROR [adapters/fabric]: Transaction[62cd27ab8f] commit errors:
	- Commit error on peer0.org1.example.com with code MVCC_READ_CONFLICT
	- Commit error on peer0.org2.example.com with code MVCC_READ_CONFLICT 

2020-01-23T15:46:08+09:00 - ERROR [adapters/fabric]: Transaction[872cb422ed] commit errors:
	- Commit error on peer0.org1.example.com with code MVCC_READ_CONFLICT
	- Commit error on peer0.org2.example.com with code MVCC_READ_CONFLICT 

2020-01-23T15:46:08+09:00 - ERROR [adapters/fabric]: Transaction[7ccd1a66e5] commit errors:
	- Commit error on peer0.org1.example.com with code MVCC_READ_CONFLICT
	- Commit error on peer0.org2.example.com with code MVCC_READ_CONFLICT 

2020-01-23T15:46:08+09:00 - ERROR [adapters/fabric]: Transaction[688b90898f] commit errors:
	- Commit error on peer0.org1.example.com with code MVCC_READ_CONFLICT
	- Commit error on peer0.org2.example.com with code MVCC_READ_CONFLICT 

2020-01-23T15:46:08+09:00 - ERROR [adapters/fabric]: Transaction[73e4a43e7e] life-cycle errors:
	- Read/Write set mismatch between endorsements 

2020-01-23T15:46:08+09:00 - ERROR [adapters/fabric]: Transaction[637edf7e73] commit errors:
	- Commit error on peer0.org1.example.com with code MVCC_READ_CONFLICT
	- Commit error on peer0.org2.example.com with code MVCC_READ_CONFLICT 

2020-01-23T15:46:08+09:00 - ERROR [adapters/fabric]: Transaction[13e2f62bf8] commit errors:
	- Commit error on peer0.org1.example.com with code MVCC_READ_CONFLICT
	- Commit error on peer0.org2.example.com with code MVCC_READ_CONFLICT 

2020-01-23T15:46:08+09:00 - ERROR [adapters/fabric]: Transaction[b504afb738] commit errors:
	- Commit error on peer0.org1.example.com with code MVCC_READ_CONFLICT
	- Commit error on peer0.org2.example.com with code MVCC_READ_CONFLICT 

2020-01-23T15:46:08+09:00 - ERROR [adapters/fabric]: Transaction[7cafa741b9] commit errors:
	- Commit error on peer0.org1.example.com with code MVCC_READ_CONFLICT
	- Commit error on peer0.org2.example.com with code MVCC_READ_CONFLICT 

2020-01-23T15:46:08+09:00 - ERROR [adapters/fabric]: Transaction[97d434a2bd] commit errors:
	- Commit error on peer0.org1.example.com with code MVCC_READ_CONFLICT
	- Commit error on peer0.org2.example.com with code MVCC_READ_CONFLICT 

2020-01-23T15:46:08+09:00 - ERROR [adapters/fabric]: Transaction[ccb2087c5a] commit errors:
	- Commit error on peer0.org1.example.com with code MVCC_READ_CONFLICT
	- Commit error on peer0.org2.example.com with code MVCC_READ_CONFLICT 

2020-01-23T15:46:08+09:00 - ERROR [adapters/fabric]: Transaction[d5a56b5267] commit errors:
	- Commit error on peer0.org1.example.com with code MVCC_READ_CONFLICT
	- Commit error on peer0.org2.example.com with code MVCC_READ_CONFLICT 

2020-01-23T15:46:08+09:00 - ERROR [adapters/fabric]: Transaction[36b233a40e] commit errors:
	- Commit error on peer0.org1.example.com with code MVCC_READ_CONFLICT
	- Commit error on peer0.org2.example.com with code MVCC_READ_CONFLICT 

2020-01-23T15:46:08+09:00 - ERROR [adapters/fabric]: Transaction[7775f6a354] commit errors:
	- Commit error on peer0.org1.example.com with code MVCC_READ_CONFLICT
	- Commit error on peer0.org2.example.com with code MVCC_READ_CONFLICT 

2020-01-23T15:46:08+09:00 - ERROR [adapters/fabric]: Transaction[aa9ee782ec] commit errors:
	- Commit error on peer0.org1.example.com with code MVCC_READ_CONFLICT
	- Commit error on peer0.org2.example.com with code MVCC_READ_CONFLICT 

2020-01-23T15:46:08+09:00 - ERROR [adapters/fabric]: Transaction[6db85f246d] commit errors:
	- Commit error on peer0.org1.example.com with code MVCC_READ_CONFLICT
	- Commit error on peer0.org2.example.com with code MVCC_READ_CONFLICT 

2020-01-23T15:46:08+09:00 - ERROR [adapters/fabric]: Transaction[f59b814c80] commit errors:
	- Commit error on peer0.org1.example.com with code MVCC_READ_CONFLICT
	- Commit error on peer0.org2.example.com with code MVCC_READ_CONFLICT 

2020-01-23T15:46:08+09:00 - ERROR [adapters/fabric]: Transaction[f22b2036de] commit errors:
	- Commit error on peer0.org1.example.com with code MVCC_READ_CONFLICT
	- Commit error on peer0.org2.example.com with code MVCC_READ_CONFLICT 

2020-01-23T15:46:08+09:00 - ERROR [adapters/fabric]: Transaction[14e7b2805e] commit errors:
	- Commit error on peer0.org1.example.com with code MVCC_READ_CONFLICT
	- Commit error on peer0.org2.example.com with code MVCC_READ_CONFLICT 

2020-01-23T15:46:08+09:00 - ERROR [adapters/fabric]: Transaction[3e1c7d906a] commit errors:
	- Commit error on peer0.org1.example.com with code MVCC_READ_CONFLICT
	- Commit error on peer0.org2.example.com with code MVCC_READ_CONFLICT 

2020-01-23T15:46:08+09:00 - INFO [demo.js]: [Transaction Info] - Submitted: 2439 Succ: 2333 Fail:68 Unfinished:38 

2020-01-23T15:46:08+09:00 - ERROR [adapters/fabric]: Transaction[676117c1b1] life-cycle errors:
	- Read/Write set mismatch between endorsements 

2020-01-23T15:46:08+09:00 - ERROR [adapters/fabric]: Transaction[6f7e4affdf] commit errors:
	- Commit error on peer0.org1.example.com with code MVCC_READ_CONFLICT
	- Commit error on peer0.org2.example.com with code MVCC_READ_CONFLICT 

2020-01-23T15:46:08+09:00 - ERROR [adapters/fabric]: Transaction[2e94b35bd8] commit errors:
	- Commit error on peer0.org1.example.com with code MVCC_READ_CONFLICT
	- Commit error on peer0.org2.example.com with code MVCC_READ_CONFLICT 

2020-01-23T15:46:08+09:00 - ERROR [adapters/fabric]: Transaction[b5210cb273] commit errors:
	- Commit error on peer0.org1.example.com with code MVCC_READ_CONFLICT
	- Commit error on peer0.org2.example.com with code MVCC_READ_CONFLICT 

2020-01-23T15:46:08+09:00 - ERROR [adapters/fabric]: Transaction[0b66e19476] commit errors:
	- Commit error on peer0.org1.example.com with code MVCC_READ_CONFLICT
	- Commit error on peer0.org2.example.com with code MVCC_READ_CONFLICT 

2020-01-23T15:46:09+09:00 - ERROR [adapters/fabric]: Transaction[8eccd1dea8] commit errors:
	- Commit error on peer0.org1.example.com with code MVCC_READ_CONFLICT
	- Commit error on peer0.org2.example.com with code MVCC_READ_CONFLICT 

2020-01-23T15:46:09+09:00 - ERROR [adapters/fabric]: Transaction[f2675893c4] commit errors:
	- Commit error on peer0.org1.example.com with code MVCC_READ_CONFLICT
	- Commit error on peer0.org2.example.com with code MVCC_READ_CONFLICT 

2020-01-23T15:46:09+09:00 - ERROR [adapters/fabric]: Transaction[168aff9e05] commit errors:
	- Commit error on peer0.org1.example.com with code MVCC_READ_CONFLICT
	- Commit error on peer0.org2.example.com with code MVCC_READ_CONFLICT 

2020-01-23T15:46:09+09:00 - ERROR [adapters/fabric]: Transaction[b25870b028] commit errors:
	- Commit error on peer0.org1.example.com with code MVCC_READ_CONFLICT
	- Commit error on peer0.org2.example.com with code MVCC_READ_CONFLICT 

2020-01-23T15:46:09+09:00 - ERROR [adapters/fabric]: Transaction[3e90c6a4df] commit errors:
	- Commit error on peer0.org1.example.com with code MVCC_READ_CONFLICT
	- Commit error on peer0.org2.example.com with code MVCC_READ_CONFLICT 

2020-01-23T15:46:09+09:00 - ERROR [adapters/fabric]: Transaction[3f31e9f8a4] commit errors:
	- Commit error on peer0.org1.example.com with code MVCC_READ_CONFLICT
	- Commit error on peer0.org2.example.com with code MVCC_READ_CONFLICT 

2020-01-23T15:46:09+09:00 - ERROR [adapters/fabric]: Transaction[8267ebf13e] commit errors:
	- Commit error on peer0.org1.example.com with code MVCC_READ_CONFLICT
	- Commit error on peer0.org2.example.com with code MVCC_READ_CONFLICT 

2020-01-23T15:46:09+09:00 - ERROR [adapters/fabric]: Transaction[07df67196d] commit errors:
	- Commit error on peer0.org1.example.com with code MVCC_READ_CONFLICT
	- Commit error on peer0.org2.example.com with code MVCC_READ_CONFLICT 

2020-01-23T15:46:09+09:00 - ERROR [adapters/fabric]: Transaction[462b639b53] commit errors:
	- Commit error on peer0.org1.example.com with code MVCC_READ_CONFLICT
	- Commit error on peer0.org2.example.com with code MVCC_READ_CONFLICT 

2020-01-23T15:46:09+09:00 - ERROR [adapters/fabric]: Transaction[2c96e79292] commit errors:
	- Commit error on peer0.org1.example.com with code MVCC_READ_CONFLICT
	- Commit error on peer0.org2.example.com with code MVCC_READ_CONFLICT 

2020-01-23T15:46:09+09:00 - INFO [demo.js]: [Transaction Info] - Submitted: 2589 Succ: 2469 Fail:83 Unfinished:37 

2020-01-23T15:46:09+09:00 - ERROR [adapters/fabric]: Transaction[22d8ad9eb6] life-cycle errors:
	- Read/Write set mismatch between endorsements 

2020-01-23T15:46:09+09:00 - ERROR [adapters/fabric]: Transaction[700cb508c0] life-cycle errors:
	- Read/Write set mismatch between endorsements 

2020-01-23T15:46:09+09:00 - ERROR [adapters/fabric]: Transaction[86dacf2ff3] commit errors:
	- Commit error on peer0.org1.example.com with code MVCC_READ_CONFLICT
	- Commit error on peer0.org2.example.com with code MVCC_READ_CONFLICT 

2020-01-23T15:46:09+09:00 - ERROR [adapters/fabric]: Transaction[125e8be362] commit errors:
	- Commit error on peer0.org1.example.com with code MVCC_READ_CONFLICT
	- Commit error on peer0.org2.example.com with code MVCC_READ_CONFLICT 

2020-01-23T15:46:09+09:00 - ERROR [adapters/fabric]: Transaction[bf5e4ad455] commit errors:
	- Commit error on peer0.org1.example.com with code MVCC_READ_CONFLICT
	- Commit error on peer0.org2.example.com with code MVCC_READ_CONFLICT 

2020-01-23T15:46:09+09:00 - ERROR [adapters/fabric]: Transaction[9ab8c9b9b6] commit errors:
	- Commit error on peer0.org1.example.com with code MVCC_READ_CONFLICT
	- Commit error on peer0.org2.example.com with code MVCC_READ_CONFLICT 

2020-01-23T15:46:09+09:00 - ERROR [adapters/fabric]: Transaction[21e67b8b12] commit errors:
	- Commit error on peer0.org1.example.com with code MVCC_READ_CONFLICT
	- Commit error on peer0.org2.example.com with code MVCC_READ_CONFLICT 

2020-01-23T15:46:09+09:00 - ERROR [adapters/fabric]: Transaction[deeff0b956] commit errors:
	- Commit error on peer0.org1.example.com with code MVCC_READ_CONFLICT
	- Commit error on peer0.org2.example.com with code MVCC_READ_CONFLICT 

2020-01-23T15:46:09+09:00 - ERROR [adapters/fabric]: Transaction[ed2ea38e6e] commit errors:
	- Commit error on peer0.org1.example.com with code MVCC_READ_CONFLICT
	- Commit error on peer0.org2.example.com with code MVCC_READ_CONFLICT 

2020-01-23T15:46:09+09:00 - ERROR [adapters/fabric]: Transaction[224a068b3c] commit errors:
	- Commit error on peer0.org1.example.com with code MVCC_READ_CONFLICT
	- Commit error on peer0.org2.example.com with code MVCC_READ_CONFLICT 

2020-01-23T15:46:09+09:00 - ERROR [adapters/fabric]: Transaction[3f370a9f99] commit errors:
	- Commit error on peer0.org1.example.com with code MVCC_READ_CONFLICT
	- Commit error on peer0.org2.example.com with code MVCC_READ_CONFLICT 

2020-01-23T15:46:10+09:00 - ERROR [adapters/fabric]: Transaction[57ae651210] commit errors:
	- Commit error on peer0.org1.example.com with code MVCC_READ_CONFLICT
	- Commit error on peer0.org2.example.com with code MVCC_READ_CONFLICT 

2020-01-23T15:46:10+09:00 - ERROR [adapters/fabric]: Transaction[a649415787] commit errors:
	- Commit error on peer0.org1.example.com with code MVCC_READ_CONFLICT
	- Commit error on peer0.org2.example.com with code MVCC_READ_CONFLICT 

2020-01-23T15:46:10+09:00 - ERROR [adapters/fabric]: Transaction[2b97dc14da] commit errors:
	- Commit error on peer0.org1.example.com with code MVCC_READ_CONFLICT
	- Commit error on peer0.org2.example.com with code MVCC_READ_CONFLICT 

2020-01-23T15:46:10+09:00 - ERROR [adapters/fabric]: Transaction[888c7c581e] commit errors:
	- Commit error on peer0.org1.example.com with code MVCC_READ_CONFLICT
	- Commit error on peer0.org2.example.com with code MVCC_READ_CONFLICT 

2020-01-23T15:46:10+09:00 - ERROR [adapters/fabric]: Transaction[db5e4d5dc3] commit errors:
	- Commit error on peer0.org1.example.com with code MVCC_READ_CONFLICT
	- Commit error on peer0.org2.example.com with code MVCC_READ_CONFLICT 

2020-01-23T15:46:10+09:00 - ERROR [adapters/fabric]: Transaction[81cd3cf176] commit errors:
	- Commit error on peer0.org1.example.com with code MVCC_READ_CONFLICT
	- Commit error on peer0.org2.example.com with code MVCC_READ_CONFLICT 

2020-01-23T15:46:10+09:00 - ERROR [adapters/fabric]: Transaction[b11faedda0] commit errors:
	- Commit error on peer0.org1.example.com with code MVCC_READ_CONFLICT
	- Commit error on peer0.org2.example.com with code MVCC_READ_CONFLICT 

2020-01-23T15:46:10+09:00 - ERROR [adapters/fabric]: Transaction[d7217a94de] commit errors:
	- Commit error on peer0.org1.example.com with code MVCC_READ_CONFLICT
	- Commit error on peer0.org2.example.com with code MVCC_READ_CONFLICT 

2020-01-23T15:46:10+09:00 - ERROR [adapters/fabric]: Transaction[940a89efae] commit errors:
	- Commit error on peer0.org1.example.com with code MVCC_READ_CONFLICT
	- Commit error on peer0.org2.example.com with code MVCC_READ_CONFLICT 

2020-01-23T15:46:10+09:00 - ERROR [adapters/fabric]: Transaction[fbdff5665b] commit errors:
	- Commit error on peer0.org1.example.com with code MVCC_READ_CONFLICT
	- Commit error on peer0.org2.example.com with code MVCC_READ_CONFLICT 

2020-01-23T15:46:10+09:00 - ERROR [adapters/fabric]: Transaction[279fbf529f] commit errors:
	- Commit error on peer0.org1.example.com with code MVCC_READ_CONFLICT
	- Commit error on peer0.org2.example.com with code MVCC_READ_CONFLICT 

2020-01-23T15:46:10+09:00 - ERROR [adapters/fabric]: Transaction[5a29b1f36e] commit errors:
	- Commit error on peer0.org1.example.com with code MVCC_READ_CONFLICT
	- Commit error on peer0.org2.example.com with code MVCC_READ_CONFLICT 

2020-01-23T15:46:10+09:00 - ERROR [adapters/fabric]: Transaction[716f88eeac] commit errors:
	- Commit error on peer0.org1.example.com with code MVCC_READ_CONFLICT
	- Commit error on peer0.org2.example.com with code MVCC_READ_CONFLICT 

2020-01-23T15:46:10+09:00 - ERROR [adapters/fabric]: Transaction[b89577e7d3] commit errors:
	- Commit error on peer0.org1.example.com with code MVCC_READ_CONFLICT
	- Commit error on peer0.org2.example.com with code MVCC_READ_CONFLICT 

2020-01-23T15:46:10+09:00 - ERROR [adapters/fabric]: Transaction[6da79bb999] commit errors:
	- Commit error on peer0.org1.example.com with code MVCC_READ_CONFLICT
	- Commit error on peer0.org2.example.com with code MVCC_READ_CONFLICT 

2020-01-23T15:46:10+09:00 - INFO [demo.js]: [Transaction Info] - Submitted: 2739 Succ: 2595 Fail:109 Unfinished:35 

2020-01-23T15:46:10+09:00 - ERROR [adapters/fabric]: Transaction[caab39a3f5] life-cycle errors:
	- Read/Write set mismatch between endorsements 

2020-01-23T15:46:10+09:00 - ERROR [adapters/fabric]: Transaction[23e3366a53] commit errors:
	- Commit error on peer0.org1.example.com with code MVCC_READ_CONFLICT
	- Commit error on peer0.org2.example.com with code MVCC_READ_CONFLICT 

2020-01-23T15:46:10+09:00 - ERROR [adapters/fabric]: Transaction[e406591cb4] commit errors:
	- Commit error on peer0.org1.example.com with code MVCC_READ_CONFLICT
	- Commit error on peer0.org2.example.com with code MVCC_READ_CONFLICT 

2020-01-23T15:46:10+09:00 - ERROR [adapters/fabric]: Transaction[2e09be70eb] commit errors:
	- Commit error on peer0.org1.example.com with code MVCC_READ_CONFLICT
	- Commit error on peer0.org2.example.com with code MVCC_READ_CONFLICT 

2020-01-23T15:46:10+09:00 - ERROR [adapters/fabric]: Transaction[37a94285ab] commit errors:
	- Commit error on peer0.org1.example.com with code MVCC_READ_CONFLICT
	- Commit error on peer0.org2.example.com with code MVCC_READ_CONFLICT 

2020-01-23T15:46:10+09:00 - ERROR [adapters/fabric]: Transaction[6623274a61] commit errors:
	- Commit error on peer0.org1.example.com with code MVCC_READ_CONFLICT
	- Commit error on peer0.org2.example.com with code MVCC_READ_CONFLICT 

2020-01-23T15:46:10+09:00 - ERROR [adapters/fabric]: Transaction[2f21a4ec81] commit errors:
	- Commit error on peer0.org1.example.com with code MVCC_READ_CONFLICT
	- Commit error on peer0.org2.example.com with code MVCC_READ_CONFLICT 

2020-01-23T15:46:10+09:00 - ERROR [adapters/fabric]: Transaction[03a605432f] commit errors:
	- Commit error on peer0.org1.example.com with code MVCC_READ_CONFLICT
	- Commit error on peer0.org2.example.com with code MVCC_READ_CONFLICT 

2020-01-23T15:46:10+09:00 - ERROR [adapters/fabric]: Transaction[e5795f071d] commit errors:
	- Commit error on peer0.org1.example.com with code MVCC_READ_CONFLICT
	- Commit error on peer0.org2.example.com with code MVCC_READ_CONFLICT 

2020-01-23T15:46:10+09:00 - ERROR [adapters/fabric]: Transaction[b4dedd0ad9] commit errors:
	- Commit error on peer0.org1.example.com with code MVCC_READ_CONFLICT
	- Commit error on peer0.org2.example.com with code MVCC_READ_CONFLICT 

2020-01-23T15:46:10+09:00 - ERROR [adapters/fabric]: Transaction[961d9890ab] commit errors:
	- Commit error on peer0.org1.example.com with code MVCC_READ_CONFLICT
	- Commit error on peer0.org2.example.com with code MVCC_READ_CONFLICT 

2020-01-23T15:46:10+09:00 - ERROR [adapters/fabric]: Transaction[2699a07e96] commit errors:
	- Commit error on peer0.org1.example.com with code MVCC_READ_CONFLICT
	- Commit error on peer0.org2.example.com with code MVCC_READ_CONFLICT 

2020-01-23T15:46:10+09:00 - ERROR [adapters/fabric]: Transaction[0a55717592] commit errors:
	- Commit error on peer0.org1.example.com with code MVCC_READ_CONFLICT
	- Commit error on peer0.org2.example.com with code MVCC_READ_CONFLICT 

2020-01-23T15:46:11+09:00 - ERROR [adapters/fabric]: Transaction[fac93226b3] commit errors:
	- Commit error on peer0.org1.example.com with code MVCC_READ_CONFLICT
	- Commit error on peer0.org2.example.com with code MVCC_READ_CONFLICT 

2020-01-23T15:46:11+09:00 - ERROR [adapters/fabric]: Transaction[f535550f07] commit errors:
	- Commit error on peer0.org1.example.com with code MVCC_READ_CONFLICT
	- Commit error on peer0.org2.example.com with code MVCC_READ_CONFLICT 

2020-01-23T15:46:11+09:00 - ERROR [adapters/fabric]: Transaction[99972b2b0b] commit errors:
	- Commit error on peer0.org1.example.com with code MVCC_READ_CONFLICT
	- Commit error on peer0.org2.example.com with code MVCC_READ_CONFLICT 

2020-01-23T15:46:11+09:00 - ERROR [adapters/fabric]: Transaction[4ccabd7537] commit errors:
	- Commit error on peer0.org1.example.com with code MVCC_READ_CONFLICT
	- Commit error on peer0.org2.example.com with code MVCC_READ_CONFLICT 

2020-01-23T15:46:11+09:00 - ERROR [adapters/fabric]: Transaction[0b98dfba28] commit errors:
	- Commit error on peer0.org1.example.com with code MVCC_READ_CONFLICT
	- Commit error on peer0.org2.example.com with code MVCC_READ_CONFLICT 

2020-01-23T15:46:11+09:00 - ERROR [adapters/fabric]: Transaction[44e4834a5f] commit errors:
	- Commit error on peer0.org1.example.com with code MVCC_READ_CONFLICT
	- Commit error on peer0.org2.example.com with code MVCC_READ_CONFLICT 

2020-01-23T15:46:11+09:00 - ERROR [adapters/fabric]: Transaction[969d65cc87] commit errors:
	- Commit error on peer0.org1.example.com with code MVCC_READ_CONFLICT
	- Commit error on peer0.org2.example.com with code MVCC_READ_CONFLICT 

2020-01-23T15:46:11+09:00 - ERROR [adapters/fabric]: Transaction[a021785ce2] commit errors:
	- Commit error on peer0.org1.example.com with code MVCC_READ_CONFLICT
	- Commit error on peer0.org2.example.com with code MVCC_READ_CONFLICT 

2020-01-23T15:46:11+09:00 - ERROR [adapters/fabric]: Transaction[4153437180] commit errors:
	- Commit error on peer0.org1.example.com with code MVCC_READ_CONFLICT
	- Commit error on peer0.org2.example.com with code MVCC_READ_CONFLICT 

2020-01-23T15:46:11+09:00 - ERROR [adapters/fabric]: Transaction[9187ee8c4c] commit errors:
	- Commit error on peer0.org1.example.com with code MVCC_READ_CONFLICT
	- Commit error on peer0.org2.example.com with code MVCC_READ_CONFLICT 

2020-01-23T15:46:11+09:00 - ERROR [adapters/fabric]: Transaction[99714279a8] commit errors:
	- Commit error on peer0.org1.example.com with code MVCC_READ_CONFLICT
	- Commit error on peer0.org2.example.com with code MVCC_READ_CONFLICT 

2020-01-23T15:46:11+09:00 - ERROR [adapters/fabric]: Transaction[4850dbd1ed] commit errors:
	- Commit error on peer0.org1.example.com with code MVCC_READ_CONFLICT
	- Commit error on peer0.org2.example.com with code MVCC_READ_CONFLICT 

2020-01-23T15:46:11+09:00 - ERROR [adapters/fabric]: Transaction[992a0b7cfc] commit errors:
	- Commit error on peer0.org1.example.com with code MVCC_READ_CONFLICT
	- Commit error on peer0.org2.example.com with code MVCC_READ_CONFLICT 

2020-01-23T15:46:11+09:00 - ERROR [adapters/fabric]: Transaction[3c4bff9e82] commit errors:
	- Commit error on peer0.org1.example.com with code MVCC_READ_CONFLICT
	- Commit error on peer0.org2.example.com with code MVCC_READ_CONFLICT 

2020-01-23T15:46:11+09:00 - INFO [demo.js]: [Transaction Info] - Submitted: 2897 Succ: 2719 Fail:136 Unfinished:42 

2020-01-23T15:46:11+09:00 - ERROR [adapters/fabric]: Transaction[95baebe630] commit errors:
	- Commit error on peer0.org1.example.com with code MVCC_READ_CONFLICT
	- Commit error on peer0.org2.example.com with code MVCC_READ_CONFLICT 

2020-01-23T15:46:11+09:00 - ERROR [adapters/fabric]: Transaction[7bf6b84cda] commit errors:
	- Commit error on peer0.org1.example.com with code MVCC_READ_CONFLICT
	- Commit error on peer0.org2.example.com with code MVCC_READ_CONFLICT 

2020-01-23T15:46:11+09:00 - ERROR [adapters/fabric]: Transaction[0ad0dd3356] commit errors:
	- Commit error on peer0.org1.example.com with code MVCC_READ_CONFLICT
	- Commit error on peer0.org2.example.com with code MVCC_READ_CONFLICT 

2020-01-23T15:46:11+09:00 - ERROR [adapters/fabric]: Transaction[363fcfe9cf] commit errors:
	- Commit error on peer0.org1.example.com with code MVCC_READ_CONFLICT
	- Commit error on peer0.org2.example.com with code MVCC_READ_CONFLICT 

2020-01-23T15:46:11+09:00 - ERROR [adapters/fabric]: Transaction[e2398b63b4] commit errors:
	- Commit error on peer0.org1.example.com with code MVCC_READ_CONFLICT
	- Commit error on peer0.org2.example.com with code MVCC_READ_CONFLICT 

2020-01-23T15:46:12+09:00 - ERROR [adapters/fabric]: Transaction[67cb5eb54a] life-cycle errors:
	- Read/Write set mismatch between endorsements 

2020-01-23T15:46:12+09:00 - ERROR [adapters/fabric]: Transaction[efcabfd742] commit errors:
	- Commit error on peer0.org1.example.com with code MVCC_READ_CONFLICT
	- Commit error on peer0.org2.example.com with code MVCC_READ_CONFLICT 

2020-01-23T15:46:12+09:00 - ERROR [adapters/fabric]: Transaction[74f1cfd1cd] commit errors:
	- Commit error on peer0.org1.example.com with code MVCC_READ_CONFLICT
	- Commit error on peer0.org2.example.com with code MVCC_READ_CONFLICT 

2020-01-23T15:46:12+09:00 - ERROR [adapters/fabric]: Transaction[ec5d520a67] commit errors:
	- Commit error on peer0.org1.example.com with code MVCC_READ_CONFLICT
	- Commit error on peer0.org2.example.com with code MVCC_READ_CONFLICT 

2020-01-23T15:46:12+09:00 - ERROR [adapters/fabric]: Transaction[2b195710cd] commit errors:
	- Commit error on peer0.org1.example.com with code MVCC_READ_CONFLICT
	- Commit error on peer0.org2.example.com with code MVCC_READ_CONFLICT 

2020-01-23T15:46:12+09:00 - ERROR [adapters/fabric]: Transaction[0ec8459350] commit errors:
	- Commit error on peer0.org1.example.com with code MVCC_READ_CONFLICT
	- Commit error on peer0.org2.example.com with code MVCC_READ_CONFLICT 

2020-01-23T15:46:12+09:00 - ERROR [adapters/fabric]: Transaction[96d1e23476] commit errors:
	- Commit error on peer0.org1.example.com with code MVCC_READ_CONFLICT
	- Commit error on peer0.org2.example.com with code MVCC_READ_CONFLICT 

2020-01-23T15:46:12+09:00 - ERROR [adapters/fabric]: Transaction[de8a77e118] commit errors:
	- Commit error on peer0.org1.example.com with code MVCC_READ_CONFLICT
	- Commit error on peer0.org2.example.com with code MVCC_READ_CONFLICT 

2020-01-23T15:46:12+09:00 - ERROR [adapters/fabric]: Transaction[a159b0bc7d] commit errors:
	- Commit error on peer0.org1.example.com with code MVCC_READ_CONFLICT
	- Commit error on peer0.org2.example.com with code MVCC_READ_CONFLICT 

2020-01-23T15:46:12+09:00 - INFO [demo.js]: [Transaction Info] - Submitted: 3000 Succ: 2806 Fail:150 Unfinished:44 

2020-01-23T15:46:12+09:00 - ERROR [adapters/fabric]: Transaction[bdf3f550da] commit errors:
	- Commit error on peer0.org1.example.com with code MVCC_READ_CONFLICT
	- Commit error on peer0.org2.example.com with code MVCC_READ_CONFLICT 

2020-01-23T15:46:12+09:00 - ERROR [adapters/fabric]: Transaction[8dd573d155] commit errors:
	- Commit error on peer0.org1.example.com with code MVCC_READ_CONFLICT
	- Commit error on peer0.org2.example.com with code MVCC_READ_CONFLICT 

2020-01-23T15:46:12+09:00 - ERROR [adapters/fabric]: Transaction[6d2c35a8a6] commit errors:
	- Commit error on peer0.org1.example.com with code MVCC_READ_CONFLICT
	- Commit error on peer0.org2.example.com with code MVCC_READ_CONFLICT 

2020-01-23T15:46:12+09:00 - DEBUG [report-builder]: r.create.max: 1579761972.214 r.create.min: 1579761965.544 r.final.max: 1579761972.619 r.final.min: 1579761966.048 r.final.last: 1579761972.62 

2020-01-23T15:46:12+09:00 - DEBUG [report-builder]:  throughput for only success time computed: 119.7 

2020-01-23T15:46:12+09:00 - DEBUG [report-builder]: sendTransactionProposal: 0ms length: 1000 

2020-01-23T15:46:12+09:00 - DEBUG [report-builder]: sendTransaction: 0ms 

2020-01-23T15:46:12+09:00 - DEBUG [report-builder]: invokeLatency: 0ms 

2020-01-23T15:46:12+09:00 - INFO [report-builder]: ###test result:### 

2020-01-23T15:46:12+09:00 - INFO [report-builder]: 
+----------+------+------+-----------+-------------+-------------+-------------+------------+
| Name     | Succ | Fail | Send Rate | Max Latency | Min Latency | Avg Latency | Throughput |
|----------|------|------|-----------|-------------|-------------|-------------|------------|
| transfer | 847  | 153  | 149.9 tps | 0.69 s      | 0.19 s      | 0.38 s      | 119.7 tps  |
+----------+------+------+-----------+-------------+-------------+-------------+------------+
 

2020-01-23T15:46:12+09:00 - INFO [report-builder]: ### resource stats ### 

2020-01-23T15:46:12+09:00 - INFO [report-builder]: 
+---------+-----------------------------------+-------------+-------------+----------+----------+------------+-------------+-----------+------------+
| TYPE    | NAME                              | Memory(max) | Memory(avg) | CPU(max) | CPU(avg) | Traffic In | Traffic Out | Disc Read | Disc Write |
|---------|-----------------------------------|-------------|-------------|----------|----------|------------|-------------|-----------|------------|
| Process | node local-client.js(avg)         | -           | -           | NaN%     | NaN%     | -          | -           | -         | -          |
|---------|-----------------------------------|-------------|-------------|----------|----------|------------|-------------|-----------|------------|
| Docker  | dev-peer0.org2.example.co...nk-v0 | 7.2MB       | 7.2MB       | 0.00%    | 0.00%    | 203B       | 0B          | 0B        | 0B         |
|---------|-----------------------------------|-------------|-------------|----------|----------|------------|-------------|-----------|------------|
| Docker  | dev-peer0.org1.example.co...nk-v0 | 7.0MB       | 7.0MB       | 0.00%    | 0.00%    | 273B       | 0B          | 0B        | 0B         |
|---------|-----------------------------------|-------------|-------------|----------|----------|------------|-------------|-----------|------------|
| Docker  | dev-peer0.org1.example.co...le-v0 | 9.3MB       | 9.1MB       | 29.40%   | 28.96%   | 1.6MB      | 1.0MB       | 0B        | 0B         |
|---------|-----------------------------------|-------------|-------------|----------|----------|------------|-------------|-----------|------------|
| Docker  | dev-peer0.org2.example.co...le-v0 | 9.1MB       | 9.0MB       | 31.05%   | 30.34%   | 1.6MB      | 1.0MB       | 0B        | 0B         |
|---------|-----------------------------------|-------------|-------------|----------|----------|------------|-------------|-----------|------------|
| Docker  | dev-peer0.org1.example.co...rm-v0 | 6.9MB       | 6.9MB       | 0.01%    | 0.00%    | 0B         | 0B          | 0B        | 0B         |
|---------|-----------------------------------|-------------|-------------|----------|----------|------------|-------------|-----------|------------|
| Docker  | dev-peer0.org2.example.co...rm-v0 | 6.9MB       | 6.9MB       | 0.00%    | 0.00%    | 70B        | 0B          | 0B        | 0B         |
|---------|-----------------------------------|-------------|-------------|----------|----------|------------|-------------|-----------|------------|
| Docker  | dev-peer0.org2.example.co...es-v0 | 6.9MB       | 6.9MB       | 0.00%    | 0.00%    | 0B         | 0B          | 0B        | 0B         |
|---------|-----------------------------------|-------------|-------------|----------|----------|------------|-------------|-----------|------------|
| Docker  | dev-peer0.org1.example.co...es-v0 | 6.9MB       | 6.9MB       | 0.00%    | 0.00%    | 0B         | 0B          | 0B        | 0B         |
|---------|-----------------------------------|-------------|-------------|----------|----------|------------|-------------|-----------|------------|
| Docker  | peer0.org1.example.com            | 184.2MB     | 182.7MB     | 120.06%  | 116.99%  | 4.0MB      | 2.3MB       | 0B        | 5.5MB      |
|---------|-----------------------------------|-------------|-------------|----------|----------|------------|-------------|-----------|------------|
| Docker  | peer0.org2.example.com            | 152.1MB     | 150.6MB     | 123.58%  | 121.53%  | 4.0MB      | 2.4MB       | 0B        | 5.5MB      |
|---------|-----------------------------------|-------------|-------------|----------|----------|------------|-------------|-----------|------------|
| Docker  | orderer0.example.com              | 26.8MB      | 25.6MB      | 48.08%   | 46.26%   | 3.6MB      | 3.6MB       | 0B        | 4.6MB      |
|---------|-----------------------------------|-------------|-------------|----------|----------|------------|-------------|-----------|------------|
| Docker  | orderer1.example.com              | 27.2MB      | 25.4MB      | 48.41%   | 47.90%   | 3.8MB      | 3.7MB       | 0B        | 4.6MB      |
|---------|-----------------------------------|-------------|-------------|----------|----------|------------|-------------|-----------|------------|
| Docker  | kafka3                            | 302.1MB     | 302.1MB     | 0.50%    | 0.47%    | 172B       | 288B        | 0B        | 0B         |
|---------|-----------------------------------|-------------|-------------|----------|----------|------------|-------------|-----------|------------|
| Docker  | kafka1                            | 350.1MB     | 348.3MB     | 60.34%   | 40.41%   | 2.5MB      | 186.6KB     | 0B        | 8.0KB      |
|---------|-----------------------------------|-------------|-------------|----------|----------|------------|-------------|-----------|------------|
| Docker  | kafka2                            | 366.6MB     | 364.8MB     | 49.39%   | 23.09%   | 2.5MB      | 189.1KB     | 0B        | 8.0KB      |
|---------|-----------------------------------|-------------|-------------|----------|----------|------------|-------------|-----------|------------|
| Docker  | kafka0                            | 416.1MB     | 413.7MB     | 94.85%   | 60.66%   | 2.9MB      | 10.0MB      | 0B        | 8.0KB      |
|---------|-----------------------------------|-------------|-------------|----------|----------|------------|-------------|-----------|------------|
| Docker  | zookeeper2                        | 57.1MB      | 57.0MB      | 0.25%    | 0.19%    | 1.5KB      | 1.7KB       | 0B        | 0B         |
|---------|-----------------------------------|-------------|-------------|----------|----------|------------|-------------|-----------|------------|
| Docker  | zookeeper1                        | 49.9MB      | 49.9MB      | 0.18%    | 0.13%    | 608B       | 344B        | 0B        | 0B         |
|---------|-----------------------------------|-------------|-------------|----------|----------|------------|-------------|-----------|------------|
| Docker  | ca.org1.example.com               | 10.4MB      | 10.4MB      | 0.00%    | 0.00%    | 0B         | 0B          | 0B        | 0B         |
|---------|-----------------------------------|-------------|-------------|----------|----------|------------|-------------|-----------|------------|
| Docker  | zookeeper0                        | 52.0MB      | 52.0MB      | 0.17%    | 0.14%    | 896B       | 540B        | 0B        | 0B         |
|---------|-----------------------------------|-------------|-------------|----------|----------|------------|-------------|-----------|------------|
| Docker  | ca.org2.example.com               | 10.0MB      | 10.0MB      | 0.00%    | 0.00%    | 0B         | 0B          | 0B        | 0B         |
+---------+-----------------------------------+-------------+-------------+----------+----------+------------+-------------+-----------+------------+
 

2020-01-23T15:46:12+09:00 - INFO [defaultTest]: ------ Passed 'transfer' testing ------ 

2020-01-23T15:46:12+09:00 - INFO [caliper-flow]: ---------- Finished Test ----------
 

2020-01-23T15:46:12+09:00 - INFO [report-builder]: ###all test results:### 

2020-01-23T15:46:12+09:00 - INFO [report-builder]: 
+------+----------+------+------+-----------+-------------+-------------+-------------+------------+
| Test | Name     | Succ | Fail | Send Rate | Max Latency | Min Latency | Avg Latency | Throughput |
|------|----------|------|------|-----------|-------------|-------------|-------------|------------|
| 1    | open     | 1000 | 0    | 142.3 tps | 0.64 s      | 0.16 s      | 0.37 s      | 139.1 tps  |
|------|----------|------|------|-----------|-------------|-------------|-------------|------------|
| 2    | query    | 1000 | 0    | 296.6 tps | 0.09 s      | 0.01 s      | 0.02 s      | 296.0 tps  |
|------|----------|------|------|-----------|-------------|-------------|-------------|------------|
| 3    | transfer | 847  | 153  | 149.9 tps | 0.69 s      | 0.19 s      | 0.38 s      | 119.7 tps  |
+------+----------+------+------+-----------+-------------+-------------+-------------+------------+
 

2020-01-23T15:46:12+09:00 - INFO [monitor.js]: 
 ### resource stats (maximum) ### 

2020-01-23T15:46:12+09:00 - INFO [monitor.js]: 
+---------+-----------------------------------+-------------+----------+------------+-------------+-----------+------------+
| TYPE    | NAME                              | Memory(max) | CPU(max) | Traffic In | Traffic Out | Disc Read | Disc Write |
|---------|-----------------------------------|-------------|----------|------------|-------------|-----------|------------|
| Process | node local-client.js(avg)         | -           | NaN%     | -          | -           | -         | -          |
|---------|-----------------------------------|-------------|----------|------------|-------------|-----------|------------|
| Docker  | dev-peer0.org2.example.co...nk-v0 | 7.2MB       | 0.01%    | 315B       | 0B          | 0B        | 0B         |
|---------|-----------------------------------|-------------|----------|------------|-------------|-----------|------------|
| Docker  | dev-peer0.org1.example.co...nk-v0 | 7.0MB       | 0.00%    | 518B       | 0B          | 0B        | 0B         |
|---------|-----------------------------------|-------------|----------|------------|-------------|-----------|------------|
| Docker  | dev-peer0.org1.example.co...le-v0 | 9.3MB       | 29.80%   | 2.0MB      | 1.0MB       | 0B        | 0B         |
|---------|-----------------------------------|-------------|----------|------------|-------------|-----------|------------|
| Docker  | dev-peer0.org2.example.co...le-v0 | 9.1MB       | 31.05%   | 2.0MB      | 1.1MB       | 0B        | 0B         |
|---------|-----------------------------------|-------------|----------|------------|-------------|-----------|------------|
| Docker  | dev-peer0.org1.example.co...rm-v0 | 6.9MB       | 0.01%    | 42B        | 0B          | 0B        | 0B         |
|---------|-----------------------------------|-------------|----------|------------|-------------|-----------|------------|
| Docker  | dev-peer0.org2.example.co...rm-v0 | 6.9MB       | 0.00%    | 70B        | 0B          | 0B        | 0B         |
|---------|-----------------------------------|-------------|----------|------------|-------------|-----------|------------|
| Docker  | dev-peer0.org2.example.co...es-v0 | 6.9MB       | 0.01%    | 112B       | 0B          | 0B        | 0B         |
|---------|-----------------------------------|-------------|----------|------------|-------------|-----------|------------|
| Docker  | dev-peer0.org1.example.co...es-v0 | 6.9MB       | 0.00%    | 315B       | 0B          | 0B        | 0B         |
|---------|-----------------------------------|-------------|----------|------------|-------------|-----------|------------|
| Docker  | peer0.org1.example.com            | 184.2MB     | 122.71%  | 6.0MB      | 3.3MB       | 0B        | 8.9MB      |
|---------|-----------------------------------|-------------|----------|------------|-------------|-----------|------------|
| Docker  | peer0.org2.example.com            | 152.1MB     | 123.58%  | 6.0MB      | 3.2MB       | 0B        | 8.9MB      |
|---------|-----------------------------------|-------------|----------|------------|-------------|-----------|------------|
| Docker  | orderer0.example.com              | 26.8MB      | 52.03%   | 6.1MB      | 6.0MB       | 0B        | 7.6MB      |
|---------|-----------------------------------|-------------|----------|------------|-------------|-----------|------------|
| Docker  | orderer1.example.com              | 27.2MB      | 50.38%   | 6.1MB      | 6.0MB       | 0B        | 7.6MB      |
|---------|-----------------------------------|-------------|----------|------------|-------------|-----------|------------|
| Docker  | kafka3                            | 302.3MB     | 1.52%    | 644B       | 1008B       | 0B        | 0B         |
|---------|-----------------------------------|-------------|----------|------------|-------------|-----------|------------|
| Docker  | kafka1                            | 350.1MB     | 60.34%   | 4.2MB      | 316.2KB     | 0B        | 32.0KB     |
|---------|-----------------------------------|-------------|----------|------------|-------------|-----------|------------|
| Docker  | kafka2                            | 366.6MB     | 49.39%   | 4.2MB      | 318.3KB     | 0B        | 32.0KB     |
|---------|-----------------------------------|-------------|----------|------------|-------------|-----------|------------|
| Docker  | kafka0                            | 416.1MB     | 174.11%  | 4.9MB      | 16.5MB      | 0B        | 32.0KB     |
|---------|-----------------------------------|-------------|----------|------------|-------------|-----------|------------|
| Docker  | zookeeper2                        | 57.2MB      | 2.40%    | 4.8KB      | 5.2KB       | 0B        | 0B         |
|---------|-----------------------------------|-------------|----------|------------|-------------|-----------|------------|
| Docker  | zookeeper1                        | 50.0MB      | 0.39%    | 1.8KB      | 1.0KB       | 0B        | 0B         |
|---------|-----------------------------------|-------------|----------|------------|-------------|-----------|------------|
| Docker  | ca.org1.example.com               | 10.4MB      | 0.00%    | 42B        | 0B          | 0B        | 0B         |
|---------|-----------------------------------|-------------|----------|------------|-------------|-----------|------------|
| Docker  | zookeeper0                        | 52.1MB      | 0.31%    | 2.7KB      | 1.6KB       | 0B        | 0B         |
|---------|-----------------------------------|-------------|----------|------------|-------------|-----------|------------|
| Docker  | ca.org2.example.com               | 10.0MB      | 0.00%    | 42B        | 0B          | 0B        | 0B         |
+---------+-----------------------------------+-------------+----------+------------+-------------+-----------+------------+
 

2020-01-23T15:46:13+09:00 - INFO [caliper-flow]: Generated report with path /home/oslab/caliper-benchmarks/report-20200123T064613.html 

2020-01-23T15:46:13+09:00 - INFO [demo.js]: [Transaction Info] - Submitted: 3000 Succ: 2847 Fail:153 Unfinished:0 

2020-01-23T15:46:13+09:00 - INFO [caliper-flow]: 

#######################################
# Test summary: 3 succeeded, 0 failed #
#######################################
 

2020-01-23T15:46:13+09:00 - INFO [caliper-utils]: Executing command: cd /home/oslab/caliper-benchmarks/caliper/packages/caliper-samples;docker-compose -f network/fabric-v1.4/kafka2/docker-compose.yaml down;(test -z \"$(docker ps -aq)\") || docker rm $(docker ps -aq);(test -z \"$(docker images dev* -q)\") || docker rmi $(docker images dev* -q);rm -rf /tmp/hfc-* 

2020-01-23T15:46:13+09:00 - INFO [client-util.js]: Client exited with code null 

