2020-09-22T13:28:18+09:00 - DEBUG Constructed a winston logger with the specified targets:
	{"consolelogger":{"target":"console","level":"info"},"filelogger":{"target":"daily-rotate-file","level":"debug","filename":"log/caliper-%DATE%.log","datePattern":"YYYY-MM-DD-HH","maxSize":"5m","zippedArchive":true}}

2020-09-22T13:28:19+09:00 - INFO [caliper-flow]: ####### Caliper Test ####### 

2020-09-22T13:28:19+09:00 - INFO [caliper-utils]: Executing command: cd /home/oslab/caliper_v0.1.0/caliper/packages/caliper-samples;docker-compose -f network/fabric-v1.4.1/kafka2o2pgoleveldb/docker-compose.yaml up -d;sleep 3s 

2020-09-22T13:28:41+09:00 - INFO [adapters/fabric]: Fabric SDK version: 1.4.4; TLS: none 

2020-09-22T13:28:42+09:00 - INFO [adapters/fabric]: Org1's registrar enrolled successfully 

2020-09-22T13:28:42+09:00 - INFO [adapters/fabric]: Org2's registrar enrolled successfully 

2020-09-22T13:28:42+09:00 - INFO [adapters/fabric]: Org1's admin's materials are successfully loaded 

2020-09-22T13:28:42+09:00 - INFO [adapters/fabric]: Org2's admin's materials are successfully loaded 

2020-09-22T13:28:42+09:00 - INFO [adapters/fabric]: client0.org1.example.com's materials are successfully loaded 

2020-09-22T13:28:42+09:00 - INFO [adapters/fabric]: client0.org2.example.com's materials are successfully loaded 

2020-09-22T13:28:42+09:00 - INFO [adapters/fabric]: Channel 'mychannel' definiton being retrieved from file 

2020-09-22T13:28:42+09:00 - INFO [adapters/fabric]: Channel 'mychannel' successfully created 

2020-09-22T13:28:42+09:00 - INFO [adapters/fabric]: Sleeping 5s... 

2020-09-22T13:28:47+09:00 - INFO [adapters/fabric]: Org1's peers successfully joined mychannel: peer0.org1.example.com,peer1.org1.example.com 

2020-09-22T13:28:48+09:00 - INFO [adapters/fabric]: Org2's peers successfully joined mychannel: peer0.org2.example.com,peer1.org2.example.com 

2020-09-22T13:28:48+09:00 - INFO [adapters/fabric]: Sleeping 5s... 

2020-09-22T13:28:53+09:00 - INFO [adapters/fabric]: Installing chaincodes for mychannel... 

2020-09-22T13:28:53+09:00 - INFO [adapters/fabric]: marbles@v0 successfully installed on Org1's peers: peer0.org1.example.com,peer1.org1.example.com 

2020-09-22T13:28:53+09:00 - INFO [adapters/fabric]: marbles@v0 successfully installed on Org2's peers: peer0.org2.example.com,peer1.org2.example.com 

2020-09-22T13:28:53+09:00 - INFO [adapters/fabric]: drm@v0 successfully installed on Org1's peers: peer0.org1.example.com,peer1.org1.example.com 

2020-09-22T13:28:53+09:00 - INFO [adapters/fabric]: drm@v0 successfully installed on Org2's peers: peer0.org2.example.com,peer1.org2.example.com 

2020-09-22T13:28:53+09:00 - INFO [adapters/fabric]: simple@v0 successfully installed on Org1's peers: peer0.org1.example.com,peer1.org1.example.com 

2020-09-22T13:28:53+09:00 - INFO [adapters/fabric]: simple@v0 successfully installed on Org2's peers: peer0.org2.example.com,peer1.org2.example.com 

2020-09-22T13:28:53+09:00 - INFO [adapters/fabric]: smallbank@v0 successfully installed on Org1's peers: peer0.org1.example.com,peer1.org1.example.com 

2020-09-22T13:28:53+09:00 - INFO [adapters/fabric]: smallbank@v0 successfully installed on Org2's peers: peer0.org2.example.com,peer1.org2.example.com 

2020-09-22T13:28:53+09:00 - INFO [adapters/fabric]: Instantiating marbles@v0 in mychannel. This might take some time... 

2020-09-22T13:29:21+09:00 - INFO [adapters/fabric]: Successfully instantiated marbles@v0 in mychannel 

2020-09-22T13:29:21+09:00 - INFO [adapters/fabric]: Instantiating drm@v0 in mychannel. This might take some time... 

2020-09-22T13:29:38+09:00 - INFO [adapters/fabric]: Successfully instantiated drm@v0 in mychannel 

2020-09-22T13:29:38+09:00 - INFO [adapters/fabric]: Instantiating simple@v0 in mychannel. This might take some time... 

2020-09-22T13:29:55+09:00 - INFO [adapters/fabric]: Successfully instantiated simple@v0 in mychannel 

2020-09-22T13:29:55+09:00 - INFO [adapters/fabric]: Instantiating smallbank@v0 in mychannel. This might take some time... 

2020-09-22T13:30:13+09:00 - INFO [adapters/fabric]: Successfully instantiated smallbank@v0 in mychannel 

2020-09-22T13:30:13+09:00 - INFO [adapters/fabric]: Sleeping 5s... 

2020-09-22T13:30:18+09:00 - INFO [caliper-flow]: Started monitor successfully 

2020-09-22T13:30:18+09:00 - INFO [defaultTest]: ####### Testing 'smallOperations' ####### 

2020-09-22T13:30:18+09:00 - INFO [defaultTest]: ------ Test round 1 ------ 

2020-09-22T13:30:18+09:00 - INFO [client-util.js]: Launching client with PID  14692 

2020-09-22T13:30:18+09:00 - INFO [client-util.js]: Launching client with PID  14697 

2020-09-22T13:30:18+09:00 - INFO [client-util.js]: Launching client with PID  14703 

2020-09-22T13:30:18+09:00 - INFO [client-util.js]: Launching client with PID  14707 

2020-09-22T13:30:18+09:00 - INFO [client-util.js]: Launching client with PID  14714 

2020-09-22T13:30:18+09:00 - INFO [client-util.js]: Waiting for 5 clients to be ready...  

2020-09-22T13:30:19+09:00 - INFO [demo.js]: [Transaction Info] - Submitted: 0 Succ: 0 Fail:0 Unfinished:0 

2020-09-22T13:30:18+09:00 - DEBUG Constructed a winston logger with the specified targets:
	{"consolelogger":{"target":"console","level":"info"},"filelogger":{"target":"daily-rotate-file","level":"debug","filename":"log/caliper-%DATE%.log","datePattern":"YYYY-MM-DD-HH","maxSize":"5m","zippedArchive":true}}

2020-09-22T13:30:19+09:00 - DEBUG Constructed a winston logger with the specified targets:
	{"consolelogger":{"target":"console","level":"info"},"filelogger":{"target":"daily-rotate-file","level":"debug","filename":"log/caliper-%DATE%.log","datePattern":"YYYY-MM-DD-HH","maxSize":"5m","zippedArchive":true}}

2020-09-22T13:30:19+09:00 - DEBUG Constructed a winston logger with the specified targets:
	{"consolelogger":{"target":"console","level":"info"},"filelogger":{"target":"daily-rotate-file","level":"debug","filename":"log/caliper-%DATE%.log","datePattern":"YYYY-MM-DD-HH","maxSize":"5m","zippedArchive":true}}

2020-09-22T13:30:19+09:00 - DEBUG Constructed a winston logger with the specified targets:
	{"consolelogger":{"target":"console","level":"info"},"filelogger":{"target":"daily-rotate-file","level":"debug","filename":"log/caliper-%DATE%.log","datePattern":"YYYY-MM-DD-HH","maxSize":"5m","zippedArchive":true}}

2020-09-22T13:30:19+09:00 - DEBUG Constructed a winston logger with the specified targets:
	{"consolelogger":{"target":"console","level":"info"},"filelogger":{"target":"daily-rotate-file","level":"debug","filename":"log/caliper-%DATE%.log","datePattern":"YYYY-MM-DD-HH","maxSize":"5m","zippedArchive":true}}

2020-09-22T13:30:20+09:00 - INFO [client-util.js]: Client ready message recieved 

2020-09-22T13:30:20+09:00 - INFO [fabric/fabricClientWorker]: Client ready 

2020-09-22T13:30:20+09:00 - INFO [client-util.js]: Client ready message recieved 

2020-09-22T13:30:20+09:00 - INFO [fabric/fabricClientWorker]: Client ready 

2020-09-22T13:30:20+09:00 - INFO [client-util.js]: Client ready message recieved 

2020-09-22T13:30:20+09:00 - INFO [fabric/fabricClientWorker]: Client ready 

2020-09-22T13:30:20+09:00 - INFO [client-util.js]: Client ready message recieved 

2020-09-22T13:30:20+09:00 - INFO [fabric/fabricClientWorker]: Client ready 

2020-09-22T13:30:20+09:00 - INFO [client-util.js]: Client ready message recieved 

2020-09-22T13:30:20+09:00 - INFO [client-util.js]: 5 clients ready, starting test phase 

2020-09-22T13:30:20+09:00 - INFO [fabric/fabricClientWorker]: Client ready 

2020-09-22T13:30:20+09:00 - DEBUG [local-client.js]: doTest() with:
	{"type":"test","label":"smallOperations","rateControl":{"type":"fixed-rate","opts":{"tps":2000}},"trim":0,"args":{"accounts":400,"txnPerBatch":1},"cb":"benchmark/smallbank/smallbankOperations.js","config":"/home/oslab/caliper_v0.1.0/caliper/packages/caliper-samples/network/fabric-v1.4.1/kafka2o2pgoleveldb/fabric-go.yaml","root":"/home/oslab/caliper_v0.1.0/caliper/packages/caliper-samples","numb":400,"roundIdx":1,"totalClients":5,"clients":5,"clientargs":{},"clientIdx":0}

2020-09-22T13:30:20+09:00 - DEBUG [local-client.js]: doTest() with:
	{"type":"test","label":"smallOperations","rateControl":{"type":"fixed-rate","opts":{"tps":2000}},"trim":0,"args":{"accounts":400,"txnPerBatch":1},"cb":"benchmark/smallbank/smallbankOperations.js","config":"/home/oslab/caliper_v0.1.0/caliper/packages/caliper-samples/network/fabric-v1.4.1/kafka2o2pgoleveldb/fabric-go.yaml","root":"/home/oslab/caliper_v0.1.0/caliper/packages/caliper-samples","numb":400,"roundIdx":1,"totalClients":5,"clients":5,"clientargs":{},"clientIdx":3}

2020-09-22T13:30:20+09:00 - DEBUG [local-client.js]: doTest() with:
	{"type":"test","label":"smallOperations","rateControl":{"type":"fixed-rate","opts":{"tps":2000}},"trim":0,"args":{"accounts":400,"txnPerBatch":1},"cb":"benchmark/smallbank/smallbankOperations.js","config":"/home/oslab/caliper_v0.1.0/caliper/packages/caliper-samples/network/fabric-v1.4.1/kafka2o2pgoleveldb/fabric-go.yaml","root":"/home/oslab/caliper_v0.1.0/caliper/packages/caliper-samples","numb":400,"roundIdx":1,"totalClients":5,"clients":5,"clientargs":{},"clientIdx":2}

2020-09-22T13:30:20+09:00 - DEBUG [local-client.js]: doTest() with:
	{"type":"test","label":"smallOperations","rateControl":{"type":"fixed-rate","opts":{"tps":2000}},"trim":0,"args":{"accounts":400,"txnPerBatch":1},"cb":"benchmark/smallbank/smallbankOperations.js","config":"/home/oslab/caliper_v0.1.0/caliper/packages/caliper-samples/network/fabric-v1.4.1/kafka2o2pgoleveldb/fabric-go.yaml","root":"/home/oslab/caliper_v0.1.0/caliper/packages/caliper-samples","numb":400,"roundIdx":1,"totalClients":5,"clients":5,"clientargs":{},"clientIdx":1}

2020-09-22T13:30:20+09:00 - INFO [local-client.js]: txUpdateTime: 1000 

2020-09-22T13:30:20+09:00 - DEBUG [local-client.js]: doTest() with:
	{"type":"test","label":"smallOperations","rateControl":{"type":"fixed-rate","opts":{"tps":2000}},"trim":0,"args":{"accounts":400,"txnPerBatch":1},"cb":"benchmark/smallbank/smallbankOperations.js","config":"/home/oslab/caliper_v0.1.0/caliper/packages/caliper-samples/network/fabric-v1.4.1/kafka2o2pgoleveldb/fabric-go.yaml","root":"/home/oslab/caliper_v0.1.0/caliper/packages/caliper-samples","numb":400,"roundIdx":1,"totalClients":5,"clients":5,"clientargs":{},"clientIdx":4}

2020-09-22T13:30:20+09:00 - INFO [local-client.js]: txUpdateTime: 1000 

2020-09-22T13:30:20+09:00 - INFO [local-client.js]: txUpdateTime: 1000 

2020-09-22T13:30:20+09:00 - INFO [local-client.js]: txUpdateTime: 1000 

2020-09-22T13:30:20+09:00 - INFO [local-client.js]: txUpdateTime: 1000 

2020-09-22T13:30:20+09:00 - INFO [local-client.js]: Info: client 14714 start test runFixedNumber():small_bank_operations 

2020-09-22T13:30:20+09:00 - DEBUG [rateControl.js]: Creating rate controller for client#4 for round#1
	{"type":"fixed-rate","opts":{"tps":2000}}

2020-09-22T13:30:20+09:00 - INFO [local-client.js]: Info: client 14703 start test runFixedNumber():small_bank_operations 

2020-09-22T13:30:20+09:00 - DEBUG [rateControl.js]: Creating rate controller for client#2 for round#1
	{"type":"fixed-rate","opts":{"tps":2000}}

2020-09-22T13:30:20+09:00 - INFO [local-client.js]: Info: client 14692 start test runFixedNumber():small_bank_operations 

2020-09-22T13:30:20+09:00 - DEBUG [rateControl.js]: Creating rate controller for client#0 for round#1
	{"type":"fixed-rate","opts":{"tps":2000}}

2020-09-22T13:30:20+09:00 - INFO [local-client.js]: Info: client 14707 start test runFixedNumber():small_bank_operations 

2020-09-22T13:30:20+09:00 - DEBUG [rateControl.js]: Creating rate controller for client#3 for round#1
	{"type":"fixed-rate","opts":{"tps":2000}}

2020-09-22T13:30:20+09:00 - INFO [local-client.js]: Info: client 14697 start test runFixedNumber():small_bank_operations 

2020-09-22T13:30:20+09:00 - DEBUG [rateControl.js]: Creating rate controller for client#1 for round#1
	{"type":"fixed-rate","opts":{"tps":2000}}

2020-09-22T13:30:20+09:00 - INFO [demo.js]: [Transaction Info] - Submitted: 0 Succ: 0 Fail:0 Unfinished:0 

2020-09-22T13:30:21+09:00 - INFO [demo.js]: [Transaction Info] - Submitted: 524 Succ: 0 Fail:0 Unfinished:524 

2020-09-22T13:30:22+09:00 - INFO [demo.js]: [Transaction Info] - Submitted: 1212 Succ: 302 Fail:0 Unfinished:910 

2020-09-22T13:30:23+09:00 - INFO [demo.js]: [Transaction Info] - Submitted: 1889 Succ: 982 Fail:0 Unfinished:907 

2020-09-22T13:30:24+09:00 - DEBUG [report-builder]: r.create.max: 1600749023.767 r.create.min: 1600749020.611 r.final.max: 1600749024.325 r.final.min: 1600749021.864 r.final.last: 1600749024.325 

2020-09-22T13:30:24+09:00 - DEBUG [report-builder]:  throughput for only success time computed: 538.5 

2020-09-22T13:30:24+09:00 - DEBUG [report-builder]: sendTransactionProposal: 0ms length: 2000 

2020-09-22T13:30:24+09:00 - DEBUG [report-builder]: sendTransaction: 0ms 

2020-09-22T13:30:24+09:00 - DEBUG [report-builder]: invokeLatency: 0ms 

2020-09-22T13:30:24+09:00 - INFO [report-builder]: ###test result:### 

2020-09-22T13:30:24+09:00 - INFO [report-builder]: 
+-----------------+------+------+-----------+-------------+-------------+-------------+------------+
| Name            | Succ | Fail | Send Rate | Max Latency | Min Latency | Avg Latency | Throughput |
|-----------------|------|------|-----------|-------------|-------------|-------------|------------|
| smallOperations | 2000 | 0    | 633.7 tps | 1.53 s      | 0.56 s      | 1.08 s      | 538.5 tps  |
+-----------------+------+------+-----------+-------------+-------------+-------------+------------+
 

2020-09-22T13:30:24+09:00 - INFO [report-builder]: ### resource stats ### 

2020-09-22T13:30:24+09:00 - INFO [report-builder]: 
+--------+-----------------------------------+-------------+-------------+----------+----------+------------+-------------+-----------+------------+
| TYPE   | NAME                              | Memory(max) | Memory(avg) | CPU(max) | CPU(avg) | Traffic In | Traffic Out | Disc Read | Disc Write |
|--------|-----------------------------------|-------------|-------------|----------|----------|------------|-------------|-----------|------------|
| Docker | dev-peer0.org2.example.co...nk-v0 | 8.7MB       | 7.9MB       | 18.36%   | 9.18%    | 1.5MB      | 793.0KB     | 0B        | 0B         |
|--------|-----------------------------------|-------------|-------------|----------|----------|------------|-------------|-----------|------------|
| Docker | dev-peer1.org2.example.co...nk-v0 | 8.2MB       | 7.6MB       | 16.48%   | 11.10%   | 1.4MB      | 692.7KB     | 0B        | 0B         |
|--------|-----------------------------------|-------------|-------------|----------|----------|------------|-------------|-----------|------------|
| Docker | dev-peer1.org1.example.co...nk-v0 | 8.5MB       | 7.9MB       | 16.53%   | 11.21%   | 1.4MB      | 687.6KB     | 0B        | 0B         |
|--------|-----------------------------------|-------------|-------------|----------|----------|------------|-------------|-----------|------------|
| Docker | dev-peer0.org1.example.co...nk-v0 | 8.5MB       | 7.7MB       | 17.36%   | 11.68%   | 1.4MB      | 707.7KB     | 0B        | 0B         |
|--------|-----------------------------------|-------------|-------------|----------|----------|------------|-------------|-----------|------------|
| Docker | dev-peer0.org2.example.co...le-v0 | 6.8MB       | 6.8MB       | 0.00%    | 0.00%    | 0B         | 0B          | 0B        | 0B         |
|--------|-----------------------------------|-------------|-------------|----------|----------|------------|-------------|-----------|------------|
| Docker | dev-peer1.org1.example.co...le-v0 | 6.5MB       | 6.5MB       | 0.00%    | 0.00%    | 0B         | 0B          | 0B        | 0B         |
|--------|-----------------------------------|-------------|-------------|----------|----------|------------|-------------|-----------|------------|
| Docker | dev-peer1.org2.example.co...le-v0 | 6.8MB       | 6.8MB       | 0.00%    | 0.00%    | 70B        | 0B          | 0B        | 0B         |
|--------|-----------------------------------|-------------|-------------|----------|----------|------------|-------------|-----------|------------|
| Docker | dev-peer0.org1.example.co...le-v0 | 6.8MB       | 6.8MB       | 0.00%    | 0.00%    | 0B         | 0B          | 0B        | 0B         |
|--------|-----------------------------------|-------------|-------------|----------|----------|------------|-------------|-----------|------------|
| Docker | dev-peer1.org2.example.co...rm-v0 | 6.8MB       | 6.8MB       | 0.00%    | 0.00%    | 0B         | 0B          | 0B        | 0B         |
|--------|-----------------------------------|-------------|-------------|----------|----------|------------|-------------|-----------|------------|
| Docker | dev-peer1.org1.example.co...rm-v0 | 7.1MB       | 7.1MB       | 0.00%    | 0.00%    | 0B         | 0B          | 0B        | 0B         |
|--------|-----------------------------------|-------------|-------------|----------|----------|------------|-------------|-----------|------------|
| Docker | dev-peer0.org2.example.co...rm-v0 | 6.9MB       | 6.9MB       | 0.00%    | 0.00%    | 0B         | 0B          | 0B        | 0B         |
|--------|-----------------------------------|-------------|-------------|----------|----------|------------|-------------|-----------|------------|
| Docker | dev-peer0.org1.example.co...rm-v0 | 7.0MB       | 7.0MB       | 0.00%    | 0.00%    | 0B         | 0B          | 0B        | 0B         |
|--------|-----------------------------------|-------------|-------------|----------|----------|------------|-------------|-----------|------------|
| Docker | dev-peer1.org2.example.co...es-v0 | 6.9MB       | 6.9MB       | 0.00%    | 0.00%    | 0B         | 0B          | 0B        | 0B         |
|--------|-----------------------------------|-------------|-------------|----------|----------|------------|-------------|-----------|------------|
| Docker | dev-peer0.org1.example.co...es-v0 | 7.0MB       | 7.0MB       | 0.01%    | 0.00%    | 0B         | 0B          | 0B        | 0B         |
|--------|-----------------------------------|-------------|-------------|----------|----------|------------|-------------|-----------|------------|
| Docker | dev-peer1.org1.example.co...es-v0 | 7.0MB       | 7.0MB       | 0.00%    | 0.00%    | 203B       | 0B          | 0B        | 0B         |
|--------|-----------------------------------|-------------|-------------|----------|----------|------------|-------------|-----------|------------|
| Docker | dev-peer0.org2.example.co...es-v0 | 7.2MB       | 7.2MB       | 0.00%    | 0.00%    | 203B       | 0B          | 0B        | 0B         |
|--------|-----------------------------------|-------------|-------------|----------|----------|------------|-------------|-----------|------------|
| Docker | peer0.org1.example.com            | 182.7MB     | 168.3MB     | 212.19%  | 121.87%  | 7.1MB      | 2.8MB       | 56.0KB    | 10.4MB     |
|--------|-----------------------------------|-------------|-------------|----------|----------|------------|-------------|-----------|------------|
| Docker | peer0.org2.example.com            | 181.9MB     | 173.5MB     | 217.69%  | 122.49%  | 7.1MB      | 2.9MB       | 0B        | 10.4MB     |
|--------|-----------------------------------|-------------|-------------|----------|----------|------------|-------------|-----------|------------|
| Docker | peer1.org2.example.com            | 236.6MB     | 232.9MB     | 214.33%  | 118.27%  | 7.1MB      | 2.8MB       | 128.0KB   | 10.4MB     |
|--------|-----------------------------------|-------------|-------------|----------|----------|------------|-------------|-----------|------------|
| Docker | peer1.org1.example.com            | 182.1MB     | 166.2MB     | 217.07%  | 121.18%  | 7.0MB      | 2.7MB       | 0B        | 10.4MB     |
|--------|-----------------------------------|-------------|-------------|----------|----------|------------|-------------|-----------|------------|
| Docker | orderer1.example.com              | 67.8MB      | 53.0MB      | 100.29%  | 59.77%   | 9.8MB      | 14.1MB      | 0B        | 14.4MB     |
|--------|-----------------------------------|-------------|-------------|----------|----------|------------|-------------|-----------|------------|
| Docker | orderer0.example.com              | 49.3MB      | 34.4MB      | 115.35%  | 67.55%   | 9.7MB      | 14.1MB      | 100.0KB   | 14.4MB     |
|--------|-----------------------------------|-------------|-------------|----------|----------|------------|-------------|-----------|------------|
| Docker | kafka0                            | 336.6MB     | 332.1MB     | 24.29%   | 19.67%   | 6.6MB      | 161.3KB     | 0B        | 4.0KB      |
|--------|-----------------------------------|-------------|-------------|----------|----------|------------|-------------|-----------|------------|
| Docker | kafka2                            | 389.1MB     | 381.3MB     | 148.10%  | 110.63%  | 6.2MB      | 23.7MB      | 0B        | 4.0KB      |
|--------|-----------------------------------|-------------|-------------|----------|----------|------------|-------------|-----------|------------|
| Docker | kafka3                            | 359.9MB     | 355.1MB     | 34.49%   | 25.43%   | 6.0MB      | 150.1KB     | 0B        | 4.0KB      |
|--------|-----------------------------------|-------------|-------------|----------|----------|------------|-------------|-----------|------------|
| Docker | kafka1                            | 304.0MB     | 304.0MB     | 0.71%    | 0.57%    | 172B       | 288B        | 0B        | 0B         |
|--------|-----------------------------------|-------------|-------------|----------|----------|------------|-------------|-----------|------------|
| Docker | ca.org1.example.com               | 10.3MB      | 10.3MB      | 0.00%    | 0.00%    | 0B         | 0B          | 0B        | 0B         |
|--------|-----------------------------------|-------------|-------------|----------|----------|------------|-------------|-----------|------------|
| Docker | zookeeper1                        | 85.8MB      | 85.8MB      | 0.59%    | 0.35%    | 600B       | 368B        | 0B        | 0B         |
|--------|-----------------------------------|-------------|-------------|----------|----------|------------|-------------|-----------|------------|
| Docker | ca.org2.example.com               | 29.5MB      | 29.5MB      | 0.00%    | 0.00%    | 0B         | 0B          | 0B        | 0B         |
|--------|-----------------------------------|-------------|-------------|----------|----------|------------|-------------|-----------|------------|
| Docker | zookeeper0                        | 60.3MB      | 60.3MB      | 0.19%    | 0.18%    | 888B       | 576B        | 0B        | 0B         |
|--------|-----------------------------------|-------------|-------------|----------|----------|------------|-------------|-----------|------------|
| Docker | zookeeper2                        | 52.4MB      | 52.4MB      | 0.15%    | 0.12%    | 600B       | 912B        | 0B        | 0B         |
+--------+-----------------------------------+-------------+-------------+----------+----------+------------+-------------+-----------+------------+
 

2020-09-22T13:30:24+09:00 - INFO [defaultTest]: ------ Passed 'smallOperations' testing ------ 

2020-09-22T13:30:24+09:00 - INFO [caliper-flow]: ---------- Finished Test ----------
 

2020-09-22T13:30:24+09:00 - INFO [report-builder]: ###all test results:### 

2020-09-22T13:30:24+09:00 - INFO [report-builder]: 
+------+-----------------+------+------+-----------+-------------+-------------+-------------+------------+
| Test | Name            | Succ | Fail | Send Rate | Max Latency | Min Latency | Avg Latency | Throughput |
|------|-----------------|------|------|-----------|-------------|-------------|-------------|------------|
| 1    | smallOperations | 2000 | 0    | 633.7 tps | 1.53 s      | 0.56 s      | 1.08 s      | 538.5 tps  |
+------+-----------------+------+------+-----------+-------------+-------------+-------------+------------+
 

2020-09-22T13:30:24+09:00 - INFO [monitor.js]: 
 ### resource stats (maximum) ### 

2020-09-22T13:30:24+09:00 - INFO [monitor.js]: 
+--------+-----------------------------------+-------------+----------+------------+-------------+-----------+------------+
| TYPE   | NAME                              | Memory(max) | CPU(max) | Traffic In | Traffic Out | Disc Read | Disc Write |
|--------|-----------------------------------|-------------|----------|------------|-------------|-----------|------------|
| Docker | dev-peer0.org2.example.co...nk-v0 | 8.7MB       | 18.36%   | 1.5MB      | 793.0KB     | 0B        | 0B         |
|--------|-----------------------------------|-------------|----------|------------|-------------|-----------|------------|
| Docker | dev-peer1.org2.example.co...nk-v0 | 8.2MB       | 16.48%   | 1.4MB      | 692.7KB     | 0B        | 0B         |
|--------|-----------------------------------|-------------|----------|------------|-------------|-----------|------------|
| Docker | dev-peer1.org1.example.co...nk-v0 | 8.5MB       | 16.53%   | 1.4MB      | 687.6KB     | 0B        | 0B         |
|--------|-----------------------------------|-------------|----------|------------|-------------|-----------|------------|
| Docker | dev-peer0.org1.example.co...nk-v0 | 8.5MB       | 17.36%   | 1.4MB      | 707.7KB     | 0B        | 0B         |
|--------|-----------------------------------|-------------|----------|------------|-------------|-----------|------------|
| Docker | dev-peer0.org2.example.co...le-v0 | 6.8MB       | 0.00%    | 0B         | 0B          | 0B        | 0B         |
|--------|-----------------------------------|-------------|----------|------------|-------------|-----------|------------|
| Docker | dev-peer1.org1.example.co...le-v0 | 6.5MB       | 0.00%    | 0B         | 0B          | 0B        | 0B         |
|--------|-----------------------------------|-------------|----------|------------|-------------|-----------|------------|
| Docker | dev-peer1.org2.example.co...le-v0 | 6.8MB       | 0.00%    | 70B        | 0B          | 0B        | 0B         |
|--------|-----------------------------------|-------------|----------|------------|-------------|-----------|------------|
| Docker | dev-peer0.org1.example.co...le-v0 | 6.8MB       | 0.00%    | 0B         | 0B          | 0B        | 0B         |
|--------|-----------------------------------|-------------|----------|------------|-------------|-----------|------------|
| Docker | dev-peer1.org2.example.co...rm-v0 | 6.8MB       | 0.00%    | 0B         | 0B          | 0B        | 0B         |
|--------|-----------------------------------|-------------|----------|------------|-------------|-----------|------------|
| Docker | dev-peer1.org1.example.co...rm-v0 | 7.1MB       | 0.00%    | 0B         | 0B          | 0B        | 0B         |
|--------|-----------------------------------|-------------|----------|------------|-------------|-----------|------------|
| Docker | dev-peer0.org2.example.co...rm-v0 | 6.9MB       | 0.00%    | 0B         | 0B          | 0B        | 0B         |
|--------|-----------------------------------|-------------|----------|------------|-------------|-----------|------------|
| Docker | dev-peer0.org1.example.co...rm-v0 | 7.0MB       | 0.00%    | 0B         | 0B          | 0B        | 0B         |
|--------|-----------------------------------|-------------|----------|------------|-------------|-----------|------------|
| Docker | dev-peer1.org2.example.co...es-v0 | 6.9MB       | 0.00%    | 0B         | 0B          | 0B        | 0B         |
|--------|-----------------------------------|-------------|----------|------------|-------------|-----------|------------|
| Docker | dev-peer0.org1.example.co...es-v0 | 7.0MB       | 0.01%    | 0B         | 0B          | 0B        | 0B         |
|--------|-----------------------------------|-------------|----------|------------|-------------|-----------|------------|
| Docker | dev-peer1.org1.example.co...es-v0 | 7.0MB       | 0.00%    | 203B       | 0B          | 0B        | 0B         |
|--------|-----------------------------------|-------------|----------|------------|-------------|-----------|------------|
| Docker | dev-peer0.org2.example.co...es-v0 | 7.2MB       | 0.00%    | 203B       | 0B          | 0B        | 0B         |
|--------|-----------------------------------|-------------|----------|------------|-------------|-----------|------------|
| Docker | peer0.org1.example.com            | 182.7MB     | 212.19%  | 7.1MB      | 2.8MB       | 56.0KB    | 10.4MB     |
|--------|-----------------------------------|-------------|----------|------------|-------------|-----------|------------|
| Docker | peer0.org2.example.com            | 181.9MB     | 217.69%  | 7.1MB      | 2.9MB       | 0B        | 10.4MB     |
|--------|-----------------------------------|-------------|----------|------------|-------------|-----------|------------|
| Docker | peer1.org2.example.com            | 236.6MB     | 214.33%  | 7.1MB      | 2.8MB       | 128.0KB   | 10.4MB     |
|--------|-----------------------------------|-------------|----------|------------|-------------|-----------|------------|
| Docker | peer1.org1.example.com            | 182.1MB     | 217.07%  | 7.0MB      | 2.7MB       | 0B        | 10.4MB     |
|--------|-----------------------------------|-------------|----------|------------|-------------|-----------|------------|
| Docker | orderer1.example.com              | 67.8MB      | 100.29%  | 9.8MB      | 14.1MB      | 0B        | 14.4MB     |
|--------|-----------------------------------|-------------|----------|------------|-------------|-----------|------------|
| Docker | orderer0.example.com              | 49.3MB      | 115.35%  | 9.7MB      | 14.1MB      | 100.0KB   | 14.4MB     |
|--------|-----------------------------------|-------------|----------|------------|-------------|-----------|------------|
| Docker | kafka0                            | 336.6MB     | 24.29%   | 6.6MB      | 161.3KB     | 0B        | 4.0KB      |
|--------|-----------------------------------|-------------|----------|------------|-------------|-----------|------------|
| Docker | kafka2                            | 389.1MB     | 148.10%  | 6.2MB      | 23.7MB      | 0B        | 4.0KB      |
|--------|-----------------------------------|-------------|----------|------------|-------------|-----------|------------|
| Docker | kafka3                            | 359.9MB     | 34.49%   | 6.0MB      | 150.1KB     | 0B        | 4.0KB      |
|--------|-----------------------------------|-------------|----------|------------|-------------|-----------|------------|
| Docker | kafka1                            | 304.0MB     | 0.71%    | 172B       | 288B        | 0B        | 0B         |
|--------|-----------------------------------|-------------|----------|------------|-------------|-----------|------------|
| Docker | ca.org1.example.com               | 10.3MB      | 0.00%    | 0B         | 0B          | 0B        | 0B         |
|--------|-----------------------------------|-------------|----------|------------|-------------|-----------|------------|
| Docker | zookeeper1                        | 85.8MB      | 0.59%    | 600B       | 368B        | 0B        | 0B         |
|--------|-----------------------------------|-------------|----------|------------|-------------|-----------|------------|
| Docker | ca.org2.example.com               | 29.5MB      | 0.00%    | 0B         | 0B          | 0B        | 0B         |
|--------|-----------------------------------|-------------|----------|------------|-------------|-----------|------------|
| Docker | zookeeper0                        | 60.3MB      | 0.19%    | 888B       | 576B        | 0B        | 0B         |
|--------|-----------------------------------|-------------|----------|------------|-------------|-----------|------------|
| Docker | zookeeper2                        | 52.4MB      | 0.15%    | 600B       | 912B        | 0B        | 0B         |
+--------+-----------------------------------+-------------+----------+------------+-------------+-----------+------------+
 

2020-09-22T13:30:24+09:00 - INFO [caliper-flow]: Generated report with path /home/oslab/caliper_v0.1.0/report-20200922T043024.html 

2020-09-22T13:30:24+09:00 - INFO [demo.js]: [Transaction Info] - Submitted: 2000 Succ: 2000 Fail:0 Unfinished:0 

2020-09-22T13:30:24+09:00 - INFO [caliper-flow]: 

#######################################
# Test summary: 1 succeeded, 0 failed #
#######################################
 

2020-09-22T13:30:24+09:00 - INFO [caliper-utils]: Executing command: cd /home/oslab/caliper_v0.1.0/caliper/packages/caliper-samples;docker-compose -f network/fabric-v1.4.1/kafka2o2pgoleveldb/docker-compose.yaml down;(test -z \"$(docker ps -aq)\") || docker rm $(docker ps -aq);(test -z \"$(docker images dev* -q)\") || docker rmi $(docker images dev* -q);rm -rf /tmp/hfc-* 

2020-09-22T13:30:24+09:00 - INFO [client-util.js]: Client exited with code null 

2020-09-22T13:30:24+09:00 - INFO [client-util.js]: Client exited with code null 

2020-09-22T13:30:24+09:00 - INFO [client-util.js]: Client exited with code null 

2020-09-22T13:30:24+09:00 - INFO [client-util.js]: Client exited with code null 

2020-09-22T13:30:24+09:00 - INFO [client-util.js]: Client exited with code null 

