2020-03-02T13:15:35+09:00 - DEBUG Constructed a winston logger with the specified targets:
	{"consolelogger":{"target":"console","level":"info"},"filelogger":{"target":"daily-rotate-file","level":"debug","filename":"log/caliper-%DATE%.log","datePattern":"YYYY-MM-DD-HH","maxSize":"5m","zippedArchive":true}}

2020-03-02T13:15:36+09:00 - INFO [caliper-flow]: ####### Caliper Test ####### 

2020-03-02T13:15:36+09:00 - INFO [caliper-utils]: Executing command: cd /home/oslab/caliper-benchmarks/caliper/packages/caliper-samples;docker-compose -f network/fabric-v1.4.1/kafka2o2pgoleveldb/docker-compose.yaml up -d;sleep 3s 

2020-03-02T13:15:59+09:00 - INFO [adapters/fabric]: Fabric SDK version: 1.4.4; TLS: none 

2020-03-02T13:15:59+09:00 - INFO [adapters/fabric]: Org1's registrar enrolled successfully 

2020-03-02T13:16:00+09:00 - INFO [adapters/fabric]: Org2's registrar enrolled successfully 

2020-03-02T13:16:00+09:00 - INFO [adapters/fabric]: Org1's admin's materials are successfully loaded 

2020-03-02T13:16:00+09:00 - INFO [adapters/fabric]: Org2's admin's materials are successfully loaded 

2020-03-02T13:16:00+09:00 - INFO [adapters/fabric]: client0.org1.example.com's materials are successfully loaded 

2020-03-02T13:16:00+09:00 - INFO [adapters/fabric]: client0.org2.example.com's materials are successfully loaded 

2020-03-02T13:16:00+09:00 - INFO [adapters/fabric]: Channel 'mychannel' definiton being retrieved from file 

2020-03-02T13:16:00+09:00 - INFO [adapters/fabric]: Channel 'mychannel' successfully created 

2020-03-02T13:16:00+09:00 - INFO [adapters/fabric]: Sleeping 5s... 

2020-03-02T13:16:05+09:00 - INFO [adapters/fabric]: Org1's peers successfully joined mychannel: peer0.org1.example.com,peer1.org1.example.com 

2020-03-02T13:16:05+09:00 - INFO [adapters/fabric]: Org2's peers successfully joined mychannel: peer0.org2.example.com,peer1.org2.example.com 

2020-03-02T13:16:05+09:00 - INFO [adapters/fabric]: Sleeping 5s... 

2020-03-02T13:16:10+09:00 - INFO [adapters/fabric]: Installing chaincodes for mychannel... 

2020-03-02T13:16:10+09:00 - INFO [adapters/fabric]: marbles@v0 successfully installed on Org1's peers: peer0.org1.example.com,peer1.org1.example.com 

2020-03-02T13:16:10+09:00 - INFO [adapters/fabric]: marbles@v0 successfully installed on Org2's peers: peer0.org2.example.com,peer1.org2.example.com 

2020-03-02T13:16:10+09:00 - INFO [adapters/fabric]: drm@v0 successfully installed on Org1's peers: peer0.org1.example.com,peer1.org1.example.com 

2020-03-02T13:16:10+09:00 - INFO [adapters/fabric]: drm@v0 successfully installed on Org2's peers: peer0.org2.example.com,peer1.org2.example.com 

2020-03-02T13:16:10+09:00 - INFO [adapters/fabric]: simple@v0 successfully installed on Org1's peers: peer0.org1.example.com,peer1.org1.example.com 

2020-03-02T13:16:11+09:00 - INFO [adapters/fabric]: simple@v0 successfully installed on Org2's peers: peer0.org2.example.com,peer1.org2.example.com 

2020-03-02T13:16:11+09:00 - INFO [adapters/fabric]: smallbank@v0 successfully installed on Org1's peers: peer0.org1.example.com,peer1.org1.example.com 

2020-03-02T13:16:11+09:00 - INFO [adapters/fabric]: smallbank@v0 successfully installed on Org2's peers: peer0.org2.example.com,peer1.org2.example.com 

2020-03-02T13:16:11+09:00 - INFO [adapters/fabric]: Instantiating marbles@v0 in mychannel. This might take some time... 

2020-03-02T13:16:28+09:00 - INFO [adapters/fabric]: Successfully instantiated marbles@v0 in mychannel 

2020-03-02T13:16:28+09:00 - INFO [adapters/fabric]: Instantiating drm@v0 in mychannel. This might take some time... 

2020-03-02T13:16:46+09:00 - INFO [adapters/fabric]: Successfully instantiated drm@v0 in mychannel 

2020-03-02T13:16:46+09:00 - INFO [adapters/fabric]: Instantiating simple@v0 in mychannel. This might take some time... 

2020-03-02T13:17:04+09:00 - INFO [adapters/fabric]: Successfully instantiated simple@v0 in mychannel 

2020-03-02T13:17:04+09:00 - INFO [adapters/fabric]: Instantiating smallbank@v0 in mychannel. This might take some time... 

2020-03-02T13:17:22+09:00 - INFO [adapters/fabric]: Successfully instantiated smallbank@v0 in mychannel 

2020-03-02T13:17:22+09:00 - INFO [adapters/fabric]: Sleeping 5s... 

2020-03-02T13:17:27+09:00 - INFO [caliper-flow]: Started monitor successfully 

2020-03-02T13:17:27+09:00 - INFO [defaultTest]: ####### Testing 'smallOperations' ####### 

2020-03-02T13:17:27+09:00 - INFO [defaultTest]: ------ Test round 1 ------ 

2020-03-02T13:17:27+09:00 - INFO [client-util.js]: Launching client with PID  19343 

2020-03-02T13:17:27+09:00 - INFO [client-util.js]: Launching client with PID  19348 

2020-03-02T13:17:27+09:00 - INFO [client-util.js]: Launching client with PID  19354 

2020-03-02T13:17:27+09:00 - INFO [client-util.js]: Launching client with PID  19355 

2020-03-02T13:17:27+09:00 - INFO [client-util.js]: Launching client with PID  19366 

2020-03-02T13:17:27+09:00 - INFO [client-util.js]: Waiting for 5 clients to be ready...  

2020-03-02T13:17:28+09:00 - INFO [demo.js]: [Transaction Info] - Submitted: 0 Succ: 0 Fail:0 Unfinished:0 

2020-03-02T13:17:27+09:00 - DEBUG Constructed a winston logger with the specified targets:
	{"consolelogger":{"target":"console","level":"info"},"filelogger":{"target":"daily-rotate-file","level":"debug","filename":"log/caliper-%DATE%.log","datePattern":"YYYY-MM-DD-HH","maxSize":"5m","zippedArchive":true}}

2020-03-02T13:17:27+09:00 - DEBUG Constructed a winston logger with the specified targets:
	{"consolelogger":{"target":"console","level":"info"},"filelogger":{"target":"daily-rotate-file","level":"debug","filename":"log/caliper-%DATE%.log","datePattern":"YYYY-MM-DD-HH","maxSize":"5m","zippedArchive":true}}

2020-03-02T13:17:27+09:00 - DEBUG Constructed a winston logger with the specified targets:
	{"consolelogger":{"target":"console","level":"info"},"filelogger":{"target":"daily-rotate-file","level":"debug","filename":"log/caliper-%DATE%.log","datePattern":"YYYY-MM-DD-HH","maxSize":"5m","zippedArchive":true}}

2020-03-02T13:17:27+09:00 - DEBUG Constructed a winston logger with the specified targets:
	{"consolelogger":{"target":"console","level":"info"},"filelogger":{"target":"daily-rotate-file","level":"debug","filename":"log/caliper-%DATE%.log","datePattern":"YYYY-MM-DD-HH","maxSize":"5m","zippedArchive":true}}

2020-03-02T13:17:27+09:00 - DEBUG Constructed a winston logger with the specified targets:
	{"consolelogger":{"target":"console","level":"info"},"filelogger":{"target":"daily-rotate-file","level":"debug","filename":"log/caliper-%DATE%.log","datePattern":"YYYY-MM-DD-HH","maxSize":"5m","zippedArchive":true}}

2020-03-02T13:17:28+09:00 - INFO [client-util.js]: Client ready message recieved 

2020-03-02T13:17:28+09:00 - INFO [fabric/fabricClientWorker]: Client ready 

2020-03-02T13:17:28+09:00 - INFO [client-util.js]: Client ready message recieved 

2020-03-02T13:17:28+09:00 - INFO [fabric/fabricClientWorker]: Client ready 

2020-03-02T13:17:28+09:00 - INFO [client-util.js]: Client ready message recieved 

2020-03-02T13:17:28+09:00 - INFO [fabric/fabricClientWorker]: Client ready 

2020-03-02T13:17:28+09:00 - INFO [client-util.js]: Client ready message recieved 

2020-03-02T13:17:28+09:00 - INFO [fabric/fabricClientWorker]: Client ready 

2020-03-02T13:17:28+09:00 - INFO [client-util.js]: Client ready message recieved 

2020-03-02T13:17:28+09:00 - INFO [client-util.js]: 5 clients ready, starting test phase 

2020-03-02T13:17:28+09:00 - INFO [fabric/fabricClientWorker]: Client ready 

2020-03-02T13:17:28+09:00 - DEBUG [local-client.js]: doTest() with:
	{"type":"test","label":"smallOperations","rateControl":{"type":"fixed-rate","opts":{"tps":1000}},"trim":0,"args":{"accounts":400,"txnPerBatch":1},"cb":"benchmark/smallbank/smallbankOperations.js","config":"/home/oslab/caliper-benchmarks/caliper/packages/caliper-samples/network/fabric-v1.4.1/kafka2o2pgoleveldb/fabric-go.yaml","root":"/home/oslab/caliper-benchmarks/caliper/packages/caliper-samples","numb":200,"roundIdx":1,"totalClients":5,"clients":5,"clientargs":{},"clientIdx":3}

2020-03-02T13:17:28+09:00 - DEBUG [local-client.js]: doTest() with:
	{"type":"test","label":"smallOperations","rateControl":{"type":"fixed-rate","opts":{"tps":1000}},"trim":0,"args":{"accounts":400,"txnPerBatch":1},"cb":"benchmark/smallbank/smallbankOperations.js","config":"/home/oslab/caliper-benchmarks/caliper/packages/caliper-samples/network/fabric-v1.4.1/kafka2o2pgoleveldb/fabric-go.yaml","root":"/home/oslab/caliper-benchmarks/caliper/packages/caliper-samples","numb":200,"roundIdx":1,"totalClients":5,"clients":5,"clientargs":{},"clientIdx":2}

2020-03-02T13:17:28+09:00 - DEBUG [local-client.js]: doTest() with:
	{"type":"test","label":"smallOperations","rateControl":{"type":"fixed-rate","opts":{"tps":1000}},"trim":0,"args":{"accounts":400,"txnPerBatch":1},"cb":"benchmark/smallbank/smallbankOperations.js","config":"/home/oslab/caliper-benchmarks/caliper/packages/caliper-samples/network/fabric-v1.4.1/kafka2o2pgoleveldb/fabric-go.yaml","root":"/home/oslab/caliper-benchmarks/caliper/packages/caliper-samples","numb":200,"roundIdx":1,"totalClients":5,"clients":5,"clientargs":{},"clientIdx":0}

2020-03-02T13:17:28+09:00 - DEBUG [local-client.js]: doTest() with:
	{"type":"test","label":"smallOperations","rateControl":{"type":"fixed-rate","opts":{"tps":1000}},"trim":0,"args":{"accounts":400,"txnPerBatch":1},"cb":"benchmark/smallbank/smallbankOperations.js","config":"/home/oslab/caliper-benchmarks/caliper/packages/caliper-samples/network/fabric-v1.4.1/kafka2o2pgoleveldb/fabric-go.yaml","root":"/home/oslab/caliper-benchmarks/caliper/packages/caliper-samples","numb":200,"roundIdx":1,"totalClients":5,"clients":5,"clientargs":{},"clientIdx":1}

2020-03-02T13:17:28+09:00 - DEBUG [local-client.js]: doTest() with:
	{"type":"test","label":"smallOperations","rateControl":{"type":"fixed-rate","opts":{"tps":1000}},"trim":0,"args":{"accounts":400,"txnPerBatch":1},"cb":"benchmark/smallbank/smallbankOperations.js","config":"/home/oslab/caliper-benchmarks/caliper/packages/caliper-samples/network/fabric-v1.4.1/kafka2o2pgoleveldb/fabric-go.yaml","root":"/home/oslab/caliper-benchmarks/caliper/packages/caliper-samples","numb":200,"roundIdx":1,"totalClients":5,"clients":5,"clientargs":{},"clientIdx":4}

2020-03-02T13:17:28+09:00 - INFO [local-client.js]: txUpdateTime: 1000 

2020-03-02T13:17:28+09:00 - INFO [local-client.js]: txUpdateTime: 1000 

2020-03-02T13:17:28+09:00 - INFO [local-client.js]: txUpdateTime: 1000 

2020-03-02T13:17:28+09:00 - INFO [local-client.js]: txUpdateTime: 1000 

2020-03-02T13:17:28+09:00 - INFO [local-client.js]: txUpdateTime: 1000 

2020-03-02T13:17:29+09:00 - INFO [local-client.js]: Info: client 19343 start test runFixedNumber():small_bank_operations 

2020-03-02T13:17:29+09:00 - DEBUG [rateControl.js]: Creating rate controller for client#0 for round#1
	{"type":"fixed-rate","opts":{"tps":1000}}

2020-03-02T13:17:29+09:00 - INFO [local-client.js]: Info: client 19354 start test runFixedNumber():small_bank_operations 

2020-03-02T13:17:29+09:00 - DEBUG [rateControl.js]: Creating rate controller for client#2 for round#1
	{"type":"fixed-rate","opts":{"tps":1000}}

2020-03-02T13:17:29+09:00 - INFO [local-client.js]: Info: client 19366 start test runFixedNumber():small_bank_operations 

2020-03-02T13:17:29+09:00 - DEBUG [rateControl.js]: Creating rate controller for client#4 for round#1
	{"type":"fixed-rate","opts":{"tps":1000}}

2020-03-02T13:17:29+09:00 - INFO [local-client.js]: Info: client 19355 start test runFixedNumber():small_bank_operations 

2020-03-02T13:17:29+09:00 - INFO [local-client.js]: Info: client 19348 start test runFixedNumber():small_bank_operations 

2020-03-02T13:17:29+09:00 - DEBUG [rateControl.js]: Creating rate controller for client#3 for round#1
	{"type":"fixed-rate","opts":{"tps":1000}}

2020-03-02T13:17:29+09:00 - DEBUG [rateControl.js]: Creating rate controller for client#1 for round#1
	{"type":"fixed-rate","opts":{"tps":1000}}

2020-03-02T13:17:29+09:00 - INFO [demo.js]: [Transaction Info] - Submitted: 0 Succ: 0 Fail:0 Unfinished:0 

2020-03-02T13:17:30+09:00 - INFO [demo.js]: [Transaction Info] - Submitted: 481 Succ: 200 Fail:0 Unfinished:281 

2020-03-02T13:17:31+09:00 - INFO [demo.js]: [Transaction Info] - Submitted: 1000 Succ: 550 Fail:0 Unfinished:450 

2020-03-02T13:17:32+09:00 - DEBUG [report-builder]: r.create.max: 1583122650.707 r.create.min: 1583122649.027 r.final.max: 1583122651.929 r.final.min: 1583122649.428 r.final.last: 1583122651.929 

2020-03-02T13:17:32+09:00 - DEBUG [report-builder]:  throughput for only success time computed: 344.6 

2020-03-02T13:17:32+09:00 - DEBUG [report-builder]: sendTransactionProposal: 0ms length: 1000 

2020-03-02T13:17:32+09:00 - DEBUG [report-builder]: sendTransaction: 0ms 

2020-03-02T13:17:32+09:00 - DEBUG [report-builder]: invokeLatency: 0ms 

2020-03-02T13:17:32+09:00 - INFO [report-builder]: ###test result:### 

2020-03-02T13:17:32+09:00 - INFO [report-builder]: 
+-----------------+------+------+-----------+-------------+-------------+-------------+------------+
| Name            | Succ | Fail | Send Rate | Max Latency | Min Latency | Avg Latency | Throughput |
|-----------------|------|------|-----------|-------------|-------------|-------------|------------|
| smallOperations | 1000 | 0    | 595.2 tps | 1.32 s      | 0.30 s      | 0.83 s      | 344.6 tps  |
+-----------------+------+------+-----------+-------------+-------------+-------------+------------+
 

2020-03-02T13:17:32+09:00 - INFO [report-builder]: ### resource stats ### 

2020-03-02T13:17:32+09:00 - INFO [report-builder]: 
+--------+-----------------------------------+-------------+-------------+----------+----------+------------+-------------+-----------+------------+
| TYPE   | NAME                              | Memory(max) | Memory(avg) | CPU(max) | CPU(avg) | Traffic In | Traffic Out | Disc Read | Disc Write |
|--------|-----------------------------------|-------------|-------------|----------|----------|------------|-------------|-----------|------------|
| Docker | dev-peer0.org2.example.co...nk-v0 | 7.6MB       | 7.1MB       | 17.90%   | 8.95%    | 757.1KB    | 383.5KB     | 0B        | 0B         |
|--------|-----------------------------------|-------------|-------------|----------|----------|------------|-------------|-----------|------------|
| Docker | dev-peer1.org2.example.co...nk-v0 | 8.1MB       | 7.5MB       | 18.52%   | 9.26%    | 766.5KB    | 391.5KB     | 0B        | 0B         |
|--------|-----------------------------------|-------------|-------------|----------|----------|------------|-------------|-----------|------------|
| Docker | dev-peer1.org1.example.co...nk-v0 | 8.4MB       | 7.7MB       | 19.56%   | 9.78%    | 766.6KB    | 390.6KB     | 0B        | 0B         |
|--------|-----------------------------------|-------------|-------------|----------|----------|------------|-------------|-----------|------------|
| Docker | dev-peer0.org1.example.co...nk-v0 | 7.8MB       | 7.3MB       | 18.33%   | 9.16%    | 763.8KB    | 395.6KB     | 0B        | 0B         |
|--------|-----------------------------------|-------------|-------------|----------|----------|------------|-------------|-----------|------------|
| Docker | dev-peer1.org1.example.co...le-v0 | 6.7MB       | 6.7MB       | 0.00%    | 0.00%    | 42B        | 0B          | 0B        | 0B         |
|--------|-----------------------------------|-------------|-------------|----------|----------|------------|-------------|-----------|------------|
| Docker | dev-peer0.org2.example.co...le-v0 | 6.6MB       | 6.6MB       | 0.00%    | 0.00%    | 42B        | 0B          | 0B        | 0B         |
|--------|-----------------------------------|-------------|-------------|----------|----------|------------|-------------|-----------|------------|
| Docker | dev-peer0.org1.example.co...le-v0 | 6.9MB       | 6.9MB       | 0.00%    | 0.00%    | 42B        | 0B          | 0B        | 0B         |
|--------|-----------------------------------|-------------|-------------|----------|----------|------------|-------------|-----------|------------|
| Docker | dev-peer1.org2.example.co...le-v0 | 6.9MB       | 6.9MB       | 0.00%    | 0.00%    | 42B        | 0B          | 0B        | 0B         |
|--------|-----------------------------------|-------------|-------------|----------|----------|------------|-------------|-----------|------------|
| Docker | dev-peer0.org1.example.co...rm-v0 | 7.0MB       | 7.0MB       | 0.00%    | 0.00%    | 42B        | 0B          | 0B        | 0B         |
|--------|-----------------------------------|-------------|-------------|----------|----------|------------|-------------|-----------|------------|
| Docker | dev-peer1.org2.example.co...rm-v0 | 7.0MB       | 7.0MB       | 0.00%    | 0.00%    | 42B        | 0B          | 0B        | 0B         |
|--------|-----------------------------------|-------------|-------------|----------|----------|------------|-------------|-----------|------------|
| Docker | dev-peer1.org1.example.co...rm-v0 | 6.6MB       | 6.6MB       | 0.00%    | 0.00%    | 42B        | 0B          | 0B        | 0B         |
|--------|-----------------------------------|-------------|-------------|----------|----------|------------|-------------|-----------|------------|
| Docker | dev-peer0.org2.example.co...rm-v0 | 7.2MB       | 7.2MB       | 0.00%    | 0.00%    | 42B        | 0B          | 0B        | 0B         |
|--------|-----------------------------------|-------------|-------------|----------|----------|------------|-------------|-----------|------------|
| Docker | dev-peer0.org2.example.co...es-v0 | 6.8MB       | 6.8MB       | 0.00%    | 0.00%    | 42B        | 0B          | 0B        | 0B         |
|--------|-----------------------------------|-------------|-------------|----------|----------|------------|-------------|-----------|------------|
| Docker | dev-peer1.org2.example.co...es-v0 | 6.7MB       | 6.7MB       | 0.01%    | 0.01%    | 112B       | 0B          | 0B        | 0B         |
|--------|-----------------------------------|-------------|-------------|----------|----------|------------|-------------|-----------|------------|
| Docker | dev-peer0.org1.example.co...es-v0 | 6.9MB       | 6.9MB       | 0.00%    | 0.00%    | 42B        | 0B          | 0B        | 0B         |
|--------|-----------------------------------|-------------|-------------|----------|----------|------------|-------------|-----------|------------|
| Docker | dev-peer1.org1.example.co...es-v0 | 6.9MB       | 6.9MB       | 0.00%    | 0.00%    | 245B       | 0B          | 0B        | 0B         |
|--------|-----------------------------------|-------------|-------------|----------|----------|------------|-------------|-----------|------------|
| Docker | peer1.org1.example.com            | 177.8MB     | 167.0MB     | 159.88%  | 80.92%   | 3.9MB      | 1.5MB       | 0B        | 4.4MB      |
|--------|-----------------------------------|-------------|-------------|----------|----------|------------|-------------|-----------|------------|
| Docker | peer1.org2.example.com            | 154.8MB     | 151.7MB     | 171.86%  | 87.01%   | 3.9MB      | 1.5MB       | 0B        | 4.4MB      |
|--------|-----------------------------------|-------------|-------------|----------|----------|------------|-------------|-----------|------------|
| Docker | peer0.org1.example.com            | 178.1MB     | 167.4MB     | 170.68%  | 86.44%   | 3.9MB      | 2.0MB       | 0B        | 4.4MB      |
|--------|-----------------------------------|-------------|-------------|----------|----------|------------|-------------|-----------|------------|
| Docker | peer0.org2.example.com            | 161.4MB     | 158.4MB     | 169.84%  | 86.02%   | 3.9MB      | 1.5MB       | 0B        | 4.4MB      |
|--------|-----------------------------------|-------------|-------------|----------|----------|------------|-------------|-----------|------------|
| Docker | orderer1.example.com              | 30.1MB      | 24.2MB      | 91.59%   | 46.06%   | 5.0MB      | 1.8MB       | 0B        | 6.5MB      |
|--------|-----------------------------------|-------------|-------------|----------|----------|------------|-------------|-----------|------------|
| Docker | orderer0.example.com              | 31.1MB      | 22.8MB      | 85.21%   | 42.88%   | 5.2MB      | 14.0MB      | 0B        | 6.5MB      |
|--------|-----------------------------------|-------------|-------------|----------|----------|------------|-------------|-----------|------------|
| Docker | kafka1                            | 346.8MB     | 343.1MB     | 28.65%   | 15.15%   | 3.3MB      | 60.0KB      | 0B        | 0B         |
|--------|-----------------------------------|-------------|-------------|----------|----------|------------|-------------|-----------|------------|
| Docker | kafka2                            | 343.5MB     | 343.5MB     | 2.30%    | 1.97%    | 5.3KB      | 9.2KB       | 0B        | 0B         |
|--------|-----------------------------------|-------------|-------------|----------|----------|------------|-------------|-----------|------------|
| Docker | kafka3                            | 375.7MB     | 359.3MB     | 264.33%  | 132.98%  | 3.6MB      | 13.6MB      | 0B        | 0B         |
|--------|-----------------------------------|-------------|-------------|----------|----------|------------|-------------|-----------|------------|
| Docker | kafka0                            | 331.5MB     | 326.9MB     | 28.29%   | 15.53%   | 3.4MB      | 60.7KB      | 0B        | 0B         |
|--------|-----------------------------------|-------------|-------------|----------|----------|------------|-------------|-----------|------------|
| Docker | ca.org2.example.com               | 10.0MB      | 10.0MB      | 0.00%    | 0.00%    | 42B        | 0B          | 0B        | 0B         |
|--------|-----------------------------------|-------------|-------------|----------|----------|------------|-------------|-----------|------------|
| Docker | ca.org1.example.com               | 10.6MB      | 10.6MB      | 0.00%    | 0.00%    | 42B        | 0B          | 0B        | 0B         |
|--------|-----------------------------------|-------------|-------------|----------|----------|------------|-------------|-----------|------------|
| Docker | zookeeper2                        | 54.3MB      | 54.3MB      | 0.42%    | 0.26%    | 738B       | 998B        | 0B        | 0B         |
|--------|-----------------------------------|-------------|-------------|----------|----------|------------|-------------|-----------|------------|
| Docker | zookeeper1                        | 52.0MB      | 51.9MB      | 0.30%    | 0.20%    | 642B       | 356B        | 0B        | 0B         |
|--------|-----------------------------------|-------------|-------------|----------|----------|------------|-------------|-----------|------------|
| Docker | zookeeper0                        | 51.6MB      | 51.6MB      | 0.15%    | 0.14%    | 856B       | 454B        | 0B        | 0B         |
+--------+-----------------------------------+-------------+-------------+----------+----------+------------+-------------+-----------+------------+
 

2020-03-02T13:17:32+09:00 - INFO [defaultTest]: ------ Passed 'smallOperations' testing ------ 

2020-03-02T13:17:32+09:00 - INFO [defaultTest]: Waiting 5 seconds for the next round... 

2020-03-02T13:17:32+09:00 - INFO [demo.js]: [Transaction Info] - Submitted: 1000 Succ: 1000 Fail:0 Unfinished:0 

2020-03-02T13:17:33+09:00 - INFO [demo.js]: [Transaction Info] - Submitted: 1000 Succ: 1000 Fail:0 Unfinished:0 

2020-03-02T13:17:34+09:00 - INFO [demo.js]: [Transaction Info] - Submitted: 1000 Succ: 1000 Fail:0 Unfinished:0 

2020-03-02T13:17:35+09:00 - INFO [demo.js]: [Transaction Info] - Submitted: 1000 Succ: 1000 Fail:0 Unfinished:0 

2020-03-02T13:17:36+09:00 - INFO [demo.js]: [Transaction Info] - Submitted: 1000 Succ: 1000 Fail:0 Unfinished:0 

2020-03-02T13:17:37+09:00 - INFO [defaultTest]: ------ Test round 2 ------ 

2020-03-02T13:17:37+09:00 - DEBUG [local-client.js]: doTest() with:
	{"type":"test","label":"smallOperations","rateControl":{"type":"fixed-rate","opts":{"tps":1000}},"trim":0,"args":{"accounts":400,"txnPerBatch":1},"cb":"benchmark/smallbank/smallbankOperations.js","config":"/home/oslab/caliper-benchmarks/caliper/packages/caliper-samples/network/fabric-v1.4.1/kafka2o2pgoleveldb/fabric-go.yaml","root":"/home/oslab/caliper-benchmarks/caliper/packages/caliper-samples","numb":200,"roundIdx":2,"totalClients":5,"clients":5,"clientargs":{},"clientIdx":0}

2020-03-02T13:17:37+09:00 - DEBUG [local-client.js]: doTest() with:
	{"type":"test","label":"smallOperations","rateControl":{"type":"fixed-rate","opts":{"tps":1000}},"trim":0,"args":{"accounts":400,"txnPerBatch":1},"cb":"benchmark/smallbank/smallbankOperations.js","config":"/home/oslab/caliper-benchmarks/caliper/packages/caliper-samples/network/fabric-v1.4.1/kafka2o2pgoleveldb/fabric-go.yaml","root":"/home/oslab/caliper-benchmarks/caliper/packages/caliper-samples","numb":200,"roundIdx":2,"totalClients":5,"clients":5,"clientargs":{},"clientIdx":1}

2020-03-02T13:17:37+09:00 - DEBUG [local-client.js]: doTest() with:
	{"type":"test","label":"smallOperations","rateControl":{"type":"fixed-rate","opts":{"tps":1000}},"trim":0,"args":{"accounts":400,"txnPerBatch":1},"cb":"benchmark/smallbank/smallbankOperations.js","config":"/home/oslab/caliper-benchmarks/caliper/packages/caliper-samples/network/fabric-v1.4.1/kafka2o2pgoleveldb/fabric-go.yaml","root":"/home/oslab/caliper-benchmarks/caliper/packages/caliper-samples","numb":200,"roundIdx":2,"totalClients":5,"clients":5,"clientargs":{},"clientIdx":3}

2020-03-02T13:17:37+09:00 - DEBUG [local-client.js]: doTest() with:
	{"type":"test","label":"smallOperations","rateControl":{"type":"fixed-rate","opts":{"tps":1000}},"trim":0,"args":{"accounts":400,"txnPerBatch":1},"cb":"benchmark/smallbank/smallbankOperations.js","config":"/home/oslab/caliper-benchmarks/caliper/packages/caliper-samples/network/fabric-v1.4.1/kafka2o2pgoleveldb/fabric-go.yaml","root":"/home/oslab/caliper-benchmarks/caliper/packages/caliper-samples","numb":200,"roundIdx":2,"totalClients":5,"clients":5,"clientargs":{},"clientIdx":2}

2020-03-02T13:17:37+09:00 - DEBUG [local-client.js]: doTest() with:
	{"type":"test","label":"smallOperations","rateControl":{"type":"fixed-rate","opts":{"tps":1000}},"trim":0,"args":{"accounts":400,"txnPerBatch":1},"cb":"benchmark/smallbank/smallbankOperations.js","config":"/home/oslab/caliper-benchmarks/caliper/packages/caliper-samples/network/fabric-v1.4.1/kafka2o2pgoleveldb/fabric-go.yaml","root":"/home/oslab/caliper-benchmarks/caliper/packages/caliper-samples","numb":200,"roundIdx":2,"totalClients":5,"clients":5,"clientargs":{},"clientIdx":4}

2020-03-02T13:17:37+09:00 - INFO [client-util.js]: Waiting for 0 clients to be ready...  

2020-03-02T13:17:37+09:00 - INFO [client-util.js]: 0 clients ready, starting test phase 

2020-03-02T13:17:37+09:00 - INFO [local-client.js]: txUpdateTime: 1000 

2020-03-02T13:17:37+09:00 - INFO [local-client.js]: txUpdateTime: 1000 

2020-03-02T13:17:37+09:00 - INFO [local-client.js]: txUpdateTime: 1000 

2020-03-02T13:17:37+09:00 - INFO [local-client.js]: txUpdateTime: 1000 

2020-03-02T13:17:37+09:00 - INFO [local-client.js]: txUpdateTime: 1000 

2020-03-02T13:17:37+09:00 - INFO [demo.js]: [Transaction Info] - Submitted: 1000 Succ: 1000 Fail:0 Unfinished:0 

2020-03-02T13:17:37+09:00 - INFO [local-client.js]: Info: client 19354 start test runFixedNumber():small_bank_operations 

2020-03-02T13:17:37+09:00 - INFO [local-client.js]: Info: client 19343 start test runFixedNumber():small_bank_operations 

2020-03-02T13:17:37+09:00 - DEBUG [rateControl.js]: Creating rate controller for client#0 for round#2
	{"type":"fixed-rate","opts":{"tps":1000}}

2020-03-02T13:17:37+09:00 - DEBUG [rateControl.js]: Creating rate controller for client#2 for round#2
	{"type":"fixed-rate","opts":{"tps":1000}}

2020-03-02T13:17:37+09:00 - INFO [local-client.js]: Info: client 19366 start test runFixedNumber():small_bank_operations 

2020-03-02T13:17:37+09:00 - DEBUG [rateControl.js]: Creating rate controller for client#4 for round#2
	{"type":"fixed-rate","opts":{"tps":1000}}

2020-03-02T13:17:37+09:00 - INFO [local-client.js]: Info: client 19348 start test runFixedNumber():small_bank_operations 

2020-03-02T13:17:37+09:00 - DEBUG [rateControl.js]: Creating rate controller for client#1 for round#2
	{"type":"fixed-rate","opts":{"tps":1000}}

2020-03-02T13:17:37+09:00 - INFO [local-client.js]: Info: client 19355 start test runFixedNumber():small_bank_operations 

2020-03-02T13:17:37+09:00 - DEBUG [rateControl.js]: Creating rate controller for client#3 for round#2
	{"type":"fixed-rate","opts":{"tps":1000}}

2020-03-02T13:17:38+09:00 - INFO [demo.js]: [Transaction Info] - Submitted: 1120 Succ: 1038 Fail:0 Unfinished:82 

2020-03-02T13:17:39+09:00 - INFO [demo.js]: [Transaction Info] - Submitted: 1713 Succ: 1266 Fail:0 Unfinished:447 

2020-03-02T13:17:40+09:00 - INFO [demo.js]: [Transaction Info] - Submitted: 2000 Succ: 1795 Fail:0 Unfinished:205 

2020-03-02T13:17:40+09:00 - DEBUG [report-builder]: r.create.max: 1583122658.779 r.create.min: 1583122657.239 r.final.max: 1583122660.212 r.final.min: 1583122657.619 r.final.last: 1583122660.212 

2020-03-02T13:17:40+09:00 - DEBUG [report-builder]:  throughput for only success time computed: 336.4 

2020-03-02T13:17:40+09:00 - DEBUG [report-builder]: sendTransactionProposal: 0ms length: 1000 

2020-03-02T13:17:40+09:00 - DEBUG [report-builder]: sendTransaction: 0ms 

2020-03-02T13:17:40+09:00 - DEBUG [report-builder]: invokeLatency: 0ms 

2020-03-02T13:17:40+09:00 - INFO [report-builder]: ###test result:### 

2020-03-02T13:17:40+09:00 - INFO [report-builder]: 
+-----------------+------+------+-----------+-------------+-------------+-------------+------------+
| Name            | Succ | Fail | Send Rate | Max Latency | Min Latency | Avg Latency | Throughput |
|-----------------|------|------|-----------|-------------|-------------|-------------|------------|
| smallOperations | 1000 | 0    | 649.4 tps | 1.63 s      | 0.31 s      | 1.01 s      | 336.4 tps  |
+-----------------+------+------+-----------+-------------+-------------+-------------+------------+
 

2020-03-02T13:17:40+09:00 - INFO [report-builder]: ### resource stats ### 

2020-03-02T13:17:40+09:00 - INFO [report-builder]: 
+--------+-----------------------------------+-------------+-------------+----------+----------+------------+-------------+-----------+------------+
| TYPE   | NAME                              | Memory(max) | Memory(avg) | CPU(max) | CPU(avg) | Traffic In | Traffic Out | Disc Read | Disc Write |
|--------|-----------------------------------|-------------|-------------|----------|----------|------------|-------------|-----------|------------|
| Docker | dev-peer0.org2.example.co...nk-v0 | 8.4MB       | 8.4MB       | 15.23%   | 15.23%   | 0B         | 0B          | 0B        | 0B         |
|--------|-----------------------------------|-------------|-------------|----------|----------|------------|-------------|-----------|------------|
| Docker | dev-peer1.org2.example.co...nk-v0 | 8.9MB       | 8.9MB       | 14.01%   | 14.01%   | 0B         | 0B          | 0B        | 0B         |
|--------|-----------------------------------|-------------|-------------|----------|----------|------------|-------------|-----------|------------|
| Docker | dev-peer1.org1.example.co...nk-v0 | 8.8MB       | 8.8MB       | 15.67%   | 15.67%   | 0B         | 0B          | 0B        | 0B         |
|--------|-----------------------------------|-------------|-------------|----------|----------|------------|-------------|-----------|------------|
| Docker | dev-peer0.org1.example.co...nk-v0 | 8.5MB       | 8.5MB       | 15.20%   | 15.20%   | 0B         | 0B          | 0B        | 0B         |
|--------|-----------------------------------|-------------|-------------|----------|----------|------------|-------------|-----------|------------|
| Docker | dev-peer1.org1.example.co...le-v0 | 6.7MB       | 6.7MB       | 0.00%    | 0.00%    | 0B         | 0B          | 0B        | 0B         |
|--------|-----------------------------------|-------------|-------------|----------|----------|------------|-------------|-----------|------------|
| Docker | dev-peer0.org2.example.co...le-v0 | 6.6MB       | 6.6MB       | 0.00%    | 0.00%    | 0B         | 0B          | 0B        | 0B         |
|--------|-----------------------------------|-------------|-------------|----------|----------|------------|-------------|-----------|------------|
| Docker | dev-peer0.org1.example.co...le-v0 | 6.9MB       | 6.9MB       | 0.00%    | 0.00%    | 0B         | 0B          | 0B        | 0B         |
|--------|-----------------------------------|-------------|-------------|----------|----------|------------|-------------|-----------|------------|
| Docker | dev-peer1.org2.example.co...le-v0 | 6.9MB       | 6.9MB       | 0.00%    | 0.00%    | 0B         | 0B          | 0B        | 0B         |
|--------|-----------------------------------|-------------|-------------|----------|----------|------------|-------------|-----------|------------|
| Docker | dev-peer0.org1.example.co...rm-v0 | 7.0MB       | 7.0MB       | 0.00%    | 0.00%    | 0B         | 0B          | 0B        | 0B         |
|--------|-----------------------------------|-------------|-------------|----------|----------|------------|-------------|-----------|------------|
| Docker | dev-peer1.org2.example.co...rm-v0 | 7.0MB       | 7.0MB       | 0.00%    | 0.00%    | 0B         | 0B          | 0B        | 0B         |
|--------|-----------------------------------|-------------|-------------|----------|----------|------------|-------------|-----------|------------|
| Docker | dev-peer1.org1.example.co...rm-v0 | 6.6MB       | 6.6MB       | 0.00%    | 0.00%    | 0B         | 0B          | 0B        | 0B         |
|--------|-----------------------------------|-------------|-------------|----------|----------|------------|-------------|-----------|------------|
| Docker | dev-peer0.org2.example.co...rm-v0 | 7.2MB       | 7.2MB       | 0.00%    | 0.00%    | 0B         | 0B          | 0B        | 0B         |
|--------|-----------------------------------|-------------|-------------|----------|----------|------------|-------------|-----------|------------|
| Docker | dev-peer0.org2.example.co...es-v0 | 6.8MB       | 6.8MB       | 0.00%    | 0.00%    | 0B         | 0B          | 0B        | 0B         |
|--------|-----------------------------------|-------------|-------------|----------|----------|------------|-------------|-----------|------------|
| Docker | dev-peer1.org2.example.co...es-v0 | 6.7MB       | 6.7MB       | 0.00%    | 0.00%    | 0B         | 0B          | 0B        | 0B         |
|--------|-----------------------------------|-------------|-------------|----------|----------|------------|-------------|-----------|------------|
| Docker | dev-peer0.org1.example.co...es-v0 | 6.9MB       | 6.9MB       | 0.00%    | 0.00%    | 0B         | 0B          | 0B        | 0B         |
|--------|-----------------------------------|-------------|-------------|----------|----------|------------|-------------|-----------|------------|
| Docker | dev-peer1.org1.example.co...es-v0 | 6.9MB       | 6.9MB       | 0.00%    | 0.00%    | 0B         | 0B          | 0B        | 0B         |
|--------|-----------------------------------|-------------|-------------|----------|----------|------------|-------------|-----------|------------|
| Docker | peer1.org1.example.com            | 184.7MB     | 184.7MB     | 156.48%  | 156.48%  | 0B         | 0B          | 0B        | 0B         |
|--------|-----------------------------------|-------------|-------------|----------|----------|------------|-------------|-----------|------------|
| Docker | peer1.org2.example.com            | 161.0MB     | 161.0MB     | 154.20%  | 154.20%  | 0B         | 0B          | 0B        | 0B         |
|--------|-----------------------------------|-------------|-------------|----------|----------|------------|-------------|-----------|------------|
| Docker | peer0.org1.example.com            | 184.6MB     | 184.6MB     | 147.72%  | 147.72%  | 0B         | 0B          | 0B        | 0B         |
|--------|-----------------------------------|-------------|-------------|----------|----------|------------|-------------|-----------|------------|
| Docker | peer0.org2.example.com            | 167.9MB     | 167.9MB     | 158.65%  | 158.65%  | 0B         | 0B          | 0B        | 0B         |
|--------|-----------------------------------|-------------|-------------|----------|----------|------------|-------------|-----------|------------|
| Docker | orderer1.example.com              | 36.0MB      | 36.0MB      | 90.88%   | 90.88%   | 0B         | 0B          | 0B        | 0B         |
|--------|-----------------------------------|-------------|-------------|----------|----------|------------|-------------|-----------|------------|
| Docker | orderer0.example.com              | 37.0MB      | 37.0MB      | 81.57%   | 81.57%   | 0B         | 0B          | 0B        | 0B         |
|--------|-----------------------------------|-------------|-------------|----------|----------|------------|-------------|-----------|------------|
| Docker | kafka1                            | 359.1MB     | 359.1MB     | 29.30%   | 29.30%   | 0B         | 0B          | 0B        | 0B         |
|--------|-----------------------------------|-------------|-------------|----------|----------|------------|-------------|-----------|------------|
| Docker | kafka2                            | 339.8MB     | 339.8MB     | 2.12%    | 2.12%    | 0B         | 0B          | 0B        | 0B         |
|--------|-----------------------------------|-------------|-------------|----------|----------|------------|-------------|-----------|------------|
| Docker | kafka3                            | 418.4MB     | 418.4MB     | 345.68%  | 345.68%  | 0B         | 0B          | 0B        | 0B         |
|--------|-----------------------------------|-------------|-------------|----------|----------|------------|-------------|-----------|------------|
| Docker | kafka0                            | 348.9MB     | 348.9MB     | 47.28%   | 47.28%   | 0B         | 0B          | 0B        | 0B         |
|--------|-----------------------------------|-------------|-------------|----------|----------|------------|-------------|-----------|------------|
| Docker | ca.org2.example.com               | 10.0MB      | 10.0MB      | 0.00%    | 0.00%    | 0B         | 0B          | 0B        | 0B         |
|--------|-----------------------------------|-------------|-------------|----------|----------|------------|-------------|-----------|------------|
| Docker | ca.org1.example.com               | 10.6MB      | 10.6MB      | 0.00%    | 0.00%    | 0B         | 0B          | 0B        | 0B         |
|--------|-----------------------------------|-------------|-------------|----------|----------|------------|-------------|-----------|------------|
| Docker | zookeeper2                        | 54.4MB      | 54.4MB      | 0.15%    | 0.15%    | 0B         | 0B          | 0B        | 0B         |
|--------|-----------------------------------|-------------|-------------|----------|----------|------------|-------------|-----------|------------|
| Docker | zookeeper1                        | 52.3MB      | 52.3MB      | 0.24%    | 0.24%    | 0B         | 0B          | 0B        | 0B         |
|--------|-----------------------------------|-------------|-------------|----------|----------|------------|-------------|-----------|------------|
| Docker | zookeeper0                        | 51.6MB      | 51.6MB      | 0.21%    | 0.21%    | 0B         | 0B          | 0B        | 0B         |
+--------+-----------------------------------+-------------+-------------+----------+----------+------------+-------------+-----------+------------+
 

2020-03-02T13:17:40+09:00 - INFO [defaultTest]: ------ Passed 'smallOperations' testing ------ 

2020-03-02T13:17:40+09:00 - INFO [caliper-flow]: ---------- Finished Test ----------
 

2020-03-02T13:17:40+09:00 - INFO [report-builder]: ###all test results:### 

2020-03-02T13:17:40+09:00 - INFO [report-builder]: 
+------+-----------------+------+------+-----------+-------------+-------------+-------------+------------+
| Test | Name            | Succ | Fail | Send Rate | Max Latency | Min Latency | Avg Latency | Throughput |
|------|-----------------|------|------|-----------|-------------|-------------|-------------|------------|
| 1    | smallOperations | 1000 | 0    | 595.2 tps | 1.32 s      | 0.30 s      | 0.83 s      | 344.6 tps  |
|------|-----------------|------|------|-----------|-------------|-------------|-------------|------------|
| 2    | smallOperations | 1000 | 0    | 649.4 tps | 1.63 s      | 0.31 s      | 1.01 s      | 336.4 tps  |
+------+-----------------+------+------+-----------+-------------+-------------+-------------+------------+
 

2020-03-02T13:17:40+09:00 - INFO [monitor.js]: 
 ### resource stats (maximum) ### 

2020-03-02T13:17:40+09:00 - INFO [monitor.js]: 
+--------+-----------------------------------+-------------+----------+------------+-------------+-----------+------------+
| TYPE   | NAME                              | Memory(max) | CPU(max) | Traffic In | Traffic Out | Disc Read | Disc Write |
|--------|-----------------------------------|-------------|----------|------------|-------------|-----------|------------|
| Docker | dev-peer0.org2.example.co...nk-v0 | 8.4MB       | 17.90%   | 895.9KB    | 453.1KB     | 0B        | 0B         |
|--------|-----------------------------------|-------------|----------|------------|-------------|-----------|------------|
| Docker | dev-peer1.org2.example.co...nk-v0 | 8.9MB       | 18.52%   | 901.1KB    | 459.2KB     | 0B        | 0B         |
|--------|-----------------------------------|-------------|----------|------------|-------------|-----------|------------|
| Docker | dev-peer1.org1.example.co...nk-v0 | 8.8MB       | 19.56%   | 902.2KB    | 462.0KB     | 0B        | 0B         |
|--------|-----------------------------------|-------------|----------|------------|-------------|-----------|------------|
| Docker | dev-peer0.org1.example.co...nk-v0 | 8.5MB       | 18.33%   | 901.4KB    | 463.1KB     | 0B        | 0B         |
|--------|-----------------------------------|-------------|----------|------------|-------------|-----------|------------|
| Docker | dev-peer1.org1.example.co...le-v0 | 6.7MB       | 0.00%    | 315B       | 0B          | 0B        | 0B         |
|--------|-----------------------------------|-------------|----------|------------|-------------|-----------|------------|
| Docker | dev-peer0.org2.example.co...le-v0 | 6.6MB       | 0.00%    | 315B       | 0B          | 0B        | 0B         |
|--------|-----------------------------------|-------------|----------|------------|-------------|-----------|------------|
| Docker | dev-peer0.org1.example.co...le-v0 | 6.9MB       | 0.00%    | 315B       | 0B          | 0B        | 0B         |
|--------|-----------------------------------|-------------|----------|------------|-------------|-----------|------------|
| Docker | dev-peer1.org2.example.co...le-v0 | 6.9MB       | 0.00%    | 315B       | 0B          | 0B        | 0B         |
|--------|-----------------------------------|-------------|----------|------------|-------------|-----------|------------|
| Docker | dev-peer0.org1.example.co...rm-v0 | 7.0MB       | 0.00%    | 42B        | 0B          | 0B        | 0B         |
|--------|-----------------------------------|-------------|----------|------------|-------------|-----------|------------|
| Docker | dev-peer1.org2.example.co...rm-v0 | 7.0MB       | 0.00%    | 42B        | 0B          | 0B        | 0B         |
|--------|-----------------------------------|-------------|----------|------------|-------------|-----------|------------|
| Docker | dev-peer1.org1.example.co...rm-v0 | 6.6MB       | 0.00%    | 42B        | 0B          | 0B        | 0B         |
|--------|-----------------------------------|-------------|----------|------------|-------------|-----------|------------|
| Docker | dev-peer0.org2.example.co...rm-v0 | 7.2MB       | 0.00%    | 42B        | 0B          | 0B        | 0B         |
|--------|-----------------------------------|-------------|----------|------------|-------------|-----------|------------|
| Docker | dev-peer0.org2.example.co...es-v0 | 6.8MB       | 0.00%    | 245B       | 0B          | 0B        | 0B         |
|--------|-----------------------------------|-------------|----------|------------|-------------|-----------|------------|
| Docker | dev-peer1.org2.example.co...es-v0 | 6.7MB       | 0.01%    | 315B       | 0B          | 0B        | 0B         |
|--------|-----------------------------------|-------------|----------|------------|-------------|-----------|------------|
| Docker | dev-peer0.org1.example.co...es-v0 | 6.9MB       | 0.00%    | 315B       | 0B          | 0B        | 0B         |
|--------|-----------------------------------|-------------|----------|------------|-------------|-----------|------------|
| Docker | dev-peer1.org1.example.co...es-v0 | 6.9MB       | 0.00%    | 315B       | 0B          | 0B        | 0B         |
|--------|-----------------------------------|-------------|----------|------------|-------------|-----------|------------|
| Docker | peer1.org1.example.com            | 184.7MB     | 159.88%  | 5.1MB      | 2.0MB       | 0B        | 9.8MB      |
|--------|-----------------------------------|-------------|----------|------------|-------------|-----------|------------|
| Docker | peer1.org2.example.com            | 161.0MB     | 171.86%  | 5.1MB      | 1.9MB       | 0B        | 9.8MB      |
|--------|-----------------------------------|-------------|----------|------------|-------------|-----------|------------|
| Docker | peer0.org1.example.com            | 184.6MB     | 170.68%  | 5.1MB      | 2.5MB       | 0B        | 9.8MB      |
|--------|-----------------------------------|-------------|----------|------------|-------------|-----------|------------|
| Docker | peer0.org2.example.com            | 167.9MB     | 169.84%  | 5.0MB      | 1.9MB       | 0B        | 9.8MB      |
|--------|-----------------------------------|-------------|----------|------------|-------------|-----------|------------|
| Docker | orderer1.example.com              | 36.0MB      | 91.59%   | 6.2MB      | 2.2MB       | 0B        | 8.1MB      |
|--------|-----------------------------------|-------------|----------|------------|-------------|-----------|------------|
| Docker | orderer0.example.com              | 37.0MB      | 85.21%   | 6.1MB      | 17.8MB      | 0B        | 8.1MB      |
|--------|-----------------------------------|-------------|----------|------------|-------------|-----------|------------|
| Docker | kafka1                            | 359.1MB     | 29.30%   | 4.0MB      | 79.9KB      | 0B        | 16.0KB     |
|--------|-----------------------------------|-------------|----------|------------|-------------|-----------|------------|
| Docker | kafka2                            | 343.5MB     | 3.97%    | 22.3KB     | 39.2KB      | 0B        | 16.0KB     |
|--------|-----------------------------------|-------------|----------|------------|-------------|-----------|------------|
| Docker | kafka3                            | 418.4MB     | 345.68%  | 4.2MB      | 16.1MB      | 0B        | 16.0KB     |
|--------|-----------------------------------|-------------|----------|------------|-------------|-----------|------------|
| Docker | kafka0                            | 348.9MB     | 47.28%   | 4.0MB      | 80.3KB      | 0B        | 16.0KB     |
|--------|-----------------------------------|-------------|----------|------------|-------------|-----------|------------|
| Docker | ca.org2.example.com               | 10.0MB      | 0.00%    | 42B        | 0B          | 0B        | 0B         |
|--------|-----------------------------------|-------------|----------|------------|-------------|-----------|------------|
| Docker | ca.org1.example.com               | 10.6MB      | 0.00%    | 42B        | 0B          | 0B        | 0B         |
|--------|-----------------------------------|-------------|----------|------------|-------------|-----------|------------|
| Docker | zookeeper2                        | 54.7MB      | 0.45%    | 2.4KB      | 3.1KB       | 0B        | 0B         |
|--------|-----------------------------------|-------------|----------|------------|-------------|-----------|------------|
| Docker | zookeeper1                        | 52.5MB      | 0.43%    | 2.1KB      | 1.2KB       | 0B        | 0B         |
|--------|-----------------------------------|-------------|----------|------------|-------------|-----------|------------|
| Docker | zookeeper0                        | 51.7MB      | 0.23%    | 2.9KB      | 1.7KB       | 0B        | 0B         |
+--------+-----------------------------------+-------------+----------+------------+-------------+-----------+------------+
 

2020-03-02T13:17:40+09:00 - INFO [caliper-flow]: Generated report with path /home/oslab/caliper-benchmarks/report-20200302T041740.html 

2020-03-02T13:17:40+09:00 - INFO [demo.js]: [Transaction Info] - Submitted: 2000 Succ: 2000 Fail:0 Unfinished:0 

2020-03-02T13:17:40+09:00 - INFO [caliper-flow]: 

#######################################
# Test summary: 2 succeeded, 0 failed #
#######################################
 

2020-03-02T13:17:40+09:00 - INFO [caliper-utils]: Executing command: cd /home/oslab/caliper-benchmarks/caliper/packages/caliper-samples;docker-compose -f network/fabric-v1.4.1/kafka2o2pgoleveldb/docker-compose.yaml down;(test -z \"$(docker ps -aq)\") || docker rm $(docker ps -aq);(test -z \"$(docker images dev* -q)\") || docker rmi $(docker images dev* -q);rm -rf /tmp/hfc-* 

2020-03-02T13:17:40+09:00 - INFO [client-util.js]: Client exited with code null 

2020-03-02T13:17:40+09:00 - INFO [client-util.js]: Client exited with code null 

2020-03-02T13:17:40+09:00 - INFO [client-util.js]: Client exited with code null 

2020-03-02T13:17:40+09:00 - INFO [client-util.js]: Client exited with code null 

2020-03-02T13:17:40+09:00 - INFO [client-util.js]: Client exited with code null 

