2020-05-26T21:27:03+09:00 - DEBUG Constructed a winston logger with the specified targets:
	{"consolelogger":{"target":"console","level":"info"},"filelogger":{"target":"daily-rotate-file","level":"debug","filename":"log/caliper-%DATE%.log","datePattern":"YYYY-MM-DD-HH","maxSize":"5m","zippedArchive":true}}

2020-05-26T21:27:04+09:00 - INFO [caliper-flow]: ####### Caliper Test ####### 

2020-05-26T21:27:04+09:00 - INFO [caliper-flow]: Skipping start commands due to benchmark flow conditioning 

2020-05-26T21:27:04+09:00 - INFO [caliper-flow]: Skipping initialization phase due to benchmark flow conditioning 

2020-05-26T21:27:04+09:00 - INFO [caliper-flow]: Skipping install smart contract phase due to benchmark flow conditioning 

2020-05-26T21:27:04+09:00 - INFO [caliper-flow]: Started monitor successfully 

2020-05-26T21:27:04+09:00 - INFO [defaultTest]: ####### Testing 'smallOperations' ####### 

2020-05-26T21:27:04+09:00 - INFO [defaultTest]: ------ Test round 1 ------ 

2020-05-26T21:27:04+09:00 - INFO [client-util.js]: Launching client with PID  26907 

2020-05-26T21:27:04+09:00 - INFO [client-util.js]: Launching client with PID  26912 

2020-05-26T21:27:04+09:00 - INFO [client-util.js]: Launching client with PID  26918 

2020-05-26T21:27:04+09:00 - INFO [client-util.js]: Launching client with PID  26924 

2020-05-26T21:27:04+09:00 - INFO [client-util.js]: Launching client with PID  26930 

2020-05-26T21:27:04+09:00 - INFO [client-util.js]: Waiting for 5 clients to be ready...  

2020-05-26T21:27:05+09:00 - INFO [demo.js]: [Transaction Info] - Submitted: 0 Succ: 0 Fail:0 Unfinished:0 

2020-05-26T21:27:05+09:00 - DEBUG Constructed a winston logger with the specified targets:
	{"consolelogger":{"target":"console","level":"info"},"filelogger":{"target":"daily-rotate-file","level":"debug","filename":"log/caliper-%DATE%.log","datePattern":"YYYY-MM-DD-HH","maxSize":"5m","zippedArchive":true}}

2020-05-26T21:27:05+09:00 - DEBUG Constructed a winston logger with the specified targets:
	{"consolelogger":{"target":"console","level":"info"},"filelogger":{"target":"daily-rotate-file","level":"debug","filename":"log/caliper-%DATE%.log","datePattern":"YYYY-MM-DD-HH","maxSize":"5m","zippedArchive":true}}

2020-05-26T21:27:05+09:00 - DEBUG Constructed a winston logger with the specified targets:
	{"consolelogger":{"target":"console","level":"info"},"filelogger":{"target":"daily-rotate-file","level":"debug","filename":"log/caliper-%DATE%.log","datePattern":"YYYY-MM-DD-HH","maxSize":"5m","zippedArchive":true}}

2020-05-26T21:27:05+09:00 - DEBUG Constructed a winston logger with the specified targets:
	{"consolelogger":{"target":"console","level":"info"},"filelogger":{"target":"daily-rotate-file","level":"debug","filename":"log/caliper-%DATE%.log","datePattern":"YYYY-MM-DD-HH","maxSize":"5m","zippedArchive":true}}

2020-05-26T21:27:05+09:00 - DEBUG Constructed a winston logger with the specified targets:
	{"consolelogger":{"target":"console","level":"info"},"filelogger":{"target":"daily-rotate-file","level":"debug","filename":"log/caliper-%DATE%.log","datePattern":"YYYY-MM-DD-HH","maxSize":"5m","zippedArchive":true}}

2020-05-26T21:27:06+09:00 - INFO [client-util.js]: Client ready message recieved 

2020-05-26T21:27:06+09:00 - INFO [fabric/fabricClientWorker]: Client ready 

2020-05-26T21:27:06+09:00 - INFO [client-util.js]: Client ready message recieved 

2020-05-26T21:27:06+09:00 - INFO [fabric/fabricClientWorker]: Client ready 

2020-05-26T21:27:06+09:00 - INFO [client-util.js]: Client ready message recieved 

2020-05-26T21:27:06+09:00 - INFO [fabric/fabricClientWorker]: Client ready 

2020-05-26T21:27:06+09:00 - INFO [client-util.js]: Client ready message recieved 

2020-05-26T21:27:06+09:00 - INFO [fabric/fabricClientWorker]: Client ready 

2020-05-26T21:27:06+09:00 - INFO [client-util.js]: Client ready message recieved 

2020-05-26T21:27:06+09:00 - INFO [client-util.js]: 5 clients ready, starting test phase 

2020-05-26T21:27:06+09:00 - INFO [fabric/fabricClientWorker]: Client ready 

2020-05-26T21:27:06+09:00 - DEBUG [local-client.js]: doTest() with:
	{"type":"test","label":"smallOperations","rateControl":{"type":"fixed-rate","opts":{"tps":2000}},"trim":0,"args":{"accounts":400,"txnPerBatch":1},"cb":"benchmark/smallbank/smallbankOperations.js","config":"/home/oslab/caliper_v0.1.0/caliper/packages/caliper-samples/network/fabric-v1.4.1/kafka/fabric-go.yaml","root":"/home/oslab/caliper_v0.1.0/caliper/packages/caliper-samples","numb":400,"roundIdx":1,"totalClients":5,"clients":5,"clientargs":{},"clientIdx":2}

2020-05-26T21:27:06+09:00 - DEBUG [local-client.js]: doTest() with:
	{"type":"test","label":"smallOperations","rateControl":{"type":"fixed-rate","opts":{"tps":2000}},"trim":0,"args":{"accounts":400,"txnPerBatch":1},"cb":"benchmark/smallbank/smallbankOperations.js","config":"/home/oslab/caliper_v0.1.0/caliper/packages/caliper-samples/network/fabric-v1.4.1/kafka/fabric-go.yaml","root":"/home/oslab/caliper_v0.1.0/caliper/packages/caliper-samples","numb":400,"roundIdx":1,"totalClients":5,"clients":5,"clientargs":{},"clientIdx":0}

2020-05-26T21:27:06+09:00 - DEBUG [local-client.js]: doTest() with:
	{"type":"test","label":"smallOperations","rateControl":{"type":"fixed-rate","opts":{"tps":2000}},"trim":0,"args":{"accounts":400,"txnPerBatch":1},"cb":"benchmark/smallbank/smallbankOperations.js","config":"/home/oslab/caliper_v0.1.0/caliper/packages/caliper-samples/network/fabric-v1.4.1/kafka/fabric-go.yaml","root":"/home/oslab/caliper_v0.1.0/caliper/packages/caliper-samples","numb":400,"roundIdx":1,"totalClients":5,"clients":5,"clientargs":{},"clientIdx":3}

2020-05-26T21:27:06+09:00 - DEBUG [local-client.js]: doTest() with:
	{"type":"test","label":"smallOperations","rateControl":{"type":"fixed-rate","opts":{"tps":2000}},"trim":0,"args":{"accounts":400,"txnPerBatch":1},"cb":"benchmark/smallbank/smallbankOperations.js","config":"/home/oslab/caliper_v0.1.0/caliper/packages/caliper-samples/network/fabric-v1.4.1/kafka/fabric-go.yaml","root":"/home/oslab/caliper_v0.1.0/caliper/packages/caliper-samples","numb":400,"roundIdx":1,"totalClients":5,"clients":5,"clientargs":{},"clientIdx":1}

2020-05-26T21:27:06+09:00 - DEBUG [local-client.js]: doTest() with:
	{"type":"test","label":"smallOperations","rateControl":{"type":"fixed-rate","opts":{"tps":2000}},"trim":0,"args":{"accounts":400,"txnPerBatch":1},"cb":"benchmark/smallbank/smallbankOperations.js","config":"/home/oslab/caliper_v0.1.0/caliper/packages/caliper-samples/network/fabric-v1.4.1/kafka/fabric-go.yaml","root":"/home/oslab/caliper_v0.1.0/caliper/packages/caliper-samples","numb":400,"roundIdx":1,"totalClients":5,"clients":5,"clientargs":{},"clientIdx":4}

2020-05-26T21:27:06+09:00 - INFO [local-client.js]: txUpdateTime: 1000 

2020-05-26T21:27:06+09:00 - INFO [local-client.js]: txUpdateTime: 1000 

2020-05-26T21:27:06+09:00 - INFO [local-client.js]: txUpdateTime: 1000 

2020-05-26T21:27:06+09:00 - INFO [local-client.js]: txUpdateTime: 1000 

2020-05-26T21:27:06+09:00 - INFO [local-client.js]: txUpdateTime: 1000 

2020-05-26T21:27:06+09:00 - INFO [local-client.js]: Info: client 26930 start test runFixedNumber():small_bank_operations 

2020-05-26T21:27:06+09:00 - DEBUG [rateControl.js]: Creating rate controller for client#4 for round#1
	{"type":"fixed-rate","opts":{"tps":2000}}

2020-05-26T21:27:06+09:00 - INFO [local-client.js]: Info: client 26912 start test runFixedNumber():small_bank_operations 

2020-05-26T21:27:06+09:00 - INFO [local-client.js]: Info: client 26924 start test runFixedNumber():small_bank_operations 

2020-05-26T21:27:06+09:00 - DEBUG [rateControl.js]: Creating rate controller for client#1 for round#1
	{"type":"fixed-rate","opts":{"tps":2000}}

2020-05-26T21:27:06+09:00 - DEBUG [rateControl.js]: Creating rate controller for client#3 for round#1
	{"type":"fixed-rate","opts":{"tps":2000}}

2020-05-26T21:27:06+09:00 - INFO [local-client.js]: Info: client 26918 start test runFixedNumber():small_bank_operations 

2020-05-26T21:27:06+09:00 - DEBUG [rateControl.js]: Creating rate controller for client#2 for round#1
	{"type":"fixed-rate","opts":{"tps":2000}}

2020-05-26T21:27:06+09:00 - INFO [local-client.js]: Info: client 26907 start test runFixedNumber():small_bank_operations 

2020-05-26T21:27:06+09:00 - DEBUG [rateControl.js]: Creating rate controller for client#0 for round#1
	{"type":"fixed-rate","opts":{"tps":2000}}

2020-05-26T21:27:06+09:00 - INFO [demo.js]: [Transaction Info] - Submitted: 0 Succ: 0 Fail:0 Unfinished:0 

2020-05-26T21:27:07+09:00 - INFO [demo.js]: [Transaction Info] - Submitted: 615 Succ: 100 Fail:0 Unfinished:515 

2020-05-26T21:27:08+09:00 - INFO [demo.js]: [Transaction Info] - Submitted: 1260 Succ: 390 Fail:0 Unfinished:870 

2020-05-26T21:27:09+09:00 - INFO [demo.js]: [Transaction Info] - Submitted: 1961 Succ: 600 Fail:0 Unfinished:1361 

2020-05-26T21:27:10+09:00 - INFO [demo.js]: [Transaction Info] - Submitted: 2000 Succ: 1100 Fail:0 Unfinished:900 

2020-05-26T21:27:11+09:00 - INFO [demo.js]: [Transaction Info] - Submitted: 2000 Succ: 1550 Fail:0 Unfinished:450 

2020-05-26T21:27:12+09:00 - DEBUG [report-builder]: r.create.max: 1590496029.762 r.create.min: 1590496026.724 r.final.max: 1590496032.579 r.final.min: 1590496027.277 r.final.last: 1590496032.579 

2020-05-26T21:27:12+09:00 - DEBUG [report-builder]:  throughput for only success time computed: 341.6 

2020-05-26T21:27:12+09:00 - DEBUG [report-builder]: sendTransactionProposal: 0ms length: 2000 

2020-05-26T21:27:12+09:00 - DEBUG [report-builder]: sendTransaction: 0ms 

2020-05-26T21:27:12+09:00 - DEBUG [report-builder]: invokeLatency: 0ms 

2020-05-26T21:27:12+09:00 - INFO [report-builder]: ###test result:### 

2020-05-26T21:27:12+09:00 - INFO [report-builder]: 
+-----------------+------+------+-----------+-------------+-------------+-------------+------------+
| Name            | Succ | Fail | Send Rate | Max Latency | Min Latency | Avg Latency | Throughput |
|-----------------|------|------|-----------|-------------|-------------|-------------|------------|
| smallOperations | 2000 | 0    | 658.3 tps | 3.31 s      | 0.42 s      | 2.08 s      | 341.6 tps  |
+-----------------+------+------+-----------+-------------+-------------+-------------+------------+
 

2020-05-26T21:27:12+09:00 - INFO [report-builder]: ### resource stats ### 

2020-05-26T21:27:12+09:00 - INFO [report-builder]: 
+--------+-----------------------------------+-------------+-------------+----------+----------+------------+-------------+-----------+------------+
| TYPE   | NAME                              | Memory(max) | Memory(avg) | CPU(max) | CPU(avg) | Traffic In | Traffic Out | Disc Read | Disc Write |
|--------|-----------------------------------|-------------|-------------|----------|----------|------------|-------------|-----------|------------|
| Docker | dev-peer0.org1.example.co...nk-v0 | 12.3MB      | 10.0MB      | 4.28%    | 2.14%    | 3.5MB      | 1.7MB       | 0B        | 0B         |
|--------|-----------------------------------|-------------|-------------|----------|----------|------------|-------------|-----------|------------|
| Docker | dev-peer0.org2.example.co...nk-v0 | 12.3MB      | 11.9MB      | 25.49%   | 15.90%   | 2.4MB      | 1.2MB       | 0B        | 0B         |
|--------|-----------------------------------|-------------|-------------|----------|----------|------------|-------------|-----------|------------|
| Docker | dev-peer0.org2.example.co...le-v0 | 6.6MB       | 6.6MB       | 0.00%    | 0.00%    | 0B         | 0B          | 0B        | 0B         |
|--------|-----------------------------------|-------------|-------------|----------|----------|------------|-------------|-----------|------------|
| Docker | dev-peer0.org1.example.co...le-v0 | 6.1MB       | 6.1MB       | 0.00%    | 0.00%    | 0B         | 0B          | 0B        | 0B         |
|--------|-----------------------------------|-------------|-------------|----------|----------|------------|-------------|-----------|------------|
| Docker | dev-peer0.org1.example.co...rm-v0 | 5.6MB       | 5.6MB       | 0.00%    | 0.00%    | 0B         | 0B          | 0B        | 0B         |
|--------|-----------------------------------|-------------|-------------|----------|----------|------------|-------------|-----------|------------|
| Docker | dev-peer0.org2.example.co...rm-v0 | 6.0MB       | 6.0MB       | 0.00%    | 0.00%    | 0B         | 0B          | 0B        | 0B         |
|--------|-----------------------------------|-------------|-------------|----------|----------|------------|-------------|-----------|------------|
| Docker | dev-peer0.org2.example.co...es-v0 | 5.8MB       | 5.8MB       | 0.00%    | 0.00%    | 84B        | 84B         | 0B        | 0B         |
|--------|-----------------------------------|-------------|-------------|----------|----------|------------|-------------|-----------|------------|
| Docker | dev-peer0.org1.example.co...es-v0 | 5.6MB       | 5.6MB       | 0.00%    | 0.00%    | 84B        | 84B         | 0B        | 0B         |
|--------|-----------------------------------|-------------|-------------|----------|----------|------------|-------------|-----------|------------|
| Docker | peer0.org2.example.com            | 157.1MB     | 140.4MB     | 192.77%  | 164.09%  | 7.9MB      | 4.1MB       | 0B        | 9.9MB      |
|--------|-----------------------------------|-------------|-------------|----------|----------|------------|-------------|-----------|------------|
| Docker | peer0.org1.example.com            | 168.1MB     | 148.1MB     | 160.55%  | 149.87%  | 9.5MB      | 5.0MB       | 0B        | 11.8MB     |
|--------|-----------------------------------|-------------|-------------|----------|----------|------------|-------------|-----------|------------|
| Docker | orderer1.example.com              | 64.3MB      | 61.1MB      | 70.17%   | 62.92%   | 8.1MB      | 13.1MB      | 0B        | 10.6MB     |
|--------|-----------------------------------|-------------|-------------|----------|----------|------------|-------------|-----------|------------|
| Docker | orderer0.example.com              | 61.6MB      | 58.3MB      | 74.13%   | 56.92%   | 8.4MB      | 2.9MB       | 0B        | 12.2MB     |
|--------|-----------------------------------|-------------|-------------|----------|----------|------------|-------------|-----------|------------|
| Docker | kafka0                            | 423.4MB     | 420.4MB     | 6.15%    | 4.66%    | 6.3MB      | 170.3KB     | 0B        | 8.0KB      |
|--------|-----------------------------------|-------------|-------------|----------|----------|------------|-------------|-----------|------------|
| Docker | kafka3                            | 618.5MB     | 605.5MB     | 57.31%   | 38.44%   | 6.9MB      | 25.7MB      | 0B        | 0B         |
|--------|-----------------------------------|-------------|-------------|----------|----------|------------|-------------|-----------|------------|
| Docker | kafka1                            | 465.6MB     | 462.5MB     | 6.12%    | 4.84%    | 6.4MB      | 191.4KB     | 0B        | 8.0KB      |
|--------|-----------------------------------|-------------|-------------|----------|----------|------------|-------------|-----------|------------|
| Docker | kafka2                            | 401.9MB     | 401.8MB     | 1.00%    | 0.70%    | 2.5KB      | 1.6KB       | 0B        | 8.0KB      |
|--------|-----------------------------------|-------------|-------------|----------|----------|------------|-------------|-----------|------------|
| Docker | zookeeper0                        | 77.0MB      | 77.0MB      | 0.13%    | 0.11%    | 592B       | 368B        | 0B        | 0B         |
|--------|-----------------------------------|-------------|-------------|----------|----------|------------|-------------|-----------|------------|
| Docker | ca.org1.example.com               | 8.6MB       | 8.6MB       | 0.00%    | 0.00%    | 0B         | 0B          | 0B        | 0B         |
|--------|-----------------------------------|-------------|-------------|----------|----------|------------|-------------|-----------|------------|
| Docker | ca.org2.example.com               | 8.2MB       | 8.2MB       | 0.00%    | 0.00%    | 0B         | 0B          | 0B        | 0B         |
|--------|-----------------------------------|-------------|-------------|----------|----------|------------|-------------|-----------|------------|
| Docker | zookeeper2                        | 70.4MB      | 70.4MB      | 0.75%    | 0.43%    | 392B       | 608B        | 0B        | 0B         |
|--------|-----------------------------------|-------------|-------------|----------|----------|------------|-------------|-----------|------------|
| Docker | zookeeper1                        | 79.2MB      | 79.2MB      | 0.13%    | 0.12%    | 744B       | 454B        | 0B        | 0B         |
+--------+-----------------------------------+-------------+-------------+----------+----------+------------+-------------+-----------+------------+
 

2020-05-26T21:27:12+09:00 - INFO [defaultTest]: ------ Passed 'smallOperations' testing ------ 

2020-05-26T21:27:12+09:00 - INFO [caliper-flow]: ---------- Finished Test ----------
 

2020-05-26T21:27:12+09:00 - INFO [report-builder]: ###all test results:### 

2020-05-26T21:27:12+09:00 - INFO [report-builder]: 
+------+-----------------+------+------+-----------+-------------+-------------+-------------+------------+
| Test | Name            | Succ | Fail | Send Rate | Max Latency | Min Latency | Avg Latency | Throughput |
|------|-----------------|------|------|-----------|-------------|-------------|-------------|------------|
| 1    | smallOperations | 2000 | 0    | 658.3 tps | 3.31 s      | 0.42 s      | 2.08 s      | 341.6 tps  |
+------+-----------------+------+------+-----------+-------------+-------------+-------------+------------+
 

2020-05-26T21:27:12+09:00 - INFO [monitor.js]: 
 ### resource stats (maximum) ### 

2020-05-26T21:27:12+09:00 - INFO [monitor.js]: 
+--------+-----------------------------------+-------------+----------+------------+-------------+-----------+------------+
| TYPE   | NAME                              | Memory(max) | CPU(max) | Traffic In | Traffic Out | Disc Read | Disc Write |
|--------|-----------------------------------|-------------|----------|------------|-------------|-----------|------------|
| Docker | dev-peer0.org1.example.co...nk-v0 | 12.3MB      | 4.28%    | 3.5MB      | 1.7MB       | 0B        | 0B         |
|--------|-----------------------------------|-------------|----------|------------|-------------|-----------|------------|
| Docker | dev-peer0.org2.example.co...nk-v0 | 12.3MB      | 25.49%   | 2.4MB      | 1.2MB       | 0B        | 0B         |
|--------|-----------------------------------|-------------|----------|------------|-------------|-----------|------------|
| Docker | dev-peer0.org2.example.co...le-v0 | 6.6MB       | 0.00%    | 0B         | 0B          | 0B        | 0B         |
|--------|-----------------------------------|-------------|----------|------------|-------------|-----------|------------|
| Docker | dev-peer0.org1.example.co...le-v0 | 6.1MB       | 0.00%    | 0B         | 0B          | 0B        | 0B         |
|--------|-----------------------------------|-------------|----------|------------|-------------|-----------|------------|
| Docker | dev-peer0.org1.example.co...rm-v0 | 5.6MB       | 0.00%    | 0B         | 0B          | 0B        | 0B         |
|--------|-----------------------------------|-------------|----------|------------|-------------|-----------|------------|
| Docker | dev-peer0.org2.example.co...rm-v0 | 6.0MB       | 0.00%    | 0B         | 0B          | 0B        | 0B         |
|--------|-----------------------------------|-------------|----------|------------|-------------|-----------|------------|
| Docker | dev-peer0.org2.example.co...es-v0 | 5.8MB       | 0.00%    | 84B        | 84B         | 0B        | 0B         |
|--------|-----------------------------------|-------------|----------|------------|-------------|-----------|------------|
| Docker | dev-peer0.org1.example.co...es-v0 | 5.6MB       | 0.00%    | 84B        | 84B         | 0B        | 0B         |
|--------|-----------------------------------|-------------|----------|------------|-------------|-----------|------------|
| Docker | peer0.org2.example.com            | 157.1MB     | 192.77%  | 7.9MB      | 4.1MB       | 0B        | 9.9MB      |
|--------|-----------------------------------|-------------|----------|------------|-------------|-----------|------------|
| Docker | peer0.org1.example.com            | 168.1MB     | 160.55%  | 9.5MB      | 5.0MB       | 0B        | 11.8MB     |
|--------|-----------------------------------|-------------|----------|------------|-------------|-----------|------------|
| Docker | orderer1.example.com              | 64.3MB      | 70.17%   | 8.1MB      | 13.1MB      | 0B        | 10.6MB     |
|--------|-----------------------------------|-------------|----------|------------|-------------|-----------|------------|
| Docker | orderer0.example.com              | 61.6MB      | 74.13%   | 8.4MB      | 2.9MB       | 0B        | 12.2MB     |
|--------|-----------------------------------|-------------|----------|------------|-------------|-----------|------------|
| Docker | kafka0                            | 423.4MB     | 6.15%    | 6.3MB      | 170.3KB     | 0B        | 8.0KB      |
|--------|-----------------------------------|-------------|----------|------------|-------------|-----------|------------|
| Docker | kafka3                            | 618.5MB     | 57.31%   | 6.9MB      | 25.7MB      | 0B        | 0B         |
|--------|-----------------------------------|-------------|----------|------------|-------------|-----------|------------|
| Docker | kafka1                            | 465.6MB     | 6.12%    | 6.4MB      | 191.4KB     | 0B        | 8.0KB      |
|--------|-----------------------------------|-------------|----------|------------|-------------|-----------|------------|
| Docker | kafka2                            | 401.9MB     | 1.00%    | 2.5KB      | 1.6KB       | 0B        | 8.0KB      |
|--------|-----------------------------------|-------------|----------|------------|-------------|-----------|------------|
| Docker | zookeeper0                        | 77.0MB      | 0.13%    | 592B       | 368B        | 0B        | 0B         |
|--------|-----------------------------------|-------------|----------|------------|-------------|-----------|------------|
| Docker | ca.org1.example.com               | 8.6MB       | 0.00%    | 0B         | 0B          | 0B        | 0B         |
|--------|-----------------------------------|-------------|----------|------------|-------------|-----------|------------|
| Docker | ca.org2.example.com               | 8.2MB       | 0.00%    | 0B         | 0B          | 0B        | 0B         |
|--------|-----------------------------------|-------------|----------|------------|-------------|-----------|------------|
| Docker | zookeeper2                        | 70.4MB      | 0.75%    | 392B       | 608B        | 0B        | 0B         |
|--------|-----------------------------------|-------------|----------|------------|-------------|-----------|------------|
| Docker | zookeeper1                        | 79.2MB      | 0.13%    | 744B       | 454B        | 0B        | 0B         |
+--------+-----------------------------------+-------------+----------+------------+-------------+-----------+------------+
 

2020-05-26T21:27:12+09:00 - INFO [demo.js]: [Transaction Info] - Submitted: 2000 Succ: 2000 Fail:0 Unfinished:0 

2020-05-26T21:27:12+09:00 - INFO [caliper-flow]: Generated report with path /home/oslab/caliper_v0.1.0/report-20200526T122712.html 

2020-05-26T21:31:37+09:00 - DEBUG Constructed a winston logger with the specified targets:
	{"consolelogger":{"target":"console","level":"info"},"filelogger":{"target":"daily-rotate-file","level":"debug","filename":"log/caliper-%DATE%.log","datePattern":"YYYY-MM-DD-HH","maxSize":"5m","zippedArchive":true}}

2020-05-26T21:31:38+09:00 - INFO [caliper-flow]: ####### Caliper Test ####### 

2020-05-26T21:31:38+09:00 - INFO [caliper-flow]: Skipping start commands due to benchmark flow conditioning 

2020-05-26T21:31:38+09:00 - INFO [caliper-flow]: Skipping initialization phase due to benchmark flow conditioning 

2020-05-26T21:31:38+09:00 - INFO [caliper-flow]: Skipping install smart contract phase due to benchmark flow conditioning 

2020-05-26T21:31:38+09:00 - INFO [caliper-flow]: Skipping benchmark test phase due to benchmark flow conditioning 

2020-05-26T21:31:38+09:00 - INFO [caliper-utils]: Executing command: cd /home/oslab/caliper_v0.1.0/caliper/packages/caliper-samples;docker-compose -f network/fabric-v1.4.1/kafka/docker-compose.yaml down;(test -z \"$(docker ps -aq)\") || docker rm $(docker ps -aq);(test -z \"$(docker images dev* -q)\") || docker rmi $(docker images dev* -q);rm -rf /tmp/hfc-* 

2020-05-26T21:32:42+09:00 - DEBUG Constructed a winston logger with the specified targets:
	{"consolelogger":{"target":"console","level":"info"},"filelogger":{"target":"daily-rotate-file","level":"debug","filename":"log/caliper-%DATE%.log","datePattern":"YYYY-MM-DD-HH","maxSize":"5m","zippedArchive":true}}

2020-05-26T21:32:43+09:00 - INFO [caliper-flow]: ####### Caliper Test ####### 

2020-05-26T21:32:43+09:00 - INFO [caliper-utils]: Executing command: cd /home/oslab/caliper_v0.1.0/caliper/packages/caliper-samples;docker-compose -f network/fabric-v1.4.1/kafka2o2pgoleveldb/docker-compose.yaml up -d;sleep 3s 

2020-05-26T21:33:07+09:00 - INFO [adapters/fabric]: Fabric SDK version: 1.4.4; TLS: none 

2020-05-26T21:33:07+09:00 - INFO [adapters/fabric]: Org1's registrar enrolled successfully 

2020-05-26T21:33:08+09:00 - INFO [adapters/fabric]: Org2's registrar enrolled successfully 

2020-05-26T21:33:08+09:00 - INFO [adapters/fabric]: Org1's admin's materials are successfully loaded 

2020-05-26T21:33:08+09:00 - INFO [adapters/fabric]: Org2's admin's materials are successfully loaded 

2020-05-26T21:33:08+09:00 - INFO [adapters/fabric]: client0.org1.example.com's materials are successfully loaded 

2020-05-26T21:33:08+09:00 - INFO [adapters/fabric]: client0.org2.example.com's materials are successfully loaded 

2020-05-26T21:33:08+09:00 - INFO [adapters/fabric]: Channel 'mychannel' definiton being retrieved from file 

2020-05-26T21:33:08+09:00 - INFO [adapters/fabric]: Channel 'mychannel' successfully created 

2020-05-26T21:33:08+09:00 - INFO [adapters/fabric]: Sleeping 5s... 

2020-05-26T21:33:13+09:00 - INFO [adapters/fabric]: Org1's peers successfully joined mychannel: peer0.org1.example.com,peer1.org1.example.com 

2020-05-26T21:33:13+09:00 - INFO [adapters/fabric]: Org2's peers successfully joined mychannel: peer0.org2.example.com,peer1.org2.example.com 

2020-05-26T21:33:13+09:00 - INFO [adapters/fabric]: Sleeping 5s... 

2020-05-26T21:33:18+09:00 - INFO [adapters/fabric]: Installing chaincodes for mychannel... 

2020-05-26T21:33:18+09:00 - INFO [adapters/fabric]: marbles@v0 successfully installed on Org1's peers: peer0.org1.example.com,peer1.org1.example.com 

2020-05-26T21:33:18+09:00 - INFO [adapters/fabric]: marbles@v0 successfully installed on Org2's peers: peer0.org2.example.com,peer1.org2.example.com 

2020-05-26T21:33:18+09:00 - INFO [adapters/fabric]: drm@v0 successfully installed on Org1's peers: peer0.org1.example.com,peer1.org1.example.com 

2020-05-26T21:33:18+09:00 - INFO [adapters/fabric]: drm@v0 successfully installed on Org2's peers: peer0.org2.example.com,peer1.org2.example.com 

2020-05-26T21:33:18+09:00 - INFO [adapters/fabric]: simple@v0 successfully installed on Org1's peers: peer0.org1.example.com,peer1.org1.example.com 

2020-05-26T21:33:18+09:00 - INFO [adapters/fabric]: simple@v0 successfully installed on Org2's peers: peer0.org2.example.com,peer1.org2.example.com 

2020-05-26T21:33:18+09:00 - INFO [adapters/fabric]: smallbank@v0 successfully installed on Org1's peers: peer0.org1.example.com,peer1.org1.example.com 

2020-05-26T21:33:18+09:00 - INFO [adapters/fabric]: smallbank@v0 successfully installed on Org2's peers: peer0.org2.example.com,peer1.org2.example.com 

2020-05-26T21:33:18+09:00 - INFO [adapters/fabric]: Instantiating marbles@v0 in mychannel. This might take some time... 

2020-05-26T21:33:36+09:00 - INFO [adapters/fabric]: Successfully instantiated marbles@v0 in mychannel 

2020-05-26T21:33:36+09:00 - INFO [adapters/fabric]: Instantiating drm@v0 in mychannel. This might take some time... 

2020-05-26T21:33:54+09:00 - INFO [adapters/fabric]: Successfully instantiated drm@v0 in mychannel 

2020-05-26T21:33:54+09:00 - INFO [adapters/fabric]: Instantiating simple@v0 in mychannel. This might take some time... 

2020-05-26T21:34:12+09:00 - INFO [adapters/fabric]: Successfully instantiated simple@v0 in mychannel 

2020-05-26T21:34:12+09:00 - INFO [adapters/fabric]: Instantiating smallbank@v0 in mychannel. This might take some time... 

2020-05-26T21:34:31+09:00 - INFO [adapters/fabric]: Successfully instantiated smallbank@v0 in mychannel 

2020-05-26T21:34:31+09:00 - INFO [adapters/fabric]: Sleeping 5s... 

2020-05-26T21:34:36+09:00 - INFO [caliper-flow]: Skipping benchmark test phase due to benchmark flow conditioning 

