2020-08-26T13:22:00+09:00 - DEBUG Constructed a winston logger with the specified targets:
	{"consolelogger":{"target":"console","level":"info"},"filelogger":{"target":"daily-rotate-file","level":"debug","filename":"log/caliper-%DATE%.log","datePattern":"YYYY-MM-DD-HH","maxSize":"5m","zippedArchive":true}}

2020-08-26T13:22:01+09:00 - INFO [caliper-flow]: ####### Caliper Test ####### 

2020-08-26T13:22:01+09:00 - INFO [caliper-utils]: Executing command: cd /home/oslab/caliper_v0.1.0/caliper/packages/caliper-samples;docker-compose -f network/fabric-v1.4.1/kafka2o2pgoleveldb/docker-compose.yaml up -d;sleep 3s 

2020-08-26T13:22:06+09:00 - INFO [adapters/fabric]: Fabric SDK version: 1.4.4; TLS: none 

2020-08-26T13:22:06+09:00 - WARN [adapters/fabric]: Org1's registrar's materials found locally in file system key-value stores. Make sure it is the right one! 

2020-08-26T13:22:06+09:00 - WARN [adapters/fabric]: Org2's registrar's materials found locally in file system key-value stores. Make sure it is the right one! 

2020-08-26T13:22:06+09:00 - WARN [adapters/fabric]: Org1's admin's materials found locally in file system key-value stores. Make sure it is the right one! 

2020-08-26T13:22:06+09:00 - WARN [adapters/fabric]: Org2's admin's materials found locally in file system key-value stores. Make sure it is the right one! 

2020-08-26T13:22:06+09:00 - WARN [adapters/fabric]: client0.org1.example.com's materials found locally in file system key-value stores. Make sure it is the right one! 

2020-08-26T13:22:06+09:00 - WARN [adapters/fabric]: client0.org2.example.com's materials found locally in file system key-value stores. Make sure it is the right one! 

2020-08-26T13:22:06+09:00 - INFO [adapters/fabric]: Channel 'mychannel' definiton being retrieved from file 

2020-08-26T13:22:06+09:00 - ERROR [caliper-flow]: Error: Error: Couldn't create Channel 'mychannel': Orderer response indicated unsuccessful Channel 'mychannel' creation: BAD_REQUEST
    at Fabric._createChannels (/home/oslab/caliper_v0.1.0/node_modules/@hyperledger/caliper-fabric/lib/fabric.js:336:23)
    at <anonymous>
    at process._tickCallback (internal/process/next_tick.js:189:7) 

2020-08-26T13:24:32+09:00 - DEBUG Constructed a winston logger with the specified targets:
	{"consolelogger":{"target":"console","level":"info"},"filelogger":{"target":"daily-rotate-file","level":"debug","filename":"log/caliper-%DATE%.log","datePattern":"YYYY-MM-DD-HH","maxSize":"5m","zippedArchive":true}}

2020-08-26T13:24:33+09:00 - INFO [caliper-flow]: ####### Caliper Test ####### 

2020-08-26T13:24:33+09:00 - INFO [caliper-flow]: Skipping start commands due to benchmark flow conditioning 

2020-08-26T13:24:33+09:00 - INFO [caliper-flow]: Skipping initialization phase due to benchmark flow conditioning 

2020-08-26T13:24:33+09:00 - INFO [caliper-flow]: Skipping install smart contract phase due to benchmark flow conditioning 

2020-08-26T13:24:33+09:00 - INFO [caliper-flow]: Skipping benchmark test phase due to benchmark flow conditioning 

2020-08-26T13:24:33+09:00 - INFO [caliper-utils]: Executing command: cd /home/oslab/caliper_v0.1.0/caliper/packages/caliper-samples;docker-compose -f network/fabric-v1.4.1/kafka2o2pgoleveldb/docker-compose.yaml down;(test -z \"$(docker ps -aq)\") || docker rm $(docker ps -aq);(test -z \"$(docker images dev* -q)\") || docker rmi $(docker images dev* -q);rm -rf /tmp/hfc-* 

2020-08-26T13:25:01+09:00 - DEBUG Constructed a winston logger with the specified targets:
	{"consolelogger":{"target":"console","level":"info"},"filelogger":{"target":"daily-rotate-file","level":"debug","filename":"log/caliper-%DATE%.log","datePattern":"YYYY-MM-DD-HH","maxSize":"5m","zippedArchive":true}}

2020-08-26T13:25:02+09:00 - INFO [caliper-flow]: ####### Caliper Test ####### 

2020-08-26T13:25:02+09:00 - INFO [caliper-utils]: Executing command: cd /home/oslab/caliper_v0.1.0/caliper/packages/caliper-samples;docker-compose -f network/fabric-v1.4.1/kafka2o2pgoleveldb/docker-compose.yaml up -d;sleep 3s 

2020-08-26T13:25:24+09:00 - INFO [adapters/fabric]: Fabric SDK version: 1.4.4; TLS: none 

2020-08-26T13:25:25+09:00 - INFO [adapters/fabric]: Org1's registrar enrolled successfully 

2020-08-26T13:25:25+09:00 - INFO [adapters/fabric]: Org2's registrar enrolled successfully 

2020-08-26T13:25:25+09:00 - INFO [adapters/fabric]: Org1's admin's materials are successfully loaded 

2020-08-26T13:25:25+09:00 - INFO [adapters/fabric]: Org2's admin's materials are successfully loaded 

2020-08-26T13:25:25+09:00 - INFO [adapters/fabric]: client0.org1.example.com's materials are successfully loaded 

2020-08-26T13:25:25+09:00 - INFO [adapters/fabric]: client0.org2.example.com's materials are successfully loaded 

2020-08-26T13:25:25+09:00 - INFO [adapters/fabric]: Channel 'mychannel' definiton being retrieved from file 

2020-08-26T13:25:25+09:00 - INFO [adapters/fabric]: Channel 'mychannel' successfully created 

2020-08-26T13:25:25+09:00 - INFO [adapters/fabric]: Sleeping 5s... 

2020-08-26T13:25:30+09:00 - INFO [adapters/fabric]: Org1's peers successfully joined mychannel: peer0.org1.example.com,peer1.org1.example.com 

2020-08-26T13:25:30+09:00 - INFO [adapters/fabric]: Org2's peers successfully joined mychannel: peer0.org2.example.com,peer1.org2.example.com 

2020-08-26T13:25:30+09:00 - INFO [adapters/fabric]: Sleeping 5s... 

2020-08-26T13:25:36+09:00 - INFO [adapters/fabric]: Installing chaincodes for mychannel... 

2020-08-26T13:25:36+09:00 - INFO [adapters/fabric]: marbles@v0 successfully installed on Org1's peers: peer0.org1.example.com,peer1.org1.example.com 

2020-08-26T13:25:36+09:00 - INFO [adapters/fabric]: marbles@v0 successfully installed on Org2's peers: peer0.org2.example.com,peer1.org2.example.com 

2020-08-26T13:25:36+09:00 - INFO [adapters/fabric]: drm@v0 successfully installed on Org1's peers: peer0.org1.example.com,peer1.org1.example.com 

2020-08-26T13:25:36+09:00 - INFO [adapters/fabric]: drm@v0 successfully installed on Org2's peers: peer0.org2.example.com,peer1.org2.example.com 

2020-08-26T13:25:36+09:00 - INFO [adapters/fabric]: simple@v0 successfully installed on Org1's peers: peer0.org1.example.com,peer1.org1.example.com 

2020-08-26T13:25:36+09:00 - INFO [adapters/fabric]: simple@v0 successfully installed on Org2's peers: peer0.org2.example.com,peer1.org2.example.com 

2020-08-26T13:25:36+09:00 - INFO [adapters/fabric]: smallbank@v0 successfully installed on Org1's peers: peer0.org1.example.com,peer1.org1.example.com 

2020-08-26T13:25:36+09:00 - INFO [adapters/fabric]: smallbank@v0 successfully installed on Org2's peers: peer0.org2.example.com,peer1.org2.example.com 

2020-08-26T13:25:36+09:00 - INFO [adapters/fabric]: Instantiating marbles@v0 in mychannel. This might take some time... 

2020-08-26T13:25:54+09:00 - INFO [adapters/fabric]: Successfully instantiated marbles@v0 in mychannel 

2020-08-26T13:25:54+09:00 - INFO [adapters/fabric]: Instantiating drm@v0 in mychannel. This might take some time... 

2020-08-26T13:26:13+09:00 - INFO [adapters/fabric]: Successfully instantiated drm@v0 in mychannel 

2020-08-26T13:26:13+09:00 - INFO [adapters/fabric]: Instantiating simple@v0 in mychannel. This might take some time... 

2020-08-26T13:26:31+09:00 - INFO [adapters/fabric]: Successfully instantiated simple@v0 in mychannel 

2020-08-26T13:26:31+09:00 - INFO [adapters/fabric]: Instantiating smallbank@v0 in mychannel. This might take some time... 

2020-08-26T13:26:50+09:00 - INFO [adapters/fabric]: Successfully instantiated smallbank@v0 in mychannel 

2020-08-26T13:26:50+09:00 - INFO [adapters/fabric]: Sleeping 5s... 

2020-08-26T13:26:55+09:00 - INFO [caliper-flow]: Started monitor successfully 

2020-08-26T13:26:55+09:00 - INFO [defaultTest]: ####### Testing 'smallOperations' ####### 

2020-08-26T13:26:55+09:00 - INFO [defaultTest]: ------ Test round 1 ------ 

2020-08-26T13:26:55+09:00 - INFO [client-util.js]: Launching client with PID  4567 

2020-08-26T13:26:55+09:00 - INFO [client-util.js]: Launching client with PID  4572 

2020-08-26T13:26:55+09:00 - INFO [client-util.js]: Launching client with PID  4578 

2020-08-26T13:26:55+09:00 - INFO [client-util.js]: Launching client with PID  4584 

2020-08-26T13:26:55+09:00 - INFO [client-util.js]: Launching client with PID  4590 

2020-08-26T13:26:55+09:00 - INFO [client-util.js]: Waiting for 5 clients to be ready...  

2020-08-26T13:26:56+09:00 - INFO [demo.js]: [Transaction Info] - Submitted: 0 Succ: 0 Fail:0 Unfinished:0 

2020-08-26T13:26:55+09:00 - DEBUG Constructed a winston logger with the specified targets:
	{"consolelogger":{"target":"console","level":"info"},"filelogger":{"target":"daily-rotate-file","level":"debug","filename":"log/caliper-%DATE%.log","datePattern":"YYYY-MM-DD-HH","maxSize":"5m","zippedArchive":true}}

2020-08-26T13:26:55+09:00 - DEBUG Constructed a winston logger with the specified targets:
	{"consolelogger":{"target":"console","level":"info"},"filelogger":{"target":"daily-rotate-file","level":"debug","filename":"log/caliper-%DATE%.log","datePattern":"YYYY-MM-DD-HH","maxSize":"5m","zippedArchive":true}}

2020-08-26T13:26:55+09:00 - DEBUG Constructed a winston logger with the specified targets:
	{"consolelogger":{"target":"console","level":"info"},"filelogger":{"target":"daily-rotate-file","level":"debug","filename":"log/caliper-%DATE%.log","datePattern":"YYYY-MM-DD-HH","maxSize":"5m","zippedArchive":true}}

2020-08-26T13:26:55+09:00 - DEBUG Constructed a winston logger with the specified targets:
	{"consolelogger":{"target":"console","level":"info"},"filelogger":{"target":"daily-rotate-file","level":"debug","filename":"log/caliper-%DATE%.log","datePattern":"YYYY-MM-DD-HH","maxSize":"5m","zippedArchive":true}}

2020-08-26T13:26:55+09:00 - DEBUG Constructed a winston logger with the specified targets:
	{"consolelogger":{"target":"console","level":"info"},"filelogger":{"target":"daily-rotate-file","level":"debug","filename":"log/caliper-%DATE%.log","datePattern":"YYYY-MM-DD-HH","maxSize":"5m","zippedArchive":true}}

2020-08-26T13:26:56+09:00 - INFO [client-util.js]: Client ready message recieved 

2020-08-26T13:26:56+09:00 - INFO [fabric/fabricClientWorker]: Client ready 

2020-08-26T13:26:56+09:00 - INFO [client-util.js]: Client ready message recieved 

2020-08-26T13:26:56+09:00 - INFO [fabric/fabricClientWorker]: Client ready 

2020-08-26T13:26:56+09:00 - INFO [client-util.js]: Client ready message recieved 

2020-08-26T13:26:56+09:00 - INFO [fabric/fabricClientWorker]: Client ready 

2020-08-26T13:26:56+09:00 - INFO [client-util.js]: Client ready message recieved 

2020-08-26T13:26:56+09:00 - INFO [fabric/fabricClientWorker]: Client ready 

2020-08-26T13:26:56+09:00 - INFO [client-util.js]: Client ready message recieved 

2020-08-26T13:26:56+09:00 - INFO [client-util.js]: 5 clients ready, starting test phase 

2020-08-26T13:26:56+09:00 - INFO [fabric/fabricClientWorker]: Client ready 

2020-08-26T13:26:56+09:00 - DEBUG [local-client.js]: doTest() with:
	{"type":"test","label":"smallOperations","rateControl":{"type":"fixed-rate","opts":{"tps":2000}},"trim":0,"args":{"accounts":400,"txnPerBatch":1},"cb":"benchmark/smallbank/smallbankOperations.js","config":"/home/oslab/caliper_v0.1.0/caliper/packages/caliper-samples/network/fabric-v1.4.1/kafka2o2pgoleveldb/fabric-go.yaml","root":"/home/oslab/caliper_v0.1.0/caliper/packages/caliper-samples","numb":400,"roundIdx":1,"totalClients":5,"clients":5,"clientargs":{},"clientIdx":0}

2020-08-26T13:26:56+09:00 - DEBUG [local-client.js]: doTest() with:
	{"type":"test","label":"smallOperations","rateControl":{"type":"fixed-rate","opts":{"tps":2000}},"trim":0,"args":{"accounts":400,"txnPerBatch":1},"cb":"benchmark/smallbank/smallbankOperations.js","config":"/home/oslab/caliper_v0.1.0/caliper/packages/caliper-samples/network/fabric-v1.4.1/kafka2o2pgoleveldb/fabric-go.yaml","root":"/home/oslab/caliper_v0.1.0/caliper/packages/caliper-samples","numb":400,"roundIdx":1,"totalClients":5,"clients":5,"clientargs":{},"clientIdx":3}

2020-08-26T13:26:56+09:00 - DEBUG [local-client.js]: doTest() with:
	{"type":"test","label":"smallOperations","rateControl":{"type":"fixed-rate","opts":{"tps":2000}},"trim":0,"args":{"accounts":400,"txnPerBatch":1},"cb":"benchmark/smallbank/smallbankOperations.js","config":"/home/oslab/caliper_v0.1.0/caliper/packages/caliper-samples/network/fabric-v1.4.1/kafka2o2pgoleveldb/fabric-go.yaml","root":"/home/oslab/caliper_v0.1.0/caliper/packages/caliper-samples","numb":400,"roundIdx":1,"totalClients":5,"clients":5,"clientargs":{},"clientIdx":1}

2020-08-26T13:26:56+09:00 - DEBUG [local-client.js]: doTest() with:
	{"type":"test","label":"smallOperations","rateControl":{"type":"fixed-rate","opts":{"tps":2000}},"trim":0,"args":{"accounts":400,"txnPerBatch":1},"cb":"benchmark/smallbank/smallbankOperations.js","config":"/home/oslab/caliper_v0.1.0/caliper/packages/caliper-samples/network/fabric-v1.4.1/kafka2o2pgoleveldb/fabric-go.yaml","root":"/home/oslab/caliper_v0.1.0/caliper/packages/caliper-samples","numb":400,"roundIdx":1,"totalClients":5,"clients":5,"clientargs":{},"clientIdx":2}

2020-08-26T13:26:56+09:00 - DEBUG [local-client.js]: doTest() with:
	{"type":"test","label":"smallOperations","rateControl":{"type":"fixed-rate","opts":{"tps":2000}},"trim":0,"args":{"accounts":400,"txnPerBatch":1},"cb":"benchmark/smallbank/smallbankOperations.js","config":"/home/oslab/caliper_v0.1.0/caliper/packages/caliper-samples/network/fabric-v1.4.1/kafka2o2pgoleveldb/fabric-go.yaml","root":"/home/oslab/caliper_v0.1.0/caliper/packages/caliper-samples","numb":400,"roundIdx":1,"totalClients":5,"clients":5,"clientargs":{},"clientIdx":4}

2020-08-26T13:26:56+09:00 - INFO [local-client.js]: txUpdateTime: 1000 

2020-08-26T13:26:56+09:00 - INFO [local-client.js]: txUpdateTime: 1000 

2020-08-26T13:26:56+09:00 - INFO [local-client.js]: txUpdateTime: 1000 

2020-08-26T13:26:56+09:00 - INFO [local-client.js]: txUpdateTime: 1000 

2020-08-26T13:26:56+09:00 - INFO [local-client.js]: txUpdateTime: 1000 

2020-08-26T13:26:57+09:00 - INFO [local-client.js]: Info: client 4572 start test runFixedNumber():small_bank_operations 

2020-08-26T13:26:57+09:00 - INFO [local-client.js]: Info: client 4590 start test runFixedNumber():small_bank_operations 

2020-08-26T13:26:57+09:00 - DEBUG [rateControl.js]: Creating rate controller for client#1 for round#1
	{"type":"fixed-rate","opts":{"tps":2000}}

2020-08-26T13:26:57+09:00 - DEBUG [rateControl.js]: Creating rate controller for client#4 for round#1
	{"type":"fixed-rate","opts":{"tps":2000}}

2020-08-26T13:26:57+09:00 - INFO [local-client.js]: Info: client 4584 start test runFixedNumber():small_bank_operations 

2020-08-26T13:26:57+09:00 - DEBUG [rateControl.js]: Creating rate controller for client#3 for round#1
	{"type":"fixed-rate","opts":{"tps":2000}}

2020-08-26T13:26:57+09:00 - INFO [local-client.js]: Info: client 4578 start test runFixedNumber():small_bank_operations 

2020-08-26T13:26:57+09:00 - INFO [local-client.js]: Info: client 4567 start test runFixedNumber():small_bank_operations 

2020-08-26T13:26:57+09:00 - DEBUG [rateControl.js]: Creating rate controller for client#2 for round#1
	{"type":"fixed-rate","opts":{"tps":2000}}

2020-08-26T13:26:57+09:00 - DEBUG [rateControl.js]: Creating rate controller for client#0 for round#1
	{"type":"fixed-rate","opts":{"tps":2000}}

2020-08-26T13:26:57+09:00 - INFO [demo.js]: [Transaction Info] - Submitted: 0 Succ: 0 Fail:0 Unfinished:0 

2020-08-26T13:26:58+09:00 - INFO [demo.js]: [Transaction Info] - Submitted: 537 Succ: 0 Fail:0 Unfinished:537 

2020-08-26T13:26:59+09:00 - INFO [demo.js]: [Transaction Info] - Submitted: 1141 Succ: 476 Fail:0 Unfinished:665 

2020-08-26T13:27:00+09:00 - INFO [demo.js]: [Transaction Info] - Submitted: 1817 Succ: 969 Fail:0 Unfinished:848 

2020-08-26T13:27:01+09:00 - DEBUG [report-builder]: r.create.max: 1598416020.371 r.create.min: 1598416017.09 r.final.max: 1598416020.959 r.final.min: 1598416018.35 r.final.last: 1598416020.959 

2020-08-26T13:27:01+09:00 - DEBUG [report-builder]:  throughput for only success time computed: 516.9 

2020-08-26T13:27:01+09:00 - DEBUG [report-builder]: sendTransactionProposal: 0ms length: 2000 

2020-08-26T13:27:01+09:00 - DEBUG [report-builder]: sendTransaction: 0ms 

2020-08-26T13:27:01+09:00 - DEBUG [report-builder]: invokeLatency: 0ms 

2020-08-26T13:27:01+09:00 - INFO [report-builder]: ###test result:### 

2020-08-26T13:27:01+09:00 - INFO [report-builder]: 
+-----------------+------+------+-----------+-------------+-------------+-------------+------------+
| Name            | Succ | Fail | Send Rate | Max Latency | Min Latency | Avg Latency | Throughput |
|-----------------|------|------|-----------|-------------|-------------|-------------|------------|
| smallOperations | 2000 | 0    | 609.6 tps | 1.66 s      | 0.58 s      | 1.12 s      | 516.9 tps  |
+-----------------+------+------+-----------+-------------+-------------+-------------+------------+
 

2020-08-26T13:27:01+09:00 - INFO [report-builder]: ### resource stats ### 

2020-08-26T13:27:01+09:00 - INFO [report-builder]: 
+--------+-----------------------------------+-------------+-------------+----------+----------+------------+-------------+-----------+------------+
| TYPE   | NAME                              | Memory(max) | Memory(avg) | CPU(max) | CPU(avg) | Traffic In | Traffic Out | Disc Read | Disc Write |
|--------|-----------------------------------|-------------|-------------|----------|----------|------------|-------------|-----------|------------|
| Docker | dev-peer0.org1.example.co...nk-v0 | 8.5MB       | 7.7MB       | 16.00%   | 8.00%    | 1.4MB      | 740.7KB     | 0B        | 0B         |
|--------|-----------------------------------|-------------|-------------|----------|----------|------------|-------------|-----------|------------|
| Docker | dev-peer0.org2.example.co...nk-v0 | 8.5MB       | 7.9MB       | 16.28%   | 11.13%   | 1.2MB      | 625.8KB     | 0B        | 0B         |
|--------|-----------------------------------|-------------|-------------|----------|----------|------------|-------------|-----------|------------|
| Docker | dev-peer1.org2.example.co...nk-v0 | 8.7MB       | 7.9MB       | 16.41%   | 10.38%   | 1.3MB      | 664.0KB     | 0B        | 0B         |
|--------|-----------------------------------|-------------|-------------|----------|----------|------------|-------------|-----------|------------|
| Docker | dev-peer1.org1.example.co...nk-v0 | 8.8MB       | 8.1MB       | 15.81%   | 10.91%   | 1.2MB      | 619.5KB     | 0B        | 0B         |
|--------|-----------------------------------|-------------|-------------|----------|----------|------------|-------------|-----------|------------|
| Docker | dev-peer0.org2.example.co...le-v0 | 7.1MB       | 7.1MB       | 0.00%    | 0.00%    | 70B        | 0B          | 0B        | 0B         |
|--------|-----------------------------------|-------------|-------------|----------|----------|------------|-------------|-----------|------------|
| Docker | dev-peer1.org2.example.co...le-v0 | 7.2MB       | 7.2MB       | 0.00%    | 0.00%    | 0B         | 0B          | 0B        | 0B         |
|--------|-----------------------------------|-------------|-------------|----------|----------|------------|-------------|-----------|------------|
| Docker | dev-peer1.org1.example.co...le-v0 | 7.2MB       | 7.2MB       | 0.00%    | 0.00%    | 0B         | 0B          | 0B        | 0B         |
|--------|-----------------------------------|-------------|-------------|----------|----------|------------|-------------|-----------|------------|
| Docker | dev-peer0.org1.example.co...le-v0 | 7.2MB       | 7.2MB       | 0.00%    | 0.00%    | 0B         | 0B          | 0B        | 0B         |
|--------|-----------------------------------|-------------|-------------|----------|----------|------------|-------------|-----------|------------|
| Docker | dev-peer0.org1.example.co...rm-v0 | 7.0MB       | 7.0MB       | 0.00%    | 0.00%    | 0B         | 0B          | 0B        | 0B         |
|--------|-----------------------------------|-------------|-------------|----------|----------|------------|-------------|-----------|------------|
| Docker | dev-peer1.org2.example.co...rm-v0 | 7.3MB       | 7.3MB       | 0.00%    | 0.00%    | 0B         | 0B          | 0B        | 0B         |
|--------|-----------------------------------|-------------|-------------|----------|----------|------------|-------------|-----------|------------|
| Docker | dev-peer1.org1.example.co...rm-v0 | 7.2MB       | 7.2MB       | 0.00%    | 0.00%    | 0B         | 0B          | 0B        | 0B         |
|--------|-----------------------------------|-------------|-------------|----------|----------|------------|-------------|-----------|------------|
| Docker | dev-peer0.org2.example.co...rm-v0 | 6.9MB       | 6.9MB       | 0.00%    | 0.00%    | 0B         | 0B          | 0B        | 0B         |
|--------|-----------------------------------|-------------|-------------|----------|----------|------------|-------------|-----------|------------|
| Docker | dev-peer0.org1.example.co...es-v0 | 7.1MB       | 7.1MB       | 0.00%    | 0.00%    | 203B       | 0B          | 0B        | 0B         |
|--------|-----------------------------------|-------------|-------------|----------|----------|------------|-------------|-----------|------------|
| Docker | dev-peer1.org2.example.co...es-v0 | 6.9MB       | 6.9MB       | 0.00%    | 0.00%    | 0B         | 0B          | 0B        | 0B         |
|--------|-----------------------------------|-------------|-------------|----------|----------|------------|-------------|-----------|------------|
| Docker | dev-peer1.org1.example.co...es-v0 | 6.9MB       | 6.9MB       | 0.00%    | 0.00%    | 0B         | 0B          | 0B        | 0B         |
|--------|-----------------------------------|-------------|-------------|----------|----------|------------|-------------|-----------|------------|
| Docker | dev-peer0.org2.example.co...es-v0 | 6.9MB       | 6.9MB       | 0.00%    | 0.00%    | 0B         | 0B          | 0B        | 0B         |
|--------|-----------------------------------|-------------|-------------|----------|----------|------------|-------------|-----------|------------|
| Docker | peer0.org1.example.com            | 168.5MB     | 164.4MB     | 195.94%  | 114.54%  | 6.6MB      | 2.5MB       | 0B        | 10.9MB     |
|--------|-----------------------------------|-------------|-------------|----------|----------|------------|-------------|-----------|------------|
| Docker | peer1.org2.example.com            | 182.5MB     | 168.1MB     | 198.02%  | 109.75%  | 6.7MB      | 2.7MB       | 0B        | 10.9MB     |
|--------|-----------------------------------|-------------|-------------|----------|----------|------------|-------------|-----------|------------|
| Docker | peer1.org1.example.com            | 182.0MB     | 172.9MB     | 199.35%  | 112.17%  | 6.6MB      | 2.6MB       | 0B        | 10.9MB     |
|--------|-----------------------------------|-------------|-------------|----------|----------|------------|-------------|-----------|------------|
| Docker | peer0.org2.example.com            | 181.5MB     | 173.5MB     | 195.98%  | 109.90%  | 6.7MB      | 2.7MB       | 0B        | 10.9MB     |
|--------|-----------------------------------|-------------|-------------|----------|----------|------------|-------------|-----------|------------|
| Docker | orderer0.example.com              | 51.3MB      | 34.8MB      | 79.54%   | 47.14%   | 9.2MB      | 23.4MB      | 0B        | 13.4MB     |
|--------|-----------------------------------|-------------|-------------|----------|----------|------------|-------------|-----------|------------|
| Docker | orderer1.example.com              | 39.3MB      | 28.4MB      | 95.05%   | 56.85%   | 9.4MB      | 3.3MB       | 0B        | 13.4MB     |
|--------|-----------------------------------|-------------|-------------|----------|----------|------------|-------------|-----------|------------|
| Docker | kafka2                            | 349.0MB     | 349.0MB     | 0.81%    | 0.76%    | 2.0KB      | 1.2KB       | 0B        | 0B         |
|--------|-----------------------------------|-------------|-------------|----------|----------|------------|-------------|-----------|------------|
| Docker | kafka3                            | 384.9MB     | 366.1MB     | 254.78%  | 152.50%  | 6.0MB      | 22.9MB      | 0B        | 0B         |
|--------|-----------------------------------|-------------|-------------|----------|----------|------------|-------------|-----------|------------|
| Docker | kafka1                            | 355.5MB     | 347.5MB     | 70.62%   | 39.85%   | 5.7MB      | 130.5KB     | 0B        | 0B         |
|--------|-----------------------------------|-------------|-------------|----------|----------|------------|-------------|-----------|------------|
| Docker | kafka0                            | 346.2MB     | 340.9MB     | 18.49%   | 12.52%   | 5.8MB      | 126.5KB     | 0B        | 0B         |
|--------|-----------------------------------|-------------|-------------|----------|----------|------------|-------------|-----------|------------|
| Docker | ca.org1.example.com               | 10.2MB      | 10.2MB      | 0.00%    | 0.00%    | 0B         | 0B          | 0B        | 0B         |
|--------|-----------------------------------|-------------|-------------|----------|----------|------------|-------------|-----------|------------|
| Docker | zookeeper1                        | 52.5MB      | 52.5MB      | 0.34%    | 0.23%    | 592B       | 356B        | 0B        | 0B         |
|--------|-----------------------------------|-------------|-------------|----------|----------|------------|-------------|-----------|------------|
| Docker | zookeeper0                        | 51.7MB      | 51.7MB      | 0.12%    | 0.12%    | 448B       | 270B        | 0B        | 0B         |
|--------|-----------------------------------|-------------|-------------|----------|----------|------------|-------------|-----------|------------|
| Docker | ca.org2.example.com               | 9.9MB       | 9.9MB       | 0.00%    | 0.00%    | 0B         | 0B          | 0B        | 0B         |
|--------|-----------------------------------|-------------|-------------|----------|----------|------------|-------------|-----------|------------|
| Docker | zookeeper2                        | 57.0MB      | 56.9MB      | 0.16%    | 0.14%    | 656B       | 780B        | 0B        | 0B         |
+--------+-----------------------------------+-------------+-------------+----------+----------+------------+-------------+-----------+------------+
 

2020-08-26T13:27:01+09:00 - INFO [defaultTest]: ------ Passed 'smallOperations' testing ------ 

2020-08-26T13:27:01+09:00 - INFO [caliper-flow]: ---------- Finished Test ----------
 

2020-08-26T13:27:01+09:00 - INFO [report-builder]: ###all test results:### 

2020-08-26T13:27:01+09:00 - INFO [report-builder]: 
+------+-----------------+------+------+-----------+-------------+-------------+-------------+------------+
| Test | Name            | Succ | Fail | Send Rate | Max Latency | Min Latency | Avg Latency | Throughput |
|------|-----------------|------|------|-----------|-------------|-------------|-------------|------------|
| 1    | smallOperations | 2000 | 0    | 609.6 tps | 1.66 s      | 0.58 s      | 1.12 s      | 516.9 tps  |
+------+-----------------+------+------+-----------+-------------+-------------+-------------+------------+
 

2020-08-26T13:27:01+09:00 - INFO [monitor.js]: 
 ### resource stats (maximum) ### 

2020-08-26T13:27:01+09:00 - INFO [monitor.js]: 
+--------+-----------------------------------+-------------+----------+------------+-------------+-----------+------------+
| TYPE   | NAME                              | Memory(max) | CPU(max) | Traffic In | Traffic Out | Disc Read | Disc Write |
|--------|-----------------------------------|-------------|----------|------------|-------------|-----------|------------|
| Docker | dev-peer0.org1.example.co...nk-v0 | 8.5MB       | 16.00%   | 1.4MB      | 740.7KB     | 0B        | 0B         |
|--------|-----------------------------------|-------------|----------|------------|-------------|-----------|------------|
| Docker | dev-peer0.org2.example.co...nk-v0 | 8.5MB       | 16.28%   | 1.2MB      | 625.8KB     | 0B        | 0B         |
|--------|-----------------------------------|-------------|----------|------------|-------------|-----------|------------|
| Docker | dev-peer1.org2.example.co...nk-v0 | 8.7MB       | 16.41%   | 1.3MB      | 664.0KB     | 0B        | 0B         |
|--------|-----------------------------------|-------------|----------|------------|-------------|-----------|------------|
| Docker | dev-peer1.org1.example.co...nk-v0 | 8.8MB       | 15.81%   | 1.2MB      | 619.5KB     | 0B        | 0B         |
|--------|-----------------------------------|-------------|----------|------------|-------------|-----------|------------|
| Docker | dev-peer0.org2.example.co...le-v0 | 7.1MB       | 0.00%    | 70B        | 0B          | 0B        | 0B         |
|--------|-----------------------------------|-------------|----------|------------|-------------|-----------|------------|
| Docker | dev-peer1.org2.example.co...le-v0 | 7.2MB       | 0.00%    | 0B         | 0B          | 0B        | 0B         |
|--------|-----------------------------------|-------------|----------|------------|-------------|-----------|------------|
| Docker | dev-peer1.org1.example.co...le-v0 | 7.2MB       | 0.00%    | 0B         | 0B          | 0B        | 0B         |
|--------|-----------------------------------|-------------|----------|------------|-------------|-----------|------------|
| Docker | dev-peer0.org1.example.co...le-v0 | 7.2MB       | 0.00%    | 0B         | 0B          | 0B        | 0B         |
|--------|-----------------------------------|-------------|----------|------------|-------------|-----------|------------|
| Docker | dev-peer0.org1.example.co...rm-v0 | 7.0MB       | 0.00%    | 0B         | 0B          | 0B        | 0B         |
|--------|-----------------------------------|-------------|----------|------------|-------------|-----------|------------|
| Docker | dev-peer1.org2.example.co...rm-v0 | 7.3MB       | 0.00%    | 0B         | 0B          | 0B        | 0B         |
|--------|-----------------------------------|-------------|----------|------------|-------------|-----------|------------|
| Docker | dev-peer1.org1.example.co...rm-v0 | 7.2MB       | 0.00%    | 0B         | 0B          | 0B        | 0B         |
|--------|-----------------------------------|-------------|----------|------------|-------------|-----------|------------|
| Docker | dev-peer0.org2.example.co...rm-v0 | 6.9MB       | 0.00%    | 0B         | 0B          | 0B        | 0B         |
|--------|-----------------------------------|-------------|----------|------------|-------------|-----------|------------|
| Docker | dev-peer0.org1.example.co...es-v0 | 7.1MB       | 0.00%    | 203B       | 0B          | 0B        | 0B         |
|--------|-----------------------------------|-------------|----------|------------|-------------|-----------|------------|
| Docker | dev-peer1.org2.example.co...es-v0 | 6.9MB       | 0.00%    | 0B         | 0B          | 0B        | 0B         |
|--------|-----------------------------------|-------------|----------|------------|-------------|-----------|------------|
| Docker | dev-peer1.org1.example.co...es-v0 | 6.9MB       | 0.00%    | 0B         | 0B          | 0B        | 0B         |
|--------|-----------------------------------|-------------|----------|------------|-------------|-----------|------------|
| Docker | dev-peer0.org2.example.co...es-v0 | 6.9MB       | 0.00%    | 0B         | 0B          | 0B        | 0B         |
|--------|-----------------------------------|-------------|----------|------------|-------------|-----------|------------|
| Docker | peer0.org1.example.com            | 168.5MB     | 195.94%  | 6.6MB      | 2.5MB       | 0B        | 10.9MB     |
|--------|-----------------------------------|-------------|----------|------------|-------------|-----------|------------|
| Docker | peer1.org2.example.com            | 182.5MB     | 198.02%  | 6.7MB      | 2.7MB       | 0B        | 10.9MB     |
|--------|-----------------------------------|-------------|----------|------------|-------------|-----------|------------|
| Docker | peer1.org1.example.com            | 182.0MB     | 199.35%  | 6.6MB      | 2.6MB       | 0B        | 10.9MB     |
|--------|-----------------------------------|-------------|----------|------------|-------------|-----------|------------|
| Docker | peer0.org2.example.com            | 181.5MB     | 195.98%  | 6.7MB      | 2.7MB       | 0B        | 10.9MB     |
|--------|-----------------------------------|-------------|----------|------------|-------------|-----------|------------|
| Docker | orderer0.example.com              | 51.3MB      | 79.54%   | 9.2MB      | 23.4MB      | 0B        | 13.4MB     |
|--------|-----------------------------------|-------------|----------|------------|-------------|-----------|------------|
| Docker | orderer1.example.com              | 39.3MB      | 95.05%   | 9.4MB      | 3.3MB       | 0B        | 13.4MB     |
|--------|-----------------------------------|-------------|----------|------------|-------------|-----------|------------|
| Docker | kafka2                            | 349.0MB     | 0.81%    | 2.0KB      | 1.2KB       | 0B        | 0B         |
|--------|-----------------------------------|-------------|----------|------------|-------------|-----------|------------|
| Docker | kafka3                            | 384.9MB     | 254.78%  | 6.0MB      | 22.9MB      | 0B        | 0B         |
|--------|-----------------------------------|-------------|----------|------------|-------------|-----------|------------|
| Docker | kafka1                            | 355.5MB     | 70.62%   | 5.7MB      | 130.5KB     | 0B        | 0B         |
|--------|-----------------------------------|-------------|----------|------------|-------------|-----------|------------|
| Docker | kafka0                            | 346.2MB     | 18.49%   | 5.8MB      | 126.5KB     | 0B        | 0B         |
|--------|-----------------------------------|-------------|----------|------------|-------------|-----------|------------|
| Docker | ca.org1.example.com               | 10.2MB      | 0.00%    | 0B         | 0B          | 0B        | 0B         |
|--------|-----------------------------------|-------------|----------|------------|-------------|-----------|------------|
| Docker | zookeeper1                        | 52.5MB      | 0.34%    | 592B       | 356B        | 0B        | 0B         |
|--------|-----------------------------------|-------------|----------|------------|-------------|-----------|------------|
| Docker | zookeeper0                        | 51.7MB      | 0.12%    | 448B       | 270B        | 0B        | 0B         |
|--------|-----------------------------------|-------------|----------|------------|-------------|-----------|------------|
| Docker | ca.org2.example.com               | 9.9MB       | 0.00%    | 0B         | 0B          | 0B        | 0B         |
|--------|-----------------------------------|-------------|----------|------------|-------------|-----------|------------|
| Docker | zookeeper2                        | 57.0MB      | 0.16%    | 656B       | 780B        | 0B        | 0B         |
+--------+-----------------------------------+-------------+----------+------------+-------------+-----------+------------+
 

2020-08-26T13:27:01+09:00 - INFO [demo.js]: [Transaction Info] - Submitted: 2000 Succ: 2000 Fail:0 Unfinished:0 

2020-08-26T13:27:01+09:00 - INFO [caliper-flow]: Generated report with path /home/oslab/caliper_v0.1.0/report-20200826T042701.html 

