2020-09-24T17:30:12+09:00 - DEBUG Constructed a winston logger with the specified targets:
	{"consolelogger":{"target":"console","level":"info"},"filelogger":{"target":"daily-rotate-file","level":"debug","filename":"log/caliper-%DATE%.log","datePattern":"YYYY-MM-DD-HH","maxSize":"5m","zippedArchive":true}}

2020-09-24T17:30:13+09:00 - INFO [caliper-flow]: ####### Caliper Test ####### 

2020-09-24T17:30:13+09:00 - INFO [caliper-utils]: Executing command: cd /home/oslab/caliper_v0.1.0/caliper/packages/caliper-samples;docker-compose -f network/fabric-v1.4.1/raft2o2p/docker-compose-tls.yaml up -d;sleep 3s 

2020-09-24T17:30:26+09:00 - INFO [adapters/fabric]: Fabric SDK version: 1.4.4; TLS: server 

2020-09-24T17:30:26+09:00 - ERROR [caliper-flow]: Error: Error: ENOENT: no such file or directory, open '/home/oslab/caliper_v0.1.0/caliper/packages/caliper-samples/network/fabric-v1.4.1/raft2o2p/config/crypto-config/peerOrganizations/org1.example.com/tlsca/tlsca.org1.example.com-cert.pem'
    at Object.fs.openSync (fs.js:646:18)
    at Object.fs.readFileSync (fs.js:551:33)
    at readFileSync (/home/oslab/caliper_v0.1.0/node_modules/fabric-client/lib/impl/NetworkConfig_1_0.js:442:20)
    at getPEMfromConfig (/home/oslab/caliper_v0.1.0/node_modules/fabric-client/lib/impl/NetworkConfig_1_0.js:424:13)
    at getTLSCACert (/home/oslab/caliper_v0.1.0/node_modules/fabric-client/lib/impl/NetworkConfig_1_0.js:411:10)
    at NetworkConfig_1_0.getCertificateAuthority (/home/oslab/caliper_v0.1.0/node_modules/fabric-client/lib/impl/NetworkConfig_1_0.js:313:6)
    at NetworkConfig_1_0.getOrganization (/home/oslab/caliper_v0.1.0/node_modules/fabric-client/lib/impl/NetworkConfig_1_0.js:267:23)
    at Client._setAdminFromConfig (/home/oslab/caliper_v0.1.0/node_modules/fabric-client/lib/Client.js:1338:53)
    at Client.loadFromConfig (/home/oslab/caliper_v0.1.0/node_modules/fabric-client/lib/Client.js:134:9)
    at Fabric._prepareClientProfile (/home/oslab/caliper_v0.1.0/node_modules/@hyperledger/caliper-fabric/lib/fabric.js:1628:17) 

2020-09-24T17:30:26+09:00 - INFO [caliper-utils]: Executing command: cd /home/oslab/caliper_v0.1.0/caliper/packages/caliper-samples;docker-compose -f network/fabric-v1.4.1/raft2o2p/docker-compose-tls.yaml down;(test -z \"$(docker ps -aq)\") || docker rm $(docker ps -aq);(test -z \"$(docker images dev* -q)\") || docker rmi $(docker images dev* -q);rm -rf /tmp/hfc-* 

2020-09-24T17:30:50+09:00 - DEBUG Constructed a winston logger with the specified targets:
	{"consolelogger":{"target":"console","level":"info"},"filelogger":{"target":"daily-rotate-file","level":"debug","filename":"log/caliper-%DATE%.log","datePattern":"YYYY-MM-DD-HH","maxSize":"5m","zippedArchive":true}}

2020-09-24T17:30:51+09:00 - INFO [caliper-flow]: ####### Caliper Test ####### 

2020-09-24T17:30:51+09:00 - INFO [caliper-utils]: Executing command: cd /home/oslab/caliper_v0.1.0/caliper/packages/caliper-samples;docker-compose -f network/fabric-v1.4.1/raft2o2p/docker-compose-tls.yaml up -d;sleep 3s 

2020-09-24T17:31:04+09:00 - INFO [adapters/fabric]: Fabric SDK version: 1.4.4; TLS: server 

2020-09-24T17:31:04+09:00 - ERROR [caliper-flow]: Error: Error: ENOENT: no such file or directory, open '/home/oslab/caliper_v0.1.0/caliper/packages/caliper-samples/network/fabric-v1.4.1/raft2o2p/config/crypto-config/peerOrganizations/org1.example.com/tlsca/tlsca.org1.example.com-cert.pem'
    at Object.fs.openSync (fs.js:646:18)
    at Object.fs.readFileSync (fs.js:551:33)
    at readFileSync (/home/oslab/caliper_v0.1.0/node_modules/fabric-client/lib/impl/NetworkConfig_1_0.js:442:20)
    at getPEMfromConfig (/home/oslab/caliper_v0.1.0/node_modules/fabric-client/lib/impl/NetworkConfig_1_0.js:424:13)
    at getTLSCACert (/home/oslab/caliper_v0.1.0/node_modules/fabric-client/lib/impl/NetworkConfig_1_0.js:411:10)
    at NetworkConfig_1_0.getCertificateAuthority (/home/oslab/caliper_v0.1.0/node_modules/fabric-client/lib/impl/NetworkConfig_1_0.js:313:6)
    at NetworkConfig_1_0.getOrganization (/home/oslab/caliper_v0.1.0/node_modules/fabric-client/lib/impl/NetworkConfig_1_0.js:267:23)
    at Client._setAdminFromConfig (/home/oslab/caliper_v0.1.0/node_modules/fabric-client/lib/Client.js:1338:53)
    at Client.loadFromConfig (/home/oslab/caliper_v0.1.0/node_modules/fabric-client/lib/Client.js:134:9)
    at Fabric._prepareClientProfile (/home/oslab/caliper_v0.1.0/node_modules/@hyperledger/caliper-fabric/lib/fabric.js:1628:17) 

2020-09-24T17:31:04+09:00 - INFO [caliper-utils]: Executing command: cd /home/oslab/caliper_v0.1.0/caliper/packages/caliper-samples;docker-compose -f network/fabric-v1.4.1/raft2o2p/docker-compose-tls.yaml down;(test -z \"$(docker ps -aq)\") || docker rm $(docker ps -aq);(test -z \"$(docker images dev* -q)\") || docker rmi $(docker images dev* -q);rm -rf /tmp/hfc-* 

2020-09-24T17:36:01+09:00 - DEBUG Constructed a winston logger with the specified targets:
	{"consolelogger":{"target":"console","level":"info"},"filelogger":{"target":"daily-rotate-file","level":"debug","filename":"log/caliper-%DATE%.log","datePattern":"YYYY-MM-DD-HH","maxSize":"5m","zippedArchive":true}}

2020-09-24T17:36:02+09:00 - INFO [caliper-flow]: ####### Caliper Test ####### 

2020-09-24T17:36:02+09:00 - INFO [caliper-utils]: Executing command: cd /home/oslab/caliper_v0.1.0/caliper/packages/caliper-samples;docker-compose -f network/fabric-v1.4.1/raft2o2p/docker-compose-tls.yaml up -d;sleep 3s 

2020-09-24T17:36:15+09:00 - INFO [adapters/fabric]: Fabric SDK version: 1.4.4; TLS: server 

2020-09-24T17:36:16+09:00 - INFO [adapters/fabric]: Org1's registrar enrolled successfully 

2020-09-24T17:36:16+09:00 - INFO [adapters/fabric]: Org2's registrar enrolled successfully 

2020-09-24T17:36:16+09:00 - INFO [adapters/fabric]: Org1's admin's materials are successfully loaded 

2020-09-24T17:36:16+09:00 - INFO [adapters/fabric]: Org2's admin's materials are successfully loaded 

2020-09-24T17:36:16+09:00 - INFO [adapters/fabric]: client0.org1.example.com's materials are successfully loaded 

2020-09-24T17:36:16+09:00 - INFO [adapters/fabric]: client0.org2.example.com's materials are successfully loaded 

2020-09-24T17:36:16+09:00 - INFO [adapters/fabric]: Channel 'mychannel' definiton being retrieved from file 

2020-09-24T17:36:19+09:00 - ERROR [caliper-flow]: Error: Error: Couldn't create Channel 'mychannel': Failed to connect before the deadline URL:grpcs://localhost:7050
    at Fabric._createChannels (/home/oslab/caliper_v0.1.0/node_modules/@hyperledger/caliper-fabric/lib/fabric.js:336:23)
    at <anonymous>
    at process._tickCallback (internal/process/next_tick.js:189:7) 

2020-09-24T17:36:19+09:00 - INFO [caliper-utils]: Executing command: cd /home/oslab/caliper_v0.1.0/caliper/packages/caliper-samples;docker-compose -f network/fabric-v1.4.1/raft2o2p/docker-compose-tls.yaml down;(test -z \"$(docker ps -aq)\") || docker rm $(docker ps -aq);(test -z \"$(docker images dev* -q)\") || docker rmi $(docker images dev* -q);rm -rf /tmp/hfc-* 

2020-09-24T17:39:29+09:00 - DEBUG Constructed a winston logger with the specified targets:
	{"consolelogger":{"target":"console","level":"info"},"filelogger":{"target":"daily-rotate-file","level":"debug","filename":"log/caliper-%DATE%.log","datePattern":"YYYY-MM-DD-HH","maxSize":"5m","zippedArchive":true}}

2020-09-24T17:39:30+09:00 - INFO [caliper-flow]: ####### Caliper Test ####### 

2020-09-24T17:39:30+09:00 - INFO [caliper-utils]: Executing command: cd /home/oslab/caliper_v0.1.0/caliper/packages/caliper-samples;docker-compose -f network/fabric-v1.4.1/raft2o2p/docker-compose-tls.yaml up -d;sleep 3s 

2020-09-24T17:39:42+09:00 - INFO [adapters/fabric]: Fabric SDK version: 1.4.4; TLS: server 

2020-09-24T17:39:43+09:00 - INFO [adapters/fabric]: Org1's registrar enrolled successfully 

2020-09-24T17:39:43+09:00 - INFO [adapters/fabric]: Org2's registrar enrolled successfully 

2020-09-24T17:39:43+09:00 - INFO [adapters/fabric]: Org1's admin's materials are successfully loaded 

2020-09-24T17:39:43+09:00 - INFO [adapters/fabric]: Org2's admin's materials are successfully loaded 

2020-09-24T17:39:43+09:00 - INFO [adapters/fabric]: client0.org1.example.com's materials are successfully loaded 

2020-09-24T17:39:43+09:00 - INFO [adapters/fabric]: client0.org2.example.com's materials are successfully loaded 

2020-09-24T17:39:43+09:00 - INFO [adapters/fabric]: Channel 'mychannel' definiton being retrieved from file 

2020-09-24T17:39:46+09:00 - ERROR [caliper-flow]: Error: Error: Couldn't create Channel 'mychannel': Failed to connect before the deadline URL:grpcs://localhost:7050
    at Fabric._createChannels (/home/oslab/caliper_v0.1.0/node_modules/@hyperledger/caliper-fabric/lib/fabric.js:336:23)
    at <anonymous>
    at process._tickCallback (internal/process/next_tick.js:189:7) 

2020-09-24T17:39:46+09:00 - INFO [caliper-utils]: Executing command: cd /home/oslab/caliper_v0.1.0/caliper/packages/caliper-samples;docker-compose -f network/fabric-v1.4.1/raft2o2p/docker-compose-tls.yaml down;(test -z \"$(docker ps -aq)\") || docker rm $(docker ps -aq);(test -z \"$(docker images dev* -q)\") || docker rmi $(docker images dev* -q);rm -rf /tmp/hfc-* 

2020-09-24T17:45:05+09:00 - DEBUG Constructed a winston logger with the specified targets:
	{"consolelogger":{"target":"console","level":"info"},"filelogger":{"target":"daily-rotate-file","level":"debug","filename":"log/caliper-%DATE%.log","datePattern":"YYYY-MM-DD-HH","maxSize":"5m","zippedArchive":true}}

2020-09-24T17:45:06+09:00 - INFO [caliper-flow]: ####### Caliper Test ####### 

2020-09-24T17:45:06+09:00 - INFO [caliper-utils]: Executing command: cd /home/oslab/caliper_v0.1.0/caliper/packages/caliper-samples;docker-compose -f network/fabric-v1.4.1/raft2o2p/docker-compose-tls.yaml up -d;sleep 3s 

2020-09-24T17:45:19+09:00 - INFO [adapters/fabric]: Fabric SDK version: 1.4.4; TLS: server 

2020-09-24T17:45:19+09:00 - INFO [adapters/fabric]: Org1's registrar enrolled successfully 

2020-09-24T17:45:19+09:00 - INFO [adapters/fabric]: Org2's registrar enrolled successfully 

2020-09-24T17:45:20+09:00 - INFO [adapters/fabric]: Org1's admin's materials are successfully loaded 

2020-09-24T17:45:20+09:00 - INFO [adapters/fabric]: Org2's admin's materials are successfully loaded 

2020-09-24T17:45:20+09:00 - INFO [adapters/fabric]: client0.org1.example.com's materials are successfully loaded 

2020-09-24T17:45:20+09:00 - INFO [adapters/fabric]: client0.org2.example.com's materials are successfully loaded 

2020-09-24T17:45:20+09:00 - INFO [adapters/fabric]: Channel 'mychannel' definiton being retrieved from file 

2020-09-24T17:45:23+09:00 - ERROR [caliper-flow]: Error: Error: Couldn't create Channel 'mychannel': Failed to connect before the deadline URL:grpcs://localhost:7050
    at Fabric._createChannels (/home/oslab/caliper_v0.1.0/node_modules/@hyperledger/caliper-fabric/lib/fabric.js:336:23)
    at <anonymous>
    at process._tickCallback (internal/process/next_tick.js:189:7) 

2020-09-24T17:45:23+09:00 - INFO [caliper-utils]: Executing command: cd /home/oslab/caliper_v0.1.0/caliper/packages/caliper-samples;docker-compose -f network/fabric-v1.4.1/raft2o2p/docker-compose-tls.yaml down;(test -z \"$(docker ps -aq)\") || docker rm $(docker ps -aq);(test -z \"$(docker images dev* -q)\") || docker rmi $(docker images dev* -q);rm -rf /tmp/hfc-* 

2020-09-24T17:58:15+09:00 - DEBUG Constructed a winston logger with the specified targets:
	{"consolelogger":{"target":"console","level":"info"},"filelogger":{"target":"daily-rotate-file","level":"debug","filename":"log/caliper-%DATE%.log","datePattern":"YYYY-MM-DD-HH","maxSize":"5m","zippedArchive":true}}

2020-09-24T17:58:16+09:00 - INFO [caliper-flow]: ####### Caliper Test ####### 

2020-09-24T17:58:16+09:00 - INFO [caliper-utils]: Executing command: cd /home/oslab/caliper_v0.1.0/caliper/packages/caliper-samples;docker-compose -f network/fabric-v1.4.1/raft2o2p/docker-compose-tls.yaml up -d;sleep 3s 

2020-09-24T17:58:31+09:00 - INFO [adapters/fabric]: Fabric SDK version: 1.4.4; TLS: server 

2020-09-24T17:58:32+09:00 - INFO [adapters/fabric]: Org1's registrar enrolled successfully 

2020-09-24T17:58:32+09:00 - INFO [adapters/fabric]: Org2's registrar enrolled successfully 

2020-09-24T17:58:32+09:00 - INFO [adapters/fabric]: Org1's admin's materials are successfully loaded 

2020-09-24T17:58:32+09:00 - INFO [adapters/fabric]: Org2's admin's materials are successfully loaded 

2020-09-24T17:58:32+09:00 - INFO [adapters/fabric]: client0.org1.example.com's materials are successfully loaded 

2020-09-24T17:58:32+09:00 - INFO [adapters/fabric]: client0.org2.example.com's materials are successfully loaded 

2020-09-24T17:58:32+09:00 - INFO [adapters/fabric]: Channel 'mychannel' definiton being retrieved from file 

2020-09-24T17:58:35+09:00 - ERROR [caliper-flow]: Error: Error: Couldn't create Channel 'mychannel': Failed to connect before the deadline URL:grpcs://localhost:7050
    at Fabric._createChannels (/home/oslab/caliper_v0.1.0/node_modules/@hyperledger/caliper-fabric/lib/fabric.js:336:23)
    at <anonymous>
    at process._tickCallback (internal/process/next_tick.js:189:7) 

2020-09-24T17:58:35+09:00 - INFO [caliper-utils]: Executing command: cd /home/oslab/caliper_v0.1.0/caliper/packages/caliper-samples;docker-compose -f network/fabric-v1.4.1/raft2o2p/docker-compose-tls.yaml down;(test -z \"$(docker ps -aq)\") || docker rm $(docker ps -aq);(test -z \"$(docker images dev* -q)\") || docker rmi $(docker images dev* -q);rm -rf /tmp/hfc-* 

2020-09-24T17:59:01+09:00 - DEBUG Constructed a winston logger with the specified targets:
	{"consolelogger":{"target":"console","level":"info"},"filelogger":{"target":"daily-rotate-file","level":"debug","filename":"log/caliper-%DATE%.log","datePattern":"YYYY-MM-DD-HH","maxSize":"5m","zippedArchive":true}}

2020-09-24T17:59:02+09:00 - INFO [caliper-flow]: ####### Caliper Test ####### 

2020-09-24T17:59:02+09:00 - INFO [caliper-utils]: Executing command: cd /home/oslab/caliper_v0.1.0/caliper/packages/caliper-samples;docker-compose -f network/fabric-v1.4.1/raft2o2p/docker-compose-tls.yaml up -d;sleep 3s 

2020-09-24T17:59:17+09:00 - INFO [adapters/fabric]: Fabric SDK version: 1.4.4; TLS: server 

2020-09-24T17:59:18+09:00 - INFO [adapters/fabric]: Org1's registrar enrolled successfully 

2020-09-24T17:59:18+09:00 - INFO [adapters/fabric]: Org2's registrar enrolled successfully 

2020-09-24T17:59:18+09:00 - INFO [adapters/fabric]: Org1's admin's materials are successfully loaded 

2020-09-24T17:59:18+09:00 - INFO [adapters/fabric]: Org2's admin's materials are successfully loaded 

2020-09-24T17:59:18+09:00 - INFO [adapters/fabric]: client0.org1.example.com's materials are successfully loaded 

2020-09-24T17:59:18+09:00 - INFO [adapters/fabric]: client0.org2.example.com's materials are successfully loaded 

2020-09-24T17:59:18+09:00 - INFO [adapters/fabric]: Channel 'mychannel' definiton being retrieved from file 

2020-09-24T17:59:21+09:00 - ERROR [caliper-flow]: Error: Error: Couldn't create Channel 'mychannel': Failed to connect before the deadline URL:grpcs://localhost:7050
    at Fabric._createChannels (/home/oslab/caliper_v0.1.0/node_modules/@hyperledger/caliper-fabric/lib/fabric.js:336:23)
    at <anonymous>
    at process._tickCallback (internal/process/next_tick.js:189:7) 

2020-09-24T17:59:21+09:00 - INFO [caliper-utils]: Executing command: cd /home/oslab/caliper_v0.1.0/caliper/packages/caliper-samples;docker-compose -f network/fabric-v1.4.1/raft2o2p/docker-compose-tls.yaml down;(test -z \"$(docker ps -aq)\") || docker rm $(docker ps -aq);(test -z \"$(docker images dev* -q)\") || docker rmi $(docker images dev* -q);rm -rf /tmp/hfc-* 

