2019-09-30T16:29:39+09:00 - DEBUG Constructed a winston logger with the specified targets:
	{"consolelogger":{"target":"console","level":"info"},"filelogger":{"target":"daily-rotate-file","level":"debug","filename":"log/caliper-%DATE%.log","datePattern":"YYYY-MM-DD-HH","maxSize":"5m","zippedArchive":true}}

2019-09-30T16:29:40+09:00 - INFO [caliper-flow]: ####### Caliper Test ####### 

2019-09-30T16:29:40+09:00 - INFO [caliper-utils]: Executing command: cd /home/oslab/caliper-benchmarks/caliper/packages/caliper-samples;docker-compose -f network/fabric-v1.4/2org2peergoleveldb/docker-compose.yaml up -d;sleep 3s 

2019-09-30T16:29:53+09:00 - INFO [adapters/fabric]: Fabric SDK version: 1.4.4; TLS: none 

2019-09-30T16:29:54+09:00 - INFO [adapters/fabric]: Org1's registrar enrolled successfully 

2019-09-30T16:29:54+09:00 - INFO [adapters/fabric]: Org2's registrar enrolled successfully 

2019-09-30T16:29:54+09:00 - INFO [adapters/fabric]: Org1's admin's materials are successfully loaded 

2019-09-30T16:29:54+09:00 - INFO [adapters/fabric]: Org2's admin's materials are successfully loaded 

2019-09-30T16:29:54+09:00 - INFO [adapters/fabric]: client0.org1.example.com's materials are successfully loaded 

2019-09-30T16:29:54+09:00 - INFO [adapters/fabric]: client0.org2.example.com's materials are successfully loaded 

2019-09-30T16:29:54+09:00 - INFO [adapters/fabric]: Channel 'mychannel' definiton being retrieved from file 

2019-09-30T16:29:54+09:00 - INFO [adapters/fabric]: Channel 'mychannel' successfully created 

2019-09-30T16:29:54+09:00 - INFO [adapters/fabric]: Sleeping 5s... 

2019-09-30T16:30:00+09:00 - INFO [adapters/fabric]: Org1's peers successfully joined mychannel: peer0.org1.example.com,peer1.org1.example.com 

2019-09-30T16:30:00+09:00 - INFO [adapters/fabric]: Org2's peers successfully joined mychannel: peer0.org2.example.com,peer1.org2.example.com 

2019-09-30T16:30:00+09:00 - INFO [adapters/fabric]: Sleeping 5s... 

2019-09-30T16:30:05+09:00 - INFO [adapters/fabric]: Installing chaincodes for mychannel... 

2019-09-30T16:30:05+09:00 - INFO [adapters/fabric]: marbles@v0 successfully installed on Org1's peers: peer0.org1.example.com,peer1.org1.example.com 

2019-09-30T16:30:05+09:00 - INFO [adapters/fabric]: marbles@v0 successfully installed on Org2's peers: peer0.org2.example.com,peer1.org2.example.com 

2019-09-30T16:30:05+09:00 - INFO [adapters/fabric]: drm@v0 successfully installed on Org1's peers: peer0.org1.example.com,peer1.org1.example.com 

2019-09-30T16:30:05+09:00 - INFO [adapters/fabric]: drm@v0 successfully installed on Org2's peers: peer0.org2.example.com,peer1.org2.example.com 

2019-09-30T16:30:05+09:00 - INFO [adapters/fabric]: simple@v0 successfully installed on Org1's peers: peer0.org1.example.com,peer1.org1.example.com 

2019-09-30T16:30:05+09:00 - INFO [adapters/fabric]: simple@v0 successfully installed on Org2's peers: peer0.org2.example.com,peer1.org2.example.com 

2019-09-30T16:30:05+09:00 - INFO [adapters/fabric]: smallbank@v0 successfully installed on Org1's peers: peer0.org1.example.com,peer1.org1.example.com 

2019-09-30T16:30:05+09:00 - INFO [adapters/fabric]: smallbank@v0 successfully installed on Org2's peers: peer0.org2.example.com,peer1.org2.example.com 

2019-09-30T16:30:05+09:00 - INFO [adapters/fabric]: Instantiating marbles@v0 in mychannel. This might take some time... 

2019-09-30T16:30:23+09:00 - INFO [adapters/fabric]: Successfully instantiated marbles@v0 in mychannel 

2019-09-30T16:30:23+09:00 - INFO [adapters/fabric]: Instantiating drm@v0 in mychannel. This might take some time... 

2019-09-30T16:30:41+09:00 - INFO [adapters/fabric]: Successfully instantiated drm@v0 in mychannel 

2019-09-30T16:30:41+09:00 - INFO [adapters/fabric]: Instantiating simple@v0 in mychannel. This might take some time... 

2019-09-30T16:30:58+09:00 - INFO [adapters/fabric]: Successfully instantiated simple@v0 in mychannel 

2019-09-30T16:30:58+09:00 - INFO [adapters/fabric]: Instantiating smallbank@v0 in mychannel. This might take some time... 

2019-09-30T16:31:16+09:00 - INFO [adapters/fabric]: Successfully instantiated smallbank@v0 in mychannel 

2019-09-30T16:31:16+09:00 - INFO [adapters/fabric]: Sleeping 5s... 

2019-09-30T16:31:21+09:00 - INFO [caliper-flow]: Started monitor successfully 

2019-09-30T16:31:21+09:00 - INFO [defaultTest]: ####### Testing 'smallOperations' ####### 

2019-09-30T16:31:21+09:00 - INFO [defaultTest]: ------ Test round 1 ------ 

2019-09-30T16:31:21+09:00 - INFO [client-util.js]: Launching client with PID  18055 

2019-09-30T16:31:21+09:00 - INFO [client-util.js]: Launching client with PID  18060 

2019-09-30T16:31:21+09:00 - INFO [client-util.js]: Launching client with PID  18062 

2019-09-30T16:31:21+09:00 - INFO [client-util.js]: Launching client with PID  18069 

2019-09-30T16:31:21+09:00 - INFO [client-util.js]: Launching client with PID  18078 

2019-09-30T16:31:21+09:00 - INFO [client-util.js]: Waiting for 5 clients to be ready...  

2019-09-30T16:31:22+09:00 - INFO [demo.js]: [Transaction Info] - Submitted: 0 Succ: 0 Fail:0 Unfinished:0 

2019-09-30T16:31:22+09:00 - DEBUG Constructed a winston logger with the specified targets:
	{"consolelogger":{"target":"console","level":"info"},"filelogger":{"target":"daily-rotate-file","level":"debug","filename":"log/caliper-%DATE%.log","datePattern":"YYYY-MM-DD-HH","maxSize":"5m","zippedArchive":true}}

2019-09-30T16:31:22+09:00 - DEBUG Constructed a winston logger with the specified targets:
	{"consolelogger":{"target":"console","level":"info"},"filelogger":{"target":"daily-rotate-file","level":"debug","filename":"log/caliper-%DATE%.log","datePattern":"YYYY-MM-DD-HH","maxSize":"5m","zippedArchive":true}}

2019-09-30T16:31:22+09:00 - DEBUG Constructed a winston logger with the specified targets:
	{"consolelogger":{"target":"console","level":"info"},"filelogger":{"target":"daily-rotate-file","level":"debug","filename":"log/caliper-%DATE%.log","datePattern":"YYYY-MM-DD-HH","maxSize":"5m","zippedArchive":true}}

2019-09-30T16:31:22+09:00 - DEBUG Constructed a winston logger with the specified targets:
	{"consolelogger":{"target":"console","level":"info"},"filelogger":{"target":"daily-rotate-file","level":"debug","filename":"log/caliper-%DATE%.log","datePattern":"YYYY-MM-DD-HH","maxSize":"5m","zippedArchive":true}}

2019-09-30T16:31:22+09:00 - DEBUG Constructed a winston logger with the specified targets:
	{"consolelogger":{"target":"console","level":"info"},"filelogger":{"target":"daily-rotate-file","level":"debug","filename":"log/caliper-%DATE%.log","datePattern":"YYYY-MM-DD-HH","maxSize":"5m","zippedArchive":true}}

2019-09-30T16:31:23+09:00 - INFO [client-util.js]: Client ready message recieved 

2019-09-30T16:31:23+09:00 - INFO [fabric/fabricClientWorker]: Client ready 

2019-09-30T16:31:23+09:00 - INFO [client-util.js]: Client ready message recieved 

2019-09-30T16:31:23+09:00 - INFO [fabric/fabricClientWorker]: Client ready 

2019-09-30T16:31:23+09:00 - INFO [client-util.js]: Client ready message recieved 

2019-09-30T16:31:23+09:00 - INFO [fabric/fabricClientWorker]: Client ready 

2019-09-30T16:31:23+09:00 - INFO [client-util.js]: Client ready message recieved 

2019-09-30T16:31:23+09:00 - INFO [fabric/fabricClientWorker]: Client ready 

2019-09-30T16:31:23+09:00 - INFO [client-util.js]: Client ready message recieved 

2019-09-30T16:31:23+09:00 - INFO [client-util.js]: 5 clients ready, starting test phase 

2019-09-30T16:31:23+09:00 - INFO [fabric/fabricClientWorker]: Client ready 

2019-09-30T16:31:23+09:00 - DEBUG [local-client.js]: doTest() with:
	{"type":"test","label":"smallOperations","rateControl":{"type":"fixed-rate","opts":{"tps":1000}},"trim":0,"args":{"accounts":400,"txnPerBatch":1},"cb":"benchmark/smallbank/smallbankOperations.js","config":"/home/oslab/caliper-benchmarks/caliper/packages/caliper-samples/network/fabric-v1.4/2org2peergoleveldb/fabric-go.yaml","root":"/home/oslab/caliper-benchmarks/caliper/packages/caliper-samples","numb":200,"roundIdx":1,"totalClients":5,"clients":5,"clientargs":{},"clientIdx":1}

2019-09-30T16:31:23+09:00 - DEBUG [local-client.js]: doTest() with:
	{"type":"test","label":"smallOperations","rateControl":{"type":"fixed-rate","opts":{"tps":1000}},"trim":0,"args":{"accounts":400,"txnPerBatch":1},"cb":"benchmark/smallbank/smallbankOperations.js","config":"/home/oslab/caliper-benchmarks/caliper/packages/caliper-samples/network/fabric-v1.4/2org2peergoleveldb/fabric-go.yaml","root":"/home/oslab/caliper-benchmarks/caliper/packages/caliper-samples","numb":200,"roundIdx":1,"totalClients":5,"clients":5,"clientargs":{},"clientIdx":0}

2019-09-30T16:31:23+09:00 - DEBUG [local-client.js]: doTest() with:
	{"type":"test","label":"smallOperations","rateControl":{"type":"fixed-rate","opts":{"tps":1000}},"trim":0,"args":{"accounts":400,"txnPerBatch":1},"cb":"benchmark/smallbank/smallbankOperations.js","config":"/home/oslab/caliper-benchmarks/caliper/packages/caliper-samples/network/fabric-v1.4/2org2peergoleveldb/fabric-go.yaml","root":"/home/oslab/caliper-benchmarks/caliper/packages/caliper-samples","numb":200,"roundIdx":1,"totalClients":5,"clients":5,"clientargs":{},"clientIdx":4}

2019-09-30T16:31:23+09:00 - DEBUG [local-client.js]: doTest() with:
	{"type":"test","label":"smallOperations","rateControl":{"type":"fixed-rate","opts":{"tps":1000}},"trim":0,"args":{"accounts":400,"txnPerBatch":1},"cb":"benchmark/smallbank/smallbankOperations.js","config":"/home/oslab/caliper-benchmarks/caliper/packages/caliper-samples/network/fabric-v1.4/2org2peergoleveldb/fabric-go.yaml","root":"/home/oslab/caliper-benchmarks/caliper/packages/caliper-samples","numb":200,"roundIdx":1,"totalClients":5,"clients":5,"clientargs":{},"clientIdx":2}

2019-09-30T16:31:23+09:00 - DEBUG [local-client.js]: doTest() with:
	{"type":"test","label":"smallOperations","rateControl":{"type":"fixed-rate","opts":{"tps":1000}},"trim":0,"args":{"accounts":400,"txnPerBatch":1},"cb":"benchmark/smallbank/smallbankOperations.js","config":"/home/oslab/caliper-benchmarks/caliper/packages/caliper-samples/network/fabric-v1.4/2org2peergoleveldb/fabric-go.yaml","root":"/home/oslab/caliper-benchmarks/caliper/packages/caliper-samples","numb":200,"roundIdx":1,"totalClients":5,"clients":5,"clientargs":{},"clientIdx":3}

2019-09-30T16:31:23+09:00 - INFO [local-client.js]: txUpdateTime: 1000 

2019-09-30T16:31:23+09:00 - INFO [local-client.js]: txUpdateTime: 1000 

2019-09-30T16:31:23+09:00 - INFO [local-client.js]: txUpdateTime: 1000 

2019-09-30T16:31:23+09:00 - INFO [local-client.js]: txUpdateTime: 1000 

2019-09-30T16:31:23+09:00 - INFO [local-client.js]: txUpdateTime: 1000 

2019-09-30T16:31:23+09:00 - INFO [local-client.js]: Info: client 18078 start test runFixedNumber():small_bank_operations 

2019-09-30T16:31:23+09:00 - DEBUG [rateControl.js]: Creating rate controller for client#4 for round#1
	{"type":"fixed-rate","opts":{"tps":1000}}

2019-09-30T16:31:23+09:00 - INFO [local-client.js]: Info: client 18062 start test runFixedNumber():small_bank_operations 

2019-09-30T16:31:23+09:00 - INFO [local-client.js]: Info: client 18060 start test runFixedNumber():small_bank_operations 

2019-09-30T16:31:23+09:00 - DEBUG [rateControl.js]: Creating rate controller for client#2 for round#1
	{"type":"fixed-rate","opts":{"tps":1000}}

2019-09-30T16:31:23+09:00 - DEBUG [rateControl.js]: Creating rate controller for client#1 for round#1
	{"type":"fixed-rate","opts":{"tps":1000}}

2019-09-30T16:31:23+09:00 - INFO [local-client.js]: Info: client 18069 start test runFixedNumber():small_bank_operations 

2019-09-30T16:31:23+09:00 - DEBUG [rateControl.js]: Creating rate controller for client#3 for round#1
	{"type":"fixed-rate","opts":{"tps":1000}}

2019-09-30T16:31:23+09:00 - INFO [local-client.js]: Info: client 18055 start test runFixedNumber():small_bank_operations 

2019-09-30T16:31:23+09:00 - DEBUG [rateControl.js]: Creating rate controller for client#0 for round#1
	{"type":"fixed-rate","opts":{"tps":1000}}

2019-09-30T16:31:23+09:00 - INFO [demo.js]: [Transaction Info] - Submitted: 0 Succ: 0 Fail:0 Unfinished:0 

2019-09-30T16:31:24+09:00 - INFO [demo.js]: [Transaction Info] - Submitted: 526 Succ: 60 Fail:0 Unfinished:466 

2019-09-30T16:31:25+09:00 - INFO [demo.js]: [Transaction Info] - Submitted: 1000 Succ: 150 Fail:0 Unfinished:850 

2019-09-30T16:31:26+09:00 - INFO [demo.js]: [Transaction Info] - Submitted: 1000 Succ: 230 Fail:0 Unfinished:770 

2019-09-30T16:31:27+09:00 - INFO [demo.js]: [Transaction Info] - Submitted: 1000 Succ: 320 Fail:0 Unfinished:680 

2019-09-30T16:31:28+09:00 - INFO [demo.js]: [Transaction Info] - Submitted: 1000 Succ: 410 Fail:0 Unfinished:590 

2019-09-30T16:31:29+09:00 - INFO [demo.js]: [Transaction Info] - Submitted: 1000 Succ: 502 Fail:0 Unfinished:498 

2019-09-30T16:31:30+09:00 - INFO [demo.js]: [Transaction Info] - Submitted: 1000 Succ: 600 Fail:0 Unfinished:400 

2019-09-30T16:31:31+09:00 - INFO [demo.js]: [Transaction Info] - Submitted: 1000 Succ: 680 Fail:0 Unfinished:320 

2019-09-30T16:31:32+09:00 - INFO [demo.js]: [Transaction Info] - Submitted: 1000 Succ: 770 Fail:0 Unfinished:230 

2019-09-30T16:31:33+09:00 - INFO [demo.js]: [Transaction Info] - Submitted: 1000 Succ: 860 Fail:0 Unfinished:140 

2019-09-30T16:31:34+09:00 - INFO [demo.js]: [Transaction Info] - Submitted: 1000 Succ: 950 Fail:0 Unfinished:50 

2019-09-30T16:31:35+09:00 - DEBUG [report-builder]: r.create.max: 1569828685.274 r.create.min: 1569828683.665 r.final.max: 1569828695.076 r.final.min: 1569828683.904 r.final.last: 1569828695.076 

2019-09-30T16:31:35+09:00 - DEBUG [report-builder]:  throughput for only success time computed: 87.6 

2019-09-30T16:31:35+09:00 - DEBUG [report-builder]: sendTransactionProposal: 0ms length: 1000 

2019-09-30T16:31:35+09:00 - DEBUG [report-builder]: sendTransaction: 0ms 

2019-09-30T16:31:35+09:00 - DEBUG [report-builder]: invokeLatency: 0ms 

2019-09-30T16:31:35+09:00 - INFO [report-builder]: ###test result:### 

2019-09-30T16:31:35+09:00 - INFO [report-builder]: 
+-----------------+------+------+-----------+-------------+-------------+-------------+------------+
| Name            | Succ | Fail | Send Rate | Max Latency | Min Latency | Avg Latency | Throughput |
|-----------------|------|------|-----------|-------------|-------------|-------------|------------|
| smallOperations | 1000 | 0    | 621.5 tps | 9.84 s      | 0.20 s      | 5.03 s      | 87.6 tps   |
+-----------------+------+------+-----------+-------------+-------------+-------------+------------+
 

2019-09-30T16:31:35+09:00 - INFO [report-builder]: ### resource stats ### 

2019-09-30T16:31:35+09:00 - INFO [report-builder]: 
+--------+-----------------------------------+-------------+-------------+----------+----------+------------+-------------+-----------+------------+
| TYPE   | NAME                              | Memory(max) | Memory(avg) | CPU(max) | CPU(avg) | Traffic In | Traffic Out | Disc Read | Disc Write |
|--------|-----------------------------------|-------------|-------------|----------|----------|------------|-------------|-----------|------------|
| Docker | dev-peer0.org2.example.co...nk-v0 | 8.2MB       | 8.0MB       | 23.91%   | 3.99%    | 976.0KB    | 544.5KB     | 0B        | 0B         |
|--------|-----------------------------------|-------------|-------------|----------|----------|------------|-------------|-----------|------------|
| Docker | dev-peer0.org1.example.co...nk-v0 | 9.6MB       | 9.1MB       | 21.38%   | 3.56%    | 958.2KB    | 524.6KB     | 0B        | 0B         |
|--------|-----------------------------------|-------------|-------------|----------|----------|------------|-------------|-----------|------------|
| Docker | dev-peer1.org1.example.co...nk-v0 | 8.4MB       | 8.1MB       | 23.30%   | 3.88%    | 952.3KB    | 517.7KB     | 0B        | 0B         |
|--------|-----------------------------------|-------------|-------------|----------|----------|------------|-------------|-----------|------------|
| Docker | dev-peer1.org2.example.co...nk-v0 | 8.1MB       | 7.9MB       | 21.36%   | 3.56%    | 933.9KB    | 499.1KB     | 0B        | 0B         |
|--------|-----------------------------------|-------------|-------------|----------|----------|------------|-------------|-----------|------------|
| Docker | dev-peer0.org1.example.co...le-v0 | 7.0MB       | 7.0MB       | 0.00%    | 0.00%    | 273B       | 0B          | 0B        | 0B         |
|--------|-----------------------------------|-------------|-------------|----------|----------|------------|-------------|-----------|------------|
| Docker | dev-peer0.org2.example.co...le-v0 | 7.1MB       | 7.1MB       | 0.00%    | 0.00%    | 273B       | 0B          | 0B        | 0B         |
|--------|-----------------------------------|-------------|-------------|----------|----------|------------|-------------|-----------|------------|
| Docker | dev-peer1.org2.example.co...le-v0 | 7.1MB       | 7.1MB       | 0.00%    | 0.00%    | 273B       | 0B          | 0B        | 0B         |
|--------|-----------------------------------|-------------|-------------|----------|----------|------------|-------------|-----------|------------|
| Docker | dev-peer1.org1.example.co...le-v0 | 7.0MB       | 7.0MB       | 0.00%    | 0.00%    | 273B       | 0B          | 0B        | 0B         |
|--------|-----------------------------------|-------------|-------------|----------|----------|------------|-------------|-----------|------------|
| Docker | dev-peer0.org1.example.co...rm-v0 | 6.9MB       | 6.9MB       | 0.00%    | 0.00%    | 0B         | 0B          | 0B        | 0B         |
|--------|-----------------------------------|-------------|-------------|----------|----------|------------|-------------|-----------|------------|
| Docker | dev-peer1.org2.example.co...rm-v0 | 6.7MB       | 6.7MB       | 0.00%    | 0.00%    | 0B         | 0B          | 0B        | 0B         |
|--------|-----------------------------------|-------------|-------------|----------|----------|------------|-------------|-----------|------------|
| Docker | dev-peer1.org1.example.co...rm-v0 | 7.2MB       | 7.2MB       | 0.00%    | 0.00%    | 0B         | 0B          | 0B        | 0B         |
|--------|-----------------------------------|-------------|-------------|----------|----------|------------|-------------|-----------|------------|
| Docker | dev-peer0.org2.example.co...rm-v0 | 6.9MB       | 6.9MB       | 0.00%    | 0.00%    | 0B         | 0B          | 0B        | 0B         |
|--------|-----------------------------------|-------------|-------------|----------|----------|------------|-------------|-----------|------------|
| Docker | dev-peer1.org2.example.co...es-v0 | 7.1MB       | 7.1MB       | 0.01%    | 0.00%    | 273B       | 0B          | 0B        | 0B         |
|--------|-----------------------------------|-------------|-------------|----------|----------|------------|-------------|-----------|------------|
| Docker | dev-peer0.org1.example.co...es-v0 | 6.9MB       | 6.9MB       | 0.00%    | 0.00%    | 273B       | 0B          | 0B        | 0B         |
|--------|-----------------------------------|-------------|-------------|----------|----------|------------|-------------|-----------|------------|
| Docker | dev-peer0.org2.example.co...es-v0 | 6.7MB       | 6.7MB       | 0.00%    | 0.00%    | 203B       | 0B          | 0B        | 0B         |
|--------|-----------------------------------|-------------|-------------|----------|----------|------------|-------------|-----------|------------|
| Docker | dev-peer1.org1.example.co...es-v0 | 6.9MB       | 6.9MB       | 0.00%    | 0.00%    | 203B       | 0B          | 0B        | 0B         |
|--------|-----------------------------------|-------------|-------------|----------|----------|------------|-------------|-----------|------------|
| Docker | peer1.org1.example.com            | 164.3MB     | 160.7MB     | 78.88%   | 32.92%   | 5.3MB      | 2.0MB       | 0B        | 12.5MB     |
|--------|-----------------------------------|-------------|-------------|----------|----------|------------|-------------|-----------|------------|
| Docker | peer1.org2.example.com            | 165.2MB     | 160.4MB     | 79.45%   | 33.47%   | 5.3MB      | 2.0MB       | 0B        | 12.6MB     |
|--------|-----------------------------------|-------------|-------------|----------|----------|------------|-------------|-----------|------------|
| Docker | peer0.org2.example.com            | 180.2MB     | 173.5MB     | 80.63%   | 33.26%   | 5.4MB      | 2.1MB       | 0B        | 12.5MB     |
|--------|-----------------------------------|-------------|-------------|----------|----------|------------|-------------|-----------|------------|
| Docker | peer0.org1.example.com            | 168.8MB     | 165.3MB     | 76.75%   | 32.27%   | 5.4MB      | 2.7MB       | 0B        | 12.5MB     |
|--------|-----------------------------------|-------------|-------------|----------|----------|------------|-------------|-----------|------------|
| Docker | ca.org2.example.com               | 10.2MB      | 10.2MB      | 0.00%    | 0.00%    | 0B         | 0B          | 0B        | 0B         |
|--------|-----------------------------------|-------------|-------------|----------|----------|------------|-------------|-----------|------------|
| Docker | orderer.example.com               | 48.3MB      | 41.9MB      | 68.00%   | 16.38%   | 4.3MB      | 16.8MB      | 0B        | 9.7MB      |
|--------|-----------------------------------|-------------|-------------|----------|----------|------------|-------------|-----------|------------|
| Docker | ca.org1.example.com               | 9.6MB       | 9.6MB       | 0.00%    | 0.00%    | 0B         | 0B          | 0B        | 0B         |
+--------+-----------------------------------+-------------+-------------+----------+----------+------------+-------------+-----------+------------+
 

2019-09-30T16:31:35+09:00 - INFO [defaultTest]: ------ Passed 'smallOperations' testing ------ 

2019-09-30T16:31:35+09:00 - INFO [defaultTest]: Waiting 5 seconds for the next round... 

2019-09-30T16:31:35+09:00 - INFO [demo.js]: [Transaction Info] - Submitted: 1000 Succ: 1000 Fail:0 Unfinished:0 

2019-09-30T16:31:36+09:00 - INFO [demo.js]: [Transaction Info] - Submitted: 1000 Succ: 1000 Fail:0 Unfinished:0 

2019-09-30T16:31:37+09:00 - INFO [demo.js]: [Transaction Info] - Submitted: 1000 Succ: 1000 Fail:0 Unfinished:0 

2019-09-30T16:31:38+09:00 - INFO [demo.js]: [Transaction Info] - Submitted: 1000 Succ: 1000 Fail:0 Unfinished:0 

2019-09-30T16:31:39+09:00 - INFO [demo.js]: [Transaction Info] - Submitted: 1000 Succ: 1000 Fail:0 Unfinished:0 

2019-09-30T16:31:40+09:00 - INFO [defaultTest]: ####### Testing 'query' ####### 

2019-09-30T16:31:40+09:00 - DEBUG [local-client.js]: doTest() with:
	{"type":"test","label":"query","rateControl":{"type":"fixed-rate","opts":{"tps":1000}},"trim":0,"cb":"benchmark/smallbank/query.js","config":"/home/oslab/caliper-benchmarks/caliper/packages/caliper-samples/network/fabric-v1.4/2org2peergoleveldb/fabric-go.yaml","root":"/home/oslab/caliper-benchmarks/caliper/packages/caliper-samples","numb":200,"roundIdx":2,"totalClients":5,"clients":5,"clientargs":{},"clientIdx":0}

2019-09-30T16:31:40+09:00 - DEBUG [local-client.js]: doTest() with:
	{"type":"test","label":"query","rateControl":{"type":"fixed-rate","opts":{"tps":1000}},"trim":0,"cb":"benchmark/smallbank/query.js","config":"/home/oslab/caliper-benchmarks/caliper/packages/caliper-samples/network/fabric-v1.4/2org2peergoleveldb/fabric-go.yaml","root":"/home/oslab/caliper-benchmarks/caliper/packages/caliper-samples","numb":200,"roundIdx":2,"totalClients":5,"clients":5,"clientargs":{},"clientIdx":1}

2019-09-30T16:31:40+09:00 - DEBUG [local-client.js]: doTest() with:
	{"type":"test","label":"query","rateControl":{"type":"fixed-rate","opts":{"tps":1000}},"trim":0,"cb":"benchmark/smallbank/query.js","config":"/home/oslab/caliper-benchmarks/caliper/packages/caliper-samples/network/fabric-v1.4/2org2peergoleveldb/fabric-go.yaml","root":"/home/oslab/caliper-benchmarks/caliper/packages/caliper-samples","numb":200,"roundIdx":2,"totalClients":5,"clients":5,"clientargs":{},"clientIdx":3}

2019-09-30T16:31:40+09:00 - DEBUG [local-client.js]: doTest() with:
	{"type":"test","label":"query","rateControl":{"type":"fixed-rate","opts":{"tps":1000}},"trim":0,"cb":"benchmark/smallbank/query.js","config":"/home/oslab/caliper-benchmarks/caliper/packages/caliper-samples/network/fabric-v1.4/2org2peergoleveldb/fabric-go.yaml","root":"/home/oslab/caliper-benchmarks/caliper/packages/caliper-samples","numb":200,"roundIdx":2,"totalClients":5,"clients":5,"clientargs":{},"clientIdx":4}

2019-09-30T16:31:40+09:00 - DEBUG [local-client.js]: doTest() with:
	{"type":"test","label":"query","rateControl":{"type":"fixed-rate","opts":{"tps":1000}},"trim":0,"cb":"benchmark/smallbank/query.js","config":"/home/oslab/caliper-benchmarks/caliper/packages/caliper-samples/network/fabric-v1.4/2org2peergoleveldb/fabric-go.yaml","root":"/home/oslab/caliper-benchmarks/caliper/packages/caliper-samples","numb":200,"roundIdx":2,"totalClients":5,"clients":5,"clientargs":{},"clientIdx":2}

2019-09-30T16:31:40+09:00 - INFO [defaultTest]: ------ Test round 2 ------ 

2019-09-30T16:31:40+09:00 - INFO [client-util.js]: Waiting for 0 clients to be ready...  

2019-09-30T16:31:40+09:00 - INFO [client-util.js]: 0 clients ready, starting test phase 

2019-09-30T16:31:40+09:00 - INFO [local-client.js]: txUpdateTime: 1000 

2019-09-30T16:31:40+09:00 - INFO [local-client.js]: txUpdateTime: 1000 

2019-09-30T16:31:40+09:00 - INFO [local-client.js]: txUpdateTime: 1000 

2019-09-30T16:31:40+09:00 - INFO [local-client.js]: txUpdateTime: 1000 

2019-09-30T16:31:40+09:00 - INFO [local-client.js]: txUpdateTime: 1000 

2019-09-30T16:31:40+09:00 - INFO [local-client.js]: Info: client 18069 start test runFixedNumber():querying accounts 

2019-09-30T16:31:40+09:00 - DEBUG [rateControl.js]: Creating rate controller for client#3 for round#2
	{"type":"fixed-rate","opts":{"tps":1000}}

2019-09-30T16:31:40+09:00 - INFO [local-client.js]: Info: client 18055 start test runFixedNumber():querying accounts 

2019-09-30T16:31:40+09:00 - DEBUG [rateControl.js]: Creating rate controller for client#0 for round#2
	{"type":"fixed-rate","opts":{"tps":1000}}

2019-09-30T16:31:40+09:00 - INFO [local-client.js]: Info: client 18078 start test runFixedNumber():querying accounts 

2019-09-30T16:31:40+09:00 - DEBUG [rateControl.js]: Creating rate controller for client#4 for round#2
	{"type":"fixed-rate","opts":{"tps":1000}}

2019-09-30T16:31:40+09:00 - INFO [local-client.js]: Info: client 18062 start test runFixedNumber():querying accounts 

2019-09-30T16:31:40+09:00 - DEBUG [rateControl.js]: Creating rate controller for client#2 for round#2
	{"type":"fixed-rate","opts":{"tps":1000}}

2019-09-30T16:31:40+09:00 - INFO [local-client.js]: Info: client 18060 start test runFixedNumber():querying accounts 

2019-09-30T16:31:40+09:00 - DEBUG [rateControl.js]: Creating rate controller for client#1 for round#2
	{"type":"fixed-rate","opts":{"tps":1000}}

2019-09-30T16:31:40+09:00 - INFO [demo.js]: [Transaction Info] - Submitted: 1000 Succ: 1000 Fail:0 Unfinished:0 

2019-09-30T16:31:41+09:00 - DEBUG [report-builder]: r.create.max: 1569828701.369 r.create.min: 1569828700.371 r.final.max: 1569828701.375 r.final.min: 1569828700.387 r.final.last: 1569828701.375 

2019-09-30T16:31:41+09:00 - DEBUG [report-builder]:  throughput for only success time computed: 996.0 

2019-09-30T16:31:41+09:00 - DEBUG [report-builder]: sendTransactionProposal: 0ms length: 1000 

2019-09-30T16:31:41+09:00 - DEBUG [report-builder]: sendTransaction: 0ms 

2019-09-30T16:31:41+09:00 - DEBUG [report-builder]: invokeLatency: 0ms 

2019-09-30T16:31:41+09:00 - INFO [report-builder]: ###test result:### 

2019-09-30T16:31:41+09:00 - INFO [report-builder]: 
+-------+------+------+------------+-------------+-------------+-------------+------------+
| Name  | Succ | Fail | Send Rate  | Max Latency | Min Latency | Avg Latency | Throughput |
|-------|------|------|------------|-------------|-------------|-------------|------------|
| query | 1000 | 0    | 1002.0 tps | 0.03 s      | 0.01 s      | 0.01 s      | 996.0 tps  |
+-------+------+------+------------+-------------+-------------+-------------+------------+
 

2019-09-30T16:31:41+09:00 - INFO [report-builder]: ### resource stats ### 

2019-09-30T16:31:41+09:00 - INFO [report-builder]: 
+--------+-----------------------------------+-------------+-------------+----------+----------+------------+-------------+-----------+------------+
| TYPE   | NAME                              | Memory(max) | Memory(avg) | CPU(max) | CPU(avg) | Traffic In | Traffic Out | Disc Read | Disc Write |
|--------|-----------------------------------|-------------|-------------|----------|----------|------------|-------------|-----------|------------|
| Docker | dev-peer0.org2.example.co...nk-v0 | -           | -           | NaN%     | NaN%     | -          | -           | -         | -          |
|--------|-----------------------------------|-------------|-------------|----------|----------|------------|-------------|-----------|------------|
| Docker | dev-peer0.org1.example.co...nk-v0 | -           | -           | NaN%     | NaN%     | -          | -           | -         | -          |
|--------|-----------------------------------|-------------|-------------|----------|----------|------------|-------------|-----------|------------|
| Docker | dev-peer1.org1.example.co...nk-v0 | -           | -           | NaN%     | NaN%     | -          | -           | -         | -          |
|--------|-----------------------------------|-------------|-------------|----------|----------|------------|-------------|-----------|------------|
| Docker | dev-peer1.org2.example.co...nk-v0 | -           | -           | NaN%     | NaN%     | -          | -           | -         | -          |
|--------|-----------------------------------|-------------|-------------|----------|----------|------------|-------------|-----------|------------|
| Docker | dev-peer0.org1.example.co...le-v0 | -           | -           | NaN%     | NaN%     | -          | -           | -         | -          |
|--------|-----------------------------------|-------------|-------------|----------|----------|------------|-------------|-----------|------------|
| Docker | dev-peer0.org2.example.co...le-v0 | -           | -           | NaN%     | NaN%     | -          | -           | -         | -          |
|--------|-----------------------------------|-------------|-------------|----------|----------|------------|-------------|-----------|------------|
| Docker | dev-peer1.org2.example.co...le-v0 | -           | -           | NaN%     | NaN%     | -          | -           | -         | -          |
|--------|-----------------------------------|-------------|-------------|----------|----------|------------|-------------|-----------|------------|
| Docker | dev-peer1.org1.example.co...le-v0 | -           | -           | NaN%     | NaN%     | -          | -           | -         | -          |
|--------|-----------------------------------|-------------|-------------|----------|----------|------------|-------------|-----------|------------|
| Docker | dev-peer0.org1.example.co...rm-v0 | -           | -           | NaN%     | NaN%     | -          | -           | -         | -          |
|--------|-----------------------------------|-------------|-------------|----------|----------|------------|-------------|-----------|------------|
| Docker | dev-peer1.org2.example.co...rm-v0 | -           | -           | NaN%     | NaN%     | -          | -           | -         | -          |
|--------|-----------------------------------|-------------|-------------|----------|----------|------------|-------------|-----------|------------|
| Docker | dev-peer1.org1.example.co...rm-v0 | -           | -           | NaN%     | NaN%     | -          | -           | -         | -          |
|--------|-----------------------------------|-------------|-------------|----------|----------|------------|-------------|-----------|------------|
| Docker | dev-peer0.org2.example.co...rm-v0 | -           | -           | NaN%     | NaN%     | -          | -           | -         | -          |
|--------|-----------------------------------|-------------|-------------|----------|----------|------------|-------------|-----------|------------|
| Docker | dev-peer1.org2.example.co...es-v0 | -           | -           | NaN%     | NaN%     | -          | -           | -         | -          |
|--------|-----------------------------------|-------------|-------------|----------|----------|------------|-------------|-----------|------------|
| Docker | dev-peer0.org1.example.co...es-v0 | -           | -           | NaN%     | NaN%     | -          | -           | -         | -          |
|--------|-----------------------------------|-------------|-------------|----------|----------|------------|-------------|-----------|------------|
| Docker | dev-peer0.org2.example.co...es-v0 | -           | -           | NaN%     | NaN%     | -          | -           | -         | -          |
|--------|-----------------------------------|-------------|-------------|----------|----------|------------|-------------|-----------|------------|
| Docker | dev-peer1.org1.example.co...es-v0 | -           | -           | NaN%     | NaN%     | -          | -           | -         | -          |
|--------|-----------------------------------|-------------|-------------|----------|----------|------------|-------------|-----------|------------|
| Docker | peer1.org1.example.com            | -           | -           | NaN%     | NaN%     | -          | -           | -         | -          |
|--------|-----------------------------------|-------------|-------------|----------|----------|------------|-------------|-----------|------------|
| Docker | peer1.org2.example.com            | -           | -           | NaN%     | NaN%     | -          | -           | -         | -          |
|--------|-----------------------------------|-------------|-------------|----------|----------|------------|-------------|-----------|------------|
| Docker | peer0.org2.example.com            | -           | -           | NaN%     | NaN%     | -          | -           | -         | -          |
|--------|-----------------------------------|-------------|-------------|----------|----------|------------|-------------|-----------|------------|
| Docker | peer0.org1.example.com            | -           | -           | NaN%     | NaN%     | -          | -           | -         | -          |
|--------|-----------------------------------|-------------|-------------|----------|----------|------------|-------------|-----------|------------|
| Docker | ca.org2.example.com               | -           | -           | NaN%     | NaN%     | -          | -           | -         | -          |
|--------|-----------------------------------|-------------|-------------|----------|----------|------------|-------------|-----------|------------|
| Docker | orderer.example.com               | -           | -           | NaN%     | NaN%     | -          | -           | -         | -          |
|--------|-----------------------------------|-------------|-------------|----------|----------|------------|-------------|-----------|------------|
| Docker | ca.org1.example.com               | -           | -           | NaN%     | NaN%     | -          | -           | -         | -          |
+--------+-----------------------------------+-------------+-------------+----------+----------+------------+-------------+-----------+------------+
 

2019-09-30T16:31:41+09:00 - INFO [defaultTest]: ------ Passed 'query' testing ------ 

2019-09-30T16:31:41+09:00 - INFO [caliper-flow]: ---------- Finished Test ----------
 

2019-09-30T16:31:41+09:00 - INFO [report-builder]: ###all test results:### 

2019-09-30T16:31:41+09:00 - INFO [report-builder]: 
+------+-----------------+------+------+------------+-------------+-------------+-------------+------------+
| Test | Name            | Succ | Fail | Send Rate  | Max Latency | Min Latency | Avg Latency | Throughput |
|------|-----------------|------|------|------------|-------------|-------------|-------------|------------|
| 1    | smallOperations | 1000 | 0    | 621.5 tps  | 9.84 s      | 0.20 s      | 5.03 s      | 87.6 tps   |
|------|-----------------|------|------|------------|-------------|-------------|-------------|------------|
| 2    | query           | 1000 | 0    | 1002.0 tps | 0.03 s      | 0.01 s      | 0.01 s      | 996.0 tps  |
+------+-----------------+------+------+------------+-------------+-------------+-------------+------------+
 

2019-09-30T16:31:41+09:00 - INFO [monitor.js]: 
 ### resource stats (maximum) ### 

2019-09-30T16:31:41+09:00 - INFO [monitor.js]: 
+--------+-----------------------------------+-------------+----------+------------+-------------+-----------+------------+
| TYPE   | NAME                              | Memory(max) | CPU(max) | Traffic In | Traffic Out | Disc Read | Disc Write |
|--------|-----------------------------------|-------------|----------|------------|-------------|-----------|------------|
| Docker | dev-peer0.org2.example.co...nk-v0 | 8.2MB       | 23.91%   | 976.0KB    | 544.5KB     | 0B        | 0B         |
|--------|-----------------------------------|-------------|----------|------------|-------------|-----------|------------|
| Docker | dev-peer0.org1.example.co...nk-v0 | 9.6MB       | 21.38%   | 958.2KB    | 524.6KB     | 0B        | 0B         |
|--------|-----------------------------------|-------------|----------|------------|-------------|-----------|------------|
| Docker | dev-peer1.org1.example.co...nk-v0 | 8.4MB       | 23.30%   | 952.3KB    | 517.7KB     | 0B        | 0B         |
|--------|-----------------------------------|-------------|----------|------------|-------------|-----------|------------|
| Docker | dev-peer1.org2.example.co...nk-v0 | 8.1MB       | 21.36%   | 933.9KB    | 499.1KB     | 0B        | 0B         |
|--------|-----------------------------------|-------------|----------|------------|-------------|-----------|------------|
| Docker | dev-peer0.org1.example.co...le-v0 | 7.0MB       | 0.00%    | 273B       | 0B          | 0B        | 0B         |
|--------|-----------------------------------|-------------|----------|------------|-------------|-----------|------------|
| Docker | dev-peer0.org2.example.co...le-v0 | 7.1MB       | 0.00%    | 273B       | 0B          | 0B        | 0B         |
|--------|-----------------------------------|-------------|----------|------------|-------------|-----------|------------|
| Docker | dev-peer1.org2.example.co...le-v0 | 7.1MB       | 0.00%    | 273B       | 0B          | 0B        | 0B         |
|--------|-----------------------------------|-------------|----------|------------|-------------|-----------|------------|
| Docker | dev-peer1.org1.example.co...le-v0 | 7.0MB       | 0.00%    | 273B       | 0B          | 0B        | 0B         |
|--------|-----------------------------------|-------------|----------|------------|-------------|-----------|------------|
| Docker | dev-peer0.org1.example.co...rm-v0 | 6.9MB       | 0.00%    | 70B        | 0B          | 0B        | 0B         |
|--------|-----------------------------------|-------------|----------|------------|-------------|-----------|------------|
| Docker | dev-peer1.org2.example.co...rm-v0 | 6.7MB       | 0.01%    | 70B        | 0B          | 0B        | 0B         |
|--------|-----------------------------------|-------------|----------|------------|-------------|-----------|------------|
| Docker | dev-peer1.org1.example.co...rm-v0 | 7.2MB       | 0.01%    | 0B         | 0B          | 0B        | 0B         |
|--------|-----------------------------------|-------------|----------|------------|-------------|-----------|------------|
| Docker | dev-peer0.org2.example.co...rm-v0 | 6.9MB       | 0.00%    | 0B         | 0B          | 0B        | 0B         |
|--------|-----------------------------------|-------------|----------|------------|-------------|-----------|------------|
| Docker | dev-peer1.org2.example.co...es-v0 | 7.1MB       | 0.01%    | 273B       | 0B          | 0B        | 0B         |
|--------|-----------------------------------|-------------|----------|------------|-------------|-----------|------------|
| Docker | dev-peer0.org1.example.co...es-v0 | 6.9MB       | 0.00%    | 273B       | 0B          | 0B        | 0B         |
|--------|-----------------------------------|-------------|----------|------------|-------------|-----------|------------|
| Docker | dev-peer0.org2.example.co...es-v0 | 6.7MB       | 0.00%    | 203B       | 0B          | 0B        | 0B         |
|--------|-----------------------------------|-------------|----------|------------|-------------|-----------|------------|
| Docker | dev-peer1.org1.example.co...es-v0 | 6.9MB       | 0.00%    | 203B       | 0B          | 0B        | 0B         |
|--------|-----------------------------------|-------------|----------|------------|-------------|-----------|------------|
| Docker | peer1.org1.example.com            | 164.6MB     | 78.88%   | 5.3MB      | 2.1MB       | 0B        | 14.0MB     |
|--------|-----------------------------------|-------------|----------|------------|-------------|-----------|------------|
| Docker | peer1.org2.example.com            | 165.5MB     | 79.45%   | 5.3MB      | 2.1MB       | 0B        | 14.0MB     |
|--------|-----------------------------------|-------------|----------|------------|-------------|-----------|------------|
| Docker | peer0.org2.example.com            | 180.8MB     | 80.63%   | 5.4MB      | 2.1MB       | 0B        | 14.0MB     |
|--------|-----------------------------------|-------------|----------|------------|-------------|-----------|------------|
| Docker | peer0.org1.example.com            | 169.1MB     | 76.75%   | 5.4MB      | 2.7MB       | 0B        | 14.0MB     |
|--------|-----------------------------------|-------------|----------|------------|-------------|-----------|------------|
| Docker | ca.org2.example.com               | 10.2MB      | 0.00%    | 0B         | 0B          | 0B        | 0B         |
|--------|-----------------------------------|-------------|----------|------------|-------------|-----------|------------|
| Docker | orderer.example.com               | 48.3MB      | 68.00%   | 4.3MB      | 16.8MB      | 0B        | 9.7MB      |
|--------|-----------------------------------|-------------|----------|------------|-------------|-----------|------------|
| Docker | ca.org1.example.com               | 9.6MB       | 0.00%    | 0B         | 0B          | 0B        | 0B         |
+--------+-----------------------------------+-------------+----------+------------+-------------+-----------+------------+
 

2019-09-30T16:31:41+09:00 - INFO [caliper-flow]: Generated report with path /home/oslab/caliper-benchmarks/report-20190930T073141.html 

2019-09-30T16:31:41+09:00 - INFO [demo.js]: [Transaction Info] - Submitted: 2000 Succ: 2000 Fail:0 Unfinished:0 

2019-09-30T16:31:41+09:00 - INFO [caliper-flow]: 

#######################################
# Test summary: 2 succeeded, 0 failed #
#######################################
 

2019-09-30T16:31:41+09:00 - INFO [caliper-utils]: Executing command: cd /home/oslab/caliper-benchmarks/caliper/packages/caliper-samples;docker-compose -f network/fabric-v1.4/2org2peergoleveldb/docker-compose.yaml down;(test -z \"$(docker ps -aq)\") || docker rm $(docker ps -aq);(test -z \"$(docker images dev* -q)\") || docker rmi $(docker images dev* -q);rm -rf /tmp/hfc-* 

2019-09-30T16:31:41+09:00 - INFO [client-util.js]: Client exited with code null 

2019-09-30T16:31:41+09:00 - INFO [client-util.js]: Client exited with code null 

2019-09-30T16:31:41+09:00 - INFO [client-util.js]: Client exited with code null 

2019-09-30T16:31:41+09:00 - INFO [client-util.js]: Client exited with code null 

2019-09-30T16:31:41+09:00 - INFO [client-util.js]: Client exited with code null 

