2020-05-06T17:52:35+09:00 - DEBUG Constructed a winston logger with the specified targets:
	{"consolelogger":{"target":"console","level":"info"},"filelogger":{"target":"daily-rotate-file","level":"debug","filename":"log/caliper-%DATE%.log","datePattern":"YYYY-MM-DD-HH","maxSize":"5m","zippedArchive":true}}

2020-05-06T17:52:36+09:00 - INFO [caliper-flow]: ####### Caliper Test ####### 

2020-05-06T17:52:36+09:00 - INFO [caliper-utils]: Executing command: cd /home/oslab/caliper_v0.1.0/caliper/packages/caliper-samples;docker-compose -f network/fabric-v1.4.1/kafka2o2pgoleveldb/docker-compose.yaml up -d;sleep 3s 

2020-05-06T17:53:00+09:00 - INFO [adapters/fabric]: Fabric SDK version: 1.4.4; TLS: none 

2020-05-06T17:53:01+09:00 - INFO [adapters/fabric]: Org1's registrar enrolled successfully 

2020-05-06T17:53:01+09:00 - INFO [adapters/fabric]: Org2's registrar enrolled successfully 

2020-05-06T17:53:01+09:00 - INFO [adapters/fabric]: Org1's admin's materials are successfully loaded 

2020-05-06T17:53:01+09:00 - INFO [adapters/fabric]: Org2's admin's materials are successfully loaded 

2020-05-06T17:53:01+09:00 - INFO [adapters/fabric]: client0.org1.example.com's materials are successfully loaded 

2020-05-06T17:53:01+09:00 - INFO [adapters/fabric]: client0.org2.example.com's materials are successfully loaded 

2020-05-06T17:53:01+09:00 - INFO [adapters/fabric]: Channel 'mychannel' definiton being retrieved from file 

2020-05-06T17:53:01+09:00 - INFO [adapters/fabric]: Channel 'mychannel' successfully created 

2020-05-06T17:53:01+09:00 - INFO [adapters/fabric]: Sleeping 5s... 

2020-05-06T17:53:06+09:00 - INFO [adapters/fabric]: Org1's peers successfully joined mychannel: peer0.org1.example.com,peer1.org1.example.com 

2020-05-06T17:53:07+09:00 - INFO [adapters/fabric]: Org2's peers successfully joined mychannel: peer0.org2.example.com,peer1.org2.example.com 

2020-05-06T17:53:07+09:00 - INFO [adapters/fabric]: Sleeping 5s... 

2020-05-06T17:53:12+09:00 - INFO [adapters/fabric]: Installing chaincodes for mychannel... 

2020-05-06T17:53:12+09:00 - INFO [adapters/fabric]: marbles@v0 successfully installed on Org1's peers: peer0.org1.example.com,peer1.org1.example.com 

2020-05-06T17:53:12+09:00 - INFO [adapters/fabric]: marbles@v0 successfully installed on Org2's peers: peer0.org2.example.com,peer1.org2.example.com 

2020-05-06T17:53:12+09:00 - INFO [adapters/fabric]: drm@v0 successfully installed on Org1's peers: peer0.org1.example.com,peer1.org1.example.com 

2020-05-06T17:53:12+09:00 - INFO [adapters/fabric]: drm@v0 successfully installed on Org2's peers: peer0.org2.example.com,peer1.org2.example.com 

2020-05-06T17:53:12+09:00 - INFO [adapters/fabric]: simple@v0 successfully installed on Org1's peers: peer0.org1.example.com,peer1.org1.example.com 

2020-05-06T17:53:12+09:00 - INFO [adapters/fabric]: simple@v0 successfully installed on Org2's peers: peer0.org2.example.com,peer1.org2.example.com 

2020-05-06T17:53:12+09:00 - INFO [adapters/fabric]: smallbank@v0 successfully installed on Org1's peers: peer0.org1.example.com,peer1.org1.example.com 

2020-05-06T17:53:12+09:00 - INFO [adapters/fabric]: smallbank@v0 successfully installed on Org2's peers: peer0.org2.example.com,peer1.org2.example.com 

2020-05-06T17:53:12+09:00 - INFO [adapters/fabric]: Instantiating marbles@v0 in mychannel. This might take some time... 

2020-05-06T17:53:30+09:00 - INFO [adapters/fabric]: Successfully instantiated marbles@v0 in mychannel 

2020-05-06T17:53:30+09:00 - INFO [adapters/fabric]: Instantiating drm@v0 in mychannel. This might take some time... 

2020-05-06T17:53:48+09:00 - INFO [adapters/fabric]: Successfully instantiated drm@v0 in mychannel 

2020-05-06T17:53:48+09:00 - INFO [adapters/fabric]: Instantiating simple@v0 in mychannel. This might take some time... 

2020-05-06T17:54:05+09:00 - INFO [adapters/fabric]: Successfully instantiated simple@v0 in mychannel 

2020-05-06T17:54:05+09:00 - INFO [adapters/fabric]: Instantiating smallbank@v0 in mychannel. This might take some time... 

2020-05-06T17:54:24+09:00 - INFO [adapters/fabric]: Successfully instantiated smallbank@v0 in mychannel 

2020-05-06T17:54:24+09:00 - INFO [adapters/fabric]: Sleeping 5s... 

2020-05-06T17:54:29+09:00 - INFO [caliper-flow]: Started monitor successfully 

2020-05-06T17:54:29+09:00 - INFO [defaultTest]: ####### Testing 'smallOperations' ####### 

2020-05-06T17:54:29+09:00 - INFO [defaultTest]: ------ Test round 1 ------ 

2020-05-06T17:54:29+09:00 - INFO [client-util.js]: Launching client with PID  14566 

2020-05-06T17:54:29+09:00 - INFO [client-util.js]: Launching client with PID  14583 

2020-05-06T17:54:29+09:00 - INFO [client-util.js]: Launching client with PID  14589 

2020-05-06T17:54:29+09:00 - INFO [client-util.js]: Launching client with PID  14595 

2020-05-06T17:54:29+09:00 - INFO [client-util.js]: Launching client with PID  14601 

2020-05-06T17:54:29+09:00 - INFO [client-util.js]: Waiting for 5 clients to be ready...  

2020-05-06T17:54:30+09:00 - INFO [demo.js]: [Transaction Info] - Submitted: 0 Succ: 0 Fail:0 Unfinished:0 

2020-05-06T17:54:29+09:00 - DEBUG Constructed a winston logger with the specified targets:
	{"consolelogger":{"target":"console","level":"info"},"filelogger":{"target":"daily-rotate-file","level":"debug","filename":"log/caliper-%DATE%.log","datePattern":"YYYY-MM-DD-HH","maxSize":"5m","zippedArchive":true}}

2020-05-06T17:54:29+09:00 - DEBUG Constructed a winston logger with the specified targets:
	{"consolelogger":{"target":"console","level":"info"},"filelogger":{"target":"daily-rotate-file","level":"debug","filename":"log/caliper-%DATE%.log","datePattern":"YYYY-MM-DD-HH","maxSize":"5m","zippedArchive":true}}

2020-05-06T17:54:29+09:00 - DEBUG Constructed a winston logger with the specified targets:
	{"consolelogger":{"target":"console","level":"info"},"filelogger":{"target":"daily-rotate-file","level":"debug","filename":"log/caliper-%DATE%.log","datePattern":"YYYY-MM-DD-HH","maxSize":"5m","zippedArchive":true}}

2020-05-06T17:54:29+09:00 - DEBUG Constructed a winston logger with the specified targets:
	{"consolelogger":{"target":"console","level":"info"},"filelogger":{"target":"daily-rotate-file","level":"debug","filename":"log/caliper-%DATE%.log","datePattern":"YYYY-MM-DD-HH","maxSize":"5m","zippedArchive":true}}

2020-05-06T17:54:29+09:00 - DEBUG Constructed a winston logger with the specified targets:
	{"consolelogger":{"target":"console","level":"info"},"filelogger":{"target":"daily-rotate-file","level":"debug","filename":"log/caliper-%DATE%.log","datePattern":"YYYY-MM-DD-HH","maxSize":"5m","zippedArchive":true}}

2020-05-06T17:54:30+09:00 - INFO [client-util.js]: Client ready message recieved 

2020-05-06T17:54:30+09:00 - INFO [fabric/fabricClientWorker]: Client ready 

2020-05-06T17:54:30+09:00 - INFO [client-util.js]: Client ready message recieved 

2020-05-06T17:54:30+09:00 - INFO [fabric/fabricClientWorker]: Client ready 

2020-05-06T17:54:30+09:00 - INFO [fabric/fabricClientWorker]: Client ready 

2020-05-06T17:54:30+09:00 - INFO [client-util.js]: Client ready message recieved 

2020-05-06T17:54:30+09:00 - INFO [client-util.js]: Client ready message recieved 

2020-05-06T17:54:30+09:00 - INFO [fabric/fabricClientWorker]: Client ready 

2020-05-06T17:54:30+09:00 - INFO [client-util.js]: Client ready message recieved 

2020-05-06T17:54:30+09:00 - INFO [client-util.js]: 5 clients ready, starting test phase 

2020-05-06T17:54:30+09:00 - INFO [fabric/fabricClientWorker]: Client ready 

2020-05-06T17:54:30+09:00 - DEBUG [local-client.js]: doTest() with:
	{"type":"test","label":"smallOperations","rateControl":{"type":"fixed-rate","opts":{"tps":2000}},"trim":0,"args":{"accounts":400,"txnPerBatch":1},"cb":"benchmark/smallbank/smallbankOperations.js","config":"/home/oslab/caliper_v0.1.0/caliper/packages/caliper-samples/network/fabric-v1.4.1/kafka2o2pgoleveldb/fabric-go.yaml","root":"/home/oslab/caliper_v0.1.0/caliper/packages/caliper-samples","numb":400,"roundIdx":1,"totalClients":5,"clients":5,"clientargs":{},"clientIdx":2}

2020-05-06T17:54:30+09:00 - DEBUG [local-client.js]: doTest() with:
	{"type":"test","label":"smallOperations","rateControl":{"type":"fixed-rate","opts":{"tps":2000}},"trim":0,"args":{"accounts":400,"txnPerBatch":1},"cb":"benchmark/smallbank/smallbankOperations.js","config":"/home/oslab/caliper_v0.1.0/caliper/packages/caliper-samples/network/fabric-v1.4.1/kafka2o2pgoleveldb/fabric-go.yaml","root":"/home/oslab/caliper_v0.1.0/caliper/packages/caliper-samples","numb":400,"roundIdx":1,"totalClients":5,"clients":5,"clientargs":{},"clientIdx":0}

2020-05-06T17:54:30+09:00 - DEBUG [local-client.js]: doTest() with:
	{"type":"test","label":"smallOperations","rateControl":{"type":"fixed-rate","opts":{"tps":2000}},"trim":0,"args":{"accounts":400,"txnPerBatch":1},"cb":"benchmark/smallbank/smallbankOperations.js","config":"/home/oslab/caliper_v0.1.0/caliper/packages/caliper-samples/network/fabric-v1.4.1/kafka2o2pgoleveldb/fabric-go.yaml","root":"/home/oslab/caliper_v0.1.0/caliper/packages/caliper-samples","numb":400,"roundIdx":1,"totalClients":5,"clients":5,"clientargs":{},"clientIdx":1}

2020-05-06T17:54:30+09:00 - DEBUG [local-client.js]: doTest() with:
	{"type":"test","label":"smallOperations","rateControl":{"type":"fixed-rate","opts":{"tps":2000}},"trim":0,"args":{"accounts":400,"txnPerBatch":1},"cb":"benchmark/smallbank/smallbankOperations.js","config":"/home/oslab/caliper_v0.1.0/caliper/packages/caliper-samples/network/fabric-v1.4.1/kafka2o2pgoleveldb/fabric-go.yaml","root":"/home/oslab/caliper_v0.1.0/caliper/packages/caliper-samples","numb":400,"roundIdx":1,"totalClients":5,"clients":5,"clientargs":{},"clientIdx":4}

2020-05-06T17:54:30+09:00 - DEBUG [local-client.js]: doTest() with:
	{"type":"test","label":"smallOperations","rateControl":{"type":"fixed-rate","opts":{"tps":2000}},"trim":0,"args":{"accounts":400,"txnPerBatch":1},"cb":"benchmark/smallbank/smallbankOperations.js","config":"/home/oslab/caliper_v0.1.0/caliper/packages/caliper-samples/network/fabric-v1.4.1/kafka2o2pgoleveldb/fabric-go.yaml","root":"/home/oslab/caliper_v0.1.0/caliper/packages/caliper-samples","numb":400,"roundIdx":1,"totalClients":5,"clients":5,"clientargs":{},"clientIdx":3}

2020-05-06T17:54:30+09:00 - INFO [local-client.js]: txUpdateTime: 1000 

2020-05-06T17:54:30+09:00 - INFO [local-client.js]: txUpdateTime: 1000 

2020-05-06T17:54:30+09:00 - INFO [local-client.js]: txUpdateTime: 1000 

2020-05-06T17:54:30+09:00 - INFO [local-client.js]: txUpdateTime: 1000 

2020-05-06T17:54:30+09:00 - INFO [local-client.js]: txUpdateTime: 1000 

2020-05-06T17:54:31+09:00 - INFO [local-client.js]: Info: client 14583 start test runFixedNumber():small_bank_operations 

2020-05-06T17:54:31+09:00 - INFO [local-client.js]: Info: client 14595 start test runFixedNumber():small_bank_operations 

2020-05-06T17:54:31+09:00 - DEBUG [rateControl.js]: Creating rate controller for client#1 for round#1
	{"type":"fixed-rate","opts":{"tps":2000}}

2020-05-06T17:54:31+09:00 - DEBUG [rateControl.js]: Creating rate controller for client#3 for round#1
	{"type":"fixed-rate","opts":{"tps":2000}}

2020-05-06T17:54:31+09:00 - INFO [local-client.js]: Info: client 14566 start test runFixedNumber():small_bank_operations 

2020-05-06T17:54:31+09:00 - INFO [local-client.js]: Info: client 14589 start test runFixedNumber():small_bank_operations 

2020-05-06T17:54:31+09:00 - INFO [local-client.js]: Info: client 14601 start test runFixedNumber():small_bank_operations 

2020-05-06T17:54:31+09:00 - DEBUG [rateControl.js]: Creating rate controller for client#0 for round#1
	{"type":"fixed-rate","opts":{"tps":2000}}

2020-05-06T17:54:31+09:00 - DEBUG [rateControl.js]: Creating rate controller for client#2 for round#1
	{"type":"fixed-rate","opts":{"tps":2000}}

2020-05-06T17:54:31+09:00 - DEBUG [rateControl.js]: Creating rate controller for client#4 for round#1
	{"type":"fixed-rate","opts":{"tps":2000}}

2020-05-06T17:54:31+09:00 - INFO [demo.js]: [Transaction Info] - Submitted: 0 Succ: 0 Fail:0 Unfinished:0 

2020-05-06T17:54:32+09:00 - INFO [demo.js]: [Transaction Info] - Submitted: 555 Succ: 0 Fail:0 Unfinished:555 

2020-05-06T17:54:33+09:00 - INFO [demo.js]: [Transaction Info] - Submitted: 1198 Succ: 299 Fail:0 Unfinished:899 

2020-05-06T17:54:34+09:00 - INFO [demo.js]: [Transaction Info] - Submitted: 1874 Succ: 1008 Fail:0 Unfinished:866 

2020-05-06T17:54:35+09:00 - INFO [demo.js]: [Transaction Info] - Submitted: 2000 Succ: 2000 Fail:0 Unfinished:0 

2020-05-06T17:54:35+09:00 - DEBUG [report-builder]: r.create.max: 1588755274.228 r.create.min: 1588755271.016 r.final.max: 1588755274.926 r.final.min: 1588755272.382 r.final.last: 1588755274.926 

2020-05-06T17:54:35+09:00 - DEBUG [report-builder]:  throughput for only success time computed: 511.5 

2020-05-06T17:54:35+09:00 - DEBUG [report-builder]: sendTransactionProposal: 0ms length: 2000 

2020-05-06T17:54:35+09:00 - DEBUG [report-builder]: sendTransaction: 0ms 

2020-05-06T17:54:35+09:00 - DEBUG [report-builder]: invokeLatency: 0ms 

2020-05-06T17:54:35+09:00 - INFO [report-builder]: ###test result:### 

2020-05-06T17:54:35+09:00 - INFO [report-builder]: 
+-----------------+------+------+-----------+-------------+-------------+-------------+------------+
| Name            | Succ | Fail | Send Rate | Max Latency | Min Latency | Avg Latency | Throughput |
|-----------------|------|------|-----------|-------------|-------------|-------------|------------|
| smallOperations | 2000 | 0    | 622.7 tps | 1.78 s      | 0.70 s      | 1.26 s      | 511.5 tps  |
+-----------------+------+------+-----------+-------------+-------------+-------------+------------+
 

2020-05-06T17:54:35+09:00 - INFO [report-builder]: ### resource stats ### 

2020-05-06T17:54:35+09:00 - INFO [report-builder]: 
+--------+-----------------------------------+-------------+-------------+----------+----------+------------+-------------+-----------+------------+
| TYPE   | NAME                              | Memory(max) | Memory(avg) | CPU(max) | CPU(avg) | Traffic In | Traffic Out | Disc Read | Disc Write |
|--------|-----------------------------------|-------------|-------------|----------|----------|------------|-------------|-----------|------------|
| Docker | confident_fermat                  | 2.3MB       | 2.3MB       | 102.27%  | 102.27%  | 0B         | 0B          | 0B        | 0B         |
|--------|-----------------------------------|-------------|-------------|----------|----------|------------|-------------|-----------|------------|
| Docker | dev-peer0.org1.example.co...nk-v0 | 7.5MB       | 7.5MB       | 12.77%   | 12.77%   | 0B         | 0B          | 0B        | 0B         |
|--------|-----------------------------------|-------------|-------------|----------|----------|------------|-------------|-----------|------------|
| Docker | dev-peer0.org2.example.co...nk-v0 | 6.9MB       | 6.9MB       | 0.00%    | 0.00%    | 0B         | 0B          | 0B        | 0B         |
|--------|-----------------------------------|-------------|-------------|----------|----------|------------|-------------|-----------|------------|
| Docker | dev-peer1.org1.example.co...nk-v0 | 8.0MB       | 8.0MB       | 15.56%   | 15.56%   | 0B         | 0B          | 0B        | 0B         |
|--------|-----------------------------------|-------------|-------------|----------|----------|------------|-------------|-----------|------------|
| Docker | dev-peer1.org2.example.co...nk-v0 | 8.0MB       | 8.0MB       | 14.81%   | 14.81%   | 0B         | 0B          | 0B        | 0B         |
|--------|-----------------------------------|-------------|-------------|----------|----------|------------|-------------|-----------|------------|
| Docker | dev-peer1.org1.example.co...le-v0 | 6.9MB       | 6.9MB       | 0.00%    | 0.00%    | 0B         | 0B          | 0B        | 0B         |
|--------|-----------------------------------|-------------|-------------|----------|----------|------------|-------------|-----------|------------|
| Docker | dev-peer1.org2.example.co...le-v0 | 7.1MB       | 7.1MB       | 0.00%    | 0.00%    | 0B         | 0B          | 0B        | 0B         |
|--------|-----------------------------------|-------------|-------------|----------|----------|------------|-------------|-----------|------------|
| Docker | dev-peer0.org2.example.co...le-v0 | 7.2MB       | 7.2MB       | 0.00%    | 0.00%    | 0B         | 0B          | 0B        | 0B         |
|--------|-----------------------------------|-------------|-------------|----------|----------|------------|-------------|-----------|------------|
| Docker | dev-peer0.org1.example.co...le-v0 | 6.9MB       | 6.9MB       | 0.00%    | 0.00%    | 0B         | 0B          | 0B        | 0B         |
|--------|-----------------------------------|-------------|-------------|----------|----------|------------|-------------|-----------|------------|
| Docker | dev-peer1.org1.example.co...rm-v0 | 6.9MB       | 6.9MB       | 0.00%    | 0.00%    | 0B         | 0B          | 0B        | 0B         |
|--------|-----------------------------------|-------------|-------------|----------|----------|------------|-------------|-----------|------------|
| Docker | dev-peer0.org1.example.co...rm-v0 | 7.1MB       | 7.1MB       | 0.00%    | 0.00%    | 0B         | 0B          | 0B        | 0B         |
|--------|-----------------------------------|-------------|-------------|----------|----------|------------|-------------|-----------|------------|
| Docker | dev-peer0.org2.example.co...rm-v0 | 7.0MB       | 7.0MB       | 0.00%    | 0.00%    | 0B         | 0B          | 0B        | 0B         |
|--------|-----------------------------------|-------------|-------------|----------|----------|------------|-------------|-----------|------------|
| Docker | dev-peer1.org2.example.co...rm-v0 | 7.0MB       | 7.0MB       | 0.00%    | 0.00%    | 0B         | 0B          | 0B        | 0B         |
|--------|-----------------------------------|-------------|-------------|----------|----------|------------|-------------|-----------|------------|
| Docker | dev-peer0.org2.example.co...es-v0 | 6.7MB       | 6.7MB       | 0.00%    | 0.00%    | 0B         | 0B          | 0B        | 0B         |
|--------|-----------------------------------|-------------|-------------|----------|----------|------------|-------------|-----------|------------|
| Docker | dev-peer1.org1.example.co...es-v0 | 7.0MB       | 7.0MB       | 0.00%    | 0.00%    | 0B         | 0B          | 0B        | 0B         |
|--------|-----------------------------------|-------------|-------------|----------|----------|------------|-------------|-----------|------------|
| Docker | dev-peer0.org1.example.co...es-v0 | 6.9MB       | 6.9MB       | 0.00%    | 0.00%    | 0B         | 0B          | 0B        | 0B         |
|--------|-----------------------------------|-------------|-------------|----------|----------|------------|-------------|-----------|------------|
| Docker | dev-peer1.org2.example.co...es-v0 | 6.9MB       | 6.9MB       | 0.00%    | 0.00%    | 0B         | 0B          | 0B        | 0B         |
|--------|-----------------------------------|-------------|-------------|----------|----------|------------|-------------|-----------|------------|
| Docker | peer1.org2.example.com            | 178.8MB     | 178.8MB     | 133.17%  | 133.17%  | 0B         | 0B          | 0B        | 0B         |
|--------|-----------------------------------|-------------|-------------|----------|----------|------------|-------------|-----------|------------|
| Docker | peer0.org2.example.com            | 177.5MB     | 177.5MB     | 113.11%  | 113.11%  | 0B         | 0B          | 0B        | 0B         |
|--------|-----------------------------------|-------------|-------------|----------|----------|------------|-------------|-----------|------------|
| Docker | peer0.org1.example.com            | 177.4MB     | 177.4MB     | 89.94%   | 89.94%   | 0B         | 0B          | 0B        | 0B         |
|--------|-----------------------------------|-------------|-------------|----------|----------|------------|-------------|-----------|------------|
| Docker | peer1.org1.example.com            | 165.3MB     | 165.3MB     | 112.66%  | 112.66%  | 0B         | 0B          | 0B        | 0B         |
|--------|-----------------------------------|-------------|-------------|----------|----------|------------|-------------|-----------|------------|
| Docker | orderer1.example.com              | 36.9MB      | 36.9MB      | 62.50%   | 62.50%   | 0B         | 0B          | 0B        | 0B         |
|--------|-----------------------------------|-------------|-------------|----------|----------|------------|-------------|-----------|------------|
| Docker | orderer0.example.com              | 43.8MB      | 43.8MB      | 91.30%   | 91.30%   | 0B         | 0B          | 0B        | 0B         |
|--------|-----------------------------------|-------------|-------------|----------|----------|------------|-------------|-----------|------------|
| Docker | kafka2                            | 339.3MB     | 339.3MB     | 18.19%   | 18.19%   | 0B         | 0B          | 0B        | 0B         |
|--------|-----------------------------------|-------------|-------------|----------|----------|------------|-------------|-----------|------------|
| Docker | kafka1                            | 367.1MB     | 367.1MB     | 156.99%  | 156.99%  | 0B         | 0B          | 0B        | 0B         |
|--------|-----------------------------------|-------------|-------------|----------|----------|------------|-------------|-----------|------------|
| Docker | kafka3                            | 359.2MB     | 359.2MB     | 75.13%   | 75.13%   | 0B         | 0B          | 0B        | 0B         |
|--------|-----------------------------------|-------------|-------------|----------|----------|------------|-------------|-----------|------------|
| Docker | kafka0                            | 327.5MB     | 327.5MB     | 0.85%    | 0.85%    | 0B         | 0B          | 0B        | 0B         |
|--------|-----------------------------------|-------------|-------------|----------|----------|------------|-------------|-----------|------------|
| Docker | ca.org1.example.com               | 9.7MB       | 9.7MB       | 0.00%    | 0.00%    | 0B         | 0B          | 0B        | 0B         |
|--------|-----------------------------------|-------------|-------------|----------|----------|------------|-------------|-----------|------------|
| Docker | ca.org2.example.com               | 10.1MB      | 10.1MB      | 0.00%    | 0.00%    | 0B         | 0B          | 0B        | 0B         |
|--------|-----------------------------------|-------------|-------------|----------|----------|------------|-------------|-----------|------------|
| Docker | zookeeper1                        | 55.4MB      | 55.4MB      | 0.26%    | 0.26%    | 0B         | 0B          | 0B        | 0B         |
|--------|-----------------------------------|-------------|-------------|----------|----------|------------|-------------|-----------|------------|
| Docker | zookeeper0                        | 49.3MB      | 49.3MB      | 0.10%    | 0.10%    | 0B         | 0B          | 0B        | 0B         |
|--------|-----------------------------------|-------------|-------------|----------|----------|------------|-------------|-----------|------------|
| Docker | zookeeper2                        | 57.6MB      | 57.6MB      | 0.13%    | 0.13%    | 0B         | 0B          | 0B        | 0B         |
+--------+-----------------------------------+-------------+-------------+----------+----------+------------+-------------+-----------+------------+
 

2020-05-06T17:54:35+09:00 - INFO [defaultTest]: ------ Passed 'smallOperations' testing ------ 

2020-05-06T17:54:35+09:00 - INFO [caliper-flow]: ---------- Finished Test ----------
 

2020-05-06T17:54:35+09:00 - INFO [report-builder]: ###all test results:### 

2020-05-06T17:54:35+09:00 - INFO [report-builder]: 
+------+-----------------+------+------+-----------+-------------+-------------+-------------+------------+
| Test | Name            | Succ | Fail | Send Rate | Max Latency | Min Latency | Avg Latency | Throughput |
|------|-----------------|------|------|-----------|-------------|-------------|-------------|------------|
| 1    | smallOperations | 2000 | 0    | 622.7 tps | 1.78 s      | 0.70 s      | 1.26 s      | 511.5 tps  |
+------+-----------------+------+------+-----------+-------------+-------------+-------------+------------+
 

2020-05-06T17:54:35+09:00 - INFO [monitor.js]: 
 ### resource stats (maximum) ### 

2020-05-06T17:54:35+09:00 - INFO [monitor.js]: 
+--------+-----------------------------------+-------------+----------+------------+-------------+-----------+------------+
| TYPE   | NAME                              | Memory(max) | CPU(max) | Traffic In | Traffic Out | Disc Read | Disc Write |
|--------|-----------------------------------|-------------|----------|------------|-------------|-----------|------------|
| Docker | confident_fermat                  | 2.3MB       | 102.27%  | 0B         | 0B          | 0B        | 0B         |
|--------|-----------------------------------|-------------|----------|------------|-------------|-----------|------------|
| Docker | dev-peer0.org1.example.co...nk-v0 | 7.5MB       | 12.77%   | 0B         | 0B          | 0B        | 0B         |
|--------|-----------------------------------|-------------|----------|------------|-------------|-----------|------------|
| Docker | dev-peer0.org2.example.co...nk-v0 | 6.9MB       | 0.00%    | 0B         | 0B          | 0B        | 0B         |
|--------|-----------------------------------|-------------|----------|------------|-------------|-----------|------------|
| Docker | dev-peer1.org1.example.co...nk-v0 | 8.0MB       | 15.56%   | 0B         | 0B          | 0B        | 0B         |
|--------|-----------------------------------|-------------|----------|------------|-------------|-----------|------------|
| Docker | dev-peer1.org2.example.co...nk-v0 | 8.0MB       | 14.81%   | 0B         | 0B          | 0B        | 0B         |
|--------|-----------------------------------|-------------|----------|------------|-------------|-----------|------------|
| Docker | dev-peer1.org1.example.co...le-v0 | 6.9MB       | 0.00%    | 0B         | 0B          | 0B        | 0B         |
|--------|-----------------------------------|-------------|----------|------------|-------------|-----------|------------|
| Docker | dev-peer1.org2.example.co...le-v0 | 7.1MB       | 0.00%    | 0B         | 0B          | 0B        | 0B         |
|--------|-----------------------------------|-------------|----------|------------|-------------|-----------|------------|
| Docker | dev-peer0.org2.example.co...le-v0 | 7.2MB       | 0.00%    | 0B         | 0B          | 0B        | 0B         |
|--------|-----------------------------------|-------------|----------|------------|-------------|-----------|------------|
| Docker | dev-peer0.org1.example.co...le-v0 | 6.9MB       | 0.00%    | 0B         | 0B          | 0B        | 0B         |
|--------|-----------------------------------|-------------|----------|------------|-------------|-----------|------------|
| Docker | dev-peer1.org1.example.co...rm-v0 | 6.9MB       | 0.00%    | 0B         | 0B          | 0B        | 0B         |
|--------|-----------------------------------|-------------|----------|------------|-------------|-----------|------------|
| Docker | dev-peer0.org1.example.co...rm-v0 | 7.1MB       | 0.00%    | 0B         | 0B          | 0B        | 0B         |
|--------|-----------------------------------|-------------|----------|------------|-------------|-----------|------------|
| Docker | dev-peer0.org2.example.co...rm-v0 | 7.0MB       | 0.00%    | 0B         | 0B          | 0B        | 0B         |
|--------|-----------------------------------|-------------|----------|------------|-------------|-----------|------------|
| Docker | dev-peer1.org2.example.co...rm-v0 | 7.0MB       | 0.00%    | 0B         | 0B          | 0B        | 0B         |
|--------|-----------------------------------|-------------|----------|------------|-------------|-----------|------------|
| Docker | dev-peer0.org2.example.co...es-v0 | 6.7MB       | 0.00%    | 0B         | 0B          | 0B        | 0B         |
|--------|-----------------------------------|-------------|----------|------------|-------------|-----------|------------|
| Docker | dev-peer1.org1.example.co...es-v0 | 7.0MB       | 0.00%    | 0B         | 0B          | 0B        | 0B         |
|--------|-----------------------------------|-------------|----------|------------|-------------|-----------|------------|
| Docker | dev-peer0.org1.example.co...es-v0 | 6.9MB       | 0.00%    | 0B         | 0B          | 0B        | 0B         |
|--------|-----------------------------------|-------------|----------|------------|-------------|-----------|------------|
| Docker | dev-peer1.org2.example.co...es-v0 | 6.9MB       | 0.00%    | 0B         | 0B          | 0B        | 0B         |
|--------|-----------------------------------|-------------|----------|------------|-------------|-----------|------------|
| Docker | peer1.org2.example.com            | 178.8MB     | 133.17%  | 0B         | 0B          | 0B        | 0B         |
|--------|-----------------------------------|-------------|----------|------------|-------------|-----------|------------|
| Docker | peer0.org2.example.com            | 177.5MB     | 113.11%  | 0B         | 0B          | 0B        | 0B         |
|--------|-----------------------------------|-------------|----------|------------|-------------|-----------|------------|
| Docker | peer0.org1.example.com            | 177.4MB     | 89.94%   | 0B         | 0B          | 0B        | 0B         |
|--------|-----------------------------------|-------------|----------|------------|-------------|-----------|------------|
| Docker | peer1.org1.example.com            | 165.3MB     | 112.66%  | 0B         | 0B          | 0B        | 0B         |
|--------|-----------------------------------|-------------|----------|------------|-------------|-----------|------------|
| Docker | orderer1.example.com              | 36.9MB      | 62.50%   | 0B         | 0B          | 0B        | 0B         |
|--------|-----------------------------------|-------------|----------|------------|-------------|-----------|------------|
| Docker | orderer0.example.com              | 43.8MB      | 91.30%   | 0B         | 0B          | 0B        | 0B         |
|--------|-----------------------------------|-------------|----------|------------|-------------|-----------|------------|
| Docker | kafka2                            | 339.3MB     | 18.19%   | 0B         | 0B          | 0B        | 0B         |
|--------|-----------------------------------|-------------|----------|------------|-------------|-----------|------------|
| Docker | kafka1                            | 367.1MB     | 156.99%  | 0B         | 0B          | 0B        | 0B         |
|--------|-----------------------------------|-------------|----------|------------|-------------|-----------|------------|
| Docker | kafka3                            | 359.2MB     | 75.13%   | 0B         | 0B          | 0B        | 0B         |
|--------|-----------------------------------|-------------|----------|------------|-------------|-----------|------------|
| Docker | kafka0                            | 327.5MB     | 0.85%    | 0B         | 0B          | 0B        | 0B         |
|--------|-----------------------------------|-------------|----------|------------|-------------|-----------|------------|
| Docker | ca.org1.example.com               | 9.7MB       | 0.00%    | 0B         | 0B          | 0B        | 0B         |
|--------|-----------------------------------|-------------|----------|------------|-------------|-----------|------------|
| Docker | ca.org2.example.com               | 10.1MB      | 0.00%    | 0B         | 0B          | 0B        | 0B         |
|--------|-----------------------------------|-------------|----------|------------|-------------|-----------|------------|
| Docker | zookeeper1                        | 55.4MB      | 0.26%    | 0B         | 0B          | 0B        | 0B         |
|--------|-----------------------------------|-------------|----------|------------|-------------|-----------|------------|
| Docker | zookeeper0                        | 49.3MB      | 0.10%    | 0B         | 0B          | 0B        | 0B         |
|--------|-----------------------------------|-------------|----------|------------|-------------|-----------|------------|
| Docker | zookeeper2                        | 57.6MB      | 0.13%    | 0B         | 0B          | 0B        | 0B         |
+--------+-----------------------------------+-------------+----------+------------+-------------+-----------+------------+
 

2020-05-06T17:54:35+09:00 - INFO [caliper-flow]: Generated report with path /home/oslab/caliper_v0.1.0/report-20200506T085435.html 

2020-05-06T17:54:35+09:00 - INFO [demo.js]: [Transaction Info] - Submitted: 2000 Succ: 2000 Fail:0 Unfinished:0 

2020-05-06T17:54:35+09:00 - INFO [caliper-flow]: 

#######################################
# Test summary: 1 succeeded, 0 failed #
#######################################
 

2020-05-06T17:54:35+09:00 - INFO [caliper-utils]: Executing command: cd /home/oslab/caliper_v0.1.0/caliper/packages/caliper-samples;docker-compose -f network/fabric-v1.4.1/kafka2o2pgoleveldb/docker-compose.yaml down;(test -z \"$(docker ps -aq)\") || docker rm $(docker ps -aq);(test -z \"$(docker images dev* -q)\") || docker rmi $(docker images dev* -q);rm -rf /tmp/hfc-* 

2020-05-06T17:54:35+09:00 - INFO [client-util.js]: Client exited with code null 

2020-05-06T17:54:35+09:00 - INFO [client-util.js]: Client exited with code null 

2020-05-06T17:54:35+09:00 - INFO [client-util.js]: Client exited with code null 

2020-05-06T17:54:35+09:00 - INFO [client-util.js]: Client exited with code null 

2020-05-06T17:54:35+09:00 - INFO [client-util.js]: Client exited with code null 

2020-05-06T17:57:09+09:00 - DEBUG Constructed a winston logger with the specified targets:
	{"consolelogger":{"target":"console","level":"info"},"filelogger":{"target":"daily-rotate-file","level":"debug","filename":"log/caliper-%DATE%.log","datePattern":"YYYY-MM-DD-HH","maxSize":"5m","zippedArchive":true}}

2020-05-06T17:57:10+09:00 - INFO [caliper-flow]: ####### Caliper Test ####### 

2020-05-06T17:57:10+09:00 - INFO [caliper-utils]: Executing command: cd /home/oslab/caliper_v0.1.0/caliper/packages/caliper-samples;docker-compose -f network/fabric-v1.4.1/kafka2o2pgoleveldb/docker-compose.yaml up -d;sleep 3s 

2020-05-06T17:57:35+09:00 - INFO [adapters/fabric]: Fabric SDK version: 1.4.4; TLS: none 

2020-05-06T17:57:36+09:00 - INFO [adapters/fabric]: Org1's registrar enrolled successfully 

2020-05-06T17:57:36+09:00 - INFO [adapters/fabric]: Org2's registrar enrolled successfully 

2020-05-06T17:57:36+09:00 - INFO [adapters/fabric]: Org1's admin's materials are successfully loaded 

2020-05-06T17:57:36+09:00 - INFO [adapters/fabric]: Org2's admin's materials are successfully loaded 

2020-05-06T17:57:36+09:00 - INFO [adapters/fabric]: client0.org1.example.com's materials are successfully loaded 

2020-05-06T17:57:36+09:00 - INFO [adapters/fabric]: client0.org2.example.com's materials are successfully loaded 

2020-05-06T17:57:36+09:00 - INFO [adapters/fabric]: Channel 'mychannel' definiton being retrieved from file 

2020-05-06T17:57:36+09:00 - INFO [adapters/fabric]: Channel 'mychannel' successfully created 

2020-05-06T17:57:36+09:00 - INFO [adapters/fabric]: Sleeping 5s... 

2020-05-06T17:57:41+09:00 - INFO [adapters/fabric]: Org1's peers successfully joined mychannel: peer0.org1.example.com,peer1.org1.example.com 

2020-05-06T17:57:41+09:00 - INFO [adapters/fabric]: Org2's peers successfully joined mychannel: peer0.org2.example.com,peer1.org2.example.com 

2020-05-06T17:57:41+09:00 - INFO [adapters/fabric]: Sleeping 5s... 

2020-05-06T17:57:46+09:00 - INFO [adapters/fabric]: Installing chaincodes for mychannel... 

2020-05-06T17:57:46+09:00 - INFO [adapters/fabric]: marbles@v0 successfully installed on Org1's peers: peer0.org1.example.com,peer1.org1.example.com 

2020-05-06T17:57:47+09:00 - INFO [adapters/fabric]: marbles@v0 successfully installed on Org2's peers: peer0.org2.example.com,peer1.org2.example.com 

2020-05-06T17:57:47+09:00 - INFO [adapters/fabric]: drm@v0 successfully installed on Org1's peers: peer0.org1.example.com,peer1.org1.example.com 

2020-05-06T17:57:47+09:00 - INFO [adapters/fabric]: drm@v0 successfully installed on Org2's peers: peer0.org2.example.com,peer1.org2.example.com 

2020-05-06T17:57:47+09:00 - INFO [adapters/fabric]: simple@v0 successfully installed on Org1's peers: peer0.org1.example.com,peer1.org1.example.com 

2020-05-06T17:57:47+09:00 - INFO [adapters/fabric]: simple@v0 successfully installed on Org2's peers: peer0.org2.example.com,peer1.org2.example.com 

2020-05-06T17:57:47+09:00 - INFO [adapters/fabric]: smallbank@v0 successfully installed on Org1's peers: peer0.org1.example.com,peer1.org1.example.com 

2020-05-06T17:57:47+09:00 - INFO [adapters/fabric]: smallbank@v0 successfully installed on Org2's peers: peer0.org2.example.com,peer1.org2.example.com 

2020-05-06T17:57:47+09:00 - INFO [adapters/fabric]: Instantiating marbles@v0 in mychannel. This might take some time... 

2020-05-06T17:58:24+09:00 - INFO [adapters/fabric]: Successfully instantiated marbles@v0 in mychannel 

2020-05-06T17:58:24+09:00 - INFO [adapters/fabric]: Instantiating drm@v0 in mychannel. This might take some time... 

2020-05-06T17:59:01+09:00 - INFO [adapters/fabric]: Successfully instantiated drm@v0 in mychannel 

2020-05-06T17:59:01+09:00 - INFO [adapters/fabric]: Instantiating simple@v0 in mychannel. This might take some time... 

