2020-01-28T16:38:39+09:00 - DEBUG Constructed a winston logger with the specified targets:
	{"consolelogger":{"target":"console","level":"info"},"filelogger":{"target":"daily-rotate-file","level":"debug","filename":"log/caliper-%DATE%.log","datePattern":"YYYY-MM-DD-HH","maxSize":"5m","zippedArchive":true}}

2020-01-28T16:38:40+09:00 - INFO [caliper-flow]: ####### Caliper Test ####### 

2020-01-28T16:38:40+09:00 - INFO [caliper-utils]: Executing command: cd /home/oslab/caliper-benchmarks/caliper/packages/caliper-samples;docker-compose -f network/fabric-v1.4.1/2org1peergoleveldb/docker-compose.yaml up -d;sleep 3s 

2020-01-28T16:38:51+09:00 - INFO [adapters/fabric]: Fabric SDK version: 1.4.4; TLS: none 

2020-01-28T16:38:52+09:00 - INFO [adapters/fabric]: Org1's registrar enrolled successfully 

2020-01-28T16:38:52+09:00 - INFO [adapters/fabric]: Org2's registrar enrolled successfully 

2020-01-28T16:38:52+09:00 - INFO [adapters/fabric]: Org1's admin's materials are successfully loaded 

2020-01-28T16:38:52+09:00 - INFO [adapters/fabric]: Org2's admin's materials are successfully loaded 

2020-01-28T16:38:52+09:00 - INFO [adapters/fabric]: client0.org1.example.com's materials are successfully loaded 

2020-01-28T16:38:52+09:00 - INFO [adapters/fabric]: client0.org2.example.com's materials are successfully loaded 

2020-01-28T16:38:52+09:00 - INFO [adapters/fabric]: Channel 'mychannel' definiton being retrieved from file 

2020-01-28T16:38:52+09:00 - INFO [adapters/fabric]: Channel 'mychannel' successfully created 

2020-01-28T16:38:52+09:00 - INFO [adapters/fabric]: Sleeping 5s... 

2020-01-28T16:38:57+09:00 - INFO [adapters/fabric]: Org1's peers successfully joined mychannel: peer0.org1.example.com 

2020-01-28T16:38:57+09:00 - INFO [adapters/fabric]: Org2's peers successfully joined mychannel: peer0.org2.example.com 

2020-01-28T16:38:57+09:00 - INFO [adapters/fabric]: Sleeping 5s... 

2020-01-28T16:39:02+09:00 - INFO [adapters/fabric]: Installing chaincodes for mychannel... 

2020-01-28T16:39:02+09:00 - INFO [adapters/fabric]: marbles@v0 successfully installed on Org1's peers: peer0.org1.example.com 

2020-01-28T16:39:03+09:00 - INFO [adapters/fabric]: marbles@v0 successfully installed on Org2's peers: peer0.org2.example.com 

2020-01-28T16:39:03+09:00 - INFO [adapters/fabric]: drm@v0 successfully installed on Org1's peers: peer0.org1.example.com 

2020-01-28T16:39:03+09:00 - INFO [adapters/fabric]: drm@v0 successfully installed on Org2's peers: peer0.org2.example.com 

2020-01-28T16:39:03+09:00 - INFO [adapters/fabric]: simple@v0 successfully installed on Org1's peers: peer0.org1.example.com 

2020-01-28T16:39:03+09:00 - INFO [adapters/fabric]: simple@v0 successfully installed on Org2's peers: peer0.org2.example.com 

2020-01-28T16:39:03+09:00 - INFO [adapters/fabric]: smallbank@v0 successfully installed on Org1's peers: peer0.org1.example.com 

2020-01-28T16:39:03+09:00 - INFO [adapters/fabric]: smallbank@v0 successfully installed on Org2's peers: peer0.org2.example.com 

2020-01-28T16:39:03+09:00 - INFO [adapters/fabric]: Instantiating marbles@v0 in mychannel. This might take some time... 

2020-01-28T16:39:21+09:00 - INFO [adapters/fabric]: Successfully instantiated marbles@v0 in mychannel 

2020-01-28T16:39:21+09:00 - INFO [adapters/fabric]: Instantiating drm@v0 in mychannel. This might take some time... 

2020-01-28T16:39:35+09:00 - INFO [adapters/fabric]: Successfully instantiated drm@v0 in mychannel 

2020-01-28T16:39:35+09:00 - INFO [adapters/fabric]: Instantiating simple@v0 in mychannel. This might take some time... 

2020-01-28T16:39:49+09:00 - INFO [adapters/fabric]: Successfully instantiated simple@v0 in mychannel 

2020-01-28T16:39:49+09:00 - INFO [adapters/fabric]: Instantiating smallbank@v0 in mychannel. This might take some time... 

2020-01-28T16:40:03+09:00 - INFO [adapters/fabric]: Successfully instantiated smallbank@v0 in mychannel 

2020-01-28T16:40:03+09:00 - INFO [adapters/fabric]: Sleeping 5s... 

2020-01-28T16:40:08+09:00 - INFO [caliper-flow]: Started monitor successfully 

2020-01-28T16:40:08+09:00 - INFO [defaultTest]: ####### Testing 'smallOperations' ####### 

2020-01-28T16:40:08+09:00 - INFO [defaultTest]: ------ Test round 1 ------ 

2020-01-28T16:40:08+09:00 - INFO [client-util.js]: Launching client with PID  3471 

2020-01-28T16:40:08+09:00 - INFO [client-util.js]: Launching client with PID  3476 

2020-01-28T16:40:08+09:00 - INFO [client-util.js]: Launching client with PID  3478 

2020-01-28T16:40:08+09:00 - INFO [client-util.js]: Launching client with PID  3483 

2020-01-28T16:40:08+09:00 - INFO [client-util.js]: Launching client with PID  3493 

2020-01-28T16:40:08+09:00 - INFO [client-util.js]: Waiting for 5 clients to be ready...  

2020-01-28T16:40:09+09:00 - INFO [demo.js]: [Transaction Info] - Submitted: 0 Succ: 0 Fail:0 Unfinished:0 

2020-01-28T16:40:08+09:00 - DEBUG Constructed a winston logger with the specified targets:
	{"consolelogger":{"target":"console","level":"info"},"filelogger":{"target":"daily-rotate-file","level":"debug","filename":"log/caliper-%DATE%.log","datePattern":"YYYY-MM-DD-HH","maxSize":"5m","zippedArchive":true}}

2020-01-28T16:40:08+09:00 - DEBUG Constructed a winston logger with the specified targets:
	{"consolelogger":{"target":"console","level":"info"},"filelogger":{"target":"daily-rotate-file","level":"debug","filename":"log/caliper-%DATE%.log","datePattern":"YYYY-MM-DD-HH","maxSize":"5m","zippedArchive":true}}

2020-01-28T16:40:08+09:00 - DEBUG Constructed a winston logger with the specified targets:
	{"consolelogger":{"target":"console","level":"info"},"filelogger":{"target":"daily-rotate-file","level":"debug","filename":"log/caliper-%DATE%.log","datePattern":"YYYY-MM-DD-HH","maxSize":"5m","zippedArchive":true}}

2020-01-28T16:40:08+09:00 - DEBUG Constructed a winston logger with the specified targets:
	{"consolelogger":{"target":"console","level":"info"},"filelogger":{"target":"daily-rotate-file","level":"debug","filename":"log/caliper-%DATE%.log","datePattern":"YYYY-MM-DD-HH","maxSize":"5m","zippedArchive":true}}

2020-01-28T16:40:08+09:00 - DEBUG Constructed a winston logger with the specified targets:
	{"consolelogger":{"target":"console","level":"info"},"filelogger":{"target":"daily-rotate-file","level":"debug","filename":"log/caliper-%DATE%.log","datePattern":"YYYY-MM-DD-HH","maxSize":"5m","zippedArchive":true}}

2020-01-28T16:40:09+09:00 - INFO [client-util.js]: Client ready message recieved 

2020-01-28T16:40:09+09:00 - INFO [fabric/fabricClientWorker]: Client ready 

2020-01-28T16:40:09+09:00 - INFO [client-util.js]: Client ready message recieved 

2020-01-28T16:40:09+09:00 - INFO [fabric/fabricClientWorker]: Client ready 

2020-01-28T16:40:09+09:00 - INFO [client-util.js]: Client ready message recieved 

2020-01-28T16:40:09+09:00 - INFO [fabric/fabricClientWorker]: Client ready 

2020-01-28T16:40:09+09:00 - INFO [client-util.js]: Client ready message recieved 

2020-01-28T16:40:09+09:00 - INFO [fabric/fabricClientWorker]: Client ready 

2020-01-28T16:40:09+09:00 - INFO [client-util.js]: Client ready message recieved 

2020-01-28T16:40:09+09:00 - INFO [client-util.js]: 5 clients ready, starting test phase 

2020-01-28T16:40:09+09:00 - INFO [fabric/fabricClientWorker]: Client ready 

2020-01-28T16:40:09+09:00 - DEBUG [local-client.js]: doTest() with:
	{"type":"test","label":"smallOperations","rateControl":{"type":"fixed-rate","opts":{"tps":1000}},"trim":0,"args":{"accounts":400,"txnPerBatch":1},"cb":"benchmark/smallbank/smallbankOperations.js","config":"/home/oslab/caliper-benchmarks/caliper/packages/caliper-samples/network/fabric-v1.4.1/2org1peergoleveldb/fabric-go.yaml","root":"/home/oslab/caliper-benchmarks/caliper/packages/caliper-samples","numb":200,"roundIdx":1,"totalClients":5,"clients":5,"clientargs":{},"clientIdx":2}

2020-01-28T16:40:09+09:00 - DEBUG [local-client.js]: doTest() with:
	{"type":"test","label":"smallOperations","rateControl":{"type":"fixed-rate","opts":{"tps":1000}},"trim":0,"args":{"accounts":400,"txnPerBatch":1},"cb":"benchmark/smallbank/smallbankOperations.js","config":"/home/oslab/caliper-benchmarks/caliper/packages/caliper-samples/network/fabric-v1.4.1/2org1peergoleveldb/fabric-go.yaml","root":"/home/oslab/caliper-benchmarks/caliper/packages/caliper-samples","numb":200,"roundIdx":1,"totalClients":5,"clients":5,"clientargs":{},"clientIdx":0}

2020-01-28T16:40:09+09:00 - DEBUG [local-client.js]: doTest() with:
	{"type":"test","label":"smallOperations","rateControl":{"type":"fixed-rate","opts":{"tps":1000}},"trim":0,"args":{"accounts":400,"txnPerBatch":1},"cb":"benchmark/smallbank/smallbankOperations.js","config":"/home/oslab/caliper-benchmarks/caliper/packages/caliper-samples/network/fabric-v1.4.1/2org1peergoleveldb/fabric-go.yaml","root":"/home/oslab/caliper-benchmarks/caliper/packages/caliper-samples","numb":200,"roundIdx":1,"totalClients":5,"clients":5,"clientargs":{},"clientIdx":4}

2020-01-28T16:40:09+09:00 - DEBUG [local-client.js]: doTest() with:
	{"type":"test","label":"smallOperations","rateControl":{"type":"fixed-rate","opts":{"tps":1000}},"trim":0,"args":{"accounts":400,"txnPerBatch":1},"cb":"benchmark/smallbank/smallbankOperations.js","config":"/home/oslab/caliper-benchmarks/caliper/packages/caliper-samples/network/fabric-v1.4.1/2org1peergoleveldb/fabric-go.yaml","root":"/home/oslab/caliper-benchmarks/caliper/packages/caliper-samples","numb":200,"roundIdx":1,"totalClients":5,"clients":5,"clientargs":{},"clientIdx":3}

2020-01-28T16:40:09+09:00 - DEBUG [local-client.js]: doTest() with:
	{"type":"test","label":"smallOperations","rateControl":{"type":"fixed-rate","opts":{"tps":1000}},"trim":0,"args":{"accounts":400,"txnPerBatch":1},"cb":"benchmark/smallbank/smallbankOperations.js","config":"/home/oslab/caliper-benchmarks/caliper/packages/caliper-samples/network/fabric-v1.4.1/2org1peergoleveldb/fabric-go.yaml","root":"/home/oslab/caliper-benchmarks/caliper/packages/caliper-samples","numb":200,"roundIdx":1,"totalClients":5,"clients":5,"clientargs":{},"clientIdx":1}

2020-01-28T16:40:09+09:00 - INFO [local-client.js]: txUpdateTime: 1000 

2020-01-28T16:40:09+09:00 - INFO [local-client.js]: txUpdateTime: 1000 

2020-01-28T16:40:09+09:00 - INFO [local-client.js]: txUpdateTime: 1000 

2020-01-28T16:40:09+09:00 - INFO [local-client.js]: txUpdateTime: 1000 

2020-01-28T16:40:09+09:00 - INFO [local-client.js]: txUpdateTime: 1000 

2020-01-28T16:40:10+09:00 - INFO [local-client.js]: Info: client 3471 start test runFixedNumber():small_bank_operations 

2020-01-28T16:40:10+09:00 - INFO [local-client.js]: Info: client 3478 start test runFixedNumber():small_bank_operations 

2020-01-28T16:40:10+09:00 - INFO [local-client.js]: Info: client 3493 start test runFixedNumber():small_bank_operations 

2020-01-28T16:40:10+09:00 - INFO [local-client.js]: Info: client 3476 start test runFixedNumber():small_bank_operations 

2020-01-28T16:40:10+09:00 - DEBUG [rateControl.js]: Creating rate controller for client#4 for round#1
	{"type":"fixed-rate","opts":{"tps":1000}}

2020-01-28T16:40:10+09:00 - DEBUG [rateControl.js]: Creating rate controller for client#1 for round#1
	{"type":"fixed-rate","opts":{"tps":1000}}

2020-01-28T16:40:10+09:00 - DEBUG [rateControl.js]: Creating rate controller for client#0 for round#1
	{"type":"fixed-rate","opts":{"tps":1000}}

2020-01-28T16:40:10+09:00 - DEBUG [rateControl.js]: Creating rate controller for client#2 for round#1
	{"type":"fixed-rate","opts":{"tps":1000}}

2020-01-28T16:40:10+09:00 - INFO [local-client.js]: Info: client 3483 start test runFixedNumber():small_bank_operations 

2020-01-28T16:40:10+09:00 - DEBUG [rateControl.js]: Creating rate controller for client#3 for round#1
	{"type":"fixed-rate","opts":{"tps":1000}}

2020-01-28T16:40:10+09:00 - INFO [demo.js]: [Transaction Info] - Submitted: 0 Succ: 0 Fail:0 Unfinished:0 

2020-01-28T16:40:11+09:00 - INFO [demo.js]: [Transaction Info] - Submitted: 551 Succ: 90 Fail:0 Unfinished:461 

2020-01-28T16:40:12+09:00 - INFO [demo.js]: [Transaction Info] - Submitted: 1000 Succ: 200 Fail:0 Unfinished:800 

2020-01-28T16:40:13+09:00 - INFO [demo.js]: [Transaction Info] - Submitted: 1000 Succ: 300 Fail:0 Unfinished:700 

2020-01-28T16:40:14+09:00 - INFO [demo.js]: [Transaction Info] - Submitted: 1000 Succ: 420 Fail:0 Unfinished:580 

2020-01-28T16:40:15+09:00 - INFO [demo.js]: [Transaction Info] - Submitted: 1000 Succ: 540 Fail:0 Unfinished:460 

2020-01-28T16:40:16+09:00 - INFO [demo.js]: [Transaction Info] - Submitted: 1000 Succ: 630 Fail:0 Unfinished:370 

2020-01-28T16:40:17+09:00 - INFO [demo.js]: [Transaction Info] - Submitted: 1000 Succ: 750 Fail:0 Unfinished:250 

2020-01-28T16:40:18+09:00 - INFO [demo.js]: [Transaction Info] - Submitted: 1000 Succ: 870 Fail:0 Unfinished:130 

2020-01-28T16:40:19+09:00 - INFO [demo.js]: [Transaction Info] - Submitted: 1000 Succ: 1000 Fail:0 Unfinished:0 

2020-01-28T16:40:19+09:00 - DEBUG [report-builder]: r.create.max: 1580197211.572 r.create.min: 1580197210.069 r.final.max: 1580197219.132 r.final.min: 1580197210.274 r.final.last: 1580197219.132 

2020-01-28T16:40:19+09:00 - DEBUG [report-builder]:  throughput for only success time computed: 110.3 

2020-01-28T16:40:19+09:00 - DEBUG [report-builder]: sendTransactionProposal: 0ms length: 1000 

2020-01-28T16:40:19+09:00 - DEBUG [report-builder]: sendTransaction: 0ms 

2020-01-28T16:40:19+09:00 - DEBUG [report-builder]: invokeLatency: 0ms 

2020-01-28T16:40:19+09:00 - INFO [report-builder]: ###test result:### 

2020-01-28T16:40:19+09:00 - INFO [report-builder]: 
+-----------------+------+------+-----------+-------------+-------------+-------------+------------+
| Name            | Succ | Fail | Send Rate | Max Latency | Min Latency | Avg Latency | Throughput |
|-----------------|------|------|-----------|-------------|-------------|-------------|------------|
| smallOperations | 1000 | 0    | 665.3 tps | 7.58 s      | 0.18 s      | 3.83 s      | 110.3 tps  |
+-----------------+------+------+-----------+-------------+-------------+-------------+------------+
 

2020-01-28T16:40:19+09:00 - INFO [report-builder]: ### resource stats ### 

2020-01-28T16:40:19+09:00 - INFO [report-builder]: 
+--------+-----------------------------------+-------------+-------------+----------+----------+------------+-------------+-----------+------------+
| TYPE   | NAME                              | Memory(max) | Memory(avg) | CPU(max) | CPU(avg) | Traffic In | Traffic Out | Disc Read | Disc Write |
|--------|-----------------------------------|-------------|-------------|----------|----------|------------|-------------|-----------|------------|
| Docker | dev-peer0.org2.example.co...nk-v0 | 8.8MB       | 8.4MB       | 27.61%   | 5.52%    | 1.8MB      | 982.7KB     | 0B        | 0B         |
|--------|-----------------------------------|-------------|-------------|----------|----------|------------|-------------|-----------|------------|
| Docker | dev-peer0.org1.example.co...nk-v0 | 8.3MB       | 8.0MB       | 29.51%   | 5.90%    | 1.8MB      | 1006.0KB    | 0B        | 0B         |
|--------|-----------------------------------|-------------|-------------|----------|----------|------------|-------------|-----------|------------|
| Docker | dev-peer0.org1.example.co...le-v0 | 6.7MB       | 6.7MB       | 0.00%    | 0.00%    | 70B        | 0B          | 0B        | 0B         |
|--------|-----------------------------------|-------------|-------------|----------|----------|------------|-------------|-----------|------------|
| Docker | dev-peer0.org2.example.co...le-v0 | 6.6MB       | 6.6MB       | 0.00%    | 0.00%    | 70B        | 0B          | 0B        | 0B         |
|--------|-----------------------------------|-------------|-------------|----------|----------|------------|-------------|-----------|------------|
| Docker | dev-peer0.org2.example.co...rm-v0 | 7.2MB       | 7.2MB       | 0.00%    | 0.00%    | 0B         | 0B          | 0B        | 0B         |
|--------|-----------------------------------|-------------|-------------|----------|----------|------------|-------------|-----------|------------|
| Docker | dev-peer0.org1.example.co...rm-v0 | 6.9MB       | 6.9MB       | 0.00%    | 0.00%    | 0B         | 0B          | 0B        | 0B         |
|--------|-----------------------------------|-------------|-------------|----------|----------|------------|-------------|-----------|------------|
| Docker | dev-peer0.org2.example.co...es-v0 | 6.9MB       | 6.9MB       | 0.00%    | 0.00%    | 0B         | 0B          | 0B        | 0B         |
|--------|-----------------------------------|-------------|-------------|----------|----------|------------|-------------|-----------|------------|
| Docker | dev-peer0.org1.example.co...es-v0 | 6.8MB       | 6.8MB       | 0.00%    | 0.00%    | 0B         | 0B          | 0B        | 0B         |
|--------|-----------------------------------|-------------|-------------|----------|----------|------------|-------------|-----------|------------|
| Docker | peer0.org1.example.com            | 205.1MB     | 199.1MB     | 113.09%  | 43.71%   | 6.3MB      | 3.6MB       | 0B        | 12.4MB     |
|--------|-----------------------------------|-------------|-------------|----------|----------|------------|-------------|-----------|------------|
| Docker | peer0.org2.example.com            | 165.8MB     | 162.5MB     | 107.08%  | 41.63%   | 6.3MB      | 3.6MB       | 0B        | 12.5MB     |
|--------|-----------------------------------|-------------|-------------|----------|----------|------------|-------------|-----------|------------|
| Docker | ca.org2.example.com               | 29.4MB      | 29.4MB      | 0.00%    | 0.00%    | 0B         | 0B          | 0B        | 0B         |
|--------|-----------------------------------|-------------|-------------|----------|----------|------------|-------------|-----------|------------|
| Docker | ca.org1.example.com               | 10.4MB      | 10.4MB      | 0.00%    | 0.00%    | 0B         | 0B          | 0B        | 0B         |
|--------|-----------------------------------|-------------|-------------|----------|----------|------------|-------------|-----------|------------|
| Docker | orderer.example.com               | 65.0MB      | 58.3MB      | 58.83%   | 11.87%   | 4.2MB      | 8.3MB       | 680.0KB   | 9.5MB      |
+--------+-----------------------------------+-------------+-------------+----------+----------+------------+-------------+-----------+------------+
 

2020-01-28T16:40:19+09:00 - INFO [defaultTest]: ------ Passed 'smallOperations' testing ------ 

2020-01-28T16:40:19+09:00 - INFO [defaultTest]: Waiting 5 seconds for the next round... 

2020-01-28T16:40:20+09:00 - INFO [demo.js]: [Transaction Info] - Submitted: 1000 Succ: 1000 Fail:0 Unfinished:0 

2020-01-28T16:40:21+09:00 - INFO [demo.js]: [Transaction Info] - Submitted: 1000 Succ: 1000 Fail:0 Unfinished:0 

2020-01-28T16:40:22+09:00 - INFO [demo.js]: [Transaction Info] - Submitted: 1000 Succ: 1000 Fail:0 Unfinished:0 

2020-01-28T16:40:23+09:00 - INFO [demo.js]: [Transaction Info] - Submitted: 1000 Succ: 1000 Fail:0 Unfinished:0 

2020-01-28T16:40:24+09:00 - INFO [demo.js]: [Transaction Info] - Submitted: 1000 Succ: 1000 Fail:0 Unfinished:0 

2020-01-28T16:40:24+09:00 - INFO [defaultTest]: ####### Testing 'query' ####### 

2020-01-28T16:40:24+09:00 - DEBUG [local-client.js]: doTest() with:
	{"type":"test","label":"query","rateControl":{"type":"fixed-rate","opts":{"tps":1000}},"trim":0,"cb":"benchmark/smallbank/query.js","config":"/home/oslab/caliper-benchmarks/caliper/packages/caliper-samples/network/fabric-v1.4.1/2org1peergoleveldb/fabric-go.yaml","root":"/home/oslab/caliper-benchmarks/caliper/packages/caliper-samples","numb":200,"roundIdx":2,"totalClients":5,"clients":5,"clientargs":{},"clientIdx":2}

2020-01-28T16:40:24+09:00 - DEBUG [local-client.js]: doTest() with:
	{"type":"test","label":"query","rateControl":{"type":"fixed-rate","opts":{"tps":1000}},"trim":0,"cb":"benchmark/smallbank/query.js","config":"/home/oslab/caliper-benchmarks/caliper/packages/caliper-samples/network/fabric-v1.4.1/2org1peergoleveldb/fabric-go.yaml","root":"/home/oslab/caliper-benchmarks/caliper/packages/caliper-samples","numb":200,"roundIdx":2,"totalClients":5,"clients":5,"clientargs":{},"clientIdx":0}

2020-01-28T16:40:24+09:00 - DEBUG [local-client.js]: doTest() with:
	{"type":"test","label":"query","rateControl":{"type":"fixed-rate","opts":{"tps":1000}},"trim":0,"cb":"benchmark/smallbank/query.js","config":"/home/oslab/caliper-benchmarks/caliper/packages/caliper-samples/network/fabric-v1.4.1/2org1peergoleveldb/fabric-go.yaml","root":"/home/oslab/caliper-benchmarks/caliper/packages/caliper-samples","numb":200,"roundIdx":2,"totalClients":5,"clients":5,"clientargs":{},"clientIdx":1}

2020-01-28T16:40:24+09:00 - DEBUG [local-client.js]: doTest() with:
	{"type":"test","label":"query","rateControl":{"type":"fixed-rate","opts":{"tps":1000}},"trim":0,"cb":"benchmark/smallbank/query.js","config":"/home/oslab/caliper-benchmarks/caliper/packages/caliper-samples/network/fabric-v1.4.1/2org1peergoleveldb/fabric-go.yaml","root":"/home/oslab/caliper-benchmarks/caliper/packages/caliper-samples","numb":200,"roundIdx":2,"totalClients":5,"clients":5,"clientargs":{},"clientIdx":3}

2020-01-28T16:40:24+09:00 - DEBUG [local-client.js]: doTest() with:
	{"type":"test","label":"query","rateControl":{"type":"fixed-rate","opts":{"tps":1000}},"trim":0,"cb":"benchmark/smallbank/query.js","config":"/home/oslab/caliper-benchmarks/caliper/packages/caliper-samples/network/fabric-v1.4.1/2org1peergoleveldb/fabric-go.yaml","root":"/home/oslab/caliper-benchmarks/caliper/packages/caliper-samples","numb":200,"roundIdx":2,"totalClients":5,"clients":5,"clientargs":{},"clientIdx":4}

2020-01-28T16:40:24+09:00 - INFO [defaultTest]: ------ Test round 2 ------ 

2020-01-28T16:40:24+09:00 - INFO [client-util.js]: Waiting for 0 clients to be ready...  

2020-01-28T16:40:24+09:00 - INFO [client-util.js]: 0 clients ready, starting test phase 

2020-01-28T16:40:24+09:00 - INFO [local-client.js]: txUpdateTime: 1000 

2020-01-28T16:40:24+09:00 - INFO [local-client.js]: txUpdateTime: 1000 

2020-01-28T16:40:24+09:00 - INFO [local-client.js]: txUpdateTime: 1000 

2020-01-28T16:40:24+09:00 - INFO [local-client.js]: txUpdateTime: 1000 

2020-01-28T16:40:24+09:00 - INFO [local-client.js]: txUpdateTime: 1000 

2020-01-28T16:40:24+09:00 - INFO [local-client.js]: Info: client 3493 start test runFixedNumber():querying accounts 

2020-01-28T16:40:24+09:00 - DEBUG [rateControl.js]: Creating rate controller for client#4 for round#2
	{"type":"fixed-rate","opts":{"tps":1000}}

2020-01-28T16:40:24+09:00 - INFO [local-client.js]: Info: client 3476 start test runFixedNumber():querying accounts 

2020-01-28T16:40:24+09:00 - INFO [local-client.js]: Info: client 3478 start test runFixedNumber():querying accounts 

2020-01-28T16:40:24+09:00 - DEBUG [rateControl.js]: Creating rate controller for client#1 for round#2
	{"type":"fixed-rate","opts":{"tps":1000}}

2020-01-28T16:40:24+09:00 - INFO [local-client.js]: Info: client 3483 start test runFixedNumber():querying accounts 

2020-01-28T16:40:24+09:00 - DEBUG [rateControl.js]: Creating rate controller for client#2 for round#2
	{"type":"fixed-rate","opts":{"tps":1000}}

2020-01-28T16:40:24+09:00 - DEBUG [rateControl.js]: Creating rate controller for client#3 for round#2
	{"type":"fixed-rate","opts":{"tps":1000}}

2020-01-28T16:40:24+09:00 - INFO [local-client.js]: Info: client 3471 start test runFixedNumber():querying accounts 

2020-01-28T16:40:24+09:00 - DEBUG [rateControl.js]: Creating rate controller for client#0 for round#2
	{"type":"fixed-rate","opts":{"tps":1000}}

2020-01-28T16:40:25+09:00 - INFO [demo.js]: [Transaction Info] - Submitted: 1000 Succ: 1000 Fail:0 Unfinished:0 

2020-01-28T16:40:25+09:00 - DEBUG [report-builder]: r.create.max: 1580197225.402 r.create.min: 1580197224.406 r.final.max: 1580197225.409 r.final.min: 1580197224.42 r.final.last: 1580197225.409 

2020-01-28T16:40:25+09:00 - DEBUG [report-builder]:  throughput for only success time computed: 997.0 

2020-01-28T16:40:25+09:00 - DEBUG [report-builder]: sendTransactionProposal: 0ms length: 1000 

2020-01-28T16:40:25+09:00 - DEBUG [report-builder]: sendTransaction: 0ms 

2020-01-28T16:40:25+09:00 - DEBUG [report-builder]: invokeLatency: 0ms 

2020-01-28T16:40:25+09:00 - INFO [report-builder]: ###test result:### 

2020-01-28T16:40:25+09:00 - INFO [report-builder]: 
+-------+------+------+------------+-------------+-------------+-------------+------------+
| Name  | Succ | Fail | Send Rate  | Max Latency | Min Latency | Avg Latency | Throughput |
|-------|------|------|------------|-------------|-------------|-------------|------------|
| query | 1000 | 0    | 1004.0 tps | 0.04 s      | 0.01 s      | 0.01 s      | 997.0 tps  |
+-------+------+------+------------+-------------+-------------+-------------+------------+
 

2020-01-28T16:40:25+09:00 - INFO [report-builder]: ### resource stats ### 

2020-01-28T16:40:25+09:00 - INFO [report-builder]: 
+--------+-----------------------------------+-------------+-------------+----------+----------+------------+-------------+-----------+------------+
| TYPE   | NAME                              | Memory(max) | Memory(avg) | CPU(max) | CPU(avg) | Traffic In | Traffic Out | Disc Read | Disc Write |
|--------|-----------------------------------|-------------|-------------|----------|----------|------------|-------------|-----------|------------|
| Docker | dev-peer0.org2.example.co...nk-v0 | 8.8MB       | 8.8MB       | 0.00%    | 0.00%    | 0B         | 0B          | 0B        | 0B         |
|--------|-----------------------------------|-------------|-------------|----------|----------|------------|-------------|-----------|------------|
| Docker | dev-peer0.org1.example.co...nk-v0 | 8.3MB       | 8.3MB       | 0.00%    | 0.00%    | 0B         | 0B          | 0B        | 0B         |
|--------|-----------------------------------|-------------|-------------|----------|----------|------------|-------------|-----------|------------|
| Docker | dev-peer0.org1.example.co...le-v0 | 6.7MB       | 6.7MB       | 0.00%    | 0.00%    | 0B         | 0B          | 0B        | 0B         |
|--------|-----------------------------------|-------------|-------------|----------|----------|------------|-------------|-----------|------------|
| Docker | dev-peer0.org2.example.co...le-v0 | 6.6MB       | 6.6MB       | 0.00%    | 0.00%    | 0B         | 0B          | 0B        | 0B         |
|--------|-----------------------------------|-------------|-------------|----------|----------|------------|-------------|-----------|------------|
| Docker | dev-peer0.org2.example.co...rm-v0 | 7.2MB       | 7.2MB       | 0.00%    | 0.00%    | 0B         | 0B          | 0B        | 0B         |
|--------|-----------------------------------|-------------|-------------|----------|----------|------------|-------------|-----------|------------|
| Docker | dev-peer0.org1.example.co...rm-v0 | 6.9MB       | 6.9MB       | 0.00%    | 0.00%    | 0B         | 0B          | 0B        | 0B         |
|--------|-----------------------------------|-------------|-------------|----------|----------|------------|-------------|-----------|------------|
| Docker | dev-peer0.org2.example.co...es-v0 | 6.9MB       | 6.9MB       | 0.00%    | 0.00%    | 0B         | 0B          | 0B        | 0B         |
|--------|-----------------------------------|-------------|-------------|----------|----------|------------|-------------|-----------|------------|
| Docker | dev-peer0.org1.example.co...es-v0 | 6.8MB       | 6.8MB       | 0.00%    | 0.00%    | 0B         | 0B          | 0B        | 0B         |
|--------|-----------------------------------|-------------|-------------|----------|----------|------------|-------------|-----------|------------|
| Docker | peer0.org1.example.com            | 204.8MB     | 204.8MB     | 2.04%    | 2.04%    | 0B         | 0B          | 0B        | 0B         |
|--------|-----------------------------------|-------------|-------------|----------|----------|------------|-------------|-----------|------------|
| Docker | peer0.org2.example.com            | 165.9MB     | 165.9MB     | 2.12%    | 2.12%    | 0B         | 0B          | 0B        | 0B         |
|--------|-----------------------------------|-------------|-------------|----------|----------|------------|-------------|-----------|------------|
| Docker | ca.org2.example.com               | 29.4MB      | 29.4MB      | 0.00%    | 0.00%    | 0B         | 0B          | 0B        | 0B         |
|--------|-----------------------------------|-------------|-------------|----------|----------|------------|-------------|-----------|------------|
| Docker | ca.org1.example.com               | 10.4MB      | 10.4MB      | 0.00%    | 0.00%    | 0B         | 0B          | 0B        | 0B         |
|--------|-----------------------------------|-------------|-------------|----------|----------|------------|-------------|-----------|------------|
| Docker | orderer.example.com               | 65.0MB      | 65.0MB      | 0.02%    | 0.02%    | 0B         | 0B          | 0B        | 0B         |
+--------+-----------------------------------+-------------+-------------+----------+----------+------------+-------------+-----------+------------+
 

2020-01-28T16:40:25+09:00 - INFO [defaultTest]: ------ Passed 'query' testing ------ 

2020-01-28T16:40:25+09:00 - INFO [caliper-flow]: ---------- Finished Test ----------
 

2020-01-28T16:40:25+09:00 - INFO [report-builder]: ###all test results:### 

2020-01-28T16:40:25+09:00 - INFO [report-builder]: 
+------+-----------------+------+------+------------+-------------+-------------+-------------+------------+
| Test | Name            | Succ | Fail | Send Rate  | Max Latency | Min Latency | Avg Latency | Throughput |
|------|-----------------|------|------|------------|-------------|-------------|-------------|------------|
| 1    | smallOperations | 1000 | 0    | 665.3 tps  | 7.58 s      | 0.18 s      | 3.83 s      | 110.3 tps  |
|------|-----------------|------|------|------------|-------------|-------------|-------------|------------|
| 2    | query           | 1000 | 0    | 1004.0 tps | 0.04 s      | 0.01 s      | 0.01 s      | 997.0 tps  |
+------+-----------------+------+------+------------+-------------+-------------+-------------+------------+
 

2020-01-28T16:40:25+09:00 - INFO [monitor.js]: 
 ### resource stats (maximum) ### 

2020-01-28T16:40:25+09:00 - INFO [monitor.js]: 
+--------+-----------------------------------+-------------+----------+------------+-------------+-----------+------------+
| TYPE   | NAME                              | Memory(max) | CPU(max) | Traffic In | Traffic Out | Disc Read | Disc Write |
|--------|-----------------------------------|-------------|----------|------------|-------------|-----------|------------|
| Docker | dev-peer0.org2.example.co...nk-v0 | 8.8MB       | 27.61%   | 1.8MB      | 982.7KB     | 0B        | 0B         |
|--------|-----------------------------------|-------------|----------|------------|-------------|-----------|------------|
| Docker | dev-peer0.org1.example.co...nk-v0 | 8.3MB       | 29.51%   | 1.8MB      | 1006.0KB    | 0B        | 0B         |
|--------|-----------------------------------|-------------|----------|------------|-------------|-----------|------------|
| Docker | dev-peer0.org1.example.co...le-v0 | 6.7MB       | 0.00%    | 273B       | 0B          | 0B        | 0B         |
|--------|-----------------------------------|-------------|----------|------------|-------------|-----------|------------|
| Docker | dev-peer0.org2.example.co...le-v0 | 6.6MB       | 0.00%    | 273B       | 0B          | 0B        | 0B         |
|--------|-----------------------------------|-------------|----------|------------|-------------|-----------|------------|
| Docker | dev-peer0.org2.example.co...rm-v0 | 7.2MB       | 0.00%    | 0B         | 0B          | 0B        | 0B         |
|--------|-----------------------------------|-------------|----------|------------|-------------|-----------|------------|
| Docker | dev-peer0.org1.example.co...rm-v0 | 6.9MB       | 0.00%    | 0B         | 0B          | 0B        | 0B         |
|--------|-----------------------------------|-------------|----------|------------|-------------|-----------|------------|
| Docker | dev-peer0.org2.example.co...es-v0 | 6.9MB       | 0.00%    | 0B         | 0B          | 0B        | 0B         |
|--------|-----------------------------------|-------------|----------|------------|-------------|-----------|------------|
| Docker | dev-peer0.org1.example.co...es-v0 | 6.8MB       | 0.01%    | 70B        | 0B          | 0B        | 0B         |
|--------|-----------------------------------|-------------|----------|------------|-------------|-----------|------------|
| Docker | peer0.org1.example.com            | 205.1MB     | 113.09%  | 6.3MB      | 3.7MB       | 0B        | 13.8MB     |
|--------|-----------------------------------|-------------|----------|------------|-------------|-----------|------------|
| Docker | peer0.org2.example.com            | 165.9MB     | 107.08%  | 6.3MB      | 3.6MB       | 0B        | 13.8MB     |
|--------|-----------------------------------|-------------|----------|------------|-------------|-----------|------------|
| Docker | ca.org2.example.com               | 29.4MB      | 0.00%    | 0B         | 0B          | 0B        | 0B         |
|--------|-----------------------------------|-------------|----------|------------|-------------|-----------|------------|
| Docker | ca.org1.example.com               | 10.4MB      | 0.00%    | 0B         | 0B          | 0B        | 0B         |
|--------|-----------------------------------|-------------|----------|------------|-------------|-----------|------------|
| Docker | orderer.example.com               | 65.0MB      | 58.83%   | 4.2MB      | 8.3MB       | 680.0KB   | 9.5MB      |
+--------+-----------------------------------+-------------+----------+------------+-------------+-----------+------------+
 

2020-01-28T16:40:25+09:00 - INFO [caliper-flow]: Generated report with path /home/oslab/caliper-benchmarks/report-20200128T074025.html 

2020-01-28T16:40:25+09:00 - INFO [demo.js]: [Transaction Info] - Submitted: 2000 Succ: 2000 Fail:0 Unfinished:0 

2020-01-28T16:40:25+09:00 - INFO [caliper-flow]: 

#######################################
# Test summary: 2 succeeded, 0 failed #
#######################################
 

2020-01-28T16:40:25+09:00 - INFO [caliper-utils]: Executing command: cd /home/oslab/caliper-benchmarks/caliper/packages/caliper-samples;docker-compose -f network/fabric-v1.4.1/2org1peergoleveldb/docker-compose.yaml down;(test -z \"$(docker ps -aq)\") || docker rm $(docker ps -aq);(test -z \"$(docker images dev* -q)\") || docker rmi $(docker images dev* -q);rm -rf /tmp/hfc-* 

2020-01-28T16:40:25+09:00 - INFO [client-util.js]: Client exited with code null 

2020-01-28T16:40:25+09:00 - INFO [client-util.js]: Client exited with code null 

2020-01-28T16:40:25+09:00 - INFO [client-util.js]: Client exited with code null 

2020-01-28T16:40:25+09:00 - INFO [client-util.js]: Client exited with code null 

2020-01-28T16:40:25+09:00 - INFO [client-util.js]: Client exited with code null 

2020-01-28T16:40:38+09:00 - DEBUG Constructed a winston logger with the specified targets:
	{"consolelogger":{"target":"console","level":"info"},"filelogger":{"target":"daily-rotate-file","level":"debug","filename":"log/caliper-%DATE%.log","datePattern":"YYYY-MM-DD-HH","maxSize":"5m","zippedArchive":true}}

2020-01-28T16:40:39+09:00 - INFO [caliper-flow]: ####### Caliper Test ####### 

2020-01-28T16:40:39+09:00 - INFO [caliper-utils]: Executing command: cd /home/oslab/caliper-benchmarks/caliper/packages/caliper-samples;docker-compose -f network/fabric-v1.4.1/2org1peercouchdb/docker-compose.yaml up -d;sleep 3s 

2020-01-28T16:40:52+09:00 - INFO [adapters/fabric]: Fabric SDK version: 1.4.4; TLS: none 

2020-01-28T16:40:52+09:00 - INFO [adapters/fabric]: Org1's registrar enrolled successfully 

2020-01-28T16:40:53+09:00 - INFO [adapters/fabric]: Org2's registrar enrolled successfully 

2020-01-28T16:40:53+09:00 - INFO [adapters/fabric]: Org1's admin's materials are successfully loaded 

2020-01-28T16:40:53+09:00 - INFO [adapters/fabric]: Org2's admin's materials are successfully loaded 

2020-01-28T16:40:53+09:00 - INFO [adapters/fabric]: client0.org1.example.com's materials are successfully loaded 

2020-01-28T16:40:53+09:00 - INFO [adapters/fabric]: client0.org2.example.com's materials are successfully loaded 

2020-01-28T16:40:53+09:00 - INFO [adapters/fabric]: Channel 'mychannel' definiton being retrieved from file 

2020-01-28T16:40:53+09:00 - INFO [adapters/fabric]: Channel 'mychannel' successfully created 

2020-01-28T16:40:53+09:00 - INFO [adapters/fabric]: Sleeping 5s... 

2020-01-28T16:40:58+09:00 - INFO [adapters/fabric]: Org1's peers successfully joined mychannel: peer0.org1.example.com 

2020-01-28T16:40:58+09:00 - INFO [adapters/fabric]: Org2's peers successfully joined mychannel: peer0.org2.example.com 

2020-01-28T16:40:58+09:00 - INFO [adapters/fabric]: Sleeping 5s... 

2020-01-28T16:41:03+09:00 - INFO [adapters/fabric]: Installing chaincodes for mychannel... 

