2020-03-11T16:38:56+09:00 - DEBUG Constructed a winston logger with the specified targets:
	{"consolelogger":{"target":"console","level":"info"},"filelogger":{"target":"daily-rotate-file","level":"debug","filename":"log/caliper-%DATE%.log","datePattern":"YYYY-MM-DD-HH","maxSize":"5m","zippedArchive":true}}

2020-03-11T16:38:57+09:00 - INFO [caliper-flow]: ####### Caliper Test ####### 

2020-03-11T16:38:57+09:00 - INFO [caliper-utils]: Executing command: cd /home/oslab/caliper-benchmarks/caliper/packages/caliper-samples;docker-compose -f network/fabric-v1.4.1/kafka2o2pgoleveldb/docker-compose.yaml up -d;sleep 3s 

2020-03-11T16:39:20+09:00 - INFO [adapters/fabric]: Fabric SDK version: 1.4.4; TLS: none 

2020-03-11T16:39:21+09:00 - INFO [adapters/fabric]: Org1's registrar enrolled successfully 

2020-03-11T16:39:21+09:00 - INFO [adapters/fabric]: Org2's registrar enrolled successfully 

2020-03-11T16:39:21+09:00 - INFO [adapters/fabric]: Org1's admin's materials are successfully loaded 

2020-03-11T16:39:21+09:00 - INFO [adapters/fabric]: Org2's admin's materials are successfully loaded 

2020-03-11T16:39:21+09:00 - INFO [adapters/fabric]: client0.org1.example.com's materials are successfully loaded 

2020-03-11T16:39:21+09:00 - INFO [adapters/fabric]: client0.org2.example.com's materials are successfully loaded 

2020-03-11T16:39:21+09:00 - INFO [adapters/fabric]: Channel 'mychannel' definiton being retrieved from file 

2020-03-11T16:39:21+09:00 - INFO [adapters/fabric]: Channel 'mychannel' successfully created 

2020-03-11T16:39:21+09:00 - INFO [adapters/fabric]: Sleeping 5s... 

2020-03-11T16:39:26+09:00 - INFO [adapters/fabric]: Org1's peers successfully joined mychannel: peer0.org1.example.com,peer1.org1.example.com 

2020-03-11T16:39:26+09:00 - INFO [adapters/fabric]: Org2's peers successfully joined mychannel: peer0.org2.example.com,peer1.org2.example.com 

2020-03-11T16:39:26+09:00 - INFO [adapters/fabric]: Sleeping 5s... 

2020-03-11T16:39:31+09:00 - INFO [adapters/fabric]: Installing chaincodes for mychannel... 

2020-03-11T16:39:31+09:00 - INFO [adapters/fabric]: marbles@v0 successfully installed on Org1's peers: peer0.org1.example.com,peer1.org1.example.com 

2020-03-11T16:39:31+09:00 - INFO [adapters/fabric]: marbles@v0 successfully installed on Org2's peers: peer0.org2.example.com,peer1.org2.example.com 

2020-03-11T16:39:32+09:00 - INFO [adapters/fabric]: drm@v0 successfully installed on Org1's peers: peer0.org1.example.com,peer1.org1.example.com 

2020-03-11T16:39:32+09:00 - INFO [adapters/fabric]: drm@v0 successfully installed on Org2's peers: peer0.org2.example.com,peer1.org2.example.com 

2020-03-11T16:39:32+09:00 - INFO [adapters/fabric]: simple@v0 successfully installed on Org1's peers: peer0.org1.example.com,peer1.org1.example.com 

2020-03-11T16:39:32+09:00 - INFO [adapters/fabric]: simple@v0 successfully installed on Org2's peers: peer0.org2.example.com,peer1.org2.example.com 

2020-03-11T16:39:32+09:00 - INFO [adapters/fabric]: smallbank@v0 successfully installed on Org1's peers: peer0.org1.example.com,peer1.org1.example.com 

2020-03-11T16:39:32+09:00 - INFO [adapters/fabric]: smallbank@v0 successfully installed on Org2's peers: peer0.org2.example.com,peer1.org2.example.com 

2020-03-11T16:39:32+09:00 - INFO [adapters/fabric]: Instantiating marbles@v0 in mychannel. This might take some time... 

2020-03-11T16:39:49+09:00 - INFO [adapters/fabric]: Successfully instantiated marbles@v0 in mychannel 

2020-03-11T16:39:49+09:00 - INFO [adapters/fabric]: Instantiating drm@v0 in mychannel. This might take some time... 

2020-03-11T16:40:07+09:00 - INFO [adapters/fabric]: Successfully instantiated drm@v0 in mychannel 

2020-03-11T16:40:07+09:00 - INFO [adapters/fabric]: Instantiating simple@v0 in mychannel. This might take some time... 

2020-03-11T16:40:23+09:00 - INFO [adapters/fabric]: Successfully instantiated simple@v0 in mychannel 

2020-03-11T16:40:23+09:00 - INFO [adapters/fabric]: Instantiating smallbank@v0 in mychannel. This might take some time... 

2020-03-11T16:40:40+09:00 - INFO [adapters/fabric]: Successfully instantiated smallbank@v0 in mychannel 

2020-03-11T16:40:40+09:00 - INFO [adapters/fabric]: Sleeping 5s... 

2020-03-11T16:40:45+09:00 - INFO [caliper-flow]: Started monitor successfully 

2020-03-11T16:40:45+09:00 - INFO [defaultTest]: ####### Testing 'smallOperations' ####### 

2020-03-11T16:40:45+09:00 - INFO [defaultTest]: ------ Test round 1 ------ 

2020-03-11T16:40:45+09:00 - INFO [client-util.js]: Launching client with PID  31785 

2020-03-11T16:40:45+09:00 - INFO [client-util.js]: Launching client with PID  31790 

2020-03-11T16:40:45+09:00 - INFO [client-util.js]: Launching client with PID  31797 

2020-03-11T16:40:46+09:00 - INFO [client-util.js]: Launching client with PID  31801 

2020-03-11T16:40:46+09:00 - INFO [client-util.js]: Launching client with PID  31809 

2020-03-11T16:40:46+09:00 - INFO [client-util.js]: Waiting for 5 clients to be ready...  

2020-03-11T16:40:46+09:00 - INFO [demo.js]: [Transaction Info] - Submitted: 0 Succ: 0 Fail:0 Unfinished:0 

2020-03-11T16:40:46+09:00 - DEBUG Constructed a winston logger with the specified targets:
	{"consolelogger":{"target":"console","level":"info"},"filelogger":{"target":"daily-rotate-file","level":"debug","filename":"log/caliper-%DATE%.log","datePattern":"YYYY-MM-DD-HH","maxSize":"5m","zippedArchive":true}}

2020-03-11T16:40:46+09:00 - DEBUG Constructed a winston logger with the specified targets:
	{"consolelogger":{"target":"console","level":"info"},"filelogger":{"target":"daily-rotate-file","level":"debug","filename":"log/caliper-%DATE%.log","datePattern":"YYYY-MM-DD-HH","maxSize":"5m","zippedArchive":true}}

2020-03-11T16:40:46+09:00 - DEBUG Constructed a winston logger with the specified targets:
	{"consolelogger":{"target":"console","level":"info"},"filelogger":{"target":"daily-rotate-file","level":"debug","filename":"log/caliper-%DATE%.log","datePattern":"YYYY-MM-DD-HH","maxSize":"5m","zippedArchive":true}}

2020-03-11T16:40:46+09:00 - DEBUG Constructed a winston logger with the specified targets:
	{"consolelogger":{"target":"console","level":"info"},"filelogger":{"target":"daily-rotate-file","level":"debug","filename":"log/caliper-%DATE%.log","datePattern":"YYYY-MM-DD-HH","maxSize":"5m","zippedArchive":true}}

2020-03-11T16:40:46+09:00 - DEBUG Constructed a winston logger with the specified targets:
	{"consolelogger":{"target":"console","level":"info"},"filelogger":{"target":"daily-rotate-file","level":"debug","filename":"log/caliper-%DATE%.log","datePattern":"YYYY-MM-DD-HH","maxSize":"5m","zippedArchive":true}}

2020-03-11T16:40:47+09:00 - INFO [fabric/fabricClientWorker]: Client ready 

2020-03-11T16:40:47+09:00 - INFO [client-util.js]: Client ready message recieved 

2020-03-11T16:40:47+09:00 - INFO [client-util.js]: Client ready message recieved 

2020-03-11T16:40:47+09:00 - INFO [fabric/fabricClientWorker]: Client ready 

2020-03-11T16:40:47+09:00 - INFO [client-util.js]: Client ready message recieved 

2020-03-11T16:40:47+09:00 - INFO [fabric/fabricClientWorker]: Client ready 

2020-03-11T16:40:47+09:00 - INFO [client-util.js]: Client ready message recieved 

2020-03-11T16:40:47+09:00 - INFO [fabric/fabricClientWorker]: Client ready 

2020-03-11T16:40:47+09:00 - INFO [client-util.js]: Client ready message recieved 

2020-03-11T16:40:47+09:00 - INFO [fabric/fabricClientWorker]: Client ready 

2020-03-11T16:40:47+09:00 - INFO [client-util.js]: 5 clients ready, starting test phase 

2020-03-11T16:40:47+09:00 - DEBUG [local-client.js]: doTest() with:
	{"type":"test","label":"smallOperations","rateControl":{"type":"fixed-rate","opts":{"tps":1000}},"trim":0,"args":{"accounts":400,"txnPerBatch":1},"cb":"benchmark/smallbank/smallbankOperations.js","config":"/home/oslab/caliper-benchmarks/caliper/packages/caliper-samples/network/fabric-v1.4.1/kafka2o2pgoleveldb/fabric-go.yaml","root":"/home/oslab/caliper-benchmarks/caliper/packages/caliper-samples","numb":200,"roundIdx":1,"totalClients":5,"clients":5,"clientargs":{},"clientIdx":1}

2020-03-11T16:40:47+09:00 - DEBUG [local-client.js]: doTest() with:
	{"type":"test","label":"smallOperations","rateControl":{"type":"fixed-rate","opts":{"tps":1000}},"trim":0,"args":{"accounts":400,"txnPerBatch":1},"cb":"benchmark/smallbank/smallbankOperations.js","config":"/home/oslab/caliper-benchmarks/caliper/packages/caliper-samples/network/fabric-v1.4.1/kafka2o2pgoleveldb/fabric-go.yaml","root":"/home/oslab/caliper-benchmarks/caliper/packages/caliper-samples","numb":200,"roundIdx":1,"totalClients":5,"clients":5,"clientargs":{},"clientIdx":4}

2020-03-11T16:40:47+09:00 - DEBUG [local-client.js]: doTest() with:
	{"type":"test","label":"smallOperations","rateControl":{"type":"fixed-rate","opts":{"tps":1000}},"trim":0,"args":{"accounts":400,"txnPerBatch":1},"cb":"benchmark/smallbank/smallbankOperations.js","config":"/home/oslab/caliper-benchmarks/caliper/packages/caliper-samples/network/fabric-v1.4.1/kafka2o2pgoleveldb/fabric-go.yaml","root":"/home/oslab/caliper-benchmarks/caliper/packages/caliper-samples","numb":200,"roundIdx":1,"totalClients":5,"clients":5,"clientargs":{},"clientIdx":2}

2020-03-11T16:40:47+09:00 - DEBUG [local-client.js]: doTest() with:
	{"type":"test","label":"smallOperations","rateControl":{"type":"fixed-rate","opts":{"tps":1000}},"trim":0,"args":{"accounts":400,"txnPerBatch":1},"cb":"benchmark/smallbank/smallbankOperations.js","config":"/home/oslab/caliper-benchmarks/caliper/packages/caliper-samples/network/fabric-v1.4.1/kafka2o2pgoleveldb/fabric-go.yaml","root":"/home/oslab/caliper-benchmarks/caliper/packages/caliper-samples","numb":200,"roundIdx":1,"totalClients":5,"clients":5,"clientargs":{},"clientIdx":3}

2020-03-11T16:40:47+09:00 - DEBUG [local-client.js]: doTest() with:
	{"type":"test","label":"smallOperations","rateControl":{"type":"fixed-rate","opts":{"tps":1000}},"trim":0,"args":{"accounts":400,"txnPerBatch":1},"cb":"benchmark/smallbank/smallbankOperations.js","config":"/home/oslab/caliper-benchmarks/caliper/packages/caliper-samples/network/fabric-v1.4.1/kafka2o2pgoleveldb/fabric-go.yaml","root":"/home/oslab/caliper-benchmarks/caliper/packages/caliper-samples","numb":200,"roundIdx":1,"totalClients":5,"clients":5,"clientargs":{},"clientIdx":0}

2020-03-11T16:40:47+09:00 - INFO [local-client.js]: txUpdateTime: 1000 

2020-03-11T16:40:47+09:00 - INFO [local-client.js]: txUpdateTime: 1000 

2020-03-11T16:40:47+09:00 - INFO [local-client.js]: txUpdateTime: 1000 

2020-03-11T16:40:47+09:00 - INFO [local-client.js]: txUpdateTime: 1000 

2020-03-11T16:40:47+09:00 - INFO [local-client.js]: txUpdateTime: 1000 

2020-03-11T16:40:47+09:00 - INFO [local-client.js]: Info: client 31801 start test runFixedNumber():small_bank_operations 

2020-03-11T16:40:47+09:00 - DEBUG [rateControl.js]: Creating rate controller for client#3 for round#1
	{"type":"fixed-rate","opts":{"tps":1000}}

2020-03-11T16:40:47+09:00 - INFO [local-client.js]: Info: client 31785 start test runFixedNumber():small_bank_operations 

2020-03-11T16:40:47+09:00 - DEBUG [rateControl.js]: Creating rate controller for client#0 for round#1
	{"type":"fixed-rate","opts":{"tps":1000}}

2020-03-11T16:40:47+09:00 - INFO [local-client.js]: Info: client 31809 start test runFixedNumber():small_bank_operations 

2020-03-11T16:40:47+09:00 - DEBUG [rateControl.js]: Creating rate controller for client#4 for round#1
	{"type":"fixed-rate","opts":{"tps":1000}}

2020-03-11T16:40:47+09:00 - INFO [local-client.js]: Info: client 31790 start test runFixedNumber():small_bank_operations 

2020-03-11T16:40:47+09:00 - DEBUG [rateControl.js]: Creating rate controller for client#1 for round#1
	{"type":"fixed-rate","opts":{"tps":1000}}

2020-03-11T16:40:47+09:00 - INFO [local-client.js]: Info: client 31797 start test runFixedNumber():small_bank_operations 

2020-03-11T16:40:47+09:00 - DEBUG [rateControl.js]: Creating rate controller for client#2 for round#1
	{"type":"fixed-rate","opts":{"tps":1000}}

2020-03-11T16:40:47+09:00 - INFO [demo.js]: [Transaction Info] - Submitted: 0 Succ: 0 Fail:0 Unfinished:0 

2020-03-11T16:40:48+09:00 - INFO [demo.js]: [Transaction Info] - Submitted: 503 Succ: 200 Fail:0 Unfinished:303 

2020-03-11T16:40:49+09:00 - INFO [demo.js]: [Transaction Info] - Submitted: 1000 Succ: 550 Fail:0 Unfinished:450 

2020-03-11T16:40:50+09:00 - DEBUG [report-builder]: r.create.max: 1583912449.464 r.create.min: 1583912447.817 r.final.max: 1583912450.701 r.final.min: 1583912448.223 r.final.last: 1583912450.701 

2020-03-11T16:40:50+09:00 - DEBUG [report-builder]:  throughput for only success time computed: 346.7 

2020-03-11T16:40:50+09:00 - DEBUG [report-builder]: sendTransactionProposal: 0ms length: 1000 

2020-03-11T16:40:50+09:00 - DEBUG [report-builder]: sendTransaction: 0ms 

2020-03-11T16:40:50+09:00 - DEBUG [report-builder]: invokeLatency: 0ms 

2020-03-11T16:40:50+09:00 - INFO [report-builder]: ###test result:### 

2020-03-11T16:40:50+09:00 - INFO [report-builder]: 
+-----------------+------+------+-----------+-------------+-------------+-------------+------------+
| Name            | Succ | Fail | Send Rate | Max Latency | Min Latency | Avg Latency | Throughput |
|-----------------|------|------|-----------|-------------|-------------|-------------|------------|
| smallOperations | 1000 | 0    | 607.2 tps | 1.36 s      | 0.29 s      | 0.85 s      | 346.7 tps  |
+-----------------+------+------+-----------+-------------+-------------+-------------+------------+
 

2020-03-11T16:40:50+09:00 - INFO [report-builder]: ### resource stats ### 

2020-03-11T16:40:50+09:00 - INFO [report-builder]: 
+--------+-----------------------------------+-------------+-------------+----------+----------+------------+-------------+-----------+------------+
| TYPE   | NAME                              | Memory(max) | Memory(avg) | CPU(max) | CPU(avg) | Traffic In | Traffic Out | Disc Read | Disc Write |
|--------|-----------------------------------|-------------|-------------|----------|----------|------------|-------------|-----------|------------|
| Docker | dev-peer1.org1.example.co...nk-v0 | 8.2MB       | 7.6MB       | 18.94%   | 9.47%    | 882.0KB    | 454.1KB     | 0B        | 0B         |
|--------|-----------------------------------|-------------|-------------|----------|----------|------------|-------------|-----------|------------|
| Docker | dev-peer0.org2.example.co...nk-v0 | 7.9MB       | 7.4MB       | 18.63%   | 9.31%    | 889.4KB    | 456.6KB     | 0B        | 0B         |
|--------|-----------------------------------|-------------|-------------|----------|----------|------------|-------------|-----------|------------|
| Docker | dev-peer1.org2.example.co...nk-v0 | 8.2MB       | 7.5MB       | 17.42%   | 8.71%    | 865.1KB    | 431.3KB     | 0B        | 0B         |
|--------|-----------------------------------|-------------|-------------|----------|----------|------------|-------------|-----------|------------|
| Docker | dev-peer0.org1.example.co...nk-v0 | 8.0MB       | 7.5MB       | 17.96%   | 8.98%    | 883.4KB    | 442.0KB     | 0B        | 0B         |
|--------|-----------------------------------|-------------|-------------|----------|----------|------------|-------------|-----------|------------|
| Docker | dev-peer0.org2.example.co...le-v0 | 6.8MB       | 6.8MB       | 0.00%    | 0.00%    | 112B       | 0B          | 0B        | 0B         |
|--------|-----------------------------------|-------------|-------------|----------|----------|------------|-------------|-----------|------------|
| Docker | dev-peer1.org1.example.co...le-v0 | 7.1MB       | 7.1MB       | 0.00%    | 0.00%    | 42B        | 0B          | 0B        | 0B         |
|--------|-----------------------------------|-------------|-------------|----------|----------|------------|-------------|-----------|------------|
| Docker | dev-peer0.org1.example.co...le-v0 | 6.8MB       | 6.8MB       | 0.00%    | 0.00%    | 42B        | 0B          | 0B        | 0B         |
|--------|-----------------------------------|-------------|-------------|----------|----------|------------|-------------|-----------|------------|
| Docker | dev-peer1.org2.example.co...le-v0 | 6.9MB       | 6.9MB       | 0.00%    | 0.00%    | 42B        | 0B          | 0B        | 0B         |
|--------|-----------------------------------|-------------|-------------|----------|----------|------------|-------------|-----------|------------|
| Docker | dev-peer1.org2.example.co...rm-v0 | 7.1MB       | 7.1MB       | 0.00%    | 0.00%    | 42B        | 0B          | 0B        | 0B         |
|--------|-----------------------------------|-------------|-------------|----------|----------|------------|-------------|-----------|------------|
| Docker | dev-peer0.org1.example.co...rm-v0 | 6.9MB       | 6.9MB       | 0.00%    | 0.00%    | 42B        | 0B          | 0B        | 0B         |
|--------|-----------------------------------|-------------|-------------|----------|----------|------------|-------------|-----------|------------|
| Docker | dev-peer0.org2.example.co...rm-v0 | 7.0MB       | 7.0MB       | 0.00%    | 0.00%    | 42B        | 0B          | 0B        | 0B         |
|--------|-----------------------------------|-------------|-------------|----------|----------|------------|-------------|-----------|------------|
| Docker | dev-peer1.org1.example.co...rm-v0 | 6.9MB       | 6.9MB       | 0.00%    | 0.00%    | 42B        | 0B          | 0B        | 0B         |
|--------|-----------------------------------|-------------|-------------|----------|----------|------------|-------------|-----------|------------|
| Docker | dev-peer0.org1.example.co...es-v0 | 6.9MB       | 6.9MB       | 0.01%    | 0.01%    | 112B       | 0B          | 0B        | 0B         |
|--------|-----------------------------------|-------------|-------------|----------|----------|------------|-------------|-----------|------------|
| Docker | dev-peer0.org2.example.co...es-v0 | 6.9MB       | 6.9MB       | 0.04%    | 0.02%    | 42B        | 0B          | 0B        | 0B         |
|--------|-----------------------------------|-------------|-------------|----------|----------|------------|-------------|-----------|------------|
| Docker | dev-peer1.org2.example.co...es-v0 | 6.8MB       | 6.8MB       | 0.00%    | 0.00%    | 42B        | 0B          | 0B        | 0B         |
|--------|-----------------------------------|-------------|-------------|----------|----------|------------|-------------|-----------|------------|
| Docker | dev-peer1.org1.example.co...es-v0 | 7.0MB       | 7.0MB       | 0.02%    | 0.01%    | 42B        | 0B          | 0B        | 0B         |
|--------|-----------------------------------|-------------|-------------|----------|----------|------------|-------------|-----------|------------|
| Docker | peer1.org2.example.com            | 178.0MB     | 166.9MB     | 162.56%  | 82.54%   | 4.6MB      | 1.7MB       | 0B        | 4.4MB      |
|--------|-----------------------------------|-------------|-------------|----------|----------|------------|-------------|-----------|------------|
| Docker | peer1.org1.example.com            | 172.8MB     | 162.3MB     | 159.24%  | 80.99%   | 4.7MB      | 1.8MB       | 0B        | 4.9MB      |
|--------|-----------------------------------|-------------|-------------|----------|----------|------------|-------------|-----------|------------|
| Docker | peer0.org1.example.com            | 178.6MB     | 167.3MB     | 161.06%  | 81.63%   | 4.7MB      | 2.3MB       | 0B        | 4.9MB      |
|--------|-----------------------------------|-------------|-------------|----------|----------|------------|-------------|-----------|------------|
| Docker | peer0.org2.example.com            | 177.9MB     | 167.0MB     | 160.51%  | 81.35%   | 4.6MB      | 1.7MB       | 0B        | 4.9MB      |
|--------|-----------------------------------|-------------|-------------|----------|----------|------------|-------------|-----------|------------|
| Docker | orderer0.example.com              | 33.8MB      | 26.4MB      | 116.76%  | 58.69%   | 5.8MB      | 9.2MB       | 0B        | 7.3MB      |
|--------|-----------------------------------|-------------|-------------|----------|----------|------------|-------------|-----------|------------|
| Docker | orderer1.example.com              | 33.4MB      | 25.6MB      | 108.77%  | 54.68%   | 5.8MB      | 9.0MB       | 0B        | 7.3MB      |
|--------|-----------------------------------|-------------|-------------|----------|----------|------------|-------------|-----------|------------|
| Docker | kafka1                            | 381.4MB     | 372.9MB     | 173.15%  | 90.12%   | 3.9MB      | 15.1MB      | 0B        | 0B         |
|--------|-----------------------------------|-------------|-------------|----------|----------|------------|-------------|-----------|------------|
| Docker | kafka2                            | 330.4MB     | 330.3MB     | 3.23%    | 2.41%    | 2.1KB      | 1.2KB       | 0B        | 0B         |
|--------|-----------------------------------|-------------|-------------|----------|----------|------------|-------------|-----------|------------|
| Docker | kafka3                            | 343.0MB     | 338.0MB     | 52.54%   | 27.28%   | 3.8MB      | 59.4KB      | 0B        | 0B         |
|--------|-----------------------------------|-------------|-------------|----------|----------|------------|-------------|-----------|------------|
| Docker | kafka0                            | 340.8MB     | 338.3MB     | 40.07%   | 22.91%   | 3.8MB      | 71.2KB      | 0B        | 0B         |
|--------|-----------------------------------|-------------|-------------|----------|----------|------------|-------------|-----------|------------|
| Docker | ca.org2.example.com               | 10.5MB      | 10.5MB      | 0.00%    | 0.00%    | 42B        | 0B          | 0B        | 0B         |
|--------|-----------------------------------|-------------|-------------|----------|----------|------------|-------------|-----------|------------|
| Docker | zookeeper2                        | 54.5MB      | 54.5MB      | 0.22%    | 0.16%    | 566B       | 694B        | 0B        | 0B         |
|--------|-----------------------------------|-------------|-------------|----------|----------|------------|-------------|-----------|------------|
| Docker | zookeeper1                        | 51.6MB      | 51.6MB      | 0.97%    | 0.53%    | 490B       | 270B        | 0B        | 0B         |
|--------|-----------------------------------|-------------|-------------|----------|----------|------------|-------------|-----------|------------|
| Docker | zookeeper0                        | 59.7MB      | 59.7MB      | 0.37%    | 0.23%    | 634B       | 368B        | 0B        | 0B         |
|--------|-----------------------------------|-------------|-------------|----------|----------|------------|-------------|-----------|------------|
| Docker | ca.org1.example.com               | 10.9MB      | 10.9MB      | 0.00%    | 0.00%    | 42B        | 0B          | 0B        | 0B         |
+--------+-----------------------------------+-------------+-------------+----------+----------+------------+-------------+-----------+------------+
 

2020-03-11T16:40:50+09:00 - INFO [defaultTest]: ------ Passed 'smallOperations' testing ------ 

2020-03-11T16:40:50+09:00 - INFO [caliper-flow]: ---------- Finished Test ----------
 

2020-03-11T16:40:50+09:00 - INFO [report-builder]: ###all test results:### 

2020-03-11T16:40:50+09:00 - INFO [report-builder]: 
+------+-----------------+------+------+-----------+-------------+-------------+-------------+------------+
| Test | Name            | Succ | Fail | Send Rate | Max Latency | Min Latency | Avg Latency | Throughput |
|------|-----------------|------|------|-----------|-------------|-------------|-------------|------------|
| 1    | smallOperations | 1000 | 0    | 607.2 tps | 1.36 s      | 0.29 s      | 0.85 s      | 346.7 tps  |
+------+-----------------+------+------+-----------+-------------+-------------+-------------+------------+
 

2020-03-11T16:40:50+09:00 - INFO [monitor.js]: 
 ### resource stats (maximum) ### 

2020-03-11T16:40:50+09:00 - INFO [monitor.js]: 
+--------+-----------------------------------+-------------+----------+------------+-------------+-----------+------------+
| TYPE   | NAME                              | Memory(max) | CPU(max) | Traffic In | Traffic Out | Disc Read | Disc Write |
|--------|-----------------------------------|-------------|----------|------------|-------------|-----------|------------|
| Docker | dev-peer1.org1.example.co...nk-v0 | 8.2MB       | 18.94%   | 882.0KB    | 454.1KB     | 0B        | 0B         |
|--------|-----------------------------------|-------------|----------|------------|-------------|-----------|------------|
| Docker | dev-peer0.org2.example.co...nk-v0 | 7.9MB       | 18.63%   | 889.4KB    | 456.6KB     | 0B        | 0B         |
|--------|-----------------------------------|-------------|----------|------------|-------------|-----------|------------|
| Docker | dev-peer1.org2.example.co...nk-v0 | 8.2MB       | 17.42%   | 865.1KB    | 431.3KB     | 0B        | 0B         |
|--------|-----------------------------------|-------------|----------|------------|-------------|-----------|------------|
| Docker | dev-peer0.org1.example.co...nk-v0 | 8.0MB       | 17.96%   | 883.4KB    | 442.0KB     | 0B        | 0B         |
|--------|-----------------------------------|-------------|----------|------------|-------------|-----------|------------|
| Docker | dev-peer0.org2.example.co...le-v0 | 6.8MB       | 0.00%    | 112B       | 0B          | 0B        | 0B         |
|--------|-----------------------------------|-------------|----------|------------|-------------|-----------|------------|
| Docker | dev-peer1.org1.example.co...le-v0 | 7.1MB       | 0.00%    | 42B        | 0B          | 0B        | 0B         |
|--------|-----------------------------------|-------------|----------|------------|-------------|-----------|------------|
| Docker | dev-peer0.org1.example.co...le-v0 | 6.8MB       | 0.00%    | 42B        | 0B          | 0B        | 0B         |
|--------|-----------------------------------|-------------|----------|------------|-------------|-----------|------------|
| Docker | dev-peer1.org2.example.co...le-v0 | 6.9MB       | 0.00%    | 42B        | 0B          | 0B        | 0B         |
|--------|-----------------------------------|-------------|----------|------------|-------------|-----------|------------|
| Docker | dev-peer1.org2.example.co...rm-v0 | 7.1MB       | 0.00%    | 42B        | 0B          | 0B        | 0B         |
|--------|-----------------------------------|-------------|----------|------------|-------------|-----------|------------|
| Docker | dev-peer0.org1.example.co...rm-v0 | 6.9MB       | 0.00%    | 42B        | 0B          | 0B        | 0B         |
|--------|-----------------------------------|-------------|----------|------------|-------------|-----------|------------|
| Docker | dev-peer0.org2.example.co...rm-v0 | 7.0MB       | 0.00%    | 42B        | 0B          | 0B        | 0B         |
|--------|-----------------------------------|-------------|----------|------------|-------------|-----------|------------|
| Docker | dev-peer1.org1.example.co...rm-v0 | 6.9MB       | 0.00%    | 42B        | 0B          | 0B        | 0B         |
|--------|-----------------------------------|-------------|----------|------------|-------------|-----------|------------|
| Docker | dev-peer0.org1.example.co...es-v0 | 6.9MB       | 0.01%    | 112B       | 0B          | 0B        | 0B         |
|--------|-----------------------------------|-------------|----------|------------|-------------|-----------|------------|
| Docker | dev-peer0.org2.example.co...es-v0 | 6.9MB       | 0.04%    | 42B        | 0B          | 0B        | 0B         |
|--------|-----------------------------------|-------------|----------|------------|-------------|-----------|------------|
| Docker | dev-peer1.org2.example.co...es-v0 | 6.8MB       | 0.00%    | 42B        | 0B          | 0B        | 0B         |
|--------|-----------------------------------|-------------|----------|------------|-------------|-----------|------------|
| Docker | dev-peer1.org1.example.co...es-v0 | 7.0MB       | 0.02%    | 42B        | 0B          | 0B        | 0B         |
|--------|-----------------------------------|-------------|----------|------------|-------------|-----------|------------|
| Docker | peer1.org2.example.com            | 178.0MB     | 162.56%  | 4.6MB      | 1.7MB       | 0B        | 4.4MB      |
|--------|-----------------------------------|-------------|----------|------------|-------------|-----------|------------|
| Docker | peer1.org1.example.com            | 172.8MB     | 159.24%  | 4.7MB      | 1.8MB       | 0B        | 4.9MB      |
|--------|-----------------------------------|-------------|----------|------------|-------------|-----------|------------|
| Docker | peer0.org1.example.com            | 178.6MB     | 161.06%  | 4.7MB      | 2.3MB       | 0B        | 4.9MB      |
|--------|-----------------------------------|-------------|----------|------------|-------------|-----------|------------|
| Docker | peer0.org2.example.com            | 177.9MB     | 160.51%  | 4.6MB      | 1.7MB       | 0B        | 4.9MB      |
|--------|-----------------------------------|-------------|----------|------------|-------------|-----------|------------|
| Docker | orderer0.example.com              | 33.8MB      | 116.76%  | 5.8MB      | 9.2MB       | 0B        | 7.3MB      |
|--------|-----------------------------------|-------------|----------|------------|-------------|-----------|------------|
| Docker | orderer1.example.com              | 33.4MB      | 108.77%  | 5.8MB      | 9.0MB       | 0B        | 7.3MB      |
|--------|-----------------------------------|-------------|----------|------------|-------------|-----------|------------|
| Docker | kafka1                            | 381.4MB     | 173.15%  | 3.9MB      | 15.1MB      | 0B        | 0B         |
|--------|-----------------------------------|-------------|----------|------------|-------------|-----------|------------|
| Docker | kafka2                            | 330.4MB     | 3.23%    | 2.1KB      | 1.2KB       | 0B        | 0B         |
|--------|-----------------------------------|-------------|----------|------------|-------------|-----------|------------|
| Docker | kafka3                            | 343.0MB     | 52.54%   | 3.8MB      | 59.4KB      | 0B        | 0B         |
|--------|-----------------------------------|-------------|----------|------------|-------------|-----------|------------|
| Docker | kafka0                            | 340.8MB     | 40.07%   | 3.8MB      | 71.2KB      | 0B        | 0B         |
|--------|-----------------------------------|-------------|----------|------------|-------------|-----------|------------|
| Docker | ca.org2.example.com               | 10.5MB      | 0.00%    | 42B        | 0B          | 0B        | 0B         |
|--------|-----------------------------------|-------------|----------|------------|-------------|-----------|------------|
| Docker | zookeeper2                        | 54.5MB      | 0.22%    | 566B       | 694B        | 0B        | 0B         |
|--------|-----------------------------------|-------------|----------|------------|-------------|-----------|------------|
| Docker | zookeeper1                        | 51.6MB      | 0.97%    | 490B       | 270B        | 0B        | 0B         |
|--------|-----------------------------------|-------------|----------|------------|-------------|-----------|------------|
| Docker | zookeeper0                        | 59.7MB      | 0.37%    | 634B       | 368B        | 0B        | 0B         |
|--------|-----------------------------------|-------------|----------|------------|-------------|-----------|------------|
| Docker | ca.org1.example.com               | 10.9MB      | 0.00%    | 42B        | 0B          | 0B        | 0B         |
+--------+-----------------------------------+-------------+----------+------------+-------------+-----------+------------+
 

2020-03-11T16:40:51+09:00 - INFO [demo.js]: [Transaction Info] - Submitted: 1000 Succ: 1000 Fail:0 Unfinished:0 

2020-03-11T16:40:51+09:00 - INFO [caliper-flow]: Generated report with path /home/oslab/caliper-benchmarks/report-20200311T074051.html 

2020-03-11T16:40:51+09:00 - INFO [demo.js]: [Transaction Info] - Submitted: 1000 Succ: 1000 Fail:0 Unfinished:0 

2020-03-11T16:40:51+09:00 - INFO [caliper-flow]: 

#######################################
# Test summary: 1 succeeded, 0 failed #
#######################################
 

2020-03-11T16:40:51+09:00 - INFO [caliper-utils]: Executing command: cd /home/oslab/caliper-benchmarks/caliper/packages/caliper-samples;docker-compose -f network/fabric-v1.4.1/kafka2o2pgoleveldb/docker-compose.yaml down;(test -z \"$(docker ps -aq)\") || docker rm $(docker ps -aq);(test -z \"$(docker images dev* -q)\") || docker rmi $(docker images dev* -q);rm -rf /tmp/hfc-* 

2020-03-11T16:40:51+09:00 - INFO [client-util.js]: Client exited with code null 

2020-03-11T16:40:51+09:00 - INFO [client-util.js]: Client exited with code null 

2020-03-11T16:40:51+09:00 - INFO [client-util.js]: Client exited with code null 

2020-03-11T16:40:51+09:00 - INFO [client-util.js]: Client exited with code null 

2020-03-11T16:40:51+09:00 - INFO [client-util.js]: Client exited with code null 

