2020-09-24T00:41:46+09:00 - DEBUG Constructed a winston logger with the specified targets:
	{"consolelogger":{"target":"console","level":"info"},"filelogger":{"target":"daily-rotate-file","level":"debug","filename":"log/caliper-%DATE%.log","datePattern":"YYYY-MM-DD-HH","maxSize":"5m","zippedArchive":true}}

2020-09-24T00:41:47+09:00 - INFO [caliper-flow]: ####### Caliper Test ####### 

2020-09-24T00:41:47+09:00 - INFO [caliper-utils]: Executing command: cd /home/oslab/caliper_v0.1.0/caliper/packages/caliper-samples;docker-compose -f network/fabric-v1.4.1/kafka2o2pgoleveldb/docker-compose.yaml up -d;sleep 3s 

2020-09-24T00:42:01+09:00 - INFO [adapters/fabric]: Fabric SDK version: 1.4.4; TLS: none 

2020-09-24T00:42:02+09:00 - INFO [adapters/fabric]: Org1's registrar enrolled successfully 

2020-09-24T00:42:02+09:00 - INFO [adapters/fabric]: Org2's registrar enrolled successfully 

2020-09-24T00:42:02+09:00 - INFO [adapters/fabric]: Org1's admin's materials are successfully loaded 

2020-09-24T00:42:02+09:00 - INFO [adapters/fabric]: Org2's admin's materials are successfully loaded 

2020-09-24T00:42:02+09:00 - INFO [adapters/fabric]: client0.org1.example.com's materials are successfully loaded 

2020-09-24T00:42:02+09:00 - INFO [adapters/fabric]: client0.org2.example.com's materials are successfully loaded 

2020-09-24T00:42:02+09:00 - INFO [adapters/fabric]: Channel 'mychannel' definiton being retrieved from file 

2020-09-24T00:42:02+09:00 - INFO [adapters/fabric]: Channel 'mychannel' successfully created 

2020-09-24T00:42:02+09:00 - INFO [adapters/fabric]: Sleeping 5s... 

2020-09-24T00:42:08+09:00 - INFO [adapters/fabric]: Org1's peers successfully joined mychannel: peer0.org1.example.com,peer1.org1.example.com 

2020-09-24T00:42:08+09:00 - INFO [adapters/fabric]: Org2's peers successfully joined mychannel: peer0.org2.example.com,peer1.org2.example.com 

2020-09-24T00:42:08+09:00 - INFO [adapters/fabric]: Sleeping 5s... 

2020-09-24T00:42:13+09:00 - INFO [adapters/fabric]: Installing chaincodes for mychannel... 

2020-09-24T00:42:13+09:00 - INFO [adapters/fabric]: marbles@v0 successfully installed on Org1's peers: peer0.org1.example.com,peer1.org1.example.com 

2020-09-24T00:42:13+09:00 - INFO [adapters/fabric]: marbles@v0 successfully installed on Org2's peers: peer0.org2.example.com,peer1.org2.example.com 

2020-09-24T00:42:13+09:00 - INFO [adapters/fabric]: drm@v0 successfully installed on Org1's peers: peer0.org1.example.com,peer1.org1.example.com 

2020-09-24T00:42:13+09:00 - INFO [adapters/fabric]: drm@v0 successfully installed on Org2's peers: peer0.org2.example.com,peer1.org2.example.com 

2020-09-24T00:42:13+09:00 - INFO [adapters/fabric]: simple@v0 successfully installed on Org1's peers: peer0.org1.example.com,peer1.org1.example.com 

2020-09-24T00:42:13+09:00 - INFO [adapters/fabric]: simple@v0 successfully installed on Org2's peers: peer0.org2.example.com,peer1.org2.example.com 

2020-09-24T00:42:13+09:00 - INFO [adapters/fabric]: smallbank@v0 successfully installed on Org1's peers: peer0.org1.example.com,peer1.org1.example.com 

2020-09-24T00:42:13+09:00 - INFO [adapters/fabric]: smallbank@v0 successfully installed on Org2's peers: peer0.org2.example.com,peer1.org2.example.com 

2020-09-24T00:42:13+09:00 - INFO [adapters/fabric]: Instantiating marbles@v0 in mychannel. This might take some time... 

2020-09-24T00:42:47+09:00 - DEBUG Constructed a winston logger with the specified targets:
	{"consolelogger":{"target":"console","level":"info"},"filelogger":{"target":"daily-rotate-file","level":"debug","filename":"log/caliper-%DATE%.log","datePattern":"YYYY-MM-DD-HH","maxSize":"5m","zippedArchive":true}}

2020-09-24T00:42:48+09:00 - INFO [caliper-flow]: ####### Caliper Test ####### 

2020-09-24T00:42:48+09:00 - INFO [caliper-utils]: Executing command: cd /home/oslab/caliper_v0.1.0/caliper/packages/caliper-samples;docker-compose -f network/fabric-v1.4.1/kafka2o2pgoleveldb/docker-compose.yaml up -d;sleep 3s 

2020-09-24T00:43:09+09:00 - INFO [adapters/fabric]: Fabric SDK version: 1.4.4; TLS: none 

2020-09-24T00:43:10+09:00 - WARN [adapters/fabric]: Org1's registrar's materials found locally in file system key-value stores. Make sure it is the right one! 

2020-09-24T00:43:10+09:00 - WARN [adapters/fabric]: Org2's registrar's materials found locally in file system key-value stores. Make sure it is the right one! 

2020-09-24T00:43:10+09:00 - WARN [adapters/fabric]: Org1's admin's materials found locally in file system key-value stores. Make sure it is the right one! 

2020-09-24T00:43:10+09:00 - WARN [adapters/fabric]: Org2's admin's materials found locally in file system key-value stores. Make sure it is the right one! 

2020-09-24T00:43:10+09:00 - WARN [adapters/fabric]: client0.org1.example.com's materials found locally in file system key-value stores. Make sure it is the right one! 

2020-09-24T00:43:10+09:00 - WARN [adapters/fabric]: client0.org2.example.com's materials found locally in file system key-value stores. Make sure it is the right one! 

2020-09-24T00:43:10+09:00 - INFO [adapters/fabric]: Channel 'mychannel' definiton being retrieved from file 

2020-09-24T00:43:10+09:00 - INFO [adapters/fabric]: Channel 'mychannel' successfully created 

2020-09-24T00:43:10+09:00 - INFO [adapters/fabric]: Sleeping 5s... 

2020-09-24T00:43:15+09:00 - INFO [adapters/fabric]: Org1's peers successfully joined mychannel: peer0.org1.example.com,peer1.org1.example.com 

2020-09-24T00:43:15+09:00 - INFO [adapters/fabric]: Org2's peers successfully joined mychannel: peer0.org2.example.com,peer1.org2.example.com 

2020-09-24T00:43:15+09:00 - INFO [adapters/fabric]: Sleeping 5s... 

2020-09-24T00:43:20+09:00 - INFO [adapters/fabric]: Installing chaincodes for mychannel... 

2020-09-24T00:43:20+09:00 - INFO [adapters/fabric]: marbles@v0 successfully installed on Org1's peers: peer0.org1.example.com,peer1.org1.example.com 

2020-09-24T00:43:20+09:00 - INFO [adapters/fabric]: marbles@v0 successfully installed on Org2's peers: peer0.org2.example.com,peer1.org2.example.com 

2020-09-24T00:43:20+09:00 - INFO [adapters/fabric]: drm@v0 successfully installed on Org1's peers: peer0.org1.example.com,peer1.org1.example.com 

2020-09-24T00:43:20+09:00 - INFO [adapters/fabric]: drm@v0 successfully installed on Org2's peers: peer0.org2.example.com,peer1.org2.example.com 

2020-09-24T00:43:21+09:00 - INFO [adapters/fabric]: simple@v0 successfully installed on Org1's peers: peer0.org1.example.com,peer1.org1.example.com 

2020-09-24T00:43:21+09:00 - INFO [adapters/fabric]: simple@v0 successfully installed on Org2's peers: peer0.org2.example.com,peer1.org2.example.com 

2020-09-24T00:43:21+09:00 - INFO [adapters/fabric]: smallbank@v0 successfully installed on Org1's peers: peer0.org1.example.com,peer1.org1.example.com 

2020-09-24T00:43:21+09:00 - INFO [adapters/fabric]: smallbank@v0 successfully installed on Org2's peers: peer0.org2.example.com,peer1.org2.example.com 

2020-09-24T00:43:21+09:00 - INFO [adapters/fabric]: Instantiating marbles@v0 in mychannel. This might take some time... 

2020-09-24T00:43:26+09:00 - INFO [adapters/fabric]: Successfully instantiated marbles@v0 in mychannel 

2020-09-24T00:43:26+09:00 - INFO [adapters/fabric]: Instantiating drm@v0 in mychannel. This might take some time... 

2020-09-24T00:43:31+09:00 - INFO [adapters/fabric]: Successfully instantiated drm@v0 in mychannel 

2020-09-24T00:43:31+09:00 - INFO [adapters/fabric]: Instantiating simple@v0 in mychannel. This might take some time... 

2020-09-24T00:43:36+09:00 - INFO [adapters/fabric]: Successfully instantiated simple@v0 in mychannel 

2020-09-24T00:43:36+09:00 - INFO [adapters/fabric]: Instantiating smallbank@v0 in mychannel. This might take some time... 

2020-09-24T00:43:42+09:00 - INFO [adapters/fabric]: Successfully instantiated smallbank@v0 in mychannel 

2020-09-24T00:43:42+09:00 - INFO [adapters/fabric]: Sleeping 5s... 

2020-09-24T00:43:47+09:00 - INFO [caliper-flow]: Started monitor successfully 

2020-09-24T00:43:47+09:00 - INFO [defaultTest]: ####### Testing 'smallOperations' ####### 

2020-09-24T00:43:47+09:00 - INFO [defaultTest]: ------ Test round 1 ------ 

2020-09-24T00:43:47+09:00 - INFO [client-util.js]: Launching client with PID  26175 

2020-09-24T00:43:47+09:00 - INFO [client-util.js]: Launching client with PID  26180 

2020-09-24T00:43:47+09:00 - INFO [client-util.js]: Launching client with PID  26182 

2020-09-24T00:43:47+09:00 - INFO [client-util.js]: Launching client with PID  26191 

2020-09-24T00:43:47+09:00 - INFO [client-util.js]: Launching client with PID  26198 

2020-09-24T00:43:47+09:00 - INFO [client-util.js]: Waiting for 5 clients to be ready...  

2020-09-24T00:43:48+09:00 - INFO [demo.js]: [Transaction Info] - Submitted: 0 Succ: 0 Fail:0 Unfinished:0 

2020-09-24T00:43:47+09:00 - DEBUG Constructed a winston logger with the specified targets:
	{"consolelogger":{"target":"console","level":"info"},"filelogger":{"target":"daily-rotate-file","level":"debug","filename":"log/caliper-%DATE%.log","datePattern":"YYYY-MM-DD-HH","maxSize":"5m","zippedArchive":true}}

2020-09-24T00:43:47+09:00 - DEBUG Constructed a winston logger with the specified targets:
	{"consolelogger":{"target":"console","level":"info"},"filelogger":{"target":"daily-rotate-file","level":"debug","filename":"log/caliper-%DATE%.log","datePattern":"YYYY-MM-DD-HH","maxSize":"5m","zippedArchive":true}}

2020-09-24T00:43:47+09:00 - DEBUG Constructed a winston logger with the specified targets:
	{"consolelogger":{"target":"console","level":"info"},"filelogger":{"target":"daily-rotate-file","level":"debug","filename":"log/caliper-%DATE%.log","datePattern":"YYYY-MM-DD-HH","maxSize":"5m","zippedArchive":true}}

2020-09-24T00:43:47+09:00 - DEBUG Constructed a winston logger with the specified targets:
	{"consolelogger":{"target":"console","level":"info"},"filelogger":{"target":"daily-rotate-file","level":"debug","filename":"log/caliper-%DATE%.log","datePattern":"YYYY-MM-DD-HH","maxSize":"5m","zippedArchive":true}}

2020-09-24T00:43:47+09:00 - DEBUG Constructed a winston logger with the specified targets:
	{"consolelogger":{"target":"console","level":"info"},"filelogger":{"target":"daily-rotate-file","level":"debug","filename":"log/caliper-%DATE%.log","datePattern":"YYYY-MM-DD-HH","maxSize":"5m","zippedArchive":true}}

2020-09-24T00:43:49+09:00 - INFO [client-util.js]: Client ready message recieved 

2020-09-24T00:43:49+09:00 - INFO [fabric/fabricClientWorker]: Client ready 

2020-09-24T00:43:49+09:00 - INFO [client-util.js]: Client ready message recieved 

2020-09-24T00:43:49+09:00 - INFO [fabric/fabricClientWorker]: Client ready 

2020-09-24T00:43:49+09:00 - INFO [fabric/fabricClientWorker]: Client ready 

2020-09-24T00:43:49+09:00 - INFO [client-util.js]: Client ready message recieved 

2020-09-24T00:43:49+09:00 - INFO [client-util.js]: Client ready message recieved 

2020-09-24T00:43:49+09:00 - INFO [fabric/fabricClientWorker]: Client ready 

2020-09-24T00:43:49+09:00 - INFO [client-util.js]: Client ready message recieved 

2020-09-24T00:43:49+09:00 - INFO [client-util.js]: 5 clients ready, starting test phase 

2020-09-24T00:43:49+09:00 - INFO [fabric/fabricClientWorker]: Client ready 

2020-09-24T00:43:49+09:00 - DEBUG [local-client.js]: doTest() with:
	{"type":"test","label":"smallOperations","rateControl":{"type":"fixed-rate","opts":{"tps":2000}},"trim":0,"args":{"accounts":400,"txnPerBatch":1},"cb":"benchmark/smallbank/smallbankOperations.js","config":"/home/oslab/caliper_v0.1.0/caliper/packages/caliper-samples/network/fabric-v1.4.1/kafka2o2pgoleveldb/fabric-go.yaml","root":"/home/oslab/caliper_v0.1.0/caliper/packages/caliper-samples","numb":400,"roundIdx":1,"totalClients":5,"clients":5,"clientargs":{},"clientIdx":3}

2020-09-24T00:43:49+09:00 - DEBUG [local-client.js]: doTest() with:
	{"type":"test","label":"smallOperations","rateControl":{"type":"fixed-rate","opts":{"tps":2000}},"trim":0,"args":{"accounts":400,"txnPerBatch":1},"cb":"benchmark/smallbank/smallbankOperations.js","config":"/home/oslab/caliper_v0.1.0/caliper/packages/caliper-samples/network/fabric-v1.4.1/kafka2o2pgoleveldb/fabric-go.yaml","root":"/home/oslab/caliper_v0.1.0/caliper/packages/caliper-samples","numb":400,"roundIdx":1,"totalClients":5,"clients":5,"clientargs":{},"clientIdx":1}

2020-09-24T00:43:49+09:00 - DEBUG [local-client.js]: doTest() with:
	{"type":"test","label":"smallOperations","rateControl":{"type":"fixed-rate","opts":{"tps":2000}},"trim":0,"args":{"accounts":400,"txnPerBatch":1},"cb":"benchmark/smallbank/smallbankOperations.js","config":"/home/oslab/caliper_v0.1.0/caliper/packages/caliper-samples/network/fabric-v1.4.1/kafka2o2pgoleveldb/fabric-go.yaml","root":"/home/oslab/caliper_v0.1.0/caliper/packages/caliper-samples","numb":400,"roundIdx":1,"totalClients":5,"clients":5,"clientargs":{},"clientIdx":0}

2020-09-24T00:43:49+09:00 - DEBUG [local-client.js]: doTest() with:
	{"type":"test","label":"smallOperations","rateControl":{"type":"fixed-rate","opts":{"tps":2000}},"trim":0,"args":{"accounts":400,"txnPerBatch":1},"cb":"benchmark/smallbank/smallbankOperations.js","config":"/home/oslab/caliper_v0.1.0/caliper/packages/caliper-samples/network/fabric-v1.4.1/kafka2o2pgoleveldb/fabric-go.yaml","root":"/home/oslab/caliper_v0.1.0/caliper/packages/caliper-samples","numb":400,"roundIdx":1,"totalClients":5,"clients":5,"clientargs":{},"clientIdx":2}

2020-09-24T00:43:49+09:00 - INFO [local-client.js]: txUpdateTime: 1000 

2020-09-24T00:43:49+09:00 - DEBUG [local-client.js]: doTest() with:
	{"type":"test","label":"smallOperations","rateControl":{"type":"fixed-rate","opts":{"tps":2000}},"trim":0,"args":{"accounts":400,"txnPerBatch":1},"cb":"benchmark/smallbank/smallbankOperations.js","config":"/home/oslab/caliper_v0.1.0/caliper/packages/caliper-samples/network/fabric-v1.4.1/kafka2o2pgoleveldb/fabric-go.yaml","root":"/home/oslab/caliper_v0.1.0/caliper/packages/caliper-samples","numb":400,"roundIdx":1,"totalClients":5,"clients":5,"clientargs":{},"clientIdx":4}

2020-09-24T00:43:49+09:00 - INFO [local-client.js]: txUpdateTime: 1000 

2020-09-24T00:43:49+09:00 - INFO [local-client.js]: txUpdateTime: 1000 

2020-09-24T00:43:49+09:00 - INFO [local-client.js]: txUpdateTime: 1000 

2020-09-24T00:43:49+09:00 - INFO [local-client.js]: txUpdateTime: 1000 

2020-09-24T00:43:49+09:00 - INFO [local-client.js]: Info: client 26191 start test runFixedNumber():small_bank_operations 

2020-09-24T00:43:49+09:00 - INFO [local-client.js]: Info: client 26182 start test runFixedNumber():small_bank_operations 

2020-09-24T00:43:49+09:00 - DEBUG [rateControl.js]: Creating rate controller for client#3 for round#1
	{"type":"fixed-rate","opts":{"tps":2000}}

2020-09-24T00:43:49+09:00 - DEBUG [rateControl.js]: Creating rate controller for client#2 for round#1
	{"type":"fixed-rate","opts":{"tps":2000}}

2020-09-24T00:43:49+09:00 - INFO [local-client.js]: Info: client 26198 start test runFixedNumber():small_bank_operations 

2020-09-24T00:43:49+09:00 - INFO [local-client.js]: Info: client 26175 start test runFixedNumber():small_bank_operations 

2020-09-24T00:43:49+09:00 - DEBUG [rateControl.js]: Creating rate controller for client#4 for round#1
	{"type":"fixed-rate","opts":{"tps":2000}}

2020-09-24T00:43:49+09:00 - DEBUG [rateControl.js]: Creating rate controller for client#0 for round#1
	{"type":"fixed-rate","opts":{"tps":2000}}

2020-09-24T00:43:49+09:00 - INFO [local-client.js]: Info: client 26180 start test runFixedNumber():small_bank_operations 

2020-09-24T00:43:49+09:00 - DEBUG [rateControl.js]: Creating rate controller for client#1 for round#1
	{"type":"fixed-rate","opts":{"tps":2000}}

2020-09-24T00:43:49+09:00 - INFO [demo.js]: [Transaction Info] - Submitted: 0 Succ: 0 Fail:0 Unfinished:0 

2020-09-24T00:43:50+09:00 - INFO [demo.js]: [Transaction Info] - Submitted: 548 Succ: 0 Fail:0 Unfinished:548 

2020-09-24T00:43:51+09:00 - INFO [demo.js]: [Transaction Info] - Submitted: 1236 Succ: 599 Fail:0 Unfinished:637 

2020-09-24T00:43:52+09:00 - INFO [demo.js]: [Transaction Info] - Submitted: 1892 Succ: 990 Fail:0 Unfinished:902 

2020-09-24T00:43:53+09:00 - DEBUG [report-builder]: r.create.max: 1600875832.398 r.create.min: 1600875829.257 r.final.max: 1600875832.991 r.final.min: 1600875830.541 r.final.last: 1600875832.991 

2020-09-24T00:43:53+09:00 - DEBUG [report-builder]:  throughput for only success time computed: 535.6 

2020-09-24T00:43:53+09:00 - DEBUG [report-builder]: sendTransactionProposal: 0ms length: 2000 

2020-09-24T00:43:53+09:00 - DEBUG [report-builder]: sendTransaction: 0ms 

2020-09-24T00:43:53+09:00 - DEBUG [report-builder]: invokeLatency: 0ms 

2020-09-24T00:43:53+09:00 - INFO [report-builder]: ###test result:### 

2020-09-24T00:43:53+09:00 - INFO [report-builder]: 
+-----------------+------+------+-----------+-------------+-------------+-------------+------------+
| Name            | Succ | Fail | Send Rate | Max Latency | Min Latency | Avg Latency | Throughput |
|-----------------|------|------|-----------|-------------|-------------|-------------|------------|
| smallOperations | 2000 | 0    | 636.7 tps | 1.60 s      | 0.59 s      | 1.11 s      | 535.6 tps  |
+-----------------+------+------+-----------+-------------+-------------+-------------+------------+
 

2020-09-24T00:43:53+09:00 - INFO [report-builder]: ### resource stats ### 

2020-09-24T00:43:53+09:00 - INFO [report-builder]: 
+--------+-----------------------------------+-------------+-------------+----------+----------+------------+-------------+-----------+------------+
| TYPE   | NAME                              | Memory(max) | Memory(avg) | CPU(max) | CPU(avg) | Traffic In | Traffic Out | Disc Read | Disc Write |
|--------|-----------------------------------|-------------|-------------|----------|----------|------------|-------------|-----------|------------|
| Docker | dev-peer1.org2.example.co...nk-v0 | 20.4MB      | 19.5MB      | 15.48%   | 7.74%    | 1.5MB      | 746.3KB     | 332.0KB   | 0B         |
|--------|-----------------------------------|-------------|-------------|----------|----------|------------|-------------|-----------|------------|
| Docker | dev-peer0.org1.example.co...nk-v0 | 21.8MB      | 21.4MB      | 16.38%   | 11.63%   | 1.3MB      | 687.5KB     | 152.0KB   | 0B         |
|--------|-----------------------------------|-------------|-------------|----------|----------|------------|-------------|-----------|------------|
| Docker | dev-peer0.org2.example.co...nk-v0 | 21.8MB      | 21.5MB      | 16.60%   | 11.77%   | 1.3MB      | 673.0KB     | 24.0KB    | 0B         |
|--------|-----------------------------------|-------------|-------------|----------|----------|------------|-------------|-----------|------------|
| Docker | dev-peer1.org1.example.co...nk-v0 | 8.7MB       | 8.1MB       | 16.75%   | 11.60%   | 1.4MB      | 703.3KB     | 0B        | 0B         |
|--------|-----------------------------------|-------------|-------------|----------|----------|------------|-------------|-----------|------------|
| Docker | dev-peer0.org2.example.co...le-v0 | 18.7MB      | 18.7MB      | 0.00%    | 0.00%    | 0B         | 0B          | 0B        | 0B         |
|--------|-----------------------------------|-------------|-------------|----------|----------|------------|-------------|-----------|------------|
| Docker | dev-peer1.org2.example.co...le-v0 | 21.1MB      | 21.1MB      | 0.00%    | 0.00%    | 107B       | 0B          | 0B        | 0B         |
|--------|-----------------------------------|-------------|-------------|----------|----------|------------|-------------|-----------|------------|
| Docker | dev-peer0.org1.example.co...le-v0 | 20.7MB      | 20.7MB      | 0.00%    | 0.00%    | 107B       | 0B          | 0B        | 0B         |
|--------|-----------------------------------|-------------|-------------|----------|----------|------------|-------------|-----------|------------|
| Docker | dev-peer1.org1.example.co...le-v0 | 20.8MB      | 20.8MB      | 0.00%    | 0.00%    | 0B         | 0B          | 0B        | 0B         |
|--------|-----------------------------------|-------------|-------------|----------|----------|------------|-------------|-----------|------------|
| Docker | dev-peer1.org2.example.co...rm-v0 | 21.2MB      | 21.2MB      | 0.02%    | 0.01%    | 0B         | 0B          | 0B        | 0B         |
|--------|-----------------------------------|-------------|-------------|----------|----------|------------|-------------|-----------|------------|
| Docker | dev-peer0.org2.example.co...rm-v0 | 6.7MB       | 6.7MB       | 0.01%    | 0.01%    | 0B         | 0B          | 0B        | 0B         |
|--------|-----------------------------------|-------------|-------------|----------|----------|------------|-------------|-----------|------------|
| Docker | dev-peer0.org1.example.co...rm-v0 | 20.9MB      | 20.9MB      | 0.00%    | 0.00%    | 0B         | 0B          | 0B        | 0B         |
|--------|-----------------------------------|-------------|-------------|----------|----------|------------|-------------|-----------|------------|
| Docker | dev-peer1.org1.example.co...rm-v0 | 21.4MB      | 21.4MB      | 0.00%    | 0.00%    | 0B         | 0B          | 0B        | 0B         |
|--------|-----------------------------------|-------------|-------------|----------|----------|------------|-------------|-----------|------------|
| Docker | dev-peer0.org2.example.co...es-v0 | 6.9MB       | 6.9MB       | 0.00%    | 0.00%    | 0B         | 0B          | 0B        | 0B         |
|--------|-----------------------------------|-------------|-------------|----------|----------|------------|-------------|-----------|------------|
| Docker | dev-peer1.org2.example.co...es-v0 | 7.0MB       | 7.0MB       | 0.00%    | 0.00%    | 0B         | 0B          | 0B        | 0B         |
|--------|-----------------------------------|-------------|-------------|----------|----------|------------|-------------|-----------|------------|
| Docker | dev-peer1.org1.example.co...es-v0 | 7.0MB       | 7.0MB       | 0.00%    | 0.00%    | 0B         | 0B          | 0B        | 0B         |
|--------|-----------------------------------|-------------|-------------|----------|----------|------------|-------------|-----------|------------|
| Docker | dev-peer0.org1.example.co...es-v0 | 6.9MB       | 6.9MB       | 0.00%    | 0.00%    | 0B         | 0B          | 0B        | 0B         |
|--------|-----------------------------------|-------------|-------------|----------|----------|------------|-------------|-----------|------------|
| Docker | peer0.org2.example.com            | 115.0MB     | 72.2MB      | 193.56%  | 111.73%  | 6.9MB      | 2.7MB       | 0B        | 11.5MB     |
|--------|-----------------------------------|-------------|-------------|----------|----------|------------|-------------|-----------|------------|
| Docker | peer0.org1.example.com            | 120.1MB     | 80.1MB      | 202.62%  | 121.27%  | 6.9MB      | 2.8MB       | 16.0KB    | 11.5MB     |
|--------|-----------------------------------|-------------|-------------|----------|----------|------------|-------------|-----------|------------|
| Docker | peer1.org2.example.com            | 118.2MB     | 73.0MB      | 204.64%  | 116.85%  | 6.9MB      | 2.7MB       | 0B        | 11.5MB     |
|--------|-----------------------------------|-------------|-------------|----------|----------|------------|-------------|-----------|------------|
| Docker | peer1.org1.example.com            | 120.4MB     | 77.3MB      | 200.13%  | 114.68%  | 7.0MB      | 2.9MB       | 40.0KB    | 11.5MB     |
|--------|-----------------------------------|-------------|-------------|----------|----------|------------|-------------|-----------|------------|
| Docker | orderer0.example.com              | 52.8MB      | 38.3MB      | 104.12%  | 66.03%   | 8.9MB      | 13.4MB      | 0B        | 14.6MB     |
|--------|-----------------------------------|-------------|-------------|----------|----------|------------|-------------|-----------|------------|
| Docker | orderer1.example.com              | 49.3MB      | 36.9MB      | 94.80%   | 61.71%   | 8.9MB      | 13.5MB      | 128.0KB   | 14.6MB     |
|--------|-----------------------------------|-------------|-------------|----------|----------|------------|-------------|-----------|------------|
| Docker | kafka3                            | 316.1MB     | 316.1MB     | 1.42%    | 1.10%    | 1.6KB      | 1.0KB       | 0B        | 4.0KB      |
|--------|-----------------------------------|-------------|-------------|----------|----------|------------|-------------|-----------|------------|
| Docker | kafka0                            | 363.7MB     | 352.1MB     | 58.54%   | 38.53%   | 5.7MB      | 126.8KB     | 0B        | 4.0KB      |
|--------|-----------------------------------|-------------|-------------|----------|----------|------------|-------------|-----------|------------|
| Docker | kafka2                            | 364.7MB     | 347.1MB     | 240.58%  | 147.15%  | 6.5MB      | 24.9MB      | 0B        | 4.0KB      |
|--------|-----------------------------------|-------------|-------------|----------|----------|------------|-------------|-----------|------------|
| Docker | kafka1                            | 340.4MB     | 336.0MB     | 28.17%   | 20.38%   | 5.7MB      | 120.8KB     | 0B        | 4.0KB      |
|--------|-----------------------------------|-------------|-------------|----------|----------|------------|-------------|-----------|------------|
| Docker | ca.org2.example.com               | 9.9MB       | 9.9MB       | 0.00%    | 0.00%    | 0B         | 0B          | 0B        | 0B         |
|--------|-----------------------------------|-------------|-------------|----------|----------|------------|-------------|-----------|------------|
| Docker | zookeeper1                        | 50.0MB      | 50.0MB      | 0.12%    | 0.11%    | 374B       | 172B        | 0B        | 0B         |
|--------|-----------------------------------|-------------|-------------|----------|----------|------------|-------------|-----------|------------|
| Docker | zookeeper0                        | 51.9MB      | 51.9MB      | 0.20%    | 0.15%    | 592B       | 368B        | 0B        | 0B         |
|--------|-----------------------------------|-------------|-------------|----------|----------|------------|-------------|-----------|------------|
| Docker | ca.org1.example.com               | 9.9MB       | 9.9MB       | 0.00%    | 0.00%    | 0B         | 0B          | 0B        | 0B         |
|--------|-----------------------------------|-------------|-------------|----------|----------|------------|-------------|-----------|------------|
| Docker | zookeeper2                        | 58.9MB      | 58.9MB      | 0.25%    | 0.21%    | 656B       | 780B        | 0B        | 0B         |
+--------+-----------------------------------+-------------+-------------+----------+----------+------------+-------------+-----------+------------+
 

2020-09-24T00:43:53+09:00 - INFO [defaultTest]: ------ Passed 'smallOperations' testing ------ 

2020-09-24T00:43:53+09:00 - INFO [caliper-flow]: ---------- Finished Test ----------
 

2020-09-24T00:43:53+09:00 - INFO [report-builder]: ###all test results:### 

2020-09-24T00:43:53+09:00 - INFO [report-builder]: 
+------+-----------------+------+------+-----------+-------------+-------------+-------------+------------+
| Test | Name            | Succ | Fail | Send Rate | Max Latency | Min Latency | Avg Latency | Throughput |
|------|-----------------|------|------|-----------|-------------|-------------|-------------|------------|
| 1    | smallOperations | 2000 | 0    | 636.7 tps | 1.60 s      | 0.59 s      | 1.11 s      | 535.6 tps  |
+------+-----------------+------+------+-----------+-------------+-------------+-------------+------------+
 

2020-09-24T00:43:53+09:00 - INFO [monitor.js]: 
 ### resource stats (maximum) ### 

2020-09-24T00:43:53+09:00 - INFO [monitor.js]: 
+--------+-----------------------------------+-------------+----------+------------+-------------+-----------+------------+
| TYPE   | NAME                              | Memory(max) | CPU(max) | Traffic In | Traffic Out | Disc Read | Disc Write |
|--------|-----------------------------------|-------------|----------|------------|-------------|-----------|------------|
| Docker | dev-peer1.org2.example.co...nk-v0 | 20.4MB      | 15.48%   | 1.5MB      | 746.3KB     | 332.0KB   | 0B         |
|--------|-----------------------------------|-------------|----------|------------|-------------|-----------|------------|
| Docker | dev-peer0.org1.example.co...nk-v0 | 21.8MB      | 16.38%   | 1.3MB      | 687.5KB     | 152.0KB   | 0B         |
|--------|-----------------------------------|-------------|----------|------------|-------------|-----------|------------|
| Docker | dev-peer0.org2.example.co...nk-v0 | 21.8MB      | 16.60%   | 1.3MB      | 673.0KB     | 24.0KB    | 0B         |
|--------|-----------------------------------|-------------|----------|------------|-------------|-----------|------------|
| Docker | dev-peer1.org1.example.co...nk-v0 | 8.7MB       | 16.75%   | 1.4MB      | 703.3KB     | 0B        | 0B         |
|--------|-----------------------------------|-------------|----------|------------|-------------|-----------|------------|
| Docker | dev-peer0.org2.example.co...le-v0 | 18.7MB      | 0.00%    | 0B         | 0B          | 0B        | 0B         |
|--------|-----------------------------------|-------------|----------|------------|-------------|-----------|------------|
| Docker | dev-peer1.org2.example.co...le-v0 | 21.1MB      | 0.00%    | 107B       | 0B          | 0B        | 0B         |
|--------|-----------------------------------|-------------|----------|------------|-------------|-----------|------------|
| Docker | dev-peer0.org1.example.co...le-v0 | 20.7MB      | 0.00%    | 107B       | 0B          | 0B        | 0B         |
|--------|-----------------------------------|-------------|----------|------------|-------------|-----------|------------|
| Docker | dev-peer1.org1.example.co...le-v0 | 20.8MB      | 0.00%    | 0B         | 0B          | 0B        | 0B         |
|--------|-----------------------------------|-------------|----------|------------|-------------|-----------|------------|
| Docker | dev-peer1.org2.example.co...rm-v0 | 21.2MB      | 0.02%    | 0B         | 0B          | 0B        | 0B         |
|--------|-----------------------------------|-------------|----------|------------|-------------|-----------|------------|
| Docker | dev-peer0.org2.example.co...rm-v0 | 6.7MB       | 0.01%    | 0B         | 0B          | 0B        | 0B         |
|--------|-----------------------------------|-------------|----------|------------|-------------|-----------|------------|
| Docker | dev-peer0.org1.example.co...rm-v0 | 20.9MB      | 0.00%    | 0B         | 0B          | 0B        | 0B         |
|--------|-----------------------------------|-------------|----------|------------|-------------|-----------|------------|
| Docker | dev-peer1.org1.example.co...rm-v0 | 21.4MB      | 0.00%    | 0B         | 0B          | 0B        | 0B         |
|--------|-----------------------------------|-------------|----------|------------|-------------|-----------|------------|
| Docker | dev-peer0.org2.example.co...es-v0 | 6.9MB       | 0.00%    | 0B         | 0B          | 0B        | 0B         |
|--------|-----------------------------------|-------------|----------|------------|-------------|-----------|------------|
| Docker | dev-peer1.org2.example.co...es-v0 | 7.0MB       | 0.00%    | 0B         | 0B          | 0B        | 0B         |
|--------|-----------------------------------|-------------|----------|------------|-------------|-----------|------------|
| Docker | dev-peer1.org1.example.co...es-v0 | 7.0MB       | 0.00%    | 0B         | 0B          | 0B        | 0B         |
|--------|-----------------------------------|-------------|----------|------------|-------------|-----------|------------|
| Docker | dev-peer0.org1.example.co...es-v0 | 6.9MB       | 0.00%    | 0B         | 0B          | 0B        | 0B         |
|--------|-----------------------------------|-------------|----------|------------|-------------|-----------|------------|
| Docker | peer0.org2.example.com            | 115.0MB     | 193.56%  | 6.9MB      | 2.7MB       | 0B        | 11.5MB     |
|--------|-----------------------------------|-------------|----------|------------|-------------|-----------|------------|
| Docker | peer0.org1.example.com            | 120.1MB     | 202.62%  | 6.9MB      | 2.8MB       | 16.0KB    | 11.5MB     |
|--------|-----------------------------------|-------------|----------|------------|-------------|-----------|------------|
| Docker | peer1.org2.example.com            | 118.2MB     | 204.64%  | 6.9MB      | 2.7MB       | 0B        | 11.5MB     |
|--------|-----------------------------------|-------------|----------|------------|-------------|-----------|------------|
| Docker | peer1.org1.example.com            | 120.4MB     | 200.13%  | 7.0MB      | 2.9MB       | 40.0KB    | 11.5MB     |
|--------|-----------------------------------|-------------|----------|------------|-------------|-----------|------------|
| Docker | orderer0.example.com              | 52.8MB      | 104.12%  | 8.9MB      | 13.4MB      | 0B        | 14.6MB     |
|--------|-----------------------------------|-------------|----------|------------|-------------|-----------|------------|
| Docker | orderer1.example.com              | 49.3MB      | 94.80%   | 8.9MB      | 13.5MB      | 128.0KB   | 14.6MB     |
|--------|-----------------------------------|-------------|----------|------------|-------------|-----------|------------|
| Docker | kafka3                            | 316.1MB     | 1.42%    | 1.6KB      | 1.0KB       | 0B        | 4.0KB      |
|--------|-----------------------------------|-------------|----------|------------|-------------|-----------|------------|
| Docker | kafka0                            | 363.7MB     | 58.54%   | 5.7MB      | 126.8KB     | 0B        | 4.0KB      |
|--------|-----------------------------------|-------------|----------|------------|-------------|-----------|------------|
| Docker | kafka2                            | 364.7MB     | 240.58%  | 6.5MB      | 24.9MB      | 0B        | 4.0KB      |
|--------|-----------------------------------|-------------|----------|------------|-------------|-----------|------------|
| Docker | kafka1                            | 340.4MB     | 28.17%   | 5.7MB      | 120.8KB     | 0B        | 4.0KB      |
|--------|-----------------------------------|-------------|----------|------------|-------------|-----------|------------|
| Docker | ca.org2.example.com               | 9.9MB       | 0.00%    | 0B         | 0B          | 0B        | 0B         |
|--------|-----------------------------------|-------------|----------|------------|-------------|-----------|------------|
| Docker | zookeeper1                        | 50.0MB      | 0.12%    | 374B       | 172B        | 0B        | 0B         |
|--------|-----------------------------------|-------------|----------|------------|-------------|-----------|------------|
| Docker | zookeeper0                        | 51.9MB      | 0.20%    | 592B       | 368B        | 0B        | 0B         |
|--------|-----------------------------------|-------------|----------|------------|-------------|-----------|------------|
| Docker | ca.org1.example.com               | 9.9MB       | 0.00%    | 0B         | 0B          | 0B        | 0B         |
|--------|-----------------------------------|-------------|----------|------------|-------------|-----------|------------|
| Docker | zookeeper2                        | 58.9MB      | 0.25%    | 656B       | 780B        | 0B        | 0B         |
+--------+-----------------------------------+-------------+----------+------------+-------------+-----------+------------+
 

2020-09-24T00:43:53+09:00 - INFO [caliper-flow]: Generated report with path /home/oslab/caliper_v0.1.0/report-20200923T154353.html 

2020-09-24T00:43:53+09:00 - INFO [demo.js]: [Transaction Info] - Submitted: 2000 Succ: 2000 Fail:0 Unfinished:0 

2020-09-24T00:43:53+09:00 - INFO [caliper-flow]: 

#######################################
# Test summary: 1 succeeded, 0 failed #
#######################################
 

2020-09-24T00:43:53+09:00 - INFO [caliper-utils]: Executing command: cd /home/oslab/caliper_v0.1.0/caliper/packages/caliper-samples;docker-compose -f network/fabric-v1.4.1/kafka2o2pgoleveldb/docker-compose.yaml down;(test -z \"$(docker ps -aq)\") || docker rm $(docker ps -aq);(test -z \"$(docker images dev* -q)\") || docker rmi $(docker images dev* -q);rm -rf /tmp/hfc-* 

2020-09-24T00:43:53+09:00 - INFO [client-util.js]: Client exited with code null 

2020-09-24T00:43:53+09:00 - INFO [client-util.js]: Client exited with code null 

2020-09-24T00:43:53+09:00 - INFO [client-util.js]: Client exited with code null 

2020-09-24T00:43:53+09:00 - INFO [client-util.js]: Client exited with code null 

2020-09-24T00:43:53+09:00 - INFO [client-util.js]: Client exited with code null 

2020-09-24T00:57:47+09:00 - DEBUG Constructed a winston logger with the specified targets:
	{"consolelogger":{"target":"console","level":"info"},"filelogger":{"target":"daily-rotate-file","level":"debug","filename":"log/caliper-%DATE%.log","datePattern":"YYYY-MM-DD-HH","maxSize":"5m","zippedArchive":true}}

2020-09-24T00:57:48+09:00 - INFO [caliper-flow]: ####### Caliper Test ####### 

2020-09-24T00:57:48+09:00 - INFO [caliper-utils]: Executing command: cd /home/oslab/caliper_v0.1.0/caliper/packages/caliper-samples;docker-compose -f network/fabric-v1.4.1/kafka2o2pgoleveldb/docker-compose.yaml up -d;sleep 3s 

2020-09-24T00:58:11+09:00 - INFO [adapters/fabric]: Fabric SDK version: 1.4.4; TLS: none 

2020-09-24T00:58:12+09:00 - INFO [adapters/fabric]: Org1's registrar enrolled successfully 

2020-09-24T00:58:12+09:00 - INFO [adapters/fabric]: Org2's registrar enrolled successfully 

2020-09-24T00:58:12+09:00 - INFO [adapters/fabric]: Org1's admin's materials are successfully loaded 

2020-09-24T00:58:12+09:00 - INFO [adapters/fabric]: Org2's admin's materials are successfully loaded 

2020-09-24T00:58:12+09:00 - INFO [adapters/fabric]: client0.org1.example.com's materials are successfully loaded 

2020-09-24T00:58:12+09:00 - INFO [adapters/fabric]: client0.org2.example.com's materials are successfully loaded 

2020-09-24T00:58:12+09:00 - INFO [adapters/fabric]: Channel 'mychannel' definiton being retrieved from file 

2020-09-24T00:58:12+09:00 - INFO [adapters/fabric]: Channel 'mychannel' successfully created 

2020-09-24T00:58:12+09:00 - INFO [adapters/fabric]: Sleeping 5s... 

2020-09-24T00:58:17+09:00 - INFO [adapters/fabric]: Org1's peers successfully joined mychannel: peer0.org1.example.com,peer1.org1.example.com 

2020-09-24T00:58:18+09:00 - INFO [adapters/fabric]: Org2's peers successfully joined mychannel: peer0.org2.example.com,peer1.org2.example.com 

2020-09-24T00:58:18+09:00 - INFO [adapters/fabric]: Sleeping 5s... 

2020-09-24T00:58:23+09:00 - INFO [adapters/fabric]: Installing chaincodes for mychannel... 

2020-09-24T00:58:23+09:00 - INFO [adapters/fabric]: marbles@v0 successfully installed on Org1's peers: peer0.org1.example.com,peer1.org1.example.com 

2020-09-24T00:58:23+09:00 - INFO [adapters/fabric]: marbles@v0 successfully installed on Org2's peers: peer0.org2.example.com,peer1.org2.example.com 

2020-09-24T00:58:23+09:00 - INFO [adapters/fabric]: drm@v0 successfully installed on Org1's peers: peer0.org1.example.com,peer1.org1.example.com 

2020-09-24T00:58:23+09:00 - INFO [adapters/fabric]: drm@v0 successfully installed on Org2's peers: peer0.org2.example.com,peer1.org2.example.com 

2020-09-24T00:58:23+09:00 - INFO [adapters/fabric]: simple@v0 successfully installed on Org1's peers: peer0.org1.example.com,peer1.org1.example.com 

2020-09-24T00:58:23+09:00 - INFO [adapters/fabric]: simple@v0 successfully installed on Org2's peers: peer0.org2.example.com,peer1.org2.example.com 

2020-09-24T00:58:23+09:00 - INFO [adapters/fabric]: smallbank@v0 successfully installed on Org1's peers: peer0.org1.example.com,peer1.org1.example.com 

2020-09-24T00:58:23+09:00 - INFO [adapters/fabric]: smallbank@v0 successfully installed on Org2's peers: peer0.org2.example.com,peer1.org2.example.com 

2020-09-24T00:58:23+09:00 - INFO [adapters/fabric]: Instantiating marbles@v0 in mychannel. This might take some time... 

2020-09-24T00:58:50+09:00 - INFO [adapters/fabric]: Successfully instantiated marbles@v0 in mychannel 

2020-09-24T00:58:50+09:00 - INFO [adapters/fabric]: Instantiating drm@v0 in mychannel. This might take some time... 

2020-09-24T00:59:08+09:00 - INFO [adapters/fabric]: Successfully instantiated drm@v0 in mychannel 

2020-09-24T00:59:08+09:00 - INFO [adapters/fabric]: Instantiating simple@v0 in mychannel. This might take some time... 

2020-09-24T00:59:26+09:00 - INFO [adapters/fabric]: Successfully instantiated simple@v0 in mychannel 

2020-09-24T00:59:26+09:00 - INFO [adapters/fabric]: Instantiating smallbank@v0 in mychannel. This might take some time... 

2020-09-24T00:59:45+09:00 - INFO [adapters/fabric]: Successfully instantiated smallbank@v0 in mychannel 

2020-09-24T00:59:45+09:00 - INFO [adapters/fabric]: Sleeping 5s... 

2020-09-24T00:59:50+09:00 - INFO [caliper-flow]: Started monitor successfully 

2020-09-24T00:59:50+09:00 - INFO [defaultTest]: ####### Testing 'smallOperations' ####### 

2020-09-24T00:59:50+09:00 - INFO [defaultTest]: ------ Test round 1 ------ 

2020-09-24T00:59:50+09:00 - INFO [client-util.js]: Launching client with PID  9589 

2020-09-24T00:59:50+09:00 - INFO [client-util.js]: Launching client with PID  9594 

2020-09-24T00:59:50+09:00 - INFO [client-util.js]: Launching client with PID  9600 

2020-09-24T00:59:50+09:00 - INFO [client-util.js]: Launching client with PID  9604 

2020-09-24T00:59:50+09:00 - INFO [client-util.js]: Launching client with PID  9612 

2020-09-24T00:59:50+09:00 - INFO [client-util.js]: Waiting for 5 clients to be ready...  

2020-09-24T00:59:51+09:00 - INFO [demo.js]: [Transaction Info] - Submitted: 0 Succ: 0 Fail:0 Unfinished:0 

2020-09-24T00:59:50+09:00 - DEBUG Constructed a winston logger with the specified targets:
	{"consolelogger":{"target":"console","level":"info"},"filelogger":{"target":"daily-rotate-file","level":"debug","filename":"log/caliper-%DATE%.log","datePattern":"YYYY-MM-DD-HH","maxSize":"5m","zippedArchive":true}}

2020-09-24T00:59:50+09:00 - DEBUG Constructed a winston logger with the specified targets:
	{"consolelogger":{"target":"console","level":"info"},"filelogger":{"target":"daily-rotate-file","level":"debug","filename":"log/caliper-%DATE%.log","datePattern":"YYYY-MM-DD-HH","maxSize":"5m","zippedArchive":true}}

2020-09-24T00:59:50+09:00 - DEBUG Constructed a winston logger with the specified targets:
	{"consolelogger":{"target":"console","level":"info"},"filelogger":{"target":"daily-rotate-file","level":"debug","filename":"log/caliper-%DATE%.log","datePattern":"YYYY-MM-DD-HH","maxSize":"5m","zippedArchive":true}}

2020-09-24T00:59:50+09:00 - DEBUG Constructed a winston logger with the specified targets:
	{"consolelogger":{"target":"console","level":"info"},"filelogger":{"target":"daily-rotate-file","level":"debug","filename":"log/caliper-%DATE%.log","datePattern":"YYYY-MM-DD-HH","maxSize":"5m","zippedArchive":true}}

2020-09-24T00:59:50+09:00 - DEBUG Constructed a winston logger with the specified targets:
	{"consolelogger":{"target":"console","level":"info"},"filelogger":{"target":"daily-rotate-file","level":"debug","filename":"log/caliper-%DATE%.log","datePattern":"YYYY-MM-DD-HH","maxSize":"5m","zippedArchive":true}}

2020-09-24T00:59:51+09:00 - INFO [client-util.js]: Client ready message recieved 

2020-09-24T00:59:51+09:00 - INFO [fabric/fabricClientWorker]: Client ready 

2020-09-24T00:59:51+09:00 - INFO [client-util.js]: Client ready message recieved 

2020-09-24T00:59:51+09:00 - INFO [fabric/fabricClientWorker]: Client ready 

2020-09-24T00:59:52+09:00 - INFO [client-util.js]: Client ready message recieved 

2020-09-24T00:59:52+09:00 - INFO [fabric/fabricClientWorker]: Client ready 

2020-09-24T00:59:52+09:00 - INFO [fabric/fabricClientWorker]: Client ready 

2020-09-24T00:59:52+09:00 - INFO [client-util.js]: Client ready message recieved 

2020-09-24T00:59:52+09:00 - INFO [client-util.js]: Client ready message recieved 

2020-09-24T00:59:52+09:00 - INFO [client-util.js]: 5 clients ready, starting test phase 

2020-09-24T00:59:52+09:00 - INFO [fabric/fabricClientWorker]: Client ready 

2020-09-24T00:59:52+09:00 - DEBUG [local-client.js]: doTest() with:
	{"type":"test","label":"smallOperations","rateControl":{"type":"fixed-rate","opts":{"tps":2000}},"trim":0,"args":{"accounts":400,"txnPerBatch":1},"cb":"benchmark/smallbank/smallbankOperations.js","config":"/home/oslab/caliper_v0.1.0/caliper/packages/caliper-samples/network/fabric-v1.4.1/kafka2o2pgoleveldb/fabric-go.yaml","root":"/home/oslab/caliper_v0.1.0/caliper/packages/caliper-samples","numb":400,"roundIdx":1,"totalClients":5,"clients":5,"clientargs":{},"clientIdx":3}

2020-09-24T00:59:52+09:00 - DEBUG [local-client.js]: doTest() with:
	{"type":"test","label":"smallOperations","rateControl":{"type":"fixed-rate","opts":{"tps":2000}},"trim":0,"args":{"accounts":400,"txnPerBatch":1},"cb":"benchmark/smallbank/smallbankOperations.js","config":"/home/oslab/caliper_v0.1.0/caliper/packages/caliper-samples/network/fabric-v1.4.1/kafka2o2pgoleveldb/fabric-go.yaml","root":"/home/oslab/caliper_v0.1.0/caliper/packages/caliper-samples","numb":400,"roundIdx":1,"totalClients":5,"clients":5,"clientargs":{},"clientIdx":0}

2020-09-24T00:59:52+09:00 - DEBUG [local-client.js]: doTest() with:
	{"type":"test","label":"smallOperations","rateControl":{"type":"fixed-rate","opts":{"tps":2000}},"trim":0,"args":{"accounts":400,"txnPerBatch":1},"cb":"benchmark/smallbank/smallbankOperations.js","config":"/home/oslab/caliper_v0.1.0/caliper/packages/caliper-samples/network/fabric-v1.4.1/kafka2o2pgoleveldb/fabric-go.yaml","root":"/home/oslab/caliper_v0.1.0/caliper/packages/caliper-samples","numb":400,"roundIdx":1,"totalClients":5,"clients":5,"clientargs":{},"clientIdx":2}

2020-09-24T00:59:52+09:00 - DEBUG [local-client.js]: doTest() with:
	{"type":"test","label":"smallOperations","rateControl":{"type":"fixed-rate","opts":{"tps":2000}},"trim":0,"args":{"accounts":400,"txnPerBatch":1},"cb":"benchmark/smallbank/smallbankOperations.js","config":"/home/oslab/caliper_v0.1.0/caliper/packages/caliper-samples/network/fabric-v1.4.1/kafka2o2pgoleveldb/fabric-go.yaml","root":"/home/oslab/caliper_v0.1.0/caliper/packages/caliper-samples","numb":400,"roundIdx":1,"totalClients":5,"clients":5,"clientargs":{},"clientIdx":1}

2020-09-24T00:59:52+09:00 - DEBUG [local-client.js]: doTest() with:
	{"type":"test","label":"smallOperations","rateControl":{"type":"fixed-rate","opts":{"tps":2000}},"trim":0,"args":{"accounts":400,"txnPerBatch":1},"cb":"benchmark/smallbank/smallbankOperations.js","config":"/home/oslab/caliper_v0.1.0/caliper/packages/caliper-samples/network/fabric-v1.4.1/kafka2o2pgoleveldb/fabric-go.yaml","root":"/home/oslab/caliper_v0.1.0/caliper/packages/caliper-samples","numb":400,"roundIdx":1,"totalClients":5,"clients":5,"clientargs":{},"clientIdx":4}

2020-09-24T00:59:52+09:00 - INFO [local-client.js]: txUpdateTime: 1000 

2020-09-24T00:59:52+09:00 - INFO [local-client.js]: txUpdateTime: 1000 

2020-09-24T00:59:52+09:00 - INFO [local-client.js]: txUpdateTime: 1000 

2020-09-24T00:59:52+09:00 - INFO [local-client.js]: txUpdateTime: 1000 

2020-09-24T00:59:52+09:00 - INFO [local-client.js]: txUpdateTime: 1000 

2020-09-24T00:59:52+09:00 - INFO [local-client.js]: Info: client 9600 start test runFixedNumber():small_bank_operations 

2020-09-24T00:59:52+09:00 - DEBUG [rateControl.js]: Creating rate controller for client#2 for round#1
	{"type":"fixed-rate","opts":{"tps":2000}}

2020-09-24T00:59:52+09:00 - INFO [local-client.js]: Info: client 9604 start test runFixedNumber():small_bank_operations 

2020-09-24T00:59:52+09:00 - INFO [local-client.js]: Info: client 9589 start test runFixedNumber():small_bank_operations 

2020-09-24T00:59:52+09:00 - DEBUG [rateControl.js]: Creating rate controller for client#3 for round#1
	{"type":"fixed-rate","opts":{"tps":2000}}

2020-09-24T00:59:52+09:00 - DEBUG [rateControl.js]: Creating rate controller for client#0 for round#1
	{"type":"fixed-rate","opts":{"tps":2000}}

2020-09-24T00:59:52+09:00 - INFO [local-client.js]: Info: client 9612 start test runFixedNumber():small_bank_operations 

2020-09-24T00:59:52+09:00 - DEBUG [rateControl.js]: Creating rate controller for client#4 for round#1
	{"type":"fixed-rate","opts":{"tps":2000}}

2020-09-24T00:59:52+09:00 - INFO [local-client.js]: Info: client 9594 start test runFixedNumber():small_bank_operations 

2020-09-24T00:59:52+09:00 - DEBUG [rateControl.js]: Creating rate controller for client#1 for round#1
	{"type":"fixed-rate","opts":{"tps":2000}}

2020-09-24T00:59:52+09:00 - INFO [demo.js]: [Transaction Info] - Submitted: 0 Succ: 0 Fail:0 Unfinished:0 

2020-09-24T00:59:53+09:00 - INFO [demo.js]: [Transaction Info] - Submitted: 563 Succ: 0 Fail:0 Unfinished:563 

2020-09-24T00:59:54+09:00 - INFO [demo.js]: [Transaction Info] - Submitted: 1199 Succ: 597 Fail:0 Unfinished:602 

2020-09-24T00:59:55+09:00 - INFO [demo.js]: [Transaction Info] - Submitted: 1873 Succ: 1008 Fail:0 Unfinished:865 

2020-09-24T00:59:56+09:00 - DEBUG [report-builder]: r.create.max: 1600876795.267 r.create.min: 1600876792.158 r.final.max: 1600876795.919 r.final.min: 1600876793.479 r.final.last: 1600876795.919 

2020-09-24T00:59:56+09:00 - DEBUG [report-builder]:  throughput for only success time computed: 531.8 

2020-09-24T00:59:56+09:00 - DEBUG [report-builder]: sendTransactionProposal: 0ms length: 2000 

2020-09-24T00:59:56+09:00 - DEBUG [report-builder]: sendTransaction: 0ms 

2020-09-24T00:59:56+09:00 - DEBUG [report-builder]: invokeLatency: 0ms 

2020-09-24T00:59:56+09:00 - INFO [report-builder]: ###test result:### 

2020-09-24T00:59:56+09:00 - INFO [report-builder]: 
+-----------------+------+------+-----------+-------------+-------------+-------------+------------+
| Name            | Succ | Fail | Send Rate | Max Latency | Min Latency | Avg Latency | Throughput |
|-----------------|------|------|-----------|-------------|-------------|-------------|------------|
| smallOperations | 2000 | 0    | 643.3 tps | 1.59 s      | 0.65 s      | 1.11 s      | 531.8 tps  |
+-----------------+------+------+-----------+-------------+-------------+-------------+------------+
 

2020-09-24T00:59:56+09:00 - INFO [report-builder]: ### resource stats ### 

2020-09-24T00:59:56+09:00 - INFO [report-builder]: 
+--------+-----------------------------------+-------------+-------------+----------+----------+------------+-------------+-----------+------------+
| TYPE   | NAME                              | Memory(max) | Memory(avg) | CPU(max) | CPU(avg) | Traffic In | Traffic Out | Disc Read | Disc Write |
|--------|-----------------------------------|-------------|-------------|----------|----------|------------|-------------|-----------|------------|
| Docker | dev-peer0.org2.example.co...nk-v0 | 8.4MB       | 7.7MB       | 16.06%   | 8.03%    | 1.5MB      | 761.7KB     | 0B        | 0B         |
|--------|-----------------------------------|-------------|-------------|----------|----------|------------|-------------|-----------|------------|
| Docker | dev-peer1.org2.example.co...nk-v0 | 8.3MB       | 7.8MB       | 17.31%   | 12.85%   | 1.3MB      | 651.8KB     | 0B        | 0B         |
|--------|-----------------------------------|-------------|-------------|----------|----------|------------|-------------|-----------|------------|
| Docker | dev-peer0.org1.example.co...nk-v0 | 8.8MB       | 8.3MB       | 17.08%   | 12.68%   | 1.4MB      | 703.1KB     | 0B        | 0B         |
|--------|-----------------------------------|-------------|-------------|----------|----------|------------|-------------|-----------|------------|
| Docker | dev-peer1.org1.example.co...nk-v0 | 8.6MB       | 7.9MB       | 16.78%   | 12.27%   | 1.3MB      | 655.0KB     | 0B        | 0B         |
|--------|-----------------------------------|-------------|-------------|----------|----------|------------|-------------|-----------|------------|
| Docker | dev-peer1.org1.example.co...le-v0 | 6.8MB       | 6.8MB       | 0.00%    | 0.00%    | 0B         | 0B          | 0B        | 0B         |
|--------|-----------------------------------|-------------|-------------|----------|----------|------------|-------------|-----------|------------|
| Docker | dev-peer1.org2.example.co...le-v0 | 7.0MB       | 7.0MB       | 0.00%    | 0.00%    | 70B        | 0B          | 0B        | 0B         |
|--------|-----------------------------------|-------------|-------------|----------|----------|------------|-------------|-----------|------------|
| Docker | dev-peer0.org2.example.co...le-v0 | 7.3MB       | 7.3MB       | 0.00%    | 0.00%    | 0B         | 0B          | 0B        | 0B         |
|--------|-----------------------------------|-------------|-------------|----------|----------|------------|-------------|-----------|------------|
| Docker | dev-peer0.org1.example.co...le-v0 | 7.3MB       | 7.3MB       | 0.00%    | 0.00%    | 0B         | 0B          | 0B        | 0B         |
|--------|-----------------------------------|-------------|-------------|----------|----------|------------|-------------|-----------|------------|
| Docker | dev-peer1.org2.example.co...rm-v0 | 7.1MB       | 7.1MB       | 0.00%    | 0.00%    | 0B         | 0B          | 0B        | 0B         |
|--------|-----------------------------------|-------------|-------------|----------|----------|------------|-------------|-----------|------------|
| Docker | dev-peer0.org1.example.co...rm-v0 | 7.0MB       | 7.0MB       | 0.00%    | 0.00%    | 0B         | 0B          | 0B        | 0B         |
|--------|-----------------------------------|-------------|-------------|----------|----------|------------|-------------|-----------|------------|
| Docker | dev-peer0.org2.example.co...rm-v0 | 7.0MB       | 7.0MB       | 0.00%    | 0.00%    | 0B         | 0B          | 0B        | 0B         |
|--------|-----------------------------------|-------------|-------------|----------|----------|------------|-------------|-----------|------------|
| Docker | dev-peer1.org1.example.co...rm-v0 | 6.6MB       | 6.6MB       | 0.00%    | 0.00%    | 0B         | 0B          | 0B        | 0B         |
|--------|-----------------------------------|-------------|-------------|----------|----------|------------|-------------|-----------|------------|
| Docker | dev-peer1.org2.example.co...es-v0 | 6.9MB       | 6.9MB       | 0.00%    | 0.00%    | 107B       | 0B          | 0B        | 0B         |
|--------|-----------------------------------|-------------|-------------|----------|----------|------------|-------------|-----------|------------|
| Docker | dev-peer0.org1.example.co...es-v0 | 7.1MB       | 7.1MB       | 0.00%    | 0.00%    | 107B       | 0B          | 0B        | 0B         |
|--------|-----------------------------------|-------------|-------------|----------|----------|------------|-------------|-----------|------------|
| Docker | dev-peer0.org2.example.co...es-v0 | 6.8MB       | 6.8MB       | 0.00%    | 0.00%    | 107B       | 0B          | 0B        | 0B         |
|--------|-----------------------------------|-------------|-------------|----------|----------|------------|-------------|-----------|------------|
| Docker | dev-peer1.org1.example.co...es-v0 | 6.9MB       | 6.9MB       | 0.00%    | 0.00%    | 0B         | 0B          | 0B        | 0B         |
|--------|-----------------------------------|-------------|-------------|----------|----------|------------|-------------|-----------|------------|
| Docker | peer0.org2.example.com            | 166.2MB     | 161.9MB     | 198.01%  | 115.61%  | 6.8MB      | 2.7MB       | 0B        | 12.0MB     |
|--------|-----------------------------------|-------------|-------------|----------|----------|------------|-------------|-----------|------------|
| Docker | peer1.org2.example.com            | 150.3MB     | 146.1MB     | 191.48%  | 112.26%  | 6.8MB      | 2.7MB       | 0B        | 12.0MB     |
|--------|-----------------------------------|-------------|-------------|----------|----------|------------|-------------|-----------|------------|
| Docker | peer1.org1.example.com            | 183.2MB     | 166.9MB     | 198.36%  | 114.52%  | 6.9MB      | 2.9MB       | 0B        | 12.0MB     |
|--------|-----------------------------------|-------------|-------------|----------|----------|------------|-------------|-----------|------------|
| Docker | peer0.org1.example.com            | 183.8MB     | 173.0MB     | 208.95%  | 123.59%  | 6.9MB      | 2.9MB       | 0B        | 15.7MB     |
|--------|-----------------------------------|-------------|-------------|----------|----------|------------|-------------|-----------|------------|
| Docker | orderer1.example.com              | 39.6MB      | 29.2MB      | 105.20%  | 69.52%   | 8.8MB      | 8.2MB       | 48.0KB    | 15.0MB     |
|--------|-----------------------------------|-------------|-------------|----------|----------|------------|-------------|-----------|------------|
| Docker | orderer0.example.com              | 48.7MB      | 33.9MB      | 114.29%  | 73.26%   | 9.8MB      | 19.0MB      | 0B        | 15.0MB     |
|--------|-----------------------------------|-------------|-------------|----------|----------|------------|-------------|-----------|------------|
| Docker | kafka2                            | 360.8MB     | 355.5MB     | 23.14%   | 20.66%   | 5.8MB      | 117.9KB     | 0B        | 4.0KB      |
|--------|-----------------------------------|-------------|-------------|----------|----------|------------|-------------|-----------|------------|
| Docker | kafka0                            | 309.8MB     | 309.8MB     | 0.96%    | 0.78%    | 1.7KB      | 1.2KB       | 0B        | 4.0KB      |
|--------|-----------------------------------|-------------|-------------|----------|----------|------------|-------------|-----------|------------|
| Docker | kafka1                            | 369.4MB     | 357.8MB     | 206.34%  | 144.92%  | 6.8MB      | 25.6MB      | 0B        | 4.0KB      |
|--------|-----------------------------------|-------------|-------------|----------|----------|------------|-------------|-----------|------------|
| Docker | kafka3                            | 348.1MB     | 337.8MB     | 49.64%   | 31.54%   | 5.9MB      | 114.0KB     | 0B        | 4.0KB      |
|--------|-----------------------------------|-------------|-------------|----------|----------|------------|-------------|-----------|------------|
| Docker | zookeeper1                        | 49.1MB      | 49.1MB      | 0.19%    | 0.15%    | 304B       | 172B        | 0B        | 0B         |
|--------|-----------------------------------|-------------|-------------|----------|----------|------------|-------------|-----------|------------|
| Docker | ca.org2.example.com               | 11.7MB      | 11.7MB      | 0.00%    | 0.00%    | 0B         | 0B          | 0B        | 0B         |
|--------|-----------------------------------|-------------|-------------|----------|----------|------------|-------------|-----------|------------|
| Docker | zookeeper2                        | 55.8MB      | 55.8MB      | 0.15%    | 0.14%    | 800B       | 866B        | 0B        | 0B         |
|--------|-----------------------------------|-------------|-------------|----------|----------|------------|-------------|-----------|------------|
| Docker | zookeeper0                        | 58.1MB      | 58.1MB      | 0.18%    | 0.17%    | 880B       | 540B        | 0B        | 0B         |
|--------|-----------------------------------|-------------|-------------|----------|----------|------------|-------------|-----------|------------|
| Docker | ca.org1.example.com               | 10.1MB      | 10.1MB      | 0.00%    | 0.00%    | 70B        | 0B          | 0B        | 0B         |
|--------|-----------------------------------|-------------|-------------|----------|----------|------------|-------------|-----------|------------|
| Docker | sysbench                          | 18.0MB      | 18.0MB      | 0.00%    | 0.00%    | 0B         | 0B          | 0B        | 0B         |
+--------+-----------------------------------+-------------+-------------+----------+----------+------------+-------------+-----------+------------+
 

2020-09-24T00:59:56+09:00 - INFO [defaultTest]: ------ Passed 'smallOperations' testing ------ 

2020-09-24T00:59:56+09:00 - INFO [caliper-flow]: ---------- Finished Test ----------
 

2020-09-24T00:59:56+09:00 - INFO [report-builder]: ###all test results:### 

2020-09-24T00:59:56+09:00 - INFO [report-builder]: 
+------+-----------------+------+------+-----------+-------------+-------------+-------------+------------+
| Test | Name            | Succ | Fail | Send Rate | Max Latency | Min Latency | Avg Latency | Throughput |
|------|-----------------|------|------|-----------|-------------|-------------|-------------|------------|
| 1    | smallOperations | 2000 | 0    | 643.3 tps | 1.59 s      | 0.65 s      | 1.11 s      | 531.8 tps  |
+------+-----------------+------+------+-----------+-------------+-------------+-------------+------------+
 

2020-09-24T00:59:56+09:00 - INFO [monitor.js]: 
 ### resource stats (maximum) ### 

2020-09-24T00:59:56+09:00 - INFO [monitor.js]: 
+--------+-----------------------------------+-------------+----------+------------+-------------+-----------+------------+
| TYPE   | NAME                              | Memory(max) | CPU(max) | Traffic In | Traffic Out | Disc Read | Disc Write |
|--------|-----------------------------------|-------------|----------|------------|-------------|-----------|------------|
| Docker | dev-peer0.org2.example.co...nk-v0 | 8.4MB       | 16.06%   | 1.5MB      | 761.7KB     | 0B        | 0B         |
|--------|-----------------------------------|-------------|----------|------------|-------------|-----------|------------|
| Docker | dev-peer1.org2.example.co...nk-v0 | 8.3MB       | 17.31%   | 1.3MB      | 651.8KB     | 0B        | 0B         |
|--------|-----------------------------------|-------------|----------|------------|-------------|-----------|------------|
| Docker | dev-peer0.org1.example.co...nk-v0 | 8.8MB       | 17.08%   | 1.4MB      | 703.1KB     | 0B        | 0B         |
|--------|-----------------------------------|-------------|----------|------------|-------------|-----------|------------|
| Docker | dev-peer1.org1.example.co...nk-v0 | 8.6MB       | 16.78%   | 1.3MB      | 655.0KB     | 0B        | 0B         |
|--------|-----------------------------------|-------------|----------|------------|-------------|-----------|------------|
| Docker | dev-peer1.org1.example.co...le-v0 | 6.8MB       | 0.00%    | 0B         | 0B          | 0B        | 0B         |
|--------|-----------------------------------|-------------|----------|------------|-------------|-----------|------------|
| Docker | dev-peer1.org2.example.co...le-v0 | 7.0MB       | 0.00%    | 70B        | 0B          | 0B        | 0B         |
|--------|-----------------------------------|-------------|----------|------------|-------------|-----------|------------|
| Docker | dev-peer0.org2.example.co...le-v0 | 7.3MB       | 0.00%    | 0B         | 0B          | 0B        | 0B         |
|--------|-----------------------------------|-------------|----------|------------|-------------|-----------|------------|
| Docker | dev-peer0.org1.example.co...le-v0 | 7.3MB       | 0.00%    | 0B         | 0B          | 0B        | 0B         |
|--------|-----------------------------------|-------------|----------|------------|-------------|-----------|------------|
| Docker | dev-peer1.org2.example.co...rm-v0 | 7.1MB       | 0.00%    | 0B         | 0B          | 0B        | 0B         |
|--------|-----------------------------------|-------------|----------|------------|-------------|-----------|------------|
| Docker | dev-peer0.org1.example.co...rm-v0 | 7.0MB       | 0.00%    | 0B         | 0B          | 0B        | 0B         |
|--------|-----------------------------------|-------------|----------|------------|-------------|-----------|------------|
| Docker | dev-peer0.org2.example.co...rm-v0 | 7.0MB       | 0.00%    | 0B         | 0B          | 0B        | 0B         |
|--------|-----------------------------------|-------------|----------|------------|-------------|-----------|------------|
| Docker | dev-peer1.org1.example.co...rm-v0 | 6.6MB       | 0.00%    | 0B         | 0B          | 0B        | 0B         |
|--------|-----------------------------------|-------------|----------|------------|-------------|-----------|------------|
| Docker | dev-peer1.org2.example.co...es-v0 | 6.9MB       | 0.00%    | 107B       | 0B          | 0B        | 0B         |
|--------|-----------------------------------|-------------|----------|------------|-------------|-----------|------------|
| Docker | dev-peer0.org1.example.co...es-v0 | 7.1MB       | 0.00%    | 107B       | 0B          | 0B        | 0B         |
|--------|-----------------------------------|-------------|----------|------------|-------------|-----------|------------|
| Docker | dev-peer0.org2.example.co...es-v0 | 6.8MB       | 0.00%    | 107B       | 0B          | 0B        | 0B         |
|--------|-----------------------------------|-------------|----------|------------|-------------|-----------|------------|
| Docker | dev-peer1.org1.example.co...es-v0 | 6.9MB       | 0.00%    | 0B         | 0B          | 0B        | 0B         |
|--------|-----------------------------------|-------------|----------|------------|-------------|-----------|------------|
| Docker | peer0.org2.example.com            | 166.2MB     | 198.01%  | 6.8MB      | 2.7MB       | 0B        | 12.0MB     |
|--------|-----------------------------------|-------------|----------|------------|-------------|-----------|------------|
| Docker | peer1.org2.example.com            | 150.3MB     | 191.48%  | 6.8MB      | 2.7MB       | 0B        | 12.0MB     |
|--------|-----------------------------------|-------------|----------|------------|-------------|-----------|------------|
| Docker | peer1.org1.example.com            | 183.2MB     | 198.36%  | 6.9MB      | 2.9MB       | 0B        | 12.0MB     |
|--------|-----------------------------------|-------------|----------|------------|-------------|-----------|------------|
| Docker | peer0.org1.example.com            | 183.8MB     | 208.95%  | 6.9MB      | 2.9MB       | 0B        | 15.7MB     |
|--------|-----------------------------------|-------------|----------|------------|-------------|-----------|------------|
| Docker | orderer1.example.com              | 39.6MB      | 105.20%  | 8.8MB      | 8.2MB       | 48.0KB    | 15.0MB     |
|--------|-----------------------------------|-------------|----------|------------|-------------|-----------|------------|
| Docker | orderer0.example.com              | 48.7MB      | 114.29%  | 9.8MB      | 19.0MB      | 0B        | 15.0MB     |
|--------|-----------------------------------|-------------|----------|------------|-------------|-----------|------------|
| Docker | kafka2                            | 360.8MB     | 23.14%   | 5.8MB      | 117.9KB     | 0B        | 4.0KB      |
|--------|-----------------------------------|-------------|----------|------------|-------------|-----------|------------|
| Docker | kafka0                            | 309.8MB     | 0.96%    | 1.7KB      | 1.2KB       | 0B        | 4.0KB      |
|--------|-----------------------------------|-------------|----------|------------|-------------|-----------|------------|
| Docker | kafka1                            | 369.4MB     | 206.34%  | 6.8MB      | 25.6MB      | 0B        | 4.0KB      |
|--------|-----------------------------------|-------------|----------|------------|-------------|-----------|------------|
| Docker | kafka3                            | 348.1MB     | 49.64%   | 5.9MB      | 114.0KB     | 0B        | 4.0KB      |
|--------|-----------------------------------|-------------|----------|------------|-------------|-----------|------------|
| Docker | zookeeper1                        | 49.1MB      | 0.19%    | 304B       | 172B        | 0B        | 0B         |
|--------|-----------------------------------|-------------|----------|------------|-------------|-----------|------------|
| Docker | ca.org2.example.com               | 11.7MB      | 0.00%    | 0B         | 0B          | 0B        | 0B         |
|--------|-----------------------------------|-------------|----------|------------|-------------|-----------|------------|
| Docker | zookeeper2                        | 55.8MB      | 0.15%    | 800B       | 866B        | 0B        | 0B         |
|--------|-----------------------------------|-------------|----------|------------|-------------|-----------|------------|
| Docker | zookeeper0                        | 58.1MB      | 0.18%    | 880B       | 540B        | 0B        | 0B         |
|--------|-----------------------------------|-------------|----------|------------|-------------|-----------|------------|
| Docker | ca.org1.example.com               | 10.1MB      | 0.00%    | 70B        | 0B          | 0B        | 0B         |
|--------|-----------------------------------|-------------|----------|------------|-------------|-----------|------------|
| Docker | sysbench                          | 18.0MB      | 0.00%    | 0B         | 0B          | 0B        | 0B         |
+--------+-----------------------------------+-------------+----------+------------+-------------+-----------+------------+
 

2020-09-24T00:59:56+09:00 - INFO [caliper-flow]: Generated report with path /home/oslab/caliper_v0.1.0/report-20200923T155956.html 

2020-09-24T00:59:56+09:00 - INFO [demo.js]: [Transaction Info] - Submitted: 2000 Succ: 2000 Fail:0 Unfinished:0 

2020-09-24T00:59:56+09:00 - INFO [caliper-flow]: 

#######################################
# Test summary: 1 succeeded, 0 failed #
#######################################
 

2020-09-24T00:59:56+09:00 - INFO [caliper-utils]: Executing command: cd /home/oslab/caliper_v0.1.0/caliper/packages/caliper-samples;docker-compose -f network/fabric-v1.4.1/kafka2o2pgoleveldb/docker-compose.yaml down;(test -z \"$(docker ps -aq)\") || docker rm $(docker ps -aq);(test -z \"$(docker images dev* -q)\") || docker rmi $(docker images dev* -q);rm -rf /tmp/hfc-* 

2020-09-24T00:59:56+09:00 - INFO [client-util.js]: Client exited with code null 

2020-09-24T00:59:56+09:00 - INFO [client-util.js]: Client exited with code null 

2020-09-24T00:59:56+09:00 - INFO [client-util.js]: Client exited with code null 

2020-09-24T00:59:56+09:00 - INFO [client-util.js]: Client exited with code null 

2020-09-24T00:59:56+09:00 - INFO [client-util.js]: Client exited with code null 

