2020-09-24T13:25:18+09:00 - DEBUG Constructed a winston logger with the specified targets:
	{"consolelogger":{"target":"console","level":"info"},"filelogger":{"target":"daily-rotate-file","level":"debug","filename":"log/caliper-%DATE%.log","datePattern":"YYYY-MM-DD-HH","maxSize":"5m","zippedArchive":true}}

2020-09-24T13:25:19+09:00 - INFO [caliper-flow]: ####### Caliper Test ####### 

2020-09-24T13:25:19+09:00 - INFO [caliper-flow]: Skipping start commands due to benchmark flow conditioning 

2020-09-24T13:25:19+09:00 - INFO [caliper-flow]: Skipping initialization phase due to benchmark flow conditioning 

2020-09-24T13:25:19+09:00 - INFO [caliper-flow]: Skipping install smart contract phase due to benchmark flow conditioning 

2020-09-24T13:25:19+09:00 - INFO [caliper-flow]: Skipping benchmark test phase due to benchmark flow conditioning 

2020-09-24T13:25:19+09:00 - INFO [caliper-utils]: Executing command: cd /home/oslab/caliper_v0.1.0/caliper/packages/caliper-samples;docker-compose -f network/fabric-v1.4.1/kafka2o2pgoleveldb/docker-compose.yaml down;(test -z \"$(docker ps -aq)\") || docker rm $(docker ps -aq);(test -z \"$(docker images dev* -q)\") || docker rmi $(docker images dev* -q);rm -rf /tmp/hfc-* 

2020-09-24T13:57:41+09:00 - DEBUG Constructed a winston logger with the specified targets:
	{"consolelogger":{"target":"console","level":"info"},"filelogger":{"target":"daily-rotate-file","level":"debug","filename":"log/caliper-%DATE%.log","datePattern":"YYYY-MM-DD-HH","maxSize":"5m","zippedArchive":true}}

2020-09-24T13:57:42+09:00 - INFO [caliper-flow]: ####### Caliper Test ####### 

2020-09-24T13:57:42+09:00 - INFO [caliper-utils]: Executing command: cd /home/oslab/caliper_v0.1.0/caliper/packages/caliper-samples;docker-compose -f network/fabric-v1.4.1/kafka2o2pgoleveldb/docker-compose.yaml up -d;sleep 3s 

2020-09-24T13:58:05+09:00 - INFO [adapters/fabric]: Fabric SDK version: 1.4.4; TLS: none 

2020-09-24T13:58:05+09:00 - INFO [adapters/fabric]: Org1's registrar enrolled successfully 

2020-09-24T13:58:05+09:00 - INFO [adapters/fabric]: Org2's registrar enrolled successfully 

2020-09-24T13:58:05+09:00 - INFO [adapters/fabric]: Org1's admin's materials are successfully loaded 

2020-09-24T13:58:05+09:00 - INFO [adapters/fabric]: Org2's admin's materials are successfully loaded 

2020-09-24T13:58:05+09:00 - INFO [adapters/fabric]: client0.org1.example.com's materials are successfully loaded 

2020-09-24T13:58:05+09:00 - INFO [adapters/fabric]: client0.org2.example.com's materials are successfully loaded 

2020-09-24T13:58:05+09:00 - INFO [adapters/fabric]: Channel 'mychannel' definiton being retrieved from file 

2020-09-24T13:58:05+09:00 - INFO [adapters/fabric]: Channel 'mychannel' successfully created 

2020-09-24T13:58:05+09:00 - INFO [adapters/fabric]: Sleeping 5s... 

2020-09-24T13:58:11+09:00 - INFO [adapters/fabric]: Org1's peers successfully joined mychannel: peer0.org1.example.com,peer1.org1.example.com 

2020-09-24T13:58:11+09:00 - INFO [adapters/fabric]: Org2's peers successfully joined mychannel: peer0.org2.example.com,peer1.org2.example.com 

2020-09-24T13:58:11+09:00 - INFO [adapters/fabric]: Sleeping 5s... 

2020-09-24T13:58:16+09:00 - INFO [adapters/fabric]: Installing chaincodes for mychannel... 

2020-09-24T13:58:16+09:00 - INFO [adapters/fabric]: marbles@v0 successfully installed on Org1's peers: peer0.org1.example.com,peer1.org1.example.com 

2020-09-24T13:58:16+09:00 - INFO [adapters/fabric]: marbles@v0 successfully installed on Org2's peers: peer0.org2.example.com,peer1.org2.example.com 

2020-09-24T13:58:16+09:00 - INFO [adapters/fabric]: drm@v0 successfully installed on Org1's peers: peer0.org1.example.com,peer1.org1.example.com 

2020-09-24T13:58:16+09:00 - INFO [adapters/fabric]: drm@v0 successfully installed on Org2's peers: peer0.org2.example.com,peer1.org2.example.com 

2020-09-24T13:58:16+09:00 - INFO [adapters/fabric]: simple@v0 successfully installed on Org1's peers: peer0.org1.example.com,peer1.org1.example.com 

2020-09-24T13:58:16+09:00 - INFO [adapters/fabric]: simple@v0 successfully installed on Org2's peers: peer0.org2.example.com,peer1.org2.example.com 

2020-09-24T13:58:16+09:00 - INFO [adapters/fabric]: smallbank@v0 successfully installed on Org1's peers: peer0.org1.example.com,peer1.org1.example.com 

2020-09-24T13:58:16+09:00 - INFO [adapters/fabric]: smallbank@v0 successfully installed on Org2's peers: peer0.org2.example.com,peer1.org2.example.com 

2020-09-24T13:58:16+09:00 - INFO [adapters/fabric]: Instantiating marbles@v0 in mychannel. This might take some time... 

2020-09-24T13:58:34+09:00 - INFO [adapters/fabric]: Successfully instantiated marbles@v0 in mychannel 

2020-09-24T13:58:34+09:00 - INFO [adapters/fabric]: Instantiating drm@v0 in mychannel. This might take some time... 

2020-09-24T13:58:51+09:00 - INFO [adapters/fabric]: Successfully instantiated drm@v0 in mychannel 

2020-09-24T13:58:51+09:00 - INFO [adapters/fabric]: Instantiating simple@v0 in mychannel. This might take some time... 

2020-09-24T13:59:09+09:00 - INFO [adapters/fabric]: Successfully instantiated simple@v0 in mychannel 

2020-09-24T13:59:09+09:00 - INFO [adapters/fabric]: Instantiating smallbank@v0 in mychannel. This might take some time... 

2020-09-24T13:59:27+09:00 - INFO [adapters/fabric]: Successfully instantiated smallbank@v0 in mychannel 

2020-09-24T13:59:27+09:00 - INFO [adapters/fabric]: Sleeping 5s... 

2020-09-24T13:59:32+09:00 - INFO [caliper-flow]: Started monitor successfully 

2020-09-24T13:59:32+09:00 - INFO [defaultTest]: ####### Testing 'smallOperations' ####### 

2020-09-24T13:59:32+09:00 - INFO [defaultTest]: ------ Test round 1 ------ 

2020-09-24T13:59:32+09:00 - INFO [client-util.js]: Launching client with PID  28137 

2020-09-24T13:59:32+09:00 - INFO [client-util.js]: Launching client with PID  28143 

2020-09-24T13:59:32+09:00 - INFO [client-util.js]: Launching client with PID  28149 

2020-09-24T13:59:32+09:00 - INFO [client-util.js]: Launching client with PID  28154 

2020-09-24T13:59:32+09:00 - INFO [client-util.js]: Launching client with PID  28160 

2020-09-24T13:59:32+09:00 - INFO [client-util.js]: Waiting for 5 clients to be ready...  

2020-09-24T13:59:33+09:00 - INFO [demo.js]: [Transaction Info] - Submitted: 0 Succ: 0 Fail:0 Unfinished:0 

2020-09-24T13:59:32+09:00 - DEBUG Constructed a winston logger with the specified targets:
	{"consolelogger":{"target":"console","level":"info"},"filelogger":{"target":"daily-rotate-file","level":"debug","filename":"log/caliper-%DATE%.log","datePattern":"YYYY-MM-DD-HH","maxSize":"5m","zippedArchive":true}}

2020-09-24T13:59:32+09:00 - DEBUG Constructed a winston logger with the specified targets:
	{"consolelogger":{"target":"console","level":"info"},"filelogger":{"target":"daily-rotate-file","level":"debug","filename":"log/caliper-%DATE%.log","datePattern":"YYYY-MM-DD-HH","maxSize":"5m","zippedArchive":true}}

2020-09-24T13:59:32+09:00 - DEBUG Constructed a winston logger with the specified targets:
	{"consolelogger":{"target":"console","level":"info"},"filelogger":{"target":"daily-rotate-file","level":"debug","filename":"log/caliper-%DATE%.log","datePattern":"YYYY-MM-DD-HH","maxSize":"5m","zippedArchive":true}}

2020-09-24T13:59:32+09:00 - DEBUG Constructed a winston logger with the specified targets:
	{"consolelogger":{"target":"console","level":"info"},"filelogger":{"target":"daily-rotate-file","level":"debug","filename":"log/caliper-%DATE%.log","datePattern":"YYYY-MM-DD-HH","maxSize":"5m","zippedArchive":true}}

2020-09-24T13:59:32+09:00 - DEBUG Constructed a winston logger with the specified targets:
	{"consolelogger":{"target":"console","level":"info"},"filelogger":{"target":"daily-rotate-file","level":"debug","filename":"log/caliper-%DATE%.log","datePattern":"YYYY-MM-DD-HH","maxSize":"5m","zippedArchive":true}}

2020-09-24T13:59:33+09:00 - INFO [client-util.js]: Client ready message recieved 

2020-09-24T13:59:33+09:00 - INFO [fabric/fabricClientWorker]: Client ready 

2020-09-24T13:59:33+09:00 - INFO [client-util.js]: Client ready message recieved 

2020-09-24T13:59:33+09:00 - INFO [client-util.js]: Client ready message recieved 

2020-09-24T13:59:33+09:00 - INFO [fabric/fabricClientWorker]: Client ready 

2020-09-24T13:59:33+09:00 - INFO [fabric/fabricClientWorker]: Client ready 

2020-09-24T13:59:33+09:00 - INFO [client-util.js]: Client ready message recieved 

2020-09-24T13:59:33+09:00 - INFO [fabric/fabricClientWorker]: Client ready 

2020-09-24T13:59:33+09:00 - INFO [client-util.js]: Client ready message recieved 

2020-09-24T13:59:33+09:00 - INFO [client-util.js]: 5 clients ready, starting test phase 

2020-09-24T13:59:33+09:00 - INFO [fabric/fabricClientWorker]: Client ready 

2020-09-24T13:59:33+09:00 - DEBUG [local-client.js]: doTest() with:
	{"type":"test","label":"smallOperations","rateControl":{"type":"fixed-rate","opts":{"tps":2000}},"trim":0,"args":{"accounts":400,"txnPerBatch":1},"cb":"benchmark/smallbank/smallbankOperations.js","config":"/home/oslab/caliper_v0.1.0/caliper/packages/caliper-samples/network/fabric-v1.4.1/kafka2o2pgoleveldb/fabric-go.yaml","root":"/home/oslab/caliper_v0.1.0/caliper/packages/caliper-samples","numb":400,"roundIdx":1,"totalClients":5,"clients":5,"clientargs":{},"clientIdx":0}

2020-09-24T13:59:33+09:00 - DEBUG [local-client.js]: doTest() with:
	{"type":"test","label":"smallOperations","rateControl":{"type":"fixed-rate","opts":{"tps":2000}},"trim":0,"args":{"accounts":400,"txnPerBatch":1},"cb":"benchmark/smallbank/smallbankOperations.js","config":"/home/oslab/caliper_v0.1.0/caliper/packages/caliper-samples/network/fabric-v1.4.1/kafka2o2pgoleveldb/fabric-go.yaml","root":"/home/oslab/caliper_v0.1.0/caliper/packages/caliper-samples","numb":400,"roundIdx":1,"totalClients":5,"clients":5,"clientargs":{},"clientIdx":2}

2020-09-24T13:59:33+09:00 - DEBUG [local-client.js]: doTest() with:
	{"type":"test","label":"smallOperations","rateControl":{"type":"fixed-rate","opts":{"tps":2000}},"trim":0,"args":{"accounts":400,"txnPerBatch":1},"cb":"benchmark/smallbank/smallbankOperations.js","config":"/home/oslab/caliper_v0.1.0/caliper/packages/caliper-samples/network/fabric-v1.4.1/kafka2o2pgoleveldb/fabric-go.yaml","root":"/home/oslab/caliper_v0.1.0/caliper/packages/caliper-samples","numb":400,"roundIdx":1,"totalClients":5,"clients":5,"clientargs":{},"clientIdx":3}

2020-09-24T13:59:33+09:00 - DEBUG [local-client.js]: doTest() with:
	{"type":"test","label":"smallOperations","rateControl":{"type":"fixed-rate","opts":{"tps":2000}},"trim":0,"args":{"accounts":400,"txnPerBatch":1},"cb":"benchmark/smallbank/smallbankOperations.js","config":"/home/oslab/caliper_v0.1.0/caliper/packages/caliper-samples/network/fabric-v1.4.1/kafka2o2pgoleveldb/fabric-go.yaml","root":"/home/oslab/caliper_v0.1.0/caliper/packages/caliper-samples","numb":400,"roundIdx":1,"totalClients":5,"clients":5,"clientargs":{},"clientIdx":4}

2020-09-24T13:59:33+09:00 - DEBUG [local-client.js]: doTest() with:
	{"type":"test","label":"smallOperations","rateControl":{"type":"fixed-rate","opts":{"tps":2000}},"trim":0,"args":{"accounts":400,"txnPerBatch":1},"cb":"benchmark/smallbank/smallbankOperations.js","config":"/home/oslab/caliper_v0.1.0/caliper/packages/caliper-samples/network/fabric-v1.4.1/kafka2o2pgoleveldb/fabric-go.yaml","root":"/home/oslab/caliper_v0.1.0/caliper/packages/caliper-samples","numb":400,"roundIdx":1,"totalClients":5,"clients":5,"clientargs":{},"clientIdx":1}

2020-09-24T13:59:33+09:00 - INFO [local-client.js]: txUpdateTime: 1000 

2020-09-24T13:59:33+09:00 - INFO [local-client.js]: txUpdateTime: 1000 

2020-09-24T13:59:33+09:00 - INFO [local-client.js]: txUpdateTime: 1000 

2020-09-24T13:59:33+09:00 - INFO [local-client.js]: txUpdateTime: 1000 

2020-09-24T13:59:33+09:00 - INFO [local-client.js]: txUpdateTime: 1000 

2020-09-24T13:59:34+09:00 - INFO [local-client.js]: Info: client 28137 start test runFixedNumber():small_bank_operations 

2020-09-24T13:59:34+09:00 - DEBUG [rateControl.js]: Creating rate controller for client#0 for round#1
	{"type":"fixed-rate","opts":{"tps":2000}}

2020-09-24T13:59:34+09:00 - INFO [local-client.js]: Info: client 28154 start test runFixedNumber():small_bank_operations 

2020-09-24T13:59:34+09:00 - INFO [local-client.js]: Info: client 28160 start test runFixedNumber():small_bank_operations 

2020-09-24T13:59:34+09:00 - DEBUG [rateControl.js]: Creating rate controller for client#3 for round#1
	{"type":"fixed-rate","opts":{"tps":2000}}

2020-09-24T13:59:34+09:00 - DEBUG [rateControl.js]: Creating rate controller for client#4 for round#1
	{"type":"fixed-rate","opts":{"tps":2000}}

2020-09-24T13:59:34+09:00 - INFO [local-client.js]: Info: client 28149 start test runFixedNumber():small_bank_operations 

2020-09-24T13:59:34+09:00 - DEBUG [rateControl.js]: Creating rate controller for client#2 for round#1
	{"type":"fixed-rate","opts":{"tps":2000}}

2020-09-24T13:59:34+09:00 - INFO [local-client.js]: Info: client 28143 start test runFixedNumber():small_bank_operations 

2020-09-24T13:59:34+09:00 - DEBUG [rateControl.js]: Creating rate controller for client#1 for round#1
	{"type":"fixed-rate","opts":{"tps":2000}}

2020-09-24T13:59:34+09:00 - INFO [demo.js]: [Transaction Info] - Submitted: 0 Succ: 0 Fail:0 Unfinished:0 

2020-09-24T13:59:35+09:00 - INFO [demo.js]: [Transaction Info] - Submitted: 532 Succ: 0 Fail:0 Unfinished:532 

2020-09-24T13:59:36+09:00 - INFO [demo.js]: [Transaction Info] - Submitted: 1197 Succ: 305 Fail:0 Unfinished:892 

2020-09-24T13:59:37+09:00 - INFO [demo.js]: [Transaction Info] - Submitted: 1894 Succ: 988 Fail:0 Unfinished:906 

2020-09-24T13:59:37+09:00 - DEBUG [report-builder]: r.create.max: 1600923577.181 r.create.min: 1600923574.022 r.final.max: 1600923577.744 r.final.min: 1600923575.242 r.final.last: 1600923577.744 

2020-09-24T13:59:37+09:00 - DEBUG [report-builder]:  throughput for only success time computed: 537.3 

2020-09-24T13:59:37+09:00 - DEBUG [report-builder]: sendTransactionProposal: 0ms length: 2000 

2020-09-24T13:59:37+09:00 - DEBUG [report-builder]: sendTransaction: 0ms 

2020-09-24T13:59:37+09:00 - DEBUG [report-builder]: invokeLatency: 0ms 

2020-09-24T13:59:37+09:00 - INFO [report-builder]: ###test result:### 

2020-09-24T13:59:37+09:00 - INFO [report-builder]: 
+-----------------+------+------+-----------+-------------+-------------+-------------+------------+
| Name            | Succ | Fail | Send Rate | Max Latency | Min Latency | Avg Latency | Throughput |
|-----------------|------|------|-----------|-------------|-------------|-------------|------------|
| smallOperations | 2000 | 0    | 633.1 tps | 1.61 s      | 0.56 s      | 1.09 s      | 537.3 tps  |
+-----------------+------+------+-----------+-------------+-------------+-------------+------------+
 

2020-09-24T13:59:37+09:00 - INFO [report-builder]: ### resource stats ### 

2020-09-24T13:59:37+09:00 - INFO [report-builder]: 
+--------+-----------------------------------+-------------+-------------+----------+----------+------------+-------------+-----------+------------+
| TYPE   | NAME                              | Memory(max) | Memory(avg) | CPU(max) | CPU(avg) | Traffic In | Traffic Out | Disc Read | Disc Write |
|--------|-----------------------------------|-------------|-------------|----------|----------|------------|-------------|-----------|------------|
| Docker | dev-peer0.org2.example.co...nk-v0 | 8.3MB       | 7.6MB       | 17.71%   | 8.85%    | 1.6MB      | 824.2KB     | 0B        | 0B         |
|--------|-----------------------------------|-------------|-------------|----------|----------|------------|-------------|-----------|------------|
| Docker | dev-peer0.org1.example.co...nk-v0 | 8.5MB       | 7.9MB       | 16.60%   | 11.57%   | 1.3MB      | 672.1KB     | 0B        | 0B         |
|--------|-----------------------------------|-------------|-------------|----------|----------|------------|-------------|-----------|------------|
| Docker | dev-peer1.org2.example.co...nk-v0 | 8.4MB       | 7.8MB       | 16.91%   | 11.54%   | 1.3MB      | 681.3KB     | 0B        | 0B         |
|--------|-----------------------------------|-------------|-------------|----------|----------|------------|-------------|-----------|------------|
| Docker | dev-peer1.org1.example.co...nk-v0 | 8.8MB       | 8.2MB       | 17.47%   | 11.29%   | 1.4MB      | 729.1KB     | 0B        | 0B         |
|--------|-----------------------------------|-------------|-------------|----------|----------|------------|-------------|-----------|------------|
| Docker | dev-peer0.org2.example.co...le-v0 | 6.9MB       | 6.9MB       | 0.00%    | 0.00%    | 0B         | 0B          | 0B        | 0B         |
|--------|-----------------------------------|-------------|-------------|----------|----------|------------|-------------|-----------|------------|
| Docker | dev-peer1.org1.example.co...le-v0 | 7.2MB       | 7.2MB       | 0.00%    | 0.00%    | 70B        | 0B          | 0B        | 0B         |
|--------|-----------------------------------|-------------|-------------|----------|----------|------------|-------------|-----------|------------|
| Docker | dev-peer0.org1.example.co...le-v0 | 7.2MB       | 7.2MB       | 0.00%    | 0.00%    | 0B         | 0B          | 0B        | 0B         |
|--------|-----------------------------------|-------------|-------------|----------|----------|------------|-------------|-----------|------------|
| Docker | dev-peer1.org2.example.co...le-v0 | 7.1MB       | 7.1MB       | 0.00%    | 0.00%    | 70B        | 0B          | 0B        | 0B         |
|--------|-----------------------------------|-------------|-------------|----------|----------|------------|-------------|-----------|------------|
| Docker | dev-peer1.org2.example.co...rm-v0 | 7.0MB       | 7.0MB       | 0.00%    | 0.00%    | 0B         | 0B          | 0B        | 0B         |
|--------|-----------------------------------|-------------|-------------|----------|----------|------------|-------------|-----------|------------|
| Docker | dev-peer0.org1.example.co...rm-v0 | 6.8MB       | 6.8MB       | 0.00%    | 0.00%    | 0B         | 0B          | 0B        | 0B         |
|--------|-----------------------------------|-------------|-------------|----------|----------|------------|-------------|-----------|------------|
| Docker | dev-peer0.org2.example.co...rm-v0 | 7.2MB       | 7.2MB       | 0.00%    | 0.00%    | 0B         | 0B          | 0B        | 0B         |
|--------|-----------------------------------|-------------|-------------|----------|----------|------------|-------------|-----------|------------|
| Docker | dev-peer1.org1.example.co...rm-v0 | 6.7MB       | 6.7MB       | 0.00%    | 0.00%    | 0B         | 0B          | 0B        | 0B         |
|--------|-----------------------------------|-------------|-------------|----------|----------|------------|-------------|-----------|------------|
| Docker | dev-peer1.org1.example.co...es-v0 | 7.0MB       | 7.0MB       | 0.00%    | 0.00%    | 0B         | 0B          | 0B        | 0B         |
|--------|-----------------------------------|-------------|-------------|----------|----------|------------|-------------|-----------|------------|
| Docker | dev-peer0.org1.example.co...es-v0 | 7.0MB       | 7.0MB       | 0.01%    | 0.00%    | 0B         | 0B          | 0B        | 0B         |
|--------|-----------------------------------|-------------|-------------|----------|----------|------------|-------------|-----------|------------|
| Docker | dev-peer0.org2.example.co...es-v0 | 7.4MB       | 7.4MB       | 0.00%    | 0.00%    | 203B       | 0B          | 0B        | 0B         |
|--------|-----------------------------------|-------------|-------------|----------|----------|------------|-------------|-----------|------------|
| Docker | dev-peer1.org2.example.co...es-v0 | 6.8MB       | 6.8MB       | 0.00%    | 0.00%    | 203B       | 0B          | 0B        | 0B         |
|--------|-----------------------------------|-------------|-------------|----------|----------|------------|-------------|-----------|------------|
| Docker | peer0.org2.example.com            | 182.4MB     | 172.8MB     | 198.14%  | 112.50%  | 7.1MB      | 2.9MB       | 0B        | 10.7MB     |
|--------|-----------------------------------|-------------|-------------|----------|----------|------------|-------------|-----------|------------|
| Docker | peer0.org1.example.com            | 181.8MB     | 172.5MB     | 198.88%  | 116.29%  | 7.1MB      | 2.9MB       | 0B        | 10.7MB     |
|--------|-----------------------------------|-------------|-------------|----------|----------|------------|-------------|-----------|------------|
| Docker | peer1.org2.example.com            | 158.5MB     | 154.4MB     | 199.64%  | 114.68%  | 7.0MB      | 2.8MB       | 0B        | 10.7MB     |
|--------|-----------------------------------|-------------|-------------|----------|----------|------------|-------------|-----------|------------|
| Docker | peer1.org1.example.com            | 166.8MB     | 162.5MB     | 195.55%  | 110.86%  | 7.1MB      | 2.9MB       | 0B        | 10.7MB     |
|--------|-----------------------------------|-------------|-------------|----------|----------|------------|-------------|-----------|------------|
| Docker | orderer0.example.com              | 45.0MB      | 32.2MB      | 115.83%  | 68.97%   | 10.0MB     | 14.1MB      | 0B        | 19.8MB     |
|--------|-----------------------------------|-------------|-------------|----------|----------|------------|-------------|-----------|------------|
| Docker | orderer1.example.com              | 49.4MB      | 36.5MB      | 114.89%  | 68.55%   | 9.2MB      | 13.9MB      | 0B        | 14.5MB     |
|--------|-----------------------------------|-------------|-------------|----------|----------|------------|-------------|-----------|------------|
| Docker | kafka2                            | 333.5MB     | 333.5MB     | 2.03%    | 1.79%    | 6.2KB      | 10.1KB      | 0B        | 4.0KB      |
|--------|-----------------------------------|-------------|-------------|----------|----------|------------|-------------|-----------|------------|
| Docker | kafka0                            | 341.3MB     | 334.4MB     | 34.88%   | 31.12%   | 6.5MB      | 133.7KB     | 0B        | 4.0KB      |
|--------|-----------------------------------|-------------|-------------|----------|----------|------------|-------------|-----------|------------|
| Docker | kafka3                            | 338.6MB     | 334.9MB     | 23.85%   | 17.66%   | 6.1MB      | 134.4KB     | 0B        | 4.0KB      |
|--------|-----------------------------------|-------------|-------------|----------|----------|------------|-------------|-----------|------------|
| Docker | kafka1                            | 375.9MB     | 362.8MB     | 228.09%  | 162.96%  | 6.5MB      | 24.7MB      | 0B        | 4.0KB      |
|--------|-----------------------------------|-------------|-------------|----------|----------|------------|-------------|-----------|------------|
| Docker | zookeeper0                        | 49.9MB      | 49.9MB      | 0.16%    | 0.12%    | 304B       | 172B        | 0B        | 0B         |
|--------|-----------------------------------|-------------|-------------|----------|----------|------------|-------------|-----------|------------|
| Docker | ca.org2.example.com               | 10.3MB      | 10.3MB      | 0.00%    | 0.00%    | 0B         | 0B          | 0B        | 0B         |
|--------|-----------------------------------|-------------|-------------|----------|----------|------------|-------------|-----------|------------|
| Docker | zookeeper2                        | 54.2MB      | 54.2MB      | 0.18%    | 0.16%    | 720B       | 998B        | 0B        | 0B         |
|--------|-----------------------------------|-------------|-------------|----------|----------|------------|-------------|-----------|------------|
| Docker | zookeeper1                        | 59.0MB      | 58.9MB      | 0.18%    | 0.17%    | 880B       | 552B        | 0B        | 0B         |
|--------|-----------------------------------|-------------|-------------|----------|----------|------------|-------------|-----------|------------|
| Docker | ca.org1.example.com               | 10.1MB      | 10.1MB      | 0.00%    | 0.00%    | 0B         | 0B          | 0B        | 0B         |
+--------+-----------------------------------+-------------+-------------+----------+----------+------------+-------------+-----------+------------+
 

2020-09-24T13:59:37+09:00 - INFO [defaultTest]: ------ Passed 'smallOperations' testing ------ 

2020-09-24T13:59:37+09:00 - INFO [caliper-flow]: ---------- Finished Test ----------
 

2020-09-24T13:59:37+09:00 - INFO [report-builder]: ###all test results:### 

2020-09-24T13:59:37+09:00 - INFO [report-builder]: 
+------+-----------------+------+------+-----------+-------------+-------------+-------------+------------+
| Test | Name            | Succ | Fail | Send Rate | Max Latency | Min Latency | Avg Latency | Throughput |
|------|-----------------|------|------|-----------|-------------|-------------|-------------|------------|
| 1    | smallOperations | 2000 | 0    | 633.1 tps | 1.61 s      | 0.56 s      | 1.09 s      | 537.3 tps  |
+------+-----------------+------+------+-----------+-------------+-------------+-------------+------------+
 

2020-09-24T13:59:37+09:00 - INFO [monitor.js]: 
 ### resource stats (maximum) ### 

2020-09-24T13:59:37+09:00 - INFO [monitor.js]: 
+--------+-----------------------------------+-------------+----------+------------+-------------+-----------+------------+
| TYPE   | NAME                              | Memory(max) | CPU(max) | Traffic In | Traffic Out | Disc Read | Disc Write |
|--------|-----------------------------------|-------------|----------|------------|-------------|-----------|------------|
| Docker | dev-peer0.org2.example.co...nk-v0 | 8.3MB       | 17.71%   | 1.6MB      | 824.2KB     | 0B        | 0B         |
|--------|-----------------------------------|-------------|----------|------------|-------------|-----------|------------|
| Docker | dev-peer0.org1.example.co...nk-v0 | 8.5MB       | 16.60%   | 1.3MB      | 672.1KB     | 0B        | 0B         |
|--------|-----------------------------------|-------------|----------|------------|-------------|-----------|------------|
| Docker | dev-peer1.org2.example.co...nk-v0 | 8.4MB       | 16.91%   | 1.3MB      | 681.3KB     | 0B        | 0B         |
|--------|-----------------------------------|-------------|----------|------------|-------------|-----------|------------|
| Docker | dev-peer1.org1.example.co...nk-v0 | 8.8MB       | 17.47%   | 1.4MB      | 729.1KB     | 0B        | 0B         |
|--------|-----------------------------------|-------------|----------|------------|-------------|-----------|------------|
| Docker | dev-peer0.org2.example.co...le-v0 | 6.9MB       | 0.00%    | 0B         | 0B          | 0B        | 0B         |
|--------|-----------------------------------|-------------|----------|------------|-------------|-----------|------------|
| Docker | dev-peer1.org1.example.co...le-v0 | 7.2MB       | 0.00%    | 70B        | 0B          | 0B        | 0B         |
|--------|-----------------------------------|-------------|----------|------------|-------------|-----------|------------|
| Docker | dev-peer0.org1.example.co...le-v0 | 7.2MB       | 0.00%    | 0B         | 0B          | 0B        | 0B         |
|--------|-----------------------------------|-------------|----------|------------|-------------|-----------|------------|
| Docker | dev-peer1.org2.example.co...le-v0 | 7.1MB       | 0.00%    | 70B        | 0B          | 0B        | 0B         |
|--------|-----------------------------------|-------------|----------|------------|-------------|-----------|------------|
| Docker | dev-peer1.org2.example.co...rm-v0 | 7.0MB       | 0.00%    | 0B         | 0B          | 0B        | 0B         |
|--------|-----------------------------------|-------------|----------|------------|-------------|-----------|------------|
| Docker | dev-peer0.org1.example.co...rm-v0 | 6.8MB       | 0.00%    | 0B         | 0B          | 0B        | 0B         |
|--------|-----------------------------------|-------------|----------|------------|-------------|-----------|------------|
| Docker | dev-peer0.org2.example.co...rm-v0 | 7.2MB       | 0.00%    | 0B         | 0B          | 0B        | 0B         |
|--------|-----------------------------------|-------------|----------|------------|-------------|-----------|------------|
| Docker | dev-peer1.org1.example.co...rm-v0 | 6.7MB       | 0.00%    | 0B         | 0B          | 0B        | 0B         |
|--------|-----------------------------------|-------------|----------|------------|-------------|-----------|------------|
| Docker | dev-peer1.org1.example.co...es-v0 | 7.0MB       | 0.00%    | 0B         | 0B          | 0B        | 0B         |
|--------|-----------------------------------|-------------|----------|------------|-------------|-----------|------------|
| Docker | dev-peer0.org1.example.co...es-v0 | 7.0MB       | 0.01%    | 0B         | 0B          | 0B        | 0B         |
|--------|-----------------------------------|-------------|----------|------------|-------------|-----------|------------|
| Docker | dev-peer0.org2.example.co...es-v0 | 7.4MB       | 0.00%    | 203B       | 0B          | 0B        | 0B         |
|--------|-----------------------------------|-------------|----------|------------|-------------|-----------|------------|
| Docker | dev-peer1.org2.example.co...es-v0 | 6.8MB       | 0.00%    | 203B       | 0B          | 0B        | 0B         |
|--------|-----------------------------------|-------------|----------|------------|-------------|-----------|------------|
| Docker | peer0.org2.example.com            | 182.4MB     | 198.14%  | 7.1MB      | 2.9MB       | 0B        | 10.7MB     |
|--------|-----------------------------------|-------------|----------|------------|-------------|-----------|------------|
| Docker | peer0.org1.example.com            | 181.8MB     | 198.88%  | 7.1MB      | 2.9MB       | 0B        | 10.7MB     |
|--------|-----------------------------------|-------------|----------|------------|-------------|-----------|------------|
| Docker | peer1.org2.example.com            | 158.5MB     | 199.64%  | 7.0MB      | 2.8MB       | 0B        | 10.7MB     |
|--------|-----------------------------------|-------------|----------|------------|-------------|-----------|------------|
| Docker | peer1.org1.example.com            | 166.8MB     | 195.55%  | 7.1MB      | 2.9MB       | 0B        | 10.7MB     |
|--------|-----------------------------------|-------------|----------|------------|-------------|-----------|------------|
| Docker | orderer0.example.com              | 45.0MB      | 115.83%  | 10.0MB     | 14.1MB      | 0B        | 19.8MB     |
|--------|-----------------------------------|-------------|----------|------------|-------------|-----------|------------|
| Docker | orderer1.example.com              | 49.4MB      | 114.89%  | 9.2MB      | 13.9MB      | 0B        | 14.5MB     |
|--------|-----------------------------------|-------------|----------|------------|-------------|-----------|------------|
| Docker | kafka2                            | 333.5MB     | 2.03%    | 6.2KB      | 10.1KB      | 0B        | 4.0KB      |
|--------|-----------------------------------|-------------|----------|------------|-------------|-----------|------------|
| Docker | kafka0                            | 341.3MB     | 34.88%   | 6.5MB      | 133.7KB     | 0B        | 4.0KB      |
|--------|-----------------------------------|-------------|----------|------------|-------------|-----------|------------|
| Docker | kafka3                            | 338.6MB     | 23.85%   | 6.1MB      | 134.4KB     | 0B        | 4.0KB      |
|--------|-----------------------------------|-------------|----------|------------|-------------|-----------|------------|
| Docker | kafka1                            | 375.9MB     | 228.09%  | 6.5MB      | 24.7MB      | 0B        | 4.0KB      |
|--------|-----------------------------------|-------------|----------|------------|-------------|-----------|------------|
| Docker | zookeeper0                        | 49.9MB      | 0.16%    | 304B       | 172B        | 0B        | 0B         |
|--------|-----------------------------------|-------------|----------|------------|-------------|-----------|------------|
| Docker | ca.org2.example.com               | 10.3MB      | 0.00%    | 0B         | 0B          | 0B        | 0B         |
|--------|-----------------------------------|-------------|----------|------------|-------------|-----------|------------|
| Docker | zookeeper2                        | 54.2MB      | 0.18%    | 720B       | 998B        | 0B        | 0B         |
|--------|-----------------------------------|-------------|----------|------------|-------------|-----------|------------|
| Docker | zookeeper1                        | 59.0MB      | 0.18%    | 880B       | 552B        | 0B        | 0B         |
|--------|-----------------------------------|-------------|----------|------------|-------------|-----------|------------|
| Docker | ca.org1.example.com               | 10.1MB      | 0.00%    | 0B         | 0B          | 0B        | 0B         |
+--------+-----------------------------------+-------------+----------+------------+-------------+-----------+------------+
 

2020-09-24T13:59:38+09:00 - INFO [caliper-flow]: Generated report with path /home/oslab/caliper_v0.1.0/report-20200924T045938.html 

