2020-02-26T17:16:07+09:00 - DEBUG Constructed a winston logger with the specified targets:
	{"consolelogger":{"target":"console","level":"info"},"filelogger":{"target":"daily-rotate-file","level":"debug","filename":"log/caliper-%DATE%.log","datePattern":"YYYY-MM-DD-HH","maxSize":"5m","zippedArchive":true}}

2020-02-26T17:16:08+09:00 - INFO [caliper-flow]: ####### Caliper Test ####### 

2020-02-26T17:16:08+09:00 - INFO [caliper-utils]: Executing command: cd /home/oslab/caliper-benchmarks/caliper/packages/caliper-samples;docker-compose -f network/fabric-v1.4.1/kafka2o2pgoleveldb/docker-compose.yaml up -d;sleep 3s 

2020-02-26T17:16:31+09:00 - INFO [adapters/fabric]: Fabric SDK version: 1.4.4; TLS: none 

2020-02-26T17:16:31+09:00 - INFO [adapters/fabric]: Org1's registrar enrolled successfully 

2020-02-26T17:16:32+09:00 - INFO [adapters/fabric]: Org2's registrar enrolled successfully 

2020-02-26T17:16:32+09:00 - INFO [adapters/fabric]: Org1's admin's materials are successfully loaded 

2020-02-26T17:16:32+09:00 - INFO [adapters/fabric]: Org2's admin's materials are successfully loaded 

2020-02-26T17:16:32+09:00 - INFO [adapters/fabric]: client0.org1.example.com's materials are successfully loaded 

2020-02-26T17:16:32+09:00 - INFO [adapters/fabric]: client0.org2.example.com's materials are successfully loaded 

2020-02-26T17:16:32+09:00 - INFO [adapters/fabric]: Channel 'mychannel' definiton being retrieved from file 

2020-02-26T17:16:32+09:00 - INFO [adapters/fabric]: Channel 'mychannel' successfully created 

2020-02-26T17:16:32+09:00 - INFO [adapters/fabric]: Sleeping 5s... 

2020-02-26T17:16:37+09:00 - INFO [adapters/fabric]: Org1's peers successfully joined mychannel: peer0.org1.example.com,peer1.org1.example.com 

2020-02-26T17:16:37+09:00 - INFO [adapters/fabric]: Org2's peers successfully joined mychannel: peer0.org2.example.com,peer1.org2.example.com 

2020-02-26T17:16:37+09:00 - INFO [adapters/fabric]: Sleeping 5s... 

2020-02-26T17:16:42+09:00 - INFO [adapters/fabric]: Installing chaincodes for mychannel... 

2020-02-26T17:16:42+09:00 - INFO [adapters/fabric]: marbles@v0 successfully installed on Org1's peers: peer0.org1.example.com,peer1.org1.example.com 

2020-02-26T17:16:42+09:00 - INFO [adapters/fabric]: marbles@v0 successfully installed on Org2's peers: peer0.org2.example.com,peer1.org2.example.com 

2020-02-26T17:16:42+09:00 - INFO [adapters/fabric]: drm@v0 successfully installed on Org1's peers: peer0.org1.example.com,peer1.org1.example.com 

2020-02-26T17:16:42+09:00 - INFO [adapters/fabric]: drm@v0 successfully installed on Org2's peers: peer0.org2.example.com,peer1.org2.example.com 

2020-02-26T17:16:42+09:00 - INFO [adapters/fabric]: simple@v0 successfully installed on Org1's peers: peer0.org1.example.com,peer1.org1.example.com 

2020-02-26T17:16:42+09:00 - INFO [adapters/fabric]: simple@v0 successfully installed on Org2's peers: peer0.org2.example.com,peer1.org2.example.com 

2020-02-26T17:16:42+09:00 - INFO [adapters/fabric]: smallbank@v0 successfully installed on Org1's peers: peer0.org1.example.com,peer1.org1.example.com 

2020-02-26T17:16:42+09:00 - INFO [adapters/fabric]: smallbank@v0 successfully installed on Org2's peers: peer0.org2.example.com,peer1.org2.example.com 

2020-02-26T17:16:42+09:00 - INFO [adapters/fabric]: Instantiating marbles@v0 in mychannel. This might take some time... 

2020-02-26T17:17:00+09:00 - INFO [adapters/fabric]: Successfully instantiated marbles@v0 in mychannel 

2020-02-26T17:17:00+09:00 - INFO [adapters/fabric]: Instantiating drm@v0 in mychannel. This might take some time... 

2020-02-26T17:17:19+09:00 - INFO [adapters/fabric]: Successfully instantiated drm@v0 in mychannel 

2020-02-26T17:17:19+09:00 - INFO [adapters/fabric]: Instantiating simple@v0 in mychannel. This might take some time... 

2020-02-26T17:17:37+09:00 - INFO [adapters/fabric]: Successfully instantiated simple@v0 in mychannel 

2020-02-26T17:17:37+09:00 - INFO [adapters/fabric]: Instantiating smallbank@v0 in mychannel. This might take some time... 

2020-02-26T17:17:56+09:00 - INFO [adapters/fabric]: Successfully instantiated smallbank@v0 in mychannel 

2020-02-26T17:17:56+09:00 - INFO [adapters/fabric]: Sleeping 5s... 

2020-02-26T17:18:01+09:00 - INFO [caliper-flow]: Started monitor successfully 

2020-02-26T17:18:01+09:00 - INFO [defaultTest]: ####### Testing 'smallOperations' ####### 

2020-02-26T17:18:01+09:00 - INFO [defaultTest]: ------ Test round 1 ------ 

2020-02-26T17:18:01+09:00 - INFO [client-util.js]: Launching client with PID  26440 

2020-02-26T17:18:01+09:00 - INFO [client-util.js]: Launching client with PID  26445 

2020-02-26T17:18:01+09:00 - INFO [client-util.js]: Launching client with PID  26447 

2020-02-26T17:18:01+09:00 - INFO [client-util.js]: Launching client with PID  26453 

2020-02-26T17:18:01+09:00 - INFO [client-util.js]: Launching client with PID  26463 

2020-02-26T17:18:01+09:00 - INFO [client-util.js]: Waiting for 5 clients to be ready...  

2020-02-26T17:18:02+09:00 - INFO [demo.js]: [Transaction Info] - Submitted: 0 Succ: 0 Fail:0 Unfinished:0 

2020-02-26T17:18:01+09:00 - DEBUG Constructed a winston logger with the specified targets:
	{"consolelogger":{"target":"console","level":"info"},"filelogger":{"target":"daily-rotate-file","level":"debug","filename":"log/caliper-%DATE%.log","datePattern":"YYYY-MM-DD-HH","maxSize":"5m","zippedArchive":true}}

2020-02-26T17:18:01+09:00 - DEBUG Constructed a winston logger with the specified targets:
	{"consolelogger":{"target":"console","level":"info"},"filelogger":{"target":"daily-rotate-file","level":"debug","filename":"log/caliper-%DATE%.log","datePattern":"YYYY-MM-DD-HH","maxSize":"5m","zippedArchive":true}}

2020-02-26T17:18:01+09:00 - DEBUG Constructed a winston logger with the specified targets:
	{"consolelogger":{"target":"console","level":"info"},"filelogger":{"target":"daily-rotate-file","level":"debug","filename":"log/caliper-%DATE%.log","datePattern":"YYYY-MM-DD-HH","maxSize":"5m","zippedArchive":true}}

2020-02-26T17:18:01+09:00 - DEBUG Constructed a winston logger with the specified targets:
	{"consolelogger":{"target":"console","level":"info"},"filelogger":{"target":"daily-rotate-file","level":"debug","filename":"log/caliper-%DATE%.log","datePattern":"YYYY-MM-DD-HH","maxSize":"5m","zippedArchive":true}}

2020-02-26T17:18:01+09:00 - DEBUG Constructed a winston logger with the specified targets:
	{"consolelogger":{"target":"console","level":"info"},"filelogger":{"target":"daily-rotate-file","level":"debug","filename":"log/caliper-%DATE%.log","datePattern":"YYYY-MM-DD-HH","maxSize":"5m","zippedArchive":true}}

2020-02-26T17:18:03+09:00 - INFO [client-util.js]: Client ready message recieved 

2020-02-26T17:18:03+09:00 - INFO [fabric/fabricClientWorker]: Client ready 

2020-02-26T17:18:03+09:00 - INFO [fabric/fabricClientWorker]: Client ready 

2020-02-26T17:18:03+09:00 - INFO [client-util.js]: Client ready message recieved 

2020-02-26T17:18:03+09:00 - INFO [client-util.js]: Client ready message recieved 

2020-02-26T17:18:03+09:00 - INFO [fabric/fabricClientWorker]: Client ready 

2020-02-26T17:18:03+09:00 - INFO [client-util.js]: Client ready message recieved 

2020-02-26T17:18:03+09:00 - INFO [fabric/fabricClientWorker]: Client ready 

2020-02-26T17:18:03+09:00 - INFO [client-util.js]: Client ready message recieved 

2020-02-26T17:18:03+09:00 - INFO [client-util.js]: 5 clients ready, starting test phase 

2020-02-26T17:18:03+09:00 - INFO [fabric/fabricClientWorker]: Client ready 

2020-02-26T17:18:03+09:00 - DEBUG [local-client.js]: doTest() with:
	{"type":"test","label":"smallOperations","rateControl":{"type":"fixed-rate","opts":{"tps":1000}},"trim":0,"args":{"accounts":400,"txnPerBatch":1},"cb":"benchmark/smallbank/smallbankOperations.js","config":"/home/oslab/caliper-benchmarks/caliper/packages/caliper-samples/network/fabric-v1.4.1/kafka2o2pgoleveldb/fabric-go.yaml","root":"/home/oslab/caliper-benchmarks/caliper/packages/caliper-samples","numb":200,"roundIdx":1,"totalClients":5,"clients":5,"clientargs":{},"clientIdx":0}

2020-02-26T17:18:03+09:00 - DEBUG [local-client.js]: doTest() with:
	{"type":"test","label":"smallOperations","rateControl":{"type":"fixed-rate","opts":{"tps":1000}},"trim":0,"args":{"accounts":400,"txnPerBatch":1},"cb":"benchmark/smallbank/smallbankOperations.js","config":"/home/oslab/caliper-benchmarks/caliper/packages/caliper-samples/network/fabric-v1.4.1/kafka2o2pgoleveldb/fabric-go.yaml","root":"/home/oslab/caliper-benchmarks/caliper/packages/caliper-samples","numb":200,"roundIdx":1,"totalClients":5,"clients":5,"clientargs":{},"clientIdx":1}

2020-02-26T17:18:03+09:00 - DEBUG [local-client.js]: doTest() with:
	{"type":"test","label":"smallOperations","rateControl":{"type":"fixed-rate","opts":{"tps":1000}},"trim":0,"args":{"accounts":400,"txnPerBatch":1},"cb":"benchmark/smallbank/smallbankOperations.js","config":"/home/oslab/caliper-benchmarks/caliper/packages/caliper-samples/network/fabric-v1.4.1/kafka2o2pgoleveldb/fabric-go.yaml","root":"/home/oslab/caliper-benchmarks/caliper/packages/caliper-samples","numb":200,"roundIdx":1,"totalClients":5,"clients":5,"clientargs":{},"clientIdx":3}

2020-02-26T17:18:03+09:00 - DEBUG [local-client.js]: doTest() with:
	{"type":"test","label":"smallOperations","rateControl":{"type":"fixed-rate","opts":{"tps":1000}},"trim":0,"args":{"accounts":400,"txnPerBatch":1},"cb":"benchmark/smallbank/smallbankOperations.js","config":"/home/oslab/caliper-benchmarks/caliper/packages/caliper-samples/network/fabric-v1.4.1/kafka2o2pgoleveldb/fabric-go.yaml","root":"/home/oslab/caliper-benchmarks/caliper/packages/caliper-samples","numb":200,"roundIdx":1,"totalClients":5,"clients":5,"clientargs":{},"clientIdx":4}

2020-02-26T17:18:03+09:00 - DEBUG [local-client.js]: doTest() with:
	{"type":"test","label":"smallOperations","rateControl":{"type":"fixed-rate","opts":{"tps":1000}},"trim":0,"args":{"accounts":400,"txnPerBatch":1},"cb":"benchmark/smallbank/smallbankOperations.js","config":"/home/oslab/caliper-benchmarks/caliper/packages/caliper-samples/network/fabric-v1.4.1/kafka2o2pgoleveldb/fabric-go.yaml","root":"/home/oslab/caliper-benchmarks/caliper/packages/caliper-samples","numb":200,"roundIdx":1,"totalClients":5,"clients":5,"clientargs":{},"clientIdx":2}

2020-02-26T17:18:03+09:00 - INFO [local-client.js]: txUpdateTime: 1000 

2020-02-26T17:18:03+09:00 - INFO [local-client.js]: txUpdateTime: 1000 

2020-02-26T17:18:03+09:00 - INFO [local-client.js]: txUpdateTime: 1000 

2020-02-26T17:18:03+09:00 - INFO [local-client.js]: txUpdateTime: 1000 

2020-02-26T17:18:03+09:00 - INFO [local-client.js]: txUpdateTime: 1000 

2020-02-26T17:18:03+09:00 - INFO [local-client.js]: Info: client 26453 start test runFixedNumber():small_bank_operations 

2020-02-26T17:18:03+09:00 - DEBUG [rateControl.js]: Creating rate controller for client#3 for round#1
	{"type":"fixed-rate","opts":{"tps":1000}}

2020-02-26T17:18:03+09:00 - INFO [local-client.js]: Info: client 26447 start test runFixedNumber():small_bank_operations 

2020-02-26T17:18:03+09:00 - INFO [demo.js]: [Transaction Info] - Submitted: 0 Succ: 0 Fail:0 Unfinished:0 

2020-02-26T17:18:03+09:00 - INFO [local-client.js]: Info: client 26440 start test runFixedNumber():small_bank_operations 

2020-02-26T17:18:03+09:00 - DEBUG [rateControl.js]: Creating rate controller for client#2 for round#1
	{"type":"fixed-rate","opts":{"tps":1000}}

2020-02-26T17:18:03+09:00 - INFO [local-client.js]: Info: client 26445 start test runFixedNumber():small_bank_operations 

2020-02-26T17:18:03+09:00 - DEBUG [rateControl.js]: Creating rate controller for client#0 for round#1
	{"type":"fixed-rate","opts":{"tps":1000}}

2020-02-26T17:18:03+09:00 - INFO [local-client.js]: Info: client 26463 start test runFixedNumber():small_bank_operations 

2020-02-26T17:18:03+09:00 - DEBUG [rateControl.js]: Creating rate controller for client#1 for round#1
	{"type":"fixed-rate","opts":{"tps":1000}}

2020-02-26T17:18:03+09:00 - DEBUG [rateControl.js]: Creating rate controller for client#4 for round#1
	{"type":"fixed-rate","opts":{"tps":1000}}

2020-02-26T17:18:04+09:00 - INFO [demo.js]: [Transaction Info] - Submitted: 482 Succ: 150 Fail:0 Unfinished:332 

2020-02-26T17:18:05+09:00 - INFO [demo.js]: [Transaction Info] - Submitted: 1000 Succ: 500 Fail:0 Unfinished:500 

2020-02-26T17:18:06+09:00 - INFO [demo.js]: [Transaction Info] - Submitted: 1000 Succ: 900 Fail:0 Unfinished:100 

2020-02-26T17:18:06+09:00 - DEBUG [report-builder]: r.create.max: 1582705085.38 r.create.min: 1582705083.627 r.final.max: 1582705086.706 r.final.min: 1582705084.027 r.final.last: 1582705086.706 

2020-02-26T17:18:06+09:00 - DEBUG [report-builder]:  throughput for only success time computed: 324.8 

2020-02-26T17:18:06+09:00 - DEBUG [report-builder]: sendTransactionProposal: 0ms length: 1000 

2020-02-26T17:18:06+09:00 - DEBUG [report-builder]: sendTransaction: 0ms 

2020-02-26T17:18:06+09:00 - DEBUG [report-builder]: invokeLatency: 0ms 

2020-02-26T17:18:06+09:00 - INFO [report-builder]: ###test result:### 

2020-02-26T17:18:06+09:00 - INFO [report-builder]: 
+-----------------+------+------+-----------+-------------+-------------+-------------+------------+
| Name            | Succ | Fail | Send Rate | Max Latency | Min Latency | Avg Latency | Throughput |
|-----------------|------|------|-----------|-------------|-------------|-------------|------------|
| smallOperations | 1000 | 0    | 570.5 tps | 1.49 s      | 0.29 s      | 0.93 s      | 324.8 tps  |
+-----------------+------+------+-----------+-------------+-------------+-------------+------------+
 

2020-02-26T17:18:06+09:00 - INFO [report-builder]: ### resource stats ### 

2020-02-26T17:18:06+09:00 - INFO [report-builder]: 
+--------+-----------------------------------+-------------+-------------+----------+----------+------------+-------------+-----------+------------+
| TYPE   | NAME                              | Memory(max) | Memory(avg) | CPU(max) | CPU(avg) | Traffic In | Traffic Out | Disc Read | Disc Write |
|--------|-----------------------------------|-------------|-------------|----------|----------|------------|-------------|-----------|------------|
| Docker | dev-peer0.org1.example.co...nk-v0 | 7.9MB       | 7.4MB       | 16.58%   | 8.29%    | 876.7KB    | 437.6KB     | 0B        | 0B         |
|--------|-----------------------------------|-------------|-------------|----------|----------|------------|-------------|-----------|------------|
| Docker | dev-peer1.org2.example.co...nk-v0 | 7.9MB       | 7.4MB       | 16.50%   | 8.25%    | 873.5KB    | 432.1KB     | 0B        | 0B         |
|--------|-----------------------------------|-------------|-------------|----------|----------|------------|-------------|-----------|------------|
| Docker | dev-peer0.org2.example.co...nk-v0 | 7.6MB       | 7.2MB       | 17.46%   | 8.73%    | 872.5KB    | 440.2KB     | 0B        | 0B         |
|--------|-----------------------------------|-------------|-------------|----------|----------|------------|-------------|-----------|------------|
| Docker | dev-peer1.org1.example.co...nk-v0 | 7.7MB       | 7.3MB       | 18.68%   | 9.34%    | 834.2KB    | 424.0KB     | 0B        | 0B         |
|--------|-----------------------------------|-------------|-------------|----------|----------|------------|-------------|-----------|------------|
| Docker | dev-peer0.org2.example.co...le-v0 | 7.0MB       | 7.0MB       | 0.00%    | 0.00%    | 112B       | 0B          | 0B        | 0B         |
|--------|-----------------------------------|-------------|-------------|----------|----------|------------|-------------|-----------|------------|
| Docker | dev-peer1.org2.example.co...le-v0 | 7.0MB       | 7.0MB       | 0.00%    | 0.00%    | 42B        | 0B          | 0B        | 0B         |
|--------|-----------------------------------|-------------|-------------|----------|----------|------------|-------------|-----------|------------|
| Docker | dev-peer0.org1.example.co...le-v0 | 6.8MB       | 6.8MB       | 0.00%    | 0.00%    | 42B        | 0B          | 0B        | 0B         |
|--------|-----------------------------------|-------------|-------------|----------|----------|------------|-------------|-----------|------------|
| Docker | dev-peer1.org1.example.co...le-v0 | 6.9MB       | 6.9MB       | 0.00%    | 0.00%    | 42B        | 0B          | 0B        | 0B         |
|--------|-----------------------------------|-------------|-------------|----------|----------|------------|-------------|-----------|------------|
| Docker | dev-peer1.org1.example.co...rm-v0 | 6.9MB       | 6.9MB       | 0.00%    | 0.00%    | 42B        | 0B          | 0B        | 0B         |
|--------|-----------------------------------|-------------|-------------|----------|----------|------------|-------------|-----------|------------|
| Docker | dev-peer1.org2.example.co...rm-v0 | 6.8MB       | 6.8MB       | 0.00%    | 0.00%    | 42B        | 0B          | 0B        | 0B         |
|--------|-----------------------------------|-------------|-------------|----------|----------|------------|-------------|-----------|------------|
| Docker | dev-peer0.org2.example.co...rm-v0 | 6.6MB       | 6.6MB       | 0.00%    | 0.00%    | 42B        | 0B          | 0B        | 0B         |
|--------|-----------------------------------|-------------|-------------|----------|----------|------------|-------------|-----------|------------|
| Docker | dev-peer0.org1.example.co...rm-v0 | 7.1MB       | 7.1MB       | 0.00%    | 0.00%    | 42B        | 0B          | 0B        | 0B         |
|--------|-----------------------------------|-------------|-------------|----------|----------|------------|-------------|-----------|------------|
| Docker | dev-peer0.org2.example.co...es-v0 | 6.9MB       | 6.9MB       | 0.00%    | 0.00%    | 245B       | 0B          | 0B        | 0B         |
|--------|-----------------------------------|-------------|-------------|----------|----------|------------|-------------|-----------|------------|
| Docker | dev-peer1.org1.example.co...es-v0 | 7.0MB       | 7.0MB       | 0.00%    | 0.00%    | 42B        | 0B          | 0B        | 0B         |
|--------|-----------------------------------|-------------|-------------|----------|----------|------------|-------------|-----------|------------|
| Docker | dev-peer1.org2.example.co...es-v0 | 6.8MB       | 6.8MB       | 0.00%    | 0.00%    | 42B        | 0B          | 0B        | 0B         |
|--------|-----------------------------------|-------------|-------------|----------|----------|------------|-------------|-----------|------------|
| Docker | dev-peer0.org1.example.co...es-v0 | 6.7MB       | 6.7MB       | 0.00%    | 0.00%    | 42B        | 0B          | 0B        | 0B         |
|--------|-----------------------------------|-------------|-------------|----------|----------|------------|-------------|-----------|------------|
| Docker | peer1.org1.example.com            | 178.5MB     | 167.0MB     | 166.61%  | 84.50%   | 4.4MB      | 1.7MB       | 0B        | 4.9MB      |
|--------|-----------------------------------|-------------|-------------|----------|----------|------------|-------------|-----------|------------|
| Docker | peer0.org1.example.com            | 177.2MB     | 166.4MB     | 171.17%  | 86.88%   | 4.2MB      | 2.2MB       | 0B        | 4.4MB      |
|--------|-----------------------------------|-------------|-------------|----------|----------|------------|-------------|-----------|------------|
| Docker | peer0.org2.example.com            | 146.5MB     | 143.1MB     | 170.43%  | 86.49%   | 4.6MB      | 1.8MB       | 0B        | 4.9MB      |
|--------|-----------------------------------|-------------|-------------|----------|----------|------------|-------------|-----------|------------|
| Docker | peer1.org2.example.com            | 178.0MB     | 162.8MB     | 160.26%  | 81.34%   | 4.2MB      | 1.6MB       | 0B        | 4.4MB      |
|--------|-----------------------------------|-------------|-------------|----------|----------|------------|-------------|-----------|------------|
| Docker | orderer0.example.com              | 29.6MB      | 22.2MB      | 108.00%  | 54.34%   | 5.6MB      | 11.4MB      | 0B        | 6.9MB      |
|--------|-----------------------------------|-------------|-------------|----------|----------|------------|-------------|-----------|------------|
| Docker | orderer1.example.com              | 33.6MB      | 26.2MB      | 103.86%  | 52.20%   | 5.7MB      | 5.3MB       | 0B        | 7.3MB      |
|--------|-----------------------------------|-------------|-------------|----------|----------|------------|-------------|-----------|------------|
| Docker | kafka3                            | 320.8MB     | 320.8MB     | 0.98%    | 0.83%    | 2.1KB      | 1.2KB       | 0B        | 0B         |
|--------|-----------------------------------|-------------|-------------|----------|----------|------------|-------------|-----------|------------|
| Docker | kafka0                            | 377.8MB     | 368.8MB     | 196.38%  | 99.56%   | 3.9MB      | 15.0MB      | 0B        | 0B         |
|--------|-----------------------------------|-------------|-------------|----------|----------|------------|-------------|-----------|------------|
| Docker | kafka1                            | 374.0MB     | 368.7MB     | 82.65%   | 42.56%   | 3.7MB      | 70.9KB      | 0B        | 0B         |
|--------|-----------------------------------|-------------|-------------|----------|----------|------------|-------------|-----------|------------|
| Docker | kafka2                            | 348.2MB     | 343.2MB     | 60.99%   | 31.32%   | 3.8MB      | 61.4KB      | 0B        | 0B         |
|--------|-----------------------------------|-------------|-------------|----------|----------|------------|-------------|-----------|------------|
| Docker | zookeeper1                        | 49.6MB      | 49.6MB      | 0.14%    | 0.12%    | 346B       | 172B        | 0B        | 0B         |
|--------|-----------------------------------|-------------|-------------|----------|----------|------------|-------------|-----------|------------|
| Docker | zookeeper0                        | 51.7MB      | 51.7MB      | 0.34%    | 0.26%    | 490B       | 270B        | 0B        | 0B         |
|--------|-----------------------------------|-------------|-------------|----------|----------|------------|-------------|-----------|------------|
| Docker | zookeeper2                        | 61.1MB      | 61.1MB      | 0.27%    | 0.23%    | 830B       | 866B        | 0B        | 0B         |
|--------|-----------------------------------|-------------|-------------|----------|----------|------------|-------------|-----------|------------|
| Docker | ca.org1.example.com               | 9.8MB       | 9.8MB       | 0.00%    | 0.00%    | 42B        | 0B          | 0B        | 0B         |
|--------|-----------------------------------|-------------|-------------|----------|----------|------------|-------------|-----------|------------|
| Docker | ca.org2.example.com               | 9.8MB       | 9.8MB       | 0.00%    | 0.00%    | 42B        | 0B          | 0B        | 0B         |
+--------+-----------------------------------+-------------+-------------+----------+----------+------------+-------------+-----------+------------+
 

2020-02-26T17:18:06+09:00 - INFO [defaultTest]: ------ Passed 'smallOperations' testing ------ 

2020-02-26T17:18:06+09:00 - INFO [defaultTest]: Waiting 5 seconds for the next round... 

2020-02-26T17:18:07+09:00 - INFO [demo.js]: [Transaction Info] - Submitted: 1000 Succ: 1000 Fail:0 Unfinished:0 

2020-02-26T17:18:08+09:00 - INFO [demo.js]: [Transaction Info] - Submitted: 1000 Succ: 1000 Fail:0 Unfinished:0 

2020-02-26T17:18:09+09:00 - INFO [demo.js]: [Transaction Info] - Submitted: 1000 Succ: 1000 Fail:0 Unfinished:0 

2020-02-26T17:18:10+09:00 - INFO [demo.js]: [Transaction Info] - Submitted: 1000 Succ: 1000 Fail:0 Unfinished:0 

2020-02-26T17:18:11+09:00 - INFO [demo.js]: [Transaction Info] - Submitted: 1000 Succ: 1000 Fail:0 Unfinished:0 

2020-02-26T17:18:11+09:00 - INFO [defaultTest]: ------ Test round 2 ------ 

2020-02-26T17:18:11+09:00 - DEBUG [local-client.js]: doTest() with:
	{"type":"test","label":"smallOperations","rateControl":{"type":"fixed-rate","opts":{"tps":1000}},"trim":0,"args":{"accounts":400,"txnPerBatch":1},"cb":"benchmark/smallbank/smallbankOperations.js","config":"/home/oslab/caliper-benchmarks/caliper/packages/caliper-samples/network/fabric-v1.4.1/kafka2o2pgoleveldb/fabric-go.yaml","root":"/home/oslab/caliper-benchmarks/caliper/packages/caliper-samples","numb":200,"roundIdx":2,"totalClients":5,"clients":5,"clientargs":{},"clientIdx":0}

2020-02-26T17:18:11+09:00 - DEBUG [local-client.js]: doTest() with:
	{"type":"test","label":"smallOperations","rateControl":{"type":"fixed-rate","opts":{"tps":1000}},"trim":0,"args":{"accounts":400,"txnPerBatch":1},"cb":"benchmark/smallbank/smallbankOperations.js","config":"/home/oslab/caliper-benchmarks/caliper/packages/caliper-samples/network/fabric-v1.4.1/kafka2o2pgoleveldb/fabric-go.yaml","root":"/home/oslab/caliper-benchmarks/caliper/packages/caliper-samples","numb":200,"roundIdx":2,"totalClients":5,"clients":5,"clientargs":{},"clientIdx":3}

2020-02-26T17:18:11+09:00 - DEBUG [local-client.js]: doTest() with:
	{"type":"test","label":"smallOperations","rateControl":{"type":"fixed-rate","opts":{"tps":1000}},"trim":0,"args":{"accounts":400,"txnPerBatch":1},"cb":"benchmark/smallbank/smallbankOperations.js","config":"/home/oslab/caliper-benchmarks/caliper/packages/caliper-samples/network/fabric-v1.4.1/kafka2o2pgoleveldb/fabric-go.yaml","root":"/home/oslab/caliper-benchmarks/caliper/packages/caliper-samples","numb":200,"roundIdx":2,"totalClients":5,"clients":5,"clientargs":{},"clientIdx":2}

2020-02-26T17:18:11+09:00 - DEBUG [local-client.js]: doTest() with:
	{"type":"test","label":"smallOperations","rateControl":{"type":"fixed-rate","opts":{"tps":1000}},"trim":0,"args":{"accounts":400,"txnPerBatch":1},"cb":"benchmark/smallbank/smallbankOperations.js","config":"/home/oslab/caliper-benchmarks/caliper/packages/caliper-samples/network/fabric-v1.4.1/kafka2o2pgoleveldb/fabric-go.yaml","root":"/home/oslab/caliper-benchmarks/caliper/packages/caliper-samples","numb":200,"roundIdx":2,"totalClients":5,"clients":5,"clientargs":{},"clientIdx":1}

2020-02-26T17:18:11+09:00 - DEBUG [local-client.js]: doTest() with:
	{"type":"test","label":"smallOperations","rateControl":{"type":"fixed-rate","opts":{"tps":1000}},"trim":0,"args":{"accounts":400,"txnPerBatch":1},"cb":"benchmark/smallbank/smallbankOperations.js","config":"/home/oslab/caliper-benchmarks/caliper/packages/caliper-samples/network/fabric-v1.4.1/kafka2o2pgoleveldb/fabric-go.yaml","root":"/home/oslab/caliper-benchmarks/caliper/packages/caliper-samples","numb":200,"roundIdx":2,"totalClients":5,"clients":5,"clientargs":{},"clientIdx":4}

2020-02-26T17:18:11+09:00 - INFO [client-util.js]: Waiting for 0 clients to be ready...  

2020-02-26T17:18:11+09:00 - INFO [client-util.js]: 0 clients ready, starting test phase 

2020-02-26T17:18:11+09:00 - INFO [local-client.js]: txUpdateTime: 1000 

2020-02-26T17:18:11+09:00 - INFO [local-client.js]: txUpdateTime: 1000 

2020-02-26T17:18:11+09:00 - INFO [local-client.js]: txUpdateTime: 1000 

2020-02-26T17:18:11+09:00 - INFO [local-client.js]: txUpdateTime: 1000 

2020-02-26T17:18:11+09:00 - INFO [local-client.js]: txUpdateTime: 1000 

2020-02-26T17:18:12+09:00 - INFO [local-client.js]: Info: client 26453 start test runFixedNumber():small_bank_operations 

2020-02-26T17:18:12+09:00 - DEBUG [rateControl.js]: Creating rate controller for client#3 for round#2
	{"type":"fixed-rate","opts":{"tps":1000}}

2020-02-26T17:18:12+09:00 - INFO [local-client.js]: Info: client 26445 start test runFixedNumber():small_bank_operations 

2020-02-26T17:18:12+09:00 - DEBUG [rateControl.js]: Creating rate controller for client#1 for round#2
	{"type":"fixed-rate","opts":{"tps":1000}}

2020-02-26T17:18:12+09:00 - INFO [local-client.js]: Info: client 26440 start test runFixedNumber():small_bank_operations 

2020-02-26T17:18:12+09:00 - INFO [local-client.js]: Info: client 26447 start test runFixedNumber():small_bank_operations 

2020-02-26T17:18:12+09:00 - INFO [local-client.js]: Info: client 26463 start test runFixedNumber():small_bank_operations 

2020-02-26T17:18:12+09:00 - DEBUG [rateControl.js]: Creating rate controller for client#0 for round#2
	{"type":"fixed-rate","opts":{"tps":1000}}

2020-02-26T17:18:12+09:00 - DEBUG [rateControl.js]: Creating rate controller for client#2 for round#2
	{"type":"fixed-rate","opts":{"tps":1000}}

2020-02-26T17:18:12+09:00 - DEBUG [rateControl.js]: Creating rate controller for client#4 for round#2
	{"type":"fixed-rate","opts":{"tps":1000}}

2020-02-26T17:18:12+09:00 - INFO [demo.js]: [Transaction Info] - Submitted: 1000 Succ: 1000 Fail:0 Unfinished:0 

2020-02-26T17:18:13+09:00 - INFO [demo.js]: [Transaction Info] - Submitted: 1585 Succ: 1200 Fail:0 Unfinished:385 

2020-02-26T17:18:14+09:00 - INFO [demo.js]: [Transaction Info] - Submitted: 2000 Succ: 1500 Fail:0 Unfinished:500 

2020-02-26T17:18:15+09:00 - DEBUG [report-builder]: r.create.max: 1582705093.623 r.create.min: 1582705092.015 r.final.max: 1582705095.102 r.final.min: 1582705092.373 r.final.last: 1582705095.102 

2020-02-26T17:18:15+09:00 - DEBUG [report-builder]:  throughput for only success time computed: 323.9 

2020-02-26T17:18:15+09:00 - DEBUG [report-builder]: sendTransactionProposal: 0ms length: 1000 

2020-02-26T17:18:15+09:00 - DEBUG [report-builder]: sendTransaction: 0ms 

2020-02-26T17:18:15+09:00 - DEBUG [report-builder]: invokeLatency: 0ms 

2020-02-26T17:18:15+09:00 - INFO [report-builder]: ###test result:### 

2020-02-26T17:18:15+09:00 - INFO [report-builder]: 
+-----------------+------+------+-----------+-------------+-------------+-------------+------------+
| Name            | Succ | Fail | Send Rate | Max Latency | Min Latency | Avg Latency | Throughput |
|-----------------|------|------|-----------|-------------|-------------|-------------|------------|
| smallOperations | 1000 | 0    | 621.9 tps | 1.65 s      | 0.28 s      | 1.01 s      | 323.9 tps  |
+-----------------+------+------+-----------+-------------+-------------+-------------+------------+
 

2020-02-26T17:18:15+09:00 - INFO [report-builder]: ### resource stats ### 

2020-02-26T17:18:15+09:00 - INFO [report-builder]: 
+--------+-----------------------------------+-------------+-------------+----------+----------+------------+-------------+-----------+------------+
| TYPE   | NAME                              | Memory(max) | Memory(avg) | CPU(max) | CPU(avg) | Traffic In | Traffic Out | Disc Read | Disc Write |
|--------|-----------------------------------|-------------|-------------|----------|----------|------------|-------------|-----------|------------|
| Docker | dev-peer0.org1.example.co...nk-v0 | 8.3MB       | 8.3MB       | 16.84%   | 16.84%   | 0B         | 0B          | 0B        | 0B         |
|--------|-----------------------------------|-------------|-------------|----------|----------|------------|-------------|-----------|------------|
| Docker | dev-peer1.org2.example.co...nk-v0 | 8.5MB       | 8.5MB       | 15.72%   | 15.72%   | 0B         | 0B          | 0B        | 0B         |
|--------|-----------------------------------|-------------|-------------|----------|----------|------------|-------------|-----------|------------|
| Docker | dev-peer0.org2.example.co...nk-v0 | 8.4MB       | 8.4MB       | 14.77%   | 14.77%   | 0B         | 0B          | 0B        | 0B         |
|--------|-----------------------------------|-------------|-------------|----------|----------|------------|-------------|-----------|------------|
| Docker | dev-peer1.org1.example.co...nk-v0 | 8.4MB       | 8.4MB       | 16.26%   | 16.26%   | 0B         | 0B          | 0B        | 0B         |
|--------|-----------------------------------|-------------|-------------|----------|----------|------------|-------------|-----------|------------|
| Docker | dev-peer0.org2.example.co...le-v0 | 7.0MB       | 7.0MB       | 0.00%    | 0.00%    | 0B         | 0B          | 0B        | 0B         |
|--------|-----------------------------------|-------------|-------------|----------|----------|------------|-------------|-----------|------------|
| Docker | dev-peer1.org2.example.co...le-v0 | 7.0MB       | 7.0MB       | 0.00%    | 0.00%    | 0B         | 0B          | 0B        | 0B         |
|--------|-----------------------------------|-------------|-------------|----------|----------|------------|-------------|-----------|------------|
| Docker | dev-peer0.org1.example.co...le-v0 | 6.8MB       | 6.8MB       | 0.00%    | 0.00%    | 0B         | 0B          | 0B        | 0B         |
|--------|-----------------------------------|-------------|-------------|----------|----------|------------|-------------|-----------|------------|
| Docker | dev-peer1.org1.example.co...le-v0 | 6.9MB       | 6.9MB       | 0.00%    | 0.00%    | 0B         | 0B          | 0B        | 0B         |
|--------|-----------------------------------|-------------|-------------|----------|----------|------------|-------------|-----------|------------|
| Docker | dev-peer1.org1.example.co...rm-v0 | 6.9MB       | 6.9MB       | 0.00%    | 0.00%    | 0B         | 0B          | 0B        | 0B         |
|--------|-----------------------------------|-------------|-------------|----------|----------|------------|-------------|-----------|------------|
| Docker | dev-peer1.org2.example.co...rm-v0 | 6.8MB       | 6.8MB       | 0.00%    | 0.00%    | 0B         | 0B          | 0B        | 0B         |
|--------|-----------------------------------|-------------|-------------|----------|----------|------------|-------------|-----------|------------|
| Docker | dev-peer0.org2.example.co...rm-v0 | 6.6MB       | 6.6MB       | 0.00%    | 0.00%    | 0B         | 0B          | 0B        | 0B         |
|--------|-----------------------------------|-------------|-------------|----------|----------|------------|-------------|-----------|------------|
| Docker | dev-peer0.org1.example.co...rm-v0 | 7.1MB       | 7.1MB       | 0.00%    | 0.00%    | 0B         | 0B          | 0B        | 0B         |
|--------|-----------------------------------|-------------|-------------|----------|----------|------------|-------------|-----------|------------|
| Docker | dev-peer0.org2.example.co...es-v0 | 6.9MB       | 6.9MB       | 0.00%    | 0.00%    | 0B         | 0B          | 0B        | 0B         |
|--------|-----------------------------------|-------------|-------------|----------|----------|------------|-------------|-----------|------------|
| Docker | dev-peer1.org1.example.co...es-v0 | 7.0MB       | 7.0MB       | 0.00%    | 0.00%    | 0B         | 0B          | 0B        | 0B         |
|--------|-----------------------------------|-------------|-------------|----------|----------|------------|-------------|-----------|------------|
| Docker | dev-peer1.org2.example.co...es-v0 | 6.8MB       | 6.8MB       | 0.00%    | 0.00%    | 0B         | 0B          | 0B        | 0B         |
|--------|-----------------------------------|-------------|-------------|----------|----------|------------|-------------|-----------|------------|
| Docker | dev-peer0.org1.example.co...es-v0 | 6.7MB       | 6.7MB       | 0.00%    | 0.00%    | 0B         | 0B          | 0B        | 0B         |
|--------|-----------------------------------|-------------|-------------|----------|----------|------------|-------------|-----------|------------|
| Docker | peer1.org1.example.com            | 184.3MB     | 184.3MB     | 141.05%  | 141.05%  | 0B         | 0B          | 0B        | 0B         |
|--------|-----------------------------------|-------------|-------------|----------|----------|------------|-------------|-----------|------------|
| Docker | peer0.org1.example.com            | 183.9MB     | 183.9MB     | 149.77%  | 149.77%  | 0B         | 0B          | 0B        | 0B         |
|--------|-----------------------------------|-------------|-------------|----------|----------|------------|-------------|-----------|------------|
| Docker | peer0.org2.example.com            | 152.5MB     | 152.5MB     | 156.22%  | 156.22%  | 0B         | 0B          | 0B        | 0B         |
|--------|-----------------------------------|-------------|-------------|----------|----------|------------|-------------|-----------|------------|
| Docker | peer1.org2.example.com            | 184.7MB     | 184.7MB     | 148.90%  | 148.90%  | 0B         | 0B          | 0B        | 0B         |
|--------|-----------------------------------|-------------|-------------|----------|----------|------------|-------------|-----------|------------|
| Docker | orderer0.example.com              | 34.4MB      | 34.4MB      | 100.39%  | 100.39%  | 0B         | 0B          | 0B        | 0B         |
|--------|-----------------------------------|-------------|-------------|----------|----------|------------|-------------|-----------|------------|
| Docker | orderer1.example.com              | 38.3MB      | 38.3MB      | 95.92%   | 95.92%   | 0B         | 0B          | 0B        | 0B         |
|--------|-----------------------------------|-------------|-------------|----------|----------|------------|-------------|-----------|------------|
| Docker | kafka3                            | 320.9MB     | 320.9MB     | 0.93%    | 0.93%    | 0B         | 0B          | 0B        | 0B         |
|--------|-----------------------------------|-------------|-------------|----------|----------|------------|-------------|-----------|------------|
| Docker | kafka0                            | 417.7MB     | 417.7MB     | 290.12%  | 290.12%  | 0B         | 0B          | 0B        | 0B         |
|--------|-----------------------------------|-------------|-------------|----------|----------|------------|-------------|-----------|------------|
| Docker | kafka1                            | 380.8MB     | 380.8MB     | 13.25%   | 13.25%   | 0B         | 0B          | 0B        | 0B         |
|--------|-----------------------------------|-------------|-------------|----------|----------|------------|-------------|-----------|------------|
| Docker | kafka2                            | 355.9MB     | 355.9MB     | 20.52%   | 20.52%   | 0B         | 0B          | 0B        | 0B         |
|--------|-----------------------------------|-------------|-------------|----------|----------|------------|-------------|-----------|------------|
| Docker | zookeeper1                        | 49.8MB      | 49.8MB      | 0.22%    | 0.22%    | 0B         | 0B          | 0B        | 0B         |
|--------|-----------------------------------|-------------|-------------|----------|----------|------------|-------------|-----------|------------|
| Docker | zookeeper0                        | 51.7MB      | 51.7MB      | 0.09%    | 0.09%    | 0B         | 0B          | 0B        | 0B         |
|--------|-----------------------------------|-------------|-------------|----------|----------|------------|-------------|-----------|------------|
| Docker | zookeeper2                        | 61.1MB      | 61.1MB      | 0.11%    | 0.11%    | 0B         | 0B          | 0B        | 0B         |
|--------|-----------------------------------|-------------|-------------|----------|----------|------------|-------------|-----------|------------|
| Docker | ca.org1.example.com               | 9.8MB       | 9.8MB       | 0.00%    | 0.00%    | 0B         | 0B          | 0B        | 0B         |
|--------|-----------------------------------|-------------|-------------|----------|----------|------------|-------------|-----------|------------|
| Docker | ca.org2.example.com               | 9.8MB       | 9.8MB       | 0.00%    | 0.00%    | 0B         | 0B          | 0B        | 0B         |
+--------+-----------------------------------+-------------+-------------+----------+----------+------------+-------------+-----------+------------+
 

2020-02-26T17:18:15+09:00 - INFO [defaultTest]: ------ Passed 'smallOperations' testing ------ 

2020-02-26T17:18:15+09:00 - INFO [caliper-flow]: ---------- Finished Test ----------
 

2020-02-26T17:18:15+09:00 - INFO [report-builder]: ###all test results:### 

2020-02-26T17:18:15+09:00 - INFO [report-builder]: 
+------+-----------------+------+------+-----------+-------------+-------------+-------------+------------+
| Test | Name            | Succ | Fail | Send Rate | Max Latency | Min Latency | Avg Latency | Throughput |
|------|-----------------|------|------|-----------|-------------|-------------|-------------|------------|
| 1    | smallOperations | 1000 | 0    | 570.5 tps | 1.49 s      | 0.29 s      | 0.93 s      | 324.8 tps  |
|------|-----------------|------|------|-----------|-------------|-------------|-------------|------------|
| 2    | smallOperations | 1000 | 0    | 621.9 tps | 1.65 s      | 0.28 s      | 1.01 s      | 323.9 tps  |
+------+-----------------+------+------+-----------+-------------+-------------+-------------+------------+
 

2020-02-26T17:18:15+09:00 - INFO [monitor.js]: 
 ### resource stats (maximum) ### 

2020-02-26T17:18:15+09:00 - INFO [monitor.js]: 
+--------+-----------------------------------+-------------+----------+------------+-------------+-----------+------------+
| TYPE   | NAME                              | Memory(max) | CPU(max) | Traffic In | Traffic Out | Disc Read | Disc Write |
|--------|-----------------------------------|-------------|----------|------------|-------------|-----------|------------|
| Docker | dev-peer0.org1.example.co...nk-v0 | 8.3MB       | 16.84%   | 882.3KB    | 442.0KB     | 0B        | 0B         |
|--------|-----------------------------------|-------------|----------|------------|-------------|-----------|------------|
| Docker | dev-peer1.org2.example.co...nk-v0 | 8.5MB       | 16.50%   | 878.1KB    | 434.5KB     | 0B        | 0B         |
|--------|-----------------------------------|-------------|----------|------------|-------------|-----------|------------|
| Docker | dev-peer0.org2.example.co...nk-v0 | 8.4MB       | 17.46%   | 894.6KB    | 452.6KB     | 0B        | 0B         |
|--------|-----------------------------------|-------------|----------|------------|-------------|-----------|------------|
| Docker | dev-peer1.org1.example.co...nk-v0 | 8.4MB       | 18.68%   | 890.2KB    | 451.1KB     | 0B        | 0B         |
|--------|-----------------------------------|-------------|----------|------------|-------------|-----------|------------|
| Docker | dev-peer0.org2.example.co...le-v0 | 7.0MB       | 0.00%    | 315B       | 0B          | 0B        | 0B         |
|--------|-----------------------------------|-------------|----------|------------|-------------|-----------|------------|
| Docker | dev-peer1.org2.example.co...le-v0 | 7.0MB       | 0.00%    | 315B       | 0B          | 0B        | 0B         |
|--------|-----------------------------------|-------------|----------|------------|-------------|-----------|------------|
| Docker | dev-peer0.org1.example.co...le-v0 | 6.8MB       | 0.00%    | 245B       | 0B          | 0B        | 0B         |
|--------|-----------------------------------|-------------|----------|------------|-------------|-----------|------------|
| Docker | dev-peer1.org1.example.co...le-v0 | 6.9MB       | 0.00%    | 245B       | 0B          | 0B        | 0B         |
|--------|-----------------------------------|-------------|----------|------------|-------------|-----------|------------|
| Docker | dev-peer1.org1.example.co...rm-v0 | 6.9MB       | 0.00%    | 42B        | 0B          | 0B        | 0B         |
|--------|-----------------------------------|-------------|----------|------------|-------------|-----------|------------|
| Docker | dev-peer1.org2.example.co...rm-v0 | 6.8MB       | 0.00%    | 42B        | 0B          | 0B        | 0B         |
|--------|-----------------------------------|-------------|----------|------------|-------------|-----------|------------|
| Docker | dev-peer0.org2.example.co...rm-v0 | 6.6MB       | 0.00%    | 42B        | 0B          | 0B        | 0B         |
|--------|-----------------------------------|-------------|----------|------------|-------------|-----------|------------|
| Docker | dev-peer0.org1.example.co...rm-v0 | 7.1MB       | 0.00%    | 42B        | 0B          | 0B        | 0B         |
|--------|-----------------------------------|-------------|----------|------------|-------------|-----------|------------|
| Docker | dev-peer0.org2.example.co...es-v0 | 6.9MB       | 0.00%    | 245B       | 0B          | 0B        | 0B         |
|--------|-----------------------------------|-------------|----------|------------|-------------|-----------|------------|
| Docker | dev-peer1.org1.example.co...es-v0 | 7.0MB       | 0.00%    | 42B        | 0B          | 0B        | 0B         |
|--------|-----------------------------------|-------------|----------|------------|-------------|-----------|------------|
| Docker | dev-peer1.org2.example.co...es-v0 | 6.8MB       | 0.00%    | 42B        | 0B          | 0B        | 0B         |
|--------|-----------------------------------|-------------|----------|------------|-------------|-----------|------------|
| Docker | dev-peer0.org1.example.co...es-v0 | 6.7MB       | 0.00%    | 42B        | 0B          | 0B        | 0B         |
|--------|-----------------------------------|-------------|----------|------------|-------------|-----------|------------|
| Docker | peer1.org1.example.com            | 184.3MB     | 166.61%  | 5.0MB      | 1.9MB       | 0B        | 9.8MB      |
|--------|-----------------------------------|-------------|----------|------------|-------------|-----------|------------|
| Docker | peer0.org1.example.com            | 183.9MB     | 171.17%  | 5.1MB      | 2.5MB       | 0B        | 9.8MB      |
|--------|-----------------------------------|-------------|----------|------------|-------------|-----------|------------|
| Docker | peer0.org2.example.com            | 152.5MB     | 170.43%  | 5.0MB      | 1.9MB       | 0B        | 9.8MB      |
|--------|-----------------------------------|-------------|----------|------------|-------------|-----------|------------|
| Docker | peer1.org2.example.com            | 184.7MB     | 160.26%  | 5.0MB      | 1.9MB       | 0B        | 9.8MB      |
|--------|-----------------------------------|-------------|----------|------------|-------------|-----------|------------|
| Docker | orderer0.example.com              | 34.4MB      | 108.00%  | 6.1MB      | 13.9MB      | 0B        | 8.1MB      |
|--------|-----------------------------------|-------------|----------|------------|-------------|-----------|------------|
| Docker | orderer1.example.com              | 38.3MB      | 103.86%  | 6.2MB      | 6.1MB       | 0B        | 8.1MB      |
|--------|-----------------------------------|-------------|----------|------------|-------------|-----------|------------|
| Docker | kafka3                            | 321.2MB     | 1.75%    | 7.0KB      | 4.3KB       | 0B        | 8.0KB      |
|--------|-----------------------------------|-------------|----------|------------|-------------|-----------|------------|
| Docker | kafka0                            | 417.7MB     | 290.12%  | 4.2MB      | 16.1MB      | 0B        | 8.0KB      |
|--------|-----------------------------------|-------------|----------|------------|-------------|-----------|------------|
| Docker | kafka1                            | 380.8MB     | 82.65%   | 4.0MB      | 106.6KB     | 0B        | 8.0KB      |
|--------|-----------------------------------|-------------|----------|------------|-------------|-----------|------------|
| Docker | kafka2                            | 355.9MB     | 60.99%   | 4.0MB      | 67.8KB      | 0B        | 8.0KB      |
|--------|-----------------------------------|-------------|----------|------------|-------------|-----------|------------|
| Docker | zookeeper1                        | 49.8MB      | 0.85%    | 1.2KB      | 688B        | 0B        | 0B         |
|--------|-----------------------------------|-------------|----------|------------|-------------|-----------|------------|
| Docker | zookeeper0                        | 51.7MB      | 0.61%    | 1.8KB      | 1.1KB       | 0B        | 0B         |
|--------|-----------------------------------|-------------|----------|------------|-------------|-----------|------------|
| Docker | zookeeper2                        | 61.4MB      | 0.35%    | 3.1KB      | 3.4KB       | 0B        | 0B         |
|--------|-----------------------------------|-------------|----------|------------|-------------|-----------|------------|
| Docker | ca.org1.example.com               | 9.8MB       | 0.00%    | 112B       | 0B          | 0B        | 0B         |
|--------|-----------------------------------|-------------|----------|------------|-------------|-----------|------------|
| Docker | ca.org2.example.com               | 9.8MB       | 0.00%    | 42B        | 0B          | 0B        | 0B         |
+--------+-----------------------------------+-------------+----------+------------+-------------+-----------+------------+
 

2020-02-26T17:18:15+09:00 - INFO [caliper-flow]: Generated report with path /home/oslab/caliper-benchmarks/report-20200226T081815.html 

2020-02-26T17:18:15+09:00 - INFO [demo.js]: [Transaction Info] - Submitted: 2000 Succ: 2000 Fail:0 Unfinished:0 

2020-02-26T17:18:15+09:00 - INFO [caliper-flow]: 

#######################################
# Test summary: 2 succeeded, 0 failed #
#######################################
 

2020-02-26T17:18:15+09:00 - INFO [caliper-utils]: Executing command: cd /home/oslab/caliper-benchmarks/caliper/packages/caliper-samples;docker-compose -f network/fabric-v1.4.1/kafka2o2pgoleveldb/docker-compose.yaml down;(test -z \"$(docker ps -aq)\") || docker rm $(docker ps -aq);(test -z \"$(docker images dev* -q)\") || docker rmi $(docker images dev* -q);rm -rf /tmp/hfc-* 

2020-02-26T17:18:15+09:00 - INFO [client-util.js]: Client exited with code null 

2020-02-26T17:18:15+09:00 - INFO [client-util.js]: Client exited with code null 

2020-02-26T17:18:15+09:00 - INFO [client-util.js]: Client exited with code null 

2020-02-26T17:18:15+09:00 - INFO [client-util.js]: Client exited with code null 

2020-02-26T17:18:15+09:00 - INFO [client-util.js]: Client exited with code null 

