2020-08-04T20:00:05+09:00 - INFO [adapters/fabric]: Successfully instantiated simple@v0 in mychannel 

2020-08-04T20:00:05+09:00 - INFO [adapters/fabric]: Instantiating smallbank@v0 in mychannel. This might take some time... 

2020-08-04T20:00:22+09:00 - INFO [adapters/fabric]: Successfully instantiated smallbank@v0 in mychannel 

2020-08-04T20:00:22+09:00 - INFO [adapters/fabric]: Sleeping 5s... 

2020-08-04T20:00:27+09:00 - INFO [caliper-flow]: Started monitor successfully 

2020-08-04T20:00:27+09:00 - INFO [defaultTest]: ####### Testing 'smallOperations' ####### 

2020-08-04T20:00:27+09:00 - INFO [defaultTest]: ------ Test round 1 ------ 

2020-08-04T20:00:27+09:00 - INFO [client-util.js]: Launching client with PID  10494 

2020-08-04T20:00:27+09:00 - INFO [client-util.js]: Launching client with PID  10500 

2020-08-04T20:00:27+09:00 - INFO [client-util.js]: Launching client with PID  10506 

2020-08-04T20:00:27+09:00 - INFO [client-util.js]: Launching client with PID  10512 

2020-08-04T20:00:27+09:00 - INFO [client-util.js]: Launching client with PID  10518 

2020-08-04T20:00:27+09:00 - INFO [client-util.js]: Waiting for 5 clients to be ready...  

2020-08-04T20:00:28+09:00 - INFO [demo.js]: [Transaction Info] - Submitted: 0 Succ: 0 Fail:0 Unfinished:0 

2020-08-04T20:00:27+09:00 - DEBUG Constructed a winston logger with the specified targets:
	{"consolelogger":{"target":"console","level":"info"},"filelogger":{"target":"daily-rotate-file","level":"debug","filename":"log/caliper-%DATE%.log","datePattern":"YYYY-MM-DD-HH","maxSize":"5m","zippedArchive":true}}

2020-08-04T20:00:27+09:00 - DEBUG Constructed a winston logger with the specified targets:
	{"consolelogger":{"target":"console","level":"info"},"filelogger":{"target":"daily-rotate-file","level":"debug","filename":"log/caliper-%DATE%.log","datePattern":"YYYY-MM-DD-HH","maxSize":"5m","zippedArchive":true}}

2020-08-04T20:00:27+09:00 - DEBUG Constructed a winston logger with the specified targets:
	{"consolelogger":{"target":"console","level":"info"},"filelogger":{"target":"daily-rotate-file","level":"debug","filename":"log/caliper-%DATE%.log","datePattern":"YYYY-MM-DD-HH","maxSize":"5m","zippedArchive":true}}

2020-08-04T20:00:27+09:00 - DEBUG Constructed a winston logger with the specified targets:
	{"consolelogger":{"target":"console","level":"info"},"filelogger":{"target":"daily-rotate-file","level":"debug","filename":"log/caliper-%DATE%.log","datePattern":"YYYY-MM-DD-HH","maxSize":"5m","zippedArchive":true}}

2020-08-04T20:00:27+09:00 - DEBUG Constructed a winston logger with the specified targets:
	{"consolelogger":{"target":"console","level":"info"},"filelogger":{"target":"daily-rotate-file","level":"debug","filename":"log/caliper-%DATE%.log","datePattern":"YYYY-MM-DD-HH","maxSize":"5m","zippedArchive":true}}

2020-08-04T20:00:29+09:00 - INFO [client-util.js]: Client ready message recieved 

2020-08-04T20:00:29+09:00 - INFO [fabric/fabricClientWorker]: Client ready 

2020-08-04T20:00:29+09:00 - INFO [client-util.js]: Client ready message recieved 

2020-08-04T20:00:29+09:00 - INFO [fabric/fabricClientWorker]: Client ready 

2020-08-04T20:00:29+09:00 - INFO [client-util.js]: Client ready message recieved 

2020-08-04T20:00:29+09:00 - INFO [fabric/fabricClientWorker]: Client ready 

2020-08-04T20:00:29+09:00 - INFO [client-util.js]: Client ready message recieved 

2020-08-04T20:00:29+09:00 - INFO [fabric/fabricClientWorker]: Client ready 

2020-08-04T20:00:29+09:00 - INFO [client-util.js]: Client ready message recieved 

2020-08-04T20:00:29+09:00 - INFO [client-util.js]: 5 clients ready, starting test phase 

2020-08-04T20:00:29+09:00 - INFO [fabric/fabricClientWorker]: Client ready 

2020-08-04T20:00:29+09:00 - DEBUG [local-client.js]: doTest() with:
	{"type":"test","label":"smallOperations","rateControl":{"type":"fixed-rate","opts":{"tps":2000}},"trim":0,"args":{"accounts":400,"txnPerBatch":1},"cb":"benchmark/smallbank/smallbankOperations.js","config":"/home/oslab/caliper_v0.1.0/caliper/packages/caliper-samples/network/fabric-v1.4.1/kafka2o2pgoleveldb/fabric-go.yaml","root":"/home/oslab/caliper_v0.1.0/caliper/packages/caliper-samples","numb":400,"roundIdx":1,"totalClients":5,"clients":5,"clientargs":{},"clientIdx":4}

2020-08-04T20:00:29+09:00 - DEBUG [local-client.js]: doTest() with:
	{"type":"test","label":"smallOperations","rateControl":{"type":"fixed-rate","opts":{"tps":2000}},"trim":0,"args":{"accounts":400,"txnPerBatch":1},"cb":"benchmark/smallbank/smallbankOperations.js","config":"/home/oslab/caliper_v0.1.0/caliper/packages/caliper-samples/network/fabric-v1.4.1/kafka2o2pgoleveldb/fabric-go.yaml","root":"/home/oslab/caliper_v0.1.0/caliper/packages/caliper-samples","numb":400,"roundIdx":1,"totalClients":5,"clients":5,"clientargs":{},"clientIdx":1}

2020-08-04T20:00:29+09:00 - DEBUG [local-client.js]: doTest() with:
	{"type":"test","label":"smallOperations","rateControl":{"type":"fixed-rate","opts":{"tps":2000}},"trim":0,"args":{"accounts":400,"txnPerBatch":1},"cb":"benchmark/smallbank/smallbankOperations.js","config":"/home/oslab/caliper_v0.1.0/caliper/packages/caliper-samples/network/fabric-v1.4.1/kafka2o2pgoleveldb/fabric-go.yaml","root":"/home/oslab/caliper_v0.1.0/caliper/packages/caliper-samples","numb":400,"roundIdx":1,"totalClients":5,"clients":5,"clientargs":{},"clientIdx":0}

2020-08-04T20:00:29+09:00 - DEBUG [local-client.js]: doTest() with:
	{"type":"test","label":"smallOperations","rateControl":{"type":"fixed-rate","opts":{"tps":2000}},"trim":0,"args":{"accounts":400,"txnPerBatch":1},"cb":"benchmark/smallbank/smallbankOperations.js","config":"/home/oslab/caliper_v0.1.0/caliper/packages/caliper-samples/network/fabric-v1.4.1/kafka2o2pgoleveldb/fabric-go.yaml","root":"/home/oslab/caliper_v0.1.0/caliper/packages/caliper-samples","numb":400,"roundIdx":1,"totalClients":5,"clients":5,"clientargs":{},"clientIdx":2}

2020-08-04T20:00:29+09:00 - DEBUG [local-client.js]: doTest() with:
	{"type":"test","label":"smallOperations","rateControl":{"type":"fixed-rate","opts":{"tps":2000}},"trim":0,"args":{"accounts":400,"txnPerBatch":1},"cb":"benchmark/smallbank/smallbankOperations.js","config":"/home/oslab/caliper_v0.1.0/caliper/packages/caliper-samples/network/fabric-v1.4.1/kafka2o2pgoleveldb/fabric-go.yaml","root":"/home/oslab/caliper_v0.1.0/caliper/packages/caliper-samples","numb":400,"roundIdx":1,"totalClients":5,"clients":5,"clientargs":{},"clientIdx":3}

2020-08-04T20:00:29+09:00 - INFO [local-client.js]: txUpdateTime: 1000 

2020-08-04T20:00:29+09:00 - INFO [local-client.js]: txUpdateTime: 1000 

2020-08-04T20:00:29+09:00 - INFO [local-client.js]: txUpdateTime: 1000 

2020-08-04T20:00:29+09:00 - INFO [local-client.js]: txUpdateTime: 1000 

2020-08-04T20:00:29+09:00 - INFO [local-client.js]: txUpdateTime: 1000 

2020-08-04T20:00:29+09:00 - INFO [local-client.js]: Info: client 10494 start test runFixedNumber():small_bank_operations 

2020-08-04T20:00:29+09:00 - INFO [local-client.js]: Info: client 10512 start test runFixedNumber():small_bank_operations 

2020-08-04T20:00:29+09:00 - DEBUG [rateControl.js]: Creating rate controller for client#0 for round#1
	{"type":"fixed-rate","opts":{"tps":2000}}

2020-08-04T20:00:29+09:00 - DEBUG [rateControl.js]: Creating rate controller for client#3 for round#1
	{"type":"fixed-rate","opts":{"tps":2000}}

2020-08-04T20:00:29+09:00 - INFO [local-client.js]: Info: client 10518 start test runFixedNumber():small_bank_operations 

2020-08-04T20:00:29+09:00 - DEBUG [rateControl.js]: Creating rate controller for client#4 for round#1
	{"type":"fixed-rate","opts":{"tps":2000}}

2020-08-04T20:00:29+09:00 - INFO [local-client.js]: Info: client 10500 start test runFixedNumber():small_bank_operations 

2020-08-04T20:00:29+09:00 - INFO [local-client.js]: Info: client 10506 start test runFixedNumber():small_bank_operations 

2020-08-04T20:00:29+09:00 - DEBUG [rateControl.js]: Creating rate controller for client#1 for round#1
	{"type":"fixed-rate","opts":{"tps":2000}}

2020-08-04T20:00:29+09:00 - DEBUG [rateControl.js]: Creating rate controller for client#2 for round#1
	{"type":"fixed-rate","opts":{"tps":2000}}

2020-08-04T20:00:29+09:00 - INFO [demo.js]: [Transaction Info] - Submitted: 0 Succ: 0 Fail:0 Unfinished:0 

2020-08-04T20:00:30+09:00 - INFO [demo.js]: [Transaction Info] - Submitted: 508 Succ: 0 Fail:0 Unfinished:508 

2020-08-04T20:00:31+09:00 - INFO [demo.js]: [Transaction Info] - Submitted: 1158 Succ: 608 Fail:0 Unfinished:550 

2020-08-04T20:00:32+09:00 - INFO [demo.js]: [Transaction Info] - Submitted: 1809 Succ: 972 Fail:0 Unfinished:837 

2020-08-04T20:00:33+09:00 - INFO [demo.js]: [Transaction Info] - Submitted: 2000 Succ: 2000 Fail:0 Unfinished:0 

2020-08-04T20:00:33+09:00 - DEBUG [report-builder]: r.create.max: 1596538832.788 r.create.min: 1596538829.457 r.final.max: 1596538833.424 r.final.min: 1596538830.675 r.final.last: 1596538833.424 

2020-08-04T20:00:33+09:00 - DEBUG [report-builder]:  throughput for only success time computed: 504.2 

2020-08-04T20:00:33+09:00 - DEBUG [report-builder]: sendTransactionProposal: 0ms length: 2000 

2020-08-04T20:00:33+09:00 - DEBUG [report-builder]: sendTransaction: 0ms 

2020-08-04T20:00:33+09:00 - DEBUG [report-builder]: invokeLatency: 0ms 

2020-08-04T20:00:33+09:00 - INFO [report-builder]: ###test result:### 

2020-08-04T20:00:33+09:00 - INFO [report-builder]: 
+-----------------+------+------+-----------+-------------+-------------+-------------+------------+
| Name            | Succ | Fail | Send Rate | Max Latency | Min Latency | Avg Latency | Throughput |
|-----------------|------|------|-----------|-------------|-------------|-------------|------------|
| smallOperations | 2000 | 0    | 600.4 tps | 1.54 s      | 0.51 s      | 1.04 s      | 504.2 tps  |
+-----------------+------+------+-----------+-------------+-------------+-------------+------------+
 

2020-08-04T20:00:33+09:00 - INFO [report-builder]: ### resource stats ### 

2020-08-04T20:00:33+09:00 - INFO [report-builder]: 
+--------+-----------------------------------+-------------+-------------+----------+----------+------------+-------------+-----------+------------+
| TYPE   | NAME                              | Memory(max) | Memory(avg) | CPU(max) | CPU(avg) | Traffic In | Traffic Out | Disc Read | Disc Write |
|--------|-----------------------------------|-------------|-------------|----------|----------|------------|-------------|-----------|------------|
| Docker | dev-peer0.org1.example.co...nk-v0 | 8.5MB       | 7.7MB       | 17.49%   | 8.74%    | 1.5MB      | 750.6KB     | 0B        | 0B         |
|--------|-----------------------------------|-------------|-------------|----------|----------|------------|-------------|-----------|------------|
| Docker | dev-peer0.org2.example.co...nk-v0 | 8.4MB       | 7.8MB       | 17.13%   | 11.25%   | 1.3MB      | 678.6KB     | 0B        | 0B         |
|--------|-----------------------------------|-------------|-------------|----------|----------|------------|-------------|-----------|------------|
| Docker | dev-peer1.org1.example.co...nk-v0 | 8.6MB       | 8.1MB       | 17.87%   | 11.48%   | 1.3MB      | 665.4KB     | 0B        | 0B         |
|--------|-----------------------------------|-------------|-------------|----------|----------|------------|-------------|-----------|------------|
| Docker | dev-peer1.org2.example.co...nk-v0 | 8.6MB       | 7.9MB       | 17.32%   | 11.45%   | 1.3MB      | 669.8KB     | 0B        | 0B         |
|--------|-----------------------------------|-------------|-------------|----------|----------|------------|-------------|-----------|------------|
| Docker | dev-peer0.org2.example.co...le-v0 | 6.9MB       | 6.9MB       | 0.00%    | 0.00%    | 0B         | 0B          | 0B        | 0B         |
|--------|-----------------------------------|-------------|-------------|----------|----------|------------|-------------|-----------|------------|
| Docker | dev-peer1.org2.example.co...le-v0 | 7.2MB       | 7.2MB       | 0.00%    | 0.00%    | 70B        | 0B          | 0B        | 0B         |
|--------|-----------------------------------|-------------|-------------|----------|----------|------------|-------------|-----------|------------|
| Docker | dev-peer0.org1.example.co...le-v0 | 7.1MB       | 7.1MB       | 0.00%    | 0.00%    | 70B        | 0B          | 0B        | 0B         |
|--------|-----------------------------------|-------------|-------------|----------|----------|------------|-------------|-----------|------------|
| Docker | dev-peer1.org1.example.co...le-v0 | 6.8MB       | 6.8MB       | 0.00%    | 0.00%    | 0B         | 0B          | 0B        | 0B         |
|--------|-----------------------------------|-------------|-------------|----------|----------|------------|-------------|-----------|------------|
| Docker | dev-peer1.org1.example.co...rm-v0 | 6.9MB       | 6.9MB       | 0.00%    | 0.00%    | 0B         | 0B          | 0B        | 0B         |
|--------|-----------------------------------|-------------|-------------|----------|----------|------------|-------------|-----------|------------|
| Docker | dev-peer0.org1.example.co...rm-v0 | 6.8MB       | 6.8MB       | 0.00%    | 0.00%    | 0B         | 0B          | 0B        | 0B         |
|--------|-----------------------------------|-------------|-------------|----------|----------|------------|-------------|-----------|------------|
| Docker | dev-peer0.org2.example.co...rm-v0 | 7.1MB       | 7.1MB       | 0.00%    | 0.00%    | 0B         | 0B          | 0B        | 0B         |
|--------|-----------------------------------|-------------|-------------|----------|----------|------------|-------------|-----------|------------|
| Docker | dev-peer1.org2.example.co...rm-v0 | 6.7MB       | 6.7MB       | 0.00%    | 0.00%    | 0B         | 0B          | 0B        | 0B         |
|--------|-----------------------------------|-------------|-------------|----------|----------|------------|-------------|-----------|------------|
| Docker | dev-peer1.org1.example.co...es-v0 | 7.3MB       | 7.3MB       | 0.00%    | 0.00%    | 70B        | 0B          | 0B        | 0B         |
|--------|-----------------------------------|-------------|-------------|----------|----------|------------|-------------|-----------|------------|
| Docker | dev-peer1.org2.example.co...es-v0 | 7.2MB       | 7.2MB       | 0.00%    | 0.00%    | 203B       | 0B          | 0B        | 0B         |
|--------|-----------------------------------|-------------|-------------|----------|----------|------------|-------------|-----------|------------|
| Docker | dev-peer0.org2.example.co...es-v0 | 6.9MB       | 6.9MB       | 0.00%    | 0.00%    | 203B       | 0B          | 0B        | 0B         |
|--------|-----------------------------------|-------------|-------------|----------|----------|------------|-------------|-----------|------------|
| Docker | dev-peer0.org1.example.co...es-v0 | 6.8MB       | 6.8MB       | 0.00%    | 0.00%    | 0B         | 0B          | 0B        | 0B         |
|--------|-----------------------------------|-------------|-------------|----------|----------|------------|-------------|-----------|------------|
| Docker | peer1.org2.example.com            | 181.4MB     | 177.4MB     | 196.22%  | 111.68%  | 6.7MB      | 2.5MB       | 0B        | 10.8MB     |
|--------|-----------------------------------|-------------|-------------|----------|----------|------------|-------------|-----------|------------|
| Docker | peer0.org1.example.com            | 181.4MB     | 169.5MB     | 209.33%  | 119.79%  | 6.8MB      | 2.7MB       | 0B        | 10.8MB     |
|--------|-----------------------------------|-------------|-------------|----------|----------|------------|-------------|-----------|------------|
| Docker | peer1.org1.example.com            | 181.5MB     | 173.1MB     | 204.21%  | 114.69%  | 6.8MB      | 2.7MB       | 0B        | 10.8MB     |
|--------|-----------------------------------|-------------|-------------|----------|----------|------------|-------------|-----------|------------|
| Docker | peer0.org2.example.com            | 181.4MB     | 172.9MB     | 206.52%  | 114.98%  | 6.8MB      | 2.7MB       | 0B        | 10.8MB     |
|--------|-----------------------------------|-------------|-------------|----------|----------|------------|-------------|-----------|------------|
| Docker | orderer0.example.com              | 41.2MB      | 29.6MB      | 95.73%   | 57.31%   | 9.1MB      | 8.3MB       | 0B        | 13.8MB     |
|--------|-----------------------------------|-------------|-------------|----------|----------|------------|-------------|-----------|------------|
| Docker | orderer1.example.com              | 49.8MB      | 36.3MB      | 100.34%  | 59.71%   | 9.5MB      | 18.8MB      | 0B        | 13.8MB     |
|--------|-----------------------------------|-------------|-------------|----------|----------|------------|-------------|-----------|------------|
| Docker | kafka3                            | 343.1MB     | 337.7MB     | 24.80%   | 16.23%   | 5.9MB      | 131.7KB     | 0B        | 4.0KB      |
|--------|-----------------------------------|-------------|-------------|----------|----------|------------|-------------|-----------|------------|
| Docker | kafka1                            | 339.1MB     | 339.1MB     | 0.85%    | 0.79%    | 2.0KB      | 1.4KB       | 0B        | 4.0KB      |
|--------|-----------------------------------|-------------|-------------|----------|----------|------------|-------------|-----------|------------|
| Docker | kafka2                            | 380.2MB     | 368.1MB     | 202.30%  | 115.82%  | 6.1MB      | 23.5MB      | 0B        | 4.0KB      |
|--------|-----------------------------------|-------------|-------------|----------|----------|------------|-------------|-----------|------------|
| Docker | kafka0                            | 336.9MB     | 332.8MB     | 43.14%   | 34.36%   | 6.2MB      | 115.6KB     | 0B        | 4.0KB      |
|--------|-----------------------------------|-------------|-------------|----------|----------|------------|-------------|-----------|------------|
| Docker | zookeeper2                        | 54.5MB      | 54.5MB      | 0.72%    | 0.41%    | 696B       | 998B        | 0B        | 0B         |
|--------|-----------------------------------|-------------|-------------|----------|----------|------------|-------------|-----------|------------|
| Docker | ca.org1.example.com               | 9.7MB       | 9.7MB       | 0.00%    | 0.00%    | 0B         | 0B          | 0B        | 0B         |
|--------|-----------------------------------|-------------|-------------|----------|----------|------------|-------------|-----------|------------|
| Docker | zookeeper0                        | 59.0MB      | 58.9MB      | 0.32%    | 0.24%    | 744B       | 454B        | 0B        | 0B         |
|--------|-----------------------------------|-------------|-------------|----------|----------|------------|-------------|-----------|------------|
| Docker | zookeeper1                        | 51.4MB      | 51.4MB      | 0.27%    | 0.19%    | 600B       | 356B        | 0B        | 0B         |
|--------|-----------------------------------|-------------|-------------|----------|----------|------------|-------------|-----------|------------|
| Docker | ca.org2.example.com               | 10.6MB      | 10.6MB      | 0.00%    | 0.00%    | 0B         | 0B          | 0B        | 0B         |
+--------+-----------------------------------+-------------+-------------+----------+----------+------------+-------------+-----------+------------+
 

2020-08-04T20:00:33+09:00 - INFO [defaultTest]: ------ Passed 'smallOperations' testing ------ 

2020-08-04T20:00:33+09:00 - INFO [caliper-flow]: ---------- Finished Test ----------
 

2020-08-04T20:00:33+09:00 - INFO [report-builder]: ###all test results:### 

2020-08-04T20:00:33+09:00 - INFO [report-builder]: 
+------+-----------------+------+------+-----------+-------------+-------------+-------------+------------+
| Test | Name            | Succ | Fail | Send Rate | Max Latency | Min Latency | Avg Latency | Throughput |
|------|-----------------|------|------|-----------|-------------|-------------|-------------|------------|
| 1    | smallOperations | 2000 | 0    | 600.4 tps | 1.54 s      | 0.51 s      | 1.04 s      | 504.2 tps  |
+------+-----------------+------+------+-----------+-------------+-------------+-------------+------------+
 

2020-08-04T20:00:33+09:00 - INFO [monitor.js]: 
 ### resource stats (maximum) ### 

2020-08-04T20:00:33+09:00 - INFO [monitor.js]: 
+--------+-----------------------------------+-------------+----------+------------+-------------+-----------+------------+
| TYPE   | NAME                              | Memory(max) | CPU(max) | Traffic In | Traffic Out | Disc Read | Disc Write |
|--------|-----------------------------------|-------------|----------|------------|-------------|-----------|------------|
| Docker | dev-peer0.org1.example.co...nk-v0 | 8.5MB       | 17.49%   | 1.5MB      | 750.6KB     | 0B        | 0B         |
|--------|-----------------------------------|-------------|----------|------------|-------------|-----------|------------|
| Docker | dev-peer0.org2.example.co...nk-v0 | 8.4MB       | 17.13%   | 1.3MB      | 678.6KB     | 0B        | 0B         |
|--------|-----------------------------------|-------------|----------|------------|-------------|-----------|------------|
| Docker | dev-peer1.org1.example.co...nk-v0 | 8.6MB       | 17.87%   | 1.3MB      | 665.4KB     | 0B        | 0B         |
|--------|-----------------------------------|-------------|----------|------------|-------------|-----------|------------|
| Docker | dev-peer1.org2.example.co...nk-v0 | 8.6MB       | 17.32%   | 1.3MB      | 669.8KB     | 0B        | 0B         |
|--------|-----------------------------------|-------------|----------|------------|-------------|-----------|------------|
| Docker | dev-peer0.org2.example.co...le-v0 | 6.9MB       | 0.00%    | 0B         | 0B          | 0B        | 0B         |
|--------|-----------------------------------|-------------|----------|------------|-------------|-----------|------------|
| Docker | dev-peer1.org2.example.co...le-v0 | 7.2MB       | 0.00%    | 70B        | 0B          | 0B        | 0B         |
|--------|-----------------------------------|-------------|----------|------------|-------------|-----------|------------|
| Docker | dev-peer0.org1.example.co...le-v0 | 7.1MB       | 0.00%    | 70B        | 0B          | 0B        | 0B         |
|--------|-----------------------------------|-------------|----------|------------|-------------|-----------|------------|
| Docker | dev-peer1.org1.example.co...le-v0 | 6.8MB       | 0.00%    | 0B         | 0B          | 0B        | 0B         |
|--------|-----------------------------------|-------------|----------|------------|-------------|-----------|------------|
| Docker | dev-peer1.org1.example.co...rm-v0 | 6.9MB       | 0.00%    | 0B         | 0B          | 0B        | 0B         |
|--------|-----------------------------------|-------------|----------|------------|-------------|-----------|------------|
| Docker | dev-peer0.org1.example.co...rm-v0 | 6.8MB       | 0.00%    | 0B         | 0B          | 0B        | 0B         |
|--------|-----------------------------------|-------------|----------|------------|-------------|-----------|------------|
| Docker | dev-peer0.org2.example.co...rm-v0 | 7.1MB       | 0.00%    | 0B         | 0B          | 0B        | 0B         |
|--------|-----------------------------------|-------------|----------|------------|-------------|-----------|------------|
| Docker | dev-peer1.org2.example.co...rm-v0 | 6.7MB       | 0.00%    | 0B         | 0B          | 0B        | 0B         |
|--------|-----------------------------------|-------------|----------|------------|-------------|-----------|------------|
| Docker | dev-peer1.org1.example.co...es-v0 | 7.3MB       | 0.00%    | 70B        | 0B          | 0B        | 0B         |
|--------|-----------------------------------|-------------|----------|------------|-------------|-----------|------------|
| Docker | dev-peer1.org2.example.co...es-v0 | 7.2MB       | 0.00%    | 203B       | 0B          | 0B        | 0B         |
|--------|-----------------------------------|-------------|----------|------------|-------------|-----------|------------|
| Docker | dev-peer0.org2.example.co...es-v0 | 6.9MB       | 0.00%    | 203B       | 0B          | 0B        | 0B         |
|--------|-----------------------------------|-------------|----------|------------|-------------|-----------|------------|
| Docker | dev-peer0.org1.example.co...es-v0 | 6.8MB       | 0.00%    | 0B         | 0B          | 0B        | 0B         |
|--------|-----------------------------------|-------------|----------|------------|-------------|-----------|------------|
| Docker | peer1.org2.example.com            | 181.4MB     | 196.22%  | 6.7MB      | 2.5MB       | 0B        | 10.8MB     |
|--------|-----------------------------------|-------------|----------|------------|-------------|-----------|------------|
| Docker | peer0.org1.example.com            | 181.4MB     | 209.33%  | 6.8MB      | 2.7MB       | 0B        | 10.8MB     |
|--------|-----------------------------------|-------------|----------|------------|-------------|-----------|------------|
| Docker | peer1.org1.example.com            | 181.5MB     | 204.21%  | 6.8MB      | 2.7MB       | 0B        | 10.8MB     |
|--------|-----------------------------------|-------------|----------|------------|-------------|-----------|------------|
| Docker | peer0.org2.example.com            | 181.4MB     | 206.52%  | 6.8MB      | 2.7MB       | 0B        | 10.8MB     |
|--------|-----------------------------------|-------------|----------|------------|-------------|-----------|------------|
| Docker | orderer0.example.com              | 41.2MB      | 95.73%   | 9.1MB      | 8.3MB       | 0B        | 13.8MB     |
|--------|-----------------------------------|-------------|----------|------------|-------------|-----------|------------|
| Docker | orderer1.example.com              | 49.8MB      | 100.34%  | 9.5MB      | 18.8MB      | 0B        | 13.8MB     |
|--------|-----------------------------------|-------------|----------|------------|-------------|-----------|------------|
| Docker | kafka3                            | 343.1MB     | 24.80%   | 5.9MB      | 131.7KB     | 0B        | 4.0KB      |
|--------|-----------------------------------|-------------|----------|------------|-------------|-----------|------------|
| Docker | kafka1                            | 339.1MB     | 0.85%    | 2.0KB      | 1.4KB       | 0B        | 4.0KB      |
|--------|-----------------------------------|-------------|----------|------------|-------------|-----------|------------|
| Docker | kafka2                            | 380.2MB     | 202.30%  | 6.1MB      | 23.5MB      | 0B        | 4.0KB      |
|--------|-----------------------------------|-------------|----------|------------|-------------|-----------|------------|
| Docker | kafka0                            | 336.9MB     | 43.14%   | 6.2MB      | 115.6KB     | 0B        | 4.0KB      |
|--------|-----------------------------------|-------------|----------|------------|-------------|-----------|------------|
| Docker | zookeeper2                        | 54.5MB      | 0.72%    | 696B       | 998B        | 0B        | 0B         |
|--------|-----------------------------------|-------------|----------|------------|-------------|-----------|------------|
| Docker | ca.org1.example.com               | 9.7MB       | 0.00%    | 0B         | 0B          | 0B        | 0B         |
|--------|-----------------------------------|-------------|----------|------------|-------------|-----------|------------|
| Docker | zookeeper0                        | 59.0MB      | 0.32%    | 744B       | 454B        | 0B        | 0B         |
|--------|-----------------------------------|-------------|----------|------------|-------------|-----------|------------|
| Docker | zookeeper1                        | 51.4MB      | 0.27%    | 600B       | 356B        | 0B        | 0B         |
|--------|-----------------------------------|-------------|----------|------------|-------------|-----------|------------|
| Docker | ca.org2.example.com               | 10.6MB      | 0.00%    | 0B         | 0B          | 0B        | 0B         |
+--------+-----------------------------------+-------------+----------+------------+-------------+-----------+------------+
 

2020-08-04T20:00:33+09:00 - INFO [caliper-flow]: Generated report with path /home/oslab/caliper_v0.1.0/report-20200804T110033.html 

2020-08-04T20:00:33+09:00 - INFO [demo.js]: [Transaction Info] - Submitted: 2000 Succ: 2000 Fail:0 Unfinished:0 

2020-08-04T20:00:33+09:00 - INFO [caliper-flow]: 

#######################################
# Test summary: 1 succeeded, 0 failed #
#######################################
 

2020-08-04T20:00:33+09:00 - INFO [caliper-utils]: Executing command: cd /home/oslab/caliper_v0.1.0/caliper/packages/caliper-samples;docker-compose -f network/fabric-v1.4.1/kafka2o2pgoleveldb/docker-compose.yaml down;(test -z \"$(docker ps -aq)\") || docker rm $(docker ps -aq);(test -z \"$(docker images dev* -q)\") || docker rmi $(docker images dev* -q);rm -rf /tmp/hfc-* 

2020-08-04T20:00:33+09:00 - INFO [client-util.js]: Client exited with code null 

2020-08-04T20:00:33+09:00 - INFO [client-util.js]: Client exited with code null 

2020-08-04T20:00:33+09:00 - INFO [client-util.js]: Client exited with code null 

2020-08-04T20:00:33+09:00 - INFO [client-util.js]: Client exited with code null 

2020-08-04T20:00:33+09:00 - INFO [client-util.js]: Client exited with code null 

