2020-05-27T10:20:53+09:00 - DEBUG Constructed a winston logger with the specified targets:
	{"consolelogger":{"target":"console","level":"info"},"filelogger":{"target":"daily-rotate-file","level":"debug","filename":"log/caliper-%DATE%.log","datePattern":"YYYY-MM-DD-HH","maxSize":"5m","zippedArchive":true}}

2020-05-27T10:20:54+09:00 - INFO [caliper-flow]: ####### Caliper Test ####### 

2020-05-27T10:20:54+09:00 - INFO [caliper-flow]: Skipping start commands due to benchmark flow conditioning 

2020-05-27T10:20:54+09:00 - INFO [caliper-flow]: Skipping initialization phase due to benchmark flow conditioning 

2020-05-27T10:20:54+09:00 - INFO [caliper-flow]: Skipping install smart contract phase due to benchmark flow conditioning 

2020-05-27T10:20:55+09:00 - INFO [caliper-flow]: Started monitor successfully 

2020-05-27T10:20:55+09:00 - INFO [defaultTest]: ####### Testing 'smallOperations' ####### 

2020-05-27T10:20:55+09:00 - INFO [defaultTest]: ------ Test round 1 ------ 

2020-05-27T10:20:55+09:00 - INFO [client-util.js]: Launching client with PID  20618 

2020-05-27T10:20:55+09:00 - INFO [client-util.js]: Launching client with PID  20623 

2020-05-27T10:20:55+09:00 - INFO [client-util.js]: Launching client with PID  20626 

2020-05-27T10:20:55+09:00 - INFO [client-util.js]: Launching client with PID  20630 

2020-05-27T10:20:55+09:00 - INFO [client-util.js]: Launching client with PID  20640 

2020-05-27T10:20:55+09:00 - INFO [client-util.js]: Waiting for 5 clients to be ready...  

2020-05-27T10:20:56+09:00 - INFO [demo.js]: [Transaction Info] - Submitted: 0 Succ: 0 Fail:0 Unfinished:0 

2020-05-27T10:20:55+09:00 - DEBUG Constructed a winston logger with the specified targets:
	{"consolelogger":{"target":"console","level":"info"},"filelogger":{"target":"daily-rotate-file","level":"debug","filename":"log/caliper-%DATE%.log","datePattern":"YYYY-MM-DD-HH","maxSize":"5m","zippedArchive":true}}

2020-05-27T10:20:55+09:00 - DEBUG Constructed a winston logger with the specified targets:
	{"consolelogger":{"target":"console","level":"info"},"filelogger":{"target":"daily-rotate-file","level":"debug","filename":"log/caliper-%DATE%.log","datePattern":"YYYY-MM-DD-HH","maxSize":"5m","zippedArchive":true}}

2020-05-27T10:20:55+09:00 - DEBUG Constructed a winston logger with the specified targets:
	{"consolelogger":{"target":"console","level":"info"},"filelogger":{"target":"daily-rotate-file","level":"debug","filename":"log/caliper-%DATE%.log","datePattern":"YYYY-MM-DD-HH","maxSize":"5m","zippedArchive":true}}

2020-05-27T10:20:55+09:00 - DEBUG Constructed a winston logger with the specified targets:
	{"consolelogger":{"target":"console","level":"info"},"filelogger":{"target":"daily-rotate-file","level":"debug","filename":"log/caliper-%DATE%.log","datePattern":"YYYY-MM-DD-HH","maxSize":"5m","zippedArchive":true}}

2020-05-27T10:20:55+09:00 - DEBUG Constructed a winston logger with the specified targets:
	{"consolelogger":{"target":"console","level":"info"},"filelogger":{"target":"daily-rotate-file","level":"debug","filename":"log/caliper-%DATE%.log","datePattern":"YYYY-MM-DD-HH","maxSize":"5m","zippedArchive":true}}

2020-05-27T10:20:56+09:00 - INFO [client-util.js]: Client ready message recieved 

2020-05-27T10:20:56+09:00 - INFO [fabric/fabricClientWorker]: Client ready 

2020-05-27T10:20:56+09:00 - INFO [client-util.js]: Client ready message recieved 

2020-05-27T10:20:56+09:00 - INFO [fabric/fabricClientWorker]: Client ready 

2020-05-27T10:20:56+09:00 - INFO [client-util.js]: Client ready message recieved 

2020-05-27T10:20:56+09:00 - INFO [fabric/fabricClientWorker]: Client ready 

2020-05-27T10:20:56+09:00 - INFO [client-util.js]: Client ready message recieved 

2020-05-27T10:20:56+09:00 - INFO [fabric/fabricClientWorker]: Client ready 

2020-05-27T10:20:56+09:00 - INFO [client-util.js]: Client ready message recieved 

2020-05-27T10:20:56+09:00 - INFO [fabric/fabricClientWorker]: Client ready 

2020-05-27T10:20:56+09:00 - INFO [client-util.js]: 5 clients ready, starting test phase 

2020-05-27T10:20:56+09:00 - DEBUG [local-client.js]: doTest() with:
	{"type":"test","label":"smallOperations","rateControl":{"type":"fixed-rate","opts":{"tps":2000}},"trim":0,"args":{"accounts":400,"txnPerBatch":1},"cb":"benchmark/smallbank/smallbankOperations.js","config":"/home/oslab/caliper_v0.1.0/caliper/packages/caliper-samples/network/fabric-v1.4.1/kafka/fabric-go.yaml","root":"/home/oslab/caliper_v0.1.0/caliper/packages/caliper-samples","numb":400,"roundIdx":1,"totalClients":5,"clients":5,"clientargs":{},"clientIdx":1}

2020-05-27T10:20:56+09:00 - DEBUG [local-client.js]: doTest() with:
	{"type":"test","label":"smallOperations","rateControl":{"type":"fixed-rate","opts":{"tps":2000}},"trim":0,"args":{"accounts":400,"txnPerBatch":1},"cb":"benchmark/smallbank/smallbankOperations.js","config":"/home/oslab/caliper_v0.1.0/caliper/packages/caliper-samples/network/fabric-v1.4.1/kafka/fabric-go.yaml","root":"/home/oslab/caliper_v0.1.0/caliper/packages/caliper-samples","numb":400,"roundIdx":1,"totalClients":5,"clients":5,"clientargs":{},"clientIdx":0}

2020-05-27T10:20:56+09:00 - DEBUG [local-client.js]: doTest() with:
	{"type":"test","label":"smallOperations","rateControl":{"type":"fixed-rate","opts":{"tps":2000}},"trim":0,"args":{"accounts":400,"txnPerBatch":1},"cb":"benchmark/smallbank/smallbankOperations.js","config":"/home/oslab/caliper_v0.1.0/caliper/packages/caliper-samples/network/fabric-v1.4.1/kafka/fabric-go.yaml","root":"/home/oslab/caliper_v0.1.0/caliper/packages/caliper-samples","numb":400,"roundIdx":1,"totalClients":5,"clients":5,"clientargs":{},"clientIdx":3}

2020-05-27T10:20:56+09:00 - DEBUG [local-client.js]: doTest() with:
	{"type":"test","label":"smallOperations","rateControl":{"type":"fixed-rate","opts":{"tps":2000}},"trim":0,"args":{"accounts":400,"txnPerBatch":1},"cb":"benchmark/smallbank/smallbankOperations.js","config":"/home/oslab/caliper_v0.1.0/caliper/packages/caliper-samples/network/fabric-v1.4.1/kafka/fabric-go.yaml","root":"/home/oslab/caliper_v0.1.0/caliper/packages/caliper-samples","numb":400,"roundIdx":1,"totalClients":5,"clients":5,"clientargs":{},"clientIdx":4}

2020-05-27T10:20:56+09:00 - DEBUG [local-client.js]: doTest() with:
	{"type":"test","label":"smallOperations","rateControl":{"type":"fixed-rate","opts":{"tps":2000}},"trim":0,"args":{"accounts":400,"txnPerBatch":1},"cb":"benchmark/smallbank/smallbankOperations.js","config":"/home/oslab/caliper_v0.1.0/caliper/packages/caliper-samples/network/fabric-v1.4.1/kafka/fabric-go.yaml","root":"/home/oslab/caliper_v0.1.0/caliper/packages/caliper-samples","numb":400,"roundIdx":1,"totalClients":5,"clients":5,"clientargs":{},"clientIdx":2}

2020-05-27T10:20:56+09:00 - INFO [local-client.js]: txUpdateTime: 1000 

2020-05-27T10:20:56+09:00 - INFO [local-client.js]: txUpdateTime: 1000 

2020-05-27T10:20:56+09:00 - INFO [local-client.js]: txUpdateTime: 1000 

2020-05-27T10:20:56+09:00 - INFO [local-client.js]: txUpdateTime: 1000 

2020-05-27T10:20:56+09:00 - INFO [local-client.js]: txUpdateTime: 1000 

2020-05-27T10:20:56+09:00 - ERROR [adapters/fabric]: Couldn't initialize mychannel for Org1: 2 UNKNOWN: access denied: channel [mychannel] creator org [Org1MSP] 

2020-05-27T10:20:56+09:00 - INFO [local-client.js]: Client[20626] encountered an error: Error: 2 UNKNOWN: access denied: channel [mychannel] creator org [Org1MSP]
    at Object.exports.createStatusError (/home/oslab/caliper_v0.1.0/node_modules/fabric-client/node_modules/grpc/src/common.js:91:15)
    at Object.onReceiveStatus (/home/oslab/caliper_v0.1.0/node_modules/fabric-client/node_modules/grpc/src/client_interceptors.js:1204:28)
    at InterceptingListener._callNext (/home/oslab/caliper_v0.1.0/node_modules/fabric-client/node_modules/grpc/src/client_interceptors.js:568:42)
    at InterceptingListener.onReceiveStatus (/home/oslab/caliper_v0.1.0/node_modules/fabric-client/node_modules/grpc/src/client_interceptors.js:618:8)
    at callback (/home/oslab/caliper_v0.1.0/node_modules/fabric-client/node_modules/grpc/src/client_interceptors.js:845:24) 

2020-05-27T10:20:56+09:00 - ERROR [adapters/fabric]: Couldn't initialize mychannel for Org1: 2 UNKNOWN: access denied: channel [mychannel] creator org [Org1MSP] 

2020-05-27T10:20:56+09:00 - INFO [local-client.js]: Client[20623] encountered an error: Error: 2 UNKNOWN: access denied: channel [mychannel] creator org [Org1MSP]
    at Object.exports.createStatusError (/home/oslab/caliper_v0.1.0/node_modules/fabric-client/node_modules/grpc/src/common.js:91:15)
    at Object.onReceiveStatus (/home/oslab/caliper_v0.1.0/node_modules/fabric-client/node_modules/grpc/src/client_interceptors.js:1204:28)
    at InterceptingListener._callNext (/home/oslab/caliper_v0.1.0/node_modules/fabric-client/node_modules/grpc/src/client_interceptors.js:568:42)
    at InterceptingListener.onReceiveStatus (/home/oslab/caliper_v0.1.0/node_modules/fabric-client/node_modules/grpc/src/client_interceptors.js:618:8)
    at callback (/home/oslab/caliper_v0.1.0/node_modules/fabric-client/node_modules/grpc/src/client_interceptors.js:845:24) 

2020-05-27T10:20:56+09:00 - ERROR [defaultTest]: ------ Failed 'smallOperations' testing with the following error ------
    Error: Client encountered error:Error: 2 UNKNOWN: access denied: channel [mychannel] creator org [Org1MSP]
    at ChildProcess.<anonymous> (/home/oslab/caliper_v0.1.0/node_modules/@hyperledger/caliper-core/lib/client/client-util.js:102:36)
    at emitTwo (events.js:126:13)
    at ChildProcess.emit (events.js:214:7)
    at emit (internal/child_process.js:762:12)
    at _combinedTickCallback (internal/process/next_tick.js:142:11)
    at process._tickCallback (internal/process/next_tick.js:181:9) 

2020-05-27T10:20:56+09:00 - ERROR [adapters/fabric]: Couldn't initialize mychannel for Org1: 2 UNKNOWN: access denied: channel [mychannel] creator org [Org1MSP] 

2020-05-27T10:20:56+09:00 - ERROR [adapters/fabric]: Couldn't initialize mychannel for Org1: 2 UNKNOWN: access denied: channel [mychannel] creator org [Org1MSP] 

2020-05-27T10:20:56+09:00 - INFO [local-client.js]: Client[20618] encountered an error: Error: 2 UNKNOWN: access denied: channel [mychannel] creator org [Org1MSP]
    at Object.exports.createStatusError (/home/oslab/caliper_v0.1.0/node_modules/fabric-client/node_modules/grpc/src/common.js:91:15)
    at Object.onReceiveStatus (/home/oslab/caliper_v0.1.0/node_modules/fabric-client/node_modules/grpc/src/client_interceptors.js:1204:28)
    at InterceptingListener._callNext (/home/oslab/caliper_v0.1.0/node_modules/fabric-client/node_modules/grpc/src/client_interceptors.js:568:42)
    at InterceptingListener.onReceiveStatus (/home/oslab/caliper_v0.1.0/node_modules/fabric-client/node_modules/grpc/src/client_interceptors.js:618:8)
    at callback (/home/oslab/caliper_v0.1.0/node_modules/fabric-client/node_modules/grpc/src/client_interceptors.js:845:24) 

2020-05-27T10:20:56+09:00 - INFO [local-client.js]: Client[20630] encountered an error: Error: 2 UNKNOWN: access denied: channel [mychannel] creator org [Org1MSP]
    at Object.exports.createStatusError (/home/oslab/caliper_v0.1.0/node_modules/fabric-client/node_modules/grpc/src/common.js:91:15)
    at Object.onReceiveStatus (/home/oslab/caliper_v0.1.0/node_modules/fabric-client/node_modules/grpc/src/client_interceptors.js:1204:28)
    at InterceptingListener._callNext (/home/oslab/caliper_v0.1.0/node_modules/fabric-client/node_modules/grpc/src/client_interceptors.js:568:42)
    at InterceptingListener.onReceiveStatus (/home/oslab/caliper_v0.1.0/node_modules/fabric-client/node_modules/grpc/src/client_interceptors.js:618:8)
    at callback (/home/oslab/caliper_v0.1.0/node_modules/fabric-client/node_modules/grpc/src/client_interceptors.js:845:24) 

2020-05-27T10:20:56+09:00 - ERROR [adapters/fabric]: Couldn't initialize mychannel for Org1: 2 UNKNOWN: access denied: channel [mychannel] creator org [Org1MSP] 

2020-05-27T10:20:56+09:00 - INFO [local-client.js]: Client[20640] encountered an error: Error: 2 UNKNOWN: access denied: channel [mychannel] creator org [Org1MSP]
    at Object.exports.createStatusError (/home/oslab/caliper_v0.1.0/node_modules/fabric-client/node_modules/grpc/src/common.js:91:15)
    at Object.onReceiveStatus (/home/oslab/caliper_v0.1.0/node_modules/fabric-client/node_modules/grpc/src/client_interceptors.js:1204:28)
    at InterceptingListener._callNext (/home/oslab/caliper_v0.1.0/node_modules/fabric-client/node_modules/grpc/src/client_interceptors.js:568:42)
    at InterceptingListener.onReceiveStatus (/home/oslab/caliper_v0.1.0/node_modules/fabric-client/node_modules/grpc/src/client_interceptors.js:618:8)
    at callback (/home/oslab/caliper_v0.1.0/node_modules/fabric-client/node_modules/grpc/src/client_interceptors.js:845:24) 

2020-05-27T10:21:51+09:00 - DEBUG Constructed a winston logger with the specified targets:
	{"consolelogger":{"target":"console","level":"info"},"filelogger":{"target":"daily-rotate-file","level":"debug","filename":"log/caliper-%DATE%.log","datePattern":"YYYY-MM-DD-HH","maxSize":"5m","zippedArchive":true}}

2020-05-27T10:21:52+09:00 - INFO [caliper-flow]: ####### Caliper Test ####### 

2020-05-27T10:21:52+09:00 - INFO [caliper-flow]: Skipping start commands due to benchmark flow conditioning 

2020-05-27T10:21:52+09:00 - INFO [adapters/fabric]: Fabric SDK version: 1.4.4; TLS: none 

2020-05-27T10:21:53+09:00 - WARN [adapters/fabric]: Org1's registrar's materials found locally in file system key-value stores. Make sure it is the right one! 

2020-05-27T10:21:53+09:00 - WARN [adapters/fabric]: Org2's registrar's materials found locally in file system key-value stores. Make sure it is the right one! 

2020-05-27T10:21:53+09:00 - WARN [adapters/fabric]: Org1's admin's materials found locally in file system key-value stores. Make sure it is the right one! 

2020-05-27T10:21:53+09:00 - WARN [adapters/fabric]: Org2's admin's materials found locally in file system key-value stores. Make sure it is the right one! 

2020-05-27T10:21:53+09:00 - WARN [adapters/fabric]: client0.org1.example.com's materials found locally in file system key-value stores. Make sure it is the right one! 

2020-05-27T10:21:53+09:00 - WARN [adapters/fabric]: client0.org2.example.com's materials found locally in file system key-value stores. Make sure it is the right one! 

2020-05-27T10:21:53+09:00 - INFO [adapters/fabric]: Channel 'mychannel' definiton being retrieved from file 

2020-05-27T10:21:53+09:00 - ERROR [caliper-flow]: Error: Error: Couldn't create Channel 'mychannel': Orderer response indicated unsuccessful Channel 'mychannel' creation: FORBIDDEN
    at Fabric._createChannels (/home/oslab/caliper_v0.1.0/node_modules/@hyperledger/caliper-fabric/lib/fabric.js:336:23)
    at <anonymous>
    at process._tickCallback (internal/process/next_tick.js:189:7) 

2020-05-27T10:22:00+09:00 - DEBUG Constructed a winston logger with the specified targets:
	{"consolelogger":{"target":"console","level":"info"},"filelogger":{"target":"daily-rotate-file","level":"debug","filename":"log/caliper-%DATE%.log","datePattern":"YYYY-MM-DD-HH","maxSize":"5m","zippedArchive":true}}

2020-05-27T10:22:01+09:00 - INFO [caliper-flow]: ####### Caliper Test ####### 

2020-05-27T10:22:01+09:00 - INFO [caliper-flow]: Skipping start commands due to benchmark flow conditioning 

2020-05-27T10:22:01+09:00 - INFO [adapters/fabric]: Fabric SDK version: 1.4.4; TLS: none 

2020-05-27T10:22:01+09:00 - WARN [adapters/fabric]: Org1's registrar's materials found locally in file system key-value stores. Make sure it is the right one! 

2020-05-27T10:22:02+09:00 - WARN [adapters/fabric]: Org2's registrar's materials found locally in file system key-value stores. Make sure it is the right one! 

2020-05-27T10:22:02+09:00 - WARN [adapters/fabric]: Org1's admin's materials found locally in file system key-value stores. Make sure it is the right one! 

2020-05-27T10:22:02+09:00 - WARN [adapters/fabric]: Org2's admin's materials found locally in file system key-value stores. Make sure it is the right one! 

2020-05-27T10:22:02+09:00 - WARN [adapters/fabric]: client0.org1.example.com's materials found locally in file system key-value stores. Make sure it is the right one! 

2020-05-27T10:22:02+09:00 - WARN [adapters/fabric]: client0.org2.example.com's materials found locally in file system key-value stores. Make sure it is the right one! 

2020-05-27T10:22:02+09:00 - INFO [adapters/fabric]: Channel 'mychannel' definiton being retrieved from file 

2020-05-27T10:22:02+09:00 - ERROR [caliper-flow]: Error: Error: Couldn't create Channel 'mychannel': Orderer response indicated unsuccessful Channel 'mychannel' creation: FORBIDDEN
    at Fabric._createChannels (/home/oslab/caliper_v0.1.0/node_modules/@hyperledger/caliper-fabric/lib/fabric.js:336:23)
    at <anonymous>
    at process._tickCallback (internal/process/next_tick.js:189:7) 

2020-05-27T10:22:14+09:00 - DEBUG Constructed a winston logger with the specified targets:
	{"consolelogger":{"target":"console","level":"info"},"filelogger":{"target":"daily-rotate-file","level":"debug","filename":"log/caliper-%DATE%.log","datePattern":"YYYY-MM-DD-HH","maxSize":"5m","zippedArchive":true}}

2020-05-27T10:22:15+09:00 - INFO [caliper-flow]: ####### Caliper Test ####### 

2020-05-27T10:22:15+09:00 - INFO [caliper-flow]: Skipping start commands due to benchmark flow conditioning 

2020-05-27T10:22:15+09:00 - INFO [caliper-flow]: Skipping initialization phase due to benchmark flow conditioning 

2020-05-27T10:22:15+09:00 - INFO [caliper-flow]: Skipping install smart contract phase due to benchmark flow conditioning 

2020-05-27T10:22:15+09:00 - INFO [caliper-flow]: Skipping benchmark test phase due to benchmark flow conditioning 

2020-05-27T10:22:15+09:00 - INFO [caliper-utils]: Executing command: cd /home/oslab/caliper_v0.1.0/caliper/packages/caliper-samples;docker-compose -f network/fabric-v1.4.1/kafka/docker-compose.yaml down;(test -z \"$(docker ps -aq)\") || docker rm $(docker ps -aq);(test -z \"$(docker images dev* -q)\") || docker rmi $(docker images dev* -q);rm -rf /tmp/hfc-* 

2020-05-27T10:22:48+09:00 - DEBUG Constructed a winston logger with the specified targets:
	{"consolelogger":{"target":"console","level":"info"},"filelogger":{"target":"daily-rotate-file","level":"debug","filename":"log/caliper-%DATE%.log","datePattern":"YYYY-MM-DD-HH","maxSize":"5m","zippedArchive":true}}

2020-05-27T10:22:49+09:00 - INFO [caliper-flow]: ####### Caliper Test ####### 

2020-05-27T10:22:49+09:00 - INFO [caliper-flow]: Skipping start commands due to benchmark flow conditioning 

2020-05-27T10:22:49+09:00 - INFO [caliper-flow]: Skipping initialization phase due to benchmark flow conditioning 

2020-05-27T10:22:49+09:00 - INFO [caliper-flow]: Skipping install smart contract phase due to benchmark flow conditioning 

2020-05-27T10:22:49+09:00 - INFO [caliper-flow]: Started monitor successfully 

2020-05-27T10:22:49+09:00 - INFO [defaultTest]: ####### Testing 'smallOperations' ####### 

2020-05-27T10:22:49+09:00 - INFO [defaultTest]: ------ Test round 1 ------ 

2020-05-27T10:22:49+09:00 - INFO [client-util.js]: Launching client with PID  21249 

2020-05-27T10:22:49+09:00 - INFO [client-util.js]: Launching client with PID  21254 

2020-05-27T10:22:49+09:00 - INFO [client-util.js]: Launching client with PID  21260 

2020-05-27T10:22:49+09:00 - INFO [client-util.js]: Launching client with PID  21263 

2020-05-27T10:22:49+09:00 - INFO [client-util.js]: Launching client with PID  21272 

2020-05-27T10:22:49+09:00 - INFO [client-util.js]: Waiting for 5 clients to be ready...  

2020-05-27T10:22:50+09:00 - INFO [demo.js]: [Transaction Info] - Submitted: 0 Succ: 0 Fail:0 Unfinished:0 

2020-05-27T10:22:49+09:00 - DEBUG Constructed a winston logger with the specified targets:
	{"consolelogger":{"target":"console","level":"info"},"filelogger":{"target":"daily-rotate-file","level":"debug","filename":"log/caliper-%DATE%.log","datePattern":"YYYY-MM-DD-HH","maxSize":"5m","zippedArchive":true}}

2020-05-27T10:22:49+09:00 - DEBUG Constructed a winston logger with the specified targets:
	{"consolelogger":{"target":"console","level":"info"},"filelogger":{"target":"daily-rotate-file","level":"debug","filename":"log/caliper-%DATE%.log","datePattern":"YYYY-MM-DD-HH","maxSize":"5m","zippedArchive":true}}

2020-05-27T10:22:49+09:00 - DEBUG Constructed a winston logger with the specified targets:
	{"consolelogger":{"target":"console","level":"info"},"filelogger":{"target":"daily-rotate-file","level":"debug","filename":"log/caliper-%DATE%.log","datePattern":"YYYY-MM-DD-HH","maxSize":"5m","zippedArchive":true}}

2020-05-27T10:22:49+09:00 - DEBUG Constructed a winston logger with the specified targets:
	{"consolelogger":{"target":"console","level":"info"},"filelogger":{"target":"daily-rotate-file","level":"debug","filename":"log/caliper-%DATE%.log","datePattern":"YYYY-MM-DD-HH","maxSize":"5m","zippedArchive":true}}

2020-05-27T10:22:49+09:00 - DEBUG Constructed a winston logger with the specified targets:
	{"consolelogger":{"target":"console","level":"info"},"filelogger":{"target":"daily-rotate-file","level":"debug","filename":"log/caliper-%DATE%.log","datePattern":"YYYY-MM-DD-HH","maxSize":"5m","zippedArchive":true}}

2020-05-27T10:22:51+09:00 - INFO [demo.js]: [Transaction Info] - Submitted: 0 Succ: 0 Fail:0 Unfinished:0 

2020-05-27T10:22:51+09:00 - INFO [adapters/fabric]: Org1's admin's materials are successfully loaded 

2020-05-27T10:22:51+09:00 - INFO [adapters/fabric]: Org2's admin's materials are successfully loaded 

2020-05-27T10:22:51+09:00 - INFO [fabric/fabricClientWorker]: Client ready 

2020-05-27T10:22:51+09:00 - INFO [client-util.js]: Client ready message recieved 

2020-05-27T10:22:51+09:00 - INFO [client-util.js]: Client ready message recieved 

2020-05-27T10:22:51+09:00 - INFO [fabric/fabricClientWorker]: Client ready 

2020-05-27T10:22:51+09:00 - INFO [client-util.js]: Client ready message recieved 

2020-05-27T10:22:51+09:00 - INFO [fabric/fabricClientWorker]: Client ready 

2020-05-27T10:22:51+09:00 - INFO [client-util.js]: Client ready message recieved 

2020-05-27T10:22:51+09:00 - INFO [fabric/fabricClientWorker]: Client ready 

2020-05-27T10:22:51+09:00 - INFO [client-util.js]: Client ready message recieved 

2020-05-27T10:22:51+09:00 - INFO [client-util.js]: 5 clients ready, starting test phase 

2020-05-27T10:22:51+09:00 - INFO [fabric/fabricClientWorker]: Client ready 

2020-05-27T10:22:51+09:00 - DEBUG [local-client.js]: doTest() with:
	{"type":"test","label":"smallOperations","rateControl":{"type":"fixed-rate","opts":{"tps":2000}},"trim":0,"args":{"accounts":400,"txnPerBatch":1},"cb":"benchmark/smallbank/smallbankOperations.js","config":"/home/oslab/caliper_v0.1.0/caliper/packages/caliper-samples/network/fabric-v1.4.1/kafka2o2pgoleveldb/fabric-go.yaml","root":"/home/oslab/caliper_v0.1.0/caliper/packages/caliper-samples","numb":400,"roundIdx":1,"totalClients":5,"clients":5,"clientargs":{},"clientIdx":2}

2020-05-27T10:22:51+09:00 - DEBUG [local-client.js]: doTest() with:
	{"type":"test","label":"smallOperations","rateControl":{"type":"fixed-rate","opts":{"tps":2000}},"trim":0,"args":{"accounts":400,"txnPerBatch":1},"cb":"benchmark/smallbank/smallbankOperations.js","config":"/home/oslab/caliper_v0.1.0/caliper/packages/caliper-samples/network/fabric-v1.4.1/kafka2o2pgoleveldb/fabric-go.yaml","root":"/home/oslab/caliper_v0.1.0/caliper/packages/caliper-samples","numb":400,"roundIdx":1,"totalClients":5,"clients":5,"clientargs":{},"clientIdx":4}

2020-05-27T10:22:51+09:00 - DEBUG [local-client.js]: doTest() with:
	{"type":"test","label":"smallOperations","rateControl":{"type":"fixed-rate","opts":{"tps":2000}},"trim":0,"args":{"accounts":400,"txnPerBatch":1},"cb":"benchmark/smallbank/smallbankOperations.js","config":"/home/oslab/caliper_v0.1.0/caliper/packages/caliper-samples/network/fabric-v1.4.1/kafka2o2pgoleveldb/fabric-go.yaml","root":"/home/oslab/caliper_v0.1.0/caliper/packages/caliper-samples","numb":400,"roundIdx":1,"totalClients":5,"clients":5,"clientargs":{},"clientIdx":0}

2020-05-27T10:22:51+09:00 - DEBUG [local-client.js]: doTest() with:
	{"type":"test","label":"smallOperations","rateControl":{"type":"fixed-rate","opts":{"tps":2000}},"trim":0,"args":{"accounts":400,"txnPerBatch":1},"cb":"benchmark/smallbank/smallbankOperations.js","config":"/home/oslab/caliper_v0.1.0/caliper/packages/caliper-samples/network/fabric-v1.4.1/kafka2o2pgoleveldb/fabric-go.yaml","root":"/home/oslab/caliper_v0.1.0/caliper/packages/caliper-samples","numb":400,"roundIdx":1,"totalClients":5,"clients":5,"clientargs":{},"clientIdx":3}

2020-05-27T10:22:51+09:00 - DEBUG [local-client.js]: doTest() with:
	{"type":"test","label":"smallOperations","rateControl":{"type":"fixed-rate","opts":{"tps":2000}},"trim":0,"args":{"accounts":400,"txnPerBatch":1},"cb":"benchmark/smallbank/smallbankOperations.js","config":"/home/oslab/caliper_v0.1.0/caliper/packages/caliper-samples/network/fabric-v1.4.1/kafka2o2pgoleveldb/fabric-go.yaml","root":"/home/oslab/caliper_v0.1.0/caliper/packages/caliper-samples","numb":400,"roundIdx":1,"totalClients":5,"clients":5,"clientargs":{},"clientIdx":1}

2020-05-27T10:22:51+09:00 - INFO [local-client.js]: txUpdateTime: 1000 

2020-05-27T10:22:51+09:00 - INFO [local-client.js]: txUpdateTime: 1000 

2020-05-27T10:22:51+09:00 - INFO [local-client.js]: txUpdateTime: 1000 

2020-05-27T10:22:51+09:00 - INFO [local-client.js]: txUpdateTime: 1000 

2020-05-27T10:22:51+09:00 - INFO [local-client.js]: txUpdateTime: 1000 

2020-05-27T10:22:51+09:00 - INFO [local-client.js]: Info: client 21272 start test runFixedNumber():small_bank_operations 

2020-05-27T10:22:51+09:00 - DEBUG [rateControl.js]: Creating rate controller for client#4 for round#1
	{"type":"fixed-rate","opts":{"tps":2000}}

2020-05-27T10:22:51+09:00 - INFO [local-client.js]: Info: client 21254 start test runFixedNumber():small_bank_operations 

2020-05-27T10:22:51+09:00 - DEBUG [rateControl.js]: Creating rate controller for client#1 for round#1
	{"type":"fixed-rate","opts":{"tps":2000}}

2020-05-27T10:22:51+09:00 - INFO [local-client.js]: Info: client 21260 start test runFixedNumber():small_bank_operations 

2020-05-27T10:22:51+09:00 - INFO [local-client.js]: Info: client 21263 start test runFixedNumber():small_bank_operations 

2020-05-27T10:22:51+09:00 - DEBUG [rateControl.js]: Creating rate controller for client#2 for round#1
	{"type":"fixed-rate","opts":{"tps":2000}}

2020-05-27T10:22:51+09:00 - DEBUG [rateControl.js]: Creating rate controller for client#3 for round#1
	{"type":"fixed-rate","opts":{"tps":2000}}

2020-05-27T10:22:51+09:00 - INFO [local-client.js]: Info: client 21249 start test runFixedNumber():small_bank_operations 

2020-05-27T10:22:51+09:00 - DEBUG [rateControl.js]: Creating rate controller for client#0 for round#1
	{"type":"fixed-rate","opts":{"tps":2000}}

2020-05-27T10:22:52+09:00 - INFO [demo.js]: [Transaction Info] - Submitted: 0 Succ: 0 Fail:0 Unfinished:0 

2020-05-27T10:22:53+09:00 - INFO [demo.js]: [Transaction Info] - Submitted: 530 Succ: 0 Fail:0 Unfinished:530 

2020-05-27T10:22:54+09:00 - INFO [demo.js]: [Transaction Info] - Submitted: 1202 Succ: 398 Fail:0 Unfinished:804 

2020-05-27T10:22:55+09:00 - INFO [demo.js]: [Transaction Info] - Submitted: 1836 Succ: 1063 Fail:0 Unfinished:773 

2020-05-27T10:22:55+09:00 - DEBUG [report-builder]: r.create.max: 1590542574.905 r.create.min: 1590542571.732 r.final.max: 1590542575.383 r.final.min: 1590542573.294 r.final.last: 1590542575.383 

2020-05-27T10:22:55+09:00 - DEBUG [report-builder]:  throughput for only success time computed: 547.8 

2020-05-27T10:22:55+09:00 - DEBUG [report-builder]: sendTransactionProposal: 0ms length: 2000 

2020-05-27T10:22:55+09:00 - DEBUG [report-builder]: sendTransaction: 0ms 

2020-05-27T10:22:55+09:00 - DEBUG [report-builder]: invokeLatency: 0ms 

2020-05-27T10:22:55+09:00 - INFO [report-builder]: ###test result:### 

2020-05-27T10:22:55+09:00 - INFO [report-builder]: 
+-----------------+------+------+-----------+-------------+-------------+-------------+------------+
| Name            | Succ | Fail | Send Rate | Max Latency | Min Latency | Avg Latency | Throughput |
|-----------------|------|------|-----------|-------------|-------------|-------------|------------|
| smallOperations | 2000 | 0    | 630.3 tps | 1.58 s      | 0.47 s      | 1.07 s      | 547.8 tps  |
+-----------------+------+------+-----------+-------------+-------------+-------------+------------+
 

2020-05-27T10:22:55+09:00 - INFO [report-builder]: ### resource stats ### 

2020-05-27T10:22:55+09:00 - INFO [report-builder]: 
+--------+-----------------------------------+-------------+-------------+----------+----------+------------+-------------+-----------+------------+
| TYPE   | NAME                              | Memory(max) | Memory(avg) | CPU(max) | CPU(avg) | Traffic In | Traffic Out | Disc Read | Disc Write |
|--------|-----------------------------------|-------------|-------------|----------|----------|------------|-------------|-----------|------------|
| Docker | dev-peer0.org1.example.co...nk-v0 | 6.4MB       | 6.4MB       | 0.00%    | 0.00%    | 0B         | 0B          | 0B        | 0B         |
|--------|-----------------------------------|-------------|-------------|----------|----------|------------|-------------|-----------|------------|
| Docker | dev-peer0.org2.example.co...nk-v0 | 10.8MB      | 10.8MB      | 14.30%   | 14.30%   | 0B         | 0B          | 0B        | 0B         |
|--------|-----------------------------------|-------------|-------------|----------|----------|------------|-------------|-----------|------------|
| Docker | dev-peer1.org1.example.co...nk-v0 | 10.8MB      | 10.8MB      | 9.15%    | 9.15%    | 0B         | 0B          | 0B        | 0B         |
|--------|-----------------------------------|-------------|-------------|----------|----------|------------|-------------|-----------|------------|
| Docker | dev-peer1.org2.example.co...nk-v0 | 10.9MB      | 10.9MB      | 12.28%   | 12.28%   | 0B         | 0B          | 0B        | 0B         |
|--------|-----------------------------------|-------------|-------------|----------|----------|------------|-------------|-----------|------------|
| Docker | dev-peer0.org2.example.co...le-v0 | 5.9MB       | 5.9MB       | 0.00%    | 0.00%    | 0B         | 0B          | 0B        | 0B         |
|--------|-----------------------------------|-------------|-------------|----------|----------|------------|-------------|-----------|------------|
| Docker | dev-peer0.org1.example.co...le-v0 | 6.1MB       | 6.1MB       | 0.00%    | 0.00%    | 0B         | 0B          | 0B        | 0B         |
|--------|-----------------------------------|-------------|-------------|----------|----------|------------|-------------|-----------|------------|
| Docker | dev-peer1.org2.example.co...le-v0 | 6.0MB       | 6.0MB       | 0.02%    | 0.02%    | 0B         | 0B          | 0B        | 0B         |
|--------|-----------------------------------|-------------|-------------|----------|----------|------------|-------------|-----------|------------|
| Docker | dev-peer1.org1.example.co...le-v0 | 6.1MB       | 6.1MB       | 0.00%    | 0.00%    | 0B         | 0B          | 0B        | 0B         |
|--------|-----------------------------------|-------------|-------------|----------|----------|------------|-------------|-----------|------------|
| Docker | dev-peer0.org1.example.co...rm-v0 | 5.9MB       | 5.9MB       | 0.00%    | 0.00%    | 0B         | 0B          | 0B        | 0B         |
|--------|-----------------------------------|-------------|-------------|----------|----------|------------|-------------|-----------|------------|
| Docker | dev-peer1.org1.example.co...rm-v0 | 6.3MB       | 6.3MB       | 0.01%    | 0.01%    | 0B         | 0B          | 0B        | 0B         |
|--------|-----------------------------------|-------------|-------------|----------|----------|------------|-------------|-----------|------------|
| Docker | dev-peer0.org2.example.co...rm-v0 | 6.0MB       | 6.0MB       | 0.00%    | 0.00%    | 0B         | 0B          | 0B        | 0B         |
|--------|-----------------------------------|-------------|-------------|----------|----------|------------|-------------|-----------|------------|
| Docker | dev-peer1.org2.example.co...rm-v0 | 6.1MB       | 6.1MB       | 0.00%    | 0.00%    | 0B         | 0B          | 0B        | 0B         |
|--------|-----------------------------------|-------------|-------------|----------|----------|------------|-------------|-----------|------------|
| Docker | dev-peer1.org2.example.co...es-v0 | 6.4MB       | 6.4MB       | 0.00%    | 0.00%    | 0B         | 0B          | 0B        | 0B         |
|--------|-----------------------------------|-------------|-------------|----------|----------|------------|-------------|-----------|------------|
| Docker | dev-peer1.org1.example.co...es-v0 | 6.2MB       | 6.2MB       | 0.00%    | 0.00%    | 0B         | 0B          | 0B        | 0B         |
|--------|-----------------------------------|-------------|-------------|----------|----------|------------|-------------|-----------|------------|
| Docker | dev-peer0.org1.example.co...es-v0 | 5.9MB       | 5.9MB       | 0.00%    | 0.00%    | 0B         | 0B          | 0B        | 0B         |
|--------|-----------------------------------|-------------|-------------|----------|----------|------------|-------------|-----------|------------|
| Docker | dev-peer0.org2.example.co...es-v0 | 6.0MB       | 6.0MB       | 0.00%    | 0.00%    | 0B         | 0B          | 0B        | 0B         |
|--------|-----------------------------------|-------------|-------------|----------|----------|------------|-------------|-----------|------------|
| Docker | peer0.org2.example.com            | 53.2MB      | 53.2MB      | 31.67%   | 31.67%   | 0B         | 0B          | 0B        | 0B         |
|--------|-----------------------------------|-------------|-------------|----------|----------|------------|-------------|-----------|------------|
| Docker | peer1.org1.example.com            | 53.4MB      | 53.4MB      | 36.55%   | 36.55%   | 0B         | 0B          | 0B        | 0B         |
|--------|-----------------------------------|-------------|-------------|----------|----------|------------|-------------|-----------|------------|
| Docker | peer0.org1.example.com            | 59.3MB      | 59.3MB      | 43.22%   | 43.22%   | 0B         | 0B          | 0B        | 0B         |
|--------|-----------------------------------|-------------|-------------|----------|----------|------------|-------------|-----------|------------|
| Docker | peer1.org2.example.com            | 68.7MB      | 68.7MB      | 80.45%   | 80.45%   | 0B         | 0B          | 0B        | 0B         |
|--------|-----------------------------------|-------------|-------------|----------|----------|------------|-------------|-----------|------------|
| Docker | orderer1.example.com              | 23.3MB      | 23.3MB      | 24.86%   | 24.86%   | 0B         | 0B          | 0B        | 0B         |
|--------|-----------------------------------|-------------|-------------|----------|----------|------------|-------------|-----------|------------|
| Docker | orderer0.example.com              | 39.0MB      | 39.0MB      | 66.87%   | 66.87%   | 0B         | 0B          | 0B        | 0B         |
|--------|-----------------------------------|-------------|-------------|----------|----------|------------|-------------|-----------|------------|
| Docker | kafka2                            | 714.2MB     | 714.2MB     | 21.54%   | 21.54%   | 0B         | 0B          | 0B        | 0B         |
|--------|-----------------------------------|-------------|-------------|----------|----------|------------|-------------|-----------|------------|
| Docker | kafka1                            | 972.6MB     | 972.6MB     | 101.78%  | 101.78%  | 0B         | 0B          | 0B        | 0B         |
|--------|-----------------------------------|-------------|-------------|----------|----------|------------|-------------|-----------|------------|
| Docker | kafka3                            | 610.0MB     | 610.0MB     | 0.40%    | 0.40%    | 0B         | 0B          | 0B        | 0B         |
|--------|-----------------------------------|-------------|-------------|----------|----------|------------|-------------|-----------|------------|
| Docker | kafka0                            | 987.1MB     | 987.1MB     | 19.70%   | 19.70%   | 0B         | 0B          | 0B        | 0B         |
|--------|-----------------------------------|-------------|-------------|----------|----------|------------|-------------|-----------|------------|
| Docker | zookeeper1                        | 143.5MB     | 143.5MB     | 0.13%    | 0.13%    | 0B         | 0B          | 0B        | 0B         |
|--------|-----------------------------------|-------------|-------------|----------|----------|------------|-------------|-----------|------------|
| Docker | zookeeper0                        | 196.1MB     | 196.1MB     | 0.10%    | 0.10%    | 0B         | 0B          | 0B        | 0B         |
|--------|-----------------------------------|-------------|-------------|----------|----------|------------|-------------|-----------|------------|
| Docker | ca.org1.example.com               | 11.5MB      | 11.5MB      | 27.88%   | 27.88%   | 0B         | 0B          | 0B        | 0B         |
|--------|-----------------------------------|-------------|-------------|----------|----------|------------|-------------|-----------|------------|
| Docker | zookeeper2                        | 236.2MB     | 236.2MB     | 0.15%    | 0.15%    | 0B         | 0B          | 0B        | 0B         |
|--------|-----------------------------------|-------------|-------------|----------|----------|------------|-------------|-----------|------------|
| Docker | ca.org2.example.com               | 11.2MB      | 11.2MB      | 28.06%   | 28.06%   | 0B         | 0B          | 0B        | 0B         |
+--------+-----------------------------------+-------------+-------------+----------+----------+------------+-------------+-----------+------------+
 

2020-05-27T10:22:55+09:00 - INFO [defaultTest]: ------ Passed 'smallOperations' testing ------ 

2020-05-27T10:22:55+09:00 - INFO [caliper-flow]: ---------- Finished Test ----------
 

2020-05-27T10:22:55+09:00 - INFO [report-builder]: ###all test results:### 

2020-05-27T10:22:55+09:00 - INFO [report-builder]: 
+------+-----------------+------+------+-----------+-------------+-------------+-------------+------------+
| Test | Name            | Succ | Fail | Send Rate | Max Latency | Min Latency | Avg Latency | Throughput |
|------|-----------------|------|------|-----------|-------------|-------------|-------------|------------|
| 1    | smallOperations | 2000 | 0    | 630.3 tps | 1.58 s      | 0.47 s      | 1.07 s      | 547.8 tps  |
+------+-----------------+------+------+-----------+-------------+-------------+-------------+------------+
 

2020-05-27T10:22:55+09:00 - INFO [monitor.js]: 
 ### resource stats (maximum) ### 

2020-05-27T10:22:55+09:00 - INFO [monitor.js]: 
+--------+-----------------------------------+-------------+----------+------------+-------------+-----------+------------+
| TYPE   | NAME                              | Memory(max) | CPU(max) | Traffic In | Traffic Out | Disc Read | Disc Write |
|--------|-----------------------------------|-------------|----------|------------|-------------|-----------|------------|
| Docker | dev-peer0.org1.example.co...nk-v0 | 6.4MB       | 0.00%    | 0B         | 0B          | 0B        | 0B         |
|--------|-----------------------------------|-------------|----------|------------|-------------|-----------|------------|
| Docker | dev-peer0.org2.example.co...nk-v0 | 10.8MB      | 14.30%   | 0B         | 0B          | 0B        | 0B         |
|--------|-----------------------------------|-------------|----------|------------|-------------|-----------|------------|
| Docker | dev-peer1.org1.example.co...nk-v0 | 10.8MB      | 9.15%    | 0B         | 0B          | 0B        | 0B         |
|--------|-----------------------------------|-------------|----------|------------|-------------|-----------|------------|
| Docker | dev-peer1.org2.example.co...nk-v0 | 10.9MB      | 12.28%   | 0B         | 0B          | 0B        | 0B         |
|--------|-----------------------------------|-------------|----------|------------|-------------|-----------|------------|
| Docker | dev-peer0.org2.example.co...le-v0 | 5.9MB       | 0.00%    | 0B         | 0B          | 0B        | 0B         |
|--------|-----------------------------------|-------------|----------|------------|-------------|-----------|------------|
| Docker | dev-peer0.org1.example.co...le-v0 | 6.1MB       | 0.00%    | 0B         | 0B          | 0B        | 0B         |
|--------|-----------------------------------|-------------|----------|------------|-------------|-----------|------------|
| Docker | dev-peer1.org2.example.co...le-v0 | 6.0MB       | 0.02%    | 0B         | 0B          | 0B        | 0B         |
|--------|-----------------------------------|-------------|----------|------------|-------------|-----------|------------|
| Docker | dev-peer1.org1.example.co...le-v0 | 6.1MB       | 0.00%    | 0B         | 0B          | 0B        | 0B         |
|--------|-----------------------------------|-------------|----------|------------|-------------|-----------|------------|
| Docker | dev-peer0.org1.example.co...rm-v0 | 5.9MB       | 0.00%    | 0B         | 0B          | 0B        | 0B         |
|--------|-----------------------------------|-------------|----------|------------|-------------|-----------|------------|
| Docker | dev-peer1.org1.example.co...rm-v0 | 6.3MB       | 0.01%    | 0B         | 0B          | 0B        | 0B         |
|--------|-----------------------------------|-------------|----------|------------|-------------|-----------|------------|
| Docker | dev-peer0.org2.example.co...rm-v0 | 6.0MB       | 0.00%    | 0B         | 0B          | 0B        | 0B         |
|--------|-----------------------------------|-------------|----------|------------|-------------|-----------|------------|
| Docker | dev-peer1.org2.example.co...rm-v0 | 6.1MB       | 0.00%    | 0B         | 0B          | 0B        | 0B         |
|--------|-----------------------------------|-------------|----------|------------|-------------|-----------|------------|
| Docker | dev-peer1.org2.example.co...es-v0 | 6.4MB       | 0.00%    | 0B         | 0B          | 0B        | 0B         |
|--------|-----------------------------------|-------------|----------|------------|-------------|-----------|------------|
| Docker | dev-peer1.org1.example.co...es-v0 | 6.2MB       | 0.00%    | 0B         | 0B          | 0B        | 0B         |
|--------|-----------------------------------|-------------|----------|------------|-------------|-----------|------------|
| Docker | dev-peer0.org1.example.co...es-v0 | 5.9MB       | 0.00%    | 0B         | 0B          | 0B        | 0B         |
|--------|-----------------------------------|-------------|----------|------------|-------------|-----------|------------|
| Docker | dev-peer0.org2.example.co...es-v0 | 6.0MB       | 0.00%    | 0B         | 0B          | 0B        | 0B         |
|--------|-----------------------------------|-------------|----------|------------|-------------|-----------|------------|
| Docker | peer0.org2.example.com            | 53.2MB      | 31.67%   | 0B         | 0B          | 0B        | 0B         |
|--------|-----------------------------------|-------------|----------|------------|-------------|-----------|------------|
| Docker | peer1.org1.example.com            | 53.4MB      | 36.55%   | 0B         | 0B          | 0B        | 0B         |
|--------|-----------------------------------|-------------|----------|------------|-------------|-----------|------------|
| Docker | peer0.org1.example.com            | 59.3MB      | 43.22%   | 0B         | 0B          | 0B        | 0B         |
|--------|-----------------------------------|-------------|----------|------------|-------------|-----------|------------|
| Docker | peer1.org2.example.com            | 68.7MB      | 80.45%   | 0B         | 0B          | 0B        | 0B         |
|--------|-----------------------------------|-------------|----------|------------|-------------|-----------|------------|
| Docker | orderer1.example.com              | 23.3MB      | 24.86%   | 0B         | 0B          | 0B        | 0B         |
|--------|-----------------------------------|-------------|----------|------------|-------------|-----------|------------|
| Docker | orderer0.example.com              | 39.0MB      | 66.87%   | 0B         | 0B          | 0B        | 0B         |
|--------|-----------------------------------|-------------|----------|------------|-------------|-----------|------------|
| Docker | kafka2                            | 714.2MB     | 21.54%   | 0B         | 0B          | 0B        | 0B         |
|--------|-----------------------------------|-------------|----------|------------|-------------|-----------|------------|
| Docker | kafka1                            | 972.6MB     | 101.78%  | 0B         | 0B          | 0B        | 0B         |
|--------|-----------------------------------|-------------|----------|------------|-------------|-----------|------------|
| Docker | kafka3                            | 610.0MB     | 0.40%    | 0B         | 0B          | 0B        | 0B         |
|--------|-----------------------------------|-------------|----------|------------|-------------|-----------|------------|
| Docker | kafka0                            | 987.1MB     | 19.70%   | 0B         | 0B          | 0B        | 0B         |
|--------|-----------------------------------|-------------|----------|------------|-------------|-----------|------------|
| Docker | zookeeper1                        | 143.5MB     | 0.13%    | 0B         | 0B          | 0B        | 0B         |
|--------|-----------------------------------|-------------|----------|------------|-------------|-----------|------------|
| Docker | zookeeper0                        | 196.1MB     | 0.10%    | 0B         | 0B          | 0B        | 0B         |
|--------|-----------------------------------|-------------|----------|------------|-------------|-----------|------------|
| Docker | ca.org1.example.com               | 11.5MB      | 27.88%   | 0B         | 0B          | 0B        | 0B         |
|--------|-----------------------------------|-------------|----------|------------|-------------|-----------|------------|
| Docker | zookeeper2                        | 236.2MB     | 0.15%    | 0B         | 0B          | 0B        | 0B         |
|--------|-----------------------------------|-------------|----------|------------|-------------|-----------|------------|
| Docker | ca.org2.example.com               | 11.2MB      | 28.06%   | 0B         | 0B          | 0B        | 0B         |
+--------+-----------------------------------+-------------+----------+------------+-------------+-----------+------------+
 

2020-05-27T10:22:55+09:00 - INFO [caliper-flow]: Generated report with path /home/oslab/caliper_v0.1.0/report-20200527T012255.html 

