2020-08-03T14:53:20+09:00 - DEBUG Constructed a winston logger with the specified targets:
	{"consolelogger":{"target":"console","level":"info"},"filelogger":{"target":"daily-rotate-file","level":"debug","filename":"log/caliper-%DATE%.log","datePattern":"YYYY-MM-DD-HH","maxSize":"5m","zippedArchive":true}}

2020-08-03T14:53:21+09:00 - INFO [caliper-flow]: ####### Caliper Test ####### 

2020-08-03T14:53:21+09:00 - INFO [caliper-utils]: Executing command: cd /home/oslab/caliper_v0.1.0/caliper/packages/caliper-samples;docker-compose -f network/fabric-v1.4.1/kafka2o2pgoleveldb/docker-compose.yaml up -d;sleep 3s 

2020-08-03T14:53:44+09:00 - INFO [adapters/fabric]: Fabric SDK version: 1.4.4; TLS: none 

2020-08-03T14:53:44+09:00 - INFO [adapters/fabric]: Org1's registrar enrolled successfully 

2020-08-03T14:53:44+09:00 - INFO [adapters/fabric]: Org2's registrar enrolled successfully 

2020-08-03T14:53:44+09:00 - INFO [adapters/fabric]: Org1's admin's materials are successfully loaded 

2020-08-03T14:53:44+09:00 - INFO [adapters/fabric]: Org2's admin's materials are successfully loaded 

2020-08-03T14:53:44+09:00 - INFO [adapters/fabric]: client0.org1.example.com's materials are successfully loaded 

2020-08-03T14:53:44+09:00 - INFO [adapters/fabric]: client0.org2.example.com's materials are successfully loaded 

2020-08-03T14:53:44+09:00 - INFO [adapters/fabric]: Channel 'mychannel' definiton being retrieved from file 

2020-08-03T14:53:45+09:00 - INFO [adapters/fabric]: Channel 'mychannel' successfully created 

2020-08-03T14:53:45+09:00 - INFO [adapters/fabric]: Sleeping 5s... 

2020-08-03T14:53:50+09:00 - INFO [adapters/fabric]: Org1's peers successfully joined mychannel: peer0.org1.example.com,peer1.org1.example.com 

2020-08-03T14:53:50+09:00 - INFO [adapters/fabric]: Org2's peers successfully joined mychannel: peer0.org2.example.com,peer1.org2.example.com 

2020-08-03T14:53:50+09:00 - INFO [adapters/fabric]: Sleeping 5s... 

2020-08-03T14:53:55+09:00 - INFO [adapters/fabric]: Installing chaincodes for mychannel... 

2020-08-03T14:53:55+09:00 - INFO [adapters/fabric]: marbles@v0 successfully installed on Org1's peers: peer0.org1.example.com,peer1.org1.example.com 

2020-08-03T14:53:55+09:00 - INFO [adapters/fabric]: marbles@v0 successfully installed on Org2's peers: peer0.org2.example.com,peer1.org2.example.com 

2020-08-03T14:53:55+09:00 - INFO [adapters/fabric]: drm@v0 successfully installed on Org1's peers: peer0.org1.example.com,peer1.org1.example.com 

2020-08-03T14:53:55+09:00 - INFO [adapters/fabric]: drm@v0 successfully installed on Org2's peers: peer0.org2.example.com,peer1.org2.example.com 

2020-08-03T14:53:55+09:00 - INFO [adapters/fabric]: simple@v0 successfully installed on Org1's peers: peer0.org1.example.com,peer1.org1.example.com 

2020-08-03T14:53:55+09:00 - INFO [adapters/fabric]: simple@v0 successfully installed on Org2's peers: peer0.org2.example.com,peer1.org2.example.com 

2020-08-03T14:53:55+09:00 - INFO [adapters/fabric]: smallbank@v0 successfully installed on Org1's peers: peer0.org1.example.com,peer1.org1.example.com 

2020-08-03T14:53:55+09:00 - INFO [adapters/fabric]: smallbank@v0 successfully installed on Org2's peers: peer0.org2.example.com,peer1.org2.example.com 

2020-08-03T14:53:55+09:00 - INFO [adapters/fabric]: Instantiating marbles@v0 in mychannel. This might take some time... 

2020-08-03T14:54:13+09:00 - INFO [adapters/fabric]: Successfully instantiated marbles@v0 in mychannel 

2020-08-03T14:54:13+09:00 - INFO [adapters/fabric]: Instantiating drm@v0 in mychannel. This might take some time... 

2020-08-03T14:54:31+09:00 - INFO [adapters/fabric]: Successfully instantiated drm@v0 in mychannel 

2020-08-03T14:54:31+09:00 - INFO [adapters/fabric]: Instantiating simple@v0 in mychannel. This might take some time... 

2020-08-03T14:54:48+09:00 - INFO [adapters/fabric]: Successfully instantiated simple@v0 in mychannel 

2020-08-03T14:54:48+09:00 - INFO [adapters/fabric]: Instantiating smallbank@v0 in mychannel. This might take some time... 

2020-08-03T14:55:06+09:00 - INFO [adapters/fabric]: Successfully instantiated smallbank@v0 in mychannel 

2020-08-03T14:55:06+09:00 - INFO [adapters/fabric]: Sleeping 5s... 

2020-08-03T14:55:11+09:00 - INFO [caliper-flow]: Started monitor successfully 

2020-08-03T14:55:11+09:00 - INFO [defaultTest]: ####### Testing 'smallOperations' ####### 

2020-08-03T14:55:11+09:00 - INFO [defaultTest]: ------ Test round 1 ------ 

2020-08-03T14:55:11+09:00 - INFO [client-util.js]: Launching client with PID  31191 

2020-08-03T14:55:11+09:00 - INFO [client-util.js]: Launching client with PID  31197 

2020-08-03T14:55:11+09:00 - INFO [client-util.js]: Launching client with PID  31203 

2020-08-03T14:55:11+09:00 - INFO [client-util.js]: Launching client with PID  31207 

2020-08-03T14:55:11+09:00 - INFO [client-util.js]: Launching client with PID  31215 

2020-08-03T14:55:11+09:00 - INFO [client-util.js]: Waiting for 5 clients to be ready...  

2020-08-03T14:55:12+09:00 - INFO [demo.js]: [Transaction Info] - Submitted: 0 Succ: 0 Fail:0 Unfinished:0 

2020-08-03T14:55:11+09:00 - DEBUG Constructed a winston logger with the specified targets:
	{"consolelogger":{"target":"console","level":"info"},"filelogger":{"target":"daily-rotate-file","level":"debug","filename":"log/caliper-%DATE%.log","datePattern":"YYYY-MM-DD-HH","maxSize":"5m","zippedArchive":true}}

2020-08-03T14:55:11+09:00 - DEBUG Constructed a winston logger with the specified targets:
	{"consolelogger":{"target":"console","level":"info"},"filelogger":{"target":"daily-rotate-file","level":"debug","filename":"log/caliper-%DATE%.log","datePattern":"YYYY-MM-DD-HH","maxSize":"5m","zippedArchive":true}}

2020-08-03T14:55:11+09:00 - DEBUG Constructed a winston logger with the specified targets:
	{"consolelogger":{"target":"console","level":"info"},"filelogger":{"target":"daily-rotate-file","level":"debug","filename":"log/caliper-%DATE%.log","datePattern":"YYYY-MM-DD-HH","maxSize":"5m","zippedArchive":true}}

2020-08-03T14:55:11+09:00 - DEBUG Constructed a winston logger with the specified targets:
	{"consolelogger":{"target":"console","level":"info"},"filelogger":{"target":"daily-rotate-file","level":"debug","filename":"log/caliper-%DATE%.log","datePattern":"YYYY-MM-DD-HH","maxSize":"5m","zippedArchive":true}}

2020-08-03T14:55:11+09:00 - DEBUG Constructed a winston logger with the specified targets:
	{"consolelogger":{"target":"console","level":"info"},"filelogger":{"target":"daily-rotate-file","level":"debug","filename":"log/caliper-%DATE%.log","datePattern":"YYYY-MM-DD-HH","maxSize":"5m","zippedArchive":true}}

2020-08-03T14:55:13+09:00 - INFO [client-util.js]: Client ready message recieved 

2020-08-03T14:55:13+09:00 - INFO [fabric/fabricClientWorker]: Client ready 

2020-08-03T14:55:13+09:00 - INFO [client-util.js]: Client ready message recieved 

2020-08-03T14:55:13+09:00 - INFO [fabric/fabricClientWorker]: Client ready 

2020-08-03T14:55:13+09:00 - INFO [client-util.js]: Client ready message recieved 

2020-08-03T14:55:13+09:00 - INFO [fabric/fabricClientWorker]: Client ready 

2020-08-03T14:55:13+09:00 - INFO [client-util.js]: Client ready message recieved 

2020-08-03T14:55:13+09:00 - INFO [fabric/fabricClientWorker]: Client ready 

2020-08-03T14:55:13+09:00 - INFO [client-util.js]: Client ready message recieved 

2020-08-03T14:55:13+09:00 - INFO [client-util.js]: 5 clients ready, starting test phase 

2020-08-03T14:55:13+09:00 - INFO [fabric/fabricClientWorker]: Client ready 

2020-08-03T14:55:13+09:00 - DEBUG [local-client.js]: doTest() with:
	{"type":"test","label":"smallOperations","rateControl":{"type":"fixed-rate","opts":{"tps":2000}},"trim":0,"args":{"accounts":400,"txnPerBatch":1},"cb":"benchmark/smallbank/smallbankOperations.js","config":"/home/oslab/caliper_v0.1.0/caliper/packages/caliper-samples/network/fabric-v1.4.1/kafka2o2pgoleveldb/fabric-go.yaml","root":"/home/oslab/caliper_v0.1.0/caliper/packages/caliper-samples","numb":400,"roundIdx":1,"totalClients":5,"clients":5,"clientargs":{},"clientIdx":3}

2020-08-03T14:55:13+09:00 - DEBUG [local-client.js]: doTest() with:
	{"type":"test","label":"smallOperations","rateControl":{"type":"fixed-rate","opts":{"tps":2000}},"trim":0,"args":{"accounts":400,"txnPerBatch":1},"cb":"benchmark/smallbank/smallbankOperations.js","config":"/home/oslab/caliper_v0.1.0/caliper/packages/caliper-samples/network/fabric-v1.4.1/kafka2o2pgoleveldb/fabric-go.yaml","root":"/home/oslab/caliper_v0.1.0/caliper/packages/caliper-samples","numb":400,"roundIdx":1,"totalClients":5,"clients":5,"clientargs":{},"clientIdx":0}

2020-08-03T14:55:13+09:00 - DEBUG [local-client.js]: doTest() with:
	{"type":"test","label":"smallOperations","rateControl":{"type":"fixed-rate","opts":{"tps":2000}},"trim":0,"args":{"accounts":400,"txnPerBatch":1},"cb":"benchmark/smallbank/smallbankOperations.js","config":"/home/oslab/caliper_v0.1.0/caliper/packages/caliper-samples/network/fabric-v1.4.1/kafka2o2pgoleveldb/fabric-go.yaml","root":"/home/oslab/caliper_v0.1.0/caliper/packages/caliper-samples","numb":400,"roundIdx":1,"totalClients":5,"clients":5,"clientargs":{},"clientIdx":4}

2020-08-03T14:55:13+09:00 - DEBUG [local-client.js]: doTest() with:
	{"type":"test","label":"smallOperations","rateControl":{"type":"fixed-rate","opts":{"tps":2000}},"trim":0,"args":{"accounts":400,"txnPerBatch":1},"cb":"benchmark/smallbank/smallbankOperations.js","config":"/home/oslab/caliper_v0.1.0/caliper/packages/caliper-samples/network/fabric-v1.4.1/kafka2o2pgoleveldb/fabric-go.yaml","root":"/home/oslab/caliper_v0.1.0/caliper/packages/caliper-samples","numb":400,"roundIdx":1,"totalClients":5,"clients":5,"clientargs":{},"clientIdx":1}

2020-08-03T14:55:13+09:00 - DEBUG [local-client.js]: doTest() with:
	{"type":"test","label":"smallOperations","rateControl":{"type":"fixed-rate","opts":{"tps":2000}},"trim":0,"args":{"accounts":400,"txnPerBatch":1},"cb":"benchmark/smallbank/smallbankOperations.js","config":"/home/oslab/caliper_v0.1.0/caliper/packages/caliper-samples/network/fabric-v1.4.1/kafka2o2pgoleveldb/fabric-go.yaml","root":"/home/oslab/caliper_v0.1.0/caliper/packages/caliper-samples","numb":400,"roundIdx":1,"totalClients":5,"clients":5,"clientargs":{},"clientIdx":2}

2020-08-03T14:55:13+09:00 - INFO [local-client.js]: txUpdateTime: 1000 

2020-08-03T14:55:13+09:00 - INFO [local-client.js]: txUpdateTime: 1000 

2020-08-03T14:55:13+09:00 - INFO [local-client.js]: txUpdateTime: 1000 

2020-08-03T14:55:13+09:00 - INFO [local-client.js]: txUpdateTime: 1000 

2020-08-03T14:55:13+09:00 - INFO [local-client.js]: txUpdateTime: 1000 

2020-08-03T14:55:13+09:00 - INFO [local-client.js]: Info: client 31191 start test runFixedNumber():small_bank_operations 

2020-08-03T14:55:13+09:00 - INFO [local-client.js]: Info: client 31207 start test runFixedNumber():small_bank_operations 

2020-08-03T14:55:13+09:00 - INFO [local-client.js]: Info: client 31197 start test runFixedNumber():small_bank_operations 

2020-08-03T14:55:13+09:00 - DEBUG [rateControl.js]: Creating rate controller for client#0 for round#1
	{"type":"fixed-rate","opts":{"tps":2000}}

2020-08-03T14:55:13+09:00 - DEBUG [rateControl.js]: Creating rate controller for client#3 for round#1
	{"type":"fixed-rate","opts":{"tps":2000}}

2020-08-03T14:55:13+09:00 - DEBUG [rateControl.js]: Creating rate controller for client#1 for round#1
	{"type":"fixed-rate","opts":{"tps":2000}}

2020-08-03T14:55:13+09:00 - INFO [local-client.js]: Info: client 31203 start test runFixedNumber():small_bank_operations 

2020-08-03T14:55:13+09:00 - DEBUG [rateControl.js]: Creating rate controller for client#2 for round#1
	{"type":"fixed-rate","opts":{"tps":2000}}

2020-08-03T14:55:13+09:00 - INFO [local-client.js]: Info: client 31215 start test runFixedNumber():small_bank_operations 

2020-08-03T14:55:13+09:00 - DEBUG [rateControl.js]: Creating rate controller for client#4 for round#1
	{"type":"fixed-rate","opts":{"tps":2000}}

2020-08-03T14:55:13+09:00 - INFO [demo.js]: [Transaction Info] - Submitted: 0 Succ: 0 Fail:0 Unfinished:0 

2020-08-03T14:55:14+09:00 - INFO [demo.js]: [Transaction Info] - Submitted: 519 Succ: 0 Fail:0 Unfinished:519 

2020-08-03T14:55:15+09:00 - INFO [demo.js]: [Transaction Info] - Submitted: 1153 Succ: 606 Fail:0 Unfinished:547 

2020-08-03T14:55:16+09:00 - INFO [demo.js]: [Transaction Info] - Submitted: 1812 Succ: 894 Fail:0 Unfinished:918 

2020-08-03T14:55:17+09:00 - INFO [demo.js]: [Transaction Info] - Submitted: 2000 Succ: 2000 Fail:0 Unfinished:0 

2020-08-03T14:55:17+09:00 - DEBUG [report-builder]: r.create.max: 1596434116.713 r.create.min: 1596434113.441 r.final.max: 1596434117.347 r.final.min: 1596434114.628 r.final.last: 1596434117.347 

2020-08-03T14:55:17+09:00 - DEBUG [report-builder]:  throughput for only success time computed: 512.0 

2020-08-03T14:55:17+09:00 - DEBUG [report-builder]: sendTransactionProposal: 0ms length: 2000 

2020-08-03T14:55:17+09:00 - DEBUG [report-builder]: sendTransaction: 0ms 

2020-08-03T14:55:17+09:00 - DEBUG [report-builder]: invokeLatency: 0ms 

2020-08-03T14:55:17+09:00 - INFO [report-builder]: ###test result:### 

2020-08-03T14:55:17+09:00 - INFO [report-builder]: 
+-----------------+------+------+-----------+-------------+-------------+-------------+------------+
| Name            | Succ | Fail | Send Rate | Max Latency | Min Latency | Avg Latency | Throughput |
|-----------------|------|------|-----------|-------------|-------------|-------------|------------|
| smallOperations | 2000 | 0    | 611.2 tps | 1.79 s      | 0.62 s      | 1.07 s      | 512.0 tps  |
+-----------------+------+------+-----------+-------------+-------------+-------------+------------+
 

2020-08-03T14:55:17+09:00 - INFO [report-builder]: ### resource stats ### 

2020-08-03T14:55:17+09:00 - INFO [report-builder]: 
+--------+-----------------------------------+-------------+-------------+----------+----------+------------+-------------+-----------+------------+
| TYPE   | NAME                              | Memory(max) | Memory(avg) | CPU(max) | CPU(avg) | Traffic In | Traffic Out | Disc Read | Disc Write |
|--------|-----------------------------------|-------------|-------------|----------|----------|------------|-------------|-----------|------------|
| Docker | dev-peer1.org1.example.co...nk-v0 | 8.5MB       | 7.7MB       | 16.36%   | 8.18%    | 1.4MB      | 729.6KB     | 0B        | 0B         |
|--------|-----------------------------------|-------------|-------------|----------|----------|------------|-------------|-----------|------------|
| Docker | dev-peer1.org2.example.co...nk-v0 | 8.7MB       | 7.9MB       | 18.26%   | 9.13%    | 1.5MB      | 790.2KB     | 0B        | 0B         |
|--------|-----------------------------------|-------------|-------------|----------|----------|------------|-------------|-----------|------------|
| Docker | dev-peer0.org1.example.co...nk-v0 | 8.7MB       | 7.8MB       | 16.24%   | 10.91%   | 1.4MB      | 686.9KB     | 0B        | 0B         |
|--------|-----------------------------------|-------------|-------------|----------|----------|------------|-------------|-----------|------------|
| Docker | dev-peer0.org2.example.co...nk-v0 | 8.8MB       | 8.1MB       | 17.07%   | 11.00%   | 1.2MB      | 620.1KB     | 0B        | 0B         |
|--------|-----------------------------------|-------------|-------------|----------|----------|------------|-------------|-----------|------------|
| Docker | dev-peer0.org1.example.co...le-v0 | 7.0MB       | 7.0MB       | 0.00%    | 0.00%    | 0B         | 0B          | 0B        | 0B         |
|--------|-----------------------------------|-------------|-------------|----------|----------|------------|-------------|-----------|------------|
| Docker | dev-peer1.org2.example.co...le-v0 | 7.1MB       | 7.1MB       | 0.00%    | 0.00%    | 0B         | 0B          | 0B        | 0B         |
|--------|-----------------------------------|-------------|-------------|----------|----------|------------|-------------|-----------|------------|
| Docker | dev-peer1.org1.example.co...le-v0 | 7.0MB       | 7.0MB       | 0.00%    | 0.00%    | 70B        | 0B          | 0B        | 0B         |
|--------|-----------------------------------|-------------|-------------|----------|----------|------------|-------------|-----------|------------|
| Docker | dev-peer0.org2.example.co...le-v0 | 7.2MB       | 7.2MB       | 0.00%    | 0.00%    | 0B         | 0B          | 0B        | 0B         |
|--------|-----------------------------------|-------------|-------------|----------|----------|------------|-------------|-----------|------------|
| Docker | dev-peer0.org2.example.co...rm-v0 | 6.8MB       | 6.8MB       | 0.00%    | 0.00%    | 0B         | 0B          | 0B        | 0B         |
|--------|-----------------------------------|-------------|-------------|----------|----------|------------|-------------|-----------|------------|
| Docker | dev-peer1.org2.example.co...rm-v0 | 6.8MB       | 6.8MB       | 0.00%    | 0.00%    | 0B         | 0B          | 0B        | 0B         |
|--------|-----------------------------------|-------------|-------------|----------|----------|------------|-------------|-----------|------------|
| Docker | dev-peer0.org1.example.co...rm-v0 | 6.9MB       | 6.9MB       | 0.00%    | 0.00%    | 0B         | 0B          | 0B        | 0B         |
|--------|-----------------------------------|-------------|-------------|----------|----------|------------|-------------|-----------|------------|
| Docker | dev-peer1.org1.example.co...rm-v0 | 7.0MB       | 7.0MB       | 0.00%    | 0.00%    | 0B         | 0B          | 0B        | 0B         |
|--------|-----------------------------------|-------------|-------------|----------|----------|------------|-------------|-----------|------------|
| Docker | dev-peer1.org2.example.co...es-v0 | 7.1MB       | 7.1MB       | 0.00%    | 0.00%    | 0B         | 0B          | 0B        | 0B         |
|--------|-----------------------------------|-------------|-------------|----------|----------|------------|-------------|-----------|------------|
| Docker | dev-peer1.org1.example.co...es-v0 | 7.0MB       | 7.0MB       | 0.00%    | 0.00%    | 273B       | 0B          | 0B        | 0B         |
|--------|-----------------------------------|-------------|-------------|----------|----------|------------|-------------|-----------|------------|
| Docker | dev-peer0.org1.example.co...es-v0 | 7.0MB       | 7.0MB       | 0.00%    | 0.00%    | 203B       | 0B          | 0B        | 0B         |
|--------|-----------------------------------|-------------|-------------|----------|----------|------------|-------------|-----------|------------|
| Docker | dev-peer0.org2.example.co...es-v0 | 6.9MB       | 6.9MB       | 0.00%    | 0.00%    | 203B       | 0B          | 0B        | 0B         |
|--------|-----------------------------------|-------------|-------------|----------|----------|------------|-------------|-----------|------------|
| Docker | peer1.org1.example.com            | 182.0MB     | 166.0MB     | 199.44%  | 108.32%  | 6.7MB      | 2.7MB       | 0B        | 9.1MB      |
|--------|-----------------------------------|-------------|-------------|----------|----------|------------|-------------|-----------|------------|
| Docker | peer0.org1.example.com            | 181.6MB     | 173.6MB     | 193.24%  | 111.24%  | 6.6MB      | 2.5MB       | 0B        | 9.1MB      |
|--------|-----------------------------------|-------------|-------------|----------|----------|------------|-------------|-----------|------------|
| Docker | peer0.org2.example.com            | 181.3MB     | 172.8MB     | 199.45%  | 110.32%  | 8.1MB      | 2.8MB       | 0B        | 9.1MB      |
|--------|-----------------------------------|-------------|-------------|----------|----------|------------|-------------|-----------|------------|
| Docker | peer1.org2.example.com            | 180.5MB     | 167.5MB     | 206.19%  | 114.20%  | 8.1MB      | 2.9MB       | 0B        | 9.1MB      |
|--------|-----------------------------------|-------------|-------------|----------|----------|------------|-------------|-----------|------------|
| Docker | orderer0.example.com              | 52.2MB      | 37.0MB      | 80.72%   | 45.82%   | 9.1MB      | 13.3MB      | 0B        | 12.2MB     |
|--------|-----------------------------------|-------------|-------------|----------|----------|------------|-------------|-----------|------------|
| Docker | orderer1.example.com              | 42.4MB      | 29.4MB      | 102.91%  | 55.64%   | 9.3MB      | 13.4MB      | 0B        | 12.2MB     |
|--------|-----------------------------------|-------------|-------------|----------|----------|------------|-------------|-----------|------------|
| Docker | kafka1                            | 341.8MB     | 341.8MB     | 2.10%    | 1.98%    | 6.9KB      | 11.6KB      | 0B        | 4.0KB      |
|--------|-----------------------------------|-------------|-------------|----------|----------|------------|-------------|-----------|------------|
| Docker | kafka3                            | 340.2MB     | 334.2MB     | 25.62%   | 16.60%   | 6.0MB      | 131.0KB     | 0B        | 4.0KB      |
|--------|-----------------------------------|-------------|-------------|----------|----------|------------|-------------|-----------|------------|
| Docker | kafka2                            | 386.4MB     | 367.4MB     | 226.99%  | 131.57%  | 6.3MB      | 24.2MB      | 0B        | 4.0KB      |
|--------|-----------------------------------|-------------|-------------|----------|----------|------------|-------------|-----------|------------|
| Docker | kafka0                            | 339.8MB     | 334.7MB     | 44.26%   | 37.64%   | 6.2MB      | 129.0KB     | 0B        | 4.0KB      |
|--------|-----------------------------------|-------------|-------------|----------|----------|------------|-------------|-----------|------------|
| Docker | ca.org1.example.com               | 10.4MB      | 10.4MB      | 0.00%    | 0.00%    | 0B         | 0B          | 0B        | 0B         |
|--------|-----------------------------------|-------------|-------------|----------|----------|------------|-------------|-----------|------------|
| Docker | ca.org2.example.com               | 9.9MB       | 9.9MB       | 0.00%    | 0.00%    | 0B         | 0B          | 0B        | 0B         |
|--------|-----------------------------------|-------------|-------------|----------|----------|------------|-------------|-----------|------------|
| Docker | zookeeper1                        | 51.9MB      | 51.9MB      | 0.27%    | 0.20%    | 600B       | 368B        | 0B        | 0B         |
|--------|-----------------------------------|-------------|-------------|----------|----------|------------|-------------|-----------|------------|
| Docker | zookeeper2                        | 58.1MB      | 58.1MB      | 0.36%    | 0.28%    | 852B       | 1.1KB       | 0B        | 0B         |
|--------|-----------------------------------|-------------|-------------|----------|----------|------------|-------------|-----------|------------|
| Docker | zookeeper0                        | 52.2MB      | 52.2MB      | 0.18%    | 0.17%    | 600B       | 368B        | 0B        | 0B         |
+--------+-----------------------------------+-------------+-------------+----------+----------+------------+-------------+-----------+------------+
 

2020-08-03T14:55:17+09:00 - INFO [defaultTest]: ------ Passed 'smallOperations' testing ------ 

2020-08-03T14:55:17+09:00 - INFO [caliper-flow]: ---------- Finished Test ----------
 

2020-08-03T14:55:17+09:00 - INFO [report-builder]: ###all test results:### 

2020-08-03T14:55:17+09:00 - INFO [report-builder]: 
+------+-----------------+------+------+-----------+-------------+-------------+-------------+------------+
| Test | Name            | Succ | Fail | Send Rate | Max Latency | Min Latency | Avg Latency | Throughput |
|------|-----------------|------|------|-----------|-------------|-------------|-------------|------------|
| 1    | smallOperations | 2000 | 0    | 611.2 tps | 1.79 s      | 0.62 s      | 1.07 s      | 512.0 tps  |
+------+-----------------+------+------+-----------+-------------+-------------+-------------+------------+
 

2020-08-03T14:55:17+09:00 - INFO [monitor.js]: 
 ### resource stats (maximum) ### 

2020-08-03T14:55:17+09:00 - INFO [monitor.js]: 
+--------+-----------------------------------+-------------+----------+------------+-------------+-----------+------------+
| TYPE   | NAME                              | Memory(max) | CPU(max) | Traffic In | Traffic Out | Disc Read | Disc Write |
|--------|-----------------------------------|-------------|----------|------------|-------------|-----------|------------|
| Docker | dev-peer1.org1.example.co...nk-v0 | 8.5MB       | 16.36%   | 1.4MB      | 729.6KB     | 0B        | 0B         |
|--------|-----------------------------------|-------------|----------|------------|-------------|-----------|------------|
| Docker | dev-peer1.org2.example.co...nk-v0 | 8.7MB       | 18.26%   | 1.5MB      | 790.2KB     | 0B        | 0B         |
|--------|-----------------------------------|-------------|----------|------------|-------------|-----------|------------|
| Docker | dev-peer0.org1.example.co...nk-v0 | 8.7MB       | 16.24%   | 1.4MB      | 686.9KB     | 0B        | 0B         |
|--------|-----------------------------------|-------------|----------|------------|-------------|-----------|------------|
| Docker | dev-peer0.org2.example.co...nk-v0 | 8.8MB       | 17.07%   | 1.2MB      | 620.1KB     | 0B        | 0B         |
|--------|-----------------------------------|-------------|----------|------------|-------------|-----------|------------|
| Docker | dev-peer0.org1.example.co...le-v0 | 7.0MB       | 0.00%    | 0B         | 0B          | 0B        | 0B         |
|--------|-----------------------------------|-------------|----------|------------|-------------|-----------|------------|
| Docker | dev-peer1.org2.example.co...le-v0 | 7.1MB       | 0.00%    | 0B         | 0B          | 0B        | 0B         |
|--------|-----------------------------------|-------------|----------|------------|-------------|-----------|------------|
| Docker | dev-peer1.org1.example.co...le-v0 | 7.0MB       | 0.00%    | 70B        | 0B          | 0B        | 0B         |
|--------|-----------------------------------|-------------|----------|------------|-------------|-----------|------------|
| Docker | dev-peer0.org2.example.co...le-v0 | 7.2MB       | 0.00%    | 0B         | 0B          | 0B        | 0B         |
|--------|-----------------------------------|-------------|----------|------------|-------------|-----------|------------|
| Docker | dev-peer0.org2.example.co...rm-v0 | 6.8MB       | 0.00%    | 0B         | 0B          | 0B        | 0B         |
|--------|-----------------------------------|-------------|----------|------------|-------------|-----------|------------|
| Docker | dev-peer1.org2.example.co...rm-v0 | 6.8MB       | 0.00%    | 0B         | 0B          | 0B        | 0B         |
|--------|-----------------------------------|-------------|----------|------------|-------------|-----------|------------|
| Docker | dev-peer0.org1.example.co...rm-v0 | 6.9MB       | 0.00%    | 0B         | 0B          | 0B        | 0B         |
|--------|-----------------------------------|-------------|----------|------------|-------------|-----------|------------|
| Docker | dev-peer1.org1.example.co...rm-v0 | 7.0MB       | 0.00%    | 0B         | 0B          | 0B        | 0B         |
|--------|-----------------------------------|-------------|----------|------------|-------------|-----------|------------|
| Docker | dev-peer1.org2.example.co...es-v0 | 7.1MB       | 0.00%    | 0B         | 0B          | 0B        | 0B         |
|--------|-----------------------------------|-------------|----------|------------|-------------|-----------|------------|
| Docker | dev-peer1.org1.example.co...es-v0 | 7.0MB       | 0.00%    | 273B       | 0B          | 0B        | 0B         |
|--------|-----------------------------------|-------------|----------|------------|-------------|-----------|------------|
| Docker | dev-peer0.org1.example.co...es-v0 | 7.0MB       | 0.00%    | 203B       | 0B          | 0B        | 0B         |
|--------|-----------------------------------|-------------|----------|------------|-------------|-----------|------------|
| Docker | dev-peer0.org2.example.co...es-v0 | 6.9MB       | 0.00%    | 203B       | 0B          | 0B        | 0B         |
|--------|-----------------------------------|-------------|----------|------------|-------------|-----------|------------|
| Docker | peer1.org1.example.com            | 182.0MB     | 199.44%  | 6.7MB      | 2.7MB       | 0B        | 9.1MB      |
|--------|-----------------------------------|-------------|----------|------------|-------------|-----------|------------|
| Docker | peer0.org1.example.com            | 181.6MB     | 193.24%  | 6.6MB      | 2.5MB       | 0B        | 9.1MB      |
|--------|-----------------------------------|-------------|----------|------------|-------------|-----------|------------|
| Docker | peer0.org2.example.com            | 181.3MB     | 199.45%  | 8.1MB      | 2.8MB       | 0B        | 9.1MB      |
|--------|-----------------------------------|-------------|----------|------------|-------------|-----------|------------|
| Docker | peer1.org2.example.com            | 180.5MB     | 206.19%  | 8.1MB      | 2.9MB       | 0B        | 9.1MB      |
|--------|-----------------------------------|-------------|----------|------------|-------------|-----------|------------|
| Docker | orderer0.example.com              | 52.2MB      | 80.72%   | 9.1MB      | 13.3MB      | 0B        | 12.2MB     |
|--------|-----------------------------------|-------------|----------|------------|-------------|-----------|------------|
| Docker | orderer1.example.com              | 42.4MB      | 102.91%  | 9.3MB      | 13.4MB      | 0B        | 12.2MB     |
|--------|-----------------------------------|-------------|----------|------------|-------------|-----------|------------|
| Docker | kafka1                            | 341.8MB     | 2.10%    | 6.9KB      | 11.6KB      | 0B        | 4.0KB      |
|--------|-----------------------------------|-------------|----------|------------|-------------|-----------|------------|
| Docker | kafka3                            | 340.2MB     | 25.62%   | 6.0MB      | 131.0KB     | 0B        | 4.0KB      |
|--------|-----------------------------------|-------------|----------|------------|-------------|-----------|------------|
| Docker | kafka2                            | 386.4MB     | 226.99%  | 6.3MB      | 24.2MB      | 0B        | 4.0KB      |
|--------|-----------------------------------|-------------|----------|------------|-------------|-----------|------------|
| Docker | kafka0                            | 339.8MB     | 44.26%   | 6.2MB      | 129.0KB     | 0B        | 4.0KB      |
|--------|-----------------------------------|-------------|----------|------------|-------------|-----------|------------|
| Docker | ca.org1.example.com               | 10.4MB      | 0.00%    | 0B         | 0B          | 0B        | 0B         |
|--------|-----------------------------------|-------------|----------|------------|-------------|-----------|------------|
| Docker | ca.org2.example.com               | 9.9MB       | 0.00%    | 0B         | 0B          | 0B        | 0B         |
|--------|-----------------------------------|-------------|----------|------------|-------------|-----------|------------|
| Docker | zookeeper1                        | 51.9MB      | 0.27%    | 600B       | 368B        | 0B        | 0B         |
|--------|-----------------------------------|-------------|----------|------------|-------------|-----------|------------|
| Docker | zookeeper2                        | 58.1MB      | 0.36%    | 852B       | 1.1KB       | 0B        | 0B         |
|--------|-----------------------------------|-------------|----------|------------|-------------|-----------|------------|
| Docker | zookeeper0                        | 52.2MB      | 0.18%    | 600B       | 368B        | 0B        | 0B         |
+--------+-----------------------------------+-------------+----------+------------+-------------+-----------+------------+
 

2020-08-03T14:55:17+09:00 - INFO [caliper-flow]: Generated report with path /home/oslab/caliper_v0.1.0/report-20200803T055517.html 

2020-08-03T14:55:17+09:00 - INFO [demo.js]: [Transaction Info] - Submitted: 2000 Succ: 2000 Fail:0 Unfinished:0 

2020-08-03T14:55:17+09:00 - INFO [caliper-flow]: 

#######################################
# Test summary: 1 succeeded, 0 failed #
#######################################
 

2020-08-03T14:55:17+09:00 - INFO [caliper-utils]: Executing command: cd /home/oslab/caliper_v0.1.0/caliper/packages/caliper-samples;docker-compose -f network/fabric-v1.4.1/kafka2o2pgoleveldb/docker-compose.yaml down;(test -z \"$(docker ps -aq)\") || docker rm $(docker ps -aq);(test -z \"$(docker images dev* -q)\") || docker rmi $(docker images dev* -q);rm -rf /tmp/hfc-* 

2020-08-03T14:55:17+09:00 - INFO [client-util.js]: Client exited with code null 

2020-08-03T14:55:17+09:00 - INFO [client-util.js]: Client exited with code null 

2020-08-03T14:55:17+09:00 - INFO [client-util.js]: Client exited with code null 

2020-08-03T14:55:17+09:00 - INFO [client-util.js]: Client exited with code null 

2020-08-03T14:55:17+09:00 - INFO [client-util.js]: Client exited with code null 

