2020-10-05T14:30:06+09:00 - DEBUG Constructed a winston logger with the specified targets:
	{"consolelogger":{"target":"console","level":"info"},"filelogger":{"target":"daily-rotate-file","level":"debug","filename":"log/caliper-%DATE%.log","datePattern":"YYYY-MM-DD-HH","maxSize":"5m","zippedArchive":true}}

2020-10-05T14:30:07+09:00 - INFO [caliper-flow]: ####### Caliper Test ####### 

2020-10-05T14:30:07+09:00 - INFO [caliper-flow]: Skipping start commands due to benchmark flow conditioning 

2020-10-05T14:30:07+09:00 - INFO [caliper-flow]: Skipping initialization phase due to benchmark flow conditioning 

2020-10-05T14:30:07+09:00 - INFO [caliper-flow]: Skipping install smart contract phase due to benchmark flow conditioning 

2020-10-05T14:30:07+09:00 - INFO [caliper-flow]: Started monitor successfully 

2020-10-05T14:30:07+09:00 - INFO [defaultTest]: ####### Testing 'smallOperations' ####### 

2020-10-05T14:30:07+09:00 - INFO [defaultTest]: ------ Test round 1 ------ 

2020-10-05T14:30:07+09:00 - INFO [client-util.js]: Launching client with PID  7418 

2020-10-05T14:30:07+09:00 - INFO [client-util.js]: Launching client with PID  7423 

2020-10-05T14:30:07+09:00 - INFO [client-util.js]: Launching client with PID  7429 

2020-10-05T14:30:07+09:00 - INFO [client-util.js]: Launching client with PID  7433 

2020-10-05T14:30:08+09:00 - INFO [client-util.js]: Launching client with PID  7445 

2020-10-05T14:30:08+09:00 - INFO [client-util.js]: Waiting for 5 clients to be ready...  

2020-10-05T14:30:08+09:00 - INFO [demo.js]: [Transaction Info] - Submitted: 0 Succ: 0 Fail:0 Unfinished:0 

2020-10-05T14:30:08+09:00 - DEBUG Constructed a winston logger with the specified targets:
	{"consolelogger":{"target":"console","level":"info"},"filelogger":{"target":"daily-rotate-file","level":"debug","filename":"log/caliper-%DATE%.log","datePattern":"YYYY-MM-DD-HH","maxSize":"5m","zippedArchive":true}}

2020-10-05T14:30:08+09:00 - DEBUG Constructed a winston logger with the specified targets:
	{"consolelogger":{"target":"console","level":"info"},"filelogger":{"target":"daily-rotate-file","level":"debug","filename":"log/caliper-%DATE%.log","datePattern":"YYYY-MM-DD-HH","maxSize":"5m","zippedArchive":true}}

2020-10-05T14:30:08+09:00 - DEBUG Constructed a winston logger with the specified targets:
	{"consolelogger":{"target":"console","level":"info"},"filelogger":{"target":"daily-rotate-file","level":"debug","filename":"log/caliper-%DATE%.log","datePattern":"YYYY-MM-DD-HH","maxSize":"5m","zippedArchive":true}}

2020-10-05T14:30:08+09:00 - DEBUG Constructed a winston logger with the specified targets:
	{"consolelogger":{"target":"console","level":"info"},"filelogger":{"target":"daily-rotate-file","level":"debug","filename":"log/caliper-%DATE%.log","datePattern":"YYYY-MM-DD-HH","maxSize":"5m","zippedArchive":true}}

2020-10-05T14:30:08+09:00 - DEBUG Constructed a winston logger with the specified targets:
	{"consolelogger":{"target":"console","level":"info"},"filelogger":{"target":"daily-rotate-file","level":"debug","filename":"log/caliper-%DATE%.log","datePattern":"YYYY-MM-DD-HH","maxSize":"5m","zippedArchive":true}}

2020-10-05T14:30:09+09:00 - INFO [client-util.js]: Client ready message recieved 

2020-10-05T14:30:09+09:00 - INFO [fabric/fabricClientWorker]: Client ready 

2020-10-05T14:30:09+09:00 - INFO [client-util.js]: Client ready message recieved 

2020-10-05T14:30:09+09:00 - INFO [fabric/fabricClientWorker]: Client ready 

2020-10-05T14:30:09+09:00 - INFO [client-util.js]: Client ready message recieved 

2020-10-05T14:30:09+09:00 - INFO [fabric/fabricClientWorker]: Client ready 

2020-10-05T14:30:09+09:00 - INFO [client-util.js]: Client ready message recieved 

2020-10-05T14:30:09+09:00 - INFO [fabric/fabricClientWorker]: Client ready 

2020-10-05T14:30:09+09:00 - INFO [client-util.js]: Client ready message recieved 

2020-10-05T14:30:09+09:00 - INFO [client-util.js]: 5 clients ready, starting test phase 

2020-10-05T14:30:09+09:00 - INFO [fabric/fabricClientWorker]: Client ready 

2020-10-05T14:30:09+09:00 - DEBUG [local-client.js]: doTest() with:
	{"type":"test","label":"smallOperations","rateControl":{"type":"fixed-rate","opts":{"tps":2000}},"trim":0,"args":{"accounts":400,"txnPerBatch":1},"cb":"benchmark/smallbank/smallbankOperations.js","config":"/home/oslab/caliper_v0.1.0/caliper/packages/caliper-samples/network/fabric-v1.4.1/raft2o2p/fabric-go-tls.yaml","root":"/home/oslab/caliper_v0.1.0/caliper/packages/caliper-samples","numb":400,"roundIdx":1,"totalClients":5,"clients":5,"clientargs":{},"clientIdx":1}

2020-10-05T14:30:09+09:00 - DEBUG [local-client.js]: doTest() with:
	{"type":"test","label":"smallOperations","rateControl":{"type":"fixed-rate","opts":{"tps":2000}},"trim":0,"args":{"accounts":400,"txnPerBatch":1},"cb":"benchmark/smallbank/smallbankOperations.js","config":"/home/oslab/caliper_v0.1.0/caliper/packages/caliper-samples/network/fabric-v1.4.1/raft2o2p/fabric-go-tls.yaml","root":"/home/oslab/caliper_v0.1.0/caliper/packages/caliper-samples","numb":400,"roundIdx":1,"totalClients":5,"clients":5,"clientargs":{},"clientIdx":0}

2020-10-05T14:30:09+09:00 - DEBUG [local-client.js]: doTest() with:
	{"type":"test","label":"smallOperations","rateControl":{"type":"fixed-rate","opts":{"tps":2000}},"trim":0,"args":{"accounts":400,"txnPerBatch":1},"cb":"benchmark/smallbank/smallbankOperations.js","config":"/home/oslab/caliper_v0.1.0/caliper/packages/caliper-samples/network/fabric-v1.4.1/raft2o2p/fabric-go-tls.yaml","root":"/home/oslab/caliper_v0.1.0/caliper/packages/caliper-samples","numb":400,"roundIdx":1,"totalClients":5,"clients":5,"clientargs":{},"clientIdx":4}

2020-10-05T14:30:09+09:00 - DEBUG [local-client.js]: doTest() with:
	{"type":"test","label":"smallOperations","rateControl":{"type":"fixed-rate","opts":{"tps":2000}},"trim":0,"args":{"accounts":400,"txnPerBatch":1},"cb":"benchmark/smallbank/smallbankOperations.js","config":"/home/oslab/caliper_v0.1.0/caliper/packages/caliper-samples/network/fabric-v1.4.1/raft2o2p/fabric-go-tls.yaml","root":"/home/oslab/caliper_v0.1.0/caliper/packages/caliper-samples","numb":400,"roundIdx":1,"totalClients":5,"clients":5,"clientargs":{},"clientIdx":3}

2020-10-05T14:30:09+09:00 - DEBUG [local-client.js]: doTest() with:
	{"type":"test","label":"smallOperations","rateControl":{"type":"fixed-rate","opts":{"tps":2000}},"trim":0,"args":{"accounts":400,"txnPerBatch":1},"cb":"benchmark/smallbank/smallbankOperations.js","config":"/home/oslab/caliper_v0.1.0/caliper/packages/caliper-samples/network/fabric-v1.4.1/raft2o2p/fabric-go-tls.yaml","root":"/home/oslab/caliper_v0.1.0/caliper/packages/caliper-samples","numb":400,"roundIdx":1,"totalClients":5,"clients":5,"clientargs":{},"clientIdx":2}

2020-10-05T14:30:09+09:00 - INFO [local-client.js]: txUpdateTime: 1000 

2020-10-05T14:30:09+09:00 - INFO [local-client.js]: txUpdateTime: 1000 

2020-10-05T14:30:09+09:00 - INFO [local-client.js]: txUpdateTime: 1000 

2020-10-05T14:30:09+09:00 - INFO [local-client.js]: txUpdateTime: 1000 

2020-10-05T14:30:09+09:00 - INFO [local-client.js]: txUpdateTime: 1000 

2020-10-05T14:30:09+09:00 - INFO [local-client.js]: Info: client 7423 start test runFixedNumber():small_bank_operations 

2020-10-05T14:30:09+09:00 - INFO [local-client.js]: Info: client 7445 start test runFixedNumber():small_bank_operations 

2020-10-05T14:30:09+09:00 - DEBUG [rateControl.js]: Creating rate controller for client#1 for round#1
	{"type":"fixed-rate","opts":{"tps":2000}}

2020-10-05T14:30:09+09:00 - DEBUG [rateControl.js]: Creating rate controller for client#4 for round#1
	{"type":"fixed-rate","opts":{"tps":2000}}

2020-10-05T14:30:09+09:00 - INFO [local-client.js]: Info: client 7429 start test runFixedNumber():small_bank_operations 

2020-10-05T14:30:09+09:00 - INFO [local-client.js]: Info: client 7433 start test runFixedNumber():small_bank_operations 

2020-10-05T14:30:09+09:00 - DEBUG [rateControl.js]: Creating rate controller for client#2 for round#1
	{"type":"fixed-rate","opts":{"tps":2000}}

2020-10-05T14:30:09+09:00 - INFO [local-client.js]: Info: client 7418 start test runFixedNumber():small_bank_operations 

2020-10-05T14:30:09+09:00 - DEBUG [rateControl.js]: Creating rate controller for client#3 for round#1
	{"type":"fixed-rate","opts":{"tps":2000}}

2020-10-05T14:30:09+09:00 - DEBUG [rateControl.js]: Creating rate controller for client#0 for round#1
	{"type":"fixed-rate","opts":{"tps":2000}}

2020-10-05T14:30:09+09:00 - INFO [demo.js]: [Transaction Info] - Submitted: 0 Succ: 0 Fail:0 Unfinished:0 

2020-10-05T14:30:10+09:00 - INFO [demo.js]: [Transaction Info] - Submitted: 294 Succ: 150 Fail:0 Unfinished:144 

2020-10-05T14:30:11+09:00 - INFO [demo.js]: [Transaction Info] - Submitted: 663 Succ: 520 Fail:0 Unfinished:143 

2020-10-05T14:30:12+09:00 - INFO [demo.js]: [Transaction Info] - Submitted: 1052 Succ: 900 Fail:0 Unfinished:152 

2020-10-05T14:30:13+09:00 - INFO [demo.js]: [Transaction Info] - Submitted: 1427 Succ: 1250 Fail:0 Unfinished:177 

2020-10-05T14:30:14+09:00 - INFO [demo.js]: [Transaction Info] - Submitted: 1818 Succ: 1650 Fail:0 Unfinished:168 

2020-10-05T14:30:15+09:00 - DEBUG [report-builder]: r.create.max: 1601875815.263 r.create.min: 1601875809.774 r.final.max: 1601875815.474 r.final.min: 1601875810.242 r.final.last: 1601875815.474 

2020-10-05T14:30:15+09:00 - DEBUG [report-builder]:  throughput for only success time computed: 350.9 

2020-10-05T14:30:15+09:00 - DEBUG [report-builder]: sendTransactionProposal: 0ms length: 2000 

2020-10-05T14:30:15+09:00 - DEBUG [report-builder]: sendTransaction: 0ms 

2020-10-05T14:30:15+09:00 - DEBUG [report-builder]: invokeLatency: 0ms 

2020-10-05T14:30:15+09:00 - INFO [report-builder]: ###test result:### 

2020-10-05T14:30:15+09:00 - INFO [report-builder]: 
+-----------------+------+------+-----------+-------------+-------------+-------------+------------+
| Name            | Succ | Fail | Send Rate | Max Latency | Min Latency | Avg Latency | Throughput |
|-----------------|------|------|-----------|-------------|-------------|-------------|------------|
| smallOperations | 2000 | 0    | 364.4 tps | 0.56 s      | 0.21 s      | 0.41 s      | 350.9 tps  |
+-----------------+------+------+-----------+-------------+-------------+-------------+------------+
 

2020-10-05T14:30:15+09:00 - INFO [report-builder]: ### resource stats ### 

2020-10-05T14:30:15+09:00 - INFO [report-builder]: 
+--------+-----------------------------------+-------------+-------------+----------+----------+------------+-------------+-----------+------------+
| TYPE   | NAME                              | Memory(max) | Memory(avg) | CPU(max) | CPU(avg) | Traffic In | Traffic Out | Disc Read | Disc Write |
|--------|-----------------------------------|-------------|-------------|----------|----------|------------|-------------|-----------|------------|
| Docker | dev-peer1.org2.example.co...nk-v0 | 10.0MB      | 9.1MB       | 23.29%   | 14.98%   | 1.8MB      | 1.1MB       | 0B        | 0B         |
|--------|-----------------------------------|-------------|-------------|----------|----------|------------|-------------|-----------|------------|
| Docker | dev-peer1.org1.example.co...nk-v0 | 9.9MB       | 9.5MB       | 22.23%   | 16.68%   | 1.6MB      | 996.8KB     | 0B        | 0B         |
|--------|-----------------------------------|-------------|-------------|----------|----------|------------|-------------|-----------|------------|
| Docker | dev-peer0.org2.example.co...nk-v0 | 10.1MB      | 9.6MB       | 22.57%   | 16.90%   | 1.6MB      | 1010.2KB    | 0B        | 0B         |
|--------|-----------------------------------|-------------|-------------|----------|----------|------------|-------------|-----------|------------|
| Docker | dev-peer0.org1.example.co...nk-v0 | 9.9MB       | 9.4MB       | 22.51%   | 17.44%   | 1.6MB      | 1016.2KB    | 0B        | 0B         |
|--------|-----------------------------------|-------------|-------------|----------|----------|------------|-------------|-----------|------------|
| Docker | dev-peer0.org1.example.co...le-v0 | 6.0MB       | 6.0MB       | 0.00%    | 0.00%    | 0B         | 0B          | 0B        | 0B         |
|--------|-----------------------------------|-------------|-------------|----------|----------|------------|-------------|-----------|------------|
| Docker | dev-peer1.org1.example.co...le-v0 | 6.3MB       | 6.3MB       | 0.00%    | 0.00%    | 0B         | 0B          | 0B        | 0B         |
|--------|-----------------------------------|-------------|-------------|----------|----------|------------|-------------|-----------|------------|
| Docker | dev-peer0.org2.example.co...le-v0 | 6.1MB       | 6.1MB       | 0.00%    | 0.00%    | 0B         | 0B          | 0B        | 0B         |
|--------|-----------------------------------|-------------|-------------|----------|----------|------------|-------------|-----------|------------|
| Docker | dev-peer1.org2.example.co...le-v0 | 5.9MB       | 5.9MB       | 0.00%    | 0.00%    | 0B         | 0B          | 0B        | 0B         |
|--------|-----------------------------------|-------------|-------------|----------|----------|------------|-------------|-----------|------------|
| Docker | dev-peer1.org1.example.co...rm-v0 | 6.2MB       | 6.2MB       | 0.03%    | 0.01%    | 112B       | 178B        | 0B        | 0B         |
|--------|-----------------------------------|-------------|-------------|----------|----------|------------|-------------|-----------|------------|
| Docker | dev-peer0.org1.example.co...rm-v0 | 6.1MB       | 6.1MB       | 0.04%    | 0.01%    | 112B       | 178B        | 0B        | 0B         |
|--------|-----------------------------------|-------------|-------------|----------|----------|------------|-------------|-----------|------------|
| Docker | dev-peer1.org2.example.co...rm-v0 | 6.0MB       | 6.0MB       | 0.00%    | 0.00%    | 112B       | 178B        | 0B        | 0B         |
|--------|-----------------------------------|-------------|-------------|----------|----------|------------|-------------|-----------|------------|
| Docker | dev-peer0.org2.example.co...rm-v0 | 6.1MB       | 6.1MB       | 0.04%    | 0.01%    | 112B       | 178B        | 0B        | 0B         |
|--------|-----------------------------------|-------------|-------------|----------|----------|------------|-------------|-----------|------------|
| Docker | dev-peer1.org2.example.co...es-v0 | 6.1MB       | 6.1MB       | 0.00%    | 0.00%    | 0B         | 0B          | 0B        | 0B         |
|--------|-----------------------------------|-------------|-------------|----------|----------|------------|-------------|-----------|------------|
| Docker | dev-peer1.org1.example.co...es-v0 | 5.9MB       | 5.9MB       | 0.00%    | 0.00%    | 0B         | 0B          | 0B        | 0B         |
|--------|-----------------------------------|-------------|-------------|----------|----------|------------|-------------|-----------|------------|
| Docker | dev-peer0.org2.example.co...es-v0 | 5.8MB       | 5.8MB       | 0.00%    | 0.00%    | 0B         | 0B          | 0B        | 0B         |
|--------|-----------------------------------|-------------|-------------|----------|----------|------------|-------------|-----------|------------|
| Docker | dev-peer0.org1.example.co...es-v0 | 5.8MB       | 5.8MB       | 0.00%    | 0.00%    | 0B         | 0B          | 0B        | 0B         |
|--------|-----------------------------------|-------------|-------------|----------|----------|------------|-------------|-----------|------------|
| Docker | peer1.org2.example.com            | 154.9MB     | 131.6MB     | 116.98%  | 84.93%   | 8.2MB      | 3.4MB       | 0B        | 7.8MB      |
|--------|-----------------------------------|-------------|-------------|----------|----------|------------|-------------|-----------|------------|
| Docker | peer0.org2.example.com            | 159.1MB     | 134.7MB     | 116.40%  | 86.29%   | 8.2MB      | 3.4MB       | 0B        | 7.7MB      |
|--------|-----------------------------------|-------------|-------------|----------|----------|------------|-------------|-----------|------------|
| Docker | peer0.org1.example.com            | 162.2MB     | 139.8MB     | 116.46%  | 89.03%   | 8.2MB      | 3.4MB       | 0B        | 7.9MB      |
|--------|-----------------------------------|-------------|-------------|----------|----------|------------|-------------|-----------|------------|
| Docker | peer1.org1.example.com            | 158.9MB     | 131.5MB     | 117.97%  | 83.75%   | 8.2MB      | 3.4MB       | 0B        | 7.9MB      |
|--------|-----------------------------------|-------------|-------------|----------|----------|------------|-------------|-----------|------------|
| Docker | orderer1.example.com              | 246.9MB     | 185.0MB     | 63.62%   | 46.51%   | 7.4MB      | 19.7MB      | 0B        | 12.4MB     |
|--------|-----------------------------------|-------------|-------------|----------|----------|------------|-------------|-----------|------------|
| Docker | orderer2.example.com              | 227.5MB     | 173.1MB     | 45.51%   | 33.18%   | 9.1MB      | 3.3MB       | 0B        | 12.4MB     |
|--------|-----------------------------------|-------------|-------------|----------|----------|------------|-------------|-----------|------------|
| Docker | orderer0.example.com              | 238.4MB     | 179.0MB     | 61.80%   | 43.71%   | 9.3MB      | 22.1MB      | 0B        | 12.4MB     |
|--------|-----------------------------------|-------------|-------------|----------|----------|------------|-------------|-----------|------------|
| Docker | ca.org2.example.com               | 8.7MB       | 8.7MB       | 0.00%    | 0.00%    | 0B         | 0B          | 0B        | 0B         |
|--------|-----------------------------------|-------------|-------------|----------|----------|------------|-------------|-----------|------------|
| Docker | ca.org1.example.com               | 8.6MB       | 8.6MB       | 0.00%    | 0.00%    | 0B         | 0B          | 0B        | 0B         |
|--------|-----------------------------------|-------------|-------------|----------|----------|------------|-------------|-----------|------------|
| Docker | sysbench                          | 5.4MB       | 5.4MB       | 0.00%    | 0.00%    | 0B         | 0B          | 0B        | 0B         |
+--------+-----------------------------------+-------------+-------------+----------+----------+------------+-------------+-----------+------------+
 

2020-10-05T14:30:15+09:00 - INFO [defaultTest]: ------ Passed 'smallOperations' testing ------ 

2020-10-05T14:30:15+09:00 - INFO [caliper-flow]: ---------- Finished Test ----------
 

2020-10-05T14:30:15+09:00 - INFO [report-builder]: ###all test results:### 

2020-10-05T14:30:15+09:00 - INFO [report-builder]: 
+------+-----------------+------+------+-----------+-------------+-------------+-------------+------------+
| Test | Name            | Succ | Fail | Send Rate | Max Latency | Min Latency | Avg Latency | Throughput |
|------|-----------------|------|------|-----------|-------------|-------------|-------------|------------|
| 1    | smallOperations | 2000 | 0    | 364.4 tps | 0.56 s      | 0.21 s      | 0.41 s      | 350.9 tps  |
+------+-----------------+------+------+-----------+-------------+-------------+-------------+------------+
 

2020-10-05T14:30:15+09:00 - INFO [monitor.js]: 
 ### resource stats (maximum) ### 

2020-10-05T14:30:15+09:00 - INFO [monitor.js]: 
+--------+-----------------------------------+-------------+----------+------------+-------------+-----------+------------+
| TYPE   | NAME                              | Memory(max) | CPU(max) | Traffic In | Traffic Out | Disc Read | Disc Write |
|--------|-----------------------------------|-------------|----------|------------|-------------|-----------|------------|
| Docker | dev-peer1.org2.example.co...nk-v0 | 10.0MB      | 23.29%   | 1.8MB      | 1.1MB       | 0B        | 0B         |
|--------|-----------------------------------|-------------|----------|------------|-------------|-----------|------------|
| Docker | dev-peer1.org1.example.co...nk-v0 | 9.9MB       | 22.23%   | 1.6MB      | 996.8KB     | 0B        | 0B         |
|--------|-----------------------------------|-------------|----------|------------|-------------|-----------|------------|
| Docker | dev-peer0.org2.example.co...nk-v0 | 10.1MB      | 22.57%   | 1.6MB      | 1010.2KB    | 0B        | 0B         |
|--------|-----------------------------------|-------------|----------|------------|-------------|-----------|------------|
| Docker | dev-peer0.org1.example.co...nk-v0 | 9.9MB       | 22.51%   | 1.6MB      | 1016.2KB    | 0B        | 0B         |
|--------|-----------------------------------|-------------|----------|------------|-------------|-----------|------------|
| Docker | dev-peer0.org1.example.co...le-v0 | 6.0MB       | 0.00%    | 0B         | 0B          | 0B        | 0B         |
|--------|-----------------------------------|-------------|----------|------------|-------------|-----------|------------|
| Docker | dev-peer1.org1.example.co...le-v0 | 6.3MB       | 0.00%    | 0B         | 0B          | 0B        | 0B         |
|--------|-----------------------------------|-------------|----------|------------|-------------|-----------|------------|
| Docker | dev-peer0.org2.example.co...le-v0 | 6.1MB       | 0.00%    | 0B         | 0B          | 0B        | 0B         |
|--------|-----------------------------------|-------------|----------|------------|-------------|-----------|------------|
| Docker | dev-peer1.org2.example.co...le-v0 | 5.9MB       | 0.00%    | 0B         | 0B          | 0B        | 0B         |
|--------|-----------------------------------|-------------|----------|------------|-------------|-----------|------------|
| Docker | dev-peer1.org1.example.co...rm-v0 | 6.2MB       | 0.03%    | 112B       | 178B        | 0B        | 0B         |
|--------|-----------------------------------|-------------|----------|------------|-------------|-----------|------------|
| Docker | dev-peer0.org1.example.co...rm-v0 | 6.1MB       | 0.04%    | 112B       | 178B        | 0B        | 0B         |
|--------|-----------------------------------|-------------|----------|------------|-------------|-----------|------------|
| Docker | dev-peer1.org2.example.co...rm-v0 | 6.0MB       | 0.00%    | 112B       | 178B        | 0B        | 0B         |
|--------|-----------------------------------|-------------|----------|------------|-------------|-----------|------------|
| Docker | dev-peer0.org2.example.co...rm-v0 | 6.1MB       | 0.04%    | 112B       | 178B        | 0B        | 0B         |
|--------|-----------------------------------|-------------|----------|------------|-------------|-----------|------------|
| Docker | dev-peer1.org2.example.co...es-v0 | 6.1MB       | 0.00%    | 0B         | 0B          | 0B        | 0B         |
|--------|-----------------------------------|-------------|----------|------------|-------------|-----------|------------|
| Docker | dev-peer1.org1.example.co...es-v0 | 5.9MB       | 0.00%    | 0B         | 0B          | 0B        | 0B         |
|--------|-----------------------------------|-------------|----------|------------|-------------|-----------|------------|
| Docker | dev-peer0.org2.example.co...es-v0 | 5.8MB       | 0.00%    | 0B         | 0B          | 0B        | 0B         |
|--------|-----------------------------------|-------------|----------|------------|-------------|-----------|------------|
| Docker | dev-peer0.org1.example.co...es-v0 | 5.8MB       | 0.00%    | 0B         | 0B          | 0B        | 0B         |
|--------|-----------------------------------|-------------|----------|------------|-------------|-----------|------------|
| Docker | peer1.org2.example.com            | 154.9MB     | 116.98%  | 8.2MB      | 3.4MB       | 0B        | 7.8MB      |
|--------|-----------------------------------|-------------|----------|------------|-------------|-----------|------------|
| Docker | peer0.org2.example.com            | 159.1MB     | 116.40%  | 8.2MB      | 3.4MB       | 0B        | 7.7MB      |
|--------|-----------------------------------|-------------|----------|------------|-------------|-----------|------------|
| Docker | peer0.org1.example.com            | 162.2MB     | 116.46%  | 8.2MB      | 3.4MB       | 0B        | 7.9MB      |
|--------|-----------------------------------|-------------|----------|------------|-------------|-----------|------------|
| Docker | peer1.org1.example.com            | 158.9MB     | 117.97%  | 8.2MB      | 3.4MB       | 0B        | 7.9MB      |
|--------|-----------------------------------|-------------|----------|------------|-------------|-----------|------------|
| Docker | orderer1.example.com              | 246.9MB     | 63.62%   | 7.4MB      | 19.7MB      | 0B        | 12.4MB     |
|--------|-----------------------------------|-------------|----------|------------|-------------|-----------|------------|
| Docker | orderer2.example.com              | 227.5MB     | 45.51%   | 9.1MB      | 3.3MB       | 0B        | 12.4MB     |
|--------|-----------------------------------|-------------|----------|------------|-------------|-----------|------------|
| Docker | orderer0.example.com              | 238.4MB     | 61.80%   | 9.3MB      | 22.1MB      | 0B        | 12.4MB     |
|--------|-----------------------------------|-------------|----------|------------|-------------|-----------|------------|
| Docker | ca.org2.example.com               | 8.7MB       | 0.00%    | 0B         | 0B          | 0B        | 0B         |
|--------|-----------------------------------|-------------|----------|------------|-------------|-----------|------------|
| Docker | ca.org1.example.com               | 8.6MB       | 0.00%    | 0B         | 0B          | 0B        | 0B         |
|--------|-----------------------------------|-------------|----------|------------|-------------|-----------|------------|
| Docker | sysbench                          | 5.4MB       | 0.00%    | 0B         | 0B          | 0B        | 0B         |
+--------+-----------------------------------+-------------+----------+------------+-------------+-----------+------------+
 

2020-10-05T14:30:15+09:00 - INFO [caliper-flow]: Generated report with path /home/oslab/caliper_v0.1.0/report-20201005T053015.html 

2020-10-05T14:32:05+09:00 - DEBUG Constructed a winston logger with the specified targets:
	{"consolelogger":{"target":"console","level":"info"},"filelogger":{"target":"daily-rotate-file","level":"debug","filename":"log/caliper-%DATE%.log","datePattern":"YYYY-MM-DD-HH","maxSize":"5m","zippedArchive":true}}

2020-10-05T14:32:06+09:00 - INFO [caliper-flow]: ####### Caliper Test ####### 

2020-10-05T14:32:06+09:00 - INFO [caliper-flow]: Skipping start commands due to benchmark flow conditioning 

2020-10-05T14:32:06+09:00 - INFO [caliper-flow]: Skipping initialization phase due to benchmark flow conditioning 

2020-10-05T14:32:06+09:00 - INFO [caliper-flow]: Skipping install smart contract phase due to benchmark flow conditioning 

2020-10-05T14:32:06+09:00 - INFO [caliper-flow]: Skipping benchmark test phase due to benchmark flow conditioning 

2020-10-05T14:32:06+09:00 - INFO [caliper-utils]: Executing command: cd /home/oslab/caliper_v0.1.0/caliper/packages/caliper-samples;docker-compose -f network/fabric-v1.4.1/raft2o2p/docker-compose-tls.yaml down;(test -z \"$(docker ps -aq)\") || docker rm $(docker ps -aq);(test -z \"$(docker images dev* -q)\") || docker rmi $(docker images dev* -q);rm -rf /tmp/hfc-* 

2020-10-05T14:32:58+09:00 - DEBUG Constructed a winston logger with the specified targets:
	{"consolelogger":{"target":"console","level":"info"},"filelogger":{"target":"daily-rotate-file","level":"debug","filename":"log/caliper-%DATE%.log","datePattern":"YYYY-MM-DD-HH","maxSize":"5m","zippedArchive":true}}

2020-10-05T14:32:59+09:00 - INFO [caliper-flow]: ####### Caliper Test ####### 

2020-10-05T14:32:59+09:00 - INFO [caliper-utils]: Executing command: cd /home/oslab/caliper_v0.1.0/caliper/packages/caliper-samples;docker-compose -f network/fabric-v1.4.1/raft2o2p/docker-compose-tls.yaml up -d;sleep 3s 

2020-10-05T14:33:14+09:00 - INFO [adapters/fabric]: Fabric SDK version: 1.4.4; TLS: server 

2020-10-05T14:33:15+09:00 - INFO [adapters/fabric]: Org1's registrar enrolled successfully 

2020-10-05T14:33:15+09:00 - INFO [adapters/fabric]: Org2's registrar enrolled successfully 

2020-10-05T14:33:15+09:00 - INFO [adapters/fabric]: Org1's admin's materials are successfully loaded 

2020-10-05T14:33:15+09:00 - INFO [adapters/fabric]: Org2's admin's materials are successfully loaded 

2020-10-05T14:33:15+09:00 - INFO [adapters/fabric]: client0.org1.example.com's materials are successfully loaded 

2020-10-05T14:33:15+09:00 - INFO [adapters/fabric]: client0.org2.example.com's materials are successfully loaded 

2020-10-05T14:33:15+09:00 - INFO [adapters/fabric]: Channel 'mychannel' definiton being retrieved from file 

2020-10-05T14:33:15+09:00 - INFO [adapters/fabric]: Channel 'mychannel' successfully created 

2020-10-05T14:33:15+09:00 - INFO [adapters/fabric]: Sleeping 5s... 

2020-10-05T14:33:20+09:00 - INFO [adapters/fabric]: Org1's peers successfully joined mychannel: peer0.org1.example.com,peer1.org1.example.com 

2020-10-05T14:33:21+09:00 - INFO [adapters/fabric]: Org2's peers successfully joined mychannel: peer0.org2.example.com,peer1.org2.example.com 

2020-10-05T14:33:21+09:00 - INFO [adapters/fabric]: Sleeping 5s... 

2020-10-05T14:33:26+09:00 - INFO [adapters/fabric]: Installing chaincodes for mychannel... 

2020-10-05T14:33:26+09:00 - INFO [adapters/fabric]: marbles@v0 successfully installed on Org1's peers: peer0.org1.example.com,peer1.org1.example.com 

2020-10-05T14:33:26+09:00 - INFO [adapters/fabric]: marbles@v0 successfully installed on Org2's peers: peer0.org2.example.com,peer1.org2.example.com 

2020-10-05T14:33:26+09:00 - INFO [adapters/fabric]: drm@v0 successfully installed on Org1's peers: peer0.org1.example.com,peer1.org1.example.com 

2020-10-05T14:33:26+09:00 - INFO [adapters/fabric]: drm@v0 successfully installed on Org2's peers: peer0.org2.example.com,peer1.org2.example.com 

2020-10-05T14:33:26+09:00 - INFO [adapters/fabric]: simple@v0 successfully installed on Org1's peers: peer0.org1.example.com,peer1.org1.example.com 

2020-10-05T14:33:26+09:00 - INFO [adapters/fabric]: simple@v0 successfully installed on Org2's peers: peer0.org2.example.com,peer1.org2.example.com 

2020-10-05T14:33:26+09:00 - INFO [adapters/fabric]: smallbank@v0 successfully installed on Org1's peers: peer0.org1.example.com,peer1.org1.example.com 

2020-10-05T14:33:26+09:00 - INFO [adapters/fabric]: smallbank@v0 successfully installed on Org2's peers: peer0.org2.example.com,peer1.org2.example.com 

2020-10-05T14:33:26+09:00 - INFO [adapters/fabric]: Instantiating marbles@v0 in mychannel. This might take some time... 

2020-10-05T14:33:43+09:00 - INFO [adapters/fabric]: Successfully instantiated marbles@v0 in mychannel 

2020-10-05T14:33:43+09:00 - INFO [adapters/fabric]: Instantiating drm@v0 in mychannel. This might take some time... 

2020-10-05T14:33:59+09:00 - INFO [adapters/fabric]: Successfully instantiated drm@v0 in mychannel 

2020-10-05T14:33:59+09:00 - INFO [adapters/fabric]: Instantiating simple@v0 in mychannel. This might take some time... 

2020-10-05T14:34:17+09:00 - INFO [adapters/fabric]: Successfully instantiated simple@v0 in mychannel 

2020-10-05T14:34:17+09:00 - INFO [adapters/fabric]: Instantiating smallbank@v0 in mychannel. This might take some time... 

2020-10-05T14:34:35+09:00 - INFO [adapters/fabric]: Successfully instantiated smallbank@v0 in mychannel 

2020-10-05T14:34:35+09:00 - INFO [adapters/fabric]: Sleeping 5s... 

2020-10-05T14:34:40+09:00 - INFO [caliper-flow]: Started monitor successfully 

2020-10-05T14:34:40+09:00 - INFO [defaultTest]: ####### Testing 'smallOperations' ####### 

2020-10-05T14:34:40+09:00 - INFO [defaultTest]: ------ Test round 1 ------ 

2020-10-05T14:34:40+09:00 - INFO [client-util.js]: Launching client with PID  20595 

2020-10-05T14:34:40+09:00 - INFO [client-util.js]: Launching client with PID  20600 

2020-10-05T14:34:40+09:00 - INFO [client-util.js]: Launching client with PID  20605 

2020-10-05T14:34:40+09:00 - INFO [client-util.js]: Launching client with PID  20611 

2020-10-05T14:34:40+09:00 - INFO [client-util.js]: Launching client with PID  20618 

2020-10-05T14:34:40+09:00 - INFO [client-util.js]: Waiting for 5 clients to be ready...  

2020-10-05T14:34:41+09:00 - INFO [demo.js]: [Transaction Info] - Submitted: 0 Succ: 0 Fail:0 Unfinished:0 

2020-10-05T14:34:40+09:00 - DEBUG Constructed a winston logger with the specified targets:
	{"consolelogger":{"target":"console","level":"info"},"filelogger":{"target":"daily-rotate-file","level":"debug","filename":"log/caliper-%DATE%.log","datePattern":"YYYY-MM-DD-HH","maxSize":"5m","zippedArchive":true}}

2020-10-05T14:34:40+09:00 - DEBUG Constructed a winston logger with the specified targets:
	{"consolelogger":{"target":"console","level":"info"},"filelogger":{"target":"daily-rotate-file","level":"debug","filename":"log/caliper-%DATE%.log","datePattern":"YYYY-MM-DD-HH","maxSize":"5m","zippedArchive":true}}

2020-10-05T14:34:40+09:00 - DEBUG Constructed a winston logger with the specified targets:
	{"consolelogger":{"target":"console","level":"info"},"filelogger":{"target":"daily-rotate-file","level":"debug","filename":"log/caliper-%DATE%.log","datePattern":"YYYY-MM-DD-HH","maxSize":"5m","zippedArchive":true}}

2020-10-05T14:34:40+09:00 - DEBUG Constructed a winston logger with the specified targets:
	{"consolelogger":{"target":"console","level":"info"},"filelogger":{"target":"daily-rotate-file","level":"debug","filename":"log/caliper-%DATE%.log","datePattern":"YYYY-MM-DD-HH","maxSize":"5m","zippedArchive":true}}

2020-10-05T14:34:40+09:00 - DEBUG Constructed a winston logger with the specified targets:
	{"consolelogger":{"target":"console","level":"info"},"filelogger":{"target":"daily-rotate-file","level":"debug","filename":"log/caliper-%DATE%.log","datePattern":"YYYY-MM-DD-HH","maxSize":"5m","zippedArchive":true}}

2020-10-05T14:34:41+09:00 - INFO [client-util.js]: Client ready message recieved 

2020-10-05T14:34:41+09:00 - INFO [fabric/fabricClientWorker]: Client ready 

2020-10-05T14:34:41+09:00 - INFO [client-util.js]: Client ready message recieved 

2020-10-05T14:34:41+09:00 - INFO [fabric/fabricClientWorker]: Client ready 

2020-10-05T14:34:41+09:00 - INFO [client-util.js]: Client ready message recieved 

2020-10-05T14:34:41+09:00 - INFO [fabric/fabricClientWorker]: Client ready 

2020-10-05T14:34:41+09:00 - INFO [client-util.js]: Client ready message recieved 

2020-10-05T14:34:41+09:00 - INFO [fabric/fabricClientWorker]: Client ready 

2020-10-05T14:34:41+09:00 - INFO [client-util.js]: Client ready message recieved 

2020-10-05T14:34:41+09:00 - INFO [client-util.js]: 5 clients ready, starting test phase 

2020-10-05T14:34:41+09:00 - INFO [fabric/fabricClientWorker]: Client ready 

2020-10-05T14:34:41+09:00 - DEBUG [local-client.js]: doTest() with:
	{"type":"test","label":"smallOperations","rateControl":{"type":"fixed-rate","opts":{"tps":600}},"trim":0,"args":{"accounts":400,"txnPerBatch":1},"cb":"benchmark/smallbank/smallbankOperations.js","config":"/home/oslab/caliper_v0.1.0/caliper/packages/caliper-samples/network/fabric-v1.4.1/raft2o2p/fabric-go-tls.yaml","root":"/home/oslab/caliper_v0.1.0/caliper/packages/caliper-samples","numb":400,"roundIdx":1,"totalClients":5,"clients":5,"clientargs":{},"clientIdx":0}

2020-10-05T14:34:41+09:00 - DEBUG [local-client.js]: doTest() with:
	{"type":"test","label":"smallOperations","rateControl":{"type":"fixed-rate","opts":{"tps":600}},"trim":0,"args":{"accounts":400,"txnPerBatch":1},"cb":"benchmark/smallbank/smallbankOperations.js","config":"/home/oslab/caliper_v0.1.0/caliper/packages/caliper-samples/network/fabric-v1.4.1/raft2o2p/fabric-go-tls.yaml","root":"/home/oslab/caliper_v0.1.0/caliper/packages/caliper-samples","numb":400,"roundIdx":1,"totalClients":5,"clients":5,"clientargs":{},"clientIdx":1}

2020-10-05T14:34:41+09:00 - DEBUG [local-client.js]: doTest() with:
	{"type":"test","label":"smallOperations","rateControl":{"type":"fixed-rate","opts":{"tps":600}},"trim":0,"args":{"accounts":400,"txnPerBatch":1},"cb":"benchmark/smallbank/smallbankOperations.js","config":"/home/oslab/caliper_v0.1.0/caliper/packages/caliper-samples/network/fabric-v1.4.1/raft2o2p/fabric-go-tls.yaml","root":"/home/oslab/caliper_v0.1.0/caliper/packages/caliper-samples","numb":400,"roundIdx":1,"totalClients":5,"clients":5,"clientargs":{},"clientIdx":2}

2020-10-05T14:34:41+09:00 - DEBUG [local-client.js]: doTest() with:
	{"type":"test","label":"smallOperations","rateControl":{"type":"fixed-rate","opts":{"tps":600}},"trim":0,"args":{"accounts":400,"txnPerBatch":1},"cb":"benchmark/smallbank/smallbankOperations.js","config":"/home/oslab/caliper_v0.1.0/caliper/packages/caliper-samples/network/fabric-v1.4.1/raft2o2p/fabric-go-tls.yaml","root":"/home/oslab/caliper_v0.1.0/caliper/packages/caliper-samples","numb":400,"roundIdx":1,"totalClients":5,"clients":5,"clientargs":{},"clientIdx":4}

2020-10-05T14:34:41+09:00 - INFO [local-client.js]: txUpdateTime: 1000 

2020-10-05T14:34:41+09:00 - DEBUG [local-client.js]: doTest() with:
	{"type":"test","label":"smallOperations","rateControl":{"type":"fixed-rate","opts":{"tps":600}},"trim":0,"args":{"accounts":400,"txnPerBatch":1},"cb":"benchmark/smallbank/smallbankOperations.js","config":"/home/oslab/caliper_v0.1.0/caliper/packages/caliper-samples/network/fabric-v1.4.1/raft2o2p/fabric-go-tls.yaml","root":"/home/oslab/caliper_v0.1.0/caliper/packages/caliper-samples","numb":400,"roundIdx":1,"totalClients":5,"clients":5,"clientargs":{},"clientIdx":3}

2020-10-05T14:34:41+09:00 - INFO [local-client.js]: txUpdateTime: 1000 

2020-10-05T14:34:41+09:00 - INFO [local-client.js]: txUpdateTime: 1000 

2020-10-05T14:34:41+09:00 - INFO [local-client.js]: txUpdateTime: 1000 

2020-10-05T14:34:41+09:00 - INFO [local-client.js]: txUpdateTime: 1000 

2020-10-05T14:34:42+09:00 - INFO [local-client.js]: Info: client 20611 start test runFixedNumber():small_bank_operations 

2020-10-05T14:34:42+09:00 - INFO [local-client.js]: Info: client 20605 start test runFixedNumber():small_bank_operations 

2020-10-05T14:34:42+09:00 - INFO [local-client.js]: Info: client 20595 start test runFixedNumber():small_bank_operations 

2020-10-05T14:34:42+09:00 - INFO [local-client.js]: Info: client 20600 start test runFixedNumber():small_bank_operations 

2020-10-05T14:34:42+09:00 - DEBUG [rateControl.js]: Creating rate controller for client#3 for round#1
	{"type":"fixed-rate","opts":{"tps":600}}

2020-10-05T14:34:42+09:00 - DEBUG [rateControl.js]: Creating rate controller for client#2 for round#1
	{"type":"fixed-rate","opts":{"tps":600}}

2020-10-05T14:34:42+09:00 - DEBUG [rateControl.js]: Creating rate controller for client#0 for round#1
	{"type":"fixed-rate","opts":{"tps":600}}

2020-10-05T14:34:42+09:00 - DEBUG [rateControl.js]: Creating rate controller for client#1 for round#1
	{"type":"fixed-rate","opts":{"tps":600}}

2020-10-05T14:34:42+09:00 - INFO [local-client.js]: Info: client 20618 start test runFixedNumber():small_bank_operations 

2020-10-05T14:34:42+09:00 - DEBUG [rateControl.js]: Creating rate controller for client#4 for round#1
	{"type":"fixed-rate","opts":{"tps":600}}

2020-10-05T14:34:42+09:00 - INFO [demo.js]: [Transaction Info] - Submitted: 0 Succ: 0 Fail:0 Unfinished:0 

2020-10-05T14:34:43+09:00 - INFO [demo.js]: [Transaction Info] - Submitted: 288 Succ: 150 Fail:0 Unfinished:138 

2020-10-05T14:34:44+09:00 - INFO [demo.js]: [Transaction Info] - Submitted: 660 Succ: 500 Fail:0 Unfinished:160 

2020-10-05T14:34:45+09:00 - INFO [demo.js]: [Transaction Info] - Submitted: 1055 Succ: 900 Fail:0 Unfinished:155 

2020-10-05T14:34:46+09:00 - INFO [demo.js]: [Transaction Info] - Submitted: 1432 Succ: 1250 Fail:0 Unfinished:182 

2020-10-05T14:34:47+09:00 - INFO [demo.js]: [Transaction Info] - Submitted: 1835 Succ: 1650 Fail:0 Unfinished:185 

2020-10-05T14:34:47+09:00 - DEBUG [report-builder]: r.create.max: 1601876087.396 r.create.min: 1601876082.047 r.final.max: 1601876087.647 r.final.min: 1601876082.549 r.final.last: 1601876087.647 

2020-10-05T14:34:47+09:00 - DEBUG [report-builder]:  throughput for only success time computed: 357.1 

2020-10-05T14:34:47+09:00 - DEBUG [report-builder]: sendTransactionProposal: 0ms length: 2000 

2020-10-05T14:34:47+09:00 - DEBUG [report-builder]: sendTransaction: 0ms 

2020-10-05T14:34:47+09:00 - DEBUG [report-builder]: invokeLatency: 0ms 

2020-10-05T14:34:47+09:00 - INFO [report-builder]: ###test result:### 

2020-10-05T14:34:47+09:00 - INFO [report-builder]: 
+-----------------+------+------+-----------+-------------+-------------+-------------+------------+
| Name            | Succ | Fail | Send Rate | Max Latency | Min Latency | Avg Latency | Throughput |
|-----------------|------|------|-----------|-------------|-------------|-------------|------------|
| smallOperations | 2000 | 0    | 373.9 tps | 0.57 s      | 0.25 s      | 0.40 s      | 357.1 tps  |
+-----------------+------+------+-----------+-------------+-------------+-------------+------------+
 

2020-10-05T14:34:47+09:00 - INFO [report-builder]: ### resource stats ### 

2020-10-05T14:34:47+09:00 - INFO [report-builder]: 
+--------+-----------------------------------+-------------+-------------+----------+----------+------------+-------------+-----------+------------+
| TYPE   | NAME                              | Memory(max) | Memory(avg) | CPU(max) | CPU(avg) | Traffic In | Traffic Out | Disc Read | Disc Write |
|--------|-----------------------------------|-------------|-------------|----------|----------|------------|-------------|-----------|------------|
| Docker | dev-peer0.org2.example.co...nk-v0 | 9.0MB       | 8.1MB       | 22.50%   | 14.60%   | 1.8MB      | 1.1MB       | 0B        | 0B         |
|--------|-----------------------------------|-------------|-------------|----------|----------|------------|-------------|-----------|------------|
| Docker | dev-peer1.org1.example.co...nk-v0 | 8.9MB       | 8.2MB       | 22.64%   | 16.64%   | 1.7MB      | 1.0MB       | 0B        | 0B         |
|--------|-----------------------------------|-------------|-------------|----------|----------|------------|-------------|-----------|------------|
| Docker | dev-peer0.org1.example.co...nk-v0 | 8.8MB       | 8.1MB       | 22.69%   | 17.15%   | 1.7MB      | 1.0MB       | 0B        | 0B         |
|--------|-----------------------------------|-------------|-------------|----------|----------|------------|-------------|-----------|------------|
| Docker | dev-peer1.org2.example.co...nk-v0 | 8.7MB       | 8.3MB       | 22.30%   | 16.22%   | 1.7MB      | 1.0MB       | 0B        | 0B         |
|--------|-----------------------------------|-------------|-------------|----------|----------|------------|-------------|-----------|------------|
| Docker | dev-peer0.org2.example.co...le-v0 | 7.0MB       | 7.0MB       | 0.00%    | 0.00%    | 70B        | 0B          | 0B        | 0B         |
|--------|-----------------------------------|-------------|-------------|----------|----------|------------|-------------|-----------|------------|
| Docker | dev-peer0.org1.example.co...le-v0 | 7.1MB       | 7.1MB       | 0.00%    | 0.00%    | 70B        | 0B          | 0B        | 0B         |
|--------|-----------------------------------|-------------|-------------|----------|----------|------------|-------------|-----------|------------|
| Docker | dev-peer1.org1.example.co...le-v0 | 6.9MB       | 6.9MB       | 0.00%    | 0.00%    | 70B        | 0B          | 0B        | 0B         |
|--------|-----------------------------------|-------------|-------------|----------|----------|------------|-------------|-----------|------------|
| Docker | dev-peer1.org2.example.co...le-v0 | 6.9MB       | 6.9MB       | 0.00%    | 0.00%    | 203B       | 0B          | 0B        | 0B         |
|--------|-----------------------------------|-------------|-------------|----------|----------|------------|-------------|-----------|------------|
| Docker | dev-peer0.org1.example.co...rm-v0 | 7.1MB       | 7.1MB       | 0.00%    | 0.00%    | 0B         | 0B          | 0B        | 0B         |
|--------|-----------------------------------|-------------|-------------|----------|----------|------------|-------------|-----------|------------|
| Docker | dev-peer1.org1.example.co...rm-v0 | 6.8MB       | 6.8MB       | 0.00%    | 0.00%    | 0B         | 0B          | 0B        | 0B         |
|--------|-----------------------------------|-------------|-------------|----------|----------|------------|-------------|-----------|------------|
| Docker | dev-peer1.org2.example.co...rm-v0 | 7.0MB       | 7.0MB       | 0.00%    | 0.00%    | 0B         | 0B          | 0B        | 0B         |
|--------|-----------------------------------|-------------|-------------|----------|----------|------------|-------------|-----------|------------|
| Docker | dev-peer0.org2.example.co...rm-v0 | 7.1MB       | 7.1MB       | 0.00%    | 0.00%    | 0B         | 0B          | 0B        | 0B         |
|--------|-----------------------------------|-------------|-------------|----------|----------|------------|-------------|-----------|------------|
| Docker | dev-peer1.org1.example.co...es-v0 | 7.2MB       | 7.2MB       | 0.02%    | 0.01%    | 203B       | 0B          | 0B        | 0B         |
|--------|-----------------------------------|-------------|-------------|----------|----------|------------|-------------|-----------|------------|
| Docker | dev-peer1.org2.example.co...es-v0 | 7.1MB       | 7.1MB       | 0.00%    | 0.00%    | 203B       | 0B          | 0B        | 0B         |
|--------|-----------------------------------|-------------|-------------|----------|----------|------------|-------------|-----------|------------|
| Docker | dev-peer0.org1.example.co...es-v0 | 7.2MB       | 7.2MB       | 0.00%    | 0.00%    | 203B       | 0B          | 0B        | 0B         |
|--------|-----------------------------------|-------------|-------------|----------|----------|------------|-------------|-----------|------------|
| Docker | dev-peer0.org2.example.co...es-v0 | 7.2MB       | 7.2MB       | 0.00%    | 0.00%    | 203B       | 0B          | 0B        | 0B         |
|--------|-----------------------------------|-------------|-------------|----------|----------|------------|-------------|-----------|------------|
| Docker | peer0.org1.example.com            | 184.3MB     | 176.4MB     | 113.31%  | 83.39%   | 8.7MB      | 3.5MB       | 0B        | 7.9MB      |
|--------|-----------------------------------|-------------|-------------|----------|----------|------------|-------------|-----------|------------|
| Docker | peer1.org2.example.com            | 183.9MB     | 176.0MB     | 111.87%  | 79.88%   | 8.7MB      | 3.5MB       | 0B        | 7.9MB      |
|--------|-----------------------------------|-------------|-------------|----------|----------|------------|-------------|-----------|------------|
| Docker | peer0.org2.example.com            | 184.7MB     | 174.6MB     | 114.07%  | 80.86%   | 8.7MB      | 3.5MB       | 0B        | 7.9MB      |
|--------|-----------------------------------|-------------|-------------|----------|----------|------------|-------------|-----------|------------|
| Docker | peer1.org1.example.com            | 184.3MB     | 172.3MB     | 112.74%  | 80.17%   | 8.7MB      | 3.5MB       | 0B        | 7.9MB      |
|--------|-----------------------------------|-------------|-------------|----------|----------|------------|-------------|-----------|------------|
| Docker | orderer1.example.com              | 132.8MB     | 76.1MB      | 66.73%   | 46.19%   | 7.6MB      | 20.6MB      | 0B        | 12.9MB     |
|--------|-----------------------------------|-------------|-------------|----------|----------|------------|-------------|-----------|------------|
| Docker | orderer2.example.com              | 127.8MB     | 73.3MB      | 60.03%   | 42.36%   | 9.4MB      | 16.0MB      | 0B        | 13.3MB     |
|--------|-----------------------------------|-------------|-------------|----------|----------|------------|-------------|-----------|------------|
| Docker | orderer0.example.com              | 131.1MB     | 75.2MB      | 60.14%   | 40.55%   | 9.6MB      | 10.1MB      | 0B        | 13.1MB     |
|--------|-----------------------------------|-------------|-------------|----------|----------|------------|-------------|-----------|------------|
| Docker | ca.org2.example.com               | 10.2MB      | 10.2MB      | 0.00%    | 0.00%    | 0B         | 0B          | 0B        | 0B         |
|--------|-----------------------------------|-------------|-------------|----------|----------|------------|-------------|-----------|------------|
| Docker | ca.org1.example.com               | 10.6MB      | 10.6MB      | 0.00%    | 0.00%    | 0B         | 0B          | 0B        | 0B         |
|--------|-----------------------------------|-------------|-------------|----------|----------|------------|-------------|-----------|------------|
| Docker | sysbench                          | 5.4MB       | 5.4MB       | 0.00%    | 0.00%    | 0B         | 0B          | 0B        | 0B         |
+--------+-----------------------------------+-------------+-------------+----------+----------+------------+-------------+-----------+------------+
 

2020-10-05T14:34:47+09:00 - INFO [defaultTest]: ------ Passed 'smallOperations' testing ------ 

2020-10-05T14:34:47+09:00 - INFO [caliper-flow]: ---------- Finished Test ----------
 

2020-10-05T14:34:47+09:00 - INFO [report-builder]: ###all test results:### 

2020-10-05T14:34:47+09:00 - INFO [report-builder]: 
+------+-----------------+------+------+-----------+-------------+-------------+-------------+------------+
| Test | Name            | Succ | Fail | Send Rate | Max Latency | Min Latency | Avg Latency | Throughput |
|------|-----------------|------|------|-----------|-------------|-------------|-------------|------------|
| 1    | smallOperations | 2000 | 0    | 373.9 tps | 0.57 s      | 0.25 s      | 0.40 s      | 357.1 tps  |
+------+-----------------+------+------+-----------+-------------+-------------+-------------+------------+
 

2020-10-05T14:34:47+09:00 - INFO [monitor.js]: 
 ### resource stats (maximum) ### 

2020-10-05T14:34:47+09:00 - INFO [monitor.js]: 
+--------+-----------------------------------+-------------+----------+------------+-------------+-----------+------------+
| TYPE   | NAME                              | Memory(max) | CPU(max) | Traffic In | Traffic Out | Disc Read | Disc Write |
|--------|-----------------------------------|-------------|----------|------------|-------------|-----------|------------|
| Docker | dev-peer0.org2.example.co...nk-v0 | 9.0MB       | 22.50%   | 1.8MB      | 1.1MB       | 0B        | 0B         |
|--------|-----------------------------------|-------------|----------|------------|-------------|-----------|------------|
| Docker | dev-peer1.org1.example.co...nk-v0 | 8.9MB       | 22.64%   | 1.7MB      | 1.0MB       | 0B        | 0B         |
|--------|-----------------------------------|-------------|----------|------------|-------------|-----------|------------|
| Docker | dev-peer0.org1.example.co...nk-v0 | 8.8MB       | 22.69%   | 1.7MB      | 1.0MB       | 0B        | 0B         |
|--------|-----------------------------------|-------------|----------|------------|-------------|-----------|------------|
| Docker | dev-peer1.org2.example.co...nk-v0 | 8.7MB       | 22.30%   | 1.7MB      | 1.0MB       | 0B        | 0B         |
|--------|-----------------------------------|-------------|----------|------------|-------------|-----------|------------|
| Docker | dev-peer0.org2.example.co...le-v0 | 7.0MB       | 0.00%    | 70B        | 0B          | 0B        | 0B         |
|--------|-----------------------------------|-------------|----------|------------|-------------|-----------|------------|
| Docker | dev-peer0.org1.example.co...le-v0 | 7.1MB       | 0.00%    | 70B        | 0B          | 0B        | 0B         |
|--------|-----------------------------------|-------------|----------|------------|-------------|-----------|------------|
| Docker | dev-peer1.org1.example.co...le-v0 | 6.9MB       | 0.00%    | 70B        | 0B          | 0B        | 0B         |
|--------|-----------------------------------|-------------|----------|------------|-------------|-----------|------------|
| Docker | dev-peer1.org2.example.co...le-v0 | 6.9MB       | 0.00%    | 203B       | 0B          | 0B        | 0B         |
|--------|-----------------------------------|-------------|----------|------------|-------------|-----------|------------|
| Docker | dev-peer0.org1.example.co...rm-v0 | 7.1MB       | 0.00%    | 0B         | 0B          | 0B        | 0B         |
|--------|-----------------------------------|-------------|----------|------------|-------------|-----------|------------|
| Docker | dev-peer1.org1.example.co...rm-v0 | 6.8MB       | 0.00%    | 0B         | 0B          | 0B        | 0B         |
|--------|-----------------------------------|-------------|----------|------------|-------------|-----------|------------|
| Docker | dev-peer1.org2.example.co...rm-v0 | 7.0MB       | 0.00%    | 0B         | 0B          | 0B        | 0B         |
|--------|-----------------------------------|-------------|----------|------------|-------------|-----------|------------|
| Docker | dev-peer0.org2.example.co...rm-v0 | 7.1MB       | 0.00%    | 0B         | 0B          | 0B        | 0B         |
|--------|-----------------------------------|-------------|----------|------------|-------------|-----------|------------|
| Docker | dev-peer1.org1.example.co...es-v0 | 7.2MB       | 0.02%    | 203B       | 0B          | 0B        | 0B         |
|--------|-----------------------------------|-------------|----------|------------|-------------|-----------|------------|
| Docker | dev-peer1.org2.example.co...es-v0 | 7.1MB       | 0.00%    | 203B       | 0B          | 0B        | 0B         |
|--------|-----------------------------------|-------------|----------|------------|-------------|-----------|------------|
| Docker | dev-peer0.org1.example.co...es-v0 | 7.2MB       | 0.00%    | 203B       | 0B          | 0B        | 0B         |
|--------|-----------------------------------|-------------|----------|------------|-------------|-----------|------------|
| Docker | dev-peer0.org2.example.co...es-v0 | 7.2MB       | 0.00%    | 203B       | 0B          | 0B        | 0B         |
|--------|-----------------------------------|-------------|----------|------------|-------------|-----------|------------|
| Docker | peer0.org1.example.com            | 184.3MB     | 113.31%  | 8.7MB      | 3.5MB       | 0B        | 7.9MB      |
|--------|-----------------------------------|-------------|----------|------------|-------------|-----------|------------|
| Docker | peer1.org2.example.com            | 183.9MB     | 111.87%  | 8.7MB      | 3.5MB       | 0B        | 7.9MB      |
|--------|-----------------------------------|-------------|----------|------------|-------------|-----------|------------|
| Docker | peer0.org2.example.com            | 184.7MB     | 114.07%  | 8.7MB      | 3.5MB       | 0B        | 7.9MB      |
|--------|-----------------------------------|-------------|----------|------------|-------------|-----------|------------|
| Docker | peer1.org1.example.com            | 184.3MB     | 112.74%  | 8.7MB      | 3.5MB       | 0B        | 7.9MB      |
|--------|-----------------------------------|-------------|----------|------------|-------------|-----------|------------|
| Docker | orderer1.example.com              | 132.8MB     | 66.73%   | 7.6MB      | 20.6MB      | 0B        | 12.9MB     |
|--------|-----------------------------------|-------------|----------|------------|-------------|-----------|------------|
| Docker | orderer2.example.com              | 127.8MB     | 60.03%   | 9.4MB      | 16.0MB      | 0B        | 13.3MB     |
|--------|-----------------------------------|-------------|----------|------------|-------------|-----------|------------|
| Docker | orderer0.example.com              | 131.1MB     | 60.14%   | 9.6MB      | 10.1MB      | 0B        | 13.1MB     |
|--------|-----------------------------------|-------------|----------|------------|-------------|-----------|------------|
| Docker | ca.org2.example.com               | 10.2MB      | 0.00%    | 0B         | 0B          | 0B        | 0B         |
|--------|-----------------------------------|-------------|----------|------------|-------------|-----------|------------|
| Docker | ca.org1.example.com               | 10.6MB      | 0.00%    | 0B         | 0B          | 0B        | 0B         |
|--------|-----------------------------------|-------------|----------|------------|-------------|-----------|------------|
| Docker | sysbench                          | 5.4MB       | 0.00%    | 0B         | 0B          | 0B        | 0B         |
+--------+-----------------------------------+-------------+----------+------------+-------------+-----------+------------+
 

2020-10-05T14:34:48+09:00 - INFO [caliper-flow]: Generated report with path /home/oslab/caliper_v0.1.0/report-20201005T053448.html 

