2020-03-09T17:24:26+09:00 - DEBUG Constructed a winston logger with the specified targets:
	{"consolelogger":{"target":"console","level":"info"},"filelogger":{"target":"daily-rotate-file","level":"debug","filename":"log/caliper-%DATE%.log","datePattern":"YYYY-MM-DD-HH","maxSize":"5m","zippedArchive":true}}

2020-03-09T17:24:27+09:00 - INFO [caliper-flow]: ####### Caliper Test ####### 

2020-03-09T17:24:27+09:00 - INFO [caliper-utils]: Executing command: cd /home/oslab/caliper-benchmarks/caliper/packages/caliper-samples;docker-compose -f network/fabric-v1.4.1/kafka2o2pgoleveldb/docker-compose.yaml up -d;sleep 3s 

2020-03-09T17:24:51+09:00 - INFO [adapters/fabric]: Fabric SDK version: 1.4.4; TLS: none 

2020-03-09T17:24:51+09:00 - INFO [adapters/fabric]: Org1's registrar enrolled successfully 

2020-03-09T17:24:52+09:00 - INFO [adapters/fabric]: Org2's registrar enrolled successfully 

2020-03-09T17:24:52+09:00 - INFO [adapters/fabric]: Org1's admin's materials are successfully loaded 

2020-03-09T17:24:52+09:00 - INFO [adapters/fabric]: Org2's admin's materials are successfully loaded 

2020-03-09T17:24:52+09:00 - INFO [adapters/fabric]: client0.org1.example.com's materials are successfully loaded 

2020-03-09T17:24:52+09:00 - INFO [adapters/fabric]: client0.org2.example.com's materials are successfully loaded 

2020-03-09T17:24:52+09:00 - INFO [adapters/fabric]: Channel 'mychannel' definiton being retrieved from file 

2020-03-09T17:24:52+09:00 - INFO [adapters/fabric]: Channel 'mychannel' successfully created 

2020-03-09T17:24:52+09:00 - INFO [adapters/fabric]: Sleeping 5s... 

2020-03-09T17:24:57+09:00 - INFO [adapters/fabric]: Org1's peers successfully joined mychannel: peer0.org1.example.com,peer1.org1.example.com 

2020-03-09T17:24:57+09:00 - INFO [adapters/fabric]: Org2's peers successfully joined mychannel: peer0.org2.example.com,peer1.org2.example.com 

2020-03-09T17:24:57+09:00 - INFO [adapters/fabric]: Sleeping 5s... 

2020-03-09T17:25:02+09:00 - INFO [adapters/fabric]: Installing chaincodes for mychannel... 

2020-03-09T17:25:02+09:00 - INFO [adapters/fabric]: marbles@v0 successfully installed on Org1's peers: peer0.org1.example.com,peer1.org1.example.com 

2020-03-09T17:25:02+09:00 - INFO [adapters/fabric]: marbles@v0 successfully installed on Org2's peers: peer0.org2.example.com,peer1.org2.example.com 

2020-03-09T17:25:02+09:00 - INFO [adapters/fabric]: drm@v0 successfully installed on Org1's peers: peer0.org1.example.com,peer1.org1.example.com 

2020-03-09T17:25:02+09:00 - INFO [adapters/fabric]: drm@v0 successfully installed on Org2's peers: peer0.org2.example.com,peer1.org2.example.com 

2020-03-09T17:25:02+09:00 - INFO [adapters/fabric]: simple@v0 successfully installed on Org1's peers: peer0.org1.example.com,peer1.org1.example.com 

2020-03-09T17:25:02+09:00 - INFO [adapters/fabric]: simple@v0 successfully installed on Org2's peers: peer0.org2.example.com,peer1.org2.example.com 

2020-03-09T17:25:03+09:00 - INFO [adapters/fabric]: smallbank@v0 successfully installed on Org1's peers: peer0.org1.example.com,peer1.org1.example.com 

2020-03-09T17:25:03+09:00 - INFO [adapters/fabric]: smallbank@v0 successfully installed on Org2's peers: peer0.org2.example.com,peer1.org2.example.com 

2020-03-09T17:25:03+09:00 - INFO [adapters/fabric]: Instantiating marbles@v0 in mychannel. This might take some time... 

2020-03-09T17:25:20+09:00 - INFO [adapters/fabric]: Successfully instantiated marbles@v0 in mychannel 

2020-03-09T17:25:20+09:00 - INFO [adapters/fabric]: Instantiating drm@v0 in mychannel. This might take some time... 

2020-03-09T17:25:38+09:00 - INFO [adapters/fabric]: Successfully instantiated drm@v0 in mychannel 

2020-03-09T17:25:38+09:00 - INFO [adapters/fabric]: Instantiating simple@v0 in mychannel. This might take some time... 

2020-03-09T17:25:56+09:00 - INFO [adapters/fabric]: Successfully instantiated simple@v0 in mychannel 

2020-03-09T17:25:56+09:00 - INFO [adapters/fabric]: Instantiating smallbank@v0 in mychannel. This might take some time... 

2020-03-09T17:26:13+09:00 - INFO [adapters/fabric]: Successfully instantiated smallbank@v0 in mychannel 

2020-03-09T17:26:13+09:00 - INFO [adapters/fabric]: Sleeping 5s... 

2020-03-09T17:26:18+09:00 - INFO [caliper-flow]: Started monitor successfully 

2020-03-09T17:26:18+09:00 - INFO [defaultTest]: ####### Testing 'smallOperations' ####### 

2020-03-09T17:26:18+09:00 - INFO [defaultTest]: ------ Test round 1 ------ 

2020-03-09T17:26:18+09:00 - INFO [client-util.js]: Launching client with PID  1120 

2020-03-09T17:26:18+09:00 - INFO [client-util.js]: Launching client with PID  1125 

2020-03-09T17:26:18+09:00 - INFO [client-util.js]: Launching client with PID  1130 

2020-03-09T17:26:18+09:00 - INFO [client-util.js]: Launching client with PID  1137 

2020-03-09T17:26:18+09:00 - INFO [client-util.js]: Launching client with PID  1143 

2020-03-09T17:26:18+09:00 - INFO [client-util.js]: Waiting for 5 clients to be ready...  

2020-03-09T17:26:19+09:00 - INFO [demo.js]: [Transaction Info] - Submitted: 0 Succ: 0 Fail:0 Unfinished:0 

2020-03-09T17:26:18+09:00 - DEBUG Constructed a winston logger with the specified targets:
	{"consolelogger":{"target":"console","level":"info"},"filelogger":{"target":"daily-rotate-file","level":"debug","filename":"log/caliper-%DATE%.log","datePattern":"YYYY-MM-DD-HH","maxSize":"5m","zippedArchive":true}}

2020-03-09T17:26:18+09:00 - DEBUG Constructed a winston logger with the specified targets:
	{"consolelogger":{"target":"console","level":"info"},"filelogger":{"target":"daily-rotate-file","level":"debug","filename":"log/caliper-%DATE%.log","datePattern":"YYYY-MM-DD-HH","maxSize":"5m","zippedArchive":true}}

2020-03-09T17:26:18+09:00 - DEBUG Constructed a winston logger with the specified targets:
	{"consolelogger":{"target":"console","level":"info"},"filelogger":{"target":"daily-rotate-file","level":"debug","filename":"log/caliper-%DATE%.log","datePattern":"YYYY-MM-DD-HH","maxSize":"5m","zippedArchive":true}}

2020-03-09T17:26:18+09:00 - DEBUG Constructed a winston logger with the specified targets:
	{"consolelogger":{"target":"console","level":"info"},"filelogger":{"target":"daily-rotate-file","level":"debug","filename":"log/caliper-%DATE%.log","datePattern":"YYYY-MM-DD-HH","maxSize":"5m","zippedArchive":true}}

2020-03-09T17:26:18+09:00 - DEBUG Constructed a winston logger with the specified targets:
	{"consolelogger":{"target":"console","level":"info"},"filelogger":{"target":"daily-rotate-file","level":"debug","filename":"log/caliper-%DATE%.log","datePattern":"YYYY-MM-DD-HH","maxSize":"5m","zippedArchive":true}}

2020-03-09T17:26:20+09:00 - INFO [client-util.js]: Client ready message recieved 

2020-03-09T17:26:20+09:00 - INFO [fabric/fabricClientWorker]: Client ready 

2020-03-09T17:26:20+09:00 - INFO [client-util.js]: Client ready message recieved 

2020-03-09T17:26:20+09:00 - INFO [fabric/fabricClientWorker]: Client ready 

2020-03-09T17:26:20+09:00 - INFO [client-util.js]: Client ready message recieved 

2020-03-09T17:26:20+09:00 - INFO [fabric/fabricClientWorker]: Client ready 

2020-03-09T17:26:20+09:00 - INFO [client-util.js]: Client ready message recieved 

2020-03-09T17:26:20+09:00 - INFO [fabric/fabricClientWorker]: Client ready 

2020-03-09T17:26:20+09:00 - INFO [client-util.js]: Client ready message recieved 

2020-03-09T17:26:20+09:00 - INFO [client-util.js]: 5 clients ready, starting test phase 

2020-03-09T17:26:20+09:00 - INFO [fabric/fabricClientWorker]: Client ready 

2020-03-09T17:26:20+09:00 - DEBUG [local-client.js]: doTest() with:
	{"type":"test","label":"smallOperations","rateControl":{"type":"fixed-rate","opts":{"tps":1000}},"trim":0,"args":{"accounts":400,"txnPerBatch":1},"cb":"benchmark/smallbank/smallbankOperations.js","config":"/home/oslab/caliper-benchmarks/caliper/packages/caliper-samples/network/fabric-v1.4.1/kafka2o2pgoleveldb/fabric-go.yaml","root":"/home/oslab/caliper-benchmarks/caliper/packages/caliper-samples","numb":200,"roundIdx":1,"totalClients":5,"clients":5,"clientargs":{},"clientIdx":0}

2020-03-09T17:26:20+09:00 - DEBUG [local-client.js]: doTest() with:
	{"type":"test","label":"smallOperations","rateControl":{"type":"fixed-rate","opts":{"tps":1000}},"trim":0,"args":{"accounts":400,"txnPerBatch":1},"cb":"benchmark/smallbank/smallbankOperations.js","config":"/home/oslab/caliper-benchmarks/caliper/packages/caliper-samples/network/fabric-v1.4.1/kafka2o2pgoleveldb/fabric-go.yaml","root":"/home/oslab/caliper-benchmarks/caliper/packages/caliper-samples","numb":200,"roundIdx":1,"totalClients":5,"clients":5,"clientargs":{},"clientIdx":1}

2020-03-09T17:26:20+09:00 - DEBUG [local-client.js]: doTest() with:
	{"type":"test","label":"smallOperations","rateControl":{"type":"fixed-rate","opts":{"tps":1000}},"trim":0,"args":{"accounts":400,"txnPerBatch":1},"cb":"benchmark/smallbank/smallbankOperations.js","config":"/home/oslab/caliper-benchmarks/caliper/packages/caliper-samples/network/fabric-v1.4.1/kafka2o2pgoleveldb/fabric-go.yaml","root":"/home/oslab/caliper-benchmarks/caliper/packages/caliper-samples","numb":200,"roundIdx":1,"totalClients":5,"clients":5,"clientargs":{},"clientIdx":2}

2020-03-09T17:26:20+09:00 - DEBUG [local-client.js]: doTest() with:
	{"type":"test","label":"smallOperations","rateControl":{"type":"fixed-rate","opts":{"tps":1000}},"trim":0,"args":{"accounts":400,"txnPerBatch":1},"cb":"benchmark/smallbank/smallbankOperations.js","config":"/home/oslab/caliper-benchmarks/caliper/packages/caliper-samples/network/fabric-v1.4.1/kafka2o2pgoleveldb/fabric-go.yaml","root":"/home/oslab/caliper-benchmarks/caliper/packages/caliper-samples","numb":200,"roundIdx":1,"totalClients":5,"clients":5,"clientargs":{},"clientIdx":3}

2020-03-09T17:26:20+09:00 - DEBUG [local-client.js]: doTest() with:
	{"type":"test","label":"smallOperations","rateControl":{"type":"fixed-rate","opts":{"tps":1000}},"trim":0,"args":{"accounts":400,"txnPerBatch":1},"cb":"benchmark/smallbank/smallbankOperations.js","config":"/home/oslab/caliper-benchmarks/caliper/packages/caliper-samples/network/fabric-v1.4.1/kafka2o2pgoleveldb/fabric-go.yaml","root":"/home/oslab/caliper-benchmarks/caliper/packages/caliper-samples","numb":200,"roundIdx":1,"totalClients":5,"clients":5,"clientargs":{},"clientIdx":4}

2020-03-09T17:26:20+09:00 - INFO [local-client.js]: txUpdateTime: 1000 

2020-03-09T17:26:20+09:00 - INFO [local-client.js]: txUpdateTime: 1000 

2020-03-09T17:26:20+09:00 - INFO [local-client.js]: txUpdateTime: 1000 

2020-03-09T17:26:20+09:00 - INFO [local-client.js]: txUpdateTime: 1000 

2020-03-09T17:26:20+09:00 - INFO [local-client.js]: txUpdateTime: 1000 

2020-03-09T17:26:20+09:00 - INFO [local-client.js]: Info: client 1143 start test runFixedNumber():small_bank_operations 

2020-03-09T17:26:20+09:00 - DEBUG [rateControl.js]: Creating rate controller for client#4 for round#1
	{"type":"fixed-rate","opts":{"tps":1000}}

2020-03-09T17:26:20+09:00 - INFO [local-client.js]: Info: client 1125 start test runFixedNumber():small_bank_operations 

2020-03-09T17:26:20+09:00 - INFO [local-client.js]: Info: client 1130 start test runFixedNumber():small_bank_operations 

2020-03-09T17:26:20+09:00 - DEBUG [rateControl.js]: Creating rate controller for client#1 for round#1
	{"type":"fixed-rate","opts":{"tps":1000}}

2020-03-09T17:26:20+09:00 - DEBUG [rateControl.js]: Creating rate controller for client#2 for round#1
	{"type":"fixed-rate","opts":{"tps":1000}}

2020-03-09T17:26:20+09:00 - INFO [local-client.js]: Info: client 1120 start test runFixedNumber():small_bank_operations 

2020-03-09T17:26:20+09:00 - DEBUG [rateControl.js]: Creating rate controller for client#0 for round#1
	{"type":"fixed-rate","opts":{"tps":1000}}

2020-03-09T17:26:20+09:00 - INFO [local-client.js]: Info: client 1137 start test runFixedNumber():small_bank_operations 

2020-03-09T17:26:20+09:00 - DEBUG [rateControl.js]: Creating rate controller for client#3 for round#1
	{"type":"fixed-rate","opts":{"tps":1000}}

2020-03-09T17:26:20+09:00 - INFO [demo.js]: [Transaction Info] - Submitted: 0 Succ: 0 Fail:0 Unfinished:0 

2020-03-09T17:26:21+09:00 - INFO [demo.js]: [Transaction Info] - Submitted: 427 Succ: 150 Fail:0 Unfinished:277 

2020-03-09T17:26:22+09:00 - INFO [demo.js]: [Transaction Info] - Submitted: 1000 Succ: 450 Fail:0 Unfinished:550 

2020-03-09T17:26:23+09:00 - INFO [demo.js]: [Transaction Info] - Submitted: 1000 Succ: 867 Fail:0 Unfinished:133 

2020-03-09T17:26:23+09:00 - DEBUG [report-builder]: r.create.max: 1583742382.48 r.create.min: 1583742380.603 r.final.max: 1583742383.709 r.final.min: 1583742381.118 r.final.last: 1583742383.709 

2020-03-09T17:26:23+09:00 - DEBUG [report-builder]:  throughput for only success time computed: 322.0 

2020-03-09T17:26:23+09:00 - DEBUG [report-builder]: sendTransactionProposal: 0ms length: 1000 

2020-03-09T17:26:23+09:00 - DEBUG [report-builder]: sendTransaction: 0ms 

2020-03-09T17:26:23+09:00 - DEBUG [report-builder]: invokeLatency: 0ms 

2020-03-09T17:26:23+09:00 - INFO [report-builder]: ###test result:### 

2020-03-09T17:26:23+09:00 - INFO [report-builder]: 
+-----------------+------+------+-----------+-------------+-------------+-------------+------------+
| Name            | Succ | Fail | Send Rate | Max Latency | Min Latency | Avg Latency | Throughput |
|-----------------|------|------|-----------|-------------|-------------|-------------|------------|
| smallOperations | 1000 | 0    | 532.8 tps | 1.40 s      | 0.40 s      | 0.94 s      | 322.0 tps  |
+-----------------+------+------+-----------+-------------+-------------+-------------+------------+
 

2020-03-09T17:26:23+09:00 - INFO [report-builder]: ### resource stats ### 

2020-03-09T17:26:23+09:00 - INFO [report-builder]: 
+--------+-----------------------------------+-------------+-------------+----------+----------+------------+-------------+-----------+------------+
| TYPE   | NAME                              | Memory(max) | Memory(avg) | CPU(max) | CPU(avg) | Traffic In | Traffic Out | Disc Read | Disc Write |
|--------|-----------------------------------|-------------|-------------|----------|----------|------------|-------------|-----------|------------|
| Docker | dev-peer1.org1.example.co...nk-v0 | 7.9MB       | 7.4MB       | 11.00%   | 5.50%    | 865.2KB    | 423.8KB     | 0B        | 0B         |
|--------|-----------------------------------|-------------|-------------|----------|----------|------------|-------------|-----------|------------|
| Docker | dev-peer0.org2.example.co...nk-v0 | 7.8MB       | 7.2MB       | 10.66%   | 5.40%    | 860.2KB    | 418.7KB     | 0B        | 0B         |
|--------|-----------------------------------|-------------|-------------|----------|----------|------------|-------------|-----------|------------|
| Docker | dev-peer1.org2.example.co...nk-v0 | 8.1MB       | 7.4MB       | 11.43%   | 5.71%    | 878.5KB    | 438.3KB     | 0B        | 0B         |
|--------|-----------------------------------|-------------|-------------|----------|----------|------------|-------------|-----------|------------|
| Docker | dev-peer0.org1.example.co...nk-v0 | 8.1MB       | 7.5MB       | 9.91%    | 4.96%    | 871.8KB    | 430.6KB     | 0B        | 0B         |
|--------|-----------------------------------|-------------|-------------|----------|----------|------------|-------------|-----------|------------|
| Docker | dev-peer1.org1.example.co...le-v0 | 6.7MB       | 6.7MB       | 0.00%    | 0.00%    | 112B       | 0B          | 0B        | 0B         |
|--------|-----------------------------------|-------------|-------------|----------|----------|------------|-------------|-----------|------------|
| Docker | dev-peer0.org1.example.co...le-v0 | 7.1MB       | 7.1MB       | 0.00%    | 0.00%    | 42B        | 0B          | 0B        | 0B         |
|--------|-----------------------------------|-------------|-------------|----------|----------|------------|-------------|-----------|------------|
| Docker | dev-peer0.org2.example.co...le-v0 | 7.0MB       | 7.0MB       | 0.00%    | 0.00%    | 112B       | 0B          | 0B        | 0B         |
|--------|-----------------------------------|-------------|-------------|----------|----------|------------|-------------|-----------|------------|
| Docker | dev-peer1.org2.example.co...le-v0 | 6.8MB       | 6.8MB       | 0.00%    | 0.00%    | 112B       | 0B          | 0B        | 0B         |
|--------|-----------------------------------|-------------|-------------|----------|----------|------------|-------------|-----------|------------|
| Docker | dev-peer0.org2.example.co...rm-v0 | 6.9MB       | 6.9MB       | 0.00%    | 0.00%    | 42B        | 0B          | 0B        | 0B         |
|--------|-----------------------------------|-------------|-------------|----------|----------|------------|-------------|-----------|------------|
| Docker | dev-peer0.org1.example.co...rm-v0 | 6.9MB       | 6.9MB       | 0.00%    | 0.00%    | 42B        | 0B          | 0B        | 0B         |
|--------|-----------------------------------|-------------|-------------|----------|----------|------------|-------------|-----------|------------|
| Docker | dev-peer1.org2.example.co...rm-v0 | 7.1MB       | 7.1MB       | 0.00%    | 0.00%    | 42B        | 0B          | 0B        | 0B         |
|--------|-----------------------------------|-------------|-------------|----------|----------|------------|-------------|-----------|------------|
| Docker | dev-peer1.org1.example.co...rm-v0 | 6.8MB       | 6.8MB       | 0.00%    | 0.00%    | 42B        | 0B          | 0B        | 0B         |
|--------|-----------------------------------|-------------|-------------|----------|----------|------------|-------------|-----------|------------|
| Docker | dev-peer0.org2.example.co...es-v0 | 6.9MB       | 6.9MB       | 0.00%    | 0.00%    | 245B       | 0B          | 0B        | 0B         |
|--------|-----------------------------------|-------------|-------------|----------|----------|------------|-------------|-----------|------------|
| Docker | dev-peer1.org1.example.co...es-v0 | 7.1MB       | 7.1MB       | 0.00%    | 0.00%    | 42B        | 0B          | 0B        | 0B         |
|--------|-----------------------------------|-------------|-------------|----------|----------|------------|-------------|-----------|------------|
| Docker | dev-peer0.org1.example.co...es-v0 | 7.0MB       | 7.0MB       | 0.01%    | 0.01%    | 42B        | 0B          | 0B        | 0B         |
|--------|-----------------------------------|-------------|-------------|----------|----------|------------|-------------|-----------|------------|
| Docker | dev-peer1.org2.example.co...es-v0 | 6.9MB       | 6.9MB       | 0.00%    | 0.00%    | 245B       | 0B          | 0B        | 0B         |
|--------|-----------------------------------|-------------|-------------|----------|----------|------------|-------------|-----------|------------|
| Docker | peer0.org1.example.com            | 179.0MB     | 170.6MB     | 130.37%  | 70.66%   | 5.0MB      | 1.8MB       | 0B        | 5.9MB      |
|--------|-----------------------------------|-------------|-------------|----------|----------|------------|-------------|-----------|------------|
| Docker | peer1.org2.example.com            | 179.1MB     | 163.2MB     | 139.05%  | 70.71%   | 5.0MB      | 1.8MB       | 0B        | 6.4MB      |
|--------|-----------------------------------|-------------|-------------|----------|----------|------------|-------------|-----------|------------|
| Docker | peer1.org1.example.com            | 179.1MB     | 167.7MB     | 137.37%  | 69.91%   | 5.0MB      | 1.8MB       | 0B        | 6.4MB      |
|--------|-----------------------------------|-------------|-------------|----------|----------|------------|-------------|-----------|------------|
| Docker | peer0.org2.example.com            | 163.4MB     | 159.8MB     | 141.32%  | 72.68%   | 5.0MB      | 1.8MB       | 0B        | 6.8MB      |
|--------|-----------------------------------|-------------|-------------|----------|----------|------------|-------------|-----------|------------|
| Docker | orderer0.example.com              | 28.4MB      | 21.8MB      | 74.24%   | 37.35%   | 6.0MB      | 9.8MB       | 0B        | 8.1MB      |
|--------|-----------------------------------|-------------|-------------|----------|----------|------------|-------------|-----------|------------|
| Docker | orderer1.example.com              | 28.4MB      | 21.5MB      | 76.38%   | 38.45%   | 6.2MB      | 10.1MB      | 0B        | 8.1MB      |
|--------|-----------------------------------|-------------|-------------|----------|----------|------------|-------------|-----------|------------|
| Docker | kafka1                            | 368.6MB     | 351.8MB     | 141.09%  | 72.32%   | 4.1MB      | 16.0MB      | 0B        | 8.0KB      |
|--------|-----------------------------------|-------------|-------------|----------|----------|------------|-------------|-----------|------------|
| Docker | kafka2                            | 363.5MB     | 353.1MB     | 69.82%   | 35.69%   | 4.0MB      | 62.7KB      | 0B        | 8.0KB      |
|--------|-----------------------------------|-------------|-------------|----------|----------|------------|-------------|-----------|------------|
| Docker | kafka3                            | 338.6MB     | 334.0MB     | 18.58%   | 10.71%   | 4.0MB      | 53.7KB      | 0B        | 8.0KB      |
|--------|-----------------------------------|-------------|-------------|----------|----------|------------|-------------|-----------|------------|
| Docker | kafka0                            | 304.5MB     | 304.5MB     | 1.39%    | 0.97%    | 128B       | 144B        | 0B        | 0B         |
|--------|-----------------------------------|-------------|-------------|----------|----------|------------|-------------|-----------|------------|
| Docker | zookeeper1                        | 58.8MB      | 58.8MB      | 0.43%    | 0.30%    | 922B       | 540B        | 0B        | 0B         |
|--------|-----------------------------------|-------------|-------------|----------|----------|------------|-------------|-----------|------------|
| Docker | ca.org1.example.com               | 10.2MB      | 10.2MB      | 0.00%    | 0.00%    | 42B        | 0B          | 0B        | 0B         |
|--------|-----------------------------------|-------------|-------------|----------|----------|------------|-------------|-----------|------------|
| Docker | zookeeper0                        | 49.3MB      | 49.3MB      | 0.16%    | 0.14%    | 346B       | 172B        | 0B        | 0B         |
|--------|-----------------------------------|-------------|-------------|----------|----------|------------|-------------|-----------|------------|
| Docker | zookeeper2                        | 55.1MB      | 55.1MB      | 0.41%    | 0.36%    | 842B       | 866B        | 0B        | 0B         |
|--------|-----------------------------------|-------------|-------------|----------|----------|------------|-------------|-----------|------------|
| Docker | ca.org2.example.com               | 10.6MB      | 10.6MB      | 0.00%    | 0.00%    | 42B        | 0B          | 0B        | 0B         |
|--------|-----------------------------------|-------------|-------------|----------|----------|------------|-------------|-----------|------------|
| Docker | cello-dashboard                   | 3.4MB       | 3.4MB       | 0.00%    | 0.00%    | 0B         | 0B          | 0B        | 0B         |
|--------|-----------------------------------|-------------|-------------|----------|----------|------------|-------------|-----------|------------|
| Docker | cello-nginx                       | 3.6MB       | 3.6MB       | 0.00%    | 0.00%    | 0B         | 0B          | 0B        | 0B         |
|--------|-----------------------------------|-------------|-------------|----------|----------|------------|-------------|-----------|------------|
| Docker | cello-api-engine-tasks            | 722.3MB     | 722.3MB     | 0.36%    | 0.33%    | 1.2KB      | 1.3KB       | 0B        | 0B         |
|--------|-----------------------------------|-------------|-------------|----------|----------|------------|-------------|-----------|------------|
| Docker | cello-api-engine                  | 58.3MB      | 58.3MB      | 0.01%    | 0.01%    | 0B         | 0B          | 0B        | 0B         |
|--------|-----------------------------------|-------------|-------------|----------|----------|------------|-------------|-----------|------------|
| Docker | cello-postgres-server             | 26.2MB      | 26.2MB      | 0.00%    | 0.00%    | 0B         | 0B          | 0B        | 0B         |
|--------|-----------------------------------|-------------|-------------|----------|----------|------------|-------------|-----------|------------|
| Docker | cello-redis                       | 3.0MB       | 3.0MB       | 0.14%    | 0.13%    | 1.3KB      | 1.2KB       | 0B        | 0B         |
+--------+-----------------------------------+-------------+-------------+----------+----------+------------+-------------+-----------+------------+
 

2020-03-09T17:26:23+09:00 - INFO [defaultTest]: ------ Passed 'smallOperations' testing ------ 

2020-03-09T17:26:23+09:00 - INFO [defaultTest]: Waiting 5 seconds for the next round... 

2020-03-09T17:26:24+09:00 - INFO [demo.js]: [Transaction Info] - Submitted: 1000 Succ: 1000 Fail:0 Unfinished:0 

2020-03-09T17:26:25+09:00 - INFO [demo.js]: [Transaction Info] - Submitted: 1000 Succ: 1000 Fail:0 Unfinished:0 

2020-03-09T17:26:26+09:00 - INFO [demo.js]: [Transaction Info] - Submitted: 1000 Succ: 1000 Fail:0 Unfinished:0 

2020-03-09T17:26:27+09:00 - INFO [demo.js]: [Transaction Info] - Submitted: 1000 Succ: 1000 Fail:0 Unfinished:0 

2020-03-09T17:26:28+09:00 - INFO [demo.js]: [Transaction Info] - Submitted: 1000 Succ: 1000 Fail:0 Unfinished:0 

2020-03-09T17:26:28+09:00 - INFO [defaultTest]: ------ Test round 2 ------ 

2020-03-09T17:26:28+09:00 - INFO [client-util.js]: Waiting for 0 clients to be ready...  

2020-03-09T17:26:28+09:00 - INFO [client-util.js]: 0 clients ready, starting test phase 

2020-03-09T17:26:28+09:00 - DEBUG [local-client.js]: doTest() with:
	{"type":"test","label":"smallOperations","rateControl":{"type":"fixed-rate","opts":{"tps":1000}},"trim":0,"args":{"accounts":400,"txnPerBatch":1},"cb":"benchmark/smallbank/smallbankOperations.js","config":"/home/oslab/caliper-benchmarks/caliper/packages/caliper-samples/network/fabric-v1.4.1/kafka2o2pgoleveldb/fabric-go.yaml","root":"/home/oslab/caliper-benchmarks/caliper/packages/caliper-samples","numb":200,"roundIdx":2,"totalClients":5,"clients":5,"clientargs":{},"clientIdx":0}

2020-03-09T17:26:28+09:00 - DEBUG [local-client.js]: doTest() with:
	{"type":"test","label":"smallOperations","rateControl":{"type":"fixed-rate","opts":{"tps":1000}},"trim":0,"args":{"accounts":400,"txnPerBatch":1},"cb":"benchmark/smallbank/smallbankOperations.js","config":"/home/oslab/caliper-benchmarks/caliper/packages/caliper-samples/network/fabric-v1.4.1/kafka2o2pgoleveldb/fabric-go.yaml","root":"/home/oslab/caliper-benchmarks/caliper/packages/caliper-samples","numb":200,"roundIdx":2,"totalClients":5,"clients":5,"clientargs":{},"clientIdx":1}

2020-03-09T17:26:28+09:00 - DEBUG [local-client.js]: doTest() with:
	{"type":"test","label":"smallOperations","rateControl":{"type":"fixed-rate","opts":{"tps":1000}},"trim":0,"args":{"accounts":400,"txnPerBatch":1},"cb":"benchmark/smallbank/smallbankOperations.js","config":"/home/oslab/caliper-benchmarks/caliper/packages/caliper-samples/network/fabric-v1.4.1/kafka2o2pgoleveldb/fabric-go.yaml","root":"/home/oslab/caliper-benchmarks/caliper/packages/caliper-samples","numb":200,"roundIdx":2,"totalClients":5,"clients":5,"clientargs":{},"clientIdx":2}

2020-03-09T17:26:28+09:00 - DEBUG [local-client.js]: doTest() with:
	{"type":"test","label":"smallOperations","rateControl":{"type":"fixed-rate","opts":{"tps":1000}},"trim":0,"args":{"accounts":400,"txnPerBatch":1},"cb":"benchmark/smallbank/smallbankOperations.js","config":"/home/oslab/caliper-benchmarks/caliper/packages/caliper-samples/network/fabric-v1.4.1/kafka2o2pgoleveldb/fabric-go.yaml","root":"/home/oslab/caliper-benchmarks/caliper/packages/caliper-samples","numb":200,"roundIdx":2,"totalClients":5,"clients":5,"clientargs":{},"clientIdx":4}

2020-03-09T17:26:28+09:00 - DEBUG [local-client.js]: doTest() with:
	{"type":"test","label":"smallOperations","rateControl":{"type":"fixed-rate","opts":{"tps":1000}},"trim":0,"args":{"accounts":400,"txnPerBatch":1},"cb":"benchmark/smallbank/smallbankOperations.js","config":"/home/oslab/caliper-benchmarks/caliper/packages/caliper-samples/network/fabric-v1.4.1/kafka2o2pgoleveldb/fabric-go.yaml","root":"/home/oslab/caliper-benchmarks/caliper/packages/caliper-samples","numb":200,"roundIdx":2,"totalClients":5,"clients":5,"clientargs":{},"clientIdx":3}

2020-03-09T17:26:28+09:00 - INFO [local-client.js]: txUpdateTime: 1000 

2020-03-09T17:26:28+09:00 - INFO [local-client.js]: txUpdateTime: 1000 

2020-03-09T17:26:28+09:00 - INFO [local-client.js]: txUpdateTime: 1000 

2020-03-09T17:26:28+09:00 - INFO [local-client.js]: txUpdateTime: 1000 

2020-03-09T17:26:28+09:00 - INFO [local-client.js]: txUpdateTime: 1000 

2020-03-09T17:26:29+09:00 - INFO [local-client.js]: Info: client 1125 start test runFixedNumber():small_bank_operations 

2020-03-09T17:26:29+09:00 - INFO [local-client.js]: Info: client 1120 start test runFixedNumber():small_bank_operations 

2020-03-09T17:26:29+09:00 - DEBUG [rateControl.js]: Creating rate controller for client#0 for round#2
	{"type":"fixed-rate","opts":{"tps":1000}}

2020-03-09T17:26:29+09:00 - DEBUG [rateControl.js]: Creating rate controller for client#1 for round#2
	{"type":"fixed-rate","opts":{"tps":1000}}

2020-03-09T17:26:29+09:00 - INFO [local-client.js]: Info: client 1143 start test runFixedNumber():small_bank_operations 

2020-03-09T17:26:29+09:00 - INFO [local-client.js]: Info: client 1137 start test runFixedNumber():small_bank_operations 

2020-03-09T17:26:29+09:00 - DEBUG [rateControl.js]: Creating rate controller for client#3 for round#2
	{"type":"fixed-rate","opts":{"tps":1000}}

2020-03-09T17:26:29+09:00 - INFO [local-client.js]: Info: client 1130 start test runFixedNumber():small_bank_operations 

2020-03-09T17:26:29+09:00 - DEBUG [rateControl.js]: Creating rate controller for client#2 for round#2
	{"type":"fixed-rate","opts":{"tps":1000}}

2020-03-09T17:26:29+09:00 - DEBUG [rateControl.js]: Creating rate controller for client#4 for round#2
	{"type":"fixed-rate","opts":{"tps":1000}}

2020-03-09T17:26:29+09:00 - INFO [demo.js]: [Transaction Info] - Submitted: 1000 Succ: 1000 Fail:0 Unfinished:0 

2020-03-09T17:26:30+09:00 - INFO [demo.js]: [Transaction Info] - Submitted: 1626 Succ: 1200 Fail:0 Unfinished:426 

2020-03-09T17:26:31+09:00 - INFO [demo.js]: [Transaction Info] - Submitted: 2000 Succ: 1500 Fail:0 Unfinished:500 

2020-03-09T17:26:32+09:00 - DEBUG [report-builder]: r.create.max: 1583742390.543 r.create.min: 1583742389.02 r.final.max: 1583742392.036 r.final.min: 1583742389.408 r.final.last: 1583742392.036 

2020-03-09T17:26:32+09:00 - DEBUG [report-builder]:  throughput for only success time computed: 331.6 

2020-03-09T17:26:32+09:00 - DEBUG [report-builder]: sendTransactionProposal: 0ms length: 1000 

2020-03-09T17:26:32+09:00 - DEBUG [report-builder]: sendTransaction: 0ms 

2020-03-09T17:26:32+09:00 - DEBUG [report-builder]: invokeLatency: 0ms 

2020-03-09T17:26:32+09:00 - INFO [report-builder]: ###test result:### 

2020-03-09T17:26:32+09:00 - INFO [report-builder]: 
+-----------------+------+------+-----------+-------------+-------------+-------------+------------+
| Name            | Succ | Fail | Send Rate | Max Latency | Min Latency | Avg Latency | Throughput |
|-----------------|------|------|-----------|-------------|-------------|-------------|------------|
| smallOperations | 1000 | 0    | 656.6 tps | 1.68 s      | 0.32 s      | 1.08 s      | 331.6 tps  |
+-----------------+------+------+-----------+-------------+-------------+-------------+------------+
 

2020-03-09T17:26:32+09:00 - INFO [report-builder]: ### resource stats ### 

2020-03-09T17:26:32+09:00 - INFO [report-builder]: 
+--------+-----------------------------------+-------------+-------------+----------+----------+------------+-------------+-----------+------------+
| TYPE   | NAME                              | Memory(max) | Memory(avg) | CPU(max) | CPU(avg) | Traffic In | Traffic Out | Disc Read | Disc Write |
|--------|-----------------------------------|-------------|-------------|----------|----------|------------|-------------|-----------|------------|
| Docker | dev-peer1.org1.example.co...nk-v0 | 8.3MB       | 8.2MB       | 5.27%    | 4.25%    | 751.2KB    | 383.2KB     | 0B        | 0B         |
|--------|-----------------------------------|-------------|-------------|----------|----------|------------|-------------|-----------|------------|
| Docker | dev-peer0.org2.example.co...nk-v0 | 8.3MB       | 8.1MB       | 6.20%    | 4.54%    | 697.0KB    | 350.6KB     | 0B        | 0B         |
|--------|-----------------------------------|-------------|-------------|----------|----------|------------|-------------|-----------|------------|
| Docker | dev-peer1.org2.example.co...nk-v0 | 8.6MB       | 8.5MB       | 4.16%    | 3.85%    | 792.2KB    | 400.0KB     | 0B        | 0B         |
|--------|-----------------------------------|-------------|-------------|----------|----------|------------|-------------|-----------|------------|
| Docker | dev-peer0.org1.example.co...nk-v0 | 8.6MB       | 8.4MB       | 4.33%    | 3.74%    | 786.1KB    | 393.5KB     | 0B        | 0B         |
|--------|-----------------------------------|-------------|-------------|----------|----------|------------|-------------|-----------|------------|
| Docker | dev-peer1.org1.example.co...le-v0 | 6.7MB       | 6.7MB       | 0.00%    | 0.00%    | 0B         | 0B          | 0B        | 0B         |
|--------|-----------------------------------|-------------|-------------|----------|----------|------------|-------------|-----------|------------|
| Docker | dev-peer0.org1.example.co...le-v0 | 7.1MB       | 7.1MB       | 0.00%    | 0.00%    | 0B         | 0B          | 0B        | 0B         |
|--------|-----------------------------------|-------------|-------------|----------|----------|------------|-------------|-----------|------------|
| Docker | dev-peer0.org2.example.co...le-v0 | 7.0MB       | 7.0MB       | 0.00%    | 0.00%    | 0B         | 0B          | 0B        | 0B         |
|--------|-----------------------------------|-------------|-------------|----------|----------|------------|-------------|-----------|------------|
| Docker | dev-peer1.org2.example.co...le-v0 | 6.8MB       | 6.8MB       | 0.00%    | 0.00%    | 0B         | 0B          | 0B        | 0B         |
|--------|-----------------------------------|-------------|-------------|----------|----------|------------|-------------|-----------|------------|
| Docker | dev-peer0.org2.example.co...rm-v0 | 6.9MB       | 6.9MB       | 0.00%    | 0.00%    | 0B         | 0B          | 0B        | 0B         |
|--------|-----------------------------------|-------------|-------------|----------|----------|------------|-------------|-----------|------------|
| Docker | dev-peer0.org1.example.co...rm-v0 | 6.9MB       | 6.9MB       | 0.00%    | 0.00%    | 0B         | 0B          | 0B        | 0B         |
|--------|-----------------------------------|-------------|-------------|----------|----------|------------|-------------|-----------|------------|
| Docker | dev-peer1.org2.example.co...rm-v0 | 7.1MB       | 7.1MB       | 0.00%    | 0.00%    | 70B        | 0B          | 0B        | 0B         |
|--------|-----------------------------------|-------------|-------------|----------|----------|------------|-------------|-----------|------------|
| Docker | dev-peer1.org1.example.co...rm-v0 | 6.8MB       | 6.8MB       | 0.00%    | 0.00%    | 0B         | 0B          | 0B        | 0B         |
|--------|-----------------------------------|-------------|-------------|----------|----------|------------|-------------|-----------|------------|
| Docker | dev-peer0.org2.example.co...es-v0 | 6.9MB       | 6.9MB       | 0.00%    | 0.00%    | 0B         | 0B          | 0B        | 0B         |
|--------|-----------------------------------|-------------|-------------|----------|----------|------------|-------------|-----------|------------|
| Docker | dev-peer1.org1.example.co...es-v0 | 7.1MB       | 7.1MB       | 0.00%    | 0.00%    | 0B         | 0B          | 0B        | 0B         |
|--------|-----------------------------------|-------------|-------------|----------|----------|------------|-------------|-----------|------------|
| Docker | dev-peer0.org1.example.co...es-v0 | 7.0MB       | 7.0MB       | 0.00%    | 0.00%    | 0B         | 0B          | 0B        | 0B         |
|--------|-----------------------------------|-------------|-------------|----------|----------|------------|-------------|-----------|------------|
| Docker | dev-peer1.org2.example.co...es-v0 | 6.9MB       | 6.9MB       | 0.00%    | 0.00%    | 0B         | 0B          | 0B        | 0B         |
|--------|-----------------------------------|-------------|-------------|----------|----------|------------|-------------|-----------|------------|
| Docker | peer0.org1.example.com            | 185.7MB     | 183.7MB     | 112.34%  | 80.49%   | 4.6MB      | 1.5MB       | 0B        | 7.4MB      |
|--------|-----------------------------------|-------------|-------------|----------|----------|------------|-------------|-----------|------------|
| Docker | peer1.org2.example.com            | 184.8MB     | 183.0MB     | 105.36%  | 71.21%   | 4.6MB      | 1.6MB       | 0B        | 6.9MB      |
|--------|-----------------------------------|-------------|-------------|----------|----------|------------|-------------|-----------|------------|
| Docker | peer1.org1.example.com            | 185.3MB     | 183.4MB     | 106.72%  | 72.60%   | 4.6MB      | 1.6MB       | 0B        | 7.4MB      |
|--------|-----------------------------------|-------------|-------------|----------|----------|------------|-------------|-----------|------------|
| Docker | peer0.org2.example.com            | 169.9MB     | 167.6MB     | 113.61%  | 78.10%   | 4.6MB      | 1.5MB       | 0B        | 7.4MB      |
|--------|-----------------------------------|-------------|-------------|----------|----------|------------|-------------|-----------|------------|
| Docker | orderer0.example.com              | 33.9MB      | 31.2MB      | 32.71%   | 24.40%   | 5.4MB      | 9.3MB       | 0B        | 7.7MB      |
|--------|-----------------------------------|-------------|-------------|----------|----------|------------|-------------|-----------|------------|
| Docker | orderer1.example.com              | 33.5MB      | 31.1MB      | 32.64%   | 24.50%   | 5.7MB      | 9.5MB       | 0B        | 7.7MB      |
|--------|-----------------------------------|-------------|-------------|----------|----------|------------|-------------|-----------|------------|
| Docker | kafka1                            | 391.6MB     | 377.8MB     | 154.17%  | 101.23%  | 3.8MB      | 14.5MB      | 0B        | 0B         |
|--------|-----------------------------------|-------------|-------------|----------|----------|------------|-------------|-----------|------------|
| Docker | kafka2                            | 372.1MB     | 370.1MB     | 7.99%    | 7.56%    | 3.6MB      | 74.3KB      | 0B        | 0B         |
|--------|-----------------------------------|-------------|-------------|----------|----------|------------|-------------|-----------|------------|
| Docker | kafka3                            | 343.9MB     | 341.9MB     | 10.19%   | 8.43%    | 3.6MB      | 58.9KB      | 0B        | 0B         |
|--------|-----------------------------------|-------------|-------------|----------|----------|------------|-------------|-----------|------------|
| Docker | kafka0                            | 304.6MB     | 304.6MB     | 0.75%    | 0.71%    | 86B        | 144B        | 0B        | 0B         |
|--------|-----------------------------------|-------------|-------------|----------|----------|------------|-------------|-----------|------------|
| Docker | zookeeper1                        | 58.8MB      | 58.8MB      | 0.23%    | 0.21%    | 744B       | 478B        | 0B        | 0B         |
|--------|-----------------------------------|-------------|-------------|----------|----------|------------|-------------|-----------|------------|
| Docker | ca.org1.example.com               | 10.2MB      | 10.2MB      | 0.00%    | 0.00%    | 0B         | 0B          | 0B        | 0B         |
|--------|-----------------------------------|-------------|-------------|----------|----------|------------|-------------|-----------|------------|
| Docker | zookeeper0                        | 49.3MB      | 49.3MB      | 0.14%    | 0.13%    | 456B       | 258B        | 0B        | 0B         |
|--------|-----------------------------------|-------------|-------------|----------|----------|------------|-------------|-----------|------------|
| Docker | zookeeper2                        | 55.2MB      | 55.2MB      | 0.39%    | 0.37%    | 852B       | 1.1KB       | 0B        | 0B         |
|--------|-----------------------------------|-------------|-------------|----------|----------|------------|-------------|-----------|------------|
| Docker | ca.org2.example.com               | 10.6MB      | 10.6MB      | 0.00%    | 0.00%    | 0B         | 0B          | 0B        | 0B         |
|--------|-----------------------------------|-------------|-------------|----------|----------|------------|-------------|-----------|------------|
| Docker | cello-dashboard                   | 3.4MB       | 3.4MB       | 0.00%    | 0.00%    | 0B         | 0B          | 0B        | 0B         |
|--------|-----------------------------------|-------------|-------------|----------|----------|------------|-------------|-----------|------------|
| Docker | cello-nginx                       | 3.6MB       | 3.6MB       | 0.00%    | 0.00%    | 0B         | 0B          | 0B        | 0B         |
|--------|-----------------------------------|-------------|-------------|----------|----------|------------|-------------|-----------|------------|
| Docker | cello-api-engine-tasks            | 722.3MB     | 722.3MB     | 0.40%    | 0.33%    | 1.2KB      | 1.3KB       | 0B        | 0B         |
|--------|-----------------------------------|-------------|-------------|----------|----------|------------|-------------|-----------|------------|
| Docker | cello-api-engine                  | 58.3MB      | 58.3MB      | 0.01%    | 0.01%    | 0B         | 0B          | 0B        | 0B         |
|--------|-----------------------------------|-------------|-------------|----------|----------|------------|-------------|-----------|------------|
| Docker | cello-postgres-server             | 26.2MB      | 26.2MB      | 0.01%    | 0.00%    | 0B         | 0B          | 0B        | 0B         |
|--------|-----------------------------------|-------------|-------------|----------|----------|------------|-------------|-----------|------------|
| Docker | cello-redis                       | 3.0MB       | 3.0MB       | 0.12%    | 0.12%    | 1.3KB      | 1.2KB       | 0B        | 0B         |
+--------+-----------------------------------+-------------+-------------+----------+----------+------------+-------------+-----------+------------+
 

2020-03-09T17:26:32+09:00 - INFO [defaultTest]: ------ Passed 'smallOperations' testing ------ 

2020-03-09T17:26:32+09:00 - INFO [caliper-flow]: ---------- Finished Test ----------
 

2020-03-09T17:26:32+09:00 - INFO [report-builder]: ###all test results:### 

2020-03-09T17:26:32+09:00 - INFO [report-builder]: 
+------+-----------------+------+------+-----------+-------------+-------------+-------------+------------+
| Test | Name            | Succ | Fail | Send Rate | Max Latency | Min Latency | Avg Latency | Throughput |
|------|-----------------|------|------|-----------|-------------|-------------|-------------|------------|
| 1    | smallOperations | 1000 | 0    | 532.8 tps | 1.40 s      | 0.40 s      | 0.94 s      | 322.0 tps  |
|------|-----------------|------|------|-----------|-------------|-------------|-------------|------------|
| 2    | smallOperations | 1000 | 0    | 656.6 tps | 1.68 s      | 0.32 s      | 1.08 s      | 331.6 tps  |
+------+-----------------+------+------+-----------+-------------+-------------+-------------+------------+
 

2020-03-09T17:26:32+09:00 - INFO [monitor.js]: 
 ### resource stats (maximum) ### 

2020-03-09T17:26:32+09:00 - INFO [monitor.js]: 
+--------+-----------------------------------+-------------+----------+------------+-------------+-----------+------------+
| TYPE   | NAME                              | Memory(max) | CPU(max) | Traffic In | Traffic Out | Disc Read | Disc Write |
|--------|-----------------------------------|-------------|----------|------------|-------------|-----------|------------|
| Docker | dev-peer1.org1.example.co...nk-v0 | 8.3MB       | 11.00%   | 865.3KB    | 423.8KB     | 0B        | 0B         |
|--------|-----------------------------------|-------------|----------|------------|-------------|-----------|------------|
| Docker | dev-peer0.org2.example.co...nk-v0 | 8.3MB       | 10.66%   | 860.5KB    | 418.7KB     | 0B        | 0B         |
|--------|-----------------------------------|-------------|----------|------------|-------------|-----------|------------|
| Docker | dev-peer1.org2.example.co...nk-v0 | 8.6MB       | 11.43%   | 878.6KB    | 438.3KB     | 0B        | 0B         |
|--------|-----------------------------------|-------------|----------|------------|-------------|-----------|------------|
| Docker | dev-peer0.org1.example.co...nk-v0 | 8.6MB       | 9.91%    | 871.9KB    | 430.6KB     | 0B        | 0B         |
|--------|-----------------------------------|-------------|----------|------------|-------------|-----------|------------|
| Docker | dev-peer1.org1.example.co...le-v0 | 6.7MB       | 0.00%    | 112B       | 0B          | 0B        | 0B         |
|--------|-----------------------------------|-------------|----------|------------|-------------|-----------|------------|
| Docker | dev-peer0.org1.example.co...le-v0 | 7.1MB       | 0.00%    | 315B       | 0B          | 0B        | 0B         |
|--------|-----------------------------------|-------------|----------|------------|-------------|-----------|------------|
| Docker | dev-peer0.org2.example.co...le-v0 | 7.0MB       | 0.00%    | 315B       | 0B          | 0B        | 0B         |
|--------|-----------------------------------|-------------|----------|------------|-------------|-----------|------------|
| Docker | dev-peer1.org2.example.co...le-v0 | 6.8MB       | 0.00%    | 315B       | 0B          | 0B        | 0B         |
|--------|-----------------------------------|-------------|----------|------------|-------------|-----------|------------|
| Docker | dev-peer0.org2.example.co...rm-v0 | 6.9MB       | 0.00%    | 42B        | 0B          | 0B        | 0B         |
|--------|-----------------------------------|-------------|----------|------------|-------------|-----------|------------|
| Docker | dev-peer0.org1.example.co...rm-v0 | 6.9MB       | 0.00%    | 42B        | 0B          | 0B        | 0B         |
|--------|-----------------------------------|-------------|----------|------------|-------------|-----------|------------|
| Docker | dev-peer1.org2.example.co...rm-v0 | 7.1MB       | 0.00%    | 70B        | 0B          | 0B        | 0B         |
|--------|-----------------------------------|-------------|----------|------------|-------------|-----------|------------|
| Docker | dev-peer1.org1.example.co...rm-v0 | 6.8MB       | 0.00%    | 42B        | 0B          | 0B        | 0B         |
|--------|-----------------------------------|-------------|----------|------------|-------------|-----------|------------|
| Docker | dev-peer0.org2.example.co...es-v0 | 6.9MB       | 0.00%    | 245B       | 0B          | 0B        | 0B         |
|--------|-----------------------------------|-------------|----------|------------|-------------|-----------|------------|
| Docker | dev-peer1.org1.example.co...es-v0 | 7.1MB       | 0.00%    | 245B       | 0B          | 0B        | 0B         |
|--------|-----------------------------------|-------------|----------|------------|-------------|-----------|------------|
| Docker | dev-peer0.org1.example.co...es-v0 | 7.0MB       | 0.01%    | 315B       | 0B          | 0B        | 0B         |
|--------|-----------------------------------|-------------|----------|------------|-------------|-----------|------------|
| Docker | dev-peer1.org2.example.co...es-v0 | 6.9MB       | 0.00%    | 245B       | 0B          | 0B        | 0B         |
|--------|-----------------------------------|-------------|----------|------------|-------------|-----------|------------|
| Docker | peer0.org1.example.com            | 185.7MB     | 130.37%  | 5.0MB      | 1.9MB       | 0B        | 9.8MB      |
|--------|-----------------------------------|-------------|----------|------------|-------------|-----------|------------|
| Docker | peer1.org2.example.com            | 184.8MB     | 139.05%  | 5.0MB      | 1.9MB       | 0B        | 9.8MB      |
|--------|-----------------------------------|-------------|----------|------------|-------------|-----------|------------|
| Docker | peer1.org1.example.com            | 185.3MB     | 137.37%  | 5.0MB      | 1.9MB       | 0B        | 9.8MB      |
|--------|-----------------------------------|-------------|----------|------------|-------------|-----------|------------|
| Docker | peer0.org2.example.com            | 169.9MB     | 141.32%  | 5.0MB      | 1.9MB       | 0B        | 9.8MB      |
|--------|-----------------------------------|-------------|----------|------------|-------------|-----------|------------|
| Docker | orderer0.example.com              | 33.9MB      | 74.24%   | 6.0MB      | 9.9MB       | 0B        | 8.1MB      |
|--------|-----------------------------------|-------------|----------|------------|-------------|-----------|------------|
| Docker | orderer1.example.com              | 33.5MB      | 76.38%   | 6.2MB      | 10.1MB      | 0B        | 8.1MB      |
|--------|-----------------------------------|-------------|----------|------------|-------------|-----------|------------|
| Docker | kafka1                            | 391.6MB     | 154.17%  | 4.1MB      | 16.0MB      | 0B        | 8.0KB      |
|--------|-----------------------------------|-------------|----------|------------|-------------|-----------|------------|
| Docker | kafka2                            | 372.1MB     | 69.82%   | 4.0MB      | 84.2KB      | 0B        | 8.0KB      |
|--------|-----------------------------------|-------------|----------|------------|-------------|-----------|------------|
| Docker | kafka3                            | 343.9MB     | 18.58%   | 4.0MB      | 58.9KB      | 0B        | 8.0KB      |
|--------|-----------------------------------|-------------|----------|------------|-------------|-----------|------------|
| Docker | kafka0                            | 304.8MB     | 2.14%    | 300B       | 432B        | 0B        | 0B         |
|--------|-----------------------------------|-------------|----------|------------|-------------|-----------|------------|
| Docker | zookeeper1                        | 58.9MB      | 0.43%    | 2.1KB      | 1.2KB       | 0B        | 0B         |
|--------|-----------------------------------|-------------|----------|------------|-------------|-----------|------------|
| Docker | ca.org1.example.com               | 10.2MB      | 0.00%    | 42B        | 0B          | 0B        | 0B         |
|--------|-----------------------------------|-------------|----------|------------|-------------|-----------|------------|
| Docker | zookeeper0                        | 49.3MB      | 0.36%    | 954B       | 516B        | 0B        | 0B         |
|--------|-----------------------------------|-------------|----------|------------|-------------|-----------|------------|
| Docker | zookeeper2                        | 55.3MB      | 0.41%    | 2.1KB      | 2.4KB       | 0B        | 0B         |
|--------|-----------------------------------|-------------|----------|------------|-------------|-----------|------------|
| Docker | ca.org2.example.com               | 10.6MB      | 0.00%    | 42B        | 0B          | 0B        | 0B         |
|--------|-----------------------------------|-------------|----------|------------|-------------|-----------|------------|
| Docker | cello-dashboard                   | 3.4MB       | 0.00%    | 0B         | 0B          | 0B        | 0B         |
|--------|-----------------------------------|-------------|----------|------------|-------------|-----------|------------|
| Docker | cello-nginx                       | 3.6MB       | 0.00%    | 0B         | 0B          | 0B        | 0B         |
|--------|-----------------------------------|-------------|----------|------------|-------------|-----------|------------|
| Docker | cello-api-engine-tasks            | 722.3MB     | 0.40%    | 3.6KB      | 3.8KB       | 0B        | 0B         |
|--------|-----------------------------------|-------------|----------|------------|-------------|-----------|------------|
| Docker | cello-api-engine                  | 58.3MB      | 0.01%    | 70B        | 0B          | 0B        | 0B         |
|--------|-----------------------------------|-------------|----------|------------|-------------|-----------|------------|
| Docker | cello-postgres-server             | 26.2MB      | 0.01%    | 0B         | 0B          | 0B        | 0B         |
|--------|-----------------------------------|-------------|----------|------------|-------------|-----------|------------|
| Docker | cello-redis                       | 3.0MB       | 0.14%    | 3.8KB      | 3.6KB       | 0B        | 0B         |
+--------+-----------------------------------+-------------+----------+------------+-------------+-----------+------------+
 

2020-03-09T17:26:32+09:00 - INFO [caliper-flow]: Generated report with path /home/oslab/caliper-benchmarks/report-20200309T082632.html 

2020-03-09T17:26:32+09:00 - INFO [demo.js]: [Transaction Info] - Submitted: 2000 Succ: 2000 Fail:0 Unfinished:0 

2020-03-09T17:26:32+09:00 - INFO [caliper-flow]: 

#######################################
# Test summary: 2 succeeded, 0 failed #
#######################################
 

2020-03-09T17:26:32+09:00 - INFO [caliper-utils]: Executing command: cd /home/oslab/caliper-benchmarks/caliper/packages/caliper-samples;docker-compose -f network/fabric-v1.4.1/kafka2o2pgoleveldb/docker-compose.yaml down;(test -z \"$(docker ps -aq)\") || docker rm $(docker ps -aq);(test -z \"$(docker images dev* -q)\") || docker rmi $(docker images dev* -q);rm -rf /tmp/hfc-* 

2020-03-09T17:26:32+09:00 - INFO [client-util.js]: Client exited with code null 

2020-03-09T17:26:32+09:00 - INFO [client-util.js]: Client exited with code null 

2020-03-09T17:26:32+09:00 - INFO [client-util.js]: Client exited with code null 

2020-03-09T17:26:32+09:00 - INFO [client-util.js]: Client exited with code null 

2020-03-09T17:26:32+09:00 - INFO [client-util.js]: Client exited with code null 

