2020-10-05T15:30:13+09:00 - DEBUG Constructed a winston logger with the specified targets:
	{"consolelogger":{"target":"console","level":"info"},"filelogger":{"target":"daily-rotate-file","level":"debug","filename":"log/caliper-%DATE%.log","datePattern":"YYYY-MM-DD-HH","maxSize":"5m","zippedArchive":true}}

2020-10-05T15:30:14+09:00 - INFO [caliper-flow]: ####### Caliper Test ####### 

2020-10-05T15:30:14+09:00 - INFO [caliper-flow]: Skipping start commands due to benchmark flow conditioning 

2020-10-05T15:30:14+09:00 - INFO [caliper-flow]: Skipping initialization phase due to benchmark flow conditioning 

2020-10-05T15:30:14+09:00 - INFO [caliper-flow]: Skipping install smart contract phase due to benchmark flow conditioning 

2020-10-05T15:30:14+09:00 - INFO [caliper-flow]: Started monitor successfully 

2020-10-05T15:30:14+09:00 - INFO [defaultTest]: ####### Testing 'smallOperations' ####### 

2020-10-05T15:30:14+09:00 - INFO [defaultTest]: ------ Test round 1 ------ 

2020-10-05T15:30:14+09:00 - INFO [client-util.js]: Launching client with PID  22351 

2020-10-05T15:30:14+09:00 - INFO [client-util.js]: Launching client with PID  22356 

2020-10-05T15:30:14+09:00 - INFO [client-util.js]: Launching client with PID  22362 

2020-10-05T15:30:14+09:00 - INFO [client-util.js]: Launching client with PID  22368 

2020-10-05T15:30:14+09:00 - INFO [client-util.js]: Launching client with PID  22374 

2020-10-05T15:30:14+09:00 - INFO [client-util.js]: Waiting for 5 clients to be ready...  

2020-10-05T15:30:15+09:00 - INFO [demo.js]: [Transaction Info] - Submitted: 0 Succ: 0 Fail:0 Unfinished:0 

2020-10-05T15:30:14+09:00 - DEBUG Constructed a winston logger with the specified targets:
	{"consolelogger":{"target":"console","level":"info"},"filelogger":{"target":"daily-rotate-file","level":"debug","filename":"log/caliper-%DATE%.log","datePattern":"YYYY-MM-DD-HH","maxSize":"5m","zippedArchive":true}}

2020-10-05T15:30:14+09:00 - DEBUG Constructed a winston logger with the specified targets:
	{"consolelogger":{"target":"console","level":"info"},"filelogger":{"target":"daily-rotate-file","level":"debug","filename":"log/caliper-%DATE%.log","datePattern":"YYYY-MM-DD-HH","maxSize":"5m","zippedArchive":true}}

2020-10-05T15:30:14+09:00 - DEBUG Constructed a winston logger with the specified targets:
	{"consolelogger":{"target":"console","level":"info"},"filelogger":{"target":"daily-rotate-file","level":"debug","filename":"log/caliper-%DATE%.log","datePattern":"YYYY-MM-DD-HH","maxSize":"5m","zippedArchive":true}}

2020-10-05T15:30:14+09:00 - DEBUG Constructed a winston logger with the specified targets:
	{"consolelogger":{"target":"console","level":"info"},"filelogger":{"target":"daily-rotate-file","level":"debug","filename":"log/caliper-%DATE%.log","datePattern":"YYYY-MM-DD-HH","maxSize":"5m","zippedArchive":true}}

2020-10-05T15:30:14+09:00 - DEBUG Constructed a winston logger with the specified targets:
	{"consolelogger":{"target":"console","level":"info"},"filelogger":{"target":"daily-rotate-file","level":"debug","filename":"log/caliper-%DATE%.log","datePattern":"YYYY-MM-DD-HH","maxSize":"5m","zippedArchive":true}}

2020-10-05T15:30:15+09:00 - INFO [fabric/fabricClientWorker]: Client ready 

2020-10-05T15:30:15+09:00 - INFO [client-util.js]: Client ready message recieved 

2020-10-05T15:30:15+09:00 - INFO [client-util.js]: Client ready message recieved 

2020-10-05T15:30:15+09:00 - INFO [fabric/fabricClientWorker]: Client ready 

2020-10-05T15:30:15+09:00 - INFO [client-util.js]: Client ready message recieved 

2020-10-05T15:30:15+09:00 - INFO [fabric/fabricClientWorker]: Client ready 

2020-10-05T15:30:15+09:00 - INFO [client-util.js]: Client ready message recieved 

2020-10-05T15:30:15+09:00 - INFO [client-util.js]: Client ready message recieved 

2020-10-05T15:30:15+09:00 - INFO [client-util.js]: 5 clients ready, starting test phase 

2020-10-05T15:30:15+09:00 - INFO [fabric/fabricClientWorker]: Client ready 

2020-10-05T15:30:15+09:00 - INFO [fabric/fabricClientWorker]: Client ready 

2020-10-05T15:30:15+09:00 - DEBUG [local-client.js]: doTest() with:
	{"type":"test","label":"smallOperations","rateControl":{"type":"fixed-rate","opts":{"tps":600}},"trim":0,"args":{"accounts":400,"txnPerBatch":1},"cb":"benchmark/smallbank/smallbankOperations.js","config":"/home/oslab/caliper_v0.1.0/caliper/packages/caliper-samples/network/fabric-v1.4.1/raft2o2p/fabric-go-tls.yaml","root":"/home/oslab/caliper_v0.1.0/caliper/packages/caliper-samples","numb":400,"roundIdx":1,"totalClients":5,"clients":5,"clientargs":{},"clientIdx":4}

2020-10-05T15:30:15+09:00 - DEBUG [local-client.js]: doTest() with:
	{"type":"test","label":"smallOperations","rateControl":{"type":"fixed-rate","opts":{"tps":600}},"trim":0,"args":{"accounts":400,"txnPerBatch":1},"cb":"benchmark/smallbank/smallbankOperations.js","config":"/home/oslab/caliper_v0.1.0/caliper/packages/caliper-samples/network/fabric-v1.4.1/raft2o2p/fabric-go-tls.yaml","root":"/home/oslab/caliper_v0.1.0/caliper/packages/caliper-samples","numb":400,"roundIdx":1,"totalClients":5,"clients":5,"clientargs":{},"clientIdx":1}

2020-10-05T15:30:15+09:00 - DEBUG [local-client.js]: doTest() with:
	{"type":"test","label":"smallOperations","rateControl":{"type":"fixed-rate","opts":{"tps":600}},"trim":0,"args":{"accounts":400,"txnPerBatch":1},"cb":"benchmark/smallbank/smallbankOperations.js","config":"/home/oslab/caliper_v0.1.0/caliper/packages/caliper-samples/network/fabric-v1.4.1/raft2o2p/fabric-go-tls.yaml","root":"/home/oslab/caliper_v0.1.0/caliper/packages/caliper-samples","numb":400,"roundIdx":1,"totalClients":5,"clients":5,"clientargs":{},"clientIdx":0}

2020-10-05T15:30:15+09:00 - DEBUG [local-client.js]: doTest() with:
	{"type":"test","label":"smallOperations","rateControl":{"type":"fixed-rate","opts":{"tps":600}},"trim":0,"args":{"accounts":400,"txnPerBatch":1},"cb":"benchmark/smallbank/smallbankOperations.js","config":"/home/oslab/caliper_v0.1.0/caliper/packages/caliper-samples/network/fabric-v1.4.1/raft2o2p/fabric-go-tls.yaml","root":"/home/oslab/caliper_v0.1.0/caliper/packages/caliper-samples","numb":400,"roundIdx":1,"totalClients":5,"clients":5,"clientargs":{},"clientIdx":2}

2020-10-05T15:30:15+09:00 - DEBUG [local-client.js]: doTest() with:
	{"type":"test","label":"smallOperations","rateControl":{"type":"fixed-rate","opts":{"tps":600}},"trim":0,"args":{"accounts":400,"txnPerBatch":1},"cb":"benchmark/smallbank/smallbankOperations.js","config":"/home/oslab/caliper_v0.1.0/caliper/packages/caliper-samples/network/fabric-v1.4.1/raft2o2p/fabric-go-tls.yaml","root":"/home/oslab/caliper_v0.1.0/caliper/packages/caliper-samples","numb":400,"roundIdx":1,"totalClients":5,"clients":5,"clientargs":{},"clientIdx":3}

2020-10-05T15:30:15+09:00 - INFO [local-client.js]: txUpdateTime: 1000 

2020-10-05T15:30:15+09:00 - INFO [local-client.js]: txUpdateTime: 1000 

2020-10-05T15:30:15+09:00 - INFO [local-client.js]: txUpdateTime: 1000 

2020-10-05T15:30:15+09:00 - INFO [local-client.js]: txUpdateTime: 1000 

2020-10-05T15:30:15+09:00 - INFO [local-client.js]: txUpdateTime: 1000 

2020-10-05T15:30:15+09:00 - INFO [local-client.js]: Info: client 22368 start test runFixedNumber():small_bank_operations 

2020-10-05T15:30:15+09:00 - INFO [local-client.js]: Info: client 22362 start test runFixedNumber():small_bank_operations 

2020-10-05T15:30:15+09:00 - INFO [local-client.js]: Info: client 22356 start test runFixedNumber():small_bank_operations 

2020-10-05T15:30:16+09:00 - INFO [local-client.js]: Info: client 22374 start test runFixedNumber():small_bank_operations 

2020-10-05T15:30:15+09:00 - DEBUG [rateControl.js]: Creating rate controller for client#3 for round#1
	{"type":"fixed-rate","opts":{"tps":600}}

2020-10-05T15:30:15+09:00 - DEBUG [rateControl.js]: Creating rate controller for client#2 for round#1
	{"type":"fixed-rate","opts":{"tps":600}}

2020-10-05T15:30:15+09:00 - DEBUG [rateControl.js]: Creating rate controller for client#1 for round#1
	{"type":"fixed-rate","opts":{"tps":600}}

2020-10-05T15:30:16+09:00 - DEBUG [rateControl.js]: Creating rate controller for client#4 for round#1
	{"type":"fixed-rate","opts":{"tps":600}}

2020-10-05T15:30:16+09:00 - INFO [local-client.js]: Info: client 22351 start test runFixedNumber():small_bank_operations 

2020-10-05T15:30:16+09:00 - DEBUG [rateControl.js]: Creating rate controller for client#0 for round#1
	{"type":"fixed-rate","opts":{"tps":600}}

2020-10-05T15:30:16+09:00 - INFO [demo.js]: [Transaction Info] - Submitted: 0 Succ: 0 Fail:0 Unfinished:0 

2020-10-05T15:30:17+09:00 - INFO [demo.js]: [Transaction Info] - Submitted: 291 Succ: 150 Fail:0 Unfinished:141 

2020-10-05T15:30:18+09:00 - INFO [demo.js]: [Transaction Info] - Submitted: 650 Succ: 500 Fail:0 Unfinished:150 

2020-10-05T15:30:19+09:00 - INFO [demo.js]: [Transaction Info] - Submitted: 1039 Succ: 890 Fail:0 Unfinished:149 

2020-10-05T15:30:20+09:00 - INFO [demo.js]: [Transaction Info] - Submitted: 1418 Succ: 1250 Fail:0 Unfinished:168 

2020-10-05T15:30:21+09:00 - INFO [demo.js]: [Transaction Info] - Submitted: 1811 Succ: 1650 Fail:0 Unfinished:161 

2020-10-05T15:30:21+09:00 - DEBUG [report-builder]: r.create.max: 1601879421.449 r.create.min: 1601879416.005 r.final.max: 1601879421.74 r.final.min: 1601879416.458 r.final.last: 1601879421.74 

2020-10-05T15:30:21+09:00 - DEBUG [report-builder]:  throughput for only success time computed: 348.7 

2020-10-05T15:30:21+09:00 - DEBUG [report-builder]: sendTransactionProposal: 0ms length: 2000 

2020-10-05T15:30:21+09:00 - DEBUG [report-builder]: sendTransaction: 0ms 

2020-10-05T15:30:21+09:00 - DEBUG [report-builder]: invokeLatency: 0ms 

2020-10-05T15:30:21+09:00 - INFO [report-builder]: ###test result:### 

2020-10-05T15:30:21+09:00 - INFO [report-builder]: 
+-----------------+------+------+-----------+-------------+-------------+-------------+------------+
| Name            | Succ | Fail | Send Rate | Max Latency | Min Latency | Avg Latency | Throughput |
|-----------------|------|------|-----------|-------------|-------------|-------------|------------|
| smallOperations | 2000 | 0    | 367.4 tps | 0.55 s      | 0.28 s      | 0.40 s      | 348.7 tps  |
+-----------------+------+------+-----------+-------------+-------------+-------------+------------+
 

2020-10-05T15:30:21+09:00 - INFO [report-builder]: ### resource stats ### 

2020-10-05T15:30:21+09:00 - INFO [report-builder]: 
+--------+-----------------------------------+-------------+-------------+----------+----------+------------+-------------+-----------+------------+
| TYPE   | NAME                              | Memory(max) | Memory(avg) | CPU(max) | CPU(avg) | Traffic In | Traffic Out | Disc Read | Disc Write |
|--------|-----------------------------------|-------------|-------------|----------|----------|------------|-------------|-----------|------------|
| Docker | dev-peer0.org2.example.co...nk-v0 | 9.6MB       | 8.5MB       | 21.63%   | 14.39%   | 1.8MB      | 1.1MB       | 0B        | 0B         |
|--------|-----------------------------------|-------------|-------------|----------|----------|------------|-------------|-----------|------------|
| Docker | dev-peer1.org1.example.co...nk-v0 | 9.7MB       | 9.1MB       | 22.42%   | 16.66%   | 1.7MB      | 1.0MB       | 0B        | 0B         |
|--------|-----------------------------------|-------------|-------------|----------|----------|------------|-------------|-----------|------------|
| Docker | dev-peer0.org1.example.co...nk-v0 | 9.6MB       | 9.0MB       | 23.32%   | 17.19%   | 1.7MB      | 1.0MB       | 0B        | 0B         |
|--------|-----------------------------------|-------------|-------------|----------|----------|------------|-------------|-----------|------------|
| Docker | dev-peer1.org2.example.co...nk-v0 | 9.4MB       | 9.0MB       | 22.47%   | 16.60%   | 1.7MB      | 1.0MB       | 0B        | 0B         |
|--------|-----------------------------------|-------------|-------------|----------|----------|------------|-------------|-----------|------------|
| Docker | dev-peer0.org2.example.co...le-v0 | 5.7MB       | 5.7MB       | 0.00%    | 0.00%    | 0B         | 0B          | 0B        | 0B         |
|--------|-----------------------------------|-------------|-------------|----------|----------|------------|-------------|-----------|------------|
| Docker | dev-peer0.org1.example.co...le-v0 | 6.0MB       | 6.0MB       | 0.00%    | 0.00%    | 0B         | 0B          | 0B        | 0B         |
|--------|-----------------------------------|-------------|-------------|----------|----------|------------|-------------|-----------|------------|
| Docker | dev-peer1.org1.example.co...le-v0 | 6.0MB       | 6.0MB       | 0.00%    | 0.00%    | 0B         | 0B          | 0B        | 0B         |
|--------|-----------------------------------|-------------|-------------|----------|----------|------------|-------------|-----------|------------|
| Docker | dev-peer1.org2.example.co...le-v0 | 5.9MB       | 5.9MB       | 0.00%    | 0.00%    | 0B         | 0B          | 0B        | 0B         |
|--------|-----------------------------------|-------------|-------------|----------|----------|------------|-------------|-----------|------------|
| Docker | dev-peer0.org1.example.co...rm-v0 | 6.1MB       | 6.1MB       | 0.00%    | 0.00%    | 0B         | 0B          | 0B        | 0B         |
|--------|-----------------------------------|-------------|-------------|----------|----------|------------|-------------|-----------|------------|
| Docker | dev-peer1.org1.example.co...rm-v0 | 5.9MB       | 5.9MB       | 0.00%    | 0.00%    | 0B         | 0B          | 0B        | 0B         |
|--------|-----------------------------------|-------------|-------------|----------|----------|------------|-------------|-----------|------------|
| Docker | dev-peer1.org2.example.co...rm-v0 | 6.3MB       | 6.3MB       | 0.00%    | 0.00%    | 0B         | 0B          | 0B        | 0B         |
|--------|-----------------------------------|-------------|-------------|----------|----------|------------|-------------|-----------|------------|
| Docker | dev-peer0.org2.example.co...rm-v0 | 6.1MB       | 6.1MB       | 0.00%    | 0.00%    | 0B         | 0B          | 0B        | 0B         |
|--------|-----------------------------------|-------------|-------------|----------|----------|------------|-------------|-----------|------------|
| Docker | dev-peer1.org1.example.co...es-v0 | 6.1MB       | 6.1MB       | 0.00%    | 0.00%    | 0B         | 0B          | 0B        | 0B         |
|--------|-----------------------------------|-------------|-------------|----------|----------|------------|-------------|-----------|------------|
| Docker | dev-peer1.org2.example.co...es-v0 | 6.3MB       | 6.3MB       | 0.00%    | 0.00%    | 0B         | 0B          | 0B        | 0B         |
|--------|-----------------------------------|-------------|-------------|----------|----------|------------|-------------|-----------|------------|
| Docker | dev-peer0.org1.example.co...es-v0 | 6.1MB       | 6.1MB       | 0.00%    | 0.00%    | 0B         | 0B          | 0B        | 0B         |
|--------|-----------------------------------|-------------|-------------|----------|----------|------------|-------------|-----------|------------|
| Docker | dev-peer0.org2.example.co...es-v0 | 6.1MB       | 6.1MB       | 0.03%    | 0.01%    | 112B       | 178B        | 0B        | 0B         |
|--------|-----------------------------------|-------------|-------------|----------|----------|------------|-------------|-----------|------------|
| Docker | peer0.org1.example.com            | 118.5MB     | 96.5MB      | 114.12%  | 84.08%   | 8.3MB      | 3.4MB       | 0B        | 7.8MB      |
|--------|-----------------------------------|-------------|-------------|----------|----------|------------|-------------|-----------|------------|
| Docker | peer1.org2.example.com            | 115.9MB     | 95.4MB      | 116.24%  | 83.95%   | 8.2MB      | 3.4MB       | 0B        | 7.7MB      |
|--------|-----------------------------------|-------------|-------------|----------|----------|------------|-------------|-----------|------------|
| Docker | peer0.org2.example.com            | 118.6MB     | 95.8MB      | 114.99%  | 82.15%   | 8.2MB      | 3.4MB       | 0B        | 7.9MB      |
|--------|-----------------------------------|-------------|-------------|----------|----------|------------|-------------|-----------|------------|
| Docker | peer1.org1.example.com            | 115.6MB     | 90.8MB      | 115.47%  | 81.65%   | 8.3MB      | 3.4MB       | 0B        | 7.8MB      |
|--------|-----------------------------------|-------------|-------------|----------|----------|------------|-------------|-----------|------------|
| Docker | orderer1.example.com              | 175.3MB     | 119.7MB     | 65.29%   | 47.32%   | 7.5MB      | 19.8MB      | 0B        | 12.5MB     |
|--------|-----------------------------------|-------------|-------------|----------|----------|------------|-------------|-----------|------------|
| Docker | orderer2.example.com              | 178.3MB     | 120.7MB     | 58.76%   | 41.38%   | 9.4MB      | 15.7MB      | 0B        | 12.4MB     |
|--------|-----------------------------------|-------------|-------------|----------|----------|------------|-------------|-----------|------------|
| Docker | orderer0.example.com              | 167.1MB     | 112.2MB     | 54.67%   | 38.38%   | 9.4MB      | 9.5MB       | 0B        | 12.6MB     |
|--------|-----------------------------------|-------------|-------------|----------|----------|------------|-------------|-----------|------------|
| Docker | ca.org2.example.com               | 8.0MB       | 8.0MB       | 0.00%    | 0.00%    | 0B         | 0B          | 0B        | 0B         |
|--------|-----------------------------------|-------------|-------------|----------|----------|------------|-------------|-----------|------------|
| Docker | ca.org1.example.com               | 8.4MB       | 8.4MB       | 0.00%    | 0.00%    | 0B         | 0B          | 0B        | 0B         |
|--------|-----------------------------------|-------------|-------------|----------|----------|------------|-------------|-----------|------------|
| Docker | sysbench                          | 5.4MB       | 5.4MB       | 0.00%    | 0.00%    | 0B         | 0B          | 0B        | 0B         |
+--------+-----------------------------------+-------------+-------------+----------+----------+------------+-------------+-----------+------------+
 

2020-10-05T15:30:21+09:00 - INFO [defaultTest]: ------ Passed 'smallOperations' testing ------ 

2020-10-05T15:30:21+09:00 - INFO [caliper-flow]: ---------- Finished Test ----------
 

2020-10-05T15:30:21+09:00 - INFO [report-builder]: ###all test results:### 

2020-10-05T15:30:21+09:00 - INFO [report-builder]: 
+------+-----------------+------+------+-----------+-------------+-------------+-------------+------------+
| Test | Name            | Succ | Fail | Send Rate | Max Latency | Min Latency | Avg Latency | Throughput |
|------|-----------------|------|------|-----------|-------------|-------------|-------------|------------|
| 1    | smallOperations | 2000 | 0    | 367.4 tps | 0.55 s      | 0.28 s      | 0.40 s      | 348.7 tps  |
+------+-----------------+------+------+-----------+-------------+-------------+-------------+------------+
 

2020-10-05T15:30:21+09:00 - INFO [monitor.js]: 
 ### resource stats (maximum) ### 

2020-10-05T15:30:21+09:00 - INFO [monitor.js]: 
+--------+-----------------------------------+-------------+----------+------------+-------------+-----------+------------+
| TYPE   | NAME                              | Memory(max) | CPU(max) | Traffic In | Traffic Out | Disc Read | Disc Write |
|--------|-----------------------------------|-------------|----------|------------|-------------|-----------|------------|
| Docker | dev-peer0.org2.example.co...nk-v0 | 9.6MB       | 21.63%   | 1.8MB      | 1.1MB       | 0B        | 0B         |
|--------|-----------------------------------|-------------|----------|------------|-------------|-----------|------------|
| Docker | dev-peer1.org1.example.co...nk-v0 | 9.7MB       | 22.42%   | 1.7MB      | 1.0MB       | 0B        | 0B         |
|--------|-----------------------------------|-------------|----------|------------|-------------|-----------|------------|
| Docker | dev-peer0.org1.example.co...nk-v0 | 9.6MB       | 23.32%   | 1.7MB      | 1.0MB       | 0B        | 0B         |
|--------|-----------------------------------|-------------|----------|------------|-------------|-----------|------------|
| Docker | dev-peer1.org2.example.co...nk-v0 | 9.4MB       | 22.47%   | 1.7MB      | 1.0MB       | 0B        | 0B         |
|--------|-----------------------------------|-------------|----------|------------|-------------|-----------|------------|
| Docker | dev-peer0.org2.example.co...le-v0 | 5.7MB       | 0.00%    | 0B         | 0B          | 0B        | 0B         |
|--------|-----------------------------------|-------------|----------|------------|-------------|-----------|------------|
| Docker | dev-peer0.org1.example.co...le-v0 | 6.0MB       | 0.00%    | 0B         | 0B          | 0B        | 0B         |
|--------|-----------------------------------|-------------|----------|------------|-------------|-----------|------------|
| Docker | dev-peer1.org1.example.co...le-v0 | 6.0MB       | 0.00%    | 0B         | 0B          | 0B        | 0B         |
|--------|-----------------------------------|-------------|----------|------------|-------------|-----------|------------|
| Docker | dev-peer1.org2.example.co...le-v0 | 5.9MB       | 0.00%    | 0B         | 0B          | 0B        | 0B         |
|--------|-----------------------------------|-------------|----------|------------|-------------|-----------|------------|
| Docker | dev-peer0.org1.example.co...rm-v0 | 6.1MB       | 0.00%    | 0B         | 0B          | 0B        | 0B         |
|--------|-----------------------------------|-------------|----------|------------|-------------|-----------|------------|
| Docker | dev-peer1.org1.example.co...rm-v0 | 5.9MB       | 0.00%    | 0B         | 0B          | 0B        | 0B         |
|--------|-----------------------------------|-------------|----------|------------|-------------|-----------|------------|
| Docker | dev-peer1.org2.example.co...rm-v0 | 6.3MB       | 0.00%    | 0B         | 0B          | 0B        | 0B         |
|--------|-----------------------------------|-------------|----------|------------|-------------|-----------|------------|
| Docker | dev-peer0.org2.example.co...rm-v0 | 6.1MB       | 0.00%    | 0B         | 0B          | 0B        | 0B         |
|--------|-----------------------------------|-------------|----------|------------|-------------|-----------|------------|
| Docker | dev-peer1.org1.example.co...es-v0 | 6.1MB       | 0.00%    | 0B         | 0B          | 0B        | 0B         |
|--------|-----------------------------------|-------------|----------|------------|-------------|-----------|------------|
| Docker | dev-peer1.org2.example.co...es-v0 | 6.3MB       | 0.00%    | 0B         | 0B          | 0B        | 0B         |
|--------|-----------------------------------|-------------|----------|------------|-------------|-----------|------------|
| Docker | dev-peer0.org1.example.co...es-v0 | 6.1MB       | 0.00%    | 0B         | 0B          | 0B        | 0B         |
|--------|-----------------------------------|-------------|----------|------------|-------------|-----------|------------|
| Docker | dev-peer0.org2.example.co...es-v0 | 6.1MB       | 0.03%    | 112B       | 178B        | 0B        | 0B         |
|--------|-----------------------------------|-------------|----------|------------|-------------|-----------|------------|
| Docker | peer0.org1.example.com            | 118.5MB     | 114.12%  | 8.3MB      | 3.4MB       | 0B        | 7.8MB      |
|--------|-----------------------------------|-------------|----------|------------|-------------|-----------|------------|
| Docker | peer1.org2.example.com            | 115.9MB     | 116.24%  | 8.2MB      | 3.4MB       | 0B        | 7.7MB      |
|--------|-----------------------------------|-------------|----------|------------|-------------|-----------|------------|
| Docker | peer0.org2.example.com            | 118.6MB     | 114.99%  | 8.2MB      | 3.4MB       | 0B        | 7.9MB      |
|--------|-----------------------------------|-------------|----------|------------|-------------|-----------|------------|
| Docker | peer1.org1.example.com            | 115.6MB     | 115.47%  | 8.3MB      | 3.4MB       | 0B        | 7.8MB      |
|--------|-----------------------------------|-------------|----------|------------|-------------|-----------|------------|
| Docker | orderer1.example.com              | 175.3MB     | 65.29%   | 7.5MB      | 19.8MB      | 0B        | 12.5MB     |
|--------|-----------------------------------|-------------|----------|------------|-------------|-----------|------------|
| Docker | orderer2.example.com              | 178.3MB     | 58.76%   | 9.4MB      | 15.7MB      | 0B        | 12.4MB     |
|--------|-----------------------------------|-------------|----------|------------|-------------|-----------|------------|
| Docker | orderer0.example.com              | 167.1MB     | 54.67%   | 9.4MB      | 9.5MB       | 0B        | 12.6MB     |
|--------|-----------------------------------|-------------|----------|------------|-------------|-----------|------------|
| Docker | ca.org2.example.com               | 8.0MB       | 0.00%    | 0B         | 0B          | 0B        | 0B         |
|--------|-----------------------------------|-------------|----------|------------|-------------|-----------|------------|
| Docker | ca.org1.example.com               | 8.4MB       | 0.00%    | 0B         | 0B          | 0B        | 0B         |
|--------|-----------------------------------|-------------|----------|------------|-------------|-----------|------------|
| Docker | sysbench                          | 5.4MB       | 0.00%    | 0B         | 0B          | 0B        | 0B         |
+--------+-----------------------------------+-------------+----------+------------+-------------+-----------+------------+
 

2020-10-05T15:30:22+09:00 - INFO [caliper-flow]: Generated report with path /home/oslab/caliper_v0.1.0/report-20201005T063022.html 

2020-10-05T15:30:34+09:00 - DEBUG Constructed a winston logger with the specified targets:
	{"consolelogger":{"target":"console","level":"info"},"filelogger":{"target":"daily-rotate-file","level":"debug","filename":"log/caliper-%DATE%.log","datePattern":"YYYY-MM-DD-HH","maxSize":"5m","zippedArchive":true}}

2020-10-05T15:30:35+09:00 - INFO [caliper-flow]: ####### Caliper Test ####### 

2020-10-05T15:30:35+09:00 - INFO [caliper-flow]: Skipping start commands due to benchmark flow conditioning 

2020-10-05T15:30:35+09:00 - INFO [caliper-flow]: Skipping initialization phase due to benchmark flow conditioning 

2020-10-05T15:30:35+09:00 - INFO [caliper-flow]: Skipping install smart contract phase due to benchmark flow conditioning 

2020-10-05T15:30:35+09:00 - INFO [caliper-flow]: Started monitor successfully 

2020-10-05T15:30:35+09:00 - INFO [defaultTest]: ####### Testing 'smallOperations' ####### 

2020-10-05T15:30:35+09:00 - INFO [defaultTest]: ------ Test round 1 ------ 

2020-10-05T15:30:35+09:00 - INFO [client-util.js]: Launching client with PID  22530 

2020-10-05T15:30:35+09:00 - INFO [client-util.js]: Launching client with PID  22535 

2020-10-05T15:30:35+09:00 - INFO [client-util.js]: Launching client with PID  22541 

2020-10-05T15:30:35+09:00 - INFO [client-util.js]: Launching client with PID  22546 

2020-10-05T15:30:35+09:00 - INFO [client-util.js]: Launching client with PID  22553 

2020-10-05T15:30:35+09:00 - INFO [client-util.js]: Waiting for 5 clients to be ready...  

2020-10-05T15:30:36+09:00 - INFO [demo.js]: [Transaction Info] - Submitted: 0 Succ: 0 Fail:0 Unfinished:0 

2020-10-05T15:30:35+09:00 - DEBUG Constructed a winston logger with the specified targets:
	{"consolelogger":{"target":"console","level":"info"},"filelogger":{"target":"daily-rotate-file","level":"debug","filename":"log/caliper-%DATE%.log","datePattern":"YYYY-MM-DD-HH","maxSize":"5m","zippedArchive":true}}

2020-10-05T15:30:35+09:00 - DEBUG Constructed a winston logger with the specified targets:
	{"consolelogger":{"target":"console","level":"info"},"filelogger":{"target":"daily-rotate-file","level":"debug","filename":"log/caliper-%DATE%.log","datePattern":"YYYY-MM-DD-HH","maxSize":"5m","zippedArchive":true}}

2020-10-05T15:30:35+09:00 - DEBUG Constructed a winston logger with the specified targets:
	{"consolelogger":{"target":"console","level":"info"},"filelogger":{"target":"daily-rotate-file","level":"debug","filename":"log/caliper-%DATE%.log","datePattern":"YYYY-MM-DD-HH","maxSize":"5m","zippedArchive":true}}

2020-10-05T15:30:35+09:00 - DEBUG Constructed a winston logger with the specified targets:
	{"consolelogger":{"target":"console","level":"info"},"filelogger":{"target":"daily-rotate-file","level":"debug","filename":"log/caliper-%DATE%.log","datePattern":"YYYY-MM-DD-HH","maxSize":"5m","zippedArchive":true}}

2020-10-05T15:30:35+09:00 - DEBUG Constructed a winston logger with the specified targets:
	{"consolelogger":{"target":"console","level":"info"},"filelogger":{"target":"daily-rotate-file","level":"debug","filename":"log/caliper-%DATE%.log","datePattern":"YYYY-MM-DD-HH","maxSize":"5m","zippedArchive":true}}

2020-10-05T15:30:36+09:00 - INFO [fabric/fabricClientWorker]: Client ready 

2020-10-05T15:30:36+09:00 - INFO [client-util.js]: Client ready message recieved 

2020-10-05T15:30:36+09:00 - INFO [client-util.js]: Client ready message recieved 

2020-10-05T15:30:36+09:00 - INFO [fabric/fabricClientWorker]: Client ready 

2020-10-05T15:30:36+09:00 - INFO [client-util.js]: Client ready message recieved 

2020-10-05T15:30:36+09:00 - INFO [fabric/fabricClientWorker]: Client ready 

2020-10-05T15:30:36+09:00 - INFO [client-util.js]: Client ready message recieved 

2020-10-05T15:30:36+09:00 - INFO [fabric/fabricClientWorker]: Client ready 

2020-10-05T15:30:36+09:00 - INFO [client-util.js]: Client ready message recieved 

2020-10-05T15:30:36+09:00 - INFO [client-util.js]: 5 clients ready, starting test phase 

2020-10-05T15:30:36+09:00 - INFO [fabric/fabricClientWorker]: Client ready 

2020-10-05T15:30:36+09:00 - DEBUG [local-client.js]: doTest() with:
	{"type":"test","label":"smallOperations","rateControl":{"type":"fixed-rate","opts":{"tps":600}},"trim":0,"args":{"accounts":400,"txnPerBatch":1},"cb":"benchmark/smallbank/smallbankOperations.js","config":"/home/oslab/caliper_v0.1.0/caliper/packages/caliper-samples/network/fabric-v1.4.1/raft2o2p/fabric-go-tls.yaml","root":"/home/oslab/caliper_v0.1.0/caliper/packages/caliper-samples","numb":400,"roundIdx":1,"totalClients":5,"clients":5,"clientargs":{},"clientIdx":3}

2020-10-05T15:30:36+09:00 - DEBUG [local-client.js]: doTest() with:
	{"type":"test","label":"smallOperations","rateControl":{"type":"fixed-rate","opts":{"tps":600}},"trim":0,"args":{"accounts":400,"txnPerBatch":1},"cb":"benchmark/smallbank/smallbankOperations.js","config":"/home/oslab/caliper_v0.1.0/caliper/packages/caliper-samples/network/fabric-v1.4.1/raft2o2p/fabric-go-tls.yaml","root":"/home/oslab/caliper_v0.1.0/caliper/packages/caliper-samples","numb":400,"roundIdx":1,"totalClients":5,"clients":5,"clientargs":{},"clientIdx":0}

2020-10-05T15:30:36+09:00 - DEBUG [local-client.js]: doTest() with:
	{"type":"test","label":"smallOperations","rateControl":{"type":"fixed-rate","opts":{"tps":600}},"trim":0,"args":{"accounts":400,"txnPerBatch":1},"cb":"benchmark/smallbank/smallbankOperations.js","config":"/home/oslab/caliper_v0.1.0/caliper/packages/caliper-samples/network/fabric-v1.4.1/raft2o2p/fabric-go-tls.yaml","root":"/home/oslab/caliper_v0.1.0/caliper/packages/caliper-samples","numb":400,"roundIdx":1,"totalClients":5,"clients":5,"clientargs":{},"clientIdx":1}

2020-10-05T15:30:36+09:00 - DEBUG [local-client.js]: doTest() with:
	{"type":"test","label":"smallOperations","rateControl":{"type":"fixed-rate","opts":{"tps":600}},"trim":0,"args":{"accounts":400,"txnPerBatch":1},"cb":"benchmark/smallbank/smallbankOperations.js","config":"/home/oslab/caliper_v0.1.0/caliper/packages/caliper-samples/network/fabric-v1.4.1/raft2o2p/fabric-go-tls.yaml","root":"/home/oslab/caliper_v0.1.0/caliper/packages/caliper-samples","numb":400,"roundIdx":1,"totalClients":5,"clients":5,"clientargs":{},"clientIdx":2}

2020-10-05T15:30:36+09:00 - DEBUG [local-client.js]: doTest() with:
	{"type":"test","label":"smallOperations","rateControl":{"type":"fixed-rate","opts":{"tps":600}},"trim":0,"args":{"accounts":400,"txnPerBatch":1},"cb":"benchmark/smallbank/smallbankOperations.js","config":"/home/oslab/caliper_v0.1.0/caliper/packages/caliper-samples/network/fabric-v1.4.1/raft2o2p/fabric-go-tls.yaml","root":"/home/oslab/caliper_v0.1.0/caliper/packages/caliper-samples","numb":400,"roundIdx":1,"totalClients":5,"clients":5,"clientargs":{},"clientIdx":4}

2020-10-05T15:30:36+09:00 - INFO [local-client.js]: txUpdateTime: 1000 

2020-10-05T15:30:36+09:00 - INFO [local-client.js]: txUpdateTime: 1000 

2020-10-05T15:30:36+09:00 - INFO [local-client.js]: txUpdateTime: 1000 

2020-10-05T15:30:36+09:00 - INFO [local-client.js]: txUpdateTime: 1000 

2020-10-05T15:30:36+09:00 - INFO [local-client.js]: txUpdateTime: 1000 

2020-10-05T15:30:37+09:00 - INFO [local-client.js]: Info: client 22553 start test runFixedNumber():small_bank_operations 

2020-10-05T15:30:37+09:00 - INFO [local-client.js]: Info: client 22535 start test runFixedNumber():small_bank_operations 

2020-10-05T15:30:37+09:00 - DEBUG [rateControl.js]: Creating rate controller for client#4 for round#1
	{"type":"fixed-rate","opts":{"tps":600}}

2020-10-05T15:30:37+09:00 - INFO [local-client.js]: Info: client 22530 start test runFixedNumber():small_bank_operations 

2020-10-05T15:30:37+09:00 - DEBUG [rateControl.js]: Creating rate controller for client#1 for round#1
	{"type":"fixed-rate","opts":{"tps":600}}

2020-10-05T15:30:37+09:00 - DEBUG [rateControl.js]: Creating rate controller for client#0 for round#1
	{"type":"fixed-rate","opts":{"tps":600}}

2020-10-05T15:30:37+09:00 - INFO [local-client.js]: Info: client 22541 start test runFixedNumber():small_bank_operations 

2020-10-05T15:30:37+09:00 - INFO [local-client.js]: Info: client 22546 start test runFixedNumber():small_bank_operations 

2020-10-05T15:30:37+09:00 - DEBUG [rateControl.js]: Creating rate controller for client#2 for round#1
	{"type":"fixed-rate","opts":{"tps":600}}

2020-10-05T15:30:37+09:00 - DEBUG [rateControl.js]: Creating rate controller for client#3 for round#1
	{"type":"fixed-rate","opts":{"tps":600}}

2020-10-05T15:30:37+09:00 - INFO [demo.js]: [Transaction Info] - Submitted: 0 Succ: 0 Fail:0 Unfinished:0 

2020-10-05T15:30:38+09:00 - INFO [demo.js]: [Transaction Info] - Submitted: 285 Succ: 150 Fail:0 Unfinished:135 

2020-10-05T15:30:39+09:00 - INFO [demo.js]: [Transaction Info] - Submitted: 654 Succ: 500 Fail:0 Unfinished:154 

2020-10-05T15:30:40+09:00 - INFO [demo.js]: [Transaction Info] - Submitted: 1057 Succ: 900 Fail:0 Unfinished:157 

2020-10-05T15:30:41+09:00 - INFO [demo.js]: [Transaction Info] - Submitted: 1433 Succ: 1250 Fail:0 Unfinished:183 

2020-10-05T15:30:42+09:00 - INFO [demo.js]: [Transaction Info] - Submitted: 1816 Succ: 1650 Fail:0 Unfinished:166 

2020-10-05T15:30:42+09:00 - DEBUG [report-builder]: r.create.max: 1601879442.504 r.create.min: 1601879437.064 r.final.max: 1601879442.782 r.final.min: 1601879437.533 r.final.last: 1601879442.782 

2020-10-05T15:30:42+09:00 - DEBUG [report-builder]:  throughput for only success time computed: 349.8 

2020-10-05T15:30:42+09:00 - DEBUG [report-builder]: sendTransactionProposal: 0ms length: 2000 

2020-10-05T15:30:42+09:00 - DEBUG [report-builder]: sendTransaction: 0ms 

2020-10-05T15:30:42+09:00 - DEBUG [report-builder]: invokeLatency: 0ms 

2020-10-05T15:30:42+09:00 - INFO [report-builder]: ###test result:### 

2020-10-05T15:30:43+09:00 - INFO [report-builder]: 
+-----------------+------+------+-----------+-------------+-------------+-------------+------------+
| Name            | Succ | Fail | Send Rate | Max Latency | Min Latency | Avg Latency | Throughput |
|-----------------|------|------|-----------|-------------|-------------|-------------|------------|
| smallOperations | 2000 | 0    | 367.6 tps | 0.54 s      | 0.28 s      | 0.41 s      | 349.8 tps  |
+-----------------+------+------+-----------+-------------+-------------+-------------+------------+
 

2020-10-05T15:30:43+09:00 - INFO [report-builder]: ### resource stats ### 

2020-10-05T15:30:43+09:00 - INFO [report-builder]: 
+--------+-----------------------------------+-------------+-------------+----------+----------+------------+-------------+-----------+------------+
| TYPE   | NAME                              | Memory(max) | Memory(avg) | CPU(max) | CPU(avg) | Traffic In | Traffic Out | Disc Read | Disc Write |
|--------|-----------------------------------|-------------|-------------|----------|----------|------------|-------------|-----------|------------|
| Docker | dev-peer0.org2.example.co...nk-v0 | 10.0MB      | 9.9MB       | 21.79%   | 14.51%   | 1.8MB      | 1.1MB       | 0B        | 0B         |
|--------|-----------------------------------|-------------|-------------|----------|----------|------------|-------------|-----------|------------|
| Docker | dev-peer1.org1.example.co...nk-v0 | 9.8MB       | 9.8MB       | 21.33%   | 14.08%   | 1.8MB      | 1.1MB       | 0B        | 0B         |
|--------|-----------------------------------|-------------|-------------|----------|----------|------------|-------------|-----------|------------|
| Docker | dev-peer0.org1.example.co...nk-v0 | 9.7MB       | 9.7MB       | 22.45%   | 16.70%   | 1.7MB      | 1.0MB       | 0B        | 0B         |
|--------|-----------------------------------|-------------|-------------|----------|----------|------------|-------------|-----------|------------|
| Docker | dev-peer1.org2.example.co...nk-v0 | 9.8MB       | 9.7MB       | 22.70%   | 17.13%   | 1.6MB      | 1008.8KB    | 0B        | 0B         |
|--------|-----------------------------------|-------------|-------------|----------|----------|------------|-------------|-----------|------------|
| Docker | dev-peer0.org2.example.co...le-v0 | 5.7MB       | 5.7MB       | 0.00%    | 0.00%    | 0B         | 0B          | 0B        | 0B         |
|--------|-----------------------------------|-------------|-------------|----------|----------|------------|-------------|-----------|------------|
| Docker | dev-peer0.org1.example.co...le-v0 | 6.0MB       | 6.0MB       | 0.00%    | 0.00%    | 0B         | 0B          | 0B        | 0B         |
|--------|-----------------------------------|-------------|-------------|----------|----------|------------|-------------|-----------|------------|
| Docker | dev-peer1.org1.example.co...le-v0 | 6.0MB       | 6.0MB       | 0.00%    | 0.00%    | 0B         | 0B          | 0B        | 0B         |
|--------|-----------------------------------|-------------|-------------|----------|----------|------------|-------------|-----------|------------|
| Docker | dev-peer1.org2.example.co...le-v0 | 5.9MB       | 5.9MB       | 0.00%    | 0.00%    | 0B         | 0B          | 0B        | 0B         |
|--------|-----------------------------------|-------------|-------------|----------|----------|------------|-------------|-----------|------------|
| Docker | dev-peer0.org1.example.co...rm-v0 | 6.1MB       | 6.1MB       | 0.03%    | 0.01%    | 112B       | 178B        | 0B        | 0B         |
|--------|-----------------------------------|-------------|-------------|----------|----------|------------|-------------|-----------|------------|
| Docker | dev-peer1.org1.example.co...rm-v0 | 5.9MB       | 5.9MB       | 0.00%    | 0.00%    | 112B       | 178B        | 0B        | 0B         |
|--------|-----------------------------------|-------------|-------------|----------|----------|------------|-------------|-----------|------------|
| Docker | dev-peer1.org2.example.co...rm-v0 | 6.3MB       | 6.3MB       | 0.00%    | 0.00%    | 112B       | 178B        | 0B        | 0B         |
|--------|-----------------------------------|-------------|-------------|----------|----------|------------|-------------|-----------|------------|
| Docker | dev-peer0.org2.example.co...rm-v0 | 6.1MB       | 6.1MB       | 0.04%    | 0.01%    | 0B         | 0B          | 0B        | 0B         |
|--------|-----------------------------------|-------------|-------------|----------|----------|------------|-------------|-----------|------------|
| Docker | dev-peer1.org1.example.co...es-v0 | 6.0MB       | 6.0MB       | 0.00%    | 0.00%    | 0B         | 0B          | 0B        | 0B         |
|--------|-----------------------------------|-------------|-------------|----------|----------|------------|-------------|-----------|------------|
| Docker | dev-peer1.org2.example.co...es-v0 | 6.3MB       | 6.3MB       | 0.00%    | 0.00%    | 0B         | 0B          | 0B        | 0B         |
|--------|-----------------------------------|-------------|-------------|----------|----------|------------|-------------|-----------|------------|
| Docker | dev-peer0.org1.example.co...es-v0 | 6.1MB       | 6.1MB       | 0.01%    | 0.00%    | 0B         | 0B          | 0B        | 0B         |
|--------|-----------------------------------|-------------|-------------|----------|----------|------------|-------------|-----------|------------|
| Docker | dev-peer0.org2.example.co...es-v0 | 6.1MB       | 6.1MB       | 0.00%    | 0.00%    | 0B         | 0B          | 0B        | 0B         |
|--------|-----------------------------------|-------------|-------------|----------|----------|------------|-------------|-----------|------------|
| Docker | peer0.org1.example.com            | 166.4MB     | 146.6MB     | 114.60%  | 84.95%   | 8.5MB      | 3.5MB       | 0B        | 7.9MB      |
|--------|-----------------------------------|-------------|-------------|----------|----------|------------|-------------|-----------|------------|
| Docker | peer1.org2.example.com            | 159.7MB     | 143.0MB     | 115.97%  | 83.43%   | 8.2MB      | 3.4MB       | 0B        | 7.9MB      |
|--------|-----------------------------------|-------------|-------------|----------|----------|------------|-------------|-----------|------------|
| Docker | peer0.org2.example.com            | 157.9MB     | 143.0MB     | 113.01%  | 81.10%   | 8.5MB      | 3.5MB       | 0B        | 7.9MB      |
|--------|-----------------------------------|-------------|-------------|----------|----------|------------|-------------|-----------|------------|
| Docker | peer1.org1.example.com            | 160.1MB     | 142.4MB     | 114.18%  | 81.25%   | 8.5MB      | 3.5MB       | 0B        | 7.9MB      |
|--------|-----------------------------------|-------------|-------------|----------|----------|------------|-------------|-----------|------------|
| Docker | orderer1.example.com              | 254.8MB     | 237.8MB     | 62.80%   | 44.73%   | 7.6MB      | 20.4MB      | 0B        | 12.9MB     |
|--------|-----------------------------------|-------------|-------------|----------|----------|------------|-------------|-----------|------------|
| Docker | orderer2.example.com              | 264.7MB     | 245.8MB     | 56.74%   | 40.71%   | 9.3MB      | 15.7MB      | 0B        | 12.6MB     |
|--------|-----------------------------------|-------------|-------------|----------|----------|------------|-------------|-----------|------------|
| Docker | orderer0.example.com              | 259.5MB     | 239.8MB     | 52.42%   | 36.05%   | 9.2MB      | 9.7MB       | 0B        | 12.7MB     |
|--------|-----------------------------------|-------------|-------------|----------|----------|------------|-------------|-----------|------------|
| Docker | ca.org2.example.com               | 8.0MB       | 8.0MB       | 0.00%    | 0.00%    | 0B         | 0B          | 0B        | 0B         |
|--------|-----------------------------------|-------------|-------------|----------|----------|------------|-------------|-----------|------------|
| Docker | ca.org1.example.com               | 8.4MB       | 8.4MB       | 0.00%    | 0.00%    | 0B         | 0B          | 0B        | 0B         |
|--------|-----------------------------------|-------------|-------------|----------|----------|------------|-------------|-----------|------------|
| Docker | sysbench                          | 5.4MB       | 5.4MB       | 0.00%    | 0.00%    | 0B         | 0B          | 0B        | 0B         |
+--------+-----------------------------------+-------------+-------------+----------+----------+------------+-------------+-----------+------------+
 

2020-10-05T15:30:43+09:00 - INFO [defaultTest]: ------ Passed 'smallOperations' testing ------ 

2020-10-05T15:30:43+09:00 - INFO [caliper-flow]: ---------- Finished Test ----------
 

2020-10-05T15:30:43+09:00 - INFO [report-builder]: ###all test results:### 

2020-10-05T15:30:43+09:00 - INFO [report-builder]: 
+------+-----------------+------+------+-----------+-------------+-------------+-------------+------------+
| Test | Name            | Succ | Fail | Send Rate | Max Latency | Min Latency | Avg Latency | Throughput |
|------|-----------------|------|------|-----------|-------------|-------------|-------------|------------|
| 1    | smallOperations | 2000 | 0    | 367.6 tps | 0.54 s      | 0.28 s      | 0.41 s      | 349.8 tps  |
+------+-----------------+------+------+-----------+-------------+-------------+-------------+------------+
 

2020-10-05T15:30:43+09:00 - INFO [monitor.js]: 
 ### resource stats (maximum) ### 

2020-10-05T15:30:43+09:00 - INFO [monitor.js]: 
+--------+-----------------------------------+-------------+----------+------------+-------------+-----------+------------+
| TYPE   | NAME                              | Memory(max) | CPU(max) | Traffic In | Traffic Out | Disc Read | Disc Write |
|--------|-----------------------------------|-------------|----------|------------|-------------|-----------|------------|
| Docker | dev-peer0.org2.example.co...nk-v0 | 10.0MB      | 21.79%   | 1.8MB      | 1.1MB       | 0B        | 0B         |
|--------|-----------------------------------|-------------|----------|------------|-------------|-----------|------------|
| Docker | dev-peer1.org1.example.co...nk-v0 | 9.8MB       | 21.33%   | 1.8MB      | 1.1MB       | 0B        | 0B         |
|--------|-----------------------------------|-------------|----------|------------|-------------|-----------|------------|
| Docker | dev-peer0.org1.example.co...nk-v0 | 9.7MB       | 22.45%   | 1.7MB      | 1.0MB       | 0B        | 0B         |
|--------|-----------------------------------|-------------|----------|------------|-------------|-----------|------------|
| Docker | dev-peer1.org2.example.co...nk-v0 | 9.8MB       | 22.70%   | 1.6MB      | 1008.8KB    | 0B        | 0B         |
|--------|-----------------------------------|-------------|----------|------------|-------------|-----------|------------|
| Docker | dev-peer0.org2.example.co...le-v0 | 5.7MB       | 0.00%    | 0B         | 0B          | 0B        | 0B         |
|--------|-----------------------------------|-------------|----------|------------|-------------|-----------|------------|
| Docker | dev-peer0.org1.example.co...le-v0 | 6.0MB       | 0.00%    | 0B         | 0B          | 0B        | 0B         |
|--------|-----------------------------------|-------------|----------|------------|-------------|-----------|------------|
| Docker | dev-peer1.org1.example.co...le-v0 | 6.0MB       | 0.00%    | 0B         | 0B          | 0B        | 0B         |
|--------|-----------------------------------|-------------|----------|------------|-------------|-----------|------------|
| Docker | dev-peer1.org2.example.co...le-v0 | 5.9MB       | 0.00%    | 0B         | 0B          | 0B        | 0B         |
|--------|-----------------------------------|-------------|----------|------------|-------------|-----------|------------|
| Docker | dev-peer0.org1.example.co...rm-v0 | 6.1MB       | 0.03%    | 112B       | 178B        | 0B        | 0B         |
|--------|-----------------------------------|-------------|----------|------------|-------------|-----------|------------|
| Docker | dev-peer1.org1.example.co...rm-v0 | 5.9MB       | 0.00%    | 112B       | 178B        | 0B        | 0B         |
|--------|-----------------------------------|-------------|----------|------------|-------------|-----------|------------|
| Docker | dev-peer1.org2.example.co...rm-v0 | 6.3MB       | 0.00%    | 112B       | 178B        | 0B        | 0B         |
|--------|-----------------------------------|-------------|----------|------------|-------------|-----------|------------|
| Docker | dev-peer0.org2.example.co...rm-v0 | 6.1MB       | 0.04%    | 0B         | 0B          | 0B        | 0B         |
|--------|-----------------------------------|-------------|----------|------------|-------------|-----------|------------|
| Docker | dev-peer1.org1.example.co...es-v0 | 6.0MB       | 0.00%    | 0B         | 0B          | 0B        | 0B         |
|--------|-----------------------------------|-------------|----------|------------|-------------|-----------|------------|
| Docker | dev-peer1.org2.example.co...es-v0 | 6.3MB       | 0.00%    | 0B         | 0B          | 0B        | 0B         |
|--------|-----------------------------------|-------------|----------|------------|-------------|-----------|------------|
| Docker | dev-peer0.org1.example.co...es-v0 | 6.1MB       | 0.01%    | 0B         | 0B          | 0B        | 0B         |
|--------|-----------------------------------|-------------|----------|------------|-------------|-----------|------------|
| Docker | dev-peer0.org2.example.co...es-v0 | 6.1MB       | 0.00%    | 0B         | 0B          | 0B        | 0B         |
|--------|-----------------------------------|-------------|----------|------------|-------------|-----------|------------|
| Docker | peer0.org1.example.com            | 166.4MB     | 114.60%  | 8.5MB      | 3.5MB       | 0B        | 7.9MB      |
|--------|-----------------------------------|-------------|----------|------------|-------------|-----------|------------|
| Docker | peer1.org2.example.com            | 159.7MB     | 115.97%  | 8.2MB      | 3.4MB       | 0B        | 7.9MB      |
|--------|-----------------------------------|-------------|----------|------------|-------------|-----------|------------|
| Docker | peer0.org2.example.com            | 157.9MB     | 113.01%  | 8.5MB      | 3.5MB       | 0B        | 7.9MB      |
|--------|-----------------------------------|-------------|----------|------------|-------------|-----------|------------|
| Docker | peer1.org1.example.com            | 160.1MB     | 114.18%  | 8.5MB      | 3.5MB       | 0B        | 7.9MB      |
|--------|-----------------------------------|-------------|----------|------------|-------------|-----------|------------|
| Docker | orderer1.example.com              | 254.8MB     | 62.80%   | 7.6MB      | 20.4MB      | 0B        | 12.9MB     |
|--------|-----------------------------------|-------------|----------|------------|-------------|-----------|------------|
| Docker | orderer2.example.com              | 264.7MB     | 56.74%   | 9.3MB      | 15.7MB      | 0B        | 12.6MB     |
|--------|-----------------------------------|-------------|----------|------------|-------------|-----------|------------|
| Docker | orderer0.example.com              | 259.5MB     | 52.42%   | 9.2MB      | 9.7MB       | 0B        | 12.7MB     |
|--------|-----------------------------------|-------------|----------|------------|-------------|-----------|------------|
| Docker | ca.org2.example.com               | 8.0MB       | 0.00%    | 0B         | 0B          | 0B        | 0B         |
|--------|-----------------------------------|-------------|----------|------------|-------------|-----------|------------|
| Docker | ca.org1.example.com               | 8.4MB       | 0.00%    | 0B         | 0B          | 0B        | 0B         |
|--------|-----------------------------------|-------------|----------|------------|-------------|-----------|------------|
| Docker | sysbench                          | 5.4MB       | 0.00%    | 0B         | 0B          | 0B        | 0B         |
+--------+-----------------------------------+-------------+----------+------------+-------------+-----------+------------+
 

2020-10-05T15:30:43+09:00 - INFO [caliper-flow]: Generated report with path /home/oslab/caliper_v0.1.0/report-20201005T063043.html 

