2020-08-18T10:50:41+09:00 - DEBUG Constructed a winston logger with the specified targets:
	{"consolelogger":{"target":"console","level":"info"},"filelogger":{"target":"daily-rotate-file","level":"debug","filename":"log/caliper-%DATE%.log","datePattern":"YYYY-MM-DD-HH","maxSize":"5m","zippedArchive":true}}

2020-08-18T10:50:42+09:00 - INFO [caliper-flow]: ####### Caliper Test ####### 

2020-08-18T10:50:42+09:00 - INFO [caliper-utils]: Executing command: cd /home/oslab/caliper_v0.1.0/caliper/packages/caliper-samples;docker-compose -f network/fabric-v1.4.1/kafka2o2pgoleveldb/docker-compose.yaml up -d;sleep 3s 

2020-08-18T10:51:05+09:00 - INFO [adapters/fabric]: Fabric SDK version: 1.4.4; TLS: none 

2020-08-18T10:51:05+09:00 - INFO [adapters/fabric]: Org1's registrar enrolled successfully 

2020-08-18T10:51:06+09:00 - INFO [adapters/fabric]: Org2's registrar enrolled successfully 

2020-08-18T10:51:06+09:00 - INFO [adapters/fabric]: Org1's admin's materials are successfully loaded 

2020-08-18T10:51:06+09:00 - INFO [adapters/fabric]: Org2's admin's materials are successfully loaded 

2020-08-18T10:51:06+09:00 - INFO [adapters/fabric]: client0.org1.example.com's materials are successfully loaded 

2020-08-18T10:51:06+09:00 - INFO [adapters/fabric]: client0.org2.example.com's materials are successfully loaded 

2020-08-18T10:51:06+09:00 - INFO [adapters/fabric]: Channel 'mychannel' definiton being retrieved from file 

2020-08-18T10:51:06+09:00 - INFO [adapters/fabric]: Channel 'mychannel' successfully created 

2020-08-18T10:51:06+09:00 - INFO [adapters/fabric]: Sleeping 5s... 

2020-08-18T10:51:11+09:00 - INFO [adapters/fabric]: Org1's peers successfully joined mychannel: peer0.org1.example.com,peer1.org1.example.com 

2020-08-18T10:51:11+09:00 - INFO [adapters/fabric]: Org2's peers successfully joined mychannel: peer0.org2.example.com,peer1.org2.example.com 

2020-08-18T10:51:11+09:00 - INFO [adapters/fabric]: Sleeping 5s... 

2020-08-18T10:51:16+09:00 - INFO [adapters/fabric]: Installing chaincodes for mychannel... 

2020-08-18T10:51:16+09:00 - INFO [adapters/fabric]: marbles@v0 successfully installed on Org1's peers: peer0.org1.example.com,peer1.org1.example.com 

2020-08-18T10:51:16+09:00 - INFO [adapters/fabric]: marbles@v0 successfully installed on Org2's peers: peer0.org2.example.com,peer1.org2.example.com 

2020-08-18T10:51:16+09:00 - INFO [adapters/fabric]: drm@v0 successfully installed on Org1's peers: peer0.org1.example.com,peer1.org1.example.com 

2020-08-18T10:51:16+09:00 - INFO [adapters/fabric]: drm@v0 successfully installed on Org2's peers: peer0.org2.example.com,peer1.org2.example.com 

2020-08-18T10:51:16+09:00 - INFO [adapters/fabric]: simple@v0 successfully installed on Org1's peers: peer0.org1.example.com,peer1.org1.example.com 

2020-08-18T10:51:17+09:00 - INFO [adapters/fabric]: simple@v0 successfully installed on Org2's peers: peer0.org2.example.com,peer1.org2.example.com 

2020-08-18T10:51:17+09:00 - INFO [adapters/fabric]: smallbank@v0 successfully installed on Org1's peers: peer0.org1.example.com,peer1.org1.example.com 

2020-08-18T10:51:17+09:00 - INFO [adapters/fabric]: smallbank@v0 successfully installed on Org2's peers: peer0.org2.example.com,peer1.org2.example.com 

2020-08-18T10:51:17+09:00 - INFO [adapters/fabric]: Instantiating marbles@v0 in mychannel. This might take some time... 

2020-08-18T10:51:35+09:00 - INFO [adapters/fabric]: Successfully instantiated marbles@v0 in mychannel 

2020-08-18T10:51:35+09:00 - INFO [adapters/fabric]: Instantiating drm@v0 in mychannel. This might take some time... 

2020-08-18T10:51:53+09:00 - INFO [adapters/fabric]: Successfully instantiated drm@v0 in mychannel 

2020-08-18T10:51:53+09:00 - INFO [adapters/fabric]: Instantiating simple@v0 in mychannel. This might take some time... 

2020-08-18T10:52:09+09:00 - INFO [adapters/fabric]: Successfully instantiated simple@v0 in mychannel 

2020-08-18T10:52:09+09:00 - INFO [adapters/fabric]: Instantiating smallbank@v0 in mychannel. This might take some time... 

2020-08-18T10:52:27+09:00 - INFO [adapters/fabric]: Successfully instantiated smallbank@v0 in mychannel 

2020-08-18T10:52:27+09:00 - INFO [adapters/fabric]: Sleeping 5s... 

2020-08-18T10:52:32+09:00 - INFO [caliper-flow]: Started monitor successfully 

2020-08-18T10:52:32+09:00 - INFO [defaultTest]: ####### Testing 'smallOperations' ####### 

2020-08-18T10:52:32+09:00 - INFO [defaultTest]: ------ Test round 1 ------ 

2020-08-18T10:52:32+09:00 - INFO [client-util.js]: Launching client with PID  7986 

2020-08-18T10:52:32+09:00 - INFO [client-util.js]: Launching client with PID  7991 

2020-08-18T10:52:32+09:00 - INFO [client-util.js]: Launching client with PID  7997 

2020-08-18T10:52:32+09:00 - INFO [client-util.js]: Launching client with PID  8003 

2020-08-18T10:52:32+09:00 - INFO [client-util.js]: Launching client with PID  8009 

2020-08-18T10:52:32+09:00 - INFO [client-util.js]: Waiting for 5 clients to be ready...  

2020-08-18T10:52:33+09:00 - INFO [demo.js]: [Transaction Info] - Submitted: 0 Succ: 0 Fail:0 Unfinished:0 

2020-08-18T10:52:33+09:00 - DEBUG Constructed a winston logger with the specified targets:
	{"consolelogger":{"target":"console","level":"info"},"filelogger":{"target":"daily-rotate-file","level":"debug","filename":"log/caliper-%DATE%.log","datePattern":"YYYY-MM-DD-HH","maxSize":"5m","zippedArchive":true}}

2020-08-18T10:52:33+09:00 - DEBUG Constructed a winston logger with the specified targets:
	{"consolelogger":{"target":"console","level":"info"},"filelogger":{"target":"daily-rotate-file","level":"debug","filename":"log/caliper-%DATE%.log","datePattern":"YYYY-MM-DD-HH","maxSize":"5m","zippedArchive":true}}

2020-08-18T10:52:33+09:00 - DEBUG Constructed a winston logger with the specified targets:
	{"consolelogger":{"target":"console","level":"info"},"filelogger":{"target":"daily-rotate-file","level":"debug","filename":"log/caliper-%DATE%.log","datePattern":"YYYY-MM-DD-HH","maxSize":"5m","zippedArchive":true}}

2020-08-18T10:52:33+09:00 - DEBUG Constructed a winston logger with the specified targets:
	{"consolelogger":{"target":"console","level":"info"},"filelogger":{"target":"daily-rotate-file","level":"debug","filename":"log/caliper-%DATE%.log","datePattern":"YYYY-MM-DD-HH","maxSize":"5m","zippedArchive":true}}

2020-08-18T10:52:33+09:00 - DEBUG Constructed a winston logger with the specified targets:
	{"consolelogger":{"target":"console","level":"info"},"filelogger":{"target":"daily-rotate-file","level":"debug","filename":"log/caliper-%DATE%.log","datePattern":"YYYY-MM-DD-HH","maxSize":"5m","zippedArchive":true}}

2020-08-18T10:52:34+09:00 - INFO [client-util.js]: Client ready message recieved 

2020-08-18T10:52:34+09:00 - INFO [fabric/fabricClientWorker]: Client ready 

2020-08-18T10:52:34+09:00 - INFO [client-util.js]: Client ready message recieved 

2020-08-18T10:52:34+09:00 - INFO [fabric/fabricClientWorker]: Client ready 

2020-08-18T10:52:34+09:00 - INFO [client-util.js]: Client ready message recieved 

2020-08-18T10:52:34+09:00 - INFO [fabric/fabricClientWorker]: Client ready 

2020-08-18T10:52:34+09:00 - INFO [client-util.js]: Client ready message recieved 

2020-08-18T10:52:34+09:00 - INFO [fabric/fabricClientWorker]: Client ready 

2020-08-18T10:52:34+09:00 - INFO [client-util.js]: Client ready message recieved 

2020-08-18T10:52:34+09:00 - INFO [client-util.js]: 5 clients ready, starting test phase 

2020-08-18T10:52:34+09:00 - INFO [fabric/fabricClientWorker]: Client ready 

2020-08-18T10:52:34+09:00 - DEBUG [local-client.js]: doTest() with:
	{"type":"test","label":"smallOperations","rateControl":{"type":"fixed-rate","opts":{"tps":2500}},"trim":0,"args":{"accounts":400,"txnPerBatch":1},"cb":"benchmark/smallbank/smallbankOperations.js","config":"/home/oslab/caliper_v0.1.0/caliper/packages/caliper-samples/network/fabric-v1.4.1/kafka2o2pgoleveldb/fabric-go.yaml","root":"/home/oslab/caliper_v0.1.0/caliper/packages/caliper-samples","numb":500,"roundIdx":1,"totalClients":5,"clients":5,"clientargs":{},"clientIdx":1}

2020-08-18T10:52:34+09:00 - DEBUG [local-client.js]: doTest() with:
	{"type":"test","label":"smallOperations","rateControl":{"type":"fixed-rate","opts":{"tps":2500}},"trim":0,"args":{"accounts":400,"txnPerBatch":1},"cb":"benchmark/smallbank/smallbankOperations.js","config":"/home/oslab/caliper_v0.1.0/caliper/packages/caliper-samples/network/fabric-v1.4.1/kafka2o2pgoleveldb/fabric-go.yaml","root":"/home/oslab/caliper_v0.1.0/caliper/packages/caliper-samples","numb":500,"roundIdx":1,"totalClients":5,"clients":5,"clientargs":{},"clientIdx":0}

2020-08-18T10:52:34+09:00 - DEBUG [local-client.js]: doTest() with:
	{"type":"test","label":"smallOperations","rateControl":{"type":"fixed-rate","opts":{"tps":2500}},"trim":0,"args":{"accounts":400,"txnPerBatch":1},"cb":"benchmark/smallbank/smallbankOperations.js","config":"/home/oslab/caliper_v0.1.0/caliper/packages/caliper-samples/network/fabric-v1.4.1/kafka2o2pgoleveldb/fabric-go.yaml","root":"/home/oslab/caliper_v0.1.0/caliper/packages/caliper-samples","numb":500,"roundIdx":1,"totalClients":5,"clients":5,"clientargs":{},"clientIdx":4}

2020-08-18T10:52:34+09:00 - DEBUG [local-client.js]: doTest() with:
	{"type":"test","label":"smallOperations","rateControl":{"type":"fixed-rate","opts":{"tps":2500}},"trim":0,"args":{"accounts":400,"txnPerBatch":1},"cb":"benchmark/smallbank/smallbankOperations.js","config":"/home/oslab/caliper_v0.1.0/caliper/packages/caliper-samples/network/fabric-v1.4.1/kafka2o2pgoleveldb/fabric-go.yaml","root":"/home/oslab/caliper_v0.1.0/caliper/packages/caliper-samples","numb":500,"roundIdx":1,"totalClients":5,"clients":5,"clientargs":{},"clientIdx":2}

2020-08-18T10:52:34+09:00 - DEBUG [local-client.js]: doTest() with:
	{"type":"test","label":"smallOperations","rateControl":{"type":"fixed-rate","opts":{"tps":2500}},"trim":0,"args":{"accounts":400,"txnPerBatch":1},"cb":"benchmark/smallbank/smallbankOperations.js","config":"/home/oslab/caliper_v0.1.0/caliper/packages/caliper-samples/network/fabric-v1.4.1/kafka2o2pgoleveldb/fabric-go.yaml","root":"/home/oslab/caliper_v0.1.0/caliper/packages/caliper-samples","numb":500,"roundIdx":1,"totalClients":5,"clients":5,"clientargs":{},"clientIdx":3}

2020-08-18T10:52:34+09:00 - INFO [local-client.js]: txUpdateTime: 1000 

2020-08-18T10:52:34+09:00 - INFO [local-client.js]: txUpdateTime: 1000 

2020-08-18T10:52:34+09:00 - INFO [local-client.js]: txUpdateTime: 1000 

2020-08-18T10:52:34+09:00 - INFO [local-client.js]: txUpdateTime: 1000 

2020-08-18T10:52:34+09:00 - INFO [local-client.js]: txUpdateTime: 1000 

2020-08-18T10:52:34+09:00 - INFO [local-client.js]: Info: client 8009 start test runFixedNumber():small_bank_operations 

2020-08-18T10:52:34+09:00 - DEBUG [rateControl.js]: Creating rate controller for client#4 for round#1
	{"type":"fixed-rate","opts":{"tps":2500}}

2020-08-18T10:52:34+09:00 - INFO [local-client.js]: Info: client 7986 start test runFixedNumber():small_bank_operations 

2020-08-18T10:52:34+09:00 - INFO [local-client.js]: Info: client 8003 start test runFixedNumber():small_bank_operations 

2020-08-18T10:52:34+09:00 - DEBUG [rateControl.js]: Creating rate controller for client#0 for round#1
	{"type":"fixed-rate","opts":{"tps":2500}}

2020-08-18T10:52:34+09:00 - DEBUG [rateControl.js]: Creating rate controller for client#3 for round#1
	{"type":"fixed-rate","opts":{"tps":2500}}

2020-08-18T10:52:34+09:00 - INFO [local-client.js]: Info: client 7991 start test runFixedNumber():small_bank_operations 

2020-08-18T10:52:34+09:00 - INFO [local-client.js]: Info: client 7997 start test runFixedNumber():small_bank_operations 

2020-08-18T10:52:34+09:00 - DEBUG [rateControl.js]: Creating rate controller for client#2 for round#1
	{"type":"fixed-rate","opts":{"tps":2500}}

2020-08-18T10:52:34+09:00 - DEBUG [rateControl.js]: Creating rate controller for client#1 for round#1
	{"type":"fixed-rate","opts":{"tps":2500}}

2020-08-18T10:52:34+09:00 - INFO [demo.js]: [Transaction Info] - Submitted: 0 Succ: 0 Fail:0 Unfinished:0 

2020-08-18T10:52:35+09:00 - INFO [demo.js]: [Transaction Info] - Submitted: 530 Succ: 0 Fail:0 Unfinished:530 

2020-08-18T10:52:36+09:00 - INFO [demo.js]: [Transaction Info] - Submitted: 1213 Succ: 585 Fail:0 Unfinished:628 

2020-08-18T10:52:37+09:00 - ERROR uncaughtException: Cannot read property 'toString' of undefined
	{"date":"Tue Aug 18 2020 10:52:37 GMT+0900 (KST)","process":{"pid":8009,"uid":0,"gid":0,"cwd":"/home/oslab/caliper_v0.1.0","execPath":"/usr/bin/node","version":"v8.17.0","argv":["/usr/bin/node","/home/oslab/caliper_v0.1.0/node_modules/@hyperledger/caliper-fabric/lib/fabricClientWorker.js","/home/oslab/caliper_v0.1.0/node_modules/.bin/caliper","benchmark","run","--caliper-workspace","caliper/packages/caliper-samples","--caliper-benchconfig","benchmark/smallbank/config.yaml","--caliper-networkconfig","network/fabric-v1.4.1/kafka2o2pgoleveldb/fabric-go.yaml","--caliper-test-skip-end"],"memoryUsage":{"rss":167731200,"heapTotal":124186624,"heapUsed":62109800,"external":7113039}},"os":{"loadavg":[27.837890625,9.830078125,3.509765625],"uptime":6461685},"trace":[{"column":117,"file":"/home/oslab/caliper_v0.1.0/caliper/packages/caliper-samples/benchmark/smallbank/smallbankOperations.js","function":"Object.module.exports.run","line":182,"method":"run","native":false},{"column":34,"file":"/home/oslab/caliper_v0.1.0/node_modules/@hyperledger/caliper-core/lib/client/caliper-local-client.js","function":"setImmediatePromise","line":174,"method":null,"native":false},{"column":17,"file":"/home/oslab/caliper_v0.1.0/node_modules/@hyperledger/caliper-core/lib/client/caliper-local-client.js","function":"Immediate.setImmediate [as _onImmediate]","line":147,"method":"setImmediate [as _onImmediate]","native":false},{"column":20,"file":"timers.js","function":"runCallback","line":810,"method":null,"native":false},{"column":5,"file":"timers.js","function":"tryOnImmediate","line":768,"method":null,"native":false},{"column":5,"file":"timers.js","function":"processImmediate [as _immediateCallback]","line":745,"method":null,"native":false}],"stack":["TypeError: Cannot read property 'toString' of undefined","    at Object.module.exports.run (/home/oslab/caliper_v0.1.0/caliper/packages/caliper-samples/benchmark/smallbank/smallbankOperations.js:182:117)","    at setImmediatePromise (/home/oslab/caliper_v0.1.0/node_modules/@hyperledger/caliper-core/lib/client/caliper-local-client.js:174:34)","    at Immediate.setImmediate [as _onImmediate] (/home/oslab/caliper_v0.1.0/node_modules/@hyperledger/caliper-core/lib/client/caliper-local-client.js:147:17)","    at runCallback (timers.js:810:20)","    at tryOnImmediate (timers.js:768:5)","    at processImmediate [as _immediateCallback] (timers.js:745:5)"]}

2020-08-18T10:52:37+09:00 - ERROR uncaughtException: Cannot read property 'toString' of undefined
	{"date":"Tue Aug 18 2020 10:52:37 GMT+0900 (KST)","process":{"pid":8003,"uid":0,"gid":0,"cwd":"/home/oslab/caliper_v0.1.0","execPath":"/usr/bin/node","version":"v8.17.0","argv":["/usr/bin/node","/home/oslab/caliper_v0.1.0/node_modules/@hyperledger/caliper-fabric/lib/fabricClientWorker.js","/home/oslab/caliper_v0.1.0/node_modules/.bin/caliper","benchmark","run","--caliper-workspace","caliper/packages/caliper-samples","--caliper-benchconfig","benchmark/smallbank/config.yaml","--caliper-networkconfig","network/fabric-v1.4.1/kafka2o2pgoleveldb/fabric-go.yaml","--caliper-test-skip-end"],"memoryUsage":{"rss":157646848,"heapTotal":111079424,"heapUsed":70296184,"external":7506315}},"os":{"loadavg":[27.837890625,9.830078125,3.509765625],"uptime":6461685},"trace":[{"column":117,"file":"/home/oslab/caliper_v0.1.0/caliper/packages/caliper-samples/benchmark/smallbank/smallbankOperations.js","function":"Object.module.exports.run","line":182,"method":"run","native":false},{"column":34,"file":"/home/oslab/caliper_v0.1.0/node_modules/@hyperledger/caliper-core/lib/client/caliper-local-client.js","function":"setImmediatePromise","line":174,"method":null,"native":false},{"column":17,"file":"/home/oslab/caliper_v0.1.0/node_modules/@hyperledger/caliper-core/lib/client/caliper-local-client.js","function":"Immediate.setImmediate [as _onImmediate]","line":147,"method":"setImmediate [as _onImmediate]","native":false},{"column":20,"file":"timers.js","function":"runCallback","line":810,"method":null,"native":false},{"column":5,"file":"timers.js","function":"tryOnImmediate","line":768,"method":null,"native":false},{"column":5,"file":"timers.js","function":"processImmediate [as _immediateCallback]","line":745,"method":null,"native":false}],"stack":["TypeError: Cannot read property 'toString' of undefined","    at Object.module.exports.run (/home/oslab/caliper_v0.1.0/caliper/packages/caliper-samples/benchmark/smallbank/smallbankOperations.js:182:117)","    at setImmediatePromise (/home/oslab/caliper_v0.1.0/node_modules/@hyperledger/caliper-core/lib/client/caliper-local-client.js:174:34)","    at Immediate.setImmediate [as _onImmediate] (/home/oslab/caliper_v0.1.0/node_modules/@hyperledger/caliper-core/lib/client/caliper-local-client.js:147:17)","    at runCallback (timers.js:810:20)","    at tryOnImmediate (timers.js:768:5)","    at processImmediate [as _immediateCallback] (timers.js:745:5)"]}

2020-08-18T10:52:37+09:00 - ERROR uncaughtException: Cannot read property 'toString' of undefined
	{"date":"Tue Aug 18 2020 10:52:37 GMT+0900 (KST)","process":{"pid":7997,"uid":0,"gid":0,"cwd":"/home/oslab/caliper_v0.1.0","execPath":"/usr/bin/node","version":"v8.17.0","argv":["/usr/bin/node","/home/oslab/caliper_v0.1.0/node_modules/@hyperledger/caliper-fabric/lib/fabricClientWorker.js","/home/oslab/caliper_v0.1.0/node_modules/.bin/caliper","benchmark","run","--caliper-workspace","caliper/packages/caliper-samples","--caliper-benchconfig","benchmark/smallbank/config.yaml","--caliper-networkconfig","network/fabric-v1.4.1/kafka2o2pgoleveldb/fabric-go.yaml","--caliper-test-skip-end"],"memoryUsage":{"rss":157450240,"heapTotal":110030848,"heapUsed":68902736,"external":7485694}},"os":{"loadavg":[27.837890625,9.830078125,3.509765625],"uptime":6461685},"trace":[{"column":117,"file":"/home/oslab/caliper_v0.1.0/caliper/packages/caliper-samples/benchmark/smallbank/smallbankOperations.js","function":"Object.module.exports.run","line":182,"method":"run","native":false},{"column":34,"file":"/home/oslab/caliper_v0.1.0/node_modules/@hyperledger/caliper-core/lib/client/caliper-local-client.js","function":"setImmediatePromise","line":174,"method":null,"native":false},{"column":17,"file":"/home/oslab/caliper_v0.1.0/node_modules/@hyperledger/caliper-core/lib/client/caliper-local-client.js","function":"Immediate.setImmediate [as _onImmediate]","line":147,"method":"setImmediate [as _onImmediate]","native":false},{"column":20,"file":"timers.js","function":"runCallback","line":810,"method":null,"native":false},{"column":5,"file":"timers.js","function":"tryOnImmediate","line":768,"method":null,"native":false},{"column":5,"file":"timers.js","function":"processImmediate [as _immediateCallback]","line":745,"method":null,"native":false}],"stack":["TypeError: Cannot read property 'toString' of undefined","    at Object.module.exports.run (/home/oslab/caliper_v0.1.0/caliper/packages/caliper-samples/benchmark/smallbank/smallbankOperations.js:182:117)","    at setImmediatePromise (/home/oslab/caliper_v0.1.0/node_modules/@hyperledger/caliper-core/lib/client/caliper-local-client.js:174:34)","    at Immediate.setImmediate [as _onImmediate] (/home/oslab/caliper_v0.1.0/node_modules/@hyperledger/caliper-core/lib/client/caliper-local-client.js:147:17)","    at runCallback (timers.js:810:20)","    at tryOnImmediate (timers.js:768:5)","    at processImmediate [as _immediateCallback] (timers.js:745:5)"]}

2020-08-18T10:52:37+09:00 - ERROR uncaughtException: Cannot read property 'toString' of undefined
	{"date":"Tue Aug 18 2020 10:52:37 GMT+0900 (KST)","process":{"pid":7986,"uid":0,"gid":0,"cwd":"/home/oslab/caliper_v0.1.0","execPath":"/usr/bin/node","version":"v8.17.0","argv":["/usr/bin/node","/home/oslab/caliper_v0.1.0/node_modules/@hyperledger/caliper-fabric/lib/fabricClientWorker.js","/home/oslab/caliper_v0.1.0/node_modules/.bin/caliper","benchmark","run","--caliper-workspace","caliper/packages/caliper-samples","--caliper-benchconfig","benchmark/smallbank/config.yaml","--caliper-networkconfig","network/fabric-v1.4.1/kafka2o2pgoleveldb/fabric-go.yaml","--caliper-test-skip-end"],"memoryUsage":{"rss":157720576,"heapTotal":110030848,"heapUsed":70199672,"external":7645122}},"os":{"loadavg":[27.837890625,9.830078125,3.509765625],"uptime":6461685},"trace":[{"column":117,"file":"/home/oslab/caliper_v0.1.0/caliper/packages/caliper-samples/benchmark/smallbank/smallbankOperations.js","function":"Object.module.exports.run","line":182,"method":"run","native":false},{"column":34,"file":"/home/oslab/caliper_v0.1.0/node_modules/@hyperledger/caliper-core/lib/client/caliper-local-client.js","function":"setImmediatePromise","line":174,"method":null,"native":false},{"column":17,"file":"/home/oslab/caliper_v0.1.0/node_modules/@hyperledger/caliper-core/lib/client/caliper-local-client.js","function":"Immediate.setImmediate [as _onImmediate]","line":147,"method":"setImmediate [as _onImmediate]","native":false},{"column":20,"file":"timers.js","function":"runCallback","line":810,"method":null,"native":false},{"column":5,"file":"timers.js","function":"tryOnImmediate","line":768,"method":null,"native":false},{"column":5,"file":"timers.js","function":"processImmediate [as _immediateCallback]","line":745,"method":null,"native":false}],"stack":["TypeError: Cannot read property 'toString' of undefined","    at Object.module.exports.run (/home/oslab/caliper_v0.1.0/caliper/packages/caliper-samples/benchmark/smallbank/smallbankOperations.js:182:117)","    at setImmediatePromise (/home/oslab/caliper_v0.1.0/node_modules/@hyperledger/caliper-core/lib/client/caliper-local-client.js:174:34)","    at Immediate.setImmediate [as _onImmediate] (/home/oslab/caliper_v0.1.0/node_modules/@hyperledger/caliper-core/lib/client/caliper-local-client.js:147:17)","    at runCallback (timers.js:810:20)","    at tryOnImmediate (timers.js:768:5)","    at processImmediate [as _immediateCallback] (timers.js:745:5)"]}

2020-08-18T10:52:37+09:00 - ERROR uncaughtException: Cannot read property 'toString' of undefined
	{"date":"Tue Aug 18 2020 10:52:37 GMT+0900 (KST)","process":{"pid":7991,"uid":0,"gid":0,"cwd":"/home/oslab/caliper_v0.1.0","execPath":"/usr/bin/node","version":"v8.17.0","argv":["/usr/bin/node","/home/oslab/caliper_v0.1.0/node_modules/@hyperledger/caliper-fabric/lib/fabricClientWorker.js","/home/oslab/caliper_v0.1.0/node_modules/.bin/caliper","benchmark","run","--caliper-workspace","caliper/packages/caliper-samples","--caliper-benchconfig","benchmark/smallbank/config.yaml","--caliper-networkconfig","network/fabric-v1.4.1/kafka2o2pgoleveldb/fabric-go.yaml","--caliper-test-skip-end"],"memoryUsage":{"rss":157679616,"heapTotal":110030848,"heapUsed":69861208,"external":7628856}},"os":{"loadavg":[27.837890625,9.830078125,3.509765625],"uptime":6461685},"trace":[{"column":117,"file":"/home/oslab/caliper_v0.1.0/caliper/packages/caliper-samples/benchmark/smallbank/smallbankOperations.js","function":"Object.module.exports.run","line":182,"method":"run","native":false},{"column":34,"file":"/home/oslab/caliper_v0.1.0/node_modules/@hyperledger/caliper-core/lib/client/caliper-local-client.js","function":"setImmediatePromise","line":174,"method":null,"native":false},{"column":17,"file":"/home/oslab/caliper_v0.1.0/node_modules/@hyperledger/caliper-core/lib/client/caliper-local-client.js","function":"Immediate.setImmediate [as _onImmediate]","line":147,"method":"setImmediate [as _onImmediate]","native":false},{"column":20,"file":"timers.js","function":"runCallback","line":810,"method":null,"native":false},{"column":5,"file":"timers.js","function":"tryOnImmediate","line":768,"method":null,"native":false},{"column":5,"file":"timers.js","function":"processImmediate [as _immediateCallback]","line":745,"method":null,"native":false}],"stack":["TypeError: Cannot read property 'toString' of undefined","    at Object.module.exports.run (/home/oslab/caliper_v0.1.0/caliper/packages/caliper-samples/benchmark/smallbank/smallbankOperations.js:182:117)","    at setImmediatePromise (/home/oslab/caliper_v0.1.0/node_modules/@hyperledger/caliper-core/lib/client/caliper-local-client.js:174:34)","    at Immediate.setImmediate [as _onImmediate] (/home/oslab/caliper_v0.1.0/node_modules/@hyperledger/caliper-core/lib/client/caliper-local-client.js:147:17)","    at runCallback (timers.js:810:20)","    at tryOnImmediate (timers.js:768:5)","    at processImmediate [as _immediateCallback] (timers.js:745:5)"]}

2020-08-18T10:52:37+09:00 - INFO [demo.js]: [Transaction Info] - Submitted: 1874 Succ: 976 Fail:0 Unfinished:898 

2020-08-18T10:52:38+09:00 - INFO [demo.js]: [Transaction Info] - Submitted: 2000 Succ: 2000 Fail:0 Unfinished:0 

2020-08-18T10:52:39+09:00 - INFO [demo.js]: [Transaction Info] - Submitted: 2000 Succ: 2000 Fail:0 Unfinished:0 

2020-08-18T10:52:40+09:00 - INFO [client-util.js]: Client exited with code 1 

2020-08-18T10:52:40+09:00 - ERROR [defaultTest]: ------ Failed 'smallOperations' testing with the following error ------
    Error: Client already exited
    at ChildProcess.<anonymous> (/home/oslab/caliper_v0.1.0/node_modules/@hyperledger/caliper-core/lib/client/client-util.js:115:32)
    at emitTwo (events.js:126:13)
    at ChildProcess.emit (events.js:214:7)
    at Process.ChildProcess._handle.onexit (internal/child_process.js:198:12) 

2020-08-18T10:52:40+09:00 - INFO [caliper-flow]: ---------- Finished Test ----------
 

2020-08-18T10:52:40+09:00 - ERROR [caliper-flow]: Error: TypeError: Cannot read property 'unshift' of undefined
    at Report.printResultsByRound (/home/oslab/caliper_v0.1.0/node_modules/@hyperledger/caliper-core/lib/report/report.js:133:32)
    at Object.module.exports.run (/home/oslab/caliper_v0.1.0/node_modules/@hyperledger/caliper-core/lib/caliper-flow.js:114:20)
    at <anonymous>
    at process._tickCallback (internal/process/next_tick.js:189:7) 

2020-08-18T10:52:40+09:00 - INFO [caliper-utils]: Executing command: cd /home/oslab/caliper_v0.1.0/caliper/packages/caliper-samples;docker-compose -f network/fabric-v1.4.1/kafka2o2pgoleveldb/docker-compose.yaml down;(test -z \"$(docker ps -aq)\") || docker rm $(docker ps -aq);(test -z \"$(docker images dev* -q)\") || docker rmi $(docker images dev* -q);rm -rf /tmp/hfc-* 

2020-08-18T10:52:40+09:00 - INFO [client-util.js]: Client exited with code 1 

2020-08-18T10:52:40+09:00 - INFO [client-util.js]: Client exited with code 1 

2020-08-18T10:52:40+09:00 - INFO [client-util.js]: Client exited with code 1 

2020-08-18T10:52:40+09:00 - INFO [client-util.js]: Client exited with code 1 

2020-08-18T10:52:40+09:00 - INFO [demo.js]: [Transaction Info] - Submitted: 2000 Succ: 2000 Fail:0 Unfinished:0 

2020-08-18T10:52:41+09:00 - INFO [demo.js]: [Transaction Info] - Submitted: 2000 Succ: 2000 Fail:0 Unfinished:0 

2020-08-18T10:52:42+09:00 - INFO [demo.js]: [Transaction Info] - Submitted: 2000 Succ: 2000 Fail:0 Unfinished:0 

2020-08-18T10:52:43+09:00 - INFO [demo.js]: [Transaction Info] - Submitted: 2000 Succ: 2000 Fail:0 Unfinished:0 

2020-08-18T10:52:44+09:00 - INFO [demo.js]: [Transaction Info] - Submitted: 2000 Succ: 2000 Fail:0 Unfinished:0 

2020-08-18T10:52:45+09:00 - INFO [demo.js]: [Transaction Info] - Submitted: 2000 Succ: 2000 Fail:0 Unfinished:0 

2020-08-18T10:52:46+09:00 - INFO [demo.js]: [Transaction Info] - Submitted: 2000 Succ: 2000 Fail:0 Unfinished:0 

2020-08-18T10:52:47+09:00 - INFO [demo.js]: [Transaction Info] - Submitted: 2000 Succ: 2000 Fail:0 Unfinished:0 

2020-08-18T10:52:48+09:00 - INFO [demo.js]: [Transaction Info] - Submitted: 2000 Succ: 2000 Fail:0 Unfinished:0 

2020-08-18T10:52:49+09:00 - INFO [demo.js]: [Transaction Info] - Submitted: 2000 Succ: 2000 Fail:0 Unfinished:0 

2020-08-18T10:52:50+09:00 - INFO [demo.js]: [Transaction Info] - Submitted: 2000 Succ: 2000 Fail:0 Unfinished:0 

2020-08-18T10:52:51+09:00 - INFO [demo.js]: [Transaction Info] - Submitted: 2000 Succ: 2000 Fail:0 Unfinished:0 

2020-08-18T10:52:52+09:00 - INFO [demo.js]: [Transaction Info] - Submitted: 2000 Succ: 2000 Fail:0 Unfinished:0 

2020-08-18T10:52:53+09:00 - INFO [demo.js]: [Transaction Info] - Submitted: 2000 Succ: 2000 Fail:0 Unfinished:0 

2020-08-18T10:52:54+09:00 - INFO [demo.js]: [Transaction Info] - Submitted: 2000 Succ: 2000 Fail:0 Unfinished:0 

2020-08-18T10:52:55+09:00 - INFO [demo.js]: [Transaction Info] - Submitted: 2000 Succ: 2000 Fail:0 Unfinished:0 

2020-08-18T10:52:56+09:00 - INFO [demo.js]: [Transaction Info] - Submitted: 2000 Succ: 2000 Fail:0 Unfinished:0 

2020-08-18T10:52:57+09:00 - INFO [demo.js]: [Transaction Info] - Submitted: 2000 Succ: 2000 Fail:0 Unfinished:0 

2020-08-18T10:52:58+09:00 - ERROR [monitor-docker.js]: TypeError: Cannot read property 'cpu_usage' of undefined 

2020-08-18T10:52:58+09:00 - INFO [demo.js]: [Transaction Info] - Submitted: 2000 Succ: 2000 Fail:0 Unfinished:0 

2020-08-18T10:53:29+09:00 - DEBUG Constructed a winston logger with the specified targets:
	{"consolelogger":{"target":"console","level":"info"},"filelogger":{"target":"daily-rotate-file","level":"debug","filename":"log/caliper-%DATE%.log","datePattern":"YYYY-MM-DD-HH","maxSize":"5m","zippedArchive":true}}

2020-08-18T10:53:30+09:00 - INFO [caliper-flow]: ####### Caliper Test ####### 

2020-08-18T10:53:30+09:00 - INFO [caliper-utils]: Executing command: cd /home/oslab/caliper_v0.1.0/caliper/packages/caliper-samples;docker-compose -f network/fabric-v1.4.1/kafka2o2pgoleveldb/docker-compose.yaml up -d;sleep 3s 

2020-08-18T10:53:53+09:00 - INFO [adapters/fabric]: Fabric SDK version: 1.4.4; TLS: none 

2020-08-18T10:53:53+09:00 - INFO [adapters/fabric]: Org1's registrar enrolled successfully 

2020-08-18T10:53:53+09:00 - INFO [adapters/fabric]: Org2's registrar enrolled successfully 

2020-08-18T10:53:53+09:00 - INFO [adapters/fabric]: Org1's admin's materials are successfully loaded 

2020-08-18T10:53:53+09:00 - INFO [adapters/fabric]: Org2's admin's materials are successfully loaded 

2020-08-18T10:53:53+09:00 - INFO [adapters/fabric]: client0.org1.example.com's materials are successfully loaded 

2020-08-18T10:53:53+09:00 - INFO [adapters/fabric]: client0.org2.example.com's materials are successfully loaded 

2020-08-18T10:53:53+09:00 - INFO [adapters/fabric]: Channel 'mychannel' definiton being retrieved from file 

2020-08-18T10:53:53+09:00 - INFO [adapters/fabric]: Channel 'mychannel' successfully created 

2020-08-18T10:53:53+09:00 - INFO [adapters/fabric]: Sleeping 5s... 

2020-08-18T10:53:59+09:00 - INFO [adapters/fabric]: Org1's peers successfully joined mychannel: peer0.org1.example.com,peer1.org1.example.com 

2020-08-18T10:53:59+09:00 - INFO [adapters/fabric]: Org2's peers successfully joined mychannel: peer0.org2.example.com,peer1.org2.example.com 

2020-08-18T10:53:59+09:00 - INFO [adapters/fabric]: Sleeping 5s... 

2020-08-18T10:54:04+09:00 - INFO [adapters/fabric]: Installing chaincodes for mychannel... 

2020-08-18T10:54:04+09:00 - INFO [adapters/fabric]: marbles@v0 successfully installed on Org1's peers: peer0.org1.example.com,peer1.org1.example.com 

2020-08-18T10:54:04+09:00 - INFO [adapters/fabric]: marbles@v0 successfully installed on Org2's peers: peer0.org2.example.com,peer1.org2.example.com 

2020-08-18T10:54:04+09:00 - INFO [adapters/fabric]: drm@v0 successfully installed on Org1's peers: peer0.org1.example.com,peer1.org1.example.com 

2020-08-18T10:54:04+09:00 - INFO [adapters/fabric]: drm@v0 successfully installed on Org2's peers: peer0.org2.example.com,peer1.org2.example.com 

2020-08-18T10:54:04+09:00 - INFO [adapters/fabric]: simple@v0 successfully installed on Org1's peers: peer0.org1.example.com,peer1.org1.example.com 

2020-08-18T10:54:04+09:00 - INFO [adapters/fabric]: simple@v0 successfully installed on Org2's peers: peer0.org2.example.com,peer1.org2.example.com 

2020-08-18T10:54:04+09:00 - INFO [adapters/fabric]: smallbank@v0 successfully installed on Org1's peers: peer0.org1.example.com,peer1.org1.example.com 

2020-08-18T10:54:04+09:00 - INFO [adapters/fabric]: smallbank@v0 successfully installed on Org2's peers: peer0.org2.example.com,peer1.org2.example.com 

2020-08-18T10:54:04+09:00 - INFO [adapters/fabric]: Instantiating marbles@v0 in mychannel. This might take some time... 

2020-08-18T10:54:21+09:00 - INFO [adapters/fabric]: Successfully instantiated marbles@v0 in mychannel 

2020-08-18T10:54:21+09:00 - INFO [adapters/fabric]: Instantiating drm@v0 in mychannel. This might take some time... 

2020-08-18T10:54:39+09:00 - INFO [adapters/fabric]: Successfully instantiated drm@v0 in mychannel 

2020-08-18T10:54:39+09:00 - INFO [adapters/fabric]: Instantiating simple@v0 in mychannel. This might take some time... 

2020-08-18T10:54:57+09:00 - INFO [adapters/fabric]: Successfully instantiated simple@v0 in mychannel 

2020-08-18T10:54:57+09:00 - INFO [adapters/fabric]: Instantiating smallbank@v0 in mychannel. This might take some time... 

2020-08-18T10:55:15+09:00 - INFO [adapters/fabric]: Successfully instantiated smallbank@v0 in mychannel 

2020-08-18T10:55:15+09:00 - INFO [adapters/fabric]: Sleeping 5s... 

2020-08-18T10:55:20+09:00 - INFO [caliper-flow]: Started monitor successfully 

2020-08-18T10:55:20+09:00 - INFO [defaultTest]: ####### Testing 'smallOperations' ####### 

2020-08-18T10:55:20+09:00 - INFO [defaultTest]: ------ Test round 1 ------ 

2020-08-18T10:55:20+09:00 - INFO [client-util.js]: Launching client with PID  24825 

2020-08-18T10:55:20+09:00 - INFO [client-util.js]: Launching client with PID  24830 

2020-08-18T10:55:20+09:00 - INFO [client-util.js]: Launching client with PID  24836 

2020-08-18T10:55:20+09:00 - INFO [client-util.js]: Launching client with PID  24842 

2020-08-18T10:55:20+09:00 - INFO [client-util.js]: Launching client with PID  24847 

2020-08-18T10:55:20+09:00 - INFO [client-util.js]: Waiting for 5 clients to be ready...  

2020-08-18T10:55:21+09:00 - INFO [demo.js]: [Transaction Info] - Submitted: 0 Succ: 0 Fail:0 Unfinished:0 

2020-08-18T10:55:20+09:00 - DEBUG Constructed a winston logger with the specified targets:
	{"consolelogger":{"target":"console","level":"info"},"filelogger":{"target":"daily-rotate-file","level":"debug","filename":"log/caliper-%DATE%.log","datePattern":"YYYY-MM-DD-HH","maxSize":"5m","zippedArchive":true}}

2020-08-18T10:55:20+09:00 - DEBUG Constructed a winston logger with the specified targets:
	{"consolelogger":{"target":"console","level":"info"},"filelogger":{"target":"daily-rotate-file","level":"debug","filename":"log/caliper-%DATE%.log","datePattern":"YYYY-MM-DD-HH","maxSize":"5m","zippedArchive":true}}

2020-08-18T10:55:20+09:00 - DEBUG Constructed a winston logger with the specified targets:
	{"consolelogger":{"target":"console","level":"info"},"filelogger":{"target":"daily-rotate-file","level":"debug","filename":"log/caliper-%DATE%.log","datePattern":"YYYY-MM-DD-HH","maxSize":"5m","zippedArchive":true}}

2020-08-18T10:55:20+09:00 - DEBUG Constructed a winston logger with the specified targets:
	{"consolelogger":{"target":"console","level":"info"},"filelogger":{"target":"daily-rotate-file","level":"debug","filename":"log/caliper-%DATE%.log","datePattern":"YYYY-MM-DD-HH","maxSize":"5m","zippedArchive":true}}

2020-08-18T10:55:20+09:00 - DEBUG Constructed a winston logger with the specified targets:
	{"consolelogger":{"target":"console","level":"info"},"filelogger":{"target":"daily-rotate-file","level":"debug","filename":"log/caliper-%DATE%.log","datePattern":"YYYY-MM-DD-HH","maxSize":"5m","zippedArchive":true}}

2020-08-18T10:55:22+09:00 - INFO [client-util.js]: Client ready message recieved 

2020-08-18T10:55:22+09:00 - INFO [fabric/fabricClientWorker]: Client ready 

2020-08-18T10:55:22+09:00 - INFO [client-util.js]: Client ready message recieved 

2020-08-18T10:55:22+09:00 - INFO [fabric/fabricClientWorker]: Client ready 

2020-08-18T10:55:22+09:00 - INFO [client-util.js]: Client ready message recieved 

2020-08-18T10:55:22+09:00 - INFO [fabric/fabricClientWorker]: Client ready 

2020-08-18T10:55:22+09:00 - INFO [client-util.js]: Client ready message recieved 

2020-08-18T10:55:22+09:00 - INFO [fabric/fabricClientWorker]: Client ready 

2020-08-18T10:55:22+09:00 - INFO [client-util.js]: Client ready message recieved 

2020-08-18T10:55:22+09:00 - INFO [client-util.js]: 5 clients ready, starting test phase 

2020-08-18T10:55:22+09:00 - INFO [fabric/fabricClientWorker]: Client ready 

2020-08-18T10:55:22+09:00 - DEBUG [local-client.js]: doTest() with:
	{"type":"test","label":"smallOperations","rateControl":{"type":"fixed-rate","opts":{"tps":2100}},"trim":0,"args":{"accounts":400,"txnPerBatch":1},"cb":"benchmark/smallbank/smallbankOperations.js","config":"/home/oslab/caliper_v0.1.0/caliper/packages/caliper-samples/network/fabric-v1.4.1/kafka2o2pgoleveldb/fabric-go.yaml","root":"/home/oslab/caliper_v0.1.0/caliper/packages/caliper-samples","numb":420,"roundIdx":1,"totalClients":5,"clients":5,"clientargs":{},"clientIdx":3}

2020-08-18T10:55:22+09:00 - DEBUG [local-client.js]: doTest() with:
	{"type":"test","label":"smallOperations","rateControl":{"type":"fixed-rate","opts":{"tps":2100}},"trim":0,"args":{"accounts":400,"txnPerBatch":1},"cb":"benchmark/smallbank/smallbankOperations.js","config":"/home/oslab/caliper_v0.1.0/caliper/packages/caliper-samples/network/fabric-v1.4.1/kafka2o2pgoleveldb/fabric-go.yaml","root":"/home/oslab/caliper_v0.1.0/caliper/packages/caliper-samples","numb":420,"roundIdx":1,"totalClients":5,"clients":5,"clientargs":{},"clientIdx":0}

2020-08-18T10:55:22+09:00 - DEBUG [local-client.js]: doTest() with:
	{"type":"test","label":"smallOperations","rateControl":{"type":"fixed-rate","opts":{"tps":2100}},"trim":0,"args":{"accounts":400,"txnPerBatch":1},"cb":"benchmark/smallbank/smallbankOperations.js","config":"/home/oslab/caliper_v0.1.0/caliper/packages/caliper-samples/network/fabric-v1.4.1/kafka2o2pgoleveldb/fabric-go.yaml","root":"/home/oslab/caliper_v0.1.0/caliper/packages/caliper-samples","numb":420,"roundIdx":1,"totalClients":5,"clients":5,"clientargs":{},"clientIdx":1}

2020-08-18T10:55:22+09:00 - DEBUG [local-client.js]: doTest() with:
	{"type":"test","label":"smallOperations","rateControl":{"type":"fixed-rate","opts":{"tps":2100}},"trim":0,"args":{"accounts":400,"txnPerBatch":1},"cb":"benchmark/smallbank/smallbankOperations.js","config":"/home/oslab/caliper_v0.1.0/caliper/packages/caliper-samples/network/fabric-v1.4.1/kafka2o2pgoleveldb/fabric-go.yaml","root":"/home/oslab/caliper_v0.1.0/caliper/packages/caliper-samples","numb":420,"roundIdx":1,"totalClients":5,"clients":5,"clientargs":{},"clientIdx":2}

2020-08-18T10:55:22+09:00 - DEBUG [local-client.js]: doTest() with:
	{"type":"test","label":"smallOperations","rateControl":{"type":"fixed-rate","opts":{"tps":2100}},"trim":0,"args":{"accounts":400,"txnPerBatch":1},"cb":"benchmark/smallbank/smallbankOperations.js","config":"/home/oslab/caliper_v0.1.0/caliper/packages/caliper-samples/network/fabric-v1.4.1/kafka2o2pgoleveldb/fabric-go.yaml","root":"/home/oslab/caliper_v0.1.0/caliper/packages/caliper-samples","numb":420,"roundIdx":1,"totalClients":5,"clients":5,"clientargs":{},"clientIdx":4}

2020-08-18T10:55:22+09:00 - INFO [local-client.js]: txUpdateTime: 1000 

2020-08-18T10:55:22+09:00 - INFO [local-client.js]: txUpdateTime: 1000 

2020-08-18T10:55:22+09:00 - INFO [local-client.js]: txUpdateTime: 1000 

2020-08-18T10:55:22+09:00 - INFO [local-client.js]: txUpdateTime: 1000 

2020-08-18T10:55:22+09:00 - INFO [local-client.js]: txUpdateTime: 1000 

2020-08-18T10:55:22+09:00 - INFO [local-client.js]: Info: client 24847 start test runFixedNumber():small_bank_operations 

2020-08-18T10:55:22+09:00 - DEBUG [rateControl.js]: Creating rate controller for client#4 for round#1
	{"type":"fixed-rate","opts":{"tps":2100}}

2020-08-18T10:55:22+09:00 - INFO [local-client.js]: Info: client 24830 start test runFixedNumber():small_bank_operations 

2020-08-18T10:55:22+09:00 - DEBUG [rateControl.js]: Creating rate controller for client#1 for round#1
	{"type":"fixed-rate","opts":{"tps":2100}}

2020-08-18T10:55:22+09:00 - INFO [local-client.js]: Info: client 24842 start test runFixedNumber():small_bank_operations 

2020-08-18T10:55:22+09:00 - INFO [local-client.js]: Info: client 24836 start test runFixedNumber():small_bank_operations 

2020-08-18T10:55:22+09:00 - INFO [local-client.js]: Info: client 24825 start test runFixedNumber():small_bank_operations 

2020-08-18T10:55:22+09:00 - DEBUG [rateControl.js]: Creating rate controller for client#2 for round#1
	{"type":"fixed-rate","opts":{"tps":2100}}

2020-08-18T10:55:22+09:00 - DEBUG [rateControl.js]: Creating rate controller for client#3 for round#1
	{"type":"fixed-rate","opts":{"tps":2100}}

2020-08-18T10:55:22+09:00 - DEBUG [rateControl.js]: Creating rate controller for client#0 for round#1
	{"type":"fixed-rate","opts":{"tps":2100}}

2020-08-18T10:55:22+09:00 - INFO [demo.js]: [Transaction Info] - Submitted: 0 Succ: 0 Fail:0 Unfinished:0 

2020-08-18T10:55:23+09:00 - INFO [demo.js]: [Transaction Info] - Submitted: 535 Succ: 0 Fail:0 Unfinished:535 

2020-08-18T10:55:24+09:00 - INFO [demo.js]: [Transaction Info] - Submitted: 1203 Succ: 617 Fail:0 Unfinished:586 

2020-08-18T10:55:25+09:00 - ERROR uncaughtException: Cannot read property 'toString' of undefined
	{"date":"Tue Aug 18 2020 10:55:25 GMT+0900 (KST)","process":{"pid":24847,"uid":0,"gid":0,"cwd":"/home/oslab/caliper_v0.1.0","execPath":"/usr/bin/node","version":"v8.17.0","argv":["/usr/bin/node","/home/oslab/caliper_v0.1.0/node_modules/@hyperledger/caliper-fabric/lib/fabricClientWorker.js","/home/oslab/caliper_v0.1.0/node_modules/.bin/caliper","benchmark","run","--caliper-workspace","caliper/packages/caliper-samples","--caliper-benchconfig","benchmark/smallbank/config.yaml","--caliper-networkconfig","network/fabric-v1.4.1/kafka2o2pgoleveldb/fabric-go.yaml","--caliper-test-skip-end"],"memoryUsage":{"rss":156356608,"heapTotal":108982272,"heapUsed":70169136,"external":7411286}},"os":{"loadavg":[20.74560546875,12.93798828125,5.58837890625],"uptime":6461852},"trace":[{"column":117,"file":"/home/oslab/caliper_v0.1.0/caliper/packages/caliper-samples/benchmark/smallbank/smallbankOperations.js","function":"Object.module.exports.run","line":182,"method":"run","native":false},{"column":34,"file":"/home/oslab/caliper_v0.1.0/node_modules/@hyperledger/caliper-core/lib/client/caliper-local-client.js","function":"setImmediatePromise","line":174,"method":null,"native":false},{"column":17,"file":"/home/oslab/caliper_v0.1.0/node_modules/@hyperledger/caliper-core/lib/client/caliper-local-client.js","function":"Immediate.setImmediate [as _onImmediate]","line":147,"method":"setImmediate [as _onImmediate]","native":false},{"column":20,"file":"timers.js","function":"runCallback","line":810,"method":null,"native":false},{"column":5,"file":"timers.js","function":"tryOnImmediate","line":768,"method":null,"native":false},{"column":5,"file":"timers.js","function":"processImmediate [as _immediateCallback]","line":745,"method":null,"native":false}],"stack":["TypeError: Cannot read property 'toString' of undefined","    at Object.module.exports.run (/home/oslab/caliper_v0.1.0/caliper/packages/caliper-samples/benchmark/smallbank/smallbankOperations.js:182:117)","    at setImmediatePromise (/home/oslab/caliper_v0.1.0/node_modules/@hyperledger/caliper-core/lib/client/caliper-local-client.js:174:34)","    at Immediate.setImmediate [as _onImmediate] (/home/oslab/caliper_v0.1.0/node_modules/@hyperledger/caliper-core/lib/client/caliper-local-client.js:147:17)","    at runCallback (timers.js:810:20)","    at tryOnImmediate (timers.js:768:5)","    at processImmediate [as _immediateCallback] (timers.js:745:5)"]}

2020-08-18T10:55:25+09:00 - ERROR uncaughtException: Cannot read property 'toString' of undefined
	{"date":"Tue Aug 18 2020 10:55:25 GMT+0900 (KST)","process":{"pid":24830,"uid":0,"gid":0,"cwd":"/home/oslab/caliper_v0.1.0","execPath":"/usr/bin/node","version":"v8.17.0","argv":["/usr/bin/node","/home/oslab/caliper_v0.1.0/node_modules/@hyperledger/caliper-fabric/lib/fabricClientWorker.js","/home/oslab/caliper_v0.1.0/node_modules/.bin/caliper","benchmark","run","--caliper-workspace","caliper/packages/caliper-samples","--caliper-benchconfig","benchmark/smallbank/config.yaml","--caliper-networkconfig","network/fabric-v1.4.1/kafka2o2pgoleveldb/fabric-go.yaml","--caliper-test-skip-end"],"memoryUsage":{"rss":158777344,"heapTotal":111603712,"heapUsed":64677704,"external":7286326}},"os":{"loadavg":[20.74560546875,12.93798828125,5.58837890625],"uptime":6461853},"trace":[{"column":117,"file":"/home/oslab/caliper_v0.1.0/caliper/packages/caliper-samples/benchmark/smallbank/smallbankOperations.js","function":"Object.module.exports.run","line":182,"method":"run","native":false},{"column":34,"file":"/home/oslab/caliper_v0.1.0/node_modules/@hyperledger/caliper-core/lib/client/caliper-local-client.js","function":"setImmediatePromise","line":174,"method":null,"native":false},{"column":17,"file":"/home/oslab/caliper_v0.1.0/node_modules/@hyperledger/caliper-core/lib/client/caliper-local-client.js","function":"Immediate.setImmediate [as _onImmediate]","line":147,"method":"setImmediate [as _onImmediate]","native":false},{"column":20,"file":"timers.js","function":"runCallback","line":810,"method":null,"native":false},{"column":5,"file":"timers.js","function":"tryOnImmediate","line":768,"method":null,"native":false},{"column":5,"file":"timers.js","function":"processImmediate [as _immediateCallback]","line":745,"method":null,"native":false}],"stack":["TypeError: Cannot read property 'toString' of undefined","    at Object.module.exports.run (/home/oslab/caliper_v0.1.0/caliper/packages/caliper-samples/benchmark/smallbank/smallbankOperations.js:182:117)","    at setImmediatePromise (/home/oslab/caliper_v0.1.0/node_modules/@hyperledger/caliper-core/lib/client/caliper-local-client.js:174:34)","    at Immediate.setImmediate [as _onImmediate] (/home/oslab/caliper_v0.1.0/node_modules/@hyperledger/caliper-core/lib/client/caliper-local-client.js:147:17)","    at runCallback (timers.js:810:20)","    at tryOnImmediate (timers.js:768:5)","    at processImmediate [as _immediateCallback] (timers.js:745:5)"]}

2020-08-18T10:55:25+09:00 - ERROR uncaughtException: Cannot read property 'toString' of undefined
	{"date":"Tue Aug 18 2020 10:55:25 GMT+0900 (KST)","process":{"pid":24825,"uid":0,"gid":0,"cwd":"/home/oslab/caliper_v0.1.0","execPath":"/usr/bin/node","version":"v8.17.0","argv":["/usr/bin/node","/home/oslab/caliper_v0.1.0/node_modules/@hyperledger/caliper-fabric/lib/fabricClientWorker.js","/home/oslab/caliper_v0.1.0/node_modules/.bin/caliper","benchmark","run","--caliper-workspace","caliper/packages/caliper-samples","--caliper-benchconfig","benchmark/smallbank/config.yaml","--caliper-networkconfig","network/fabric-v1.4.1/kafka2o2pgoleveldb/fabric-go.yaml","--caliper-test-skip-end"],"memoryUsage":{"rss":157696000,"heapTotal":110555136,"heapUsed":67086120,"external":7322193}},"os":{"loadavg":[20.74560546875,12.93798828125,5.58837890625],"uptime":6461853},"trace":[{"column":117,"file":"/home/oslab/caliper_v0.1.0/caliper/packages/caliper-samples/benchmark/smallbank/smallbankOperations.js","function":"Object.module.exports.run","line":182,"method":"run","native":false},{"column":34,"file":"/home/oslab/caliper_v0.1.0/node_modules/@hyperledger/caliper-core/lib/client/caliper-local-client.js","function":"setImmediatePromise","line":174,"method":null,"native":false},{"column":17,"file":"/home/oslab/caliper_v0.1.0/node_modules/@hyperledger/caliper-core/lib/client/caliper-local-client.js","function":"Immediate.setImmediate [as _onImmediate]","line":147,"method":"setImmediate [as _onImmediate]","native":false},{"column":20,"file":"timers.js","function":"runCallback","line":810,"method":null,"native":false},{"column":5,"file":"timers.js","function":"tryOnImmediate","line":768,"method":null,"native":false},{"column":5,"file":"timers.js","function":"processImmediate [as _immediateCallback]","line":745,"method":null,"native":false}],"stack":["TypeError: Cannot read property 'toString' of undefined","    at Object.module.exports.run (/home/oslab/caliper_v0.1.0/caliper/packages/caliper-samples/benchmark/smallbank/smallbankOperations.js:182:117)","    at setImmediatePromise (/home/oslab/caliper_v0.1.0/node_modules/@hyperledger/caliper-core/lib/client/caliper-local-client.js:174:34)","    at Immediate.setImmediate [as _onImmediate] (/home/oslab/caliper_v0.1.0/node_modules/@hyperledger/caliper-core/lib/client/caliper-local-client.js:147:17)","    at runCallback (timers.js:810:20)","    at tryOnImmediate (timers.js:768:5)","    at processImmediate [as _immediateCallback] (timers.js:745:5)"]}

2020-08-18T10:55:25+09:00 - ERROR uncaughtException: Cannot read property 'toString' of undefined
	{"date":"Tue Aug 18 2020 10:55:25 GMT+0900 (KST)","process":{"pid":24836,"uid":0,"gid":0,"cwd":"/home/oslab/caliper_v0.1.0","execPath":"/usr/bin/node","version":"v8.17.0","argv":["/usr/bin/node","/home/oslab/caliper_v0.1.0/node_modules/@hyperledger/caliper-fabric/lib/fabricClientWorker.js","/home/oslab/caliper_v0.1.0/node_modules/.bin/caliper","benchmark","run","--caliper-workspace","caliper/packages/caliper-samples","--caliper-benchconfig","benchmark/smallbank/config.yaml","--caliper-networkconfig","network/fabric-v1.4.1/kafka2o2pgoleveldb/fabric-go.yaml","--caliper-test-skip-end"],"memoryUsage":{"rss":163819520,"heapTotal":116846592,"heapUsed":71730488,"external":7611991}},"os":{"loadavg":[20.74560546875,12.93798828125,5.58837890625],"uptime":6461853},"trace":[{"column":117,"file":"/home/oslab/caliper_v0.1.0/caliper/packages/caliper-samples/benchmark/smallbank/smallbankOperations.js","function":"Object.module.exports.run","line":182,"method":"run","native":false},{"column":34,"file":"/home/oslab/caliper_v0.1.0/node_modules/@hyperledger/caliper-core/lib/client/caliper-local-client.js","function":"setImmediatePromise","line":174,"method":null,"native":false},{"column":17,"file":"/home/oslab/caliper_v0.1.0/node_modules/@hyperledger/caliper-core/lib/client/caliper-local-client.js","function":"Immediate.setImmediate [as _onImmediate]","line":147,"method":"setImmediate [as _onImmediate]","native":false},{"column":20,"file":"timers.js","function":"runCallback","line":810,"method":null,"native":false},{"column":5,"file":"timers.js","function":"tryOnImmediate","line":768,"method":null,"native":false},{"column":5,"file":"timers.js","function":"processImmediate [as _immediateCallback]","line":745,"method":null,"native":false}],"stack":["TypeError: Cannot read property 'toString' of undefined","    at Object.module.exports.run (/home/oslab/caliper_v0.1.0/caliper/packages/caliper-samples/benchmark/smallbank/smallbankOperations.js:182:117)","    at setImmediatePromise (/home/oslab/caliper_v0.1.0/node_modules/@hyperledger/caliper-core/lib/client/caliper-local-client.js:174:34)","    at Immediate.setImmediate [as _onImmediate] (/home/oslab/caliper_v0.1.0/node_modules/@hyperledger/caliper-core/lib/client/caliper-local-client.js:147:17)","    at runCallback (timers.js:810:20)","    at tryOnImmediate (timers.js:768:5)","    at processImmediate [as _immediateCallback] (timers.js:745:5)"]}

2020-08-18T10:55:25+09:00 - ERROR uncaughtException: Cannot read property 'toString' of undefined
	{"date":"Tue Aug 18 2020 10:55:25 GMT+0900 (KST)","process":{"pid":24842,"uid":0,"gid":0,"cwd":"/home/oslab/caliper_v0.1.0","execPath":"/usr/bin/node","version":"v8.17.0","argv":["/usr/bin/node","/home/oslab/caliper_v0.1.0/node_modules/@hyperledger/caliper-fabric/lib/fabricClientWorker.js","/home/oslab/caliper_v0.1.0/node_modules/.bin/caliper","benchmark","run","--caliper-workspace","caliper/packages/caliper-samples","--caliper-benchconfig","benchmark/smallbank/config.yaml","--caliper-networkconfig","network/fabric-v1.4.1/kafka2o2pgoleveldb/fabric-go.yaml","--caliper-test-skip-end"],"memoryUsage":{"rss":157396992,"heapTotal":110030848,"heapUsed":69152784,"external":7552898}},"os":{"loadavg":[20.74560546875,12.93798828125,5.58837890625],"uptime":6461853},"trace":[{"column":117,"file":"/home/oslab/caliper_v0.1.0/caliper/packages/caliper-samples/benchmark/smallbank/smallbankOperations.js","function":"Object.module.exports.run","line":182,"method":"run","native":false},{"column":34,"file":"/home/oslab/caliper_v0.1.0/node_modules/@hyperledger/caliper-core/lib/client/caliper-local-client.js","function":"setImmediatePromise","line":174,"method":null,"native":false},{"column":17,"file":"/home/oslab/caliper_v0.1.0/node_modules/@hyperledger/caliper-core/lib/client/caliper-local-client.js","function":"Immediate.setImmediate [as _onImmediate]","line":147,"method":"setImmediate [as _onImmediate]","native":false},{"column":20,"file":"timers.js","function":"runCallback","line":810,"method":null,"native":false},{"column":5,"file":"timers.js","function":"tryOnImmediate","line":768,"method":null,"native":false},{"column":5,"file":"timers.js","function":"processImmediate [as _immediateCallback]","line":745,"method":null,"native":false}],"stack":["TypeError: Cannot read property 'toString' of undefined","    at Object.module.exports.run (/home/oslab/caliper_v0.1.0/caliper/packages/caliper-samples/benchmark/smallbank/smallbankOperations.js:182:117)","    at setImmediatePromise (/home/oslab/caliper_v0.1.0/node_modules/@hyperledger/caliper-core/lib/client/caliper-local-client.js:174:34)","    at Immediate.setImmediate [as _onImmediate] (/home/oslab/caliper_v0.1.0/node_modules/@hyperledger/caliper-core/lib/client/caliper-local-client.js:147:17)","    at runCallback (timers.js:810:20)","    at tryOnImmediate (timers.js:768:5)","    at processImmediate [as _immediateCallback] (timers.js:745:5)"]}

2020-08-18T10:55:25+09:00 - INFO [demo.js]: [Transaction Info] - Submitted: 1868 Succ: 1023 Fail:0 Unfinished:845 

2020-08-18T10:55:26+09:00 - INFO [demo.js]: [Transaction Info] - Submitted: 2000 Succ: 2000 Fail:0 Unfinished:0 

2020-08-18T10:55:27+09:00 - INFO [demo.js]: [Transaction Info] - Submitted: 2000 Succ: 2000 Fail:0 Unfinished:0 

2020-08-18T10:55:28+09:00 - INFO [client-util.js]: Client exited with code 1 

2020-08-18T10:55:28+09:00 - ERROR [defaultTest]: ------ Failed 'smallOperations' testing with the following error ------
    Error: Client already exited
    at ChildProcess.<anonymous> (/home/oslab/caliper_v0.1.0/node_modules/@hyperledger/caliper-core/lib/client/client-util.js:115:32)
    at emitTwo (events.js:126:13)
    at ChildProcess.emit (events.js:214:7)
    at Process.ChildProcess._handle.onexit (internal/child_process.js:198:12) 

2020-08-18T10:55:28+09:00 - INFO [caliper-flow]: ---------- Finished Test ----------
 

2020-08-18T10:55:28+09:00 - ERROR [caliper-flow]: Error: TypeError: Cannot read property 'unshift' of undefined
    at Report.printResultsByRound (/home/oslab/caliper_v0.1.0/node_modules/@hyperledger/caliper-core/lib/report/report.js:133:32)
    at Object.module.exports.run (/home/oslab/caliper_v0.1.0/node_modules/@hyperledger/caliper-core/lib/caliper-flow.js:114:20)
    at <anonymous>
    at process._tickCallback (internal/process/next_tick.js:189:7) 

2020-08-18T10:55:28+09:00 - INFO [caliper-utils]: Executing command: cd /home/oslab/caliper_v0.1.0/caliper/packages/caliper-samples;docker-compose -f network/fabric-v1.4.1/kafka2o2pgoleveldb/docker-compose.yaml down;(test -z \"$(docker ps -aq)\") || docker rm $(docker ps -aq);(test -z \"$(docker images dev* -q)\") || docker rmi $(docker images dev* -q);rm -rf /tmp/hfc-* 

2020-08-18T10:55:28+09:00 - INFO [client-util.js]: Client exited with code 1 

2020-08-18T10:55:28+09:00 - INFO [client-util.js]: Client exited with code 1 

2020-08-18T10:55:28+09:00 - INFO [client-util.js]: Client exited with code 1 

2020-08-18T10:55:28+09:00 - INFO [demo.js]: [Transaction Info] - Submitted: 2000 Succ: 2000 Fail:0 Unfinished:0 

2020-08-18T10:55:28+09:00 - INFO [client-util.js]: Client exited with code 1 

2020-08-18T10:55:29+09:00 - INFO [demo.js]: [Transaction Info] - Submitted: 2000 Succ: 2000 Fail:0 Unfinished:0 

2020-08-18T10:55:30+09:00 - INFO [demo.js]: [Transaction Info] - Submitted: 2000 Succ: 2000 Fail:0 Unfinished:0 

2020-08-18T10:55:31+09:00 - INFO [demo.js]: [Transaction Info] - Submitted: 2000 Succ: 2000 Fail:0 Unfinished:0 

2020-08-18T10:55:32+09:00 - INFO [demo.js]: [Transaction Info] - Submitted: 2000 Succ: 2000 Fail:0 Unfinished:0 

2020-08-18T10:55:33+09:00 - INFO [demo.js]: [Transaction Info] - Submitted: 2000 Succ: 2000 Fail:0 Unfinished:0 

2020-08-18T10:55:34+09:00 - INFO [demo.js]: [Transaction Info] - Submitted: 2000 Succ: 2000 Fail:0 Unfinished:0 

2020-08-18T10:55:35+09:00 - INFO [demo.js]: [Transaction Info] - Submitted: 2000 Succ: 2000 Fail:0 Unfinished:0 

2020-08-18T10:55:36+09:00 - INFO [demo.js]: [Transaction Info] - Submitted: 2000 Succ: 2000 Fail:0 Unfinished:0 

2020-08-18T10:55:37+09:00 - INFO [demo.js]: [Transaction Info] - Submitted: 2000 Succ: 2000 Fail:0 Unfinished:0 

2020-08-18T10:55:38+09:00 - INFO [demo.js]: [Transaction Info] - Submitted: 2000 Succ: 2000 Fail:0 Unfinished:0 

2020-08-18T10:55:39+09:00 - INFO [demo.js]: [Transaction Info] - Submitted: 2000 Succ: 2000 Fail:0 Unfinished:0 

2020-08-18T10:55:40+09:00 - INFO [demo.js]: [Transaction Info] - Submitted: 2000 Succ: 2000 Fail:0 Unfinished:0 

2020-08-18T10:55:41+09:00 - INFO [demo.js]: [Transaction Info] - Submitted: 2000 Succ: 2000 Fail:0 Unfinished:0 

2020-08-18T10:55:42+09:00 - INFO [demo.js]: [Transaction Info] - Submitted: 2000 Succ: 2000 Fail:0 Unfinished:0 

2020-08-18T10:55:43+09:00 - INFO [demo.js]: [Transaction Info] - Submitted: 2000 Succ: 2000 Fail:0 Unfinished:0 

2020-08-18T10:55:44+09:00 - INFO [demo.js]: [Transaction Info] - Submitted: 2000 Succ: 2000 Fail:0 Unfinished:0 

2020-08-18T10:55:45+09:00 - INFO [demo.js]: [Transaction Info] - Submitted: 2000 Succ: 2000 Fail:0 Unfinished:0 

2020-08-18T10:55:46+09:00 - ERROR [monitor-docker.js]: TypeError: Cannot read property 'cpu_usage' of undefined 

2020-08-18T10:55:46+09:00 - INFO [demo.js]: [Transaction Info] - Submitted: 2000 Succ: 2000 Fail:0 Unfinished:0 

2020-08-18T10:57:18+09:00 - DEBUG Constructed a winston logger with the specified targets:
	{"consolelogger":{"target":"console","level":"info"},"filelogger":{"target":"daily-rotate-file","level":"debug","filename":"log/caliper-%DATE%.log","datePattern":"YYYY-MM-DD-HH","maxSize":"5m","zippedArchive":true}}

2020-08-18T10:57:19+09:00 - INFO [caliper-flow]: ####### Caliper Test ####### 

2020-08-18T10:57:19+09:00 - INFO [caliper-utils]: Executing command: cd /home/oslab/caliper_v0.1.0/caliper/packages/caliper-samples;docker-compose -f network/fabric-v1.4.1/kafka2o2pgoleveldb/docker-compose.yaml up -d;sleep 3s 

2020-08-18T10:57:40+09:00 - INFO [adapters/fabric]: Fabric SDK version: 1.4.4; TLS: none 

2020-08-18T10:57:41+09:00 - INFO [adapters/fabric]: Org1's registrar enrolled successfully 

2020-08-18T10:57:41+09:00 - INFO [adapters/fabric]: Org2's registrar enrolled successfully 

2020-08-18T10:57:41+09:00 - INFO [adapters/fabric]: Org1's admin's materials are successfully loaded 

2020-08-18T10:57:41+09:00 - INFO [adapters/fabric]: Org2's admin's materials are successfully loaded 

2020-08-18T10:57:41+09:00 - INFO [adapters/fabric]: client0.org1.example.com's materials are successfully loaded 

2020-08-18T10:57:41+09:00 - INFO [adapters/fabric]: client0.org2.example.com's materials are successfully loaded 

2020-08-18T10:57:41+09:00 - INFO [adapters/fabric]: Channel 'mychannel' definiton being retrieved from file 

2020-08-18T10:57:41+09:00 - INFO [adapters/fabric]: Channel 'mychannel' successfully created 

2020-08-18T10:57:41+09:00 - INFO [adapters/fabric]: Sleeping 5s... 

2020-08-18T10:57:46+09:00 - INFO [adapters/fabric]: Org1's peers successfully joined mychannel: peer0.org1.example.com,peer1.org1.example.com 

2020-08-18T10:57:47+09:00 - INFO [adapters/fabric]: Org2's peers successfully joined mychannel: peer0.org2.example.com,peer1.org2.example.com 

2020-08-18T10:57:47+09:00 - INFO [adapters/fabric]: Sleeping 5s... 

2020-08-18T10:57:52+09:00 - INFO [adapters/fabric]: Installing chaincodes for mychannel... 

2020-08-18T10:57:52+09:00 - INFO [adapters/fabric]: marbles@v0 successfully installed on Org1's peers: peer0.org1.example.com,peer1.org1.example.com 

2020-08-18T10:57:52+09:00 - INFO [adapters/fabric]: marbles@v0 successfully installed on Org2's peers: peer0.org2.example.com,peer1.org2.example.com 

2020-08-18T10:57:52+09:00 - INFO [adapters/fabric]: drm@v0 successfully installed on Org1's peers: peer0.org1.example.com,peer1.org1.example.com 

2020-08-18T10:57:52+09:00 - INFO [adapters/fabric]: drm@v0 successfully installed on Org2's peers: peer0.org2.example.com,peer1.org2.example.com 

2020-08-18T10:57:52+09:00 - INFO [adapters/fabric]: simple@v0 successfully installed on Org1's peers: peer0.org1.example.com,peer1.org1.example.com 

2020-08-18T10:57:52+09:00 - INFO [adapters/fabric]: simple@v0 successfully installed on Org2's peers: peer0.org2.example.com,peer1.org2.example.com 

2020-08-18T10:57:52+09:00 - INFO [adapters/fabric]: smallbank@v0 successfully installed on Org1's peers: peer0.org1.example.com,peer1.org1.example.com 

2020-08-18T10:57:52+09:00 - INFO [adapters/fabric]: smallbank@v0 successfully installed on Org2's peers: peer0.org2.example.com,peer1.org2.example.com 

2020-08-18T10:57:52+09:00 - INFO [adapters/fabric]: Instantiating marbles@v0 in mychannel. This might take some time... 

2020-08-18T10:58:10+09:00 - INFO [adapters/fabric]: Successfully instantiated marbles@v0 in mychannel 

2020-08-18T10:58:10+09:00 - INFO [adapters/fabric]: Instantiating drm@v0 in mychannel. This might take some time... 

2020-08-18T10:58:28+09:00 - INFO [adapters/fabric]: Successfully instantiated drm@v0 in mychannel 

2020-08-18T10:58:28+09:00 - INFO [adapters/fabric]: Instantiating simple@v0 in mychannel. This might take some time... 

2020-08-18T10:58:46+09:00 - INFO [adapters/fabric]: Successfully instantiated simple@v0 in mychannel 

2020-08-18T10:58:46+09:00 - INFO [adapters/fabric]: Instantiating smallbank@v0 in mychannel. This might take some time... 

2020-08-18T10:59:03+09:00 - INFO [adapters/fabric]: Successfully instantiated smallbank@v0 in mychannel 

2020-08-18T10:59:03+09:00 - INFO [adapters/fabric]: Sleeping 5s... 

2020-08-18T10:59:08+09:00 - INFO [caliper-flow]: Started monitor successfully 

2020-08-18T10:59:08+09:00 - INFO [defaultTest]: ####### Testing 'smallOperations' ####### 

2020-08-18T10:59:08+09:00 - INFO [defaultTest]: ------ Test round 1 ------ 

2020-08-18T10:59:08+09:00 - INFO [client-util.js]: Launching client with PID  9113 

2020-08-18T10:59:08+09:00 - INFO [client-util.js]: Launching client with PID  9118 

2020-08-18T10:59:08+09:00 - INFO [client-util.js]: Launching client with PID  9125 

2020-08-18T10:59:08+09:00 - INFO [client-util.js]: Launching client with PID  9131 

2020-08-18T10:59:08+09:00 - INFO [client-util.js]: Launching client with PID  9141 

2020-08-18T10:59:08+09:00 - INFO [client-util.js]: Waiting for 5 clients to be ready...  

2020-08-18T10:59:09+09:00 - INFO [demo.js]: [Transaction Info] - Submitted: 0 Succ: 0 Fail:0 Unfinished:0 

2020-08-18T10:59:08+09:00 - DEBUG Constructed a winston logger with the specified targets:
	{"consolelogger":{"target":"console","level":"info"},"filelogger":{"target":"daily-rotate-file","level":"debug","filename":"log/caliper-%DATE%.log","datePattern":"YYYY-MM-DD-HH","maxSize":"5m","zippedArchive":true}}

2020-08-18T10:59:08+09:00 - DEBUG Constructed a winston logger with the specified targets:
	{"consolelogger":{"target":"console","level":"info"},"filelogger":{"target":"daily-rotate-file","level":"debug","filename":"log/caliper-%DATE%.log","datePattern":"YYYY-MM-DD-HH","maxSize":"5m","zippedArchive":true}}

2020-08-18T10:59:08+09:00 - DEBUG Constructed a winston logger with the specified targets:
	{"consolelogger":{"target":"console","level":"info"},"filelogger":{"target":"daily-rotate-file","level":"debug","filename":"log/caliper-%DATE%.log","datePattern":"YYYY-MM-DD-HH","maxSize":"5m","zippedArchive":true}}

2020-08-18T10:59:08+09:00 - DEBUG Constructed a winston logger with the specified targets:
	{"consolelogger":{"target":"console","level":"info"},"filelogger":{"target":"daily-rotate-file","level":"debug","filename":"log/caliper-%DATE%.log","datePattern":"YYYY-MM-DD-HH","maxSize":"5m","zippedArchive":true}}

2020-08-18T10:59:08+09:00 - DEBUG Constructed a winston logger with the specified targets:
	{"consolelogger":{"target":"console","level":"info"},"filelogger":{"target":"daily-rotate-file","level":"debug","filename":"log/caliper-%DATE%.log","datePattern":"YYYY-MM-DD-HH","maxSize":"5m","zippedArchive":true}}

2020-08-18T10:59:09+09:00 - INFO [client-util.js]: Client ready message recieved 

2020-08-18T10:59:09+09:00 - INFO [fabric/fabricClientWorker]: Client ready 

2020-08-18T10:59:09+09:00 - INFO [client-util.js]: Client ready message recieved 

2020-08-18T10:59:09+09:00 - INFO [fabric/fabricClientWorker]: Client ready 

2020-08-18T10:59:09+09:00 - INFO [fabric/fabricClientWorker]: Client ready 

2020-08-18T10:59:09+09:00 - INFO [client-util.js]: Client ready message recieved 

2020-08-18T10:59:09+09:00 - INFO [client-util.js]: Client ready message recieved 

2020-08-18T10:59:09+09:00 - INFO [fabric/fabricClientWorker]: Client ready 

2020-08-18T10:59:09+09:00 - INFO [client-util.js]: Client ready message recieved 

2020-08-18T10:59:09+09:00 - INFO [client-util.js]: 5 clients ready, starting test phase 

2020-08-18T10:59:09+09:00 - INFO [fabric/fabricClientWorker]: Client ready 

2020-08-18T10:59:09+09:00 - DEBUG [local-client.js]: doTest() with:
	{"type":"test","label":"smallOperations","rateControl":{"type":"fixed-rate","opts":{"tps":2100}},"trim":0,"args":{"accounts":400,"txnPerBatch":1},"cb":"benchmark/smallbank/smallbankOperations.js","config":"/home/oslab/caliper_v0.1.0/caliper/packages/caliper-samples/network/fabric-v1.4.1/kafka2o2pgoleveldb/fabric-go.yaml","root":"/home/oslab/caliper_v0.1.0/caliper/packages/caliper-samples","numb":420,"roundIdx":1,"totalClients":5,"clients":5,"clientargs":{},"clientIdx":4}

2020-08-18T10:59:09+09:00 - DEBUG [local-client.js]: doTest() with:
	{"type":"test","label":"smallOperations","rateControl":{"type":"fixed-rate","opts":{"tps":2100}},"trim":0,"args":{"accounts":400,"txnPerBatch":1},"cb":"benchmark/smallbank/smallbankOperations.js","config":"/home/oslab/caliper_v0.1.0/caliper/packages/caliper-samples/network/fabric-v1.4.1/kafka2o2pgoleveldb/fabric-go.yaml","root":"/home/oslab/caliper_v0.1.0/caliper/packages/caliper-samples","numb":420,"roundIdx":1,"totalClients":5,"clients":5,"clientargs":{},"clientIdx":0}

2020-08-18T10:59:09+09:00 - DEBUG [local-client.js]: doTest() with:
	{"type":"test","label":"smallOperations","rateControl":{"type":"fixed-rate","opts":{"tps":2100}},"trim":0,"args":{"accounts":400,"txnPerBatch":1},"cb":"benchmark/smallbank/smallbankOperations.js","config":"/home/oslab/caliper_v0.1.0/caliper/packages/caliper-samples/network/fabric-v1.4.1/kafka2o2pgoleveldb/fabric-go.yaml","root":"/home/oslab/caliper_v0.1.0/caliper/packages/caliper-samples","numb":420,"roundIdx":1,"totalClients":5,"clients":5,"clientargs":{},"clientIdx":2}

2020-08-18T10:59:09+09:00 - DEBUG [local-client.js]: doTest() with:
	{"type":"test","label":"smallOperations","rateControl":{"type":"fixed-rate","opts":{"tps":2100}},"trim":0,"args":{"accounts":400,"txnPerBatch":1},"cb":"benchmark/smallbank/smallbankOperations.js","config":"/home/oslab/caliper_v0.1.0/caliper/packages/caliper-samples/network/fabric-v1.4.1/kafka2o2pgoleveldb/fabric-go.yaml","root":"/home/oslab/caliper_v0.1.0/caliper/packages/caliper-samples","numb":420,"roundIdx":1,"totalClients":5,"clients":5,"clientargs":{},"clientIdx":1}

2020-08-18T10:59:09+09:00 - INFO [local-client.js]: txUpdateTime: 1000 

2020-08-18T10:59:09+09:00 - INFO [local-client.js]: txUpdateTime: 1000 

2020-08-18T10:59:09+09:00 - DEBUG [local-client.js]: doTest() with:
	{"type":"test","label":"smallOperations","rateControl":{"type":"fixed-rate","opts":{"tps":2100}},"trim":0,"args":{"accounts":400,"txnPerBatch":1},"cb":"benchmark/smallbank/smallbankOperations.js","config":"/home/oslab/caliper_v0.1.0/caliper/packages/caliper-samples/network/fabric-v1.4.1/kafka2o2pgoleveldb/fabric-go.yaml","root":"/home/oslab/caliper_v0.1.0/caliper/packages/caliper-samples","numb":420,"roundIdx":1,"totalClients":5,"clients":5,"clientargs":{},"clientIdx":3}

2020-08-18T10:59:09+09:00 - INFO [local-client.js]: txUpdateTime: 1000 

2020-08-18T10:59:09+09:00 - INFO [local-client.js]: txUpdateTime: 1000 

2020-08-18T10:59:09+09:00 - INFO [local-client.js]: txUpdateTime: 1000 

2020-08-18T10:59:10+09:00 - INFO [local-client.js]: Info: client 9141 start test runFixedNumber():small_bank_operations 

2020-08-18T10:59:10+09:00 - DEBUG [rateControl.js]: Creating rate controller for client#4 for round#1
	{"type":"fixed-rate","opts":{"tps":2100}}

2020-08-18T10:59:10+09:00 - INFO [local-client.js]: Info: client 9118 start test runFixedNumber():small_bank_operations 

2020-08-18T10:59:10+09:00 - DEBUG [rateControl.js]: Creating rate controller for client#1 for round#1
	{"type":"fixed-rate","opts":{"tps":2100}}

2020-08-18T10:59:10+09:00 - INFO [local-client.js]: Info: client 9113 start test runFixedNumber():small_bank_operations 

2020-08-18T10:59:10+09:00 - DEBUG [rateControl.js]: Creating rate controller for client#0 for round#1
	{"type":"fixed-rate","opts":{"tps":2100}}

2020-08-18T10:59:10+09:00 - INFO [local-client.js]: Info: client 9125 start test runFixedNumber():small_bank_operations 

2020-08-18T10:59:10+09:00 - INFO [local-client.js]: Info: client 9131 start test runFixedNumber():small_bank_operations 

2020-08-18T10:59:10+09:00 - DEBUG [rateControl.js]: Creating rate controller for client#2 for round#1
	{"type":"fixed-rate","opts":{"tps":2100}}

2020-08-18T10:59:10+09:00 - DEBUG [rateControl.js]: Creating rate controller for client#3 for round#1
	{"type":"fixed-rate","opts":{"tps":2100}}

2020-08-18T10:59:10+09:00 - INFO [demo.js]: [Transaction Info] - Submitted: 0 Succ: 0 Fail:0 Unfinished:0 

2020-08-18T10:59:11+09:00 - INFO [demo.js]: [Transaction Info] - Submitted: 547 Succ: 0 Fail:0 Unfinished:547 

2020-08-18T10:59:12+09:00 - INFO [demo.js]: [Transaction Info] - Submitted: 1204 Succ: 567 Fail:0 Unfinished:637 

2020-08-18T10:59:13+09:00 - ERROR uncaughtException: Cannot read property 'toString' of undefined
	{"date":"Tue Aug 18 2020 10:59:13 GMT+0900 (KST)","process":{"pid":9141,"uid":0,"gid":0,"cwd":"/home/oslab/caliper_v0.1.0","execPath":"/usr/bin/node","version":"v8.17.0","argv":["/usr/bin/node","/home/oslab/caliper_v0.1.0/node_modules/@hyperledger/caliper-fabric/lib/fabricClientWorker.js","/home/oslab/caliper_v0.1.0/node_modules/.bin/caliper","benchmark","run","--caliper-workspace","caliper/packages/caliper-samples","--caliper-benchconfig","benchmark/smallbank/config.yaml","--caliper-networkconfig","network/fabric-v1.4.1/kafka2o2pgoleveldb/fabric-go.yaml","--caliper-test-skip-end"],"memoryUsage":{"rss":157528064,"heapTotal":110030848,"heapUsed":66348608,"external":7276364}},"os":{"loadavg":[21.61181640625,13.43408203125,7.03076171875],"uptime":6462080},"trace":[{"column":117,"file":"/home/oslab/caliper_v0.1.0/caliper/packages/caliper-samples/benchmark/smallbank/smallbankOperations.js","function":"Object.module.exports.run","line":182,"method":"run","native":false},{"column":34,"file":"/home/oslab/caliper_v0.1.0/node_modules/@hyperledger/caliper-core/lib/client/caliper-local-client.js","function":"setImmediatePromise","line":174,"method":null,"native":false},{"column":17,"file":"/home/oslab/caliper_v0.1.0/node_modules/@hyperledger/caliper-core/lib/client/caliper-local-client.js","function":"Immediate.setImmediate [as _onImmediate]","line":147,"method":"setImmediate [as _onImmediate]","native":false},{"column":20,"file":"timers.js","function":"runCallback","line":810,"method":null,"native":false},{"column":5,"file":"timers.js","function":"tryOnImmediate","line":768,"method":null,"native":false},{"column":5,"file":"timers.js","function":"processImmediate [as _immediateCallback]","line":745,"method":null,"native":false}],"stack":["TypeError: Cannot read property 'toString' of undefined","    at Object.module.exports.run (/home/oslab/caliper_v0.1.0/caliper/packages/caliper-samples/benchmark/smallbank/smallbankOperations.js:182:117)","    at setImmediatePromise (/home/oslab/caliper_v0.1.0/node_modules/@hyperledger/caliper-core/lib/client/caliper-local-client.js:174:34)","    at Immediate.setImmediate [as _onImmediate] (/home/oslab/caliper_v0.1.0/node_modules/@hyperledger/caliper-core/lib/client/caliper-local-client.js:147:17)","    at runCallback (timers.js:810:20)","    at tryOnImmediate (timers.js:768:5)","    at processImmediate [as _immediateCallback] (timers.js:745:5)"]}

2020-08-18T10:59:13+09:00 - ERROR uncaughtException: Cannot read property 'toString' of undefined
	{"date":"Tue Aug 18 2020 10:59:13 GMT+0900 (KST)","process":{"pid":9118,"uid":0,"gid":0,"cwd":"/home/oslab/caliper_v0.1.0","execPath":"/usr/bin/node","version":"v8.17.0","argv":["/usr/bin/node","/home/oslab/caliper_v0.1.0/node_modules/@hyperledger/caliper-fabric/lib/fabricClientWorker.js","/home/oslab/caliper_v0.1.0/node_modules/.bin/caliper","benchmark","run","--caliper-workspace","caliper/packages/caliper-samples","--caliper-benchconfig","benchmark/smallbank/config.yaml","--caliper-networkconfig","network/fabric-v1.4.1/kafka2o2pgoleveldb/fabric-go.yaml","--caliper-test-skip-end"],"memoryUsage":{"rss":154894336,"heapTotal":108457984,"heapUsed":74672896,"external":7407292}},"os":{"loadavg":[21.61181640625,13.43408203125,7.03076171875],"uptime":6462080},"trace":[{"column":117,"file":"/home/oslab/caliper_v0.1.0/caliper/packages/caliper-samples/benchmark/smallbank/smallbankOperations.js","function":"Object.module.exports.run","line":182,"method":"run","native":false},{"column":34,"file":"/home/oslab/caliper_v0.1.0/node_modules/@hyperledger/caliper-core/lib/client/caliper-local-client.js","function":"setImmediatePromise","line":174,"method":null,"native":false},{"column":17,"file":"/home/oslab/caliper_v0.1.0/node_modules/@hyperledger/caliper-core/lib/client/caliper-local-client.js","function":"Immediate.setImmediate [as _onImmediate]","line":147,"method":"setImmediate [as _onImmediate]","native":false},{"column":20,"file":"timers.js","function":"runCallback","line":810,"method":null,"native":false},{"column":5,"file":"timers.js","function":"tryOnImmediate","line":768,"method":null,"native":false},{"column":5,"file":"timers.js","function":"processImmediate [as _immediateCallback]","line":745,"method":null,"native":false}],"stack":["TypeError: Cannot read property 'toString' of undefined","    at Object.module.exports.run (/home/oslab/caliper_v0.1.0/caliper/packages/caliper-samples/benchmark/smallbank/smallbankOperations.js:182:117)","    at setImmediatePromise (/home/oslab/caliper_v0.1.0/node_modules/@hyperledger/caliper-core/lib/client/caliper-local-client.js:174:34)","    at Immediate.setImmediate [as _onImmediate] (/home/oslab/caliper_v0.1.0/node_modules/@hyperledger/caliper-core/lib/client/caliper-local-client.js:147:17)","    at runCallback (timers.js:810:20)","    at tryOnImmediate (timers.js:768:5)","    at processImmediate [as _immediateCallback] (timers.js:745:5)"]}

2020-08-18T10:59:13+09:00 - ERROR uncaughtException: Cannot read property 'toString' of undefined
	{"date":"Tue Aug 18 2020 10:59:13 GMT+0900 (KST)","process":{"pid":9131,"uid":0,"gid":0,"cwd":"/home/oslab/caliper_v0.1.0","execPath":"/usr/bin/node","version":"v8.17.0","argv":["/usr/bin/node","/home/oslab/caliper_v0.1.0/node_modules/@hyperledger/caliper-fabric/lib/fabricClientWorker.js","/home/oslab/caliper_v0.1.0/node_modules/.bin/caliper","benchmark","run","--caliper-workspace","caliper/packages/caliper-samples","--caliper-benchconfig","benchmark/smallbank/config.yaml","--caliper-networkconfig","network/fabric-v1.4.1/kafka2o2pgoleveldb/fabric-go.yaml","--caliper-test-skip-end"],"memoryUsage":{"rss":157855744,"heapTotal":110030848,"heapUsed":60460464,"external":7018872}},"os":{"loadavg":[21.61181640625,13.43408203125,7.03076171875],"uptime":6462080},"trace":[{"column":117,"file":"/home/oslab/caliper_v0.1.0/caliper/packages/caliper-samples/benchmark/smallbank/smallbankOperations.js","function":"Object.module.exports.run","line":182,"method":"run","native":false},{"column":34,"file":"/home/oslab/caliper_v0.1.0/node_modules/@hyperledger/caliper-core/lib/client/caliper-local-client.js","function":"setImmediatePromise","line":174,"method":null,"native":false},{"column":17,"file":"/home/oslab/caliper_v0.1.0/node_modules/@hyperledger/caliper-core/lib/client/caliper-local-client.js","function":"Immediate.setImmediate [as _onImmediate]","line":147,"method":"setImmediate [as _onImmediate]","native":false},{"column":20,"file":"timers.js","function":"runCallback","line":810,"method":null,"native":false},{"column":5,"file":"timers.js","function":"tryOnImmediate","line":768,"method":null,"native":false},{"column":5,"file":"timers.js","function":"processImmediate [as _immediateCallback]","line":745,"method":null,"native":false}],"stack":["TypeError: Cannot read property 'toString' of undefined","    at Object.module.exports.run (/home/oslab/caliper_v0.1.0/caliper/packages/caliper-samples/benchmark/smallbank/smallbankOperations.js:182:117)","    at setImmediatePromise (/home/oslab/caliper_v0.1.0/node_modules/@hyperledger/caliper-core/lib/client/caliper-local-client.js:174:34)","    at Immediate.setImmediate [as _onImmediate] (/home/oslab/caliper_v0.1.0/node_modules/@hyperledger/caliper-core/lib/client/caliper-local-client.js:147:17)","    at runCallback (timers.js:810:20)","    at tryOnImmediate (timers.js:768:5)","    at processImmediate [as _immediateCallback] (timers.js:745:5)"]}

2020-08-18T10:59:13+09:00 - ERROR uncaughtException: Cannot read property 'toString' of undefined
	{"date":"Tue Aug 18 2020 10:59:13 GMT+0900 (KST)","process":{"pid":9113,"uid":0,"gid":0,"cwd":"/home/oslab/caliper_v0.1.0","execPath":"/usr/bin/node","version":"v8.17.0","argv":["/usr/bin/node","/home/oslab/caliper_v0.1.0/node_modules/@hyperledger/caliper-fabric/lib/fabricClientWorker.js","/home/oslab/caliper_v0.1.0/node_modules/.bin/caliper","benchmark","run","--caliper-workspace","caliper/packages/caliper-samples","--caliper-benchconfig","benchmark/smallbank/config.yaml","--caliper-networkconfig","network/fabric-v1.4.1/kafka2o2pgoleveldb/fabric-go.yaml","--caliper-test-skip-end"],"memoryUsage":{"rss":157409280,"heapTotal":110030848,"heapUsed":68813968,"external":7367022}},"os":{"loadavg":[21.61181640625,13.43408203125,7.03076171875],"uptime":6462080},"trace":[{"column":117,"file":"/home/oslab/caliper_v0.1.0/caliper/packages/caliper-samples/benchmark/smallbank/smallbankOperations.js","function":"Object.module.exports.run","line":182,"method":"run","native":false},{"column":34,"file":"/home/oslab/caliper_v0.1.0/node_modules/@hyperledger/caliper-core/lib/client/caliper-local-client.js","function":"setImmediatePromise","line":174,"method":null,"native":false},{"column":17,"file":"/home/oslab/caliper_v0.1.0/node_modules/@hyperledger/caliper-core/lib/client/caliper-local-client.js","function":"Immediate.setImmediate [as _onImmediate]","line":147,"method":"setImmediate [as _onImmediate]","native":false},{"column":20,"file":"timers.js","function":"runCallback","line":810,"method":null,"native":false},{"column":5,"file":"timers.js","function":"tryOnImmediate","line":768,"method":null,"native":false},{"column":5,"file":"timers.js","function":"processImmediate [as _immediateCallback]","line":745,"method":null,"native":false}],"stack":["TypeError: Cannot read property 'toString' of undefined","    at Object.module.exports.run (/home/oslab/caliper_v0.1.0/caliper/packages/caliper-samples/benchmark/smallbank/smallbankOperations.js:182:117)","    at setImmediatePromise (/home/oslab/caliper_v0.1.0/node_modules/@hyperledger/caliper-core/lib/client/caliper-local-client.js:174:34)","    at Immediate.setImmediate [as _onImmediate] (/home/oslab/caliper_v0.1.0/node_modules/@hyperledger/caliper-core/lib/client/caliper-local-client.js:147:17)","    at runCallback (timers.js:810:20)","    at tryOnImmediate (timers.js:768:5)","    at processImmediate [as _immediateCallback] (timers.js:745:5)"]}

2020-08-18T10:59:13+09:00 - INFO [demo.js]: [Transaction Info] - Submitted: 1870 Succ: 962 Fail:0 Unfinished:908 

2020-08-18T10:59:13+09:00 - ERROR uncaughtException: Cannot read property 'toString' of undefined
	{"date":"Tue Aug 18 2020 10:59:13 GMT+0900 (KST)","process":{"pid":9125,"uid":0,"gid":0,"cwd":"/home/oslab/caliper_v0.1.0","execPath":"/usr/bin/node","version":"v8.17.0","argv":["/usr/bin/node","/home/oslab/caliper_v0.1.0/node_modules/@hyperledger/caliper-fabric/lib/fabricClientWorker.js","/home/oslab/caliper_v0.1.0/node_modules/.bin/caliper","benchmark","run","--caliper-workspace","caliper/packages/caliper-samples","--caliper-benchconfig","benchmark/smallbank/config.yaml","--caliper-networkconfig","network/fabric-v1.4.1/kafka2o2pgoleveldb/fabric-go.yaml","--caliper-test-skip-end"],"memoryUsage":{"rss":158744576,"heapTotal":111079424,"heapUsed":72932168,"external":7678380}},"os":{"loadavg":[21.61181640625,13.43408203125,7.03076171875],"uptime":6462080},"trace":[{"column":117,"file":"/home/oslab/caliper_v0.1.0/caliper/packages/caliper-samples/benchmark/smallbank/smallbankOperations.js","function":"Object.module.exports.run","line":182,"method":"run","native":false},{"column":34,"file":"/home/oslab/caliper_v0.1.0/node_modules/@hyperledger/caliper-core/lib/client/caliper-local-client.js","function":"setImmediatePromise","line":174,"method":null,"native":false},{"column":17,"file":"/home/oslab/caliper_v0.1.0/node_modules/@hyperledger/caliper-core/lib/client/caliper-local-client.js","function":"Immediate.setImmediate [as _onImmediate]","line":147,"method":"setImmediate [as _onImmediate]","native":false},{"column":20,"file":"timers.js","function":"runCallback","line":810,"method":null,"native":false},{"column":5,"file":"timers.js","function":"tryOnImmediate","line":768,"method":null,"native":false},{"column":5,"file":"timers.js","function":"processImmediate [as _immediateCallback]","line":745,"method":null,"native":false}],"stack":["TypeError: Cannot read property 'toString' of undefined","    at Object.module.exports.run (/home/oslab/caliper_v0.1.0/caliper/packages/caliper-samples/benchmark/smallbank/smallbankOperations.js:182:117)","    at setImmediatePromise (/home/oslab/caliper_v0.1.0/node_modules/@hyperledger/caliper-core/lib/client/caliper-local-client.js:174:34)","    at Immediate.setImmediate [as _onImmediate] (/home/oslab/caliper_v0.1.0/node_modules/@hyperledger/caliper-core/lib/client/caliper-local-client.js:147:17)","    at runCallback (timers.js:810:20)","    at tryOnImmediate (timers.js:768:5)","    at processImmediate [as _immediateCallback] (timers.js:745:5)"]}

2020-08-18T10:59:14+09:00 - INFO [demo.js]: [Transaction Info] - Submitted: 2000 Succ: 2000 Fail:0 Unfinished:0 

2020-08-18T10:59:15+09:00 - INFO [demo.js]: [Transaction Info] - Submitted: 2000 Succ: 2000 Fail:0 Unfinished:0 

2020-08-18T10:59:16+09:00 - INFO [client-util.js]: Client exited with code 1 

2020-08-18T10:59:16+09:00 - ERROR [defaultTest]: ------ Failed 'smallOperations' testing with the following error ------
    Error: Client already exited
    at ChildProcess.<anonymous> (/home/oslab/caliper_v0.1.0/node_modules/@hyperledger/caliper-core/lib/client/client-util.js:115:32)
    at emitTwo (events.js:126:13)
    at ChildProcess.emit (events.js:214:7)
    at Process.ChildProcess._handle.onexit (internal/child_process.js:198:12) 

2020-08-18T10:59:16+09:00 - INFO [caliper-flow]: ---------- Finished Test ----------
 

2020-08-18T10:59:16+09:00 - ERROR [caliper-flow]: Error: TypeError: Cannot read property 'unshift' of undefined
    at Report.printResultsByRound (/home/oslab/caliper_v0.1.0/node_modules/@hyperledger/caliper-core/lib/report/report.js:133:32)
    at Object.module.exports.run (/home/oslab/caliper_v0.1.0/node_modules/@hyperledger/caliper-core/lib/caliper-flow.js:114:20)
    at <anonymous>
    at process._tickCallback (internal/process/next_tick.js:189:7) 

2020-08-18T10:59:16+09:00 - INFO [caliper-utils]: Executing command: cd /home/oslab/caliper_v0.1.0/caliper/packages/caliper-samples;docker-compose -f network/fabric-v1.4.1/kafka2o2pgoleveldb/docker-compose.yaml down;(test -z \"$(docker ps -aq)\") || docker rm $(docker ps -aq);(test -z \"$(docker images dev* -q)\") || docker rmi $(docker images dev* -q);rm -rf /tmp/hfc-* 

2020-08-18T10:59:16+09:00 - INFO [client-util.js]: Client exited with code 1 

2020-08-18T10:59:16+09:00 - INFO [client-util.js]: Client exited with code 1 

2020-08-18T10:59:16+09:00 - INFO [client-util.js]: Client exited with code 1 

2020-08-18T10:59:16+09:00 - INFO [demo.js]: [Transaction Info] - Submitted: 2000 Succ: 2000 Fail:0 Unfinished:0 

2020-08-18T10:59:16+09:00 - INFO [client-util.js]: Client exited with code 1 

2020-08-18T10:59:17+09:00 - INFO [demo.js]: [Transaction Info] - Submitted: 2000 Succ: 2000 Fail:0 Unfinished:0 

2020-08-18T10:59:18+09:00 - INFO [demo.js]: [Transaction Info] - Submitted: 2000 Succ: 2000 Fail:0 Unfinished:0 

2020-08-18T10:59:19+09:00 - INFO [demo.js]: [Transaction Info] - Submitted: 2000 Succ: 2000 Fail:0 Unfinished:0 

2020-08-18T10:59:20+09:00 - INFO [demo.js]: [Transaction Info] - Submitted: 2000 Succ: 2000 Fail:0 Unfinished:0 

2020-08-18T10:59:21+09:00 - INFO [demo.js]: [Transaction Info] - Submitted: 2000 Succ: 2000 Fail:0 Unfinished:0 

2020-08-18T10:59:22+09:00 - INFO [demo.js]: [Transaction Info] - Submitted: 2000 Succ: 2000 Fail:0 Unfinished:0 

2020-08-18T10:59:23+09:00 - INFO [demo.js]: [Transaction Info] - Submitted: 2000 Succ: 2000 Fail:0 Unfinished:0 

2020-08-18T10:59:24+09:00 - INFO [demo.js]: [Transaction Info] - Submitted: 2000 Succ: 2000 Fail:0 Unfinished:0 

2020-08-18T10:59:25+09:00 - INFO [demo.js]: [Transaction Info] - Submitted: 2000 Succ: 2000 Fail:0 Unfinished:0 

2020-08-18T10:59:26+09:00 - INFO [demo.js]: [Transaction Info] - Submitted: 2000 Succ: 2000 Fail:0 Unfinished:0 

2020-08-18T10:59:27+09:00 - INFO [demo.js]: [Transaction Info] - Submitted: 2000 Succ: 2000 Fail:0 Unfinished:0 

2020-08-18T10:59:28+09:00 - INFO [demo.js]: [Transaction Info] - Submitted: 2000 Succ: 2000 Fail:0 Unfinished:0 

2020-08-18T10:59:29+09:00 - INFO [demo.js]: [Transaction Info] - Submitted: 2000 Succ: 2000 Fail:0 Unfinished:0 

2020-08-18T10:59:30+09:00 - INFO [demo.js]: [Transaction Info] - Submitted: 2000 Succ: 2000 Fail:0 Unfinished:0 

2020-08-18T10:59:31+09:00 - INFO [demo.js]: [Transaction Info] - Submitted: 2000 Succ: 2000 Fail:0 Unfinished:0 

2020-08-18T10:59:32+09:00 - INFO [demo.js]: [Transaction Info] - Submitted: 2000 Succ: 2000 Fail:0 Unfinished:0 

2020-08-18T10:59:33+09:00 - INFO [demo.js]: [Transaction Info] - Submitted: 2000 Succ: 2000 Fail:0 Unfinished:0 

2020-08-18T10:59:34+09:00 - ERROR [monitor-docker.js]: TypeError: Cannot read property 'cpu_usage' of undefined 

2020-08-18T10:59:34+09:00 - INFO [demo.js]: [Transaction Info] - Submitted: 2000 Succ: 2000 Fail:0 Unfinished:0 

