2020-01-23T14:07:55+09:00 - DEBUG Constructed a winston logger with the specified targets:
	{"consolelogger":{"target":"console","level":"info"},"filelogger":{"target":"daily-rotate-file","level":"debug","filename":"log/caliper-%DATE%.log","datePattern":"YYYY-MM-DD-HH","maxSize":"5m","zippedArchive":true}}

2020-01-23T14:07:56+09:00 - INFO [caliper-flow]: ####### Caliper Test ####### 

2020-01-23T14:07:56+09:00 - INFO [caliper-utils]: Executing command: cd /home/oslab/caliper-benchmarks/caliper/packages/caliper-samples;docker-compose -f network/fabric-v1.4/kafkacouchdb/docker-compose.yaml up -d;sleep 3s 

2020-01-23T14:08:16+09:00 - INFO [adapters/fabric]: Fabric SDK version: 1.4.4; TLS: none 

2020-01-23T14:08:16+09:00 - INFO [adapters/fabric]: Org1's registrar enrolled successfully 

2020-01-23T14:08:16+09:00 - INFO [adapters/fabric]: Org2's registrar enrolled successfully 

2020-01-23T14:08:16+09:00 - INFO [adapters/fabric]: Org1's admin's materials are successfully loaded 

2020-01-23T14:08:16+09:00 - INFO [adapters/fabric]: Org2's admin's materials are successfully loaded 

2020-01-23T14:08:16+09:00 - INFO [adapters/fabric]: client0.org1.example.com's materials are successfully loaded 

2020-01-23T14:08:16+09:00 - INFO [adapters/fabric]: client0.org2.example.com's materials are successfully loaded 

2020-01-23T14:08:16+09:00 - INFO [adapters/fabric]: Channel 'mychannel' definiton being retrieved from file 

2020-01-23T14:08:16+09:00 - ERROR [caliper-flow]: Error: Error: Couldn't create Channel 'mychannel': Orderer response indicated unsuccessful Channel 'mychannel' creation: BAD_REQUEST
    at Fabric._createChannels (/home/oslab/caliper-benchmarks/node_modules/@hyperledger/caliper-fabric/lib/fabric.js:336:23)
    at <anonymous>
    at process._tickCallback (internal/process/next_tick.js:189:7) 

2020-01-23T14:08:16+09:00 - INFO [caliper-utils]: Executing command: cd /home/oslab/caliper-benchmarks/caliper/packages/caliper-samples;docker-compose -f network/fabric-v1.4/kafkacouchdb/docker-compose.yaml down;(test -z \"$(docker ps -aq)\") || docker rm $(docker ps -aq);(test -z \"$(docker images dev* -q)\") || docker rmi $(docker images dev* -q);rm -rf /tmp/hfc-* 

2020-01-23T14:12:43+09:00 - DEBUG Constructed a winston logger with the specified targets:
	{"consolelogger":{"target":"console","level":"info"},"filelogger":{"target":"daily-rotate-file","level":"debug","filename":"log/caliper-%DATE%.log","datePattern":"YYYY-MM-DD-HH","maxSize":"5m","zippedArchive":true}}

2020-01-23T14:12:44+09:00 - INFO [caliper-flow]: ####### Caliper Test ####### 

2020-01-23T14:12:44+09:00 - INFO [caliper-utils]: Executing command: cd /home/oslab/caliper-benchmarks/caliper/packages/caliper-samples;docker-compose -f network/fabric-v1.4/kafkacouchdb/docker-compose.yaml up -d;sleep 3s 

2020-01-23T14:13:06+09:00 - INFO [adapters/fabric]: Fabric SDK version: 1.4.4; TLS: none 

2020-01-23T14:13:07+09:00 - INFO [adapters/fabric]: Org1's registrar enrolled successfully 

2020-01-23T14:13:07+09:00 - INFO [adapters/fabric]: Org2's registrar enrolled successfully 

2020-01-23T14:13:07+09:00 - INFO [adapters/fabric]: Org1's admin's materials are successfully loaded 

2020-01-23T14:13:07+09:00 - INFO [adapters/fabric]: Org2's admin's materials are successfully loaded 

2020-01-23T14:13:07+09:00 - INFO [adapters/fabric]: client0.org1.example.com's materials are successfully loaded 

2020-01-23T14:13:07+09:00 - INFO [adapters/fabric]: client0.org2.example.com's materials are successfully loaded 

2020-01-23T14:13:07+09:00 - INFO [adapters/fabric]: Channel 'mychannel' definiton being retrieved from file 

2020-01-23T14:13:07+09:00 - ERROR [caliper-flow]: Error: Error: Couldn't create Channel 'mychannel': Orderer response indicated unsuccessful Channel 'mychannel' creation: BAD_REQUEST
    at Fabric._createChannels (/home/oslab/caliper-benchmarks/node_modules/@hyperledger/caliper-fabric/lib/fabric.js:336:23)
    at <anonymous>
    at process._tickCallback (internal/process/next_tick.js:189:7) 

2020-01-23T14:13:07+09:00 - INFO [caliper-utils]: Executing command: cd /home/oslab/caliper-benchmarks/caliper/packages/caliper-samples;docker-compose -f network/fabric-v1.4/kafkacouchdb/docker-compose.yaml down;(test -z \"$(docker ps -aq)\") || docker rm $(docker ps -aq);(test -z \"$(docker images dev* -q)\") || docker rmi $(docker images dev* -q);rm -rf /tmp/hfc-* 

2020-01-23T14:19:33+09:00 - DEBUG Constructed a winston logger with the specified targets:
	{"consolelogger":{"target":"console","level":"info"},"filelogger":{"target":"daily-rotate-file","level":"debug","filename":"log/caliper-%DATE%.log","datePattern":"YYYY-MM-DD-HH","maxSize":"5m","zippedArchive":true}}

2020-01-23T14:19:34+09:00 - INFO [caliper-flow]: ####### Caliper Test ####### 

2020-01-23T14:19:34+09:00 - INFO [caliper-utils]: Executing command: cd /home/oslab/caliper-benchmarks/caliper/packages/caliper-samples;docker-compose -f network/fabric-v1.4/kafkacouchdb/docker-compose.yaml up -d;sleep 3s 

2020-01-23T14:19:55+09:00 - INFO [adapters/fabric]: Fabric SDK version: 1.4.4; TLS: none 

2020-01-23T14:19:55+09:00 - INFO [adapters/fabric]: Org1's registrar enrolled successfully 

2020-01-23T14:19:55+09:00 - INFO [adapters/fabric]: Org2's registrar enrolled successfully 

2020-01-23T14:19:56+09:00 - INFO [adapters/fabric]: Org1's admin's materials are successfully loaded 

2020-01-23T14:19:56+09:00 - INFO [adapters/fabric]: Org2's admin's materials are successfully loaded 

2020-01-23T14:19:56+09:00 - INFO [adapters/fabric]: client0.org1.example.com's materials are successfully loaded 

2020-01-23T14:19:56+09:00 - INFO [adapters/fabric]: client0.org2.example.com's materials are successfully loaded 

2020-01-23T14:19:56+09:00 - INFO [adapters/fabric]: Channel 'mychannel' definiton being retrieved from file 

2020-01-23T14:19:56+09:00 - ERROR [caliper-flow]: Error: Error: Couldn't create Channel 'mychannel': Orderer response indicated unsuccessful Channel 'mychannel' creation: BAD_REQUEST
    at Fabric._createChannels (/home/oslab/caliper-benchmarks/node_modules/@hyperledger/caliper-fabric/lib/fabric.js:336:23)
    at <anonymous>
    at process._tickCallback (internal/process/next_tick.js:189:7) 

2020-01-23T14:19:56+09:00 - INFO [caliper-utils]: Executing command: cd /home/oslab/caliper-benchmarks/caliper/packages/caliper-samples;docker-compose -f network/fabric-v1.4/kafkacouchdb/docker-compose.yaml down;(test -z \"$(docker ps -aq)\") || docker rm $(docker ps -aq);(test -z \"$(docker images dev* -q)\") || docker rmi $(docker images dev* -q);rm -rf /tmp/hfc-* 

2020-01-23T14:29:30+09:00 - DEBUG Constructed a winston logger with the specified targets:
	{"consolelogger":{"target":"console","level":"info"},"filelogger":{"target":"daily-rotate-file","level":"debug","filename":"log/caliper-%DATE%.log","datePattern":"YYYY-MM-DD-HH","maxSize":"5m","zippedArchive":true}}

2020-01-23T14:29:31+09:00 - INFO [caliper-flow]: ####### Caliper Test ####### 

2020-01-23T14:29:31+09:00 - INFO [caliper-utils]: Executing command: cd /home/oslab/caliper-benchmarks/caliper/packages/caliper-samples;docker-compose -f network/fabric-v1.4/kafkacouchdb/docker-compose.yaml up -d;sleep 3s 

2020-01-23T14:29:54+09:00 - INFO [adapters/fabric]: Fabric SDK version: 1.4.4; TLS: none 

2020-01-23T14:29:55+09:00 - INFO [adapters/fabric]: Org1's registrar enrolled successfully 

2020-01-23T14:29:55+09:00 - INFO [adapters/fabric]: Org2's registrar enrolled successfully 

2020-01-23T14:29:55+09:00 - INFO [adapters/fabric]: Org1's admin's materials are successfully loaded 

2020-01-23T14:29:55+09:00 - INFO [adapters/fabric]: Org2's admin's materials are successfully loaded 

2020-01-23T14:29:55+09:00 - INFO [adapters/fabric]: client0.org1.example.com's materials are successfully loaded 

2020-01-23T14:29:55+09:00 - INFO [adapters/fabric]: client0.org2.example.com's materials are successfully loaded 

2020-01-23T14:29:55+09:00 - INFO [adapters/fabric]: Channel 'mychannel' definiton being retrieved from file 

2020-01-23T14:29:58+09:00 - ERROR [caliper-flow]: Error: Error: Couldn't create Channel 'mychannel': Failed to connect before the deadline URL:grpc://localhost:7050
    at Fabric._createChannels (/home/oslab/caliper-benchmarks/node_modules/@hyperledger/caliper-fabric/lib/fabric.js:336:23)
    at <anonymous>
    at process._tickCallback (internal/process/next_tick.js:189:7) 

2020-01-23T14:29:58+09:00 - INFO [caliper-utils]: Executing command: cd /home/oslab/caliper-benchmarks/caliper/packages/caliper-samples;docker-compose -f network/fabric-v1.4/kafkacouchdb/docker-compose.yaml down;(test -z \"$(docker ps -aq)\") || docker rm $(docker ps -aq);(test -z \"$(docker images dev* -q)\") || docker rmi $(docker images dev* -q);rm -rf /tmp/hfc-* 

2020-01-23T14:39:13+09:00 - DEBUG Constructed a winston logger with the specified targets:
	{"consolelogger":{"target":"console","level":"info"},"filelogger":{"target":"daily-rotate-file","level":"debug","filename":"log/caliper-%DATE%.log","datePattern":"YYYY-MM-DD-HH","maxSize":"5m","zippedArchive":true}}

2020-01-23T14:39:15+09:00 - INFO [caliper-flow]: ####### Caliper Test ####### 

2020-01-23T14:39:15+09:00 - INFO [caliper-utils]: Executing command: cd /home/oslab/caliper-benchmarks/caliper/packages/caliper-samples;docker-compose -f network/fabric-v1.4/kafkacouchdb/docker-compose.yaml up -d;sleep 3s 

2020-01-23T14:39:36+09:00 - INFO [adapters/fabric]: Fabric SDK version: 1.4.4; TLS: none 

2020-01-23T14:39:37+09:00 - INFO [adapters/fabric]: Org1's registrar enrolled successfully 

2020-01-23T14:39:37+09:00 - INFO [adapters/fabric]: Org2's registrar enrolled successfully 

2020-01-23T14:39:37+09:00 - INFO [adapters/fabric]: Org1's admin's materials are successfully loaded 

2020-01-23T14:39:37+09:00 - INFO [adapters/fabric]: Org2's admin's materials are successfully loaded 

2020-01-23T14:39:37+09:00 - INFO [adapters/fabric]: client0.org1.example.com's materials are successfully loaded 

2020-01-23T14:39:37+09:00 - INFO [adapters/fabric]: client0.org2.example.com's materials are successfully loaded 

2020-01-23T14:39:37+09:00 - INFO [adapters/fabric]: Channel 'mychannel' definiton being retrieved from file 

2020-01-23T14:39:40+09:00 - ERROR [caliper-flow]: Error: Error: Couldn't create Channel 'mychannel': Failed to connect before the deadline URL:grpc://localhost:7050
    at Fabric._createChannels (/home/oslab/caliper-benchmarks/node_modules/@hyperledger/caliper-fabric/lib/fabric.js:336:23)
    at <anonymous>
    at process._tickCallback (internal/process/next_tick.js:189:7) 

2020-01-23T14:39:40+09:00 - INFO [caliper-utils]: Executing command: cd /home/oslab/caliper-benchmarks/caliper/packages/caliper-samples;docker-compose -f network/fabric-v1.4/kafkacouchdb/docker-compose.yaml down;(test -z \"$(docker ps -aq)\") || docker rm $(docker ps -aq);(test -z \"$(docker images dev* -q)\") || docker rmi $(docker images dev* -q);rm -rf /tmp/hfc-* 

2020-01-23T14:47:40+09:00 - DEBUG Constructed a winston logger with the specified targets:
	{"consolelogger":{"target":"console","level":"info"},"filelogger":{"target":"daily-rotate-file","level":"debug","filename":"log/caliper-%DATE%.log","datePattern":"YYYY-MM-DD-HH","maxSize":"5m","zippedArchive":true}}

2020-01-23T14:47:41+09:00 - INFO [caliper-flow]: ####### Caliper Test ####### 

2020-01-23T14:47:41+09:00 - INFO [caliper-utils]: Executing command: cd /home/oslab/caliper-benchmarks/caliper/packages/caliper-samples;docker-compose -f network/fabric-v1.4/kafkacouchdb/docker-compose.yaml up -d;sleep 3s 

2020-01-23T14:48:03+09:00 - INFO [adapters/fabric]: Fabric SDK version: 1.4.4; TLS: none 

2020-01-23T14:48:04+09:00 - INFO [adapters/fabric]: Org1's registrar enrolled successfully 

2020-01-23T14:48:04+09:00 - INFO [adapters/fabric]: Org2's registrar enrolled successfully 

2020-01-23T14:48:04+09:00 - INFO [adapters/fabric]: Org1's admin's materials are successfully loaded 

2020-01-23T14:48:04+09:00 - INFO [adapters/fabric]: Org2's admin's materials are successfully loaded 

2020-01-23T14:48:04+09:00 - INFO [adapters/fabric]: client0.org1.example.com's materials are successfully loaded 

2020-01-23T14:48:04+09:00 - INFO [adapters/fabric]: client0.org2.example.com's materials are successfully loaded 

2020-01-23T14:48:04+09:00 - INFO [adapters/fabric]: Channel 'mychannel' definiton being retrieved from file 

2020-01-23T14:48:07+09:00 - ERROR [caliper-flow]: Error: Error: Couldn't create Channel 'mychannel': Failed to connect before the deadline URL:grpc://localhost:7050
    at Fabric._createChannels (/home/oslab/caliper-benchmarks/node_modules/@hyperledger/caliper-fabric/lib/fabric.js:336:23)
    at <anonymous>
    at process._tickCallback (internal/process/next_tick.js:189:7) 

2020-01-23T14:48:07+09:00 - INFO [caliper-utils]: Executing command: cd /home/oslab/caliper-benchmarks/caliper/packages/caliper-samples;docker-compose -f network/fabric-v1.4/kafkacouchdb/docker-compose.yaml down;(test -z \"$(docker ps -aq)\") || docker rm $(docker ps -aq);(test -z \"$(docker images dev* -q)\") || docker rmi $(docker images dev* -q);rm -rf /tmp/hfc-* 

2020-01-23T14:51:43+09:00 - DEBUG Constructed a winston logger with the specified targets:
	{"consolelogger":{"target":"console","level":"info"},"filelogger":{"target":"daily-rotate-file","level":"debug","filename":"log/caliper-%DATE%.log","datePattern":"YYYY-MM-DD-HH","maxSize":"5m","zippedArchive":true}}

2020-01-23T14:51:44+09:00 - INFO [caliper-flow]: ####### Caliper Test ####### 

2020-01-23T14:51:44+09:00 - INFO [caliper-utils]: Executing command: cd /home/oslab/caliper-benchmarks/caliper/packages/caliper-samples;docker-compose -f network/fabric-v1.4/kafkacouchdb/docker-compose.yaml up -d;sleep 3s 

2020-01-23T14:52:07+09:00 - INFO [adapters/fabric]: Fabric SDK version: 1.4.4; TLS: none 

2020-01-23T14:52:07+09:00 - INFO [adapters/fabric]: Org1's registrar enrolled successfully 

2020-01-23T14:52:07+09:00 - INFO [adapters/fabric]: Org2's registrar enrolled successfully 

2020-01-23T14:52:08+09:00 - INFO [adapters/fabric]: Org1's admin's materials are successfully loaded 

2020-01-23T14:52:08+09:00 - INFO [adapters/fabric]: Org2's admin's materials are successfully loaded 

2020-01-23T14:52:08+09:00 - INFO [adapters/fabric]: client0.org1.example.com's materials are successfully loaded 

2020-01-23T14:52:08+09:00 - INFO [adapters/fabric]: client0.org2.example.com's materials are successfully loaded 

2020-01-23T14:52:08+09:00 - INFO [adapters/fabric]: Channel 'mychannel' definiton being retrieved from file 

2020-01-23T14:52:11+09:00 - ERROR [caliper-flow]: Error: Error: Couldn't create Channel 'mychannel': Failed to connect before the deadline URL:grpc://localhost:7050
    at Fabric._createChannels (/home/oslab/caliper-benchmarks/node_modules/@hyperledger/caliper-fabric/lib/fabric.js:336:23)
    at <anonymous>
    at process._tickCallback (internal/process/next_tick.js:189:7) 

2020-01-23T14:52:11+09:00 - INFO [caliper-utils]: Executing command: cd /home/oslab/caliper-benchmarks/caliper/packages/caliper-samples;docker-compose -f network/fabric-v1.4/kafkacouchdb/docker-compose.yaml down;(test -z \"$(docker ps -aq)\") || docker rm $(docker ps -aq);(test -z \"$(docker images dev* -q)\") || docker rmi $(docker images dev* -q);rm -rf /tmp/hfc-* 

2020-01-23T14:54:31+09:00 - DEBUG Constructed a winston logger with the specified targets:
	{"consolelogger":{"target":"console","level":"info"},"filelogger":{"target":"daily-rotate-file","level":"debug","filename":"log/caliper-%DATE%.log","datePattern":"YYYY-MM-DD-HH","maxSize":"5m","zippedArchive":true}}

2020-01-23T14:54:33+09:00 - INFO [caliper-flow]: ####### Caliper Test ####### 

2020-01-23T14:54:33+09:00 - INFO [caliper-utils]: Executing command: cd /home/oslab/caliper-benchmarks/caliper/packages/caliper-samples;docker-compose -f network/fabric-v1.4/kafkacouchdb/docker-compose.yaml up -d;sleep 3s 

2020-01-23T14:54:54+09:00 - INFO [adapters/fabric]: Fabric SDK version: 1.4.4; TLS: none 

2020-01-23T14:54:55+09:00 - INFO [adapters/fabric]: Org1's registrar enrolled successfully 

2020-01-23T14:54:55+09:00 - INFO [adapters/fabric]: Org2's registrar enrolled successfully 

2020-01-23T14:54:55+09:00 - INFO [adapters/fabric]: Org1's admin's materials are successfully loaded 

2020-01-23T14:54:55+09:00 - INFO [adapters/fabric]: Org2's admin's materials are successfully loaded 

2020-01-23T14:54:55+09:00 - INFO [adapters/fabric]: client0.org1.example.com's materials are successfully loaded 

2020-01-23T14:54:55+09:00 - INFO [adapters/fabric]: client0.org2.example.com's materials are successfully loaded 

2020-01-23T14:54:55+09:00 - INFO [adapters/fabric]: Channel 'mychannel' definiton being retrieved from file 

2020-01-23T14:54:58+09:00 - ERROR [caliper-flow]: Error: Error: Couldn't create Channel 'mychannel': Failed to connect before the deadline URL:grpc://localhost:7050
    at Fabric._createChannels (/home/oslab/caliper-benchmarks/node_modules/@hyperledger/caliper-fabric/lib/fabric.js:336:23)
    at <anonymous>
    at process._tickCallback (internal/process/next_tick.js:189:7) 

2020-01-23T14:54:58+09:00 - INFO [caliper-utils]: Executing command: cd /home/oslab/caliper-benchmarks/caliper/packages/caliper-samples;docker-compose -f network/fabric-v1.4/kafkacouchdb/docker-compose.yaml down;(test -z \"$(docker ps -aq)\") || docker rm $(docker ps -aq);(test -z \"$(docker images dev* -q)\") || docker rmi $(docker images dev* -q);rm -rf /tmp/hfc-* 

2020-01-23T14:57:05+09:00 - DEBUG Constructed a winston logger with the specified targets:
	{"consolelogger":{"target":"console","level":"info"},"filelogger":{"target":"daily-rotate-file","level":"debug","filename":"log/caliper-%DATE%.log","datePattern":"YYYY-MM-DD-HH","maxSize":"5m","zippedArchive":true}}

2020-01-23T14:57:06+09:00 - INFO [caliper-flow]: ####### Caliper Test ####### 

2020-01-23T14:57:06+09:00 - INFO [caliper-utils]: Executing command: cd /home/oslab/caliper-benchmarks/caliper/packages/caliper-samples;docker-compose -f network/fabric-v1.4/kafka2/docker-compose.yaml up -d;sleep 3s 

2020-01-23T14:57:26+09:00 - INFO [adapters/fabric]: Fabric SDK version: 1.4.4; TLS: none 

2020-01-23T14:57:27+09:00 - INFO [adapters/fabric]: Org1's registrar enrolled successfully 

2020-01-23T14:57:27+09:00 - INFO [adapters/fabric]: Org2's registrar enrolled successfully 

2020-01-23T14:57:27+09:00 - INFO [adapters/fabric]: Org1's admin's materials are successfully loaded 

2020-01-23T14:57:27+09:00 - INFO [adapters/fabric]: Org2's admin's materials are successfully loaded 

2020-01-23T14:57:27+09:00 - INFO [adapters/fabric]: client0.org1.example.com's materials are successfully loaded 

2020-01-23T14:57:27+09:00 - INFO [adapters/fabric]: client0.org2.example.com's materials are successfully loaded 

2020-01-23T14:57:27+09:00 - INFO [adapters/fabric]: Channel 'mychannel' definiton being retrieved from file 

2020-01-23T14:57:27+09:00 - INFO [adapters/fabric]: Channel 'mychannel' successfully created 

2020-01-23T14:57:27+09:00 - INFO [adapters/fabric]: Sleeping 5s... 

2020-01-23T14:57:32+09:00 - INFO [adapters/fabric]: Org1's peers successfully joined mychannel: peer0.org1.example.com 

2020-01-23T14:57:32+09:00 - INFO [adapters/fabric]: Org2's peers successfully joined mychannel: peer0.org2.example.com 

2020-01-23T14:57:32+09:00 - INFO [adapters/fabric]: Sleeping 5s... 

2020-01-23T14:57:37+09:00 - INFO [adapters/fabric]: Installing chaincodes for mychannel... 

2020-01-23T14:57:38+09:00 - INFO [adapters/fabric]: marbles@v0 successfully installed on Org1's peers: peer0.org1.example.com 

2020-01-23T14:57:38+09:00 - INFO [adapters/fabric]: marbles@v0 successfully installed on Org2's peers: peer0.org2.example.com 

2020-01-23T14:57:38+09:00 - INFO [adapters/fabric]: drm@v0 successfully installed on Org1's peers: peer0.org1.example.com 

2020-01-23T14:57:38+09:00 - INFO [adapters/fabric]: drm@v0 successfully installed on Org2's peers: peer0.org2.example.com 

2020-01-23T14:57:38+09:00 - INFO [adapters/fabric]: simple@v0 successfully installed on Org1's peers: peer0.org1.example.com 

2020-01-23T14:57:38+09:00 - INFO [adapters/fabric]: simple@v0 successfully installed on Org2's peers: peer0.org2.example.com 

2020-01-23T14:57:38+09:00 - INFO [adapters/fabric]: smallbank@v0 successfully installed on Org1's peers: peer0.org1.example.com 

2020-01-23T14:57:38+09:00 - INFO [adapters/fabric]: smallbank@v0 successfully installed on Org2's peers: peer0.org2.example.com 

2020-01-23T14:57:38+09:00 - INFO [adapters/fabric]: Instantiating marbles@v0 in mychannel. This might take some time... 

2020-01-23T14:57:49+09:00 - ERROR [caliper-flow]: Error: Error: Invalid endorsement for marbles@v0 in mychannel from peer0.org1.example.com: error starting container: error starting container: API error (404): network kafka_default not found
    at proposalResponses.forEach (/home/oslab/caliper-benchmarks/node_modules/@hyperledger/caliper-fabric/lib/fabric.js:1342:31)
    at Array.forEach (<anonymous>)
    at Fabric._instantiateChaincodes (/home/oslab/caliper-benchmarks/node_modules/@hyperledger/caliper-fabric/lib/fabric.js:1338:35)
    at <anonymous> 

2020-01-23T14:57:49+09:00 - INFO [caliper-utils]: Executing command: cd /home/oslab/caliper-benchmarks/caliper/packages/caliper-samples;docker-compose -f network/fabric-v1.4/kafka2/docker-compose.yaml down;(test -z \"$(docker ps -aq)\") || docker rm $(docker ps -aq);(test -z \"$(docker images dev* -q)\") || docker rmi $(docker images dev* -q);rm -rf /tmp/hfc-* 

