2020-06-04T16:31:53+09:00 - DEBUG Constructed a winston logger with the specified targets:
	{"consolelogger":{"target":"console","level":"info"},"filelogger":{"target":"daily-rotate-file","level":"debug","filename":"log/caliper-%DATE%.log","datePattern":"YYYY-MM-DD-HH","maxSize":"5m","zippedArchive":true}}

2020-06-04T16:31:54+09:00 - INFO [caliper-flow]: ####### Caliper Test ####### 

2020-06-04T16:31:54+09:00 - INFO [caliper-utils]: Executing command: cd /home/oslab/caliper_v0.1.0/caliper/packages/caliper-samples;docker-compose -f network/fabric-v1.4.1/kafka2o2pgoleveldb/docker-compose.yaml up -d;sleep 3s 

2020-06-04T16:32:18+09:00 - INFO [adapters/fabric]: Fabric SDK version: 1.4.4; TLS: none 

2020-06-04T16:32:19+09:00 - INFO [adapters/fabric]: Org1's registrar enrolled successfully 

2020-06-04T16:32:19+09:00 - INFO [adapters/fabric]: Org2's registrar enrolled successfully 

2020-06-04T16:32:19+09:00 - INFO [adapters/fabric]: Org1's admin's materials are successfully loaded 

2020-06-04T16:32:19+09:00 - INFO [adapters/fabric]: Org2's admin's materials are successfully loaded 

2020-06-04T16:32:19+09:00 - INFO [adapters/fabric]: client0.org1.example.com's materials are successfully loaded 

2020-06-04T16:32:19+09:00 - INFO [adapters/fabric]: client0.org2.example.com's materials are successfully loaded 

2020-06-04T16:32:19+09:00 - INFO [adapters/fabric]: Channel 'mychannel' definiton being retrieved from file 

2020-06-04T16:32:19+09:00 - INFO [adapters/fabric]: Channel 'mychannel' successfully created 

2020-06-04T16:32:19+09:00 - INFO [adapters/fabric]: Sleeping 5s... 

2020-06-04T16:32:24+09:00 - INFO [adapters/fabric]: Org1's peers successfully joined mychannel: peer0.org1.example.com,peer1.org1.example.com 

2020-06-04T16:32:25+09:00 - INFO [adapters/fabric]: Org2's peers successfully joined mychannel: peer0.org2.example.com,peer1.org2.example.com 

2020-06-04T16:32:25+09:00 - INFO [adapters/fabric]: Sleeping 5s... 

2020-06-04T16:32:30+09:00 - INFO [adapters/fabric]: Installing chaincodes for mychannel... 

2020-06-04T16:32:30+09:00 - INFO [adapters/fabric]: marbles@v0 successfully installed on Org1's peers: peer0.org1.example.com,peer1.org1.example.com 

2020-06-04T16:32:30+09:00 - INFO [adapters/fabric]: marbles@v0 successfully installed on Org2's peers: peer0.org2.example.com,peer1.org2.example.com 

2020-06-04T16:32:30+09:00 - INFO [adapters/fabric]: drm@v0 successfully installed on Org1's peers: peer0.org1.example.com,peer1.org1.example.com 

2020-06-04T16:32:30+09:00 - INFO [adapters/fabric]: drm@v0 successfully installed on Org2's peers: peer0.org2.example.com,peer1.org2.example.com 

2020-06-04T16:32:30+09:00 - INFO [adapters/fabric]: simple@v0 successfully installed on Org1's peers: peer0.org1.example.com,peer1.org1.example.com 

2020-06-04T16:32:30+09:00 - INFO [adapters/fabric]: simple@v0 successfully installed on Org2's peers: peer0.org2.example.com,peer1.org2.example.com 

2020-06-04T16:32:30+09:00 - INFO [adapters/fabric]: smallbank@v0 successfully installed on Org1's peers: peer0.org1.example.com,peer1.org1.example.com 

2020-06-04T16:32:30+09:00 - INFO [adapters/fabric]: smallbank@v0 successfully installed on Org2's peers: peer0.org2.example.com,peer1.org2.example.com 

2020-06-04T16:32:30+09:00 - INFO [adapters/fabric]: Instantiating marbles@v0 in mychannel. This might take some time... 

2020-06-04T16:33:01+09:00 - INFO [adapters/fabric]: Successfully instantiated marbles@v0 in mychannel 

2020-06-04T16:33:01+09:00 - INFO [adapters/fabric]: Instantiating drm@v0 in mychannel. This might take some time... 

2020-06-04T16:33:19+09:00 - INFO [adapters/fabric]: Successfully instantiated drm@v0 in mychannel 

2020-06-04T16:33:19+09:00 - INFO [adapters/fabric]: Instantiating simple@v0 in mychannel. This might take some time... 

2020-06-04T16:33:37+09:00 - INFO [adapters/fabric]: Successfully instantiated simple@v0 in mychannel 

2020-06-04T16:33:37+09:00 - INFO [adapters/fabric]: Instantiating smallbank@v0 in mychannel. This might take some time... 

2020-06-04T16:33:55+09:00 - INFO [adapters/fabric]: Successfully instantiated smallbank@v0 in mychannel 

2020-06-04T16:33:55+09:00 - INFO [adapters/fabric]: Sleeping 5s... 

2020-06-04T16:34:01+09:00 - INFO [caliper-flow]: Started monitor successfully 

2020-06-04T16:34:01+09:00 - INFO [defaultTest]: ####### Testing 'smallOperations' ####### 

2020-06-04T16:34:01+09:00 - INFO [defaultTest]: ------ Test round 1 ------ 

2020-06-04T16:34:01+09:00 - INFO [client-util.js]: Launching client with PID  19195 

2020-06-04T16:34:01+09:00 - INFO [client-util.js]: Launching client with PID  19200 

2020-06-04T16:34:01+09:00 - INFO [client-util.js]: Launching client with PID  19206 

2020-06-04T16:34:01+09:00 - INFO [client-util.js]: Launching client with PID  19212 

2020-06-04T16:34:01+09:00 - INFO [client-util.js]: Launching client with PID  19218 

2020-06-04T16:34:01+09:00 - INFO [client-util.js]: Waiting for 5 clients to be ready...  

2020-06-04T16:34:02+09:00 - INFO [demo.js]: [Transaction Info] - Submitted: 0 Succ: 0 Fail:0 Unfinished:0 

2020-06-04T16:34:01+09:00 - DEBUG Constructed a winston logger with the specified targets:
	{"consolelogger":{"target":"console","level":"info"},"filelogger":{"target":"daily-rotate-file","level":"debug","filename":"log/caliper-%DATE%.log","datePattern":"YYYY-MM-DD-HH","maxSize":"5m","zippedArchive":true}}

2020-06-04T16:34:01+09:00 - DEBUG Constructed a winston logger with the specified targets:
	{"consolelogger":{"target":"console","level":"info"},"filelogger":{"target":"daily-rotate-file","level":"debug","filename":"log/caliper-%DATE%.log","datePattern":"YYYY-MM-DD-HH","maxSize":"5m","zippedArchive":true}}

2020-06-04T16:34:01+09:00 - DEBUG Constructed a winston logger with the specified targets:
	{"consolelogger":{"target":"console","level":"info"},"filelogger":{"target":"daily-rotate-file","level":"debug","filename":"log/caliper-%DATE%.log","datePattern":"YYYY-MM-DD-HH","maxSize":"5m","zippedArchive":true}}

2020-06-04T16:34:01+09:00 - DEBUG Constructed a winston logger with the specified targets:
	{"consolelogger":{"target":"console","level":"info"},"filelogger":{"target":"daily-rotate-file","level":"debug","filename":"log/caliper-%DATE%.log","datePattern":"YYYY-MM-DD-HH","maxSize":"5m","zippedArchive":true}}

2020-06-04T16:34:01+09:00 - DEBUG Constructed a winston logger with the specified targets:
	{"consolelogger":{"target":"console","level":"info"},"filelogger":{"target":"daily-rotate-file","level":"debug","filename":"log/caliper-%DATE%.log","datePattern":"YYYY-MM-DD-HH","maxSize":"5m","zippedArchive":true}}

2020-06-04T16:34:02+09:00 - INFO [client-util.js]: Client ready message recieved 

2020-06-04T16:34:02+09:00 - INFO [fabric/fabricClientWorker]: Client ready 

2020-06-04T16:34:02+09:00 - INFO [client-util.js]: Client ready message recieved 

2020-06-04T16:34:02+09:00 - INFO [fabric/fabricClientWorker]: Client ready 

2020-06-04T16:34:02+09:00 - INFO [client-util.js]: Client ready message recieved 

2020-06-04T16:34:02+09:00 - INFO [fabric/fabricClientWorker]: Client ready 

2020-06-04T16:34:02+09:00 - INFO [client-util.js]: Client ready message recieved 

2020-06-04T16:34:02+09:00 - INFO [fabric/fabricClientWorker]: Client ready 

2020-06-04T16:34:02+09:00 - INFO [client-util.js]: Client ready message recieved 

2020-06-04T16:34:02+09:00 - INFO [client-util.js]: 5 clients ready, starting test phase 

2020-06-04T16:34:02+09:00 - INFO [fabric/fabricClientWorker]: Client ready 

2020-06-04T16:34:02+09:00 - DEBUG [local-client.js]: doTest() with:
	{"type":"test","label":"smallOperations","rateControl":{"type":"fixed-rate","opts":{"tps":2000}},"trim":0,"args":{"accounts":400,"txnPerBatch":1},"cb":"benchmark/smallbank/smallbankOperations.js","config":"/home/oslab/caliper_v0.1.0/caliper/packages/caliper-samples/network/fabric-v1.4.1/kafka2o2pgoleveldb/fabric-go.yaml","root":"/home/oslab/caliper_v0.1.0/caliper/packages/caliper-samples","numb":400,"roundIdx":1,"totalClients":5,"clients":5,"clientargs":{},"clientIdx":3}

2020-06-04T16:34:02+09:00 - DEBUG [local-client.js]: doTest() with:
	{"type":"test","label":"smallOperations","rateControl":{"type":"fixed-rate","opts":{"tps":2000}},"trim":0,"args":{"accounts":400,"txnPerBatch":1},"cb":"benchmark/smallbank/smallbankOperations.js","config":"/home/oslab/caliper_v0.1.0/caliper/packages/caliper-samples/network/fabric-v1.4.1/kafka2o2pgoleveldb/fabric-go.yaml","root":"/home/oslab/caliper_v0.1.0/caliper/packages/caliper-samples","numb":400,"roundIdx":1,"totalClients":5,"clients":5,"clientargs":{},"clientIdx":1}

2020-06-04T16:34:02+09:00 - DEBUG [local-client.js]: doTest() with:
	{"type":"test","label":"smallOperations","rateControl":{"type":"fixed-rate","opts":{"tps":2000}},"trim":0,"args":{"accounts":400,"txnPerBatch":1},"cb":"benchmark/smallbank/smallbankOperations.js","config":"/home/oslab/caliper_v0.1.0/caliper/packages/caliper-samples/network/fabric-v1.4.1/kafka2o2pgoleveldb/fabric-go.yaml","root":"/home/oslab/caliper_v0.1.0/caliper/packages/caliper-samples","numb":400,"roundIdx":1,"totalClients":5,"clients":5,"clientargs":{},"clientIdx":4}

2020-06-04T16:34:02+09:00 - DEBUG [local-client.js]: doTest() with:
	{"type":"test","label":"smallOperations","rateControl":{"type":"fixed-rate","opts":{"tps":2000}},"trim":0,"args":{"accounts":400,"txnPerBatch":1},"cb":"benchmark/smallbank/smallbankOperations.js","config":"/home/oslab/caliper_v0.1.0/caliper/packages/caliper-samples/network/fabric-v1.4.1/kafka2o2pgoleveldb/fabric-go.yaml","root":"/home/oslab/caliper_v0.1.0/caliper/packages/caliper-samples","numb":400,"roundIdx":1,"totalClients":5,"clients":5,"clientargs":{},"clientIdx":2}

2020-06-04T16:34:02+09:00 - DEBUG [local-client.js]: doTest() with:
	{"type":"test","label":"smallOperations","rateControl":{"type":"fixed-rate","opts":{"tps":2000}},"trim":0,"args":{"accounts":400,"txnPerBatch":1},"cb":"benchmark/smallbank/smallbankOperations.js","config":"/home/oslab/caliper_v0.1.0/caliper/packages/caliper-samples/network/fabric-v1.4.1/kafka2o2pgoleveldb/fabric-go.yaml","root":"/home/oslab/caliper_v0.1.0/caliper/packages/caliper-samples","numb":400,"roundIdx":1,"totalClients":5,"clients":5,"clientargs":{},"clientIdx":0}

2020-06-04T16:34:02+09:00 - INFO [local-client.js]: txUpdateTime: 1000 

2020-06-04T16:34:02+09:00 - INFO [local-client.js]: txUpdateTime: 1000 

2020-06-04T16:34:02+09:00 - INFO [local-client.js]: txUpdateTime: 1000 

2020-06-04T16:34:02+09:00 - INFO [local-client.js]: txUpdateTime: 1000 

2020-06-04T16:34:02+09:00 - INFO [local-client.js]: txUpdateTime: 1000 

2020-06-04T16:34:02+09:00 - INFO [local-client.js]: Info: client 19195 start test runFixedNumber():small_bank_operations 

2020-06-04T16:34:02+09:00 - DEBUG [rateControl.js]: Creating rate controller for client#0 for round#1
	{"type":"fixed-rate","opts":{"tps":2000}}

2020-06-04T16:34:02+09:00 - INFO [local-client.js]: Info: client 19218 start test runFixedNumber():small_bank_operations 

2020-06-04T16:34:02+09:00 - INFO [local-client.js]: Info: client 19200 start test runFixedNumber():small_bank_operations 

2020-06-04T16:34:02+09:00 - DEBUG [rateControl.js]: Creating rate controller for client#4 for round#1
	{"type":"fixed-rate","opts":{"tps":2000}}

2020-06-04T16:34:02+09:00 - DEBUG [rateControl.js]: Creating rate controller for client#1 for round#1
	{"type":"fixed-rate","opts":{"tps":2000}}

2020-06-04T16:34:02+09:00 - INFO [local-client.js]: Info: client 19206 start test runFixedNumber():small_bank_operations 

2020-06-04T16:34:02+09:00 - DEBUG [rateControl.js]: Creating rate controller for client#2 for round#1
	{"type":"fixed-rate","opts":{"tps":2000}}

2020-06-04T16:34:02+09:00 - INFO [local-client.js]: Info: client 19212 start test runFixedNumber():small_bank_operations 

2020-06-04T16:34:02+09:00 - DEBUG [rateControl.js]: Creating rate controller for client#3 for round#1
	{"type":"fixed-rate","opts":{"tps":2000}}

2020-06-04T16:34:03+09:00 - INFO [demo.js]: [Transaction Info] - Submitted: 0 Succ: 0 Fail:0 Unfinished:0 

2020-06-04T16:34:04+09:00 - INFO [demo.js]: [Transaction Info] - Submitted: 562 Succ: 0 Fail:0 Unfinished:562 

2020-06-04T16:34:05+09:00 - INFO [demo.js]: [Transaction Info] - Submitted: 1212 Succ: 599 Fail:0 Unfinished:613 

2020-06-04T16:34:06+09:00 - INFO [demo.js]: [Transaction Info] - Submitted: 1880 Succ: 988 Fail:0 Unfinished:892 

2020-06-04T16:34:06+09:00 - DEBUG [report-builder]: r.create.max: 1591256045.927 r.create.min: 1591256042.837 r.final.max: 1591256046.578 r.final.min: 1591256044.135 r.final.last: 1591256046.578 

2020-06-04T16:34:06+09:00 - DEBUG [report-builder]:  throughput for only success time computed: 534.6 

2020-06-04T16:34:06+09:00 - DEBUG [report-builder]: sendTransactionProposal: 0ms length: 2000 

2020-06-04T16:34:06+09:00 - DEBUG [report-builder]: sendTransaction: 0ms 

2020-06-04T16:34:06+09:00 - DEBUG [report-builder]: invokeLatency: 0ms 

2020-06-04T16:34:06+09:00 - INFO [report-builder]: ###test result:### 

2020-06-04T16:34:06+09:00 - INFO [report-builder]: 
+-----------------+------+------+-----------+-------------+-------------+-------------+------------+
| Name            | Succ | Fail | Send Rate | Max Latency | Min Latency | Avg Latency | Throughput |
|-----------------|------|------|-----------|-------------|-------------|-------------|------------|
| smallOperations | 2000 | 0    | 647.2 tps | 1.63 s      | 0.65 s      | 1.10 s      | 534.6 tps  |
+-----------------+------+------+-----------+-------------+-------------+-------------+------------+
 

2020-06-04T16:34:06+09:00 - INFO [report-builder]: ### resource stats ### 

2020-06-04T16:34:06+09:00 - INFO [report-builder]: 
+--------+-----------------------------------+-------------+-------------+----------+----------+------------+-------------+-----------+------------+
| TYPE   | NAME                              | Memory(max) | Memory(avg) | CPU(max) | CPU(avg) | Traffic In | Traffic Out | Disc Read | Disc Write |
|--------|-----------------------------------|-------------|-------------|----------|----------|------------|-------------|-----------|------------|
| Docker | dev-peer0.org2.example.co...nk-v0 | 8.3MB       | 7.7MB       | 17.56%   | 8.78%    | 1.6MB      | 837.4KB     | 0B        | 0B         |
|--------|-----------------------------------|-------------|-------------|----------|----------|------------|-------------|-----------|------------|
| Docker | dev-peer0.org1.example.co...nk-v0 | 8.5MB       | 7.7MB       | 16.72%   | 8.36%    | 1.6MB      | 826.2KB     | 0B        | 0B         |
|--------|-----------------------------------|-------------|-------------|----------|----------|------------|-------------|-----------|------------|
| Docker | dev-peer1.org2.example.co...nk-v0 | 8.8MB       | 7.9MB       | 17.56%   | 12.12%   | 1.3MB      | 650.6KB     | 0B        | 0B         |
|--------|-----------------------------------|-------------|-------------|----------|----------|------------|-------------|-----------|------------|
| Docker | dev-peer1.org1.example.co...nk-v0 | 8.2MB       | 7.6MB       | 17.16%   | 11.76%   | 1.4MB      | 705.6KB     | 0B        | 0B         |
|--------|-----------------------------------|-------------|-------------|----------|----------|------------|-------------|-----------|------------|
| Docker | dev-peer1.org1.example.co...le-v0 | 7.0MB       | 7.0MB       | 0.00%    | 0.00%    | 157B       | 0B          | 0B        | 0B         |
|--------|-----------------------------------|-------------|-------------|----------|----------|------------|-------------|-----------|------------|
| Docker | dev-peer0.org1.example.co...le-v0 | 6.9MB       | 6.9MB       | 0.00%    | 0.00%    | 87B        | 0B          | 0B        | 0B         |
|--------|-----------------------------------|-------------|-------------|----------|----------|------------|-------------|-----------|------------|
| Docker | dev-peer1.org2.example.co...le-v0 | 7.0MB       | 7.0MB       | 0.00%    | 0.00%    | 87B        | 0B          | 0B        | 0B         |
|--------|-----------------------------------|-------------|-------------|----------|----------|------------|-------------|-----------|------------|
| Docker | dev-peer0.org2.example.co...le-v0 | 7.2MB       | 7.2MB       | 0.00%    | 0.00%    | 264B       | 0B          | 0B        | 0B         |
|--------|-----------------------------------|-------------|-------------|----------|----------|------------|-------------|-----------|------------|
| Docker | dev-peer1.org1.example.co...rm-v0 | 7.0MB       | 7.0MB       | 0.00%    | 0.00%    | 87B        | 0B          | 0B        | 0B         |
|--------|-----------------------------------|-------------|-------------|----------|----------|------------|-------------|-----------|------------|
| Docker | dev-peer0.org2.example.co...rm-v0 | 7.1MB       | 7.1MB       | 0.00%    | 0.00%    | 87B        | 0B          | 0B        | 0B         |
|--------|-----------------------------------|-------------|-------------|----------|----------|------------|-------------|-----------|------------|
| Docker | dev-peer0.org1.example.co...rm-v0 | 7.0MB       | 7.0MB       | 0.00%    | 0.00%    | 87B        | 0B          | 0B        | 0B         |
|--------|-----------------------------------|-------------|-------------|----------|----------|------------|-------------|-----------|------------|
| Docker | dev-peer1.org2.example.co...rm-v0 | 7.0MB       | 7.0MB       | 0.00%    | 0.00%    | 87B        | 0B          | 0B        | 0B         |
|--------|-----------------------------------|-------------|-------------|----------|----------|------------|-------------|-----------|------------|
| Docker | dev-peer0.org2.example.co...es-v0 | 7.0MB       | 7.0MB       | 0.00%    | 0.00%    | 194B       | 0B          | 0B        | 0B         |
|--------|-----------------------------------|-------------|-------------|----------|----------|------------|-------------|-----------|------------|
| Docker | dev-peer1.org2.example.co...es-v0 | 6.6MB       | 6.6MB       | 0.00%    | 0.00%    | 194B       | 0B          | 0B        | 0B         |
|--------|-----------------------------------|-------------|-------------|----------|----------|------------|-------------|-----------|------------|
| Docker | dev-peer1.org1.example.co...es-v0 | 6.9MB       | 6.9MB       | 0.00%    | 0.00%    | 87B        | 0B          | 0B        | 0B         |
|--------|-----------------------------------|-------------|-------------|----------|----------|------------|-------------|-----------|------------|
| Docker | dev-peer0.org1.example.co...es-v0 | 7.4MB       | 7.4MB       | 0.00%    | 0.00%    | 157B       | 0B          | 0B        | 0B         |
|--------|-----------------------------------|-------------|-------------|----------|----------|------------|-------------|-----------|------------|
| Docker | peer1.org1.example.com            | 182.7MB     | 163.8MB     | 196.13%  | 112.94%  | 7.0MB      | 2.9MB       | 16.0KB    | 11.4MB     |
|--------|-----------------------------------|-------------|-------------|----------|----------|------------|-------------|-----------|------------|
| Docker | peer1.org2.example.com            | 182.0MB     | 173.1MB     | 200.47%  | 114.32%  | 7.0MB      | 2.9MB       | 40.0KB    | 11.4MB     |
|--------|-----------------------------------|-------------|-------------|----------|----------|------------|-------------|-----------|------------|
| Docker | peer0.org1.example.com            | 173.4MB     | 169.4MB     | 214.63%  | 125.31%  | 6.9MB      | 2.7MB       | 0B        | 11.4MB     |
|--------|-----------------------------------|-------------|-------------|----------|----------|------------|-------------|-----------|------------|
| Docker | peer0.org2.example.com            | 182.4MB     | 166.3MB     | 194.74%  | 112.26%  | 6.9MB      | 2.8MB       | 0B        | 11.4MB     |
|--------|-----------------------------------|-------------|-------------|----------|----------|------------|-------------|-----------|------------|
| Docker | orderer1.example.com              | 62.7MB      | 50.6MB      | 114.45%  | 67.67%   | 9.0MB      | 13.7MB      | 0B        | 14.8MB     |
|--------|-----------------------------------|-------------|-------------|----------|----------|------------|-------------|-----------|------------|
| Docker | orderer0.example.com              | 47.2MB      | 33.3MB      | 112.44%  | 66.23%   | 10.2MB     | 16.7MB      | 104.0KB   | 19.2MB     |
|--------|-----------------------------------|-------------|-------------|----------|----------|------------|-------------|-----------|------------|
| Docker | kafka3                            | 345.0MB     | 341.2MB     | 37.17%   | 21.12%   | 6.4MB      | 137.9KB     | 0B        | 4.0KB      |
|--------|-----------------------------------|-------------|-------------|----------|----------|------------|-------------|-----------|------------|
| Docker | kafka2                            | 344.3MB     | 338.2MB     | 36.03%   | 32.21%   | 6.7MB      | 134.2KB     | 0B        | 4.0KB      |
|--------|-----------------------------------|-------------|-------------|----------|----------|------------|-------------|-----------|------------|
| Docker | kafka0                            | 339.5MB     | 339.5MB     | 11.61%   | 6.94%    | 6.2KB      | 10.7KB      | 0B        | 4.0KB      |
|--------|-----------------------------------|-------------|-------------|----------|----------|------------|-------------|-----------|------------|
| Docker | kafka1                            | 404.5MB     | 386.1MB     | 215.60%  | 143.21%  | 7.2MB      | 27.6MB      | 0B        | 4.0KB      |
|--------|-----------------------------------|-------------|-------------|----------|----------|------------|-------------|-----------|------------|
| Docker | ca.org2.example.com               | 10.2MB      | 10.2MB      | 0.00%    | 0.00%    | 87B        | 0B          | 0B        | 0B         |
|--------|-----------------------------------|-------------|-------------|----------|----------|------------|-------------|-----------|------------|
| Docker | zookeeper1                        | 86.8MB      | 86.8MB      | 0.19%    | 0.14%    | 687B       | 356B        | 0B        | 0B         |
|--------|-----------------------------------|-------------|-------------|----------|----------|------------|-------------|-----------|------------|
| Docker | zookeeper0                        | 57.5MB      | 57.5MB      | 0.57%    | 0.33%    | 831B       | 454B        | 0B        | 0B         |
|--------|-----------------------------------|-------------|-------------|----------|----------|------------|-------------|-----------|------------|
| Docker | zookeeper2                        | 54.1MB      | 54.1MB      | 0.15%    | 0.15%    | 783B       | 998B        | 0B        | 0B         |
|--------|-----------------------------------|-------------|-------------|----------|----------|------------|-------------|-----------|------------|
| Docker | ca.org1.example.com               | 28.5MB      | 28.5MB      | 0.00%    | 0.00%    | 87B        | 0B          | 0B        | 0B         |
+--------+-----------------------------------+-------------+-------------+----------+----------+------------+-------------+-----------+------------+
 

2020-06-04T16:34:06+09:00 - INFO [defaultTest]: ------ Passed 'smallOperations' testing ------ 

2020-06-04T16:34:06+09:00 - INFO [caliper-flow]: ---------- Finished Test ----------
 

2020-06-04T16:34:06+09:00 - INFO [report-builder]: ###all test results:### 

2020-06-04T16:34:06+09:00 - INFO [report-builder]: 
+------+-----------------+------+------+-----------+-------------+-------------+-------------+------------+
| Test | Name            | Succ | Fail | Send Rate | Max Latency | Min Latency | Avg Latency | Throughput |
|------|-----------------|------|------|-----------|-------------|-------------|-------------|------------|
| 1    | smallOperations | 2000 | 0    | 647.2 tps | 1.63 s      | 0.65 s      | 1.10 s      | 534.6 tps  |
+------+-----------------+------+------+-----------+-------------+-------------+-------------+------------+
 

2020-06-04T16:34:06+09:00 - INFO [monitor.js]: 
 ### resource stats (maximum) ### 

2020-06-04T16:34:06+09:00 - INFO [monitor.js]: 
+--------+-----------------------------------+-------------+----------+------------+-------------+-----------+------------+
| TYPE   | NAME                              | Memory(max) | CPU(max) | Traffic In | Traffic Out | Disc Read | Disc Write |
|--------|-----------------------------------|-------------|----------|------------|-------------|-----------|------------|
| Docker | dev-peer0.org2.example.co...nk-v0 | 8.3MB       | 17.56%   | 1.6MB      | 837.4KB     | 0B        | 0B         |
|--------|-----------------------------------|-------------|----------|------------|-------------|-----------|------------|
| Docker | dev-peer0.org1.example.co...nk-v0 | 8.5MB       | 16.72%   | 1.6MB      | 826.2KB     | 0B        | 0B         |
|--------|-----------------------------------|-------------|----------|------------|-------------|-----------|------------|
| Docker | dev-peer1.org2.example.co...nk-v0 | 8.8MB       | 17.56%   | 1.3MB      | 650.6KB     | 0B        | 0B         |
|--------|-----------------------------------|-------------|----------|------------|-------------|-----------|------------|
| Docker | dev-peer1.org1.example.co...nk-v0 | 8.2MB       | 17.16%   | 1.4MB      | 705.6KB     | 0B        | 0B         |
|--------|-----------------------------------|-------------|----------|------------|-------------|-----------|------------|
| Docker | dev-peer1.org1.example.co...le-v0 | 7.0MB       | 0.00%    | 157B       | 0B          | 0B        | 0B         |
|--------|-----------------------------------|-------------|----------|------------|-------------|-----------|------------|
| Docker | dev-peer0.org1.example.co...le-v0 | 6.9MB       | 0.00%    | 87B        | 0B          | 0B        | 0B         |
|--------|-----------------------------------|-------------|----------|------------|-------------|-----------|------------|
| Docker | dev-peer1.org2.example.co...le-v0 | 7.0MB       | 0.00%    | 87B        | 0B          | 0B        | 0B         |
|--------|-----------------------------------|-------------|----------|------------|-------------|-----------|------------|
| Docker | dev-peer0.org2.example.co...le-v0 | 7.2MB       | 0.00%    | 264B       | 0B          | 0B        | 0B         |
|--------|-----------------------------------|-------------|----------|------------|-------------|-----------|------------|
| Docker | dev-peer1.org1.example.co...rm-v0 | 7.0MB       | 0.00%    | 87B        | 0B          | 0B        | 0B         |
|--------|-----------------------------------|-------------|----------|------------|-------------|-----------|------------|
| Docker | dev-peer0.org2.example.co...rm-v0 | 7.1MB       | 0.00%    | 87B        | 0B          | 0B        | 0B         |
|--------|-----------------------------------|-------------|----------|------------|-------------|-----------|------------|
| Docker | dev-peer0.org1.example.co...rm-v0 | 7.0MB       | 0.00%    | 87B        | 0B          | 0B        | 0B         |
|--------|-----------------------------------|-------------|----------|------------|-------------|-----------|------------|
| Docker | dev-peer1.org2.example.co...rm-v0 | 7.0MB       | 0.00%    | 87B        | 0B          | 0B        | 0B         |
|--------|-----------------------------------|-------------|----------|------------|-------------|-----------|------------|
| Docker | dev-peer0.org2.example.co...es-v0 | 7.0MB       | 0.00%    | 194B       | 0B          | 0B        | 0B         |
|--------|-----------------------------------|-------------|----------|------------|-------------|-----------|------------|
| Docker | dev-peer1.org2.example.co...es-v0 | 6.6MB       | 0.00%    | 194B       | 0B          | 0B        | 0B         |
|--------|-----------------------------------|-------------|----------|------------|-------------|-----------|------------|
| Docker | dev-peer1.org1.example.co...es-v0 | 6.9MB       | 0.00%    | 87B        | 0B          | 0B        | 0B         |
|--------|-----------------------------------|-------------|----------|------------|-------------|-----------|------------|
| Docker | dev-peer0.org1.example.co...es-v0 | 7.4MB       | 0.00%    | 157B       | 0B          | 0B        | 0B         |
|--------|-----------------------------------|-------------|----------|------------|-------------|-----------|------------|
| Docker | peer1.org1.example.com            | 182.7MB     | 196.13%  | 7.0MB      | 2.9MB       | 16.0KB    | 11.4MB     |
|--------|-----------------------------------|-------------|----------|------------|-------------|-----------|------------|
| Docker | peer1.org2.example.com            | 182.0MB     | 200.47%  | 7.0MB      | 2.9MB       | 40.0KB    | 11.4MB     |
|--------|-----------------------------------|-------------|----------|------------|-------------|-----------|------------|
| Docker | peer0.org1.example.com            | 173.4MB     | 214.63%  | 6.9MB      | 2.7MB       | 0B        | 11.4MB     |
|--------|-----------------------------------|-------------|----------|------------|-------------|-----------|------------|
| Docker | peer0.org2.example.com            | 182.4MB     | 194.74%  | 6.9MB      | 2.8MB       | 0B        | 11.4MB     |
|--------|-----------------------------------|-------------|----------|------------|-------------|-----------|------------|
| Docker | orderer1.example.com              | 62.7MB      | 114.45%  | 9.0MB      | 13.7MB      | 0B        | 14.8MB     |
|--------|-----------------------------------|-------------|----------|------------|-------------|-----------|------------|
| Docker | orderer0.example.com              | 47.2MB      | 112.44%  | 10.2MB     | 16.7MB      | 104.0KB   | 19.2MB     |
|--------|-----------------------------------|-------------|----------|------------|-------------|-----------|------------|
| Docker | kafka3                            | 345.0MB     | 37.17%   | 6.4MB      | 137.9KB     | 0B        | 4.0KB      |
|--------|-----------------------------------|-------------|----------|------------|-------------|-----------|------------|
| Docker | kafka2                            | 344.3MB     | 36.03%   | 6.7MB      | 134.2KB     | 0B        | 4.0KB      |
|--------|-----------------------------------|-------------|----------|------------|-------------|-----------|------------|
| Docker | kafka0                            | 339.5MB     | 11.61%   | 6.2KB      | 10.7KB      | 0B        | 4.0KB      |
|--------|-----------------------------------|-------------|----------|------------|-------------|-----------|------------|
| Docker | kafka1                            | 404.5MB     | 215.60%  | 7.2MB      | 27.6MB      | 0B        | 4.0KB      |
|--------|-----------------------------------|-------------|----------|------------|-------------|-----------|------------|
| Docker | ca.org2.example.com               | 10.2MB      | 0.00%    | 87B        | 0B          | 0B        | 0B         |
|--------|-----------------------------------|-------------|----------|------------|-------------|-----------|------------|
| Docker | zookeeper1                        | 86.8MB      | 0.19%    | 687B       | 356B        | 0B        | 0B         |
|--------|-----------------------------------|-------------|----------|------------|-------------|-----------|------------|
| Docker | zookeeper0                        | 57.5MB      | 0.57%    | 831B       | 454B        | 0B        | 0B         |
|--------|-----------------------------------|-------------|----------|------------|-------------|-----------|------------|
| Docker | zookeeper2                        | 54.1MB      | 0.15%    | 783B       | 998B        | 0B        | 0B         |
|--------|-----------------------------------|-------------|----------|------------|-------------|-----------|------------|
| Docker | ca.org1.example.com               | 28.5MB      | 0.00%    | 87B        | 0B          | 0B        | 0B         |
+--------+-----------------------------------+-------------+----------+------------+-------------+-----------+------------+
 

2020-06-04T16:34:06+09:00 - INFO [caliper-flow]: Generated report with path /home/oslab/caliper_v0.1.0/report-20200604T073406.html 

2020-06-04T16:34:06+09:00 - INFO [demo.js]: [Transaction Info] - Submitted: 2000 Succ: 2000 Fail:0 Unfinished:0 

2020-06-04T16:34:06+09:00 - INFO [caliper-flow]: 

#######################################
# Test summary: 1 succeeded, 0 failed #
#######################################
 

2020-06-04T16:34:06+09:00 - INFO [caliper-utils]: Executing command: cd /home/oslab/caliper_v0.1.0/caliper/packages/caliper-samples;docker-compose -f network/fabric-v1.4.1/kafka2o2pgoleveldb/docker-compose.yaml down;(test -z \"$(docker ps -aq)\") || docker rm $(docker ps -aq);(test -z \"$(docker images dev* -q)\") || docker rmi $(docker images dev* -q);rm -rf /tmp/hfc-* 

2020-06-04T16:34:06+09:00 - INFO [client-util.js]: Client exited with code null 

2020-06-04T16:34:06+09:00 - INFO [client-util.js]: Client exited with code null 

2020-06-04T16:34:06+09:00 - INFO [client-util.js]: Client exited with code null 

2020-06-04T16:34:06+09:00 - INFO [client-util.js]: Client exited with code null 

2020-06-04T16:34:06+09:00 - INFO [client-util.js]: Client exited with code null 

2020-06-04T16:34:41+09:00 - DEBUG Constructed a winston logger with the specified targets:
	{"consolelogger":{"target":"console","level":"info"},"filelogger":{"target":"daily-rotate-file","level":"debug","filename":"log/caliper-%DATE%.log","datePattern":"YYYY-MM-DD-HH","maxSize":"5m","zippedArchive":true}}

2020-06-04T16:34:42+09:00 - INFO [caliper-flow]: ####### Caliper Test ####### 

2020-06-04T16:34:42+09:00 - INFO [caliper-utils]: Executing command: cd /home/oslab/caliper_v0.1.0/caliper/packages/caliper-samples;docker-compose -f network/fabric-v1.4.1/kafka2o2pgoleveldb/docker-compose.yaml up -d;sleep 3s 

2020-06-04T16:35:06+09:00 - INFO [adapters/fabric]: Fabric SDK version: 1.4.4; TLS: none 

2020-06-04T16:35:06+09:00 - INFO [adapters/fabric]: Org1's registrar enrolled successfully 

2020-06-04T16:35:07+09:00 - INFO [adapters/fabric]: Org2's registrar enrolled successfully 

2020-06-04T16:35:07+09:00 - INFO [adapters/fabric]: Org1's admin's materials are successfully loaded 

2020-06-04T16:35:07+09:00 - INFO [adapters/fabric]: Org2's admin's materials are successfully loaded 

2020-06-04T16:35:07+09:00 - INFO [adapters/fabric]: client0.org1.example.com's materials are successfully loaded 

2020-06-04T16:35:07+09:00 - INFO [adapters/fabric]: client0.org2.example.com's materials are successfully loaded 

2020-06-04T16:35:07+09:00 - INFO [adapters/fabric]: Channel 'mychannel' definiton being retrieved from file 

2020-06-04T16:35:07+09:00 - INFO [adapters/fabric]: Channel 'mychannel' successfully created 

2020-06-04T16:35:07+09:00 - INFO [adapters/fabric]: Sleeping 5s... 

2020-06-04T16:35:12+09:00 - INFO [adapters/fabric]: Org1's peers successfully joined mychannel: peer0.org1.example.com,peer1.org1.example.com 

2020-06-04T16:35:12+09:00 - INFO [adapters/fabric]: Org2's peers successfully joined mychannel: peer0.org2.example.com,peer1.org2.example.com 

2020-06-04T16:35:12+09:00 - INFO [adapters/fabric]: Sleeping 5s... 

2020-06-04T16:35:17+09:00 - INFO [adapters/fabric]: Installing chaincodes for mychannel... 

2020-06-04T16:35:17+09:00 - INFO [adapters/fabric]: marbles@v0 successfully installed on Org1's peers: peer0.org1.example.com,peer1.org1.example.com 

2020-06-04T16:35:17+09:00 - INFO [adapters/fabric]: marbles@v0 successfully installed on Org2's peers: peer0.org2.example.com,peer1.org2.example.com 

2020-06-04T16:35:17+09:00 - INFO [adapters/fabric]: drm@v0 successfully installed on Org1's peers: peer0.org1.example.com,peer1.org1.example.com 

2020-06-04T16:35:17+09:00 - INFO [adapters/fabric]: drm@v0 successfully installed on Org2's peers: peer0.org2.example.com,peer1.org2.example.com 

2020-06-04T16:35:17+09:00 - INFO [adapters/fabric]: simple@v0 successfully installed on Org1's peers: peer0.org1.example.com,peer1.org1.example.com 

2020-06-04T16:35:17+09:00 - INFO [adapters/fabric]: simple@v0 successfully installed on Org2's peers: peer0.org2.example.com,peer1.org2.example.com 

2020-06-04T16:35:17+09:00 - INFO [adapters/fabric]: smallbank@v0 successfully installed on Org1's peers: peer0.org1.example.com,peer1.org1.example.com 

2020-06-04T16:35:17+09:00 - INFO [adapters/fabric]: smallbank@v0 successfully installed on Org2's peers: peer0.org2.example.com,peer1.org2.example.com 

2020-06-04T16:35:17+09:00 - INFO [adapters/fabric]: Instantiating marbles@v0 in mychannel. This might take some time... 

2020-06-04T16:35:36+09:00 - INFO [adapters/fabric]: Successfully instantiated marbles@v0 in mychannel 

2020-06-04T16:35:36+09:00 - INFO [adapters/fabric]: Instantiating drm@v0 in mychannel. This might take some time... 

2020-06-04T16:35:53+09:00 - INFO [adapters/fabric]: Successfully instantiated drm@v0 in mychannel 

2020-06-04T16:35:53+09:00 - INFO [adapters/fabric]: Instantiating simple@v0 in mychannel. This might take some time... 

2020-06-04T16:36:10+09:00 - INFO [adapters/fabric]: Successfully instantiated simple@v0 in mychannel 

2020-06-04T16:36:10+09:00 - INFO [adapters/fabric]: Instantiating smallbank@v0 in mychannel. This might take some time... 

2020-06-04T16:36:28+09:00 - INFO [adapters/fabric]: Successfully instantiated smallbank@v0 in mychannel 

2020-06-04T16:36:28+09:00 - INFO [adapters/fabric]: Sleeping 5s... 

2020-06-04T16:36:33+09:00 - INFO [caliper-flow]: Started monitor successfully 

2020-06-04T16:36:33+09:00 - INFO [defaultTest]: ####### Testing 'smallOperations' ####### 

2020-06-04T16:36:33+09:00 - INFO [defaultTest]: ------ Test round 1 ------ 

2020-06-04T16:36:33+09:00 - INFO [client-util.js]: Launching client with PID  3327 

2020-06-04T16:36:33+09:00 - INFO [client-util.js]: Launching client with PID  3332 

2020-06-04T16:36:33+09:00 - INFO [client-util.js]: Launching client with PID  3338 

2020-06-04T16:36:33+09:00 - INFO [client-util.js]: Launching client with PID  3344 

2020-06-04T16:36:33+09:00 - INFO [client-util.js]: Launching client with PID  3349 

2020-06-04T16:36:33+09:00 - INFO [client-util.js]: Waiting for 5 clients to be ready...  

2020-06-04T16:36:34+09:00 - INFO [demo.js]: [Transaction Info] - Submitted: 0 Succ: 0 Fail:0 Unfinished:0 

2020-06-04T16:36:33+09:00 - DEBUG Constructed a winston logger with the specified targets:
	{"consolelogger":{"target":"console","level":"info"},"filelogger":{"target":"daily-rotate-file","level":"debug","filename":"log/caliper-%DATE%.log","datePattern":"YYYY-MM-DD-HH","maxSize":"5m","zippedArchive":true}}

2020-06-04T16:36:33+09:00 - DEBUG Constructed a winston logger with the specified targets:
	{"consolelogger":{"target":"console","level":"info"},"filelogger":{"target":"daily-rotate-file","level":"debug","filename":"log/caliper-%DATE%.log","datePattern":"YYYY-MM-DD-HH","maxSize":"5m","zippedArchive":true}}

2020-06-04T16:36:33+09:00 - DEBUG Constructed a winston logger with the specified targets:
	{"consolelogger":{"target":"console","level":"info"},"filelogger":{"target":"daily-rotate-file","level":"debug","filename":"log/caliper-%DATE%.log","datePattern":"YYYY-MM-DD-HH","maxSize":"5m","zippedArchive":true}}

2020-06-04T16:36:33+09:00 - DEBUG Constructed a winston logger with the specified targets:
	{"consolelogger":{"target":"console","level":"info"},"filelogger":{"target":"daily-rotate-file","level":"debug","filename":"log/caliper-%DATE%.log","datePattern":"YYYY-MM-DD-HH","maxSize":"5m","zippedArchive":true}}

2020-06-04T16:36:33+09:00 - DEBUG Constructed a winston logger with the specified targets:
	{"consolelogger":{"target":"console","level":"info"},"filelogger":{"target":"daily-rotate-file","level":"debug","filename":"log/caliper-%DATE%.log","datePattern":"YYYY-MM-DD-HH","maxSize":"5m","zippedArchive":true}}

2020-06-04T16:36:34+09:00 - INFO [client-util.js]: Client ready message recieved 

2020-06-04T16:36:34+09:00 - INFO [fabric/fabricClientWorker]: Client ready 

2020-06-04T16:36:34+09:00 - INFO [client-util.js]: Client ready message recieved 

2020-06-04T16:36:34+09:00 - INFO [fabric/fabricClientWorker]: Client ready 

2020-06-04T16:36:34+09:00 - INFO [client-util.js]: Client ready message recieved 

2020-06-04T16:36:34+09:00 - INFO [fabric/fabricClientWorker]: Client ready 

2020-06-04T16:36:35+09:00 - INFO [client-util.js]: Client ready message recieved 

2020-06-04T16:36:35+09:00 - INFO [fabric/fabricClientWorker]: Client ready 

2020-06-04T16:36:35+09:00 - INFO [client-util.js]: Client ready message recieved 

2020-06-04T16:36:35+09:00 - INFO [client-util.js]: 5 clients ready, starting test phase 

2020-06-04T16:36:35+09:00 - INFO [fabric/fabricClientWorker]: Client ready 

2020-06-04T16:36:35+09:00 - DEBUG [local-client.js]: doTest() with:
	{"type":"test","label":"smallOperations","rateControl":{"type":"fixed-rate","opts":{"tps":2000}},"trim":0,"args":{"accounts":400,"txnPerBatch":1},"cb":"benchmark/smallbank/smallbankOperations.js","config":"/home/oslab/caliper_v0.1.0/caliper/packages/caliper-samples/network/fabric-v1.4.1/kafka2o2pgoleveldb/fabric-go.yaml","root":"/home/oslab/caliper_v0.1.0/caliper/packages/caliper-samples","numb":400,"roundIdx":1,"totalClients":5,"clients":5,"clientargs":{},"clientIdx":2}

2020-06-04T16:36:35+09:00 - DEBUG [local-client.js]: doTest() with:
	{"type":"test","label":"smallOperations","rateControl":{"type":"fixed-rate","opts":{"tps":2000}},"trim":0,"args":{"accounts":400,"txnPerBatch":1},"cb":"benchmark/smallbank/smallbankOperations.js","config":"/home/oslab/caliper_v0.1.0/caliper/packages/caliper-samples/network/fabric-v1.4.1/kafka2o2pgoleveldb/fabric-go.yaml","root":"/home/oslab/caliper_v0.1.0/caliper/packages/caliper-samples","numb":400,"roundIdx":1,"totalClients":5,"clients":5,"clientargs":{},"clientIdx":3}

2020-06-04T16:36:35+09:00 - DEBUG [local-client.js]: doTest() with:
	{"type":"test","label":"smallOperations","rateControl":{"type":"fixed-rate","opts":{"tps":2000}},"trim":0,"args":{"accounts":400,"txnPerBatch":1},"cb":"benchmark/smallbank/smallbankOperations.js","config":"/home/oslab/caliper_v0.1.0/caliper/packages/caliper-samples/network/fabric-v1.4.1/kafka2o2pgoleveldb/fabric-go.yaml","root":"/home/oslab/caliper_v0.1.0/caliper/packages/caliper-samples","numb":400,"roundIdx":1,"totalClients":5,"clients":5,"clientargs":{},"clientIdx":1}

2020-06-04T16:36:35+09:00 - DEBUG [local-client.js]: doTest() with:
	{"type":"test","label":"smallOperations","rateControl":{"type":"fixed-rate","opts":{"tps":2000}},"trim":0,"args":{"accounts":400,"txnPerBatch":1},"cb":"benchmark/smallbank/smallbankOperations.js","config":"/home/oslab/caliper_v0.1.0/caliper/packages/caliper-samples/network/fabric-v1.4.1/kafka2o2pgoleveldb/fabric-go.yaml","root":"/home/oslab/caliper_v0.1.0/caliper/packages/caliper-samples","numb":400,"roundIdx":1,"totalClients":5,"clients":5,"clientargs":{},"clientIdx":0}

2020-06-04T16:36:35+09:00 - DEBUG [local-client.js]: doTest() with:
	{"type":"test","label":"smallOperations","rateControl":{"type":"fixed-rate","opts":{"tps":2000}},"trim":0,"args":{"accounts":400,"txnPerBatch":1},"cb":"benchmark/smallbank/smallbankOperations.js","config":"/home/oslab/caliper_v0.1.0/caliper/packages/caliper-samples/network/fabric-v1.4.1/kafka2o2pgoleveldb/fabric-go.yaml","root":"/home/oslab/caliper_v0.1.0/caliper/packages/caliper-samples","numb":400,"roundIdx":1,"totalClients":5,"clients":5,"clientargs":{},"clientIdx":4}

2020-06-04T16:36:35+09:00 - INFO [local-client.js]: txUpdateTime: 1000 

2020-06-04T16:36:35+09:00 - INFO [local-client.js]: txUpdateTime: 1000 

2020-06-04T16:36:35+09:00 - INFO [local-client.js]: txUpdateTime: 1000 

2020-06-04T16:36:35+09:00 - INFO [local-client.js]: txUpdateTime: 1000 

2020-06-04T16:36:35+09:00 - INFO [local-client.js]: txUpdateTime: 1000 

2020-06-04T16:36:35+09:00 - INFO [local-client.js]: Info: client 3349 start test runFixedNumber():small_bank_operations 

2020-06-04T16:36:35+09:00 - DEBUG [rateControl.js]: Creating rate controller for client#4 for round#1
	{"type":"fixed-rate","opts":{"tps":2000}}

2020-06-04T16:36:35+09:00 - INFO [local-client.js]: Info: client 3338 start test runFixedNumber():small_bank_operations 

2020-06-04T16:36:35+09:00 - INFO [local-client.js]: Info: client 3327 start test runFixedNumber():small_bank_operations 

2020-06-04T16:36:35+09:00 - DEBUG [rateControl.js]: Creating rate controller for client#2 for round#1
	{"type":"fixed-rate","opts":{"tps":2000}}

2020-06-04T16:36:35+09:00 - INFO [local-client.js]: Info: client 3344 start test runFixedNumber():small_bank_operations 

2020-06-04T16:36:35+09:00 - DEBUG [rateControl.js]: Creating rate controller for client#0 for round#1
	{"type":"fixed-rate","opts":{"tps":2000}}

2020-06-04T16:36:35+09:00 - DEBUG [rateControl.js]: Creating rate controller for client#3 for round#1
	{"type":"fixed-rate","opts":{"tps":2000}}

2020-06-04T16:36:35+09:00 - INFO [local-client.js]: Info: client 3332 start test runFixedNumber():small_bank_operations 

2020-06-04T16:36:35+09:00 - DEBUG [rateControl.js]: Creating rate controller for client#1 for round#1
	{"type":"fixed-rate","opts":{"tps":2000}}

2020-06-04T16:36:35+09:00 - INFO [demo.js]: [Transaction Info] - Submitted: 0 Succ: 0 Fail:0 Unfinished:0 

2020-06-04T16:36:36+09:00 - INFO [demo.js]: [Transaction Info] - Submitted: 549 Succ: 0 Fail:0 Unfinished:549 

2020-06-04T16:36:37+09:00 - INFO [demo.js]: [Transaction Info] - Submitted: 1193 Succ: 309 Fail:0 Unfinished:884 

2020-06-04T16:36:38+09:00 - INFO [demo.js]: [Transaction Info] - Submitted: 1914 Succ: 1071 Fail:0 Unfinished:843 

2020-06-04T16:36:39+09:00 - DEBUG [report-builder]: r.create.max: 1591256198.211 r.create.min: 1591256195.145 r.final.max: 1591256198.93 r.final.min: 1591256196.521 r.final.last: 1591256198.93 

2020-06-04T16:36:39+09:00 - DEBUG [report-builder]:  throughput for only success time computed: 528.4 

2020-06-04T16:36:39+09:00 - DEBUG [report-builder]: sendTransactionProposal: 0ms length: 2000 

2020-06-04T16:36:39+09:00 - DEBUG [report-builder]: sendTransaction: 0ms 

2020-06-04T16:36:39+09:00 - DEBUG [report-builder]: invokeLatency: 0ms 

2020-06-04T16:36:39+09:00 - INFO [report-builder]: ###test result:### 

2020-06-04T16:36:39+09:00 - INFO [report-builder]: 
+-----------------+------+------+-----------+-------------+-------------+-------------+------------+
| Name            | Succ | Fail | Send Rate | Max Latency | Min Latency | Avg Latency | Throughput |
|-----------------|------|------|-----------|-------------|-------------|-------------|------------|
| smallOperations | 2000 | 0    | 652.3 tps | 1.74 s      | 0.72 s      | 1.18 s      | 528.4 tps  |
+-----------------+------+------+-----------+-------------+-------------+-------------+------------+
 

2020-06-04T16:36:39+09:00 - INFO [report-builder]: ### resource stats ### 

2020-06-04T16:36:39+09:00 - INFO [report-builder]: 
+--------+-----------------------------------+-------------+-------------+----------+----------+------------+-------------+-----------+------------+
| TYPE   | NAME                              | Memory(max) | Memory(avg) | CPU(max) | CPU(avg) | Traffic In | Traffic Out | Disc Read | Disc Write |
|--------|-----------------------------------|-------------|-------------|----------|----------|------------|-------------|-----------|------------|
| Docker | dev-peer1.org1.example.co...nk-v0 | 9.1MB       | 8.0MB       | 18.86%   | 9.43%    | 1.5MB      | 789.4KB     | 0B        | 0B         |
|--------|-----------------------------------|-------------|-------------|----------|----------|------------|-------------|-----------|------------|
| Docker | dev-peer0.org2.example.co...nk-v0 | 8.1MB       | 7.6MB       | 16.91%   | 11.39%   | 1.3MB      | 680.5KB     | 0B        | 0B         |
|--------|-----------------------------------|-------------|-------------|----------|----------|------------|-------------|-----------|------------|
| Docker | dev-peer0.org1.example.co...nk-v0 | 8.7MB       | 8.1MB       | 16.97%   | 11.65%   | 1.4MB      | 698.3KB     | 0B        | 0B         |
|--------|-----------------------------------|-------------|-------------|----------|----------|------------|-------------|-----------|------------|
| Docker | dev-peer1.org2.example.co...nk-v0 | 8.6MB       | 7.9MB       | 18.21%   | 12.13%   | 1.3MB      | 686.6KB     | 0B        | 0B         |
|--------|-----------------------------------|-------------|-------------|----------|----------|------------|-------------|-----------|------------|
| Docker | dev-peer0.org1.example.co...le-v0 | 7.1MB       | 7.1MB       | 0.00%    | 0.00%    | 0B         | 0B          | 0B        | 0B         |
|--------|-----------------------------------|-------------|-------------|----------|----------|------------|-------------|-----------|------------|
| Docker | dev-peer1.org1.example.co...le-v0 | 6.8MB       | 6.8MB       | 0.00%    | 0.00%    | 70B        | 0B          | 0B        | 0B         |
|--------|-----------------------------------|-------------|-------------|----------|----------|------------|-------------|-----------|------------|
| Docker | dev-peer0.org2.example.co...le-v0 | 6.9MB       | 6.9MB       | 0.00%    | 0.00%    | 0B         | 0B          | 0B        | 0B         |
|--------|-----------------------------------|-------------|-------------|----------|----------|------------|-------------|-----------|------------|
| Docker | dev-peer1.org2.example.co...le-v0 | 6.9MB       | 6.9MB       | 0.00%    | 0.00%    | 0B         | 0B          | 0B        | 0B         |
|--------|-----------------------------------|-------------|-------------|----------|----------|------------|-------------|-----------|------------|
| Docker | dev-peer1.org2.example.co...rm-v0 | 7.0MB       | 7.0MB       | 0.00%    | 0.00%    | 0B         | 0B          | 0B        | 0B         |
|--------|-----------------------------------|-------------|-------------|----------|----------|------------|-------------|-----------|------------|
| Docker | dev-peer0.org1.example.co...rm-v0 | 6.8MB       | 6.8MB       | 0.00%    | 0.00%    | 0B         | 0B          | 0B        | 0B         |
|--------|-----------------------------------|-------------|-------------|----------|----------|------------|-------------|-----------|------------|
| Docker | dev-peer1.org1.example.co...rm-v0 | 7.1MB       | 7.1MB       | 0.00%    | 0.00%    | 0B         | 0B          | 0B        | 0B         |
|--------|-----------------------------------|-------------|-------------|----------|----------|------------|-------------|-----------|------------|
| Docker | dev-peer0.org2.example.co...rm-v0 | 7.0MB       | 7.0MB       | 0.00%    | 0.00%    | 0B         | 0B          | 0B        | 0B         |
|--------|-----------------------------------|-------------|-------------|----------|----------|------------|-------------|-----------|------------|
| Docker | dev-peer0.org2.example.co...es-v0 | 6.8MB       | 6.8MB       | 0.00%    | 0.00%    | 0B         | 0B          | 0B        | 0B         |
|--------|-----------------------------------|-------------|-------------|----------|----------|------------|-------------|-----------|------------|
| Docker | dev-peer0.org1.example.co...es-v0 | 7.2MB       | 7.2MB       | 0.02%    | 0.01%    | 70B        | 0B          | 0B        | 0B         |
|--------|-----------------------------------|-------------|-------------|----------|----------|------------|-------------|-----------|------------|
| Docker | dev-peer1.org2.example.co...es-v0 | 7.2MB       | 7.2MB       | 0.00%    | 0.00%    | 107B       | 0B          | 0B        | 0B         |
|--------|-----------------------------------|-------------|-------------|----------|----------|------------|-------------|-----------|------------|
| Docker | dev-peer1.org1.example.co...es-v0 | 7.1MB       | 7.1MB       | 0.00%    | 0.00%    | 107B       | 0B          | 0B        | 0B         |
|--------|-----------------------------------|-------------|-------------|----------|----------|------------|-------------|-----------|------------|
| Docker | peer0.org1.example.com            | 165.9MB     | 161.6MB     | 196.56%  | 115.92%  | 7.4MB      | 2.8MB       | 0B        | 11.9MB     |
|--------|-----------------------------------|-------------|-------------|----------|----------|------------|-------------|-----------|------------|
| Docker | peer0.org2.example.com            | 182.3MB     | 174.0MB     | 207.14%  | 118.18%  | 7.4MB      | 2.8MB       | 0B        | 11.9MB     |
|--------|-----------------------------------|-------------|-------------|----------|----------|------------|-------------|-----------|------------|
| Docker | peer1.org2.example.com            | 182.1MB     | 172.9MB     | 208.64%  | 117.31%  | 7.4MB      | 2.6MB       | 0B        | 11.8MB     |
|--------|-----------------------------------|-------------|-------------|----------|----------|------------|-------------|-----------|------------|
| Docker | peer1.org1.example.com            | 182.1MB     | 165.7MB     | 205.96%  | 116.18%  | 7.5MB      | 2.9MB       | 0B        | 11.9MB     |
|--------|-----------------------------------|-------------|-------------|----------|----------|------------|-------------|-----------|------------|
| Docker | orderer0.example.com              | 46.6MB      | 32.7MB      | 116.28%  | 68.90%   | 9.4MB      | 9.0MB       | 0B        | 16.6MB     |
|--------|-----------------------------------|-------------|-------------|----------|----------|------------|-------------|-----------|------------|
| Docker | orderer1.example.com              | 54.6MB      | 38.6MB      | 107.98%  | 62.98%   | 9.3MB      | 20.3MB      | 0B        | 16.6MB     |
|--------|-----------------------------------|-------------|-------------|----------|----------|------------|-------------|-----------|------------|
| Docker | kafka1                            | 349.3MB     | 344.0MB     | 19.99%   | 14.28%   | 6.2MB      | 90.1KB      | 0B        | 0B         |
|--------|-----------------------------------|-------------|-------------|----------|----------|------------|-------------|-----------|------------|
| Docker | kafka2                            | 340.2MB     | 332.5MB     | 30.12%   | 20.17%   | 6.3MB      | 91.8KB      | 0B        | 4.0KB      |
|--------|-----------------------------------|-------------|-------------|----------|----------|------------|-------------|-----------|------------|
| Docker | kafka3                            | 379.4MB     | 359.6MB     | 178.93%  | 111.73%  | 6.4MB      | 24.7MB      | 0B        | 0B         |
|--------|-----------------------------------|-------------|-------------|----------|----------|------------|-------------|-----------|------------|
| Docker | kafka0                            | 353.9MB     | 353.9MB     | 2.55%    | 2.40%    | 6.1KB      | 10.8KB      | 0B        | 0B         |
|--------|-----------------------------------|-------------|-------------|----------|----------|------------|-------------|-----------|------------|
| Docker | zookeeper1                        | 58.9MB      | 58.5MB      | 0.19%    | 0.16%    | 736B       | 454B        | 0B        | 0B         |
|--------|-----------------------------------|-------------|-------------|----------|----------|------------|-------------|-----------|------------|
| Docker | ca.org1.example.com               | 10.2MB      | 10.2MB      | 0.00%    | 0.00%    | 0B         | 0B          | 0B        | 0B         |
|--------|-----------------------------------|-------------|-------------|----------|----------|------------|-------------|-----------|------------|
| Docker | zookeeper2                        | 55.6MB      | 55.6MB      | 0.22%    | 0.21%    | 668B       | 780B        | 0B        | 0B         |
|--------|-----------------------------------|-------------|-------------|----------|----------|------------|-------------|-----------|------------|
| Docker | ca.org2.example.com               | 9.8MB       | 9.8MB       | 0.00%    | 0.00%    | 0B         | 0B          | 0B        | 0B         |
|--------|-----------------------------------|-------------|-------------|----------|----------|------------|-------------|-----------|------------|
| Docker | zookeeper0                        | 51.6MB      | 51.6MB      | 0.16%    | 0.14%    | 448B       | 270B        | 0B        | 0B         |
+--------+-----------------------------------+-------------+-------------+----------+----------+------------+-------------+-----------+------------+
 

2020-06-04T16:36:39+09:00 - INFO [defaultTest]: ------ Passed 'smallOperations' testing ------ 

2020-06-04T16:36:39+09:00 - INFO [caliper-flow]: ---------- Finished Test ----------
 

2020-06-04T16:36:39+09:00 - INFO [report-builder]: ###all test results:### 

2020-06-04T16:36:39+09:00 - INFO [report-builder]: 
+------+-----------------+------+------+-----------+-------------+-------------+-------------+------------+
| Test | Name            | Succ | Fail | Send Rate | Max Latency | Min Latency | Avg Latency | Throughput |
|------|-----------------|------|------|-----------|-------------|-------------|-------------|------------|
| 1    | smallOperations | 2000 | 0    | 652.3 tps | 1.74 s      | 0.72 s      | 1.18 s      | 528.4 tps  |
+------+-----------------+------+------+-----------+-------------+-------------+-------------+------------+
 

2020-06-04T16:36:39+09:00 - INFO [monitor.js]: 
 ### resource stats (maximum) ### 

2020-06-04T16:36:39+09:00 - INFO [monitor.js]: 
+--------+-----------------------------------+-------------+----------+------------+-------------+-----------+------------+
| TYPE   | NAME                              | Memory(max) | CPU(max) | Traffic In | Traffic Out | Disc Read | Disc Write |
|--------|-----------------------------------|-------------|----------|------------|-------------|-----------|------------|
| Docker | dev-peer1.org1.example.co...nk-v0 | 9.1MB       | 18.86%   | 1.5MB      | 789.4KB     | 0B        | 0B         |
|--------|-----------------------------------|-------------|----------|------------|-------------|-----------|------------|
| Docker | dev-peer0.org2.example.co...nk-v0 | 8.1MB       | 16.91%   | 1.3MB      | 680.5KB     | 0B        | 0B         |
|--------|-----------------------------------|-------------|----------|------------|-------------|-----------|------------|
| Docker | dev-peer0.org1.example.co...nk-v0 | 8.7MB       | 16.97%   | 1.4MB      | 698.3KB     | 0B        | 0B         |
|--------|-----------------------------------|-------------|----------|------------|-------------|-----------|------------|
| Docker | dev-peer1.org2.example.co...nk-v0 | 8.6MB       | 18.21%   | 1.3MB      | 686.6KB     | 0B        | 0B         |
|--------|-----------------------------------|-------------|----------|------------|-------------|-----------|------------|
| Docker | dev-peer0.org1.example.co...le-v0 | 7.1MB       | 0.00%    | 0B         | 0B          | 0B        | 0B         |
|--------|-----------------------------------|-------------|----------|------------|-------------|-----------|------------|
| Docker | dev-peer1.org1.example.co...le-v0 | 6.8MB       | 0.00%    | 70B        | 0B          | 0B        | 0B         |
|--------|-----------------------------------|-------------|----------|------------|-------------|-----------|------------|
| Docker | dev-peer0.org2.example.co...le-v0 | 6.9MB       | 0.00%    | 0B         | 0B          | 0B        | 0B         |
|--------|-----------------------------------|-------------|----------|------------|-------------|-----------|------------|
| Docker | dev-peer1.org2.example.co...le-v0 | 6.9MB       | 0.00%    | 0B         | 0B          | 0B        | 0B         |
|--------|-----------------------------------|-------------|----------|------------|-------------|-----------|------------|
| Docker | dev-peer1.org2.example.co...rm-v0 | 7.0MB       | 0.00%    | 0B         | 0B          | 0B        | 0B         |
|--------|-----------------------------------|-------------|----------|------------|-------------|-----------|------------|
| Docker | dev-peer0.org1.example.co...rm-v0 | 6.8MB       | 0.00%    | 0B         | 0B          | 0B        | 0B         |
|--------|-----------------------------------|-------------|----------|------------|-------------|-----------|------------|
| Docker | dev-peer1.org1.example.co...rm-v0 | 7.1MB       | 0.00%    | 0B         | 0B          | 0B        | 0B         |
|--------|-----------------------------------|-------------|----------|------------|-------------|-----------|------------|
| Docker | dev-peer0.org2.example.co...rm-v0 | 7.0MB       | 0.00%    | 0B         | 0B          | 0B        | 0B         |
|--------|-----------------------------------|-------------|----------|------------|-------------|-----------|------------|
| Docker | dev-peer0.org2.example.co...es-v0 | 6.8MB       | 0.00%    | 0B         | 0B          | 0B        | 0B         |
|--------|-----------------------------------|-------------|----------|------------|-------------|-----------|------------|
| Docker | dev-peer0.org1.example.co...es-v0 | 7.2MB       | 0.02%    | 70B        | 0B          | 0B        | 0B         |
|--------|-----------------------------------|-------------|----------|------------|-------------|-----------|------------|
| Docker | dev-peer1.org2.example.co...es-v0 | 7.2MB       | 0.00%    | 107B       | 0B          | 0B        | 0B         |
|--------|-----------------------------------|-------------|----------|------------|-------------|-----------|------------|
| Docker | dev-peer1.org1.example.co...es-v0 | 7.1MB       | 0.00%    | 107B       | 0B          | 0B        | 0B         |
|--------|-----------------------------------|-------------|----------|------------|-------------|-----------|------------|
| Docker | peer0.org1.example.com            | 165.9MB     | 196.56%  | 7.4MB      | 2.8MB       | 0B        | 11.9MB     |
|--------|-----------------------------------|-------------|----------|------------|-------------|-----------|------------|
| Docker | peer0.org2.example.com            | 182.3MB     | 207.14%  | 7.4MB      | 2.8MB       | 0B        | 11.9MB     |
|--------|-----------------------------------|-------------|----------|------------|-------------|-----------|------------|
| Docker | peer1.org2.example.com            | 182.1MB     | 208.64%  | 7.4MB      | 2.6MB       | 0B        | 11.8MB     |
|--------|-----------------------------------|-------------|----------|------------|-------------|-----------|------------|
| Docker | peer1.org1.example.com            | 182.1MB     | 205.96%  | 7.5MB      | 2.9MB       | 0B        | 11.9MB     |
|--------|-----------------------------------|-------------|----------|------------|-------------|-----------|------------|
| Docker | orderer0.example.com              | 46.6MB      | 116.28%  | 9.4MB      | 9.0MB       | 0B        | 16.6MB     |
|--------|-----------------------------------|-------------|----------|------------|-------------|-----------|------------|
| Docker | orderer1.example.com              | 54.6MB      | 107.98%  | 9.3MB      | 20.3MB      | 0B        | 16.6MB     |
|--------|-----------------------------------|-------------|----------|------------|-------------|-----------|------------|
| Docker | kafka1                            | 349.3MB     | 19.99%   | 6.2MB      | 90.1KB      | 0B        | 0B         |
|--------|-----------------------------------|-------------|----------|------------|-------------|-----------|------------|
| Docker | kafka2                            | 340.2MB     | 30.12%   | 6.3MB      | 91.8KB      | 0B        | 4.0KB      |
|--------|-----------------------------------|-------------|----------|------------|-------------|-----------|------------|
| Docker | kafka3                            | 379.4MB     | 178.93%  | 6.4MB      | 24.7MB      | 0B        | 0B         |
|--------|-----------------------------------|-------------|----------|------------|-------------|-----------|------------|
| Docker | kafka0                            | 353.9MB     | 2.55%    | 6.1KB      | 10.8KB      | 0B        | 0B         |
|--------|-----------------------------------|-------------|----------|------------|-------------|-----------|------------|
| Docker | zookeeper1                        | 58.9MB      | 0.19%    | 736B       | 454B        | 0B        | 0B         |
|--------|-----------------------------------|-------------|----------|------------|-------------|-----------|------------|
| Docker | ca.org1.example.com               | 10.2MB      | 0.00%    | 0B         | 0B          | 0B        | 0B         |
|--------|-----------------------------------|-------------|----------|------------|-------------|-----------|------------|
| Docker | zookeeper2                        | 55.6MB      | 0.22%    | 668B       | 780B        | 0B        | 0B         |
|--------|-----------------------------------|-------------|----------|------------|-------------|-----------|------------|
| Docker | ca.org2.example.com               | 9.8MB       | 0.00%    | 0B         | 0B          | 0B        | 0B         |
|--------|-----------------------------------|-------------|----------|------------|-------------|-----------|------------|
| Docker | zookeeper0                        | 51.6MB      | 0.16%    | 448B       | 270B        | 0B        | 0B         |
+--------+-----------------------------------+-------------+----------+------------+-------------+-----------+------------+
 

2020-06-04T16:36:39+09:00 - INFO [caliper-flow]: Generated report with path /home/oslab/caliper_v0.1.0/report-20200604T073639.html 

2020-06-04T16:36:39+09:00 - INFO [demo.js]: [Transaction Info] - Submitted: 2000 Succ: 2000 Fail:0 Unfinished:0 

2020-06-04T16:36:39+09:00 - INFO [caliper-flow]: 

#######################################
# Test summary: 1 succeeded, 0 failed #
#######################################
 

2020-06-04T16:36:39+09:00 - INFO [caliper-utils]: Executing command: cd /home/oslab/caliper_v0.1.0/caliper/packages/caliper-samples;docker-compose -f network/fabric-v1.4.1/kafka2o2pgoleveldb/docker-compose.yaml down;(test -z \"$(docker ps -aq)\") || docker rm $(docker ps -aq);(test -z \"$(docker images dev* -q)\") || docker rmi $(docker images dev* -q);rm -rf /tmp/hfc-* 

2020-06-04T16:36:39+09:00 - INFO [client-util.js]: Client exited with code null 

2020-06-04T16:36:39+09:00 - INFO [client-util.js]: Client exited with code null 

2020-06-04T16:36:39+09:00 - INFO [client-util.js]: Client exited with code null 

2020-06-04T16:36:39+09:00 - INFO [client-util.js]: Client exited with code null 

2020-06-04T16:36:39+09:00 - INFO [client-util.js]: Client exited with code null 

